
Turn 5
================================================================
warning: entity 1 was directed to use 8 halite to move south, but only 0 halite was available
At command 1 of 3:
>>> 1   m 1 s
    2   m 0 o
    3   g


Turn 8
================================================================
warning: owned entities 3, 2 collided on cell (28, 27) as the result of moves on this turn
At command 1 of 4:
>>> 1   m 3 n
    2   m 1 s
    3   m 2 o


Turn 10
================================================================
warning: entity 1 was directed to use 4 halite to move north, but only 1 halite was available
At command 1 of 3:
>>> 1   m 1 n
    2   m 0 o
    3   g


Turn 12
================================================================
warning: entity 4 was directed to use 6 halite to move south, but only 0 halite was available
At command 1 of 3:
>>> 1   m 4 s
    2   m 1 s
    3   m 0 o


Turn 14
================================================================
warning: entity 1 was directed to use 5 halite to move north, but only 3 halite was available
At command 1 of 3:
>>> 1   m 1 n
    2   m 4 o
    3   m 0 o


Turn 29
================================================================
warning: entity 4 was directed to use 3 halite to move west, but only 0 halite was available
At command 1 of 3:
>>> 1   m 4 w
    2   m 1 e
    3   m 0 s


Turn 37
================================================================
warning: entity 1 was directed to use 4 halite to move south, but only 2 halite was available
At command 1 of 3:
>>> 1   m 1 s
    2   m 4 w
    3   m 0 n

warning: entity 4 was directed to use 7 halite to move west, but only 5 halite was available
At command 2 of 3:
    1   m 1 s
>>> 2   m 4 w
    3   m 0 n


Turn 39
================================================================
warning: entity 0 was directed to use 7 halite to move west, but only 6 halite was available
At command 1 of 3:
>>> 1   m 0 w
    2   m 1 w
    3   m 4 n


Turn 41
================================================================
warning: entity 1 was directed to use 7 halite to move north, but only 2 halite was available
At command 1 of 3:
>>> 1   m 1 n
    2   m 4 e
    3   m 0 o


Turn 42
================================================================
warning: entity 4 was directed to use 8 halite to move east, but only 7 halite was available
At command 1 of 3:
>>> 1   m 4 e
    2   m 1 e
    3   m 0 w


Turn 47
================================================================
warning: entity 4 was directed to use 9 halite to move north, but only 0 halite was available
At command 2 of 3:
    1   m 0 n
>>> 2   m 4 n
    3   m 1 s


Turn 50
================================================================
warning: entity 0 was directed to use 7 halite to move west, but only 2 halite was available
At command 1 of 3:
>>> 1   m 0 w
    2   m 1 e
    3   m 4 e


Turn 51
================================================================
warning: entity 1 was directed to use 6 halite to move west, but only 5 halite was available
At command 1 of 3:
>>> 1   m 1 w
    2   m 4 w
    3   m 0 e

warning: entity 4 was directed to use 9 halite to move west, but only 1 halite was available
At command 2 of 3:
    1   m 1 w
>>> 2   m 4 w
    3   m 0 e


Turn 56
================================================================
warning: entity 0 was directed to use 3 halite to move east, but only 0 halite was available
At command 1 of 3:
>>> 1   m 0 e
    2   m 1 s
    3   m 4 s


Turn 58
================================================================
warning: entity 4 was directed to use 9 halite to move east, but only 0 halite was available
At command 2 of 3:
    1   m 1 w
>>> 2   m 4 e
    3   m 0 w


Turn 60
================================================================
warning: entity 0 was directed to use 5 halite to move north, but only 3 halite was available
At command 3 of 3:
    1   m 1 s
    2   m 4 e
>>> 3   m 0 n


Turn 61
================================================================
warning: entity 1 was directed to use 2 halite to move west, but only 1 halite was available
At command 1 of 3:
>>> 1   m 1 w
    2   m 4 n
    3   m 0 s

warning: entity 4 was directed to use 8 halite to move north, but only 0 halite was available
At command 2 of 3:
    1   m 1 w
>>> 2   m 4 n
    3   m 0 s


Turn 64
================================================================
warning: entity 1 was directed to use 5 halite to move east, but only 1 halite was available
At command 2 of 3:
    1   m 0 e
>>> 2   m 1 e
    3   m 4 e


Turn 66
================================================================
warning: entity 4 was directed to use 7 halite to move west, but only 5 halite was available
At command 2 of 3:
    1   m 0 n
>>> 2   m 4 w
    3   m 1 w


Turn 68
================================================================
warning: entity 0 was directed to use 5 halite to move north, but only 3 halite was available
At command 1 of 3:
>>> 1   m 0 n
    2   m 1 n
    3   m 4 e

warning: entity 1 was directed to use 5 halite to move north, but only 1 halite was available
At command 2 of 3:
    1   m 0 n
>>> 2   m 1 n
    3   m 4 e

warning: owned entities 4, 0 collided on cell (32, 29) as the result of moves on this turn
At command 3 of 3:
    1   m 0 n
    2   m 1 n
>>> 3   m 4 e


Turn 71
================================================================
warning: entity 1 was directed to use 7 halite to move south, but only 6 halite was available
At command 1 of 1:
>>> 1   m 1 s


Turn 104
================================================================
warning: entity 1 was directed to use 4 halite to move north, but only 0 halite was available
At command 1 of 1:
>>> 1   m 1 n


Turn 114
================================================================
warning: entity 1 was directed to use 2 halite to move west, but only 0 halite was available
At command 1 of 1:
>>> 1   m 1 w


Turn 130
================================================================
warning: entity 1 was directed to use 8 halite to move west, but only 4 halite was available
At command 1 of 1:
>>> 1   m 1 w


Turn 134
================================================================
warning: entity 1 was directed to use 7 halite to move north, but only 5 halite was available
At command 1 of 1:
>>> 1   m 1 n


Turn 140
================================================================
warning: entity 1 was directed to use 7 halite to move west, but only 5 halite was available
At command 1 of 1:
>>> 1   m 1 w


Turn 150
================================================================
warning: entity 1 was directed to use 8 halite to move south, but only 0 halite was available
At command 1 of 1:
>>> 1   m 1 s


Turn 163
================================================================
warning: entity 1 was directed to use 2 halite to move east, but only 0 halite was available
At command 1 of 1:
>>> 1   m 1 e


Turn 166
================================================================
warning: entity 1 was directed to use 4 halite to move north, but only 3 halite was available
At command 1 of 1:
>>> 1   m 1 n


Turn 170
================================================================
warning: entity 1 was directed to use 4 halite to move west, but only 2 halite was available
At command 1 of 1:
>>> 1   m 1 w


Turn 175
================================================================
warning: entity 1 was directed to use 6 halite to move south, but only 2 halite was available
At command 1 of 1:
>>> 1   m 1 s


Turn 188
================================================================
warning: entity 1 was directed to use 3 halite to move south, but only 0 halite was available
At command 1 of 1:
>>> 1   m 1 s


Turn 197
================================================================
warning: entity 1 was directed to use 5 halite to move east, but only 1 halite was available
At command 1 of 1:
>>> 1   m 1 e


Turn 204
================================================================
warning: entity 1 was directed to use 4 halite to move west, but only 2 halite was available
At command 1 of 1:
>>> 1   m 1 w


Turn 209
================================================================
warning: entity 1 was directed to use 3 halite to move west, but only 1 halite was available
At command 1 of 1:
>>> 1   m 1 w


Turn 220
================================================================
warning: entity 1 was directed to use 1 halite to move south, but only 0 halite was available
At command 1 of 1:
>>> 1   m 1 s


Turn 226
================================================================
warning: entity 1 was directed to use 3 halite to move south, but only 2 halite was available
At command 1 of 1:
>>> 1   m 1 s


Turn 229
================================================================
warning: entity 1 was directed to use 8 halite to move west, but only 4 halite was available
At command 1 of 1:
>>> 1   m 1 w

