
Turn 3
================================================================
warning: entity 0 was directed to use 1 halite to move west, but only 0 halite was available
At command 1 of 2:
>>> 1   m 0 w
    2   g


Turn 6
================================================================
warning: entity 0 was directed to use 4 halite to move west, but only 2 halite was available
At command 1 of 3:
>>> 1   m 0 w
    2   m 2 e
    3   m 4 o


Turn 8
================================================================
warning: entity 4 was directed to use 4 halite to move east, but only 0 halite was available
At command 3 of 3:
    1   m 0 o
    2   m 2 e
>>> 3   m 4 e


Turn 56
================================================================
warning: entity 7 was directed to use 1 halite to move south, but only 0 halite was available
At command 4 of 4:
    2   m 2 o
    3   m 4 n
>>> 4   m 7 s


Turn 58
================================================================
warning: entity 7 was directed to use 4 halite to move south, but only 3 halite was available
At command 4 of 4:
    2   m 2 o
    3   m 4 e
>>> 4   m 7 s


Turn 64
================================================================
warning: entity 2 was directed to use 3 halite to move east, but only 0 halite was available
At command 2 of 5:
    1   m 0 o
>>> 2   m 2 e
    3   m 4 w
    4   m 7 o


Turn 67
================================================================
warning: entity 9 was directed to use 1 halite to move west, but only 0 halite was available
At command 5 of 5:
    3   m 4 n
    4   m 7 o
>>> 5   m 9 w


Turn 69
================================================================
warning: entity 2 was directed to use 4 halite to move south, but only 2 halite was available
At command 2 of 5:
    1   m 0 o
>>> 2   m 2 s
    3   m 4 e
    4   m 7 o


Turn 70
================================================================
warning: entity 4 was directed to use 2 halite to move south, but only 0 halite was available
At command 3 of 6:
    1   m 0 o
    2   m 2 s
>>> 3   m 4 s
    4   m 7 s
    5   m 9 o


Turn 74
================================================================
warning: entity 10 was directed to use 4 halite to move north, but only 0 halite was available
At command 6 of 6:
    4   m 7 o
    5   m 9 o
>>> 6   m 10 n


Turn 80
================================================================
warning: entity 0 was directed to use 1 halite to move east, but only 0 halite was available
At command 1 of 7:
>>> 1   m 0 e
    2   m 2 o
    3   m 4 o


Turn 83
================================================================
warning: entity 0 was directed to use 2 halite to move south, but only 0 halite was available
At command 1 of 6:
>>> 1   m 0 s
    2   m 4 o
    3   m 7 n


Turn 84
================================================================
warning: entity 12 was directed to use 3 halite to move north, but only 0 halite was available
At command 7 of 7:
    5   m 9 o
    6   m 10 o
>>> 7   m 12 n


Turn 86
================================================================
warning: entity 0 was directed to use 4 halite to move south, but only 3 halite was available
At command 1 of 6:
>>> 1   m 0 s
    2   m 2 o
    3   m 7 n


Turn 90
================================================================
warning: entity 7 was directed to use 1 halite to move west, but only 0 halite was available
At command 4 of 7:
    2   m 2 o
    3   m 4 o
>>> 4   m 7 w
    5   m 9 o
    6   m 10 o


Turn 92
================================================================
warning: entity 0 was directed to use 4 halite to move south, but only 0 halite was available
At command 1 of 7:
>>> 1   m 0 s
    2   m 2 n
    3   m 4 n


Turn 93
================================================================
warning: entity 7 was directed to use 4 halite to move west, but only 1 halite was available
At command 4 of 7:
    2   m 2 o
    3   m 4 n
>>> 4   m 7 w
    5   m 9 o
    6   m 10 o


Turn 101
================================================================
warning: entity 4 was directed to use 3 halite to move south, but only 0 halite was available
At command 2 of 6:
    1   m 0 o
>>> 2   m 4 s
    3   m 7 o
    4   m 9 o


Turn 105
================================================================
warning: entity 2 was directed to use 2 halite to move north, but only 0 halite was available
At command 2 of 7:
    1   m 0 w
>>> 2   m 2 n
    3   m 4 s
    4   m 7 o

warning: entity 4 was directed to use 4 halite to move south, but only 0 halite was available
At command 3 of 7:
    1   m 0 w
    2   m 2 n
>>> 3   m 4 s
    4   m 7 o
    5   m 9 n


Turn 109
================================================================
warning: entity 2 was directed to use 3 halite to move north, but only 0 halite was available
At command 2 of 7:
    1   m 0 o
>>> 2   m 2 n
    3   m 4 o
    4   m 7 o


Turn 113
================================================================
warning: entity 9 was directed to use 1 halite to move north, but only 0 halite was available
At command 4 of 8:
    2   m 2 o
    3   m 4 o
>>> 4   m 9 n
    5   m 10 w
    6   m 12 s


Turn 119
================================================================
warning: entity 10 was directed to use 2 halite to move west, but only 0 halite was available
At command 5 of 8:
    3   m 7 o
    4   m 9 w
>>> 5   m 10 w
    6   m 12 n
    7   m 14 o


Turn 122
================================================================
warning: entity 0 was directed to use 3 halite to move south, but only 0 halite was available
At command 1 of 8:
>>> 1   m 0 s
    2   m 2 o
    3   m 4 o

warning: entity 10 was directed to use 4 halite to move south, but only 2 halite was available
At command 6 of 8:
    4   m 7 o
    5   m 9 n
>>> 6   m 10 s
    7   m 14 o
    8   m 15 e


Turn 125
================================================================
warning: entity 0 was directed to use 4 halite to move south, but only 3 halite was available
At command 1 of 10:
>>> 1   m 0 s
    2   m 2 e
    3   m 4 o


Turn 126
================================================================
warning: entity 12 was directed to use 2 halite to move west, but only 0 halite was available
At command 7 of 10:
    5   m 9 e
    6   m 10 o
>>> 7   m 12 w
    8   m 14 o
    9   m 15 o


Turn 130
================================================================
warning: entity 16 was directed to use 3 halite to move west, but only 2 halite was available
At command 9 of 10:
    7   m 14 o
    8   m 15 o
>>> 9   m 16 w
    10   g


Turn 132
================================================================
warning: entity 7 was directed to use 1 halite to move west, but only 0 halite was available
At command 4 of 11:
    2   m 2 o
    3   m 4 e
>>> 4   m 7 w
    5   m 9 s
    6   m 10 o


Turn 134
================================================================
warning: entity 16 was directed to use 4 halite to move south, but only 3 halite was available
At command 10 of 11:
    8   m 14 s
    9   m 15 o
>>> 10   m 16 s
    11   m 17 e

warning: entity 17 was directed to use 1 halite to move east, but only 0 halite was available
At command 11 of 11:
    9   m 15 o
    10   m 16 s
>>> 11   m 17 e


Turn 135
================================================================
warning: entity 7 was directed to use 3 halite to move south, but only 1 halite was available
At command 4 of 11:
    2   m 2 o
    3   m 4 o
>>> 4   m 7 s
    5   m 9 o
    6   m 10 o


Turn 138
================================================================
warning: entity 7 was directed to use 4 halite to move west, but only 3 halite was available
At command 4 of 11:
    2   m 2 o
    3   m 4 o
>>> 4   m 7 w
    5   m 9 s
    6   m 10 o


Turn 141
================================================================
warning: entity 17 was directed to use 4 halite to move north, but only 2 halite was available
At command 11 of 11:
    9   m 15 o
    10   m 16 s
>>> 11   m 17 n


Turn 143
================================================================
warning: entity 7 was directed to use 3 halite to move south, but only 1 halite was available
At command 4 of 10:
    2   m 2 s
    3   m 4 e
>>> 4   m 7 s
    5   m 9 w
    6   m 10 s


Turn 144
================================================================
warning: entity 9 was directed to use 1 halite to move south, but only 0 halite was available
At command 5 of 11:
    3   m 4 e
    4   m 7 s
>>> 5   m 9 s
    6   m 10 o
    7   m 12 o


Turn 146
================================================================
warning: entity 9 was directed to use 4 halite to move south, but only 3 halite was available
At command 5 of 10:
    3   m 4 n
    4   m 7 w
>>> 5   m 9 s
    6   m 10 o
    7   m 12 o


Turn 147
================================================================
warning: entity 7 was directed to use 4 halite to move east, but only 0 halite was available
At command 4 of 10:
    2   m 2 o
    3   m 4 n
>>> 4   m 7 e
    5   m 9 s
    6   m 10 o


Turn 148
================================================================
warning: entity 14 was directed to use 2 halite to move west, but only 0 halite was available
At command 8 of 11:
    6   m 10 s
    7   m 12 o
>>> 8   m 14 w
    9   m 15 o
    10   m 16 o


Turn 150
================================================================
warning: entity 7 was directed to use 5 halite to move north, but only 3 halite was available
At command 3 of 10:
    1   m 2 s
    2   m 4 n
>>> 3   m 7 n
    4   m 9 s
    5   m 10 o


Turn 152
================================================================
warning: entity 9 was directed to use 4 halite to move south, but only 0 halite was available
At command 5 of 11:
    3   m 4 w
    4   m 7 s
>>> 5   m 9 s
    6   m 10 o
    7   m 12 o

warning: entity 14 was directed to use 3 halite to move south, but only 1 halite was available
At command 8 of 11:
    6   m 10 o
    7   m 12 o
>>> 8   m 14 s
    9   m 15 o
    10   m 16 o


Turn 155
================================================================
warning: entity 7 was directed to use 3 halite to move west, but only 2 halite was available
At command 4 of 12:
    2   m 2 w
    3   m 4 w
>>> 4   m 7 w
    5   m 9 o
    6   m 10 o

warning: entity 14 was directed to use 4 halite to move south, but only 3 halite was available
At command 8 of 12:
    6   m 10 o
    7   m 12 s
>>> 8   m 14 s
    9   m 15 o
    10   m 16 o


Turn 156
================================================================
warning: entity 4 was directed to use 1 halite to move west, but only 0 halite was available
At command 3 of 12:
    1   m 0 n
    2   m 2 w
>>> 3   m 4 w
    4   m 7 e
    5   m 9 o


Turn 159
================================================================
warning: entity 4 was directed to use 4 halite to move south, but only 2 halite was available
At command 3 of 11:
    1   m 0 n
    2   m 2 n
>>> 3   m 4 s
    4   m 7 s
    5   m 9 o


Turn 160
================================================================
warning: entity 7 was directed to use 2 halite to move east, but only 1 halite was available
At command 4 of 11:
    2   m 2 n
    3   m 4 s
>>> 4   m 7 e
    5   m 9 o
    6   m 10 s

warning: entity 14 was directed to use 4 halite to move north, but only 2 halite was available
At command 8 of 11:
    6   m 10 s
    7   m 12 o
>>> 8   m 14 n
    9   m 15 w
    10   m 16 o

warning: entity 18 was directed to use 4 halite to move south, but only 1 halite was available
At command 11 of 11:
    9   m 15 w
    10   m 16 o
>>> 11   m 18 s


Turn 163
================================================================
warning: entity 2 was directed to use 2 halite to move north, but only 0 halite was available
At command 1 of 10:
>>> 1   m 2 n
    2   m 4 s
    3   m 7 w


Turn 164
================================================================
warning: entity 18 was directed to use 3 halite to move south, but only 2 halite was available
At command 12 of 12:
    10   m 16 o
    11   m 17 w
>>> 12   m 18 s


Turn 165
================================================================
warning: entity 17 was directed to use 1 halite to move west, but only 0 halite was available
At command 11 of 12:
    9   m 15 w
    10   m 16 n
>>> 11   m 17 w
    12   m 18 s


Turn 167
================================================================
warning: entity 2 was directed to use 3 halite to move east, but only 0 halite was available
At command 2 of 12:
    1   m 0 o
>>> 2   m 2 e
    3   m 4 e
    4   m 7 o


Turn 168
================================================================
warning: entity 17 was directed to use 3 halite to move south, but only 2 halite was available
At command 11 of 13:
    9   m 15 w
    10   m 16 e
>>> 11   m 17 s
    12   m 18 e
    13   g


Turn 172
================================================================
warning: entity 15 was directed to use 2 halite to move west, but only 0 halite was available
At command 8 of 14:
    6   m 10 e
    7   m 14 o
>>> 8   m 15 w
    9   m 16 o
    10   m 17 s

warning: entity 17 was directed to use 4 halite to move south, but only 3 halite was available
At command 10 of 14:
    8   m 15 w
    9   m 16 o
>>> 10   m 17 s
    11   m 18 o
    12   m 19 w


Turn 174
================================================================
warning: entity 19 was directed to use 3 halite to move south, but only 0 halite was available
At command 12 of 14:
    10   m 17 s
    11   m 18 s
>>> 12   m 19 s
    13   m 20 n
    14   m 21 w


Turn 175
================================================================
warning: entity 4 was directed to use 3 halite to move west, but only 1 halite was available
At command 3 of 15:
    1   m 0 o
    2   m 2 o
>>> 3   m 4 w
    4   m 7 e
    5   m 9 o


Turn 176
================================================================
warning: entity 15 was directed to use 3 halite to move west, but only 0 halite was available
At command 9 of 15:
    7   m 12 n
    8   m 14 o
>>> 9   m 15 w
    10   m 16 n
    11   m 17 s

warning: entity 20 was directed to use 1 halite to move north, but only 0 halite was available
At command 14 of 15:
    12   m 18 o
    13   m 19 s
>>> 14   m 20 n
    15   m 21 w


Turn 177
================================================================
warning: entity 19 was directed to use 4 halite to move south, but only 3 halite was available
At command 13 of 15:
    11   m 17 s
    12   m 18 o
>>> 13   m 19 s
    14   m 20 n
    15   m 21 s


Turn 178
================================================================
warning: entity 21 was directed to use 2 halite to move south, but only 0 halite was available
At command 15 of 15:
    13   m 19 s
    14   m 20 n
>>> 15   m 21 s


Turn 179
================================================================
warning: entity 20 was directed to use 3 halite to move north, but only 1 halite was available
At command 14 of 15:
    12   m 18 o
    13   m 19 s
>>> 14   m 20 n
    15   m 21 s


Turn 181
================================================================
warning: entity 15 was directed to use 1 halite to move north, but only 0 halite was available
At command 8 of 14:
    6   m 12 n
    7   m 14 o
>>> 8   m 15 n
    9   m 16 w
    10   m 17 o

warning: entity 21 was directed to use 3 halite to move south, but only 2 halite was available
At command 14 of 14:
    12   m 19 n
    13   m 20 e
>>> 14   m 21 s


Turn 184
================================================================
warning: entity 19 was directed to use 2 halite to move south, but only 0 halite was available
At command 13 of 16:
    11   m 17 o
    12   m 18 o
>>> 13   m 19 s
    14   m 20 o
    15   m 21 s


Turn 185
================================================================
warning: entity 16 was directed to use 3 halite to move south, but only 0 halite was available
At command 10 of 16:
    8   m 14 o
    9   m 15 o
>>> 10   m 16 s
    11   m 17 o
    12   m 18 s


Turn 188
================================================================
warning: entity 22 was directed to use 1 halite to move west, but only 0 halite was available
At command 15 of 16:
    13   m 20 o
    14   m 21 w
>>> 15   m 22 w
    16   g


Turn 189
================================================================
warning: entity 16 was directed to use 1 halite to move south, but only 0 halite was available
At command 10 of 17:
    8   m 14 o
    9   m 15 o
>>> 10   m 16 s
    11   m 17 o
    12   m 18 e


Turn 190
================================================================
warning: entity 19 was directed to use 2 halite to move north, but only 1 halite was available
At command 12 of 16:
    10   m 17 o
    11   m 18 o
>>> 12   m 19 n
    13   m 20 o
    14   m 21 n

warning: entity 21 was directed to use 2 halite to move north, but only 1 halite was available
At command 14 of 16:
    12   m 19 n
    13   m 20 o
>>> 14   m 21 n
    15   m 22 w
    16   m 23 n


Turn 191
================================================================
warning: entity 16 was directed to use 4 halite to move south, but only 3 halite was available
At command 10 of 17:
    8   m 14 e
    9   m 15 o
>>> 10   m 16 s
    11   m 17 o
    12   m 18 s

warning: entity 22 was directed to use 3 halite to move west, but only 2 halite was available
At command 16 of 17:
    14   m 20 o
    15   m 21 s
>>> 16   m 22 w
    17   m 23 n


Turn 192
================================================================
warning: entity 12 was directed to use 1 halite to move north, but only 0 halite was available
At command 6 of 16:
    4   m 9 n
    5   m 10 n
>>> 6   m 12 n
    7   m 14 e
    8   m 15 o


Turn 194
================================================================
warning: entity 23 was directed to use 4 halite to move east, but only 0 halite was available
At command 17 of 17:
    15   m 21 e
    16   m 22 w
>>> 17   m 23 e


Turn 195
================================================================
warning: entity 12 was directed to use 2 halite to move north, but only 1 halite was available
At command 6 of 15:
    4   m 7 w
    5   m 10 n
>>> 6   m 12 n
    7   m 14 e
    8   m 16 s

warning: entity 21 was directed to use 3 halite to move west, but only 1 halite was available
At command 13 of 15:
    11   m 19 e
    12   m 20 o
>>> 13   m 21 w
    14   m 22 w
    15   m 23 e


Turn 197
================================================================
warning: entity 19 was directed to use 2 halite to move west, but only 0 halite was available
At command 13 of 17:
    11   m 17 o
    12   m 18 e
>>> 13   m 19 w
    14   m 20 o
    15   m 21 o

warning: entity 22 was directed to use 2 halite to move west, but only 1 halite was available
At command 16 of 17:
    14   m 20 o
    15   m 21 o
>>> 16   m 22 w
    17   m 23 e


Turn 198
================================================================
warning: entity 7 was directed to use 1 halite to move west, but only 0 halite was available
At command 4 of 15:
    2   m 2 o
    3   m 4 o
>>> 4   m 7 w
    5   m 9 n
    6   m 12 o

warning: entity 23 was directed to use 4 halite to move east, but only 0 halite was available
At command 15 of 15:
    13   m 21 o
    14   m 22 w
>>> 15   m 23 e


Turn 201
================================================================
warning: entity 7 was directed to use 2 halite to move west, but only 1 halite was available
At command 4 of 17:
    2   m 2 n
    3   m 4 o
>>> 4   m 7 w
    5   m 9 n
    6   m 10 e

warning: entity 22 was directed to use 1 halite to move north, but only 0 halite was available
At command 16 of 17:
    14   m 20 s
    15   m 21 e
>>> 16   m 22 n
    17   m 23 e


Turn 202
================================================================
warning: entity 9 was directed to use 2 halite to move north, but only 0 halite was available
At command 4 of 16:
    2   m 4 o
    3   m 7 w
>>> 4   m 9 n
    5   m 10 e
    6   m 12 n

warning: entity 10 was directed to use 3 halite to move east, but only 0 halite was available
At command 5 of 16:
    3   m 7 w
    4   m 9 n
>>> 5   m 10 e
    6   m 12 n
    7   m 14 n


Turn 203
================================================================
warning: entity 19 was directed to use 2 halite to move west, but only 1 halite was available
At command 13 of 17:
    11   m 17 e
    12   m 18 n
>>> 13   m 19 w
    14   m 20 o
    15   m 21 e


Turn 206
================================================================
warning: entity 7 was directed to use 2 halite to move west, but only 1 halite was available
At command 3 of 16:
    1   m 0 o
    2   m 2 n
>>> 3   m 7 w
    4   m 9 s
    5   m 10 e

warning: entity 9 was directed to use 4 halite to move south, but only 3 halite was available
At command 4 of 16:
    2   m 2 n
    3   m 7 w
>>> 4   m 9 s
    5   m 10 e
    6   m 12 o


Turn 208
================================================================
warning: entity 14 was directed to use 2 halite to move east, but only 0 halite was available
At command 7 of 16:
    5   m 10 e
    6   m 12 o
>>> 7   m 14 e
    8   m 15 e
    9   m 16 o


Turn 209
================================================================
warning: entity 2 was directed to use 2 halite to move north, but only 0 halite was available
At command 2 of 16:
    1   m 0 o
>>> 2   m 2 n
    3   m 7 n
    4   m 9 o

warning: entity 19 was directed to use 4 halite to move south, but only 0 halite was available
At command 12 of 16:
    10   m 17 n
    11   m 18 n
>>> 12   m 19 s
    13   m 20 o
    14   m 21 s


Turn 213
================================================================
warning: entity 2 was directed to use 3 halite to move north, but only 2 halite was available
At command 2 of 15:
    1   m 0 o
>>> 2   m 2 n
    3   m 7 o
    4   m 9 o


Turn 217
================================================================
warning: entity 14 was directed to use 3 halite to move south, but only 0 halite was available
At command 7 of 16:
    5   m 10 o
    6   m 12 o
>>> 7   m 14 s
    8   m 15 o
    9   m 16 o

warning: entity 18 was directed to use 2 halite to move east, but only 0 halite was available
At command 11 of 16:
    9   m 16 o
    10   m 17 n
>>> 11   m 18 e
    12   m 19 e
    13   m 20 o


Turn 218
================================================================
warning: entity 21 was directed to use 1 halite to move west, but only 0 halite was available
At command 13 of 15:
    11   m 19 w
    12   m 20 o
>>> 13   m 21 w
    14   m 22 o
    15   m 23 o


Turn 223
================================================================
warning: entity 24 was directed to use 4 halite to move south, but only 0 halite was available
At command 17 of 17:
    15   m 22 o
    16   m 23 o
>>> 17   m 24 s


Turn 224
================================================================
warning: entity 18 was directed to use 1 halite to move south, but only 0 halite was available
At command 10 of 16:
    8   m 15 s
    9   m 17 o
>>> 10   m 18 s
    11   m 19 s
    12   m 20 o


Turn 226
================================================================
warning: entity 16 was directed to use 1 halite to move west, but only 0 halite was available
At command 8 of 16:
    6   m 14 o
    7   m 15 w
>>> 8   m 16 w
    9   m 17 n
    10   m 18 s

warning: entity 18 was directed to use 4 halite to move south, but only 3 halite was available
At command 10 of 16:
    8   m 16 w
    9   m 17 n
>>> 10   m 18 s
    11   m 19 o
    12   m 20 s


Turn 227
================================================================
warning: entity 24 was directed to use 4 halite to move north, but only 1 halite was available
At command 17 of 17:
    15   m 22 e
    16   m 23 o
>>> 17   m 24 n


Turn 228
================================================================
warning: entity 17 was directed to use 4 halite to move north, but only 1 halite was available
At command 10 of 17:
    8   m 15 e
    9   m 16 w
>>> 10   m 17 n
    11   m 18 o
    12   m 19 o


Turn 229
================================================================
warning: entity 16 was directed to use 5 halite to move south, but only 0 halite was available
At command 9 of 17:
    7   m 14 s
    8   m 15 e
>>> 9   m 16 s
    10   m 17 n
    11   m 18 o


Turn 233
================================================================
warning: entity 0 was directed to use 1 halite to move north, but only 0 halite was available
At command 1 of 17:
>>> 1   m 0 n
    2   m 2 o
    3   m 7 o


Turn 237
================================================================
warning: entity 0 was directed to use 2 halite to move north, but only 0 halite was available
At command 1 of 17:
>>> 1   m 0 n
    2   m 2 o
    3   m 7 e


Turn 238
================================================================
warning: entity 15 was directed to use 1 halite to move north, but only 0 halite was available
At command 8 of 17:
    6   m 12 o
    7   m 14 o
>>> 8   m 15 n
    9   m 16 o
    10   m 17 n


Turn 240
================================================================
warning: entity 0 was directed to use 4 halite to move north, but only 1 halite was available
At command 1 of 17:
>>> 1   m 0 n
    2   m 2 o
    3   m 7 e


Turn 242
================================================================
warning: entity 15 was directed to use 1 halite to move north, but only 0 halite was available
At command 8 of 17:
    6   m 12 o
    7   m 14 o
>>> 8   m 15 n
    9   m 16 w
    10   m 17 o

warning: entity 20 was directed to use 2 halite to move north, but only 0 halite was available
At command 13 of 17:
    11   m 18 o
    12   m 19 w
>>> 13   m 20 n
    14   m 21 o
    15   m 22 o


Turn 244
================================================================
warning: entity 0 was directed to use 4 halite to move east, but only 1 halite was available
At command 1 of 17:
>>> 1   m 0 e
    2   m 2 o
    3   m 7 e

warning: entity 15 was directed to use 5 halite to move north, but only 4 halite was available
At command 8 of 17:
    6   m 12 o
    7   m 14 o
>>> 8   m 15 n
    9   m 16 o
    10   m 17 o

warning: entity 19 was directed to use 3 halite to move west, but only 0 halite was available
At command 12 of 17:
    10   m 17 o
    11   m 18 s
>>> 12   m 19 w
    13   m 20 n
    14   m 21 o


Turn 248
================================================================
warning: entity 19 was directed to use 3 halite to move west, but only 1 halite was available
At command 12 of 17:
    10   m 17 n
    11   m 18 s
>>> 12   m 19 w
    13   m 20 n
    14   m 21 s


Turn 249
================================================================
warning: entity 20 was directed to use 4 halite to move north, but only 0 halite was available
At command 13 of 17:
    11   m 18 s
    12   m 19 w
>>> 13   m 20 n
    14   m 21 s
    15   m 22 o


Turn 250
================================================================
warning: entity 15 was directed to use 4 halite to move south, but only 0 halite was available
At command 7 of 16:
    5   m 12 s
    6   m 14 o
>>> 7   m 15 s
    8   m 16 o
    9   m 17 o


Turn 252
================================================================
warning: entity 19 was directed to use 4 halite to move west, but only 1 halite was available
At command 12 of 17:
    10   m 17 e
    11   m 18 o
>>> 12   m 19 w
    13   m 20 o
    14   m 21 o


Turn 257
================================================================
warning: entity 7 was directed to use 2 halite to move south, but only 0 halite was available
At command 3 of 17:
    1   m 0 o
    2   m 2 o
>>> 3   m 7 s
    4   m 9 e
    5   m 10 w


Turn 260
================================================================
warning: entity 7 was directed to use 4 halite to move south, but only 3 halite was available
At command 2 of 15:
    1   m 0 o
>>> 2   m 7 s
    3   m 9 o
    4   m 10 w


Turn 261
================================================================
warning: entity 23 was directed to use 1 halite to move north, but only 0 halite was available
At command 16 of 17:
    14   m 21 o
    15   m 22 e
>>> 16   m 23 n
    17   m 24 o


Turn 262
================================================================
warning: entity 20 was directed to use 4 halite to move north, but only 0 halite was available
At command 13 of 17:
    11   m 18 o
    12   m 19 o
>>> 13   m 20 n
    14   m 21 o
    15   m 22 s


Turn 265
================================================================
warning: entity 23 was directed to use 3 halite to move north, but only 1 halite was available
At command 16 of 17:
    14   m 21 o
    15   m 22 s
>>> 16   m 23 n
    17   m 24 o


Turn 266
================================================================
warning: entity 7 was directed to use 2 halite to move south, but only 0 halite was available
At command 3 of 17:
    1   m 0 o
    2   m 2 o
>>> 3   m 7 s
    4   m 9 s
    5   m 10 o


Turn 269
================================================================
warning: entity 23 was directed to use 4 halite to move north, but only 3 halite was available
At command 15 of 16:
    13   m 21 o
    14   m 22 n
>>> 15   m 23 n
    16   m 24 o


Turn 274
================================================================
warning: entity 23 was directed to use 4 halite to move north, but only 3 halite was available
At command 15 of 16:
    13   m 21 e
    14   m 22 n
>>> 15   m 23 n
    16   m 24 e


Turn 275
================================================================
warning: entity 22 was directed to use 1 halite to move north, but only 0 halite was available
At command 15 of 17:
    13   m 20 o
    14   m 21 o
>>> 15   m 22 n
    16   m 23 n
    17   m 24 e


Turn 279
================================================================
warning: entity 22 was directed to use 2 halite to move north, but only 1 halite was available
At command 14 of 16:
    12   m 20 e
    13   m 21 o
>>> 14   m 22 n
    15   m 23 o
    16   m 24 o


Turn 281
================================================================
warning: entity 12 was directed to use 1 halite to move west, but only 0 halite was available
At command 6 of 16:
    4   m 9 s
    5   m 10 n
>>> 6   m 12 w
    7   m 14 w
    8   m 15 o


Turn 283
================================================================
warning: entity 22 was directed to use 3 halite to move north, but only 0 halite was available
At command 15 of 17:
    13   m 20 o
    14   m 21 o
>>> 15   m 22 n
    16   m 23 o
    17   m 24 e


Turn 285
================================================================
warning: entity 12 was directed to use 2 halite to move north, but only 1 halite was available
At command 6 of 17:
    4   m 9 w
    5   m 10 n
>>> 6   m 12 n
    7   m 14 w
    8   m 15 o


Turn 287
================================================================
warning: entity 22 was directed to use 5 halite to move east, but only 3 halite was available
At command 14 of 16:
    12   m 20 s
    13   m 21 o
>>> 14   m 22 e
    15   m 23 o
    16   m 24 s


Turn 288
================================================================
warning: entity 12 was directed to use 4 halite to move north, but only 2 halite was available
At command 6 of 17:
    4   m 9 s
    5   m 10 n
>>> 6   m 12 n
    7   m 14 o
    8   m 15 o


Turn 295
================================================================
warning: entity 2 was directed to use 1 halite to move east, but only 0 halite was available
At command 2 of 17:
    1   m 0 w
>>> 2   m 2 e
    3   m 7 o
    4   m 9 w


Turn 296
================================================================
warning: entity 10 was directed to use 1 halite to move north, but only 0 halite was available
At command 4 of 15:
    2   m 7 s
    3   m 9 o
>>> 4   m 10 n
    5   m 12 n
    6   m 14 n


Turn 298
================================================================
warning: entity 2 was directed to use 2 halite to move east, but only 1 halite was available
At command 2 of 17:
    1   m 0 w
>>> 2   m 2 e
    3   m 7 s
    4   m 9 n


Turn 300
================================================================
warning: entity 10 was directed to use 3 halite to move north, but only 1 halite was available
At command 5 of 16:
    3   m 7 s
    4   m 9 w
>>> 5   m 10 n
    6   m 12 o
    7   m 15 s


Turn 303
================================================================
warning: entity 0 was directed to use 1 halite to move west, but only 0 halite was available
At command 1 of 16:
>>> 1   m 0 w
    2   m 2 e
    3   m 7 o

warning: entity 2 was directed to use 4 halite to move east, but only 0 halite was available
At command 2 of 16:
    1   m 0 w
>>> 2   m 2 e
    3   m 7 o
    4   m 9 w

warning: entity 14 was directed to use 4 halite to move east, but only 0 halite was available
At command 7 of 16:
    5   m 10 n
    6   m 12 o
>>> 7   m 14 e
    8   m 15 s
    9   m 16 e


Turn 305
================================================================
warning: entity 10 was directed to use 2 halite to move north, but only 0 halite was available
At command 5 of 17:
    3   m 7 o
    4   m 9 w
>>> 5   m 10 n
    6   m 12 o
    7   m 14 e


Turn 306
================================================================
warning: entity 18 was directed to use 3 halite to move east, but only 0 halite was available
At command 11 of 17:
    9   m 16 e
    10   m 17 s
>>> 11   m 18 e
    12   m 19 e
    13   m 20 s


Turn 307
================================================================
warning: entity 0 was directed to use 1 halite to move west, but only 0 halite was available
At command 1 of 16:
>>> 1   m 0 w
    2   m 2 e
    3   m 7 o

warning: entity 9 was directed to use 1 halite to move west, but only 0 halite was available
At command 4 of 16:
    2   m 2 e
    3   m 7 o
>>> 4   m 9 w
    5   m 10 e
    6   m 12 o


Turn 308
================================================================
warning: entity 10 was directed to use 4 halite to move east, but only 2 halite was available
At command 5 of 17:
    3   m 7 s
    4   m 9 w
>>> 5   m 10 e
    6   m 12 o
    7   m 14 o


Turn 310
================================================================
warning: entity 21 was directed to use 2 halite to move east, but only 0 halite was available
At command 13 of 16:
    11   m 19 e
    12   m 20 s
>>> 13   m 21 e
    14   m 22 o
    15   m 23 s


Turn 311
================================================================
warning: entity 9 was directed to use 2 halite to move west, but only 0 halite was available
At command 4 of 16:
    2   m 2 e
    3   m 7 o
>>> 4   m 9 w
    5   m 10 e
    6   m 12 n


Turn 312
================================================================
warning: entity 0 was directed to use 2 halite to move south, but only 0 halite was available
At command 1 of 17:
>>> 1   m 0 s
    2   m 2 s
    3   m 7 o


Turn 314
================================================================
warning: entity 18 was directed to use 4 halite to move east, but only 3 halite was available
At command 11 of 17:
    9   m 16 n
    10   m 17 n
>>> 11   m 18 e
    12   m 19 e
    13   m 20 s


Turn 316
================================================================
warning: entity 9 was directed to use 1 halite to move west, but only 0 halite was available
At command 4 of 16:
    2   m 2 s
    3   m 7 e
>>> 4   m 9 w
    5   m 12 n
    6   m 14 e


Turn 320
================================================================
warning: entity 17 was directed to use 1 halite to move north, but only 0 halite was available
At command 10 of 17:
    8   m 15 n
    9   m 16 n
>>> 10   m 17 n
    11   m 18 e
    12   m 19 o

warning: entity 18 was directed to use 3 halite to move east, but only 1 halite was available
At command 11 of 17:
    9   m 16 n
    10   m 17 n
>>> 11   m 18 e
    12   m 19 o
    13   m 20 s


Turn 321
================================================================
warning: entity 21 was directed to use 1 halite to move east, but only 0 halite was available
At command 14 of 17:
    12   m 19 n
    13   m 20 s
>>> 14   m 21 e
    15   m 22 o
    16   m 23 o


Turn 323
================================================================
warning: entity 17 was directed to use 2 halite to move north, but only 1 halite was available
At command 10 of 17:
    8   m 15 n
    9   m 16 o
>>> 10   m 17 n
    11   m 18 o
    12   m 19 n

warning: entity 21 was directed to use 4 halite to move east, but only 3 halite was available
At command 14 of 17:
    12   m 19 n
    13   m 20 s
>>> 14   m 21 e
    15   m 22 o
    16   m 23 o


Turn 326
================================================================
warning: entity 24 was directed to use 1 halite to move west, but only 0 halite was available
At command 17 of 17:
    15   m 22 s
    16   m 23 s
>>> 17   m 24 w


Turn 327
================================================================
warning: entity 17 was directed to use 2 halite to move north, but only 1 halite was available
At command 10 of 17:
    8   m 15 n
    9   m 16 o
>>> 10   m 17 n
    11   m 18 e
    12   m 19 n


Turn 328
================================================================
warning: entity 21 was directed to use 4 halite to move east, but only 0 halite was available
At command 14 of 17:
    12   m 19 o
    13   m 20 w
>>> 14   m 21 e
    15   m 22 s
    16   m 23 s


Turn 330
================================================================
warning: entity 24 was directed to use 1 halite to move west, but only 0 halite was available
At command 17 of 17:
    15   m 22 s
    16   m 23 s
>>> 17   m 24 w


Turn 331
================================================================
warning: entity 17 was directed to use 3 halite to move north, but only 2 halite was available
At command 10 of 17:
    8   m 15 n
    9   m 16 o
>>> 10   m 17 n
    11   m 18 o
    12   m 19 n

warning: entity 21 was directed to use 5 halite to move east, but only 4 halite was available
At command 14 of 17:
    12   m 19 n
    13   m 20 w
>>> 14   m 21 e
    15   m 22 o
    16   m 23 s


Turn 335
================================================================
warning: entity 17 was directed to use 3 halite to move north, but only 1 halite was available
At command 9 of 16:
    7   m 15 n
    8   m 16 n
>>> 9   m 17 n
    10   m 18 s
    11   m 19 n

warning: entity 24 was directed to use 2 halite to move south, but only 0 halite was available
At command 16 of 16:
    14   m 22 o
    15   m 23 w
>>> 16   m 24 s


Turn 338
================================================================
warning: entity 7 was directed to use 1 halite to move east, but only 0 halite was available
At command 3 of 17:
    1   m 0 s
    2   m 2 o
>>> 3   m 7 e
    4   m 9 o
    5   m 10 s

warning: entity 20 was directed to use 2 halite to move west, but only 0 halite was available
At command 13 of 17:
    11   m 18 e
    12   m 19 n
>>> 13   m 20 w
    14   m 21 o
    15   m 22 s


Turn 342
================================================================
warning: entity 7 was directed to use 3 halite to move east, but only 1 halite was available
At command 3 of 16:
    1   m 0 s
    2   m 2 o
>>> 3   m 7 e
    4   m 9 s
    5   m 10 w

warning: entity 16 was directed to use 2 halite to move west, but only 0 halite was available
At command 9 of 16:
    7   m 14 o
    8   m 15 n
>>> 9   m 16 w
    10   m 17 o
    11   m 18 o


Turn 345
================================================================
warning: entity 16 was directed to use 4 halite to move south, but only 2 halite was available
At command 9 of 17:
    7   m 14 o
    8   m 15 n
>>> 9   m 16 s
    10   m 17 n
    11   m 18 o

warning: entity 19 was directed to use 1 halite to move west, but only 0 halite was available
At command 12 of 17:
    10   m 17 n
    11   m 18 o
>>> 12   m 19 w
    13   m 20 n
    14   m 21 o

warning: entity 20 was directed to use 4 halite to move north, but only 1 halite was available
At command 13 of 17:
    11   m 18 o
    12   m 19 w
>>> 13   m 20 n
    14   m 21 o
    15   m 22 w


Turn 346
================================================================
warning: entity 7 was directed to use 3 halite to move east, but only 0 halite was available
At command 3 of 17:
    1   m 0 o
    2   m 2 o
>>> 3   m 7 e
    4   m 9 o
    5   m 10 w

warning: entity 23 was directed to use 1 halite to move west, but only 0 halite was available
At command 16 of 17:
    14   m 21 o
    15   m 22 w
>>> 16   m 23 w
    17   m 24 o


Turn 348
================================================================
warning: entity 19 was directed to use 3 halite to move west, but only 0 halite was available
At command 12 of 17:
    10   m 17 o
    11   m 18 o
>>> 12   m 19 w
    13   m 20 n
    14   m 21 o


Turn 349
================================================================
warning: entity 16 was directed to use 4 halite to move south, but only 1 halite was available
At command 9 of 17:
    7   m 14 o
    8   m 15 o
>>> 9   m 16 s
    10   m 17 o
    11   m 18 o

warning: entity 20 was directed to use 4 halite to move north, but only 3 halite was available
At command 13 of 17:
    11   m 18 o
    12   m 19 w
>>> 13   m 20 n
    14   m 21 o
    15   m 22 w


Turn 351
================================================================
warning: entity 7 was directed to use 2 halite to move east, but only 1 halite was available
At command 3 of 16:
    1   m 0 o
    2   m 2 s
>>> 3   m 7 e
    4   m 10 w
    5   m 12 e


Turn 352
================================================================
warning: entity 10 was directed to use 1 halite to move west, but only 0 halite was available
At command 4 of 16:
    2   m 2 o
    3   m 7 e
>>> 4   m 10 w
    5   m 12 e
    6   m 14 o

warning: entity 19 was directed to use 4 halite to move west, but only 1 halite was available
At command 11 of 16:
    9   m 17 o
    10   m 18 o
>>> 11   m 19 w
    12   m 20 o
    13   m 21 e


Turn 353
================================================================
warning: entity 16 was directed to use 4 halite to move south, but only 2 halite was available
At command 8 of 16:
    6   m 14 o
    7   m 15 o
>>> 8   m 16 s
    9   m 17 o
    10   m 18 o


Turn 355
================================================================
warning: entity 7 was directed to use 3 halite to move east, but only 0 halite was available
At command 3 of 16:
    1   m 0 s
    2   m 2 s
>>> 3   m 7 e
    4   m 10 w
    5   m 12 s


Turn 356
================================================================
warning: entity 19 was directed to use 3 halite to move west, but only 1 halite was available
At command 11 of 16:
    9   m 17 o
    10   m 18 o
>>> 11   m 19 w
    12   m 20 o
    13   m 21 o


Turn 357
================================================================
warning: entity 10 was directed to use 1 halite to move north, but only 0 halite was available
At command 4 of 16:
    2   m 2 o
    3   m 7 s
>>> 4   m 10 n
    5   m 12 s
    6   m 14 o


Turn 359
================================================================
warning: entity 7 was directed to use 3 halite to move south, but only 1 halite was available
At command 3 of 16:
    1   m 0 o
    2   m 2 o
>>> 3   m 7 s
    4   m 10 n
    5   m 12 s

warning: entity 16 was directed to use 4 halite to move south, but only 0 halite was available
At command 8 of 16:
    6   m 14 s
    7   m 15 w
>>> 8   m 16 s
    9   m 17 o
    10   m 18 e


Turn 360
================================================================
warning: entity 19 was directed to use 3 halite to move north, but only 2 halite was available
At command 11 of 16:
    9   m 17 o
    10   m 18 o
>>> 11   m 19 n
    12   m 20 n
    13   m 21 o

warning: entity 22 was directed to use 1 halite to move west, but only 0 halite was available
At command 14 of 16:
    12   m 20 n
    13   m 21 o
>>> 14   m 22 w
    15   m 23 o
    16   m 24 s


Turn 361
================================================================
warning: entity 10 was directed to use 5 halite to move north, but only 0 halite was available
At command 4 of 16:
    2   m 2 s
    3   m 7 s
>>> 4   m 10 n
    5   m 12 s
    6   m 14 o


Turn 363
================================================================
warning: entity 7 was directed to use 4 halite to move south, but only 1 halite was available
At command 3 of 16:
    1   m 0 o
    2   m 2 o
>>> 3   m 7 s
    4   m 10 n
    5   m 12 s


Turn 365
================================================================
warning: entity 19 was directed to use 4 halite to move north, but only 0 halite was available
At command 11 of 16:
    9   m 17 e
    10   m 18 o
>>> 11   m 19 n
    12   m 20 o
    13   m 21 e

warning: entity 22 was directed to use 2 halite to move west, but only 0 halite was available
At command 14 of 16:
    12   m 20 o
    13   m 21 e
>>> 14   m 22 w
    15   m 23 o
    16   m 24 s


Turn 366
================================================================
warning: entity 10 was directed to use 4 halite to move north, but only 2 halite was available
At command 4 of 16:
    2   m 2 s
    3   m 7 s
>>> 4   m 10 n
    5   m 12 s
    6   m 14 s


Turn 367
================================================================
warning: entity 7 was directed to use 4 halite to move south, but only 2 halite was available
At command 3 of 16:
    1   m 0 o
    2   m 2 o
>>> 3   m 7 s
    4   m 10 n
    5   m 12 s


Turn 369
================================================================
warning: entity 19 was directed to use 4 halite to move north, but only 3 halite was available
At command 11 of 16:
    9   m 17 e
    10   m 18 o
>>> 11   m 19 n
    12   m 20 n
    13   m 21 e


Turn 371
================================================================
warning: entity 22 was directed to use 4 halite to move south, but only 1 halite was available
At command 14 of 16:
    12   m 20 n
    13   m 21 e
>>> 14   m 22 s
    15   m 23 n
    16   m 24 o


Turn 373
================================================================
warning: entity 10 was directed to use 3 halite to move north, but only 1 halite was available
At command 4 of 14:
    2   m 2 w
    3   m 7 o
>>> 4   m 10 n
    5   m 14 n
    6   m 15 n


Turn 376
================================================================
warning: entity 12 was directed to use 1 halite to move east, but only 0 halite was available
At command 5 of 16:
    3   m 7 o
    4   m 10 n
>>> 5   m 12 e
    6   m 14 o
    7   m 15 o


Turn 377
================================================================
warning: entity 22 was directed to use 4 halite to move south, but only 0 halite was available
At command 13 of 15:
    11   m 20 o
    12   m 21 o
>>> 13   m 22 s
    14   m 23 o
    15   m 24 o


Turn 380
================================================================
warning: entity 10 was directed to use 3 halite to move north, but only 1 halite was available
At command 4 of 16:
    2   m 2 o
    3   m 7 o
>>> 4   m 10 n
    5   m 12 e
    6   m 14 o

warning: entity 22 was directed to use 4 halite to move south, but only 3 halite was available
At command 14 of 16:
    12   m 20 o
    13   m 21 o
>>> 14   m 22 s
    15   m 23 n
    16   m 24 o


Turn 382
================================================================
warning: entity 12 was directed to use 2 halite to move east, but only 0 halite was available
At command 5 of 16:
    3   m 7 o
    4   m 10 o
>>> 5   m 12 e
    6   m 14 o
    7   m 15 n


Turn 384
================================================================
warning: entity 22 was directed to use 4 halite to move west, but only 2 halite was available
At command 14 of 16:
    12   m 20 o
    13   m 21 o
>>> 14   m 22 w
    15   m 23 o
    16   m 24 o


Turn 388
================================================================
warning: entity 22 was directed to use 4 halite to move south, but only 2 halite was available
At command 14 of 16:
    12   m 20 o
    13   m 21 e
>>> 14   m 22 s
    15   m 23 n
    16   m 24 s


Turn 393
================================================================
warning: entity 12 was directed to use 4 halite to move south, but only 3 halite was available
At command 4 of 15:
    2   m 2 w
    3   m 10 o
>>> 4   m 12 s
    5   m 14 o
    6   m 15 o


Turn 398
================================================================
warning: entity 12 was directed to use 2 halite to move south, but only 0 halite was available
At command 5 of 15:
    3   m 7 w
    4   m 10 n
>>> 5   m 12 s
    6   m 14 w
    7   m 15 o


Turn 401
================================================================
warning: entity 12 was directed to use 4 halite to move south, but only 1 halite was available
At command 5 of 16:
    3   m 7 o
    4   m 10 e
>>> 5   m 12 s
    6   m 14 o
    7   m 15 o


Turn 406
================================================================
warning: entity 12 was directed to use 3 halite to move south, but only 0 halite was available
At command 5 of 16:
    3   m 7 w
    4   m 10 e
>>> 5   m 12 s
    6   m 14 w
    7   m 15 o


Turn 410
================================================================
warning: entity 12 was directed to use 4 halite to move south, but only 1 halite was available
At command 5 of 16:
    3   m 7 w
    4   m 10 e
>>> 5   m 12 s
    6   m 14 n
    7   m 15 o


Turn 412
================================================================
warning: entity 12 was directed to use 15 halite to move west, but only 8 halite was available
At command 5 of 16:
    3   m 7 w
    4   m 10 e
>>> 5   m 12 w
    6   m 14 n
    7   m 15 o


Turn 415
================================================================
warning: entity 12 was directed to use 22 halite to move west, but only 17 halite was available
At command 5 of 16:
    3   m 7 w
    4   m 10 s
>>> 5   m 12 w
    6   m 14 n
    7   m 15 n


Turn 421
================================================================
warning: entity 12 was directed to use 20 halite to move west, but only 17 halite was available
At command 5 of 16:
    3   m 7 n
    4   m 10 s
>>> 5   m 12 w
    6   m 14 s
    7   m 15 n


Turn 422
================================================================
warning: entity 16 was directed to use 1 halite to move east, but only 0 halite was available
At command 7 of 15:
    5   m 14 n
    6   m 15 n
>>> 7   m 16 e
    8   m 17 s
    9   m 18 e


Turn 425
================================================================
warning: entity 2 was directed to use 1 halite to move west, but only 0 halite was available
At command 2 of 16:
    1   m 0 n
>>> 2   m 2 w
    3   m 7 n
    4   m 10 s


Turn 426
================================================================
warning: entity 16 was directed to use 2 halite to move east, but only 1 halite was available
At command 8 of 15:
    6   m 14 n
    7   m 15 n
>>> 8   m 16 e
    9   m 17 w
    10   m 18 e


Turn 428
================================================================
warning: entity 2 was directed to use 2 halite to move west, but only 0 halite was available
At command 2 of 16:
    1   m 0 n
>>> 2   m 2 w
    3   m 7 n
    4   m 10 s


Turn 429
================================================================
warning: entity 12 was directed to use 21 halite to move west, but only 2 halite was available
At command 4 of 15:
    2   m 7 n
    3   m 10 s
>>> 4   m 12 w
    5   m 14 n
    6   m 15 n

warning: entity 16 was directed to use 4 halite to move east, but only 3 halite was available
At command 7 of 15:
    5   m 14 n
    6   m 15 n
>>> 7   m 16 e
    8   m 17 w
    9   m 18 o


Turn 430
================================================================
warning: entity 22 was directed to use 3 halite to move west, but only 0 halite was available
At command 14 of 16:
    12   m 20 s
    13   m 21 s
>>> 14   m 22 w
    15   m 23 s
    16   m 24 n


Turn 433
================================================================
warning: entity 0 was directed to use 2 halite to move west, but only 0 halite was available
At command 1 of 15:
>>> 1   m 0 w
    2   m 2 n
    3   m 7 w


Turn 434
================================================================
warning: entity 2 was directed to use 6 halite to move east, but only 5 halite was available
At command 2 of 16:
    1   m 0 o
>>> 2   m 2 e
    3   m 7 n
    4   m 10 s

warning: entity 22 was directed to use 29 halite to move east, but only 3 halite was available
At command 14 of 16:
    12   m 20 s
    13   m 21 w
>>> 14   m 22 e
    15   m 23 s
    16   m 24 n


Turn 435
================================================================
warning: entity 7 was directed to use 1 halite to move east, but only 0 halite was available
At command 3 of 14:
    1   m 0 e
    2   m 2 e
>>> 3   m 7 e
    4   m 10 s
    5   m 12 n

warning: owned entities 20, 17 collided on cell (35, 24) as the result of moves on this turn
At command 11 of 14:
    9   m 18 w
    10   m 19 s
>>> 11   m 20 s
    12   m 21 w
    13   m 22 e


Turn 436
================================================================
warning: entity 14 was directed to use 4 halite to move east, but only 0 halite was available
At command 6 of 14:
    4   m 10 s
    5   m 12 n
>>> 6   m 14 e
    7   m 15 n
    8   m 16 w


Turn 437
================================================================
warning: entity 2 was directed to use 23 halite to move east, but only 10 halite was available
At command 2 of 14:
    1   m 0 e
>>> 2   m 2 e
    3   m 7 e
    4   m 10 s

warning: entity 16 was directed to use 2 halite to move west, but only 1 halite was available
At command 8 of 14:
    6   m 14 e
    7   m 15 s
>>> 8   m 16 w
    9   m 18 w
    10   m 19 s

warning: owned entities 0, 24 collided on cell (31, 31) as the result of moves on this turn
At command 1 of 14:
>>> 1   m 0 e
    2   m 2 e
    3   m 7 e

Other commands that placed an entity on this cell:
    12   m 22 o
    13   m 23 s
>>> 14   m 24 w


Turn 438
================================================================
warning: owned entities 7, 14 collided on cell (31, 31) as the result of moves on this turn
At command 2 of 11:
    1   m 2 e
>>> 2   m 7 s
    3   m 12 n
    4   m 14 n

Other commands that placed an entity on this cell:
    2   m 7 s
    3   m 12 n
>>> 4   m 14 n
    5   m 15 s
    6   m 16 w


Turn 439
================================================================
warning: entity 12 was directed to use 3 halite to move north, but only 2 halite was available
At command 3 of 10:
    1   m 2 e
    2   m 10 o
>>> 3   m 12 n
    4   m 15 s
    5   m 16 w

warning: owned entities 23, 10 collided on cell (35, 24) as the result of moves on this turn
At command 10 of 10:
    8   m 21 w
    9   m 22 e
>>> 10   m 23 s


Turn 441
================================================================
warning: owned entities 2, 22 collided on cell (31, 31) as the result of moves on this turn
At command 1 of 7:
>>> 1   m 2 s
    2   m 12 n
    3   m 15 s


Turn 442
================================================================
warning: entity 16 was directed to use 3 halite to move west, but only 0 halite was available
At command 3 of 5:
    1   m 12 n
    2   m 15 s
>>> 3   m 16 w
    4   m 18 w
    5   m 21 w


Turn 445
================================================================
warning: owned entities 12, 18 collided on cell (31, 31) as the result of moves on this turn
At command 1 of 5:
>>> 1   m 12 e
    2   m 15 s
    3   m 16 w


Turn 446
================================================================
warning: owned entities 16, 21 collided on cell (31, 31) as the result of moves on this turn
At command 2 of 4:
    1   m 15 w
>>> 2   m 16 w
    3   m 19 n
    4   m 21 n

Other commands that placed an entity on this cell:
    2   m 16 w
    3   m 19 n
>>> 4   m 21 n

