
Turn 3
================================================================
warning: entity 0 was directed to use 6 halite to move east, but only 0 halite was available
At command 1 of 1:
>>> 1   m 0 e


Turn 6
================================================================
warning: entity 0 was directed to use 11 halite to move east, but only 5 halite was available
At command 2 of 2:
    1   g
>>> 2   m 0 e


Turn 8
================================================================
warning: entity 2 was directed to use 4 halite to move east, but only 0 halite was available
At command 2 of 2:
    1   m 0 o
>>> 2   m 2 e


Turn 11
================================================================
warning: entity 2 was directed to use 8 halite to move north, but only 2 halite was available
At command 3 of 3:
    1   g
    2   m 0 o
>>> 3   m 2 n


Turn 13
================================================================
warning: entity 2 was directed to use 23 halite to move east, but only 18 halite was available
At command 2 of 3:
    1   m 0 o
>>> 2   m 2 e
    3   m 4 e

warning: entity 4 was directed to use 3 halite to move east, but only 0 halite was available
At command 3 of 3:
    1   m 0 o
    2   m 2 e
>>> 3   m 4 e


Turn 16
================================================================
warning: entity 4 was directed to use 6 halite to move north, but only 0 halite was available
At command 4 of 4:
    2   m 0 o
    3   m 2 o
>>> 4   m 4 n


Turn 18
================================================================
warning: entity 6 was directed to use 11 halite to move west, but only 0 halite was available
At command 4 of 4:
    2   m 2 o
    3   m 4 o
>>> 4   m 6 w


Turn 21
================================================================
warning: entity 6 was directed to use 13 halite to move north, but only 9 halite was available
At command 4 of 4:
    2   m 2 o
    3   m 4 o
>>> 4   m 6 n


Turn 24
================================================================
warning: entity 0 was directed to use 2 halite to move east, but only 0 halite was available
At command 1 of 4:
>>> 1   m 0 e
    2   m 2 o
    3   m 4 o


Turn 26
================================================================
warning: entity 0 was directed to use 7 halite to move east, but only 5 halite was available
At command 1 of 4:
>>> 1   m 0 e
    2   m 2 w
    3   m 4 w

