
Turn 11
================================================================
warning: entity 4 was directed to use 4 halite to move south, but only 0 halite was available
At command 3 of 3:
    1   m 0 o
    2   m 2 n
>>> 3   m 4 s


Turn 17
================================================================
warning: entity 6 was directed to use 2 halite to move east, but only 0 halite was available
At command 4 of 4:
    2   m 2 e
    3   m 4 e
>>> 4   m 6 e


Turn 18
================================================================
warning: entity 2 was directed to use 4 halite to move south, but only 0 halite was available
At command 2 of 4:
    1   m 0 o
>>> 2   m 2 s
    3   m 4 o
    4   m 6 e


Turn 37
================================================================
warning: entity 2 was directed to use 2 halite to move east, but only 0 halite was available
At command 2 of 4:
    1   m 0 o
>>> 2   m 2 e
    3   m 4 o
    4   m 6 o


Turn 41
================================================================
warning: entity 2 was directed to use 3 halite to move south, but only 1 halite was available
At command 2 of 4:
    1   m 0 o
>>> 2   m 2 s
    3   m 4 o
    4   m 6 o


Turn 48
================================================================
warning: entity 0 was directed to use 1 halite to move east, but only 0 halite was available
At command 1 of 3:
>>> 1   m 0 e
    2   m 2 w
    3   m 4 n


Turn 54
================================================================
warning: entity 4 was directed to use 4 halite to move south, but only 1 halite was available
At command 3 of 5:
    1   m 0 s
    2   m 2 o
>>> 3   m 4 s
    4   m 6 o
    5   m 9 e


Turn 55
================================================================
warning: entity 9 was directed to use 2 halite to move north, but only 0 halite was available
At command 5 of 5:
    3   m 4 s
    4   m 6 n
>>> 5   m 9 n


Turn 60
================================================================
warning: entity 0 was directed to use 1 halite to move south, but only 0 halite was available
At command 1 of 5:
>>> 1   m 0 s
    2   m 2 o
    3   m 4 o


Turn 62
================================================================
warning: entity 6 was directed to use 1 halite to move east, but only 0 halite was available
At command 4 of 6:
    2   m 2 n
    3   m 4 o
>>> 4   m 6 e
    5   m 9 o
    6   m 11 w


Turn 63
================================================================
warning: entity 11 was directed to use 4 halite to move west, but only 0 halite was available
At command 6 of 6:
    4   m 6 e
    5   m 9 s
>>> 6   m 11 w


Turn 66
================================================================
warning: entity 2 was directed to use 3 halite to move north, but only 0 halite was available
At command 2 of 7:
    1   m 0 o
>>> 2   m 2 n
    3   m 4 o
    4   m 6 n


Turn 83
================================================================
warning: entity 4 was directed to use 4 halite to move south, but only 0 halite was available
At command 3 of 6:
    1   m 0 o
    2   m 2 o
>>> 3   m 4 s
    4   m 6 n
    5   m 9 o


Turn 86
================================================================
warning: entity 4 was directed to use 3 halite to move east, but only 0 halite was available
At command 3 of 7:
    1   m 0 o
    2   m 2 e
>>> 3   m 4 e
    4   m 6 n
    5   m 9 o


Turn 90
================================================================
warning: entity 6 was directed to use 4 halite to move south, but only 0 halite was available
At command 3 of 6:
    1   m 0 o
    2   m 4 o
>>> 3   m 6 s
    4   m 9 w
    5   m 11 n


Turn 92
================================================================
warning: entity 2 was directed to use 2 halite to move west, but only 0 halite was available
At command 2 of 8:
    1   m 0 w
>>> 2   m 2 w
    3   m 4 o
    4   m 6 s


Turn 95
================================================================
warning: entity 13 was directed to use 1 halite to move west, but only 0 halite was available
At command 8 of 8:
    6   m 11 o
    7   m 12 w
>>> 8   m 13 w


Turn 98
================================================================
warning: entity 13 was directed to use 4 halite to move north, but only 0 halite was available
At command 8 of 8:
    6   m 11 o
    7   m 12 o
>>> 8   m 13 n


Turn 99
================================================================
warning: entity 9 was directed to use 2 halite to move north, but only 0 halite was available
At command 5 of 8:
    3   m 4 o
    4   m 6 o
>>> 5   m 9 n
    6   m 11 o
    7   m 12 w


Turn 106
================================================================
warning: entity 0 was directed to use 1 halite to move south, but only 0 halite was available
At command 1 of 8:
>>> 1   m 0 s
    2   m 2 e
    3   m 4 e


Turn 109
================================================================
warning: entity 0 was directed to use 3 halite to move north, but only 0 halite was available
At command 1 of 9:
>>> 1   m 0 n
    2   m 2 e
    3   m 4 o

warning: entity 12 was directed to use 1 halite to move east, but only 0 halite was available
At command 7 of 9:
    5   m 9 o
    6   m 11 o
>>> 7   m 12 e
    8   m 13 o
    9   g


Turn 111
================================================================
warning: entity 14 was directed to use 1 halite to move west, but only 0 halite was available
At command 9 of 10:
    7   m 12 o
    8   m 13 n
>>> 9   m 14 w
    10   g


Turn 113
================================================================
warning: entity 14 was directed to use 4 halite to move west, but only 3 halite was available
At command 9 of 10:
    7   m 12 s
    8   m 13 o
>>> 9   m 14 w
    10   m 15 w


Turn 117
================================================================
warning: entity 15 was directed to use 3 halite to move west, but only 0 halite was available
At command 10 of 10:
    8   m 13 n
    9   m 14 w
>>> 10   m 15 w


Turn 119
================================================================
warning: entity 2 was directed to use 1 halite to move east, but only 0 halite was available
At command 2 of 10:
    1   m 0 e
>>> 2   m 2 e
    3   m 4 o
    4   m 6 w


Turn 120
================================================================
warning: entity 15 was directed to use 4 halite to move north, but only 3 halite was available
At command 10 of 11:
    8   m 13 o
    9   m 14 o
>>> 10   m 15 n
    11   g


Turn 121
================================================================
warning: entity 2 was directed to use 4 halite to move east, but only 3 halite was available
At command 2 of 10:
    1   m 0 s
>>> 2   m 2 e
    3   m 4 o
    4   m 6 o

warning: entity 11 was directed to use 3 halite to move west, but only 0 halite was available
At command 5 of 10:
    3   m 4 o
    4   m 6 o
>>> 5   m 11 w
    6   m 12 o
    7   m 13 o


Turn 125
================================================================
warning: entity 11 was directed to use 3 halite to move north, but only 1 halite was available
At command 6 of 11:
    4   m 6 n
    5   m 9 o
>>> 6   m 11 n
    7   m 12 w
    8   m 13 o

warning: entity 16 was directed to use 2 halite to move west, but only 0 halite was available
At command 11 of 11:
    9   m 14 o
    10   m 15 o
>>> 11   m 16 w


Turn 129
================================================================
warning: entity 11 was directed to use 5 halite to move north, but only 1 halite was available
At command 5 of 10:
    3   m 4 w
    4   m 9 s
>>> 5   m 11 n
    6   m 12 n
    7   m 13 e

warning: entity 16 was directed to use 4 halite to move west, but only 0 halite was available
At command 10 of 10:
    8   m 14 o
    9   m 15 o
>>> 10   m 16 w


Turn 132
================================================================
warning: entity 6 was directed to use 2 halite to move west, but only 0 halite was available
At command 4 of 10:
    2   m 2 e
    3   m 4 o
>>> 4   m 6 w
    5   m 11 n
    6   m 12 n


Turn 134
================================================================
warning: entity 11 was directed to use 5 halite to move west, but only 0 halite was available
At command 6 of 11:
    4   m 6 w
    5   m 9 w
>>> 6   m 11 w
    7   m 12 n
    8   m 13 o


Turn 135
================================================================
warning: entity 9 was directed to use 1 halite to move west, but only 0 halite was available
At command 5 of 10:
    3   m 4 o
    4   m 6 w
>>> 5   m 9 w
    6   m 11 w
    7   m 13 e


Turn 137
================================================================
warning: entity 6 was directed to use 4 halite to move west, but only 0 halite was available
At command 4 of 11:
    2   m 2 o
    3   m 4 o
>>> 4   m 6 w
    5   m 9 w
    6   m 11 s


Turn 138
================================================================
warning: entity 11 was directed to use 4 halite to move north, but only 2 halite was available
At command 5 of 10:
    3   m 6 w
    4   m 9 o
>>> 5   m 11 n
    6   m 12 w
    7   m 13 o

warning: entity 12 was directed to use 1 halite to move west, but only 0 halite was available
At command 6 of 10:
    4   m 9 o
    5   m 11 n
>>> 6   m 12 w
    7   m 13 o
    8   m 14 o


Turn 142
================================================================
warning: entity 0 was directed to use 1 halite to move west, but only 0 halite was available
At command 1 of 11:
>>> 1   m 0 w
    2   m 2 o
    3   m 4 w

warning: entity 11 was directed to use 4 halite to move south, but only 3 halite was available
At command 6 of 11:
    4   m 6 o
    5   m 9 n
>>> 6   m 11 s
    7   m 12 w
    8   m 13 s

warning: entity 12 was directed to use 2 halite to move west, but only 1 halite was available
At command 7 of 11:
    5   m 9 n
    6   m 11 s
>>> 7   m 12 w
    8   m 13 s
    9   m 14 e


Turn 145
================================================================
warning: entity 4 was directed to use 1 halite to move west, but only 0 halite was available
At command 3 of 13:
    1   m 0 w
    2   m 2 w
>>> 3   m 4 w
    4   m 6 o
    5   m 9 o


Turn 146
================================================================
warning: entity 0 was directed to use 3 halite to move north, but only 1 halite was available
At command 1 of 13:
>>> 1   m 0 n
    2   m 2 w
    3   m 4 w

warning: entity 21 was directed to use 4 halite to move north, but only 0 halite was available
At command 12 of 13:
    10   m 15 e
    11   m 16 n
>>> 12   m 21 n
    13   m 22 s


Turn 148
================================================================
warning: entity 22 was directed to use 3 halite to move north, but only 0 halite was available
At command 12 of 12:
    10   m 16 o
    11   m 21 n
>>> 12   m 22 n


Turn 149
================================================================
warning: entity 4 was directed to use 2 halite to move north, but only 1 halite was available
At command 3 of 13:
    1   m 0 o
    2   m 2 s
>>> 3   m 4 n
    4   m 6 o
    5   m 9 n


Turn 152
================================================================
warning: entity 22 was directed to use 1 halite to move west, but only 0 halite was available
At command 13 of 13:
    11   m 16 o
    12   m 21 o
>>> 13   m 22 w


Turn 153
================================================================
warning: entity 14 was directed to use 4 halite to move north, but only 0 halite was available
At command 8 of 12:
    6   m 11 o
    7   m 12 o
>>> 8   m 14 n
    9   m 15 o
    10   m 16 o


Turn 154
================================================================
warning: entity 4 was directed to use 1 halite to move west, but only 0 halite was available
At command 3 of 13:
    1   m 0 w
    2   m 2 n
>>> 3   m 4 w
    4   m 6 e
    5   m 9 o


Turn 155
================================================================
warning: entity 22 was directed to use 3 halite to move north, but only 1 halite was available
At command 12 of 12:
    10   m 16 o
    11   m 21 n
>>> 12   m 22 n


Turn 157
================================================================
warning: entity 13 was directed to use 1 halite to move north, but only 0 halite was available
At command 8 of 13:
    6   m 11 o
    7   m 12 e
>>> 8   m 13 n
    9   m 14 n
    10   m 15 o

warning: entity 14 was directed to use 4 halite to move north, but only 0 halite was available
At command 9 of 13:
    7   m 12 e
    8   m 13 n
>>> 9   m 14 n
    10   m 15 o
    11   m 16 o


Turn 158
================================================================
warning: entity 4 was directed to use 1 halite to move south, but only 0 halite was available
At command 3 of 12:
    1   m 0 o
    2   m 2 o
>>> 3   m 4 s
    4   m 6 w
    5   m 9 o


Turn 163
================================================================
warning: entity 2 was directed to use 1 halite to move west, but only 0 halite was available
At command 2 of 14:
    1   m 0 o
>>> 2   m 2 w
    3   m 4 o
    4   m 6 e


Turn 168
================================================================
warning: entity 15 was directed to use 5 halite to move north, but only 2 halite was available
At command 9 of 13:
    7   m 13 o
    8   m 14 o
>>> 9   m 15 n
    10   m 16 s
    11   m 21 o

warning: entity 23 was directed to use 4 halite to move north, but only 2 halite was available
At command 13 of 13:
    11   m 21 o
    12   m 22 n
>>> 13   m 23 n


Turn 173
================================================================
warning: entity 6 was directed to use 1 halite to move west, but only 0 halite was available
At command 4 of 14:
    2   m 2 o
    3   m 4 o
>>> 4   m 6 w
    5   m 9 n
    6   m 11 o


Turn 174
================================================================
warning: entity 15 was directed to use 4 halite to move north, but only 0 halite was available
At command 10 of 14:
    8   m 13 o
    9   m 14 o
>>> 10   m 15 n
    11   m 16 s
    12   m 21 o


Turn 176
================================================================
warning: entity 9 was directed to use 4 halite to move north, but only 0 halite was available
At command 5 of 14:
    3   m 4 o
    4   m 6 n
>>> 5   m 9 n
    6   m 11 s
    7   m 12 n


Turn 177
================================================================
warning: entity 6 was directed to use 3 halite to move north, but only 1 halite was available
At command 4 of 12:
    2   m 2 o
    3   m 4 o
>>> 4   m 6 n
    5   m 9 n
    6   m 11 n


Turn 179
================================================================
warning: entity 12 was directed to use 3 halite to move east, but only 1 halite was available
At command 7 of 15:
    5   m 9 n
    6   m 11 o
>>> 7   m 12 e
    8   m 13 o
    9   m 14 o


Turn 181
================================================================
warning: entity 9 was directed to use 5 halite to move north, but only 0 halite was available
At command 4 of 14:
    2   m 4 o
    3   m 6 n
>>> 4   m 9 n
    5   m 11 e
    6   m 12 e


Turn 182
================================================================
warning: entity 16 was directed to use 1 halite to move north, but only 0 halite was available
At command 11 of 16:
    9   m 14 e
    10   m 15 o
>>> 11   m 16 n
    12   m 21 o
    13   m 22 o


Turn 185
================================================================
warning: entity 16 was directed to use 3 halite to move north, but only 0 halite was available
At command 10 of 16:
    8   m 13 n
    9   m 14 o
>>> 10   m 16 n
    11   m 21 s
    12   m 22 o


Turn 186
================================================================
warning: entity 27 was directed to use 3 halite to move west, but only 2 halite was available
At command 15 of 17:
    13   m 22 o
    14   m 23 o
>>> 15   m 27 w
    16   m 28 e
    17   m 29 n

warning: entity 28 was directed to use 3 halite to move east, but only 0 halite was available
At command 16 of 17:
    14   m 23 o
    15   m 27 w
>>> 16   m 28 e
    17   m 29 n


Turn 188
================================================================
warning: entity 29 was directed to use 2 halite to move east, but only 0 halite was available
At command 17 of 17:
    15   m 27 w
    16   m 28 e
>>> 17   m 29 e


Turn 189
================================================================
warning: entity 28 was directed to use 4 halite to move east, but only 3 halite was available
At command 16 of 18:
    14   m 23 o
    15   m 27 n
>>> 16   m 28 e
    17   m 29 e
    18   g


Turn 191
================================================================
warning: entity 27 was directed to use 4 halite to move north, but only 0 halite was available
At command 14 of 17:
    12   m 21 s
    13   m 23 o
>>> 14   m 27 n
    15   m 28 e
    16   m 29 e

warning: entity 29 was directed to use 3 halite to move east, but only 1 halite was available
At command 16 of 17:
    14   m 27 n
    15   m 28 e
>>> 16   m 29 e
    17   m 31 n


Turn 193
================================================================
warning: entity 31 was directed to use 2 halite to move north, but only 0 halite was available
At command 18 of 18:
    16   m 28 o
    17   m 29 e
>>> 18   m 31 n


Turn 195
================================================================
warning: entity 0 was directed to use 2 halite to move north, but only 0 halite was available
At command 1 of 17:
>>> 1   m 0 n
    2   m 2 e
    3   m 4 s

warning: entity 16 was directed to use 3 halite to move west, but only 2 halite was available
At command 11 of 17:
    9   m 14 s
    10   m 15 e
>>> 11   m 16 w
    12   m 21 s
    13   m 22 o


Turn 196
================================================================
warning: entity 27 was directed to use 5 halite to move north, but only 3 halite was available
At command 15 of 18:
    13   m 22 o
    14   m 23 e
>>> 15   m 27 n
    16   m 28 o
    17   m 29 o


Turn 197
================================================================
warning: entity 31 was directed to use 4 halite to move north, but only 2 halite was available
At command 16 of 16:
    14   m 28 e
    15   m 29 o
>>> 16   m 31 n


Turn 198
================================================================
warning: entity 0 was directed to use 4 halite to move north, but only 2 halite was available
At command 1 of 18:
>>> 1   m 0 n
    2   m 2 n
    3   m 4 s


Turn 201
================================================================
warning: entity 31 was directed to use 4 halite to move south, but only 2 halite was available
At command 17 of 17:
    15   m 28 o
    16   m 29 o
>>> 17   m 31 s


Turn 203
================================================================
warning: entity 2 was directed to use 2 halite to move north, but only 1 halite was available
At command 2 of 19:
    1   m 0 n
>>> 2   m 2 n
    3   m 4 w
    4   m 6 o


Turn 204
================================================================
warning: entity 0 was directed to use 3 halite to move east, but only 2 halite was available
At command 1 of 20:
>>> 1   m 0 e
    2   m 2 n
    3   m 4 e


Turn 206
================================================================
warning: entity 21 was directed to use 1 halite to move west, but only 0 halite was available
At command 12 of 20:
    10   m 15 w
    11   m 16 o
>>> 12   m 21 w
    13   m 22 s
    14   m 23 s


Turn 208
================================================================
warning: entity 34 was directed to use 1 halite to move west, but only 0 halite was available
At command 20 of 20:
    18   m 31 o
    19   m 32 w
>>> 20   m 34 w


Turn 211
================================================================
warning: entity 15 was directed to use 1 halite to move north, but only 0 halite was available
At command 9 of 19:
    7   m 12 s
    8   m 13 s
>>> 9   m 15 n
    10   m 16 o
    11   m 21 o

warning: entity 32 was directed to use 2 halite to move north, but only 1 halite was available
At command 18 of 19:
    16   m 29 o
    17   m 31 n
>>> 18   m 32 n
    19   m 34 n

warning: entity 34 was directed to use 4 halite to move north, but only 1 halite was available
At command 19 of 19:
    17   m 31 n
    18   m 32 n
>>> 19   m 34 n


Turn 214
================================================================
warning: entity 14 was directed to use 2 halite to move north, but only 0 halite was available
At command 8 of 19:
    6   m 12 s
    7   m 13 s
>>> 8   m 14 n
    9   m 15 n
    10   m 16 o

warning: entity 15 was directed to use 3 halite to move north, but only 0 halite was available
At command 9 of 19:
    7   m 13 s
    8   m 14 n
>>> 9   m 15 n
    10   m 16 o
    11   m 21 s


Turn 215
================================================================
warning: entity 34 was directed to use 3 halite to move north, but only 2 halite was available
At command 19 of 19:
    17   m 31 o
    18   m 32 n
>>> 19   m 34 n


Turn 217
================================================================
warning: entity 15 was directed to use 3 halite to move north, but only 2 halite was available
At command 10 of 20:
    8   m 13 n
    9   m 14 w
>>> 10   m 15 n
    11   m 16 e
    12   m 21 s


Turn 218
================================================================
warning: entity 32 was directed to use 1 halite to move north, but only 0 halite was available
At command 18 of 19:
    16   m 29 o
    17   m 31 o
>>> 18   m 32 n
    19   m 34 n


Turn 219
================================================================
warning: entity 4 was directed to use 1 halite to move north, but only 0 halite was available
At command 3 of 20:
    1   m 0 o
    2   m 2 o
>>> 3   m 4 n
    4   m 6 n
    5   m 9 o

warning: entity 34 was directed to use 5 halite to move east, but only 3 halite was available
At command 20 of 20:
    18   m 31 o
    19   m 32 n
>>> 20   m 34 e


Turn 220
================================================================
warning: entity 14 was directed to use 4 halite to move north, but only 3 halite was available
At command 8 of 19:
    6   m 12 e
    7   m 13 e
>>> 8   m 14 n
    9   m 15 n
    10   m 16 o

warning: entity 32 was directed to use 4 halite to move north, but only 3 halite was available
At command 18 of 19:
    16   m 29 o
    17   m 31 o
>>> 18   m 32 n
    19   m 34 o


Turn 223
================================================================
warning: entity 4 was directed to use 4 halite to move north, but only 0 halite was available
At command 3 of 19:
    1   m 0 e
    2   m 2 o
>>> 3   m 4 n
    4   m 6 n
    5   m 9 s

warning: entity 15 was directed to use 4 halite to move north, but only 1 halite was available
At command 9 of 19:
    7   m 13 s
    8   m 14 n
>>> 9   m 15 n
    10   m 16 o
    11   m 21 o


Turn 225
================================================================
warning: entity 6 was directed to use 2 halite to move north, but only 0 halite was available
At command 4 of 19:
    2   m 2 o
    3   m 4 n
>>> 4   m 6 n
    5   m 9 o
    6   m 12 w


Turn 228
================================================================
warning: entity 15 was directed to use 4 halite to move north, but only 0 halite was available
At command 9 of 19:
    7   m 13 n
    8   m 14 n
>>> 9   m 15 n
    10   m 16 n
    11   m 21 o


Turn 231
================================================================
warning: entity 12 was directed to use 1 halite to move west, but only 0 halite was available
At command 6 of 19:
    4   m 6 e
    5   m 9 n
>>> 6   m 12 w
    7   m 13 n
    8   m 14 n

warning: entity 14 was directed to use 2 halite to move north, but only 1 halite was available
At command 8 of 19:
    6   m 12 w
    7   m 13 n
>>> 8   m 14 n
    9   m 15 n
    10   m 16 s


Turn 232
================================================================
warning: entity 6 was directed to use 4 halite to move north, but only 3 halite was available
At command 4 of 18:
    2   m 2 o
    3   m 4 n
>>> 4   m 6 n
    5   m 9 s
    6   m 12 w

warning: entity 13 was directed to use 1 halite to move north, but only 0 halite was available
At command 7 of 18:
    5   m 9 s
    6   m 12 w
>>> 7   m 13 n
    8   m 14 n
    9   m 15 e

warning: entity 15 was directed to use 4 halite to move east, but only 0 halite was available
At command 9 of 18:
    7   m 13 n
    8   m 14 n
>>> 9   m 15 e
    10   m 16 s
    11   m 21 o


Turn 234
================================================================
warning: entity 12 was directed to use 4 halite to move south, but only 2 halite was available
At command 5 of 18:
    3   m 4 w
    4   m 6 o
>>> 5   m 12 s
    6   m 13 n
    7   m 14 n

warning: entity 14 was directed to use 5 halite to move north, but only 2 halite was available
At command 7 of 18:
    5   m 12 s
    6   m 13 n
>>> 7   m 14 n
    8   m 15 o
    9   m 16 s


Turn 236
================================================================
warning: entity 13 was directed to use 2 halite to move north, but only 0 halite was available
At command 7 of 19:
    5   m 9 n
    6   m 12 s
>>> 7   m 13 n
    8   m 14 e
    9   m 15 o


Turn 237
================================================================
warning: entity 23 was directed to use 1 halite to move west, but only 0 halite was available
At command 13 of 18:
    11   m 21 o
    12   m 22 w
>>> 13   m 23 w
    14   m 28 w
    15   m 29 e


Turn 239
================================================================
warning: entity 9 was directed to use 3 halite to move north, but only 0 halite was available
At command 5 of 19:
    3   m 4 e
    4   m 6 n
>>> 5   m 9 n
    6   m 12 o
    7   m 13 e


Turn 240
================================================================
warning: entity 14 was directed to use 2 halite to move north, but only 1 halite was available
At command 8 of 17:
    6   m 12 s
    7   m 13 e
>>> 8   m 14 n
    9   m 15 o
    10   m 16 s


Turn 241
================================================================
warning: entity 13 was directed to use 3 halite to move east, but only 2 halite was available
At command 7 of 19:
    5   m 9 n
    6   m 12 s
>>> 7   m 13 e
    8   m 14 n
    9   m 15 o


Turn 242
================================================================
warning: entity 27 was directed to use 3 halite to move north, but only 0 halite was available
At command 14 of 19:
    12   m 22 n
    13   m 23 o
>>> 14   m 27 n
    15   m 28 s
    16   m 29 e


Turn 243
================================================================
warning: entity 9 was directed to use 1 halite to move north, but only 0 halite was available
At command 5 of 18:
    3   m 4 s
    4   m 6 s
>>> 5   m 9 n
    6   m 12 o
    7   m 13 e


Turn 244
================================================================
warning: entity 14 was directed to use 3 halite to move south, but only 0 halite was available
At command 6 of 17:
    4   m 12 o
    5   m 13 e
>>> 6   m 14 s
    7   m 15 o
    8   m 16 n


Turn 245
================================================================
warning: entity 32 was directed to use 2 halite to move west, but only 0 halite was available
At command 18 of 19:
    16   m 29 o
    17   m 31 o
>>> 18   m 32 w
    19   m 34 o


Turn 247
================================================================
warning: entity 9 was directed to use 3 halite to move east, but only 2 halite was available
At command 5 of 18:
    3   m 4 n
    4   m 6 e
>>> 5   m 9 e
    6   m 12 o
    7   m 13 o

warning: entity 27 was directed to use 4 halite to move north, but only 2 halite was available
At command 14 of 18:
    12   m 22 o
    13   m 23 o
>>> 14   m 27 n
    15   m 28 w
    16   m 31 o

warning: entity 28 was directed to use 1 halite to move west, but only 0 halite was available
At command 15 of 18:
    13   m 23 o
    14   m 27 n
>>> 15   m 28 w
    16   m 31 o
    17   m 32 w


Turn 249
================================================================
warning: entity 0 was directed to use 2 halite to move east, but only 0 halite was available
At command 1 of 19:
>>> 1   m 0 e
    2   m 2 o
    3   m 4 o


Turn 250
================================================================
warning: entity 32 was directed to use 3 halite to move north, but only 1 halite was available
At command 18 of 19:
    16   m 29 n
    17   m 31 e
>>> 18   m 32 n
    19   m 34 o


Turn 252
================================================================
warning: entity 0 was directed to use 3 halite to move east, but only 1 halite was available
At command 1 of 18:
>>> 1   m 0 e
    2   m 2 s
    3   m 4 e


Turn 253
================================================================
warning: entity 29 was directed to use 1 halite to move north, but only 0 halite was available
At command 16 of 19:
    14   m 27 n
    15   m 28 n
>>> 16   m 29 n
    17   m 31 o
    18   m 32 o


Turn 254
================================================================
warning: entity 28 was directed to use 2 halite to move north, but only 0 halite was available
At command 15 of 19:
    13   m 23 o
    14   m 27 e
>>> 15   m 28 n
    16   m 29 n
    17   m 31 o


Turn 256
================================================================
warning: entity 0 was directed to use 4 halite to move east, but only 2 halite was available
At command 1 of 19:
>>> 1   m 0 e
    2   m 2 o
    3   m 4 o

warning: entity 27 was directed to use 1 halite to move north, but only 0 halite was available
At command 14 of 19:
    12   m 22 e
    13   m 23 s
>>> 14   m 27 n
    15   m 28 n
    16   m 29 n


Turn 257
================================================================
warning: entity 16 was directed to use 1 halite to move north, but only 0 halite was available
At command 10 of 19:
    8   m 14 o
    9   m 15 o
>>> 10   m 16 n
    11   m 21 o
    12   m 22 e

warning: entity 29 was directed to use 1 halite to move north, but only 0 halite was available
At command 16 of 19:
    14   m 27 n
    15   m 28 n
>>> 16   m 29 n
    17   m 31 o
    18   m 32 n


Turn 258
================================================================
warning: entity 28 was directed to use 4 halite to move north, but only 0 halite was available
At command 15 of 19:
    13   m 23 o
    14   m 27 n
>>> 15   m 28 n
    16   m 29 n
    17   m 31 o


Turn 259
================================================================
warning: entity 27 was directed to use 4 halite to move east, but only 2 halite was available
At command 14 of 19:
    12   m 22 o
    13   m 23 o
>>> 14   m 27 e
    15   m 28 n
    16   m 29 n


Turn 260
================================================================
warning: entity 29 was directed to use 3 halite to move north, but only 0 halite was available
At command 15 of 17:
    13   m 27 e
    14   m 28 n
>>> 15   m 29 n
    16   m 32 o
    17   m 34 s


Turn 261
================================================================
warning: entity 16 was directed to use 2 halite to move north, but only 1 halite was available
At command 10 of 18:
    8   m 14 o
    9   m 15 o
>>> 10   m 16 n
    11   m 21 e
    12   m 23 o


Turn 262
================================================================
warning: entity 2 was directed to use 1 halite to move north, but only 0 halite was available
At command 2 of 19:
    1   m 0 o
>>> 2   m 2 n
    3   m 4 o
    4   m 6 w


Turn 263
================================================================
warning: entity 27 was directed to use 3 halite to move west, but only 2 halite was available
At command 13 of 18:
    11   m 22 s
    12   m 23 o
>>> 13   m 27 w
    14   m 28 n
    15   m 29 n

warning: entity 28 was directed to use 3 halite to move north, but only 0 halite was available
At command 14 of 18:
    12   m 23 o
    13   m 27 w
>>> 14   m 28 n
    15   m 29 n
    16   m 31 s


Turn 264
================================================================
warning: entity 29 was directed to use 4 halite to move east, but only 1 halite was available
At command 16 of 19:
    14   m 27 n
    15   m 28 n
>>> 16   m 29 e
    17   m 31 s
    18   m 32 o


Turn 265
================================================================
warning: entity 2 was directed to use 4 halite to move north, but only 1 halite was available
At command 2 of 19:
    1   m 0 s
>>> 2   m 2 n
    3   m 4 e
    4   m 6 n


Turn 266
================================================================
warning: entity 16 was directed to use 2 halite to move north, but only 1 halite was available
At command 10 of 19:
    8   m 14 o
    9   m 15 o
>>> 10   m 16 n
    11   m 21 o
    12   m 22 s


Turn 268
================================================================
warning: entity 28 was directed to use 4 halite to move east, but only 3 halite was available
At command 15 of 19:
    13   m 23 o
    14   m 27 o
>>> 15   m 28 e
    16   m 29 w
    17   m 31 w


Turn 269
================================================================
warning: entity 6 was directed to use 3 halite to move north, but only 1 halite was available
At command 4 of 19:
    2   m 2 o
    3   m 4 o
>>> 4   m 6 n
    5   m 9 o
    6   m 12 o


Turn 270
================================================================
warning: entity 16 was directed to use 3 halite to move east, but only 1 halite was available
At command 10 of 19:
    8   m 14 o
    9   m 15 o
>>> 10   m 16 e
    11   m 21 n
    12   m 22 w


Turn 273
================================================================
warning: entity 22 was directed to use 1 halite to move west, but only 0 halite was available
At command 12 of 19:
    10   m 16 o
    11   m 21 n
>>> 12   m 22 w
    13   m 23 e
    14   m 27 o


Turn 276
================================================================
warning: entity 22 was directed to use 1 halite to move north, but only 0 halite was available
At command 11 of 18:
    9   m 15 s
    10   m 21 n
>>> 11   m 22 n
    12   m 23 e
    13   m 27 o

warning: entity 29 was directed to use 4 halite to move east, but only 0 halite was available
At command 15 of 18:
    13   m 27 o
    14   m 28 o
>>> 15   m 29 e
    16   m 31 n
    17   m 32 o


Turn 277
================================================================
warning: entity 31 was directed to use 1 halite to move north, but only 0 halite was available
At command 17 of 18:
    15   m 28 o
    16   m 29 e
>>> 17   m 31 n
    18   m 32 o


Turn 279
================================================================
warning: entity 34 was directed to use 1 halite to move west, but only 0 halite was available
At command 18 of 18:
    16   m 31 n
    17   m 32 o
>>> 18   m 34 w


Turn 280
================================================================
warning: entity 31 was directed to use 2 halite to move north, but only 0 halite was available
At command 16 of 18:
    14   m 27 o
    15   m 29 o
>>> 16   m 31 n
    17   m 32 o
    18   m 34 w


Turn 281
================================================================
warning: entity 22 was directed to use 4 halite to move north, but only 0 halite was available
At command 12 of 19:
    10   m 16 s
    11   m 21 n
>>> 12   m 22 n
    13   m 23 n
    14   m 27 o

warning: entity 34 was directed to use 4 halite to move north, but only 3 halite was available
At command 19 of 19:
    17   m 31 n
    18   m 32 n
>>> 19   m 34 n


Turn 285
================================================================
warning: entity 22 was directed to use 4 halite to move north, but only 1 halite was available
At command 11 of 18:
    9   m 16 s
    10   m 21 n
>>> 11   m 22 n
    12   m 23 n
    13   m 27 o


Turn 286
================================================================
warning: entity 15 was directed to use 1 halite to move west, but only 0 halite was available
At command 9 of 19:
    7   m 13 o
    8   m 14 w
>>> 9   m 15 w
    10   m 16 o
    11   m 21 o


Turn 287
================================================================
warning: entity 31 was directed to use 2 halite to move east, but only 0 halite was available
At command 16 of 18:
    14   m 28 o
    15   m 29 o
>>> 16   m 31 e
    17   m 32 n
    18   m 34 o


Turn 289
================================================================
warning: entity 22 was directed to use 4 halite to move north, but only 2 halite was available
At command 12 of 18:
    10   m 16 w
    11   m 21 n
>>> 12   m 22 n
    13   m 27 o
    14   m 28 o


Turn 290
================================================================
warning: entity 15 was directed to use 2 halite to move west, but only 0 halite was available
At command 9 of 19:
    7   m 13 o
    8   m 14 n
>>> 9   m 15 w
    10   m 16 w
    11   m 21 n

warning: entity 21 was directed to use 4 halite to move north, but only 3 halite was available
At command 11 of 19:
    9   m 15 w
    10   m 16 w
>>> 11   m 21 n
    12   m 22 n
    13   m 23 n


Turn 291
================================================================
warning: entity 14 was directed to use 1 halite to move north, but only 0 halite was available
At command 8 of 19:
    6   m 12 o
    7   m 13 n
>>> 8   m 14 n
    9   m 15 w
    10   m 16 w


Turn 294
================================================================
warning: entity 14 was directed to use 2 halite to move north, but only 0 halite was available
At command 7 of 18:
    5   m 12 n
    6   m 13 w
>>> 7   m 14 n
    8   m 15 o
    9   m 16 w


Turn 295
================================================================
warning: entity 16 was directed to use 3 halite to move west, but only 0 halite was available
At command 10 of 19:
    8   m 14 n
    9   m 15 o
>>> 10   m 16 w
    11   m 21 n
    12   m 22 o


Turn 296
================================================================
warning: entity 23 was directed to use 1 halite to move north, but only 0 halite was available
At command 13 of 19:
    11   m 21 e
    12   m 22 o
>>> 13   m 23 n
    14   m 27 o
    15   m 28 s


Turn 298
================================================================
warning: entity 21 was directed to use 3 halite to move east, but only 0 halite was available
At command 11 of 19:
    9   m 15 o
    10   m 16 w
>>> 11   m 21 e
    12   m 22 o
    13   m 23 n


Turn 300
================================================================
warning: entity 14 was directed to use 1 halite to move east, but only 0 halite was available
At command 8 of 19:
    6   m 12 n
    7   m 13 s
>>> 8   m 14 e
    9   m 15 o
    10   m 16 n

warning: entity 16 was directed to use 4 halite to move north, but only 1 halite was available
At command 10 of 19:
    8   m 14 e
    9   m 15 o
>>> 10   m 16 n
    11   m 21 e
    12   m 22 n

warning: entity 23 was directed to use 3 halite to move north, but only 2 halite was available
At command 13 of 19:
    11   m 21 e
    12   m 22 n
>>> 13   m 23 n
    14   m 27 e
    15   m 28 w


Turn 303
================================================================
warning: entity 14 was directed to use 4 halite to move west, but only 3 halite was available
At command 8 of 19:
    6   m 12 n
    7   m 13 w
>>> 8   m 14 w
    9   m 15 o
    10   m 16 w


Turn 304
================================================================
warning: entity 16 was directed to use 4 halite to move north, but only 2 halite was available
At command 10 of 18:
    8   m 14 w
    9   m 15 o
>>> 10   m 16 n
    11   m 22 o
    12   m 23 n


Turn 305
================================================================
warning: entity 4 was directed to use 2 halite to move west, but only 0 halite was available
At command 3 of 18:
    1   m 0 o
    2   m 2 o
>>> 3   m 4 w
    4   m 9 o
    5   m 12 n


Turn 306
================================================================
warning: entity 23 was directed to use 4 halite to move east, but only 2 halite was available
At command 12 of 18:
    10   m 21 o
    11   m 22 o
>>> 12   m 23 e
    13   m 27 s
    14   m 28 o


Turn 308
================================================================
warning: entity 6 was directed to use 1 halite to move north, but only 0 halite was available
At command 4 of 18:
    2   m 2 s
    3   m 4 n
>>> 4   m 6 n
    5   m 9 w
    6   m 12 n

warning: entity 12 was directed to use 1 halite to move north, but only 0 halite was available
At command 6 of 18:
    4   m 6 n
    5   m 9 w
>>> 6   m 12 n
    7   m 13 w
    8   m 14 o


Turn 311
================================================================
warning: entity 4 was directed to use 3 halite to move north, but only 2 halite was available
At command 3 of 18:
    1   m 0 o
    2   m 2 s
>>> 3   m 4 n
    4   m 6 n
    5   m 9 w

warning: entity 28 was directed to use 1 halite to move west, but only 0 halite was available
At command 14 of 18:
    12   m 23 e
    13   m 27 o
>>> 14   m 28 w
    15   m 29 s
    16   m 31 o


Turn 312
================================================================
warning: entity 6 was directed to use 4 halite to move north, but only 2 halite was available
At command 4 of 19:
    2   m 2 s
    3   m 4 n
>>> 4   m 6 n
    5   m 9 w
    6   m 12 n


Turn 313
================================================================
warning: entity 12 was directed to use 1 halite to move north, but only 0 halite was available
At command 6 of 19:
    4   m 6 n
    5   m 9 w
>>> 6   m 12 n
    7   m 13 w
    8   m 14 o


Turn 315
================================================================
warning: entity 4 was directed to use 3 halite to move north, but only 1 halite was available
At command 3 of 19:
    1   m 0 n
    2   m 2 s
>>> 3   m 4 n
    4   m 6 n
    5   m 9 o

warning: entity 28 was directed to use 4 halite to move west, but only 2 halite was available
At command 15 of 19:
    13   m 23 o
    14   m 27 e
>>> 15   m 28 w
    16   m 29 o
    17   m 31 o


Turn 316
================================================================
warning: entity 13 was directed to use 2 halite to move north, but only 0 halite was available
At command 7 of 19:
    5   m 9 n
    6   m 12 n
>>> 7   m 13 n
    8   m 14 s
    9   m 15 o


Turn 317
================================================================
warning: entity 6 was directed to use 4 halite to move north, but only 1 halite was available
At command 4 of 19:
    2   m 2 w
    3   m 4 n
>>> 4   m 6 n
    5   m 9 n
    6   m 12 e

warning: entity 12 was directed to use 2 halite to move east, but only 0 halite was available
At command 6 of 19:
    4   m 6 n
    5   m 9 n
>>> 6   m 12 e
    7   m 13 n
    8   m 14 o


Turn 319
================================================================
warning: entity 4 was directed to use 3 halite to move north, but only 0 halite was available
At command 3 of 18:
    1   m 0 n
    2   m 2 w
>>> 3   m 4 n
    4   m 6 n
    5   m 9 n

warning: entity 9 was directed to use 3 halite to move north, but only 0 halite was available
At command 5 of 18:
    3   m 4 n
    4   m 6 n
>>> 5   m 9 n
    6   m 12 e
    7   m 13 n


Turn 320
================================================================
warning: entity 28 was directed to use 5 halite to move north, but only 2 halite was available
At command 15 of 19:
    13   m 23 o
    14   m 27 w
>>> 15   m 28 n
    16   m 29 w
    17   m 31 o


Turn 321
================================================================
warning: entity 6 was directed to use 4 halite to move north, but only 0 halite was available
At command 4 of 19:
    2   m 2 s
    3   m 4 n
>>> 4   m 6 n
    5   m 9 n
    6   m 12 e


Turn 323
================================================================
warning: entity 9 was directed to use 4 halite to move north, but only 3 halite was available
At command 3 of 17:
    1   m 4 o
    2   m 6 n
>>> 3   m 9 n
    4   m 12 o
    5   m 13 o

warning: entity 21 was directed to use 2 halite to move north, but only 0 halite was available
At command 9 of 17:
    7   m 15 o
    8   m 16 w
>>> 9   m 21 n
    10   m 22 o
    11   m 23 e


Turn 327
================================================================
warning: entity 9 was directed to use 3 halite to move east, but only 2 halite was available
At command 4 of 17:
    2   m 2 w
    3   m 4 o
>>> 4   m 9 e
    5   m 12 o
    6   m 13 o

warning: entity 21 was directed to use 3 halite to move north, but only 2 halite was available
At command 10 of 17:
    8   m 15 o
    9   m 16 o
>>> 10   m 21 n
    11   m 22 o
    12   m 23 o


Turn 328
================================================================
warning: entity 2 was directed to use 1 halite to move west, but only 0 halite was available
At command 2 of 19:
    1   m 0 w
>>> 2   m 2 w
    3   m 4 o
    4   m 6 e


Turn 331
================================================================
warning: entity 0 was directed to use 1 halite to move west, but only 0 halite was available
At command 1 of 19:
>>> 1   m 0 w
    2   m 2 o
    3   m 4 o

warning: entity 21 was directed to use 4 halite to move east, but only 0 halite was available
At command 11 of 19:
    9   m 15 o
    10   m 16 o
>>> 11   m 21 e
    12   m 22 o
    13   m 23 o

warning: entity 27 was directed to use 1 halite to move north, but only 0 halite was available
At command 14 of 19:
    12   m 22 o
    13   m 23 o
>>> 14   m 27 n
    15   m 28 o
    16   m 29 n


Turn 334
================================================================
warning: entity 9 was directed to use 4 halite to move north, but only 1 halite was available
At command 5 of 17:
    3   m 4 o
    4   m 6 o
>>> 5   m 9 n
    6   m 13 o
    7   m 14 w

warning: entity 29 was directed to use 1 halite to move north, but only 0 halite was available
At command 14 of 17:
    12   m 27 n
    13   m 28 n
>>> 14   m 29 n
    15   m 31 s
    16   m 32 e


Turn 335
================================================================
warning: entity 21 was directed to use 4 halite to move east, but only 1 halite was available
At command 9 of 16:
    7   m 13 o
    8   m 16 o
>>> 9   m 21 e
    10   m 22 s
    11   m 27 w

warning: entity 27 was directed to use 2 halite to move west, but only 0 halite was available
At command 11 of 16:
    9   m 21 e
    10   m 22 s
>>> 11   m 27 w
    12   m 28 o
    13   m 29 n


Turn 338
================================================================
warning: entity 29 was directed to use 1 halite to move east, but only 0 halite was available
At command 15 of 18:
    13   m 27 o
    14   m 28 n
>>> 15   m 29 e
    16   m 31 o
    17   m 32 s


Turn 340
================================================================
warning: entity 14 was directed to use 1 halite to move west, but only 0 halite was available
At command 8 of 17:
    6   m 12 s
    7   m 13 o
>>> 8   m 14 w
    9   m 16 o
    10   m 21 o


Turn 343
================================================================
warning: entity 14 was directed to use 3 halite to move west, but only 0 halite was available
At command 8 of 18:
    6   m 12 w
    7   m 13 o
>>> 8   m 14 w
    9   m 16 o
    10   m 21 o


Turn 344
================================================================
warning: entity 29 was directed to use 3 halite to move east, but only 1 halite was available
At command 15 of 18:
    13   m 27 o
    14   m 28 o
>>> 15   m 29 e
    16   m 31 o
    17   m 32 n


Turn 346
================================================================
warning: entity 32 was directed to use 2 halite to move north, but only 0 halite was available
At command 17 of 18:
    15   m 29 e
    16   m 31 w
>>> 17   m 32 n
    18   m 34 s


Turn 347
================================================================
warning: entity 14 was directed to use 3 halite to move west, but only 0 halite was available
At command 8 of 18:
    6   m 12 w
    7   m 13 o
>>> 8   m 14 w
    9   m 16 n
    10   m 21 o


Turn 348
================================================================
warning: entity 29 was directed to use 3 halite to move east, but only 2 halite was available
At command 14 of 17:
    12   m 27 o
    13   m 28 o
>>> 14   m 29 e
    15   m 31 w
    16   m 32 n


Turn 350
================================================================
warning: entity 22 was directed to use 1 halite to move north, but only 0 halite was available
At command 11 of 18:
    9   m 16 n
    10   m 21 o
>>> 11   m 22 n
    12   m 23 s
    13   m 27 o


Turn 351
================================================================
warning: entity 32 was directed to use 3 halite to move north, but only 1 halite was available
At command 16 of 17:
    14   m 29 o
    15   m 31 w
>>> 16   m 32 n
    17   m 34 s


Turn 352
================================================================
warning: entity 14 was directed to use 4 halite to move north, but only 3 halite was available
At command 8 of 17:
    6   m 12 n
    7   m 13 n
>>> 8   m 14 n
    9   m 21 o
    10   m 22 n


Turn 353
================================================================
warning: entity 12 was directed to use 1 halite to move north, but only 0 halite was available
At command 6 of 16:
    4   m 6 o
    5   m 9 o
>>> 6   m 12 n
    7   m 13 o
    8   m 14 n


Turn 354
================================================================
warning: entity 22 was directed to use 2 halite to move south, but only 0 halite was available
At command 10 of 17:
    8   m 14 n
    9   m 21 o
>>> 10   m 22 s
    11   m 23 w
    12   m 27 e


Turn 356
================================================================
warning: entity 12 was directed to use 3 halite to move north, but only 1 halite was available
At command 6 of 17:
    4   m 6 s
    5   m 9 o
>>> 6   m 12 n
    7   m 13 o
    8   m 14 n

warning: entity 14 was directed to use 5 halite to move north, but only 3 halite was available
At command 8 of 17:
    6   m 12 n
    7   m 13 o
>>> 8   m 14 n
    9   m 21 o
    10   m 22 s


Turn 359
================================================================
warning: entity 31 was directed to use 3 halite to move west, but only 0 halite was available
At command 15 of 17:
    13   m 28 o
    14   m 29 o
>>> 15   m 31 w
    16   m 32 e
    17   m 34 w


Turn 360
================================================================
warning: entity 12 was directed to use 4 halite to move north, but only 0 halite was available
At command 5 of 15:
    3   m 6 s
    4   m 9 o
>>> 5   m 12 n
    6   m 13 n
    7   m 14 o

warning: entity 22 was directed to use 3 halite to move north, but only 0 halite was available
At command 9 of 15:
    7   m 14 o
    8   m 21 o
>>> 9   m 22 n
    10   m 23 w
    11   m 27 o


Turn 363
================================================================
warning: entity 31 was directed to use 4 halite to move west, but only 3 halite was available
At command 14 of 16:
    12   m 28 o
    13   m 29 o
>>> 14   m 31 w
    15   m 32 e
    16   m 34 w


Turn 364
================================================================
warning: entity 12 was directed to use 4 halite to move east, but only 1 halite was available
At command 5 of 14:
    3   m 6 e
    4   m 9 s
>>> 5   m 12 e
    6   m 13 n
    7   m 21 s


Turn 365
================================================================
warning: entity 34 was directed to use 2 halite to move south, but only 0 halite was available
At command 17 of 17:
    15   m 31 w
    16   m 32 o
>>> 17   m 34 s


Turn 366
================================================================
warning: entity 22 was directed to use 4 halite to move east, but only 0 halite was available
At command 9 of 16:
    7   m 14 e
    8   m 21 s
>>> 9   m 22 e
    10   m 23 w
    11   m 27 s


Turn 368
================================================================
warning: entity 12 was directed to use 4 halite to move east, but only 1 halite was available
At command 6 of 17:
    4   m 6 w
    5   m 9 s
>>> 6   m 12 e
    7   m 13 e
    8   m 14 e


Turn 370
================================================================
warning: entity 4 was directed to use 2 halite to move west, but only 0 halite was available
At command 3 of 16:
    1   m 0 o
    2   m 2 s
>>> 3   m 4 w
    4   m 6 w
    5   m 9 o

warning: entity 22 was directed to use 4 halite to move south, but only 1 halite was available
At command 10 of 16:
    8   m 14 e
    9   m 21 w
>>> 10   m 22 s
    11   m 27 s
    12   m 28 o


Turn 371
================================================================
warning: entity 31 was directed to use 3 halite to move north, but only 1 halite was available
At command 15 of 17:
    13   m 28 e
    14   m 29 o
>>> 15   m 31 n
    16   m 32 o
    17   m 34 s


Turn 373
================================================================
warning: entity 6 was directed to use 2 halite to move west, but only 0 halite was available
At command 3 of 15:
    1   m 0 o
    2   m 4 w
>>> 3   m 6 w
    4   m 9 s
    5   m 12 o

warning: entity 34 was directed to use 5 halite to move south, but only 0 halite was available
At command 15 of 15:
    13   m 31 n
    14   m 32 o
>>> 15   m 34 s


Turn 374
================================================================
warning: entity 4 was directed to use 3 halite to move west, but only 1 halite was available
At command 3 of 17:
    1   m 0 o
    2   m 2 w
>>> 3   m 4 w
    4   m 6 w
    5   m 9 s


Turn 375
================================================================
warning: entity 31 was directed to use 3 halite to move north, but only 2 halite was available
At command 15 of 16:
    13   m 28 e
    14   m 29 o
>>> 15   m 31 n
    16   m 34 s


Turn 376
================================================================
warning: entity 23 was directed to use 1 halite to move south, but only 0 halite was available
At command 10 of 16:
    8   m 14 e
    9   m 22 n
>>> 10   m 23 s
    11   m 27 w
    12   m 28 e


Turn 377
================================================================
warning: entity 6 was directed to use 2 halite to move west, but only 0 halite was available
At command 4 of 17:
    2   m 2 w
    3   m 4 s
>>> 4   m 6 w
    5   m 9 w
    6   m 12 e


Turn 379
================================================================
warning: entity 2 was directed to use 1 halite to move north, but only 0 halite was available
At command 2 of 16:
    1   m 0 o
>>> 2   m 2 n
    3   m 4 s
    4   m 6 s

warning: entity 23 was directed to use 3 halite to move south, but only 2 halite was available
At command 11 of 16:
    9   m 21 w
    10   m 22 o
>>> 11   m 23 s
    12   m 28 o
    13   m 29 o


Turn 382
================================================================
warning: entity 2 was directed to use 5 halite to move north, but only 3 halite was available
At command 1 of 16:
>>> 1   m 2 n
    2   m 4 o
    3   m 6 o

warning: entity 21 was directed to use 1 halite to move west, but only 0 halite was available
At command 8 of 16:
    6   m 13 s
    7   m 14 s
>>> 8   m 21 w
    9   m 22 o
    10   m 23 s


Turn 383
================================================================
warning: entity 23 was directed to use 3 halite to move south, but only 2 halite was available
At command 11 of 17:
    9   m 21 w
    10   m 22 o
>>> 11   m 23 s
    12   m 27 s
    13   m 28 s

warning: entity 27 was directed to use 3 halite to move south, but only 0 halite was available
At command 12 of 17:
    10   m 22 o
    11   m 23 s
>>> 12   m 27 s
    13   m 28 s
    14   m 29 o


Turn 385
================================================================
warning: entity 21 was directed to use 2 halite to move west, but only 1 halite was available
At command 8 of 16:
    6   m 12 o
    7   m 13 s
>>> 8   m 21 w
    9   m 22 o
    10   m 23 s


Turn 387
================================================================
warning: entity 2 was directed to use 4 halite to move north, but only 2 halite was available
At command 2 of 17:
    1   m 0 o
>>> 2   m 2 n
    3   m 4 s
    4   m 6 o


Turn 388
================================================================
warning: entity 27 was directed to use 2 halite to move south, but only 1 halite was available
At command 11 of 16:
    9   m 22 o
    10   m 23 o
>>> 11   m 27 s
    12   m 28 s
    13   m 29 o


Turn 390
================================================================
warning: entity 14 was directed to use 4 halite to move north, but only 0 halite was available
At command 8 of 17:
    6   m 12 o
    7   m 13 o
>>> 8   m 14 n
    9   m 21 s
    10   m 22 o

warning: entity 21 was directed to use 3 halite to move south, but only 1 halite was available
At command 9 of 17:
    7   m 13 o
    8   m 14 n
>>> 9   m 21 s
    10   m 22 o
    11   m 23 s


Turn 391
================================================================
warning: entity 2 was directed to use 3 halite to move north, but only 2 halite was available
At command 2 of 17:
    1   m 0 o
>>> 2   m 2 n
    3   m 4 o
    4   m 6 o


Turn 395
================================================================
warning: entity 2 was directed to use 12 halite to move east, but only 5 halite was available
At command 2 of 16:
    1   m 0 e
>>> 2   m 2 e
    3   m 4 s
    4   m 6 s

warning: entity 9 was directed to use 1 halite to move west, but only 0 halite was available
At command 5 of 16:
    3   m 4 s
    4   m 6 s
>>> 5   m 9 w
    6   m 12 s
    7   m 13 s

warning: entity 13 was directed to use 3 halite to move south, but only 0 halite was available
At command 7 of 16:
    5   m 9 w
    6   m 12 s
>>> 7   m 13 s
    8   m 14 n
    9   m 21 o

warning: entity 14 was directed to use 4 halite to move north, but only 1 halite was available
At command 8 of 16:
    6   m 12 s
    7   m 13 s
>>> 8   m 14 n
    9   m 21 o
    10   m 22 s


Turn 399
================================================================
warning: entity 9 was directed to use 2 halite to move west, but only 0 halite was available
At command 5 of 17:
    3   m 4 s
    4   m 6 o
>>> 5   m 9 w
    6   m 12 s
    7   m 13 s

warning: entity 14 was directed to use 4 halite to move east, but only 1 halite was available
At command 8 of 17:
    6   m 12 s
    7   m 13 s
>>> 8   m 14 e
    9   m 21 s
    10   m 22 s


Turn 400
================================================================
warning: entity 13 was directed to use 4 halite to move south, but only 0 halite was available
At command 7 of 17:
    5   m 9 w
    6   m 12 s
>>> 7   m 13 s
    8   m 14 e
    9   m 21 s


Turn 402
================================================================
warning: entity 28 was directed to use 2 halite to move west, but only 0 halite was available
At command 13 of 17:
    11   m 23 o
    12   m 27 o
>>> 13   m 28 w
    14   m 29 w
    15   m 31 s


Turn 403
================================================================
warning: entity 9 was directed to use 2 halite to move east, but only 1 halite was available
At command 5 of 17:
    3   m 4 e
    4   m 6 s
>>> 5   m 9 e
    6   m 12 w
    7   m 13 s


Turn 405
================================================================
warning: entity 28 was directed to use 21 halite to move east, but only 4 halite was available
At command 13 of 16:
    11   m 23 s
    12   m 27 s
>>> 13   m 28 e
    14   m 31 s
    15   m 32 e

warning: entity 32 was directed to use 1 halite to move east, but only 0 halite was available
At command 15 of 16:
    13   m 28 e
    14   m 31 s
>>> 15   m 32 e
    16   m 34 n


Turn 408
================================================================
warning: owned entities 2, 22, 0 collided on cell (26, 13) as the result of moves on this turn
At command 2 of 17:
    1   m 0 o
>>> 2   m 2 s
    3   m 4 e
    4   m 6 e

Other commands that placed an entity on this cell:
    8   m 14 s
    9   m 21 e
>>> 10   m 22 w
    11   m 23 e
    12   m 27 e


Turn 409
================================================================
warning: entity 29 was directed to use 3 halite to move north, but only 0 halite was available
At command 11 of 14:
    9   m 27 e
    10   m 28 e
>>> 11   m 29 n
    12   m 31 s
    13   m 32 e


Turn 410
================================================================
warning: owned entities 12, 14 collided on cell (26, 13) as the result of moves on this turn
At command 4 of 14:
    2   m 6 e
    3   m 9 e
>>> 4   m 12 w
    5   m 13 o
    6   m 14 s

Other commands that placed an entity on this cell:
    4   m 12 w
    5   m 13 o
>>> 6   m 14 s
    7   m 21 e
    8   m 23 e


Turn 412
================================================================
warning: owned entities 29, 31, 32 collided on cell (26, 13) as the result of moves on this turn
At command 9 of 11:
    7   m 27 n
    8   m 28 e
>>> 9   m 29 s
    10   m 31 w
    11   m 34 n

Other commands that placed an entity on this cell:
    8   m 28 e
    9   m 29 s
>>> 10   m 31 w
    11   m 34 n


Turn 413
================================================================
warning: owned entities 9, 28 collided on cell (26, 13) as the result of moves on this turn
At command 3 of 9:
    1   m 4 n
    2   m 6 e
>>> 3   m 9 e
    4   m 13 s
    5   m 21 n

Other commands that placed an entity on this cell:
    6   m 23 n
    7   m 27 o
>>> 8   m 28 n
    9   m 34 n


Turn 420
================================================================
warning: entity 21 was directed to use 1 halite to move north, but only 0 halite was available
At command 3 of 6:
    1   m 6 n
    2   m 13 e
>>> 3   m 21 n
    4   m 23 n
    5   m 27 n


Turn 424
================================================================
warning: entity 4 was directed to use 9 halite to move east, but only 0 halite was available
At command 1 of 6:
>>> 1   m 4 e
    2   m 6 n
    3   m 13 n

