
Turn 11
================================================================
warning: entity 2 was directed to use 3 halite to move south, but only 0 halite was available
At command 2 of 3:
    1   m 0 o
>>> 2   m 2 s
    3   m 4 o


Turn 15
================================================================
warning: entity 6 was directed to use 4 halite to move south, but only 0 halite was available
At command 4 of 4:
    2   m 2 o
    3   m 4 o
>>> 4   m 6 s


Turn 48
================================================================
warning: entity 0 was directed to use 2 halite to move north, but only 0 halite was available
At command 1 of 5:
>>> 1   m 0 n
    2   m 2 o
    3   m 4 e


Turn 54
================================================================
warning: entity 2 was directed to use 3 halite to move west, but only 0 halite was available
At command 2 of 6:
    1   m 0 o
>>> 2   m 2 w
    3   m 4 e
    4   m 6 e

warning: entity 8 was directed to use 4 halite to move east, but only 2 halite was available
At command 5 of 6:
    3   m 4 e
    4   m 6 e
>>> 5   m 8 e
    6   g


Turn 57
================================================================
warning: entity 2 was directed to use 4 halite to move west, but only 3 halite was available
At command 2 of 6:
    1   m 0 o
>>> 2   m 2 w
    3   m 4 o
    4   m 6 s

warning: entity 10 was directed to use 2 halite to move west, but only 0 halite was available
At command 6 of 6:
    4   m 6 s
    5   m 8 o
>>> 6   m 10 w


Turn 60
================================================================
warning: entity 10 was directed to use 4 halite to move north, but only 1 halite was available
At command 5 of 5:
    3   m 4 s
    4   m 8 o
>>> 5   m 10 n


Turn 62
================================================================
warning: entity 6 was directed to use 1 halite to move west, but only 0 halite was available
At command 4 of 7:
    2   m 2 o
    3   m 4 s
>>> 4   m 6 w
    5   m 8 o
    6   m 10 n


Turn 65
================================================================
warning: entity 6 was directed to use 3 halite to move north, but only 0 halite was available
At command 3 of 6:
    1   m 0 o
    2   m 2 o
>>> 3   m 6 n
    4   m 8 n
    5   m 10 o


Turn 67
================================================================
warning: entity 4 was directed to use 1 halite to move west, but only 0 halite was available
At command 3 of 7:
    1   m 0 o
    2   m 2 o
>>> 3   m 4 w
    4   m 6 o
    5   m 8 o


Turn 70
================================================================
warning: entity 4 was directed to use 2 halite to move east, but only 0 halite was available
At command 3 of 7:
    1   m 0 s
    2   m 2 o
>>> 3   m 4 e
    4   m 6 o
    5   m 8 o


Turn 82
================================================================
warning: entity 0 was directed to use 4 halite to move south, but only 0 halite was available
At command 1 of 7:
>>> 1   m 0 s
    2   m 2 o
    3   m 4 o


Turn 86
================================================================
warning: entity 13 was directed to use 1 halite to move west, but only 0 halite was available
At command 7 of 7:
    5   m 8 s
    6   m 11 s
>>> 7   m 13 w


Turn 89
================================================================
warning: entity 10 was directed to use 3 halite to move west, but only 0 halite was available
At command 5 of 7:
    3   m 6 e
    4   m 8 s
>>> 5   m 10 w
    6   m 11 o
    7   m 13 o


Turn 92
================================================================
warning: entity 4 was directed to use 2 halite to move north, but only 0 halite was available
At command 3 of 7:
    1   m 0 o
    2   m 2 s
>>> 3   m 4 n
    4   m 6 n
    5   m 10 n


Turn 95
================================================================
warning: entity 4 was directed to use 4 halite to move north, but only 2 halite was available
At command 2 of 7:
    1   m 0 o
>>> 2   m 4 n
    3   m 6 s
    4   m 8 w

warning: entity 8 was directed to use 2 halite to move west, but only 0 halite was available
At command 4 of 7:
    2   m 4 n
    3   m 6 s
>>> 4   m 8 w
    5   m 10 o
    6   m 11 o


Turn 97
================================================================
warning: entity 2 was directed to use 4 halite to move east, but only 0 halite was available
At command 2 of 8:
    1   m 0 e
>>> 2   m 2 e
    3   m 4 n
    4   m 6 s


Turn 98
================================================================
warning: entity 8 was directed to use 4 halite to move west, but only 3 halite was available
At command 4 of 7:
    2   m 2 e
    3   m 4 n
>>> 4   m 8 w
    5   m 10 n
    6   m 11 o


Turn 101
================================================================
warning: entity 2 was directed to use 4 halite to move east, but only 1 halite was available
At command 2 of 8:
    1   m 0 o
>>> 2   m 2 e
    3   m 4 o
    4   m 6 n

warning: entity 6 was directed to use 3 halite to move north, but only 0 halite was available
At command 4 of 8:
    2   m 2 e
    3   m 4 o
>>> 4   m 6 n
    5   m 8 o
    6   m 10 o


Turn 102
================================================================
warning: entity 16 was directed to use 3 halite to move east, but only 0 halite was available
At command 9 of 10:
    7   m 11 w
    8   m 13 o
>>> 9   m 16 e
    10   g


Turn 105
================================================================
warning: entity 6 was directed to use 3 halite to move east, but only 1 halite was available
At command 4 of 11:
    2   m 2 s
    3   m 4 o
>>> 4   m 6 e
    5   m 8 o
    6   m 10 o

warning: entity 16 was directed to use 4 halite to move east, but only 3 halite was available
At command 9 of 11:
    7   m 11 w
    8   m 13 o
>>> 9   m 16 e
    10   m 18 e
    11   m 20 e

warning: entity 18 was directed to use 2 halite to move east, but only 0 halite was available
At command 10 of 11:
    8   m 13 o
    9   m 16 e
>>> 10   m 18 e
    11   m 20 e


Turn 106
================================================================
warning: entity 20 was directed to use 2 halite to move east, but only 0 halite was available
At command 11 of 12:
    9   m 16 e
    10   m 18 e
>>> 11   m 20 e
    12   g


Turn 109
================================================================
warning: entity 20 was directed to use 3 halite to move east, but only 1 halite was available
At command 10 of 11:
    8   m 16 s
    9   m 18 o
>>> 10   m 20 e
    11   m 22 n

warning: entity 22 was directed to use 1 halite to move north, but only 0 halite was available
At command 11 of 11:
    9   m 18 o
    10   m 20 e
>>> 11   m 22 n


Turn 112
================================================================
warning: entity 22 was directed to use 3 halite to move north, but only 1 halite was available
At command 12 of 12:
    10   m 18 o
    11   m 20 e
>>> 12   m 22 n


Turn 116
================================================================
warning: entity 0 was directed to use 1 halite to move north, but only 0 halite was available
At command 1 of 11:
>>> 1   m 0 n
    2   m 2 o
    3   m 4 o


Turn 119
================================================================
warning: entity 0 was directed to use 3 halite to move east, but only 0 halite was available
At command 1 of 12:
>>> 1   m 0 e
    2   m 2 o
    3   m 4 s

warning: entity 11 was directed to use 1 halite to move east, but only 0 halite was available
At command 7 of 12:
    5   m 8 e
    6   m 10 e
>>> 7   m 11 e
    8   m 16 o
    9   m 18 o


Turn 120
================================================================
warning: entity 24 was directed to use 1 halite to move north, but only 0 halite was available
At command 13 of 13:
    11   m 20 o
    12   m 22 o
>>> 13   m 24 n


Turn 121
================================================================
warning: entity 11 was directed to use 4 halite to move north, but only 3 halite was available
At command 6 of 12:
    4   m 6 o
    5   m 10 e
>>> 6   m 11 n
    7   m 13 e
    8   m 16 o


Turn 124
================================================================
warning: entity 8 was directed to use 4 halite to move north, but only 0 halite was available
At command 3 of 11:
    1   m 0 o
    2   m 6 s
>>> 3   m 8 n
    4   m 10 s
    5   m 11 e


Turn 128
================================================================
warning: entity 4 was directed to use 2 halite to move north, but only 0 halite was available
At command 3 of 14:
    1   m 0 e
    2   m 2 o
>>> 3   m 4 n
    4   m 6 o
    5   m 8 e

warning: entity 8 was directed to use 3 halite to move east, but only 1 halite was available
At command 5 of 14:
    3   m 4 n
    4   m 6 o
>>> 5   m 8 e
    6   m 10 w
    7   m 11 e


Turn 132
================================================================
warning: entity 10 was directed to use 1 halite to move west, but only 0 halite was available
At command 6 of 15:
    4   m 6 s
    5   m 8 e
>>> 6   m 10 w
    7   m 11 o
    8   m 13 e


Turn 133
================================================================
warning: entity 8 was directed to use 4 halite to move east, but only 1 halite was available
At command 5 of 14:
    3   m 4 e
    4   m 6 o
>>> 5   m 8 e
    6   m 10 w
    7   m 11 o

warning: entity 26 was directed to use 4 halite to move east, but only 0 halite was available
At command 14 of 14:
    12   m 24 n
    13   m 25 w
>>> 14   m 26 e


Turn 134
================================================================
warning: entity 25 was directed to use 4 halite to move north, but only 1 halite was available
At command 13 of 14:
    11   m 20 o
    12   m 24 o
>>> 13   m 25 n
    14   m 26 e


Turn 135
================================================================
warning: entity 10 was directed to use 3 halite to move west, but only 2 halite was available
At command 6 of 15:
    4   m 6 o
    5   m 8 o
>>> 6   m 10 w
    7   m 11 o
    8   m 13 s


Turn 136
================================================================
warning: entity 22 was directed to use 1 halite to move east, but only 0 halite was available
At command 12 of 15:
    10   m 18 o
    11   m 20 w
>>> 12   m 22 e
    13   m 24 n
    14   m 25 n


Turn 137
================================================================
warning: entity 26 was directed to use 5 halite to move east, but only 0 halite was available
At command 14 of 14:
    12   m 24 w
    13   m 25 n
>>> 14   m 26 e


Turn 139
================================================================
warning: entity 10 was directed to use 4 halite to move north, but only 1 halite was available
At command 6 of 15:
    4   m 6 w
    5   m 8 s
>>> 6   m 10 n
    7   m 11 s
    8   m 13 s

warning: entity 22 was directed to use 4 halite to move east, but only 0 halite was available
At command 12 of 15:
    10   m 18 o
    11   m 20 w
>>> 12   m 22 e
    13   m 24 w
    14   m 25 o


Turn 140
================================================================
warning: entity 2 was directed to use 1 halite to move west, but only 0 halite was available
At command 2 of 14:
    1   m 0 o
>>> 2   m 2 w
    3   m 4 w
    4   m 6 w


Turn 143
================================================================
warning: entity 22 was directed to use 4 halite to move south, but only 0 halite was available
At command 10 of 13:
    8   m 16 o
    9   m 18 e
>>> 10   m 22 s
    11   m 24 o
    12   m 25 o


Turn 144
================================================================
warning: entity 2 was directed to use 3 halite to move north, but only 1 halite was available
At command 2 of 15:
    1   m 0 o
>>> 2   m 2 n
    3   m 4 o
    4   m 6 e

warning: entity 13 was directed to use 1 halite to move west, but only 0 halite was available
At command 8 of 15:
    6   m 10 o
    7   m 11 s
>>> 8   m 13 w
    9   m 16 o
    10   m 18 w


Turn 147
================================================================
warning: entity 13 was directed to use 4 halite to move north, but only 1 halite was available
At command 7 of 15:
    5   m 10 o
    6   m 11 s
>>> 7   m 13 n
    8   m 16 o
    9   m 18 w

warning: entity 20 was directed to use 1 halite to move west, but only 0 halite was available
At command 10 of 15:
    8   m 16 o
    9   m 18 w
>>> 10   m 20 w
    11   m 22 o
    12   m 25 o


Turn 148
================================================================
warning: entity 2 was directed to use 1 halite to move north, but only 0 halite was available
At command 2 of 17:
    1   m 0 o
>>> 2   m 2 n
    3   m 4 s
    4   m 6 s


Turn 149
================================================================
warning: entity 27 was directed to use 4 halite to move east, but only 0 halite was available
At command 16 of 17:
    14   m 25 o
    15   m 26 o
>>> 16   m 27 e
    17   m 28 n


Turn 150
================================================================
warning: entity 20 was directed to use 4 halite to move north, but only 1 halite was available
At command 11 of 17:
    9   m 16 n
    10   m 18 w
>>> 11   m 20 n
    12   m 22 o
    13   m 24 s


Turn 151
================================================================
warning: entity 28 was directed to use 4 halite to move west, but only 0 halite was available
At command 16 of 16:
    14   m 26 o
    15   m 27 e
>>> 16   m 28 w


Turn 154
================================================================
warning: entity 27 was directed to use 4 halite to move east, but only 1 halite was available
At command 15 of 16:
    13   m 25 o
    14   m 26 o
>>> 15   m 27 e
    16   m 28 e


Turn 156
================================================================
warning: entity 6 was directed to use 2 halite to move west, but only 0 halite was available
At command 4 of 17:
    2   m 2 o
    3   m 4 w
>>> 4   m 6 w
    5   m 8 e
    6   m 10 e


Turn 158
================================================================
warning: entity 8 was directed to use 2 halite to move east, but only 0 halite was available
At command 5 of 16:
    3   m 4 w
    4   m 6 w
>>> 5   m 8 e
    6   m 10 e
    7   m 13 o


Turn 159
================================================================
warning: entity 6 was directed to use 4 halite to move north, but only 2 halite was available
At command 4 of 15:
    2   m 2 o
    3   m 4 e
>>> 4   m 6 n
    5   m 8 e
    6   m 10 e


Turn 161
================================================================
warning: entity 8 was directed to use 4 halite to move east, but only 1 halite was available
At command 4 of 15:
    2   m 4 w
    3   m 6 n
>>> 4   m 8 e
    5   m 10 n
    6   m 11 n


Turn 162
================================================================
warning: entity 11 was directed to use 3 halite to move north, but only 0 halite was available
At command 6 of 16:
    4   m 8 e
    5   m 10 s
>>> 6   m 11 n
    7   m 13 o
    8   m 16 e


Turn 166
================================================================
warning: entity 8 was directed to use 4 halite to move south, but only 0 halite was available
At command 5 of 16:
    3   m 4 w
    4   m 6 o
>>> 5   m 8 s
    6   m 11 n
    7   m 13 w

warning: entity 11 was directed to use 4 halite to move north, but only 0 halite was available
At command 6 of 16:
    4   m 6 o
    5   m 8 s
>>> 6   m 11 n
    7   m 13 w
    8   m 16 w


Turn 168
================================================================
warning: entity 4 was directed to use 2 halite to move north, but only 0 halite was available
At command 3 of 17:
    1   m 0 o
    2   m 2 o
>>> 3   m 4 n
    4   m 6 o
    5   m 8 o


Turn 170
================================================================
warning: entity 11 was directed to use 4 halite to move east, but only 1 halite was available
At command 7 of 16:
    5   m 8 o
    6   m 10 w
>>> 7   m 11 e
    8   m 13 w
    9   m 18 e


Turn 171
================================================================
warning: entity 4 was directed to use 4 halite to move north, but only 1 halite was available
At command 2 of 16:
    1   m 2 o
>>> 2   m 4 n
    3   m 6 o
    4   m 8 o


Turn 172
================================================================
warning: entity 10 was directed to use 1 halite to move west, but only 0 halite was available
At command 5 of 16:
    3   m 6 o
    4   m 8 o
>>> 5   m 10 w
    6   m 11 o
    7   m 13 e


Turn 174
================================================================
warning: entity 13 was directed to use 3 halite to move west, but only 0 halite was available
At command 6 of 15:
    4   m 10 w
    5   m 11 o
>>> 6   m 13 w
    7   m 16 n
    8   m 18 n


Turn 175
================================================================
warning: entity 4 was directed to use 1 halite to move north, but only 0 halite was available
At command 2 of 15:
    1   m 2 s
>>> 2   m 4 n
    3   m 6 e
    4   m 8 o

warning: entity 10 was directed to use 3 halite to move north, but only 0 halite was available
At command 5 of 15:
    3   m 6 e
    4   m 8 o
>>> 5   m 10 n
    6   m 11 o
    7   m 13 o

warning: entity 16 was directed to use 1 halite to move north, but only 0 halite was available
At command 8 of 15:
    6   m 11 o
    7   m 13 o
>>> 8   m 16 n
    9   m 18 n
    10   m 20 e


Turn 178
================================================================
warning: entity 25 was directed to use 1 halite to move east, but only 0 halite was available
At command 13 of 16:
    11   m 22 e
    12   m 24 n
>>> 13   m 25 e
    14   m 26 e
    15   m 27 s


Turn 179
================================================================
warning: entity 18 was directed to use 2 halite to move east, but only 0 halite was available
At command 9 of 15:
    7   m 13 s
    8   m 16 n
>>> 9   m 18 e
    10   m 20 s
    11   m 22 w


Turn 180
================================================================
warning: entity 16 was directed to use 5 halite to move north, but only 0 halite was available
At command 7 of 15:
    5   m 11 o
    6   m 13 o
>>> 7   m 16 n
    8   m 18 e
    9   m 20 s

warning: entity 25 was directed to use 4 halite to move east, but only 3 halite was available
At command 12 of 15:
    10   m 22 n
    11   m 24 w
>>> 12   m 25 e
    13   m 26 s
    14   m 27 w


Turn 182
================================================================
warning: entity 6 was directed to use 1 halite to move north, but only 0 halite was available
At command 3 of 15:
    1   m 2 o
    2   m 4 o
>>> 3   m 6 n
    4   m 8 o
    5   m 10 o


Turn 183
================================================================
warning: entity 18 was directed to use 4 halite to move east, but only 2 halite was available
At command 8 of 15:
    6   m 13 o
    7   m 16 n
>>> 8   m 18 e
    9   m 20 s
    10   m 22 w


Turn 184
================================================================
warning: entity 6 was directed to use 4 halite to move north, but only 3 halite was available
At command 3 of 16:
    1   m 2 e
    2   m 4 o
>>> 3   m 6 n
    4   m 8 o
    5   m 10 o

warning: entity 24 was directed to use 1 halite to move west, but only 0 halite was available
At command 12 of 16:
    10   m 20 e
    11   m 22 w
>>> 12   m 24 w
    13   m 25 n
    14   m 26 n


Turn 187
================================================================
warning: entity 24 was directed to use 1 halite to move north, but only 0 halite was available
At command 12 of 16:
    10   m 20 n
    11   m 22 w
>>> 12   m 24 n
    13   m 25 o
    14   m 26 e


Turn 189
================================================================
warning: entity 24 was directed to use 4 halite to move north, but only 3 halite was available
At command 11 of 15:
    9   m 20 w
    10   m 22 n
>>> 11   m 24 n
    12   m 25 n
    13   m 26 e


Turn 191
================================================================
warning: entity 11 was directed to use 1 halite to move north, but only 0 halite was available
At command 5 of 14:
    3   m 8 w
    4   m 10 o
>>> 5   m 11 n
    6   m 16 o
    7   m 18 o


Turn 192
================================================================
warning: entity 26 was directed to use 4 halite to move south, but only 1 halite was available
At command 14 of 16:
    12   m 24 n
    13   m 25 o
>>> 14   m 26 s
    15   m 27 n
    16   m 28 e


Turn 194
================================================================
warning: entity 11 was directed to use 2 halite to move east, but only 0 halite was available
At command 6 of 16:
    4   m 8 w
    5   m 10 o
>>> 6   m 11 e
    7   m 13 e
    8   m 16 o

warning: entity 20 was directed to use 2 halite to move west, but only 0 halite was available
At command 10 of 16:
    8   m 16 o
    9   m 18 s
>>> 10   m 20 w
    11   m 22 s
    12   m 24 o


Turn 195
================================================================
warning: entity 13 was directed to use 1 halite to move east, but only 0 halite was available
At command 6 of 15:
    4   m 10 e
    5   m 11 o
>>> 6   m 13 e
    7   m 16 o
    8   m 18 o


Turn 197
================================================================
warning: entity 22 was directed to use 1 halite to move north, but only 0 halite was available
At command 10 of 15:
    8   m 18 o
    9   m 20 n
>>> 10   m 22 n
    11   m 24 o
    12   m 25 o


Turn 199
================================================================
warning: entity 13 was directed to use 3 halite to move east, but only 0 halite was available
At command 7 of 16:
    5   m 10 e
    6   m 11 n
>>> 7   m 13 e
    8   m 16 s
    9   m 18 o

warning: entity 20 was directed to use 1 halite to move north, but only 0 halite was available
At command 10 of 16:
    8   m 16 s
    9   m 18 o
>>> 10   m 20 n
    11   m 22 s
    12   m 24 o


Turn 200
================================================================
warning: entity 11 was directed to use 4 halite to move north, but only 3 halite was available
At command 5 of 15:
    3   m 6 o
    4   m 8 e
>>> 5   m 11 n
    6   m 13 e
    7   m 16 s


Turn 201
================================================================
warning: entity 2 was directed to use 1 halite to move west, but only 0 halite was available
At command 1 of 16:
>>> 1   m 2 w
    2   m 4 o
    3   m 6 n


Turn 202
================================================================
warning: entity 8 was directed to use 1 halite to move east, but only 0 halite was available
At command 4 of 15:
    2   m 4 n
    3   m 6 o
>>> 4   m 8 e
    5   m 10 o
    6   m 11 o

warning: entity 22 was directed to use 4 halite to move west, but only 0 halite was available
At command 11 of 15:
    9   m 18 o
    10   m 20 o
>>> 11   m 22 w
    12   m 24 o
    13   m 25 o


Turn 204
================================================================
warning: entity 13 was directed to use 5 halite to move north, but only 3 halite was available
At command 7 of 16:
    5   m 10 s
    6   m 11 o
>>> 7   m 13 n
    8   m 16 n
    9   m 18 o


Turn 205
================================================================
warning: entity 27 was directed to use 2 halite to move north, but only 0 halite was available
At command 14 of 14:
    12   m 25 o
    13   m 26 o
>>> 14   m 27 n


Turn 206
================================================================
warning: entity 4 was directed to use 3 halite to move west, but only 0 halite was available
At command 2 of 16:
    1   m 2 o
>>> 2   m 4 w
    3   m 6 w
    4   m 8 e

warning: entity 8 was directed to use 2 halite to move east, but only 0 halite was available
At command 4 of 16:
    2   m 4 w
    3   m 6 w
>>> 4   m 8 e
    5   m 10 s
    6   m 11 o

warning: entity 10 was directed to use 2 halite to move south, but only 0 halite was available
At command 5 of 16:
    3   m 6 w
    4   m 8 e
>>> 5   m 10 s
    6   m 11 o
    7   m 13 o


Turn 208
================================================================
warning: entity 27 was directed to use 3 halite to move north, but only 2 halite was available
At command 15 of 17:
    13   m 25 o
    14   m 26 o
>>> 15   m 27 n
    16   m 28 w
    17   m 29 e


Turn 211
================================================================
warning: entity 10 was directed to use 2 halite to move north, but only 1 halite was available
At command 5 of 19:
    3   m 6 o
    4   m 8 s
>>> 5   m 10 n
    6   m 11 o
    7   m 13 o

warning: entity 28 was directed to use 1 halite to move west, but only 0 halite was available
At command 16 of 19:
    14   m 26 w
    15   m 27 n
>>> 16   m 28 w
    17   m 29 e
    18   m 30 w

warning: entity 29 was directed to use 1 halite to move east, but only 0 halite was available
At command 17 of 19:
    15   m 27 n
    16   m 28 w
>>> 17   m 29 e
    18   m 30 w
    19   g


Turn 213
================================================================
warning: entity 24 was directed to use 1 halite to move north, but only 0 halite was available
At command 10 of 17:
    8   m 18 o
    9   m 22 o
>>> 10   m 24 n
    11   m 26 o
    12   m 27 n


Turn 214
================================================================
warning: entity 28 was directed to use 4 halite to move north, but only 1 halite was available
At command 15 of 19:
    13   m 26 o
    14   m 27 s
>>> 15   m 28 n
    16   m 29 s
    17   m 30 w


Turn 215
================================================================
warning: entity 30 was directed to use 1 halite to move west, but only 0 halite was available
At command 18 of 21:
    16   m 28 n
    17   m 29 s
>>> 18   m 30 w
    19   m 31 e
    20   m 32 w


Turn 216
================================================================
warning: entity 29 was directed to use 1 halite to move south, but only 0 halite was available
At command 17 of 21:
    15   m 27 w
    16   m 28 e
>>> 17   m 29 s
    18   m 30 w
    19   m 31 e

warning: entity 31 was directed to use 2 halite to move east, but only 0 halite was available
At command 19 of 21:
    17   m 29 s
    18   m 30 w
>>> 19   m 31 e
    20   m 32 w
    21   m 33 w


Turn 217
================================================================
warning: entity 27 was directed to use 3 halite to move south, but only 2 halite was available
At command 15 of 22:
    13   m 25 s
    14   m 26 o
>>> 15   m 27 s
    16   m 28 w
    17   m 29 s


Turn 218
================================================================
warning: entity 28 was directed to use 4 halite to move west, but only 2 halite was available
At command 15 of 21:
    13   m 26 w
    14   m 27 s
>>> 15   m 28 w
    16   m 29 s
    17   m 30 w

warning: entity 30 was directed to use 3 halite to move west, but only 1 halite was available
At command 17 of 21:
    15   m 28 w
    16   m 29 s
>>> 17   m 30 w
    18   m 31 e
    19   m 32 n


Turn 219
================================================================
warning: entity 24 was directed to use 4 halite to move west, but only 3 halite was available
At command 11 of 22:
    9   m 20 w
    10   m 22 o
>>> 11   m 24 w
    12   m 25 n
    13   m 26 w

warning: entity 29 was directed to use 1 halite to move south, but only 0 halite was available
At command 16 of 22:
    14   m 27 e
    15   m 28 o
>>> 16   m 29 s
    17   m 30 w
    18   m 31 s

warning: entity 32 was directed to use 3 halite to move north, but only 0 halite was available
At command 19 of 22:
    17   m 30 w
    18   m 31 s
>>> 19   m 32 n
    20   m 33 w
    21   m 34 e


Turn 222
================================================================
warning: entity 31 was directed to use 3 halite to move south, but only 0 halite was available
At command 18 of 23:
    16   m 29 o
    17   m 30 o
>>> 18   m 31 s
    19   m 32 n
    20   m 33 n

warning: entity 34 was directed to use 1 halite to move east, but only 0 halite was available
At command 21 of 23:
    19   m 32 n
    20   m 33 n
>>> 21   m 34 e
    22   m 35 e
    23   m 36 w


Turn 223
================================================================
warning: entity 32 was directed to use 3 halite to move north, but only 0 halite was available
At command 20 of 25:
    18   m 30 n
    19   m 31 s
>>> 20   m 32 n
    21   m 33 n
    22   m 34 e

warning: entity 33 was directed to use 3 halite to move north, but only 0 halite was available
At command 21 of 25:
    19   m 31 s
    20   m 32 n
>>> 21   m 33 n
    22   m 34 e
    23   m 35 o


Turn 224
================================================================
warning: entity 11 was directed to use 2 halite to move west, but only 0 halite was available
At command 6 of 25:
    4   m 8 w
    5   m 10 o
>>> 6   m 11 w
    7   m 13 w
    8   m 16 w

warning: entity 27 was directed to use 4 halite to move west, but only 1 halite was available
At command 15 of 25:
    13   m 25 e
    14   m 26 o
>>> 15   m 27 w
    16   m 28 w
    17   m 29 o


Turn 225
================================================================
warning: entity 25 was directed to use 4 halite to move north, but only 0 halite was available
At command 12 of 25:
    10   m 22 e
    11   m 24 w
>>> 12   m 25 n
    13   m 26 w
    14   m 27 w


Turn 226
================================================================
warning: entity 34 was directed to use 4 halite to move south, but only 1 halite was available
At command 22 of 26:
    20   m 32 n
    21   m 33 n
>>> 22   m 34 s
    23   m 35 s
    24   m 36 w


Turn 228
================================================================
warning: entity 11 was directed to use 4 halite to move west, but only 1 halite was available
At command 6 of 27:
    4   m 8 o
    5   m 10 o
>>> 6   m 11 w
    7   m 13 n
    8   m 16 w

warning: entity 33 was directed to use 1 halite to move south, but only 0 halite was available
At command 21 of 27:
    19   m 31 o
    20   m 32 o
>>> 21   m 33 s
    22   m 34 s
    23   m 35 s

warning: entity 36 was directed to use 2 halite to move west, but only 0 halite was available
At command 24 of 27:
    22   m 34 s
    23   m 35 s
>>> 24   m 36 w
    25   m 37 e
    26   m 38 e

warning: entity 37 was directed to use 1 halite to move east, but only 0 halite was available
At command 25 of 27:
    23   m 35 s
    24   m 36 w
>>> 25   m 37 e
    26   m 38 e
    27   m 39 e


Turn 229
================================================================
warning: entity 28 was directed to use 4 halite to move south, but only 0 halite was available
At command 15 of 27:
    13   m 26 n
    14   m 27 w
>>> 15   m 28 s
    16   m 29 o
    17   m 30 o

warning: entity 35 was directed to use 4 halite to move south, but only 0 halite was available
At command 22 of 27:
    20   m 33 s
    21   m 34 s
>>> 22   m 35 s
    23   m 36 w
    24   m 37 e


Turn 230
================================================================
warning: entity 27 was directed to use 2 halite to move north, but only 1 halite was available
At command 15 of 28:
    13   m 25 n
    14   m 26 n
>>> 15   m 27 n
    16   m 28 s
    17   m 29 o


Turn 231
================================================================
warning: entity 16 was directed to use 1 halite to move south, but only 0 halite was available
At command 6 of 27:
    4   m 11 s
    5   m 13 e
>>> 6   m 16 s
    7   m 18 s
    8   m 20 s

warning: entity 36 was directed to use 4 halite to move south, but only 3 halite was available
At command 22 of 27:
    20   m 34 o
    21   m 35 s
>>> 22   m 36 s
    23   m 37 s
    24   m 38 e


Turn 232
================================================================
warning: entity 37 was directed to use 1 halite to move south, but only 0 halite was available
At command 25 of 29:
    23   m 35 n
    24   m 36 s
>>> 25   m 37 s
    26   m 38 e
    27   m 39 e


Turn 233
================================================================
warning: entity 11 was directed to use 3 halite to move south, but only 0 halite was available
At command 6 of 29:
    4   m 8 w
    5   m 10 n
>>> 6   m 11 s
    7   m 13 e
    8   m 16 s

warning: entity 33 was directed to use 2 halite to move west, but only 0 halite was available
At command 21 of 29:
    19   m 31 o
    20   m 32 o
>>> 21   m 33 w
    22   m 34 o
    23   m 35 s


Turn 236
================================================================
warning: entity 35 was directed to use 4 halite to move south, but only 0 halite was available
At command 23 of 29:
    21   m 33 n
    22   m 34 o
>>> 23   m 35 s
    24   m 36 o
    25   m 37 s


Turn 237
================================================================
warning: entity 37 was directed to use 4 halite to move east, but only 0 halite was available
At command 25 of 29:
    23   m 35 s
    24   m 36 s
>>> 25   m 37 e
    26   m 38 s
    27   m 39 s

warning: entity 40 was directed to use 3 halite to move north, but only 0 halite was available
At command 28 of 29:
    26   m 38 s
    27   m 39 s
>>> 28   m 40 n
    29   m 41 n

warning: entity 41 was directed to use 4 halite to move north, but only 0 halite was available
At command 29 of 29:
    27   m 39 s
    28   m 40 n
>>> 29   m 41 n


Turn 238
================================================================
warning: entity 16 was directed to use 3 halite to move south, but only 1 halite was available
At command 8 of 27:
    6   m 11 o
    7   m 13 n
>>> 8   m 16 s
    9   m 18 n
    10   m 20 n

warning: entity 39 was directed to use 4 halite to move south, but only 2 halite was available
At command 25 of 27:
    23   m 37 w
    24   m 38 o
>>> 25   m 39 s
    26   m 40 n
    27   m 41 n


Turn 239
================================================================
warning: entity 20 was directed to use 1 halite to move north, but only 0 halite was available
At command 9 of 28:
    7   m 16 s
    8   m 18 n
>>> 9   m 20 n
    10   m 22 n
    11   m 24 n


Turn 241
================================================================
warning: entity 13 was directed to use 3 halite to move north, but only 0 halite was available
At command 7 of 27:
    5   m 10 o
    6   m 11 o
>>> 7   m 13 n
    8   m 16 s
    9   m 20 o

warning: entity 37 was directed to use 3 halite to move east, but only 2 halite was available
At command 23 of 27:
    21   m 35 o
    22   m 36 o
>>> 23   m 37 e
    24   m 38 n
    25   m 39 e


Turn 243
================================================================
warning: entity 26 was directed to use 2 halite to move east, but only 0 halite was available
At command 14 of 28:
    12   m 24 e
    13   m 25 o
>>> 14   m 26 e
    15   m 28 e
    16   m 29 w


Turn 245
================================================================
warning: entity 13 was directed to use 1 halite to move east, but only 0 halite was available
At command 6 of 28:
    4   m 10 o
    5   m 11 o
>>> 6   m 13 e
    7   m 16 o
    8   m 18 n

warning: entity 27 was directed to use 1 halite to move west, but only 0 halite was available
At command 14 of 28:
    12   m 25 o
    13   m 26 e
>>> 14   m 27 w
    15   m 28 e
    16   m 29 w


Turn 246
================================================================
warning: entity 2 was directed to use 3 halite to move north, but only 0 halite was available
At command 1 of 29:
>>> 1   m 2 n
    2   m 4 s
    3   m 6 o


Turn 247
================================================================
warning: entity 18 was directed to use 2 halite to move north, but only 0 halite was available
At command 9 of 27:
    7   m 13 o
    8   m 16 o
>>> 9   m 18 n
    10   m 20 e
    11   m 24 e

warning: entity 20 was directed to use 4 halite to move east, but only 2 halite was available
At command 10 of 27:
    8   m 16 o
    9   m 18 n
>>> 10   m 20 e
    11   m 24 e
    12   m 25 o


Turn 250
================================================================
warning: entity 18 was directed to use 3 halite to move north, but only 2 halite was available
At command 9 of 29:
    7   m 13 o
    8   m 16 o
>>> 9   m 18 n
    10   m 20 o
    11   m 22 s

warning: entity 22 was directed to use 2 halite to move south, but only 0 halite was available
At command 11 of 29:
    9   m 18 n
    10   m 20 o
>>> 11   m 22 s
    12   m 24 o
    13   m 25 o


Turn 251
================================================================
warning: entity 2 was directed to use 2 halite to move north, but only 0 halite was available
At command 1 of 27:
>>> 1   m 2 n
    2   m 6 o
    3   m 8 w

warning: entity 8 was directed to use 2 halite to move west, but only 0 halite was available
At command 3 of 27:
    1   m 2 n
    2   m 6 o
>>> 3   m 8 w
    4   m 10 s
    5   m 11 o


Turn 252
================================================================
warning: entity 27 was directed to use 4 halite to move west, but only 1 halite was available
At command 15 of 29:
    13   m 25 o
    14   m 26 e
>>> 15   m 27 w
    16   m 28 e
    17   m 29 n


Turn 253
================================================================
warning: entity 22 was directed to use 3 halite to move north, but only 2 halite was available
At command 11 of 29:
    9   m 18 n
    10   m 20 o
>>> 11   m 22 n
    12   m 24 n
    13   m 25 o


Turn 254
================================================================
warning: entity 8 was directed to use 3 halite to move west, but only 2 halite was available
At command 4 of 27:
    2   m 4 n
    3   m 6 o
>>> 4   m 8 w
    5   m 11 e
    6   m 13 o


Turn 255
================================================================
warning: entity 2 was directed to use 3 halite to move north, but only 1 halite was available
At command 1 of 29:
>>> 1   m 2 n
    2   m 4 n
    3   m 6 o


Turn 257
================================================================
warning: entity 4 was directed to use 1 halite to move west, but only 0 halite was available
At command 2 of 26:
    1   m 2 n
>>> 2   m 4 w
    3   m 6 o
    4   m 8 o


Turn 259
================================================================
warning: entity 10 was directed to use 1 halite to move north, but only 0 halite was available
At command 5 of 29:
    3   m 6 o
    4   m 8 n
>>> 5   m 10 n
    6   m 11 s
    7   m 13 s


Turn 261
================================================================
warning: entity 35 was directed to use 1 halite to move west, but only 0 halite was available
At command 22 of 28:
    20   m 33 e
    21   m 34 w
>>> 22   m 35 w
    23   m 36 e
    24   m 37 w


Turn 262
================================================================
warning: entity 10 was directed to use 4 halite to move north, but only 2 halite was available
At command 5 of 28:
    3   m 6 o
    4   m 8 n
>>> 5   m 10 n
    6   m 11 e
    7   m 13 o


Turn 263
================================================================
warning: entity 31 was directed to use 1 halite to move north, but only 0 halite was available
At command 19 of 29:
    17   m 29 n
    18   m 30 n
>>> 19   m 31 n
    20   m 32 n
    21   m 33 n


Turn 264
================================================================
warning: entity 35 was directed to use 2 halite to move north, but only 1 halite was available
At command 22 of 28:
    20   m 33 n
    21   m 34 n
>>> 22   m 35 n
    23   m 36 o
    24   m 37 s


Turn 266
================================================================
warning: entity 10 was directed to use 4 halite to move south, but only 2 halite was available
At command 5 of 29:
    3   m 6 o
    4   m 8 n
>>> 5   m 10 s
    6   m 11 n
    7   m 13 s

warning: entity 30 was directed to use 1 halite to move west, but only 0 halite was available
At command 18 of 29:
    16   m 28 w
    17   m 29 n
>>> 18   m 30 w
    19   m 31 n
    20   m 32 n


Turn 267
================================================================
warning: entity 28 was directed to use 1 halite to move north, but only 0 halite was available
At command 16 of 28:
    14   m 26 o
    15   m 27 o
>>> 16   m 28 n
    17   m 29 n
    18   m 30 w

warning: entity 29 was directed to use 1 halite to move north, but only 0 halite was available
At command 17 of 28:
    15   m 27 o
    16   m 28 n
>>> 17   m 29 n
    18   m 30 w
    19   m 31 n


Turn 269
================================================================
warning: entity 35 was directed to use 4 halite to move north, but only 3 halite was available
At command 23 of 28:
    21   m 33 s
    22   m 34 e
>>> 23   m 35 n
    24   m 36 o
    25   m 37 o


Turn 270
================================================================
warning: entity 29 was directed to use 2 halite to move north, but only 1 halite was available
At command 17 of 29:
    15   m 27 o
    16   m 28 o
>>> 17   m 29 n
    18   m 30 w
    19   m 31 e

warning: entity 41 was directed to use 1 halite to move west, but only 0 halite was available
At command 29 of 29:
    27   m 39 w
    28   m 40 s
>>> 29   m 41 w


Turn 273
================================================================
warning: entity 30 was directed to use 4 halite to move east, but only 1 halite was available
At command 18 of 29:
    16   m 28 o
    17   m 29 n
>>> 18   m 30 e
    19   m 31 o
    20   m 32 w


Turn 274
================================================================
warning: entity 13 was directed to use 1 halite to move west, but only 0 halite was available
At command 6 of 26:
    4   m 10 o
    5   m 11 s
>>> 6   m 13 w
    7   m 16 w
    8   m 20 o

warning: entity 34 was directed to use 1 halite to move south, but only 0 halite was available
At command 19 of 26:
    17   m 31 o
    18   m 32 o
>>> 19   m 34 s
    20   m 35 o
    21   m 36 n


Turn 275
================================================================
warning: entity 29 was directed to use 3 halite to move south, but only 0 halite was available
At command 16 of 27:
    14   m 27 o
    15   m 28 n
>>> 16   m 29 s
    17   m 30 w
    18   m 31 o


Turn 277
================================================================
warning: entity 34 was directed to use 4 halite to move south, but only 0 halite was available
At command 22 of 28:
    20   m 32 o
    21   m 33 w
>>> 22   m 34 s
    23   m 35 n
    24   m 36 w


Turn 278
================================================================
warning: entity 33 was directed to use 1 halite to move west, but only 0 halite was available
At command 21 of 28:
    19   m 31 n
    20   m 32 o
>>> 21   m 33 w
    22   m 34 s
    23   m 35 o

warning: entity 41 was directed to use 3 halite to move west, but only 1 halite was available
At command 28 of 28:
    26   m 39 n
    27   m 40 w
>>> 28   m 41 w


Turn 280
================================================================
warning: entity 13 was directed to use 4 halite to move north, but only 1 halite was available
At command 7 of 29:
    5   m 10 o
    6   m 11 s
>>> 7   m 13 n
    8   m 16 n
    9   m 18 s


Turn 281
================================================================
warning: entity 41 was directed to use 4 halite to move east, but only 3 halite was available
At command 28 of 28:
    26   m 39 n
    27   m 40 w
>>> 28   m 41 e


Turn 284
================================================================
warning: entity 33 was directed to use 4 halite to move north, but only 1 halite was available
At command 21 of 29:
    19   m 31 o
    20   m 32 o
>>> 21   m 33 n
    22   m 34 s
    23   m 35 o

warning: entity 40 was directed to use 1 halite to move west, but only 0 halite was available
At command 28 of 29:
    26   m 38 n
    27   m 39 n
>>> 28   m 40 w
    29   m 41 o


Turn 285
================================================================
warning: entity 11 was directed to use 2 halite to move north, but only 0 halite was available
At command 5 of 27:
    3   m 6 e
    4   m 10 e
>>> 5   m 11 n
    6   m 13 o
    7   m 16 e


Turn 287
================================================================
warning: entity 34 was directed to use 1 halite to move south, but only 0 halite was available
At command 22 of 29:
    20   m 32 o
    21   m 33 o
>>> 22   m 34 s
    23   m 35 o
    24   m 36 s


Turn 288
================================================================
warning: entity 40 was directed to use 3 halite to move south, but only 0 halite was available
At command 27 of 28:
    25   m 37 w
    26   m 39 w
>>> 27   m 40 s
    28   m 41 o


Turn 289
================================================================
warning: entity 26 was directed to use 1 halite to move west, but only 0 halite was available
At command 12 of 27:
    10   m 24 e
    11   m 25 w
>>> 12   m 26 w
    13   m 27 e
    14   m 28 o


Turn 291
================================================================
warning: entity 8 was directed to use 1 halite to move north, but only 0 halite was available
At command 4 of 29:
    2   m 4 o
    3   m 6 w
>>> 4   m 8 n
    5   m 10 o
    6   m 11 o


Turn 292
================================================================
warning: entity 26 was directed to use 2 halite to move west, but only 1 halite was available
At command 13 of 26:
    11   m 24 e
    12   m 25 w
>>> 13   m 26 w
    14   m 27 o
    15   m 30 o

warning: entity 40 was directed to use 4 halite to move east, but only 1 halite was available
At command 25 of 26:
    23   m 38 w
    24   m 39 w
>>> 25   m 40 e
    26   m 41 o


Turn 295
================================================================
warning: entity 8 was directed to use 2 halite to move north, but only 0 halite was available
At command 4 of 28:
    2   m 4 o
    3   m 6 s
>>> 4   m 8 n
    5   m 10 o
    6   m 11 n

warning: entity 11 was directed to use 3 halite to move north, but only 0 halite was available
At command 6 of 28:
    4   m 8 n
    5   m 10 o
>>> 6   m 11 n
    7   m 13 o
    8   m 16 s


Turn 296
================================================================
warning: entity 18 was directed to use 1 halite to move west, but only 0 halite was available
At command 8 of 28:
    6   m 13 o
    7   m 16 s
>>> 8   m 18 w
    9   m 20 n
    10   m 22 o


Turn 297
================================================================
warning: entity 8 was directed to use 5 halite to move north, but only 4 halite was available
At command 4 of 29:
    2   m 4 o
    3   m 6 w
>>> 4   m 8 n
    5   m 10 o
    6   m 11 o

warning: entity 39 was directed to use 3 halite to move north, but only 1 halite was available
At command 27 of 29:
    25   m 37 n
    26   m 38 o
>>> 27   m 39 n
    28   m 40 n
    29   m 41 o


Turn 299
================================================================
warning: entity 18 was directed to use 3 halite to move west, but only 1 halite was available
At command 9 of 27:
    7   m 13 n
    8   m 16 s
>>> 9   m 18 w
    10   m 20 n
    11   m 22 s

warning: entity 20 was directed to use 1 halite to move north, but only 0 halite was available
At command 10 of 27:
    8   m 16 s
    9   m 18 w
>>> 10   m 20 n
    11   m 22 s
    12   m 25 w


Turn 302
================================================================
warning: entity 40 was directed to use 2 halite to move east, but only 1 halite was available
At command 28 of 29:
    26   m 38 s
    27   m 39 n
>>> 28   m 40 e
    29   m 41 o


Turn 303
================================================================
warning: entity 20 was directed to use 2 halite to move north, but only 1 halite was available
At command 9 of 27:
    7   m 13 o
    8   m 18 o
>>> 9   m 20 n
    10   m 22 s
    11   m 24 n

warning: entity 24 was directed to use 1 halite to move north, but only 0 halite was available
At command 11 of 27:
    9   m 20 n
    10   m 22 s
>>> 11   m 24 n
    12   m 25 w
    13   m 26 n


Turn 304
================================================================
warning: entity 6 was directed to use 2 halite to move west, but only 0 halite was available
At command 3 of 29:
    1   m 2 s
    2   m 4 s
>>> 3   m 6 w
    4   m 8 o
    5   m 10 o


Turn 305
================================================================
warning: entity 37 was directed to use 2 halite to move north, but only 0 halite was available
At command 25 of 29:
    23   m 35 e
    24   m 36 o
>>> 25   m 37 n
    26   m 38 s
    27   m 39 o


Turn 306
================================================================
warning: entity 20 was directed to use 4 halite to move north, but only 2 halite was available
At command 9 of 28:
    7   m 16 w
    8   m 18 n
>>> 9   m 20 n
    10   m 22 s
    11   m 24 n

warning: entity 40 was directed to use 4 halite to move north, but only 1 halite was available
At command 27 of 28:
    25   m 38 s
    26   m 39 n
>>> 27   m 40 n
    28   m 41 o


Turn 307
================================================================
warning: entity 6 was directed to use 4 halite to move north, but only 3 halite was available
At command 2 of 28:
    1   m 4 s
>>> 2   m 6 n
    3   m 8 o
    4   m 10 s


Turn 310
================================================================
warning: entity 24 was directed to use 4 halite to move north, but only 0 halite was available
At command 12 of 29:
    10   m 20 o
    11   m 22 o
>>> 12   m 24 n
    13   m 25 n
    14   m 26 o

warning: entity 37 was directed to use 4 halite to move west, but only 2 halite was available
At command 25 of 29:
    23   m 35 n
    24   m 36 o
>>> 25   m 37 w
    26   m 38 o
    27   m 39 n


Turn 312
================================================================
warning: entity 6 was directed to use 4 halite to move west, but only 1 halite was available
At command 3 of 29:
    1   m 2 w
    2   m 4 n
>>> 3   m 6 w
    4   m 8 o
    5   m 10 s

warning: entity 16 was directed to use 1 halite to move west, but only 0 halite was available
At command 8 of 29:
    6   m 11 s
    7   m 13 o
>>> 8   m 16 w
    9   m 18 o
    10   m 20 o


Turn 316
================================================================
warning: entity 2 was directed to use 1 halite to move west, but only 0 halite was available
At command 1 of 29:
>>> 1   m 2 w
    2   m 4 s
    3   m 6 o

warning: entity 24 was directed to use 4 halite to move east, but only 2 halite was available
At command 12 of 29:
    10   m 20 o
    11   m 22 w
>>> 12   m 24 e
    13   m 25 w
    14   m 26 o


Turn 319
================================================================
warning: entity 2 was directed to use 3 halite to move north, but only 2 halite was available
At command 1 of 28:
>>> 1   m 2 n
    2   m 4 o
    3   m 6 o


Turn 321
================================================================
warning: entity 28 was directed to use 1 halite to move west, but only 0 halite was available
At command 15 of 28:
    13   m 26 e
    14   m 27 s
>>> 15   m 28 w
    16   m 29 n
    17   m 30 s


Turn 324
================================================================
warning: entity 25 was directed to use 3 halite to move west, but only 2 halite was available
At command 12 of 28:
    10   m 20 o
    11   m 24 s
>>> 12   m 25 w
    13   m 26 e
    14   m 27 n

warning: entity 29 was directed to use 1 halite to move north, but only 0 halite was available
At command 16 of 28:
    14   m 27 n
    15   m 28 o
>>> 16   m 29 n
    17   m 30 s
    18   m 31 s


Turn 325
================================================================
warning: entity 2 was directed to use 4 halite to move north, but only 0 halite was available
At command 1 of 28:
>>> 1   m 2 n
    2   m 4 w
    3   m 6 o


Turn 328
================================================================
warning: entity 29 was directed to use 1 halite to move north, but only 0 halite was available
At command 17 of 29:
    15   m 27 o
    16   m 28 s
>>> 17   m 29 n
    18   m 30 w
    19   m 31 w


Turn 329
================================================================
warning: entity 2 was directed to use 4 halite to move west, but only 0 halite was available
At command 1 of 29:
>>> 1   m 2 w
    2   m 4 w
    3   m 6 o


Turn 330
================================================================
warning: entity 10 was directed to use 1 halite to move west, but only 0 halite was available
At command 4 of 27:
    2   m 4 o
    3   m 8 o
>>> 4   m 10 w
    5   m 11 w
    6   m 13 e


Turn 331
================================================================
warning: entity 29 was directed to use 1 halite to move east, but only 0 halite was available
At command 17 of 28:
    15   m 27 o
    16   m 28 o
>>> 17   m 29 e
    18   m 30 w
    19   m 31 w


Turn 333
================================================================
warning: entity 10 was directed to use 3 halite to move west, but only 2 halite was available
At command 5 of 28:
    3   m 6 o
    4   m 8 s
>>> 5   m 10 w
    6   m 13 o
    7   m 16 o

warning: entity 22 was directed to use 1 halite to move west, but only 0 halite was available
At command 10 of 28:
    8   m 18 o
    9   m 20 e
>>> 10   m 22 w
    11   m 24 o
    12   m 25 w


Turn 334
================================================================
warning: entity 29 was directed to use 3 halite to move east, but only 2 halite was available
At command 17 of 29:
    15   m 27 o
    16   m 28 w
>>> 17   m 29 e
    18   m 30 w
    19   m 31 e


Turn 336
================================================================
warning: entity 22 was directed to use 2 halite to move west, but only 1 halite was available
At command 11 of 29:
    9   m 18 o
    10   m 20 o
>>> 11   m 22 w
    12   m 24 o
    13   m 25 o

warning: entity 30 was directed to use 1 halite to move north, but only 0 halite was available
At command 18 of 29:
    16   m 28 o
    17   m 29 e
>>> 18   m 30 n
    19   m 31 w
    20   m 32 s


Turn 337
================================================================
warning: entity 10 was directed to use 4 halite to move east, but only 0 halite was available
At command 4 of 25:
    2   m 6 o
    3   m 8 s
>>> 4   m 10 e
    5   m 11 n
    6   m 13 w


Turn 339
================================================================
warning: entity 30 was directed to use 3 halite to move north, but only 0 halite was available
At command 18 of 29:
    16   m 28 o
    17   m 29 o
>>> 18   m 30 n
    19   m 31 e
    20   m 32 n


Turn 340
================================================================
warning: entity 22 was directed to use 4 halite to move north, but only 1 halite was available
At command 11 of 29:
    9   m 18 e
    10   m 20 o
>>> 11   m 22 n
    12   m 24 o
    13   m 25 o

warning: entity 33 was directed to use 2 halite to move west, but only 0 halite was available
At command 21 of 29:
    19   m 31 w
    20   m 32 s
>>> 21   m 33 w
    22   m 34 e
    23   m 35 s


Turn 341
================================================================
warning: entity 10 was directed to use 4 halite to move west, but only 1 halite was available
At command 5 of 27:
    3   m 6 e
    4   m 8 s
>>> 5   m 10 w
    6   m 11 n
    7   m 16 o


Turn 342
================================================================
warning: entity 11 was directed to use 3 halite to move north, but only 2 halite was available
At command 6 of 29:
    4   m 8 o
    5   m 10 w
>>> 6   m 11 n
    7   m 13 w
    8   m 16 o


Turn 343
================================================================
warning: entity 34 was directed to use 1 halite to move east, but only 0 halite was available
At command 22 of 29:
    20   m 32 o
    21   m 33 w
>>> 22   m 34 e
    23   m 35 o
    24   m 36 n


Turn 346
================================================================
warning: entity 4 was directed to use 2 halite to move north, but only 1 halite was available
At command 2 of 28:
    1   m 2 o
>>> 2   m 4 n
    3   m 6 o
    4   m 8 o


Turn 348
================================================================
warning: entity 34 was directed to use 2 halite to move south, but only 1 halite was available
At command 22 of 29:
    20   m 32 w
    21   m 33 w
>>> 22   m 34 s
    23   m 35 o
    24   m 36 e


Turn 349
================================================================
warning: entity 33 was directed to use 4 halite to move west, but only 3 halite was available
At command 21 of 29:
    19   m 31 n
    20   m 32 o
>>> 21   m 33 w
    22   m 34 s
    23   m 35 o


Turn 351
================================================================
warning: entity 4 was directed to use 4 halite to move east, but only 2 halite was available
At command 2 of 29:
    1   m 2 n
>>> 2   m 4 e
    3   m 6 o
    4   m 8 w

warning: entity 13 was directed to use 1 halite to move west, but only 0 halite was available
At command 7 of 29:
    5   m 10 o
    6   m 11 o
>>> 7   m 13 w
    8   m 16 o
    9   m 18 e


Turn 354
================================================================
warning: entity 36 was directed to use 1 halite to move east, but only 0 halite was available
At command 24 of 29:
    22   m 34 s
    23   m 35 s
>>> 24   m 36 e
    25   m 37 w
    26   m 38 n


Turn 355
================================================================
warning: entity 26 was directed to use 4 halite to move north, but only 0 halite was available
At command 14 of 29:
    12   m 24 w
    13   m 25 o
>>> 14   m 26 n
    15   m 27 w
    16   m 28 o


Turn 356
================================================================
warning: entity 13 was directed to use 2 halite to move west, but only 0 halite was available
At command 7 of 29:
    5   m 10 e
    6   m 11 o
>>> 7   m 13 w
    8   m 16 e
    9   m 18 o


Turn 357
================================================================
warning: entity 27 was directed to use 1 halite to move west, but only 0 halite was available
At command 14 of 28:
    12   m 25 o
    13   m 26 n
>>> 14   m 27 w
    15   m 28 o
    16   m 29 w

warning: entity 36 was directed to use 3 halite to move east, but only 0 halite was available
At command 23 of 28:
    21   m 34 s
    22   m 35 s
>>> 23   m 36 e
    24   m 37 w
    25   m 38 n


Turn 359
================================================================
warning: entity 26 was directed to use 3 halite to move north, but only 2 halite was available
At command 14 of 28:
    12   m 24 w
    13   m 25 o
>>> 14   m 26 n
    15   m 27 w
    16   m 28 o


Turn 360
================================================================
warning: entity 13 was directed to use 4 halite to move north, but only 1 halite was available
At command 7 of 29:
    5   m 10 o
    6   m 11 n
>>> 7   m 13 n
    8   m 16 e
    9   m 18 s

warning: entity 31 was directed to use 1 halite to move west, but only 0 halite was available
At command 19 of 29:
    17   m 29 s
    18   m 30 s
>>> 19   m 31 w
    20   m 32 n
    21   m 33 s


Turn 361
================================================================
warning: entity 8 was directed to use 1 halite to move north, but only 0 halite was available
At command 3 of 28:
    1   m 2 n
    2   m 4 n
>>> 3   m 8 n
    4   m 10 n
    5   m 11 o

warning: entity 27 was directed to use 2 halite to move west, but only 1 halite was available
At command 14 of 28:
    12   m 25 o
    13   m 26 n
>>> 14   m 27 w
    15   m 28 o
    16   m 29 w

warning: entity 32 was directed to use 3 halite to move north, but only 0 halite was available
At command 19 of 28:
    17   m 30 s
    18   m 31 w
>>> 19   m 32 n
    20   m 33 n
    21   m 34 o


Turn 363
================================================================
warning: entity 26 was directed to use 4 halite to move north, but only 1 halite was available
At command 13 of 28:
    11   m 24 s
    12   m 25 o
>>> 13   m 26 n
    14   m 27 w
    15   m 28 e


Turn 365
================================================================
warning: entity 31 was directed to use 1 halite to move north, but only 0 halite was available
At command 17 of 27:
    15   m 29 n
    16   m 30 s
>>> 17   m 31 n
    18   m 32 n
    19   m 33 w


Turn 366
================================================================
warning: entity 32 was directed to use 2 halite to move north, but only 0 halite was available
At command 20 of 29:
    18   m 30 o
    19   m 31 n
>>> 20   m 32 n
    21   m 33 n
    22   m 34 o


Turn 367
================================================================
warning: entity 33 was directed to use 4 halite to move north, but only 3 halite was available
At command 21 of 29:
    19   m 31 o
    20   m 32 n
>>> 21   m 33 n
    22   m 34 o
    23   m 35 o

warning: entity 38 was directed to use 3 halite to move south, but only 0 halite was available
At command 26 of 29:
    24   m 36 o
    25   m 37 o
>>> 26   m 38 s
    27   m 39 e
    28   m 40 s


Turn 370
================================================================
warning: entity 32 was directed to use 4 halite to move north, but only 0 halite was available
At command 20 of 29:
    18   m 30 s
    19   m 31 w
>>> 20   m 32 n
    21   m 33 o
    22   m 34 o


Turn 371
================================================================
warning: entity 8 was directed to use 3 halite to move north, but only 0 halite was available
At command 4 of 28:
    2   m 4 o
    3   m 6 w
>>> 4   m 8 n
    5   m 10 e
    6   m 11 o


Turn 373
================================================================
warning: entity 6 was directed to use 1 halite to move west, but only 0 halite was available
At command 3 of 29:
    1   m 2 e
    2   m 4 n
>>> 3   m 6 w
    4   m 8 n
    5   m 10 e

warning: entity 38 was directed to use 5 halite to move south, but only 0 halite was available
At command 26 of 29:
    24   m 36 o
    25   m 37 e
>>> 26   m 38 s
    27   m 39 s
    28   m 40 s


Turn 376
================================================================
warning: entity 8 was directed to use 4 halite to move north, but only 3 halite was available
At command 4 of 28:
    2   m 4 w
    3   m 6 w
>>> 4   m 8 n
    5   m 10 e
    6   m 11 o

warning: entity 24 was directed to use 1 halite to move west, but only 0 halite was available
At command 12 of 28:
    10   m 20 o
    11   m 22 o
>>> 12   m 24 w
    13   m 26 o
    14   m 27 n


Turn 378
================================================================
warning: entity 6 was directed to use 2 halite to move west, but only 1 halite was available
At command 3 of 27:
    1   m 2 o
    2   m 4 n
>>> 3   m 6 w
    4   m 8 n
    5   m 10 e

warning: entity 32 was directed to use 1 halite to move north, but only 0 halite was available
At command 18 of 27:
    16   m 30 w
    17   m 31 n
>>> 18   m 32 n
    19   m 33 o
    20   m 34 o


Turn 379
================================================================
warning: entity 35 was directed to use 2 halite to move north, but only 0 halite was available
At command 22 of 28:
    20   m 33 o
    21   m 34 o
>>> 22   m 35 n
    23   m 36 o
    24   m 37 e


Turn 380
================================================================
warning: entity 29 was directed to use 1 halite to move west, but only 0 halite was available
At command 16 of 28:
    14   m 27 o
    15   m 28 e
>>> 16   m 29 w
    17   m 30 n
    18   m 31 n


Turn 381
================================================================
warning: entity 24 was directed to use 1 halite to move west, but only 0 halite was available
At command 12 of 28:
    10   m 20 n
    11   m 22 o
>>> 12   m 24 w
    13   m 26 o
    14   m 27 o


Turn 382
================================================================
warning: entity 32 was directed to use 4 halite to move south, but only 0 halite was available
At command 18 of 27:
    16   m 30 e
    17   m 31 o
>>> 18   m 32 s
    19   m 33 o
    20   m 34 o


Turn 383
================================================================
warning: entity 6 was directed to use 4 halite to move north, but only 2 halite was available
At command 3 of 27:
    1   m 2 s
    2   m 4 e
>>> 3   m 6 n
    4   m 8 o
    5   m 10 e


Turn 384
================================================================
warning: entity 35 was directed to use 2 halite to move north, but only 0 halite was available
At command 22 of 28:
    20   m 33 e
    21   m 34 w
>>> 22   m 35 n
    23   m 36 o
    24   m 37 s


Turn 386
================================================================
warning: entity 29 was directed to use 4 halite to move west, but only 1 halite was available
At command 16 of 27:
    14   m 27 o
    15   m 28 w
>>> 16   m 29 w
    17   m 30 o
    18   m 31 o

warning: entity 32 was directed to use 3 halite to move north, but only 2 halite was available
At command 19 of 27:
    17   m 30 o
    18   m 31 o
>>> 19   m 32 n
    20   m 34 w
    21   m 35 n


Turn 388
================================================================
warning: entity 18 was directed to use 1 halite to move west, but only 0 halite was available
At command 9 of 28:
    7   m 13 e
    8   m 16 n
>>> 9   m 18 w
    10   m 20 n
    11   m 22 e

warning: entity 35 was directed to use 3 halite to move north, but only 0 halite was available
At command 22 of 28:
    20   m 33 o
    21   m 34 w
>>> 22   m 35 n
    23   m 36 s
    24   m 37 e


Turn 390
================================================================
warning: entity 8 was directed to use 4 halite to move west, but only 3 halite was available
At command 4 of 28:
    2   m 4 e
    3   m 6 o
>>> 4   m 8 w
    5   m 10 e
    6   m 11 o

warning: entity 20 was directed to use 4 halite to move north, but only 1 halite was available
At command 10 of 28:
    8   m 16 n
    9   m 18 w
>>> 10   m 20 n
    11   m 22 e
    12   m 24 o


Turn 391
================================================================
warning: entity 16 was directed to use 1 halite to move north, but only 0 halite was available
At command 8 of 28:
    6   m 11 o
    7   m 13 e
>>> 8   m 16 n
    9   m 18 w
    10   m 20 n


Turn 393
================================================================
warning: entity 18 was directed to use 3 halite to move west, but only 2 halite was available
At command 8 of 27:
    6   m 13 e
    7   m 16 n
>>> 8   m 18 w
    9   m 20 n
    10   m 22 e

warning: entity 30 was directed to use 1 halite to move north, but only 0 halite was available
At command 16 of 27:
    14   m 28 e
    15   m 29 o
>>> 16   m 30 n
    17   m 31 o
    18   m 32 o


Turn 395
================================================================
warning: entity 16 was directed to use 2 halite to move north, but only 0 halite was available
At command 7 of 27:
    5   m 11 s
    6   m 13 e
>>> 7   m 16 n
    8   m 18 n
    9   m 20 o


Turn 397
================================================================
warning: entity 2 was directed to use 1 halite to move north, but only 0 halite was available
At command 1 of 26:
>>> 1   m 2 n
    2   m 4 e
    3   m 6 o


Turn 398
================================================================
warning: entity 30 was directed to use 3 halite to move north, but only 0 halite was available
At command 17 of 28:
    15   m 28 e
    16   m 29 s
>>> 17   m 30 n
    18   m 31 o
    19   m 32 o


Turn 399
================================================================
warning: entity 18 was directed to use 4 halite to move north, but only 0 halite was available
At command 9 of 27:
    7   m 13 s
    8   m 16 n
>>> 9   m 18 n
    10   m 20 o
    11   m 22 s


Turn 400
================================================================
warning: entity 16 was directed to use 2 halite to move north, but only 0 halite was available
At command 8 of 28:
    6   m 11 o
    7   m 13 e
>>> 8   m 16 n
    9   m 18 n
    10   m 20 o


Turn 402
================================================================
warning: entity 2 was directed to use 2 halite to move north, but only 0 halite was available
At command 1 of 28:
>>> 1   m 2 n
    2   m 4 o
    3   m 6 e


Turn 403
================================================================
warning: entity 16 was directed to use 2 halite to move north, but only 1 halite was available
At command 7 of 27:
    5   m 10 w
    6   m 11 s
>>> 7   m 16 n
    8   m 18 w
    9   m 20 o

warning: entity 30 was directed to use 3 halite to move south, but only 2 halite was available
At command 16 of 27:
    14   m 28 s
    15   m 29 o
>>> 16   m 30 s
    17   m 31 e
    18   m 32 o

warning: entity 37 was directed to use 1 halite to move north, but only 0 halite was available
At command 23 of 27:
    21   m 35 o
    22   m 36 o
>>> 23   m 37 n
    24   m 38 o
    25   m 39 s


Turn 404
================================================================
warning: entity 39 was directed to use 2 halite to move north, but only 0 halite was available
At command 24 of 26:
    22   m 37 n
    23   m 38 o
>>> 24   m 39 n
    25   m 40 o
    26   m 41 n


Turn 405
================================================================
warning: entity 2 was directed to use 4 halite to move north, but only 2 halite was available
At command 1 of 27:
>>> 1   m 2 n
    2   m 4 s
    3   m 6 e


Turn 406
================================================================
warning: entity 10 was directed to use 1 halite to move south, but only 0 halite was available
At command 5 of 26:
    3   m 6 o
    4   m 8 o
>>> 5   m 10 s
    6   m 11 s
    7   m 13 w


Turn 407
================================================================
warning: entity 16 was directed to use 3 halite to move east, but only 0 halite was available
At command 8 of 27:
    6   m 11 s
    7   m 13 w
>>> 8   m 16 e
    9   m 20 o
    10   m 22 w

warning: entity 37 was directed to use 1 halite to move north, but only 0 halite was available
At command 23 of 27:
    21   m 35 o
    22   m 36 w
>>> 23   m 37 n
    24   m 38 o
    25   m 39 n


Turn 409
================================================================
warning: entity 10 was directed to use 3 halite to move south, but only 2 halite was available
At command 5 of 26:
    3   m 6 o
    4   m 8 e
>>> 5   m 10 s
    6   m 11 s
    7   m 13 w


Turn 411
================================================================
warning: entity 37 was directed to use 3 halite to move north, but only 1 halite was available
At command 23 of 27:
    21   m 35 o
    22   m 36 w
>>> 23   m 37 n
    24   m 38 o
    25   m 39 n


Turn 416
================================================================
warning: entity 28 was directed to use 1 halite to move north, but only 0 halite was available
At command 14 of 27:
    12   m 26 o
    13   m 27 e
>>> 14   m 28 n
    15   m 29 o
    16   m 30 n

warning: entity 37 was directed to use 4 halite to move north, but only 1 halite was available
At command 23 of 27:
    21   m 35 e
    22   m 36 o
>>> 23   m 37 n
    24   m 38 w
    25   m 39 n

warning: entity 39 was directed to use 1 halite to move north, but only 0 halite was available
At command 25 of 27:
    23   m 37 n
    24   m 38 w
>>> 25   m 39 n
    26   m 40 n
    27   m 41 w


Turn 420
================================================================
warning: entity 22 was directed to use 1 halite to move west, but only 0 halite was available
At command 10 of 27:
    8   m 16 o
    9   m 20 n
>>> 10   m 22 w
    11   m 24 s
    12   m 26 s

warning: entity 39 was directed to use 1 halite to move north, but only 0 halite was available
At command 25 of 27:
    23   m 37 n
    24   m 38 w
>>> 25   m 39 n
    26   m 40 n
    27   m 41 w

warning: entity 40 was directed to use 1 halite to move north, but only 0 halite was available
At command 26 of 27:
    24   m 38 w
    25   m 39 n
>>> 26   m 40 n
    27   m 41 w


Turn 421
================================================================
warning: entity 28 was directed to use 1 halite to move north, but only 0 halite was available
At command 14 of 26:
    12   m 26 o
    13   m 27 e
>>> 14   m 28 n
    15   m 29 o
    16   m 30 e

warning: entity 37 was directed to use 4 halite to move north, but only 3 halite was available
At command 22 of 26:
    20   m 35 o
    21   m 36 w
>>> 22   m 37 n
    23   m 38 w
    24   m 39 n


Turn 423
================================================================
warning: entity 34 was directed to use 2 halite to move east, but only 0 halite was available
At command 20 of 27:
    18   m 32 o
    19   m 33 w
>>> 20   m 34 e
    21   m 35 o
    22   m 36 w

warning: entity 39 was directed to use 1 halite to move north, but only 0 halite was available
At command 25 of 27:
    23   m 37 o
    24   m 38 w
>>> 25   m 39 n
    26   m 40 n
    27   m 41 w


Turn 424
================================================================
warning: entity 28 was directed to use 3 halite to move north, but only 1 halite was available
At command 14 of 27:
    12   m 26 w
    13   m 27 e
>>> 14   m 28 n
    15   m 29 o
    16   m 30 o

warning: entity 40 was directed to use 2 halite to move north, but only 0 halite was available
At command 26 of 27:
    24   m 38 o
    25   m 39 n
>>> 26   m 40 n
    27   m 41 w


Turn 425
================================================================
warning: entity 11 was directed to use 1 halite to move south, but only 0 halite was available
At command 6 of 26:
    4   m 8 o
    5   m 10 o
>>> 6   m 11 s
    7   m 13 n
    8   m 16 o

warning: entity 22 was directed to use 1 halite to move west, but only 0 halite was available
At command 10 of 26:
    8   m 16 o
    9   m 20 w
>>> 10   m 22 w
    11   m 26 w
    12   m 27 e


Turn 426
================================================================
warning: entity 34 was directed to use 4 halite to move east, but only 3 halite was available
At command 20 of 27:
    18   m 32 e
    19   m 33 w
>>> 20   m 34 e
    21   m 35 o
    22   m 36 w

warning: entity 39 was directed to use 3 halite to move north, but only 1 halite was available
At command 25 of 27:
    23   m 37 o
    24   m 38 o
>>> 25   m 39 n
    26   m 40 n
    27   m 41 w


Turn 428
================================================================
warning: entity 22 was directed to use 4 halite to move north, but only 2 halite was available
At command 10 of 27:
    8   m 16 o
    9   m 20 o
>>> 10   m 22 n
    11   m 24 n
    12   m 26 w

warning: entity 40 was directed to use 4 halite to move north, but only 2 halite was available
At command 26 of 27:
    24   m 38 o
    25   m 39 e
>>> 26   m 40 n
    27   m 41 s

warning: entity 41 was directed to use 4 halite to move south, but only 0 halite was available
At command 27 of 27:
    25   m 39 e
    26   m 40 n
>>> 27   m 41 s


Turn 429
================================================================
warning: entity 11 was directed to use 3 halite to move south, but only 1 halite was available
At command 6 of 26:
    4   m 8 o
    5   m 10 s
>>> 6   m 11 s
    7   m 13 o
    8   m 16 o


Turn 431
================================================================
warning: entity 28 was directed to use 3 halite to move east, but only 1 halite was available
At command 14 of 27:
    12   m 26 n
    13   m 27 e
>>> 14   m 28 e
    15   m 29 o
    16   m 30 e

warning: entity 39 was directed to use 4 halite to move east, but only 3 halite was available
At command 25 of 27:
    23   m 37 s
    24   m 38 o
>>> 25   m 39 e
    26   m 40 n
    27   m 41 o


Turn 432
================================================================
warning: entity 40 was directed to use 4 halite to move north, but only 2 halite was available
At command 26 of 27:
    24   m 38 n
    25   m 39 e
>>> 26   m 40 n
    27   m 41 o


Turn 433
================================================================
warning: entity 11 was directed to use 3 halite to move south, but only 2 halite was available
At command 6 of 27:
    4   m 8 s
    5   m 10 o
>>> 6   m 11 s
    7   m 13 n
    8   m 16 e

warning: entity 33 was directed to use 4 halite to move south, but only 0 halite was available
At command 19 of 27:
    17   m 31 s
    18   m 32 o
>>> 19   m 33 s
    20   m 34 s
    21   m 35 o

warning: entity 34 was directed to use 4 halite to move south, but only 0 halite was available
At command 20 of 27:
    18   m 32 o
    19   m 33 s
>>> 20   m 34 s
    21   m 35 o
    22   m 36 n


Turn 435
================================================================
warning: entity 22 was directed to use 3 halite to move north, but only 2 halite was available
At command 10 of 27:
    8   m 16 o
    9   m 20 o
>>> 10   m 22 n
    11   m 24 n
    12   m 26 n

warning: entity 24 was directed to use 3 halite to move north, but only 0 halite was available
At command 11 of 27:
    9   m 20 o
    10   m 22 n
>>> 11   m 24 n
    12   m 26 n
    13   m 27 s


Turn 438
================================================================
warning: entity 28 was directed to use 4 halite to move south, but only 0 halite was available
At command 14 of 27:
    12   m 26 n
    13   m 27 s
>>> 14   m 28 s
    15   m 29 e
    16   m 30 s

warning: entity 34 was directed to use 4 halite to move south, but only 3 halite was available
At command 20 of 27:
    18   m 32 o
    19   m 33 s
>>> 20   m 34 s
    21   m 35 s
    22   m 36 e

warning: entity 39 was directed to use 15 halite to move south, but only 8 halite was available
At command 25 of 27:
    23   m 37 s
    24   m 38 n
>>> 25   m 39 s
    26   m 40 s
    27   m 41 o


Turn 439
================================================================
warning: entity 11 was directed to use 4 halite to move south, but only 3 halite was available
At command 6 of 27:
    4   m 8 o
    5   m 10 s
>>> 6   m 11 s
    7   m 13 e
    8   m 16 s

warning: entity 26 was directed to use 2 halite to move north, but only 0 halite was available
At command 12 of 27:
    10   m 22 e
    11   m 24 n
>>> 12   m 26 n
    13   m 27 s
    14   m 28 s


Turn 441
================================================================
warning: entity 4 was directed to use 2 halite to move south, but only 0 halite was available
At command 2 of 27:
    1   m 2 s
>>> 2   m 4 s
    3   m 6 s
    4   m 8 o

warning: entity 22 was directed to use 4 halite to move east, but only 1 halite was available
At command 10 of 27:
    8   m 16 s
    9   m 20 o
>>> 10   m 22 e
    11   m 24 n
    12   m 26 n


Turn 443
================================================================
warning: entity 26 was directed to use 2 halite to move north, but only 1 halite was available
At command 12 of 26:
    10   m 22 e
    11   m 24 s
>>> 12   m 26 n
    13   m 27 w
    14   m 28 s

warning: entity 28 was directed to use 19 halite to move south, but only 1 halite was available
At command 14 of 26:
    12   m 26 n
    13   m 27 w
>>> 14   m 28 s
    15   m 29 e
    16   m 30 s


Turn 444
================================================================
warning: entity 36 was directed to use 2 halite to move east, but only 0 halite was available
At command 22 of 27:
    20   m 34 o
    21   m 35 s
>>> 22   m 36 e
    23   m 37 s
    24   m 38 n


Turn 445
================================================================
warning: entity 39 was directed to use 13 halite to move south, but only 4 halite was available
At command 25 of 27:
    23   m 37 s
    24   m 38 n
>>> 25   m 39 s
    26   m 40 e
    27   m 41 o


Turn 446
================================================================
warning: entity 4 was directed to use 4 halite to move south, but only 1 halite was available
At command 2 of 25:
    1   m 2 s
>>> 2   m 4 s
    3   m 8 s
    4   m 10 e

warning: entity 22 was directed to use 3 halite to move east, but only 0 halite was available
At command 9 of 25:
    7   m 16 s
    8   m 20 s
>>> 9   m 22 e
    10   m 24 s
    11   m 26 s

warning: entity 31 was directed to use 2 halite to move north, but only 0 halite was available
At command 16 of 25:
    14   m 29 o
    15   m 30 s
>>> 16   m 31 n
    17   m 32 s
    18   m 33 o


Turn 447
================================================================
warning: entity 24 was directed to use 3 halite to move south, but only 2 halite was available
At command 11 of 27:
    9   m 20 s
    10   m 22 e
>>> 11   m 24 s
    12   m 26 s
    13   m 27 w

warning: entity 36 was directed to use 3 halite to move east, but only 2 halite was available
At command 22 of 27:
    20   m 34 w
    21   m 35 s
>>> 22   m 36 e
    23   m 37 s
    24   m 38 e


Turn 448
================================================================
warning: entity 39 was directed to use 26 halite to move south, but only 14 halite was available
At command 25 of 27:
    23   m 37 s
    24   m 38 e
>>> 25   m 39 s
    26   m 40 o
    27   m 41 s


Turn 450
================================================================
warning: entity 4 was directed to use 4 halite to move south, but only 1 halite was available
At command 2 of 27:
    1   m 2 s
>>> 2   m 4 s
    3   m 6 w
    4   m 8 s


Turn 451
================================================================
warning: entity 22 was directed to use 5 halite to move east, but only 3 halite was available
At command 10 of 27:
    8   m 16 s
    9   m 20 s
>>> 10   m 22 e
    11   m 24 s
    12   m 26 s

warning: entity 34 was directed to use 26 halite to move west, but only 2 halite was available
At command 20 of 27:
    18   m 32 s
    19   m 33 s
>>> 20   m 34 w
    21   m 35 w
    22   m 36 e


Turn 452
================================================================
warning: entity 30 was directed to use 9 halite to move south, but only 6 halite was available
At command 16 of 26:
    14   m 28 s
    15   m 29 e
>>> 16   m 30 s
    17   m 31 n
    18   m 32 o

warning: entity 36 was directed to use 3 halite to move east, but only 2 halite was available
At command 22 of 26:
    20   m 34 w
    21   m 35 w
>>> 22   m 36 e
    23   m 38 e
    24   m 39 s


Turn 454
================================================================
warning: entity 31 was directed to use 1 halite to move north, but only 0 halite was available
At command 17 of 27:
    15   m 29 n
    16   m 30 s
>>> 17   m 31 n
    18   m 32 o
    19   m 33 e

warning: entity 38 was directed to use 1 halite to move east, but only 0 halite was available
At command 24 of 27:
    22   m 36 w
    23   m 37 s
>>> 24   m 38 e
    25   m 39 o
    26   m 40 s


Turn 455
================================================================
warning: entity 27 was directed to use 4 halite to move east, but only 0 halite was available
At command 13 of 27:
    11   m 24 s
    12   m 26 s
>>> 13   m 27 e
    14   m 28 w
    15   m 29 n

warning: entity 30 was directed to use 32 halite to move west, but only 11 halite was available
At command 16 of 27:
    14   m 28 w
    15   m 29 n
>>> 16   m 30 w
    17   m 31 n
    18   m 32 s


Turn 456
================================================================
warning: entity 4 was directed to use 5 halite to move south, but only 0 halite was available
At command 2 of 27:
    1   m 2 n
>>> 2   m 4 s
    3   m 6 e
    4   m 8 e


Turn 457
================================================================
warning: entity 31 was directed to use 4 halite to move north, but only 3 halite was available
At command 16 of 26:
    14   m 29 n
    15   m 30 n
>>> 16   m 31 n
    17   m 32 s
    18   m 33 e

warning: owned entities 28, 26 collided on cell (39, 24) as the result of moves on this turn
At command 13 of 26:
    11   m 24 s
    12   m 27 e
>>> 13   m 28 w
    14   m 29 n
    15   m 30 n


Turn 458
================================================================
warning: entity 36 was directed to use 2 halite to move west, but only 1 halite was available
At command 20 of 25:
    18   m 34 w
    19   m 35 s
>>> 20   m 36 w
    21   m 37 e
    22   m 38 o


Turn 459
================================================================
warning: entity 4 was directed to use 14 halite to move east, but only 6 halite was available
At command 2 of 24:
    1   m 2 w
>>> 2   m 4 e
    3   m 6 e
    4   m 8 s


Turn 460
================================================================
warning: entity 27 was directed to use 3 halite to move east, but only 2 halite was available
At command 12 of 25:
    10   m 22 s
    11   m 24 n
>>> 12   m 27 e
    13   m 29 e
    14   m 30 w


Turn 461
================================================================
warning: owned entities 16, 20 collided on cell (39, 24) as the result of moves on this turn
At command 8 of 25:
    6   m 11 n
    7   m 13 s
>>> 8   m 16 n
    9   m 20 w
    10   m 22 o

Other commands that placed an entity on this cell:
    7   m 13 s
    8   m 16 n
>>> 9   m 20 w
    10   m 22 o
    11   m 24 e


Turn 462
================================================================
warning: entity 34 was directed to use 4 halite to move north, but only 0 halite was available
At command 16 of 23:
    14   m 32 w
    15   m 33 e
>>> 16   m 34 n
    17   m 35 w
    18   m 36 w


Turn 463
================================================================
warning: entity 4 was directed to use 5 halite to move north, but only 4 halite was available
At command 2 of 23:
    1   m 2 w
>>> 2   m 4 n
    3   m 6 e
    4   m 8 w

warning: owned entities 2, 22, 29 collided on cell (39, 24) as the result of moves on this turn
At command 1 of 23:
>>> 1   m 2 w
    2   m 4 n
    3   m 6 e

Other commands that placed an entity on this cell:
    6   m 11 n
    7   m 13 e
>>> 8   m 22 s
    9   m 24 n
    10   m 27 e

    9   m 24 n
    10   m 27 e
>>> 11   m 29 n
    12   m 30 n
    13   m 31 e


Turn 465
================================================================
warning: owned entities 31, 39, 6 collided on cell (39, 24) as the result of moves on this turn
At command 9 of 19:
    7   m 27 o
    8   m 30 w
>>> 9   m 31 s
    10   m 32 w
    11   m 33 s

Other commands that placed an entity on this cell:
    15   m 37 o
    16   m 38 w
>>> 17   m 39 w
    18   m 40 s
    19   m 41 e


Turn 467
================================================================
warning: owned entities 11, 36 collided on cell (41, 28) as the result of moves on this turn
At command 4 of 16:
    2   m 8 w
    3   m 10 n
>>> 4   m 11 n
    5   m 13 s
    6   m 24 o

warning: owned entities 13, 35, 40 collided on cell (39, 24) as the result of moves on this turn
At command 5 of 16:
    3   m 10 n
    4   m 11 n
>>> 5   m 13 s
    6   m 24 o
    7   m 27 e

Other commands that placed an entity on this cell:
    10   m 33 n
    11   m 34 e
>>> 12   m 35 n
    13   m 37 e
    14   m 38 w

    13   m 37 e
    14   m 38 w
>>> 15   m 40 w
    16   m 41 e


Turn 468
================================================================
warning: entity 4 was directed to use 4 halite to move north, but only 3 halite was available
At command 1 of 12:
>>> 1   m 4 n
    2   m 8 w
    3   m 10 n


Turn 469
================================================================
warning: owned entities 24, 27 collided on cell (39, 24) as the result of moves on this turn
At command 4 of 12:
    2   m 8 w
    3   m 10 n
>>> 4   m 24 w
    5   m 27 s
    6   m 30 w

Other commands that placed an entity on this cell:
    3   m 10 n
    4   m 24 w
>>> 5   m 27 s
    6   m 30 w
    7   m 32 w


Turn 470
================================================================
warning: owned entities 8, 10 collided on cell (41, 28) as the result of moves on this turn
At command 2 of 9:
    1   m 4 n
>>> 2   m 8 w
    3   m 30 w
    4   m 32 n


Turn 471
================================================================
warning: owned entities 30, 37, 32 collided on cell (39, 24) as the result of moves on this turn
At command 2 of 7:
    1   m 4 n
>>> 2   m 30 w
    3   m 33 n
    4   m 34 n

Other commands that placed an entity on this cell:
    3   m 33 n
    4   m 34 n
>>> 5   m 37 s
    6   m 38 w
    7   m 41 e

warning: owned entities 33, 41 collided on cell (41, 28) as the result of moves on this turn
At command 3 of 7:
    1   m 4 n
    2   m 30 w
>>> 3   m 33 n
    4   m 34 n
    5   m 37 s

Other commands that placed an entity on this cell:
    5   m 37 s
    6   m 38 w
>>> 7   m 41 e


Turn 472
================================================================
error: unknown entity 33 was requested to move north
At command 2 of 4:
    1   m 4 o
>>> 2   m 33 n
    3   m 34 n
    4   m 38 n

