
Turn 3
================================================================
warning: entity 0 was directed to use 2 halite to move west, but only 0 halite was available
At command 1 of 1:
>>> 1   m 0 w


Turn 5
================================================================
warning: entity 0 was directed to use 9 halite to move west, but only 5 halite was available
At command 1 of 1:
>>> 1   m 0 w


Turn 7
================================================================
warning: entity 0 was directed to use 36 halite to move west, but only 23 halite was available
At command 2 of 2:
    1   g
>>> 2   m 0 w


Turn 9
================================================================
warning: entity 2 was directed to use 6 halite to move east, but only 0 halite was available
At command 2 of 2:
    1   m 0 o
>>> 2   m 2 e


Turn 11
================================================================
warning: entity 2 was directed to use 21 halite to move east, but only 12 halite was available
At command 2 of 2:
    1   m 0 o
>>> 2   m 2 e


Turn 29
================================================================
warning: entity 0 was directed to use 1 halite to move west, but only 0 halite was available
At command 1 of 2:
>>> 1   m 0 w
    2   m 2 w


Turn 31
================================================================
warning: entity 0 was directed to use 7 halite to move west, but only 4 halite was available
At command 1 of 1:
>>> 1   m 0 w


Turn 33
================================================================
warning: entity 0 was directed to use 27 halite to move west, but only 18 halite was available
At command 1 of 2:
>>> 1   m 0 w
    2   m 2 w

warning: entity 2 was directed to use 1 halite to move west, but only 0 halite was available
At command 2 of 2:
    1   m 0 w
>>> 2   m 2 w


Turn 35
================================================================
warning: entity 2 was directed to use 5 halite to move west, but only 4 halite was available
At command 2 of 2:
    1   m 0 w
>>> 2   m 2 w

