
Turn 3
================================================================
warning: entity 0 was directed to use 40 halite to move west, but only 0 halite was available
At command 1 of 1:
>>> 1   m 0 w


Turn 37
================================================================
warning: entity 0 was directed to use 30 halite to move south, but only 0 halite was available
At command 1 of 1:
>>> 1   m 0 s


Turn 72
================================================================
warning: entity 0 was directed to use 23 halite to move north, but only 0 halite was available
At command 1 of 1:
>>> 1   m 0 n


Turn 108
================================================================
warning: entity 0 was directed to use 1 halite to move north, but only 0 halite was available
At command 1 of 1:
>>> 1   m 0 n


Turn 113
================================================================
warning: entity 3 was directed to use 9 halite to move south, but only 0 halite was available
At command 2 of 2:
    1   m 0 o
>>> 2   m 3 s


Turn 116
================================================================
warning: entity 3 was directed to use 17 halite to move east, but only 16 halite was available
At command 3 of 3:
    1   g
    2   m 0 o
>>> 3   m 3 e


Turn 118
================================================================
warning: entity 4 was directed to use 17 halite to move west, but only 0 halite was available
At command 3 of 3:
    1   m 0 o
    2   m 3 e
>>> 3   m 4 w


Turn 124
================================================================
warning: entity 5 was directed to use 1 halite to move north, but only 0 halite was available
At command 4 of 4:
    2   m 3 o
    3   m 4 o
>>> 4   m 5 n


Turn 127
================================================================
warning: entity 0 was directed to use 1 halite to move south, but only 0 halite was available
At command 1 of 4:
>>> 1   m 0 s
    2   m 3 o
    3   m 4 o


Turn 137
================================================================
warning: entity 4 was directed to use 7 halite to move east, but only 0 halite was available
At command 2 of 3:
    1   m 3 w
>>> 2   m 4 e
    3   m 5 o


Turn 156
================================================================
warning: entity 11 was directed to use 1 halite to move north, but only 0 halite was available
At command 5 of 5:
    3   m 4 o
    4   m 5 e
>>> 5   m 11 n


Turn 158
================================================================
warning: entity 5 was directed to use 13 halite to move east, but only 0 halite was available
At command 4 of 5:
    2   m 3 o
    3   m 4 o
>>> 4   m 5 e
    5   m 11 s

warning: entity 11 was directed to use 13 halite to move south, but only 3 halite was available
At command 5 of 5:
    3   m 4 o
    4   m 5 e
>>> 5   m 11 s


Turn 161
================================================================
warning: entity 11 was directed to use 17 halite to move south, but only 11 halite was available
At command 5 of 5:
    3   m 3 e
    4   m 5 o
>>> 5   m 11 s


Turn 163
================================================================
warning: entity 13 was directed to use 5 halite to move north, but only 0 halite was available
At command 6 of 6:
    4   m 5 o
    5   m 11 s
>>> 6   m 13 n


Turn 169
================================================================
warning: entity 13 was directed to use 1 halite to move west, but only 0 halite was available
At command 5 of 5:
    3   m 5 o
    4   m 11 o
>>> 5   m 13 w


Turn 171
================================================================
warning: entity 13 was directed to use 9 halite to move north, but only 3 halite was available
At command 5 of 5:
    3   m 4 o
    4   m 11 o
>>> 5   m 13 n


Turn 176
================================================================
warning: entity 15 was directed to use 4 halite to move north, but only 0 halite was available
At command 6 of 6:
    4   m 11 w
    5   m 13 o
>>> 6   m 15 n


Turn 190
================================================================
warning: entity 16 was directed to use 1 halite to move east, but only 0 halite was available
At command 8 of 8:
    6   m 11 o
    7   m 13 o
>>> 8   m 16 e


Turn 192
================================================================
warning: entity 17 was directed to use 7 halite to move north, but only 0 halite was available
At command 8 of 8:
    6   m 15 s
    7   m 16 n
>>> 8   m 17 n


Turn 197
================================================================
warning: entity 15 was directed to use 1 halite to move west, but only 0 halite was available
At command 6 of 8:
    4   m 11 s
    5   m 13 e
>>> 6   m 15 w
    7   m 16 e
    8   m 17 n


Turn 199
================================================================
warning: entity 17 was directed to use 10 halite to move north, but only 8 halite was available
At command 9 of 9:
    7   m 15 n
    8   m 16 n
>>> 9   m 17 n


Turn 200
================================================================
warning: entity 16 was directed to use 1 halite to move west, but only 0 halite was available
At command 8 of 9:
    6   m 13 o
    7   m 15 w
>>> 8   m 16 w
    9   m 17 n


Turn 202
================================================================
warning: entity 16 was directed to use 8 halite to move north, but only 4 halite was available
At command 7 of 8:
    5   m 13 o
    6   m 15 e
>>> 7   m 16 n
    8   m 17 o


Turn 203
================================================================
warning: entity 15 was directed to use 5 halite to move west, but only 0 halite was available
At command 7 of 9:
    5   m 11 e
    6   m 13 o
>>> 7   m 15 w
    8   m 16 n
    9   m 17 o


Turn 205
================================================================
warning: entity 3 was directed to use 1 halite to move south, but only 0 halite was available
At command 2 of 9:
    1   m 0 o
>>> 2   m 3 s
    3   m 4 o
    4   m 5 e


Turn 208
================================================================
warning: entity 15 was directed to use 1 halite to move south, but only 0 halite was available
At command 6 of 8:
    4   m 11 o
    5   m 13 w
>>> 6   m 15 s
    7   m 16 o
    8   m 17 o


Turn 209
================================================================
warning: entity 3 was directed to use 11 halite to move south, but only 1 halite was available
At command 2 of 9:
    1   m 0 w
>>> 2   m 3 s
    3   m 4 o
    4   m 5 o


Turn 221
================================================================
warning: entity 20 was directed to use 3 halite to move west, but only 0 halite was available
At command 9 of 9:
    7   m 16 o
    8   m 17 o
>>> 9   m 20 w


Turn 223
================================================================
warning: entity 20 was directed to use 8 halite to move west, but only 6 halite was available
At command 10 of 10:
    8   m 16 o
    9   m 17 o
>>> 10   m 20 w


Turn 233
================================================================
warning: entity 0 was directed to use 1 halite to move north, but only 0 halite was available
At command 1 of 9:
>>> 1   m 0 n
    2   m 3 n
    3   m 4 s


Turn 234
================================================================
warning: entity 3 was directed to use 4 halite to move north, but only 0 halite was available
At command 2 of 10:
    1   m 0 n
>>> 2   m 3 n
    3   m 4 s
    4   m 5 e


Turn 236
================================================================
warning: entity 0 was directed to use 13 halite to move north, but only 2 halite was available
At command 1 of 10:
>>> 1   m 0 n
    2   m 3 n
    3   m 4 o


Turn 240
================================================================
warning: entity 22 was directed to use 3 halite to move west, but only 0 halite was available
At command 11 of 11:
    9   m 17 e
    10   m 20 e
>>> 11   m 22 w


Turn 246
================================================================
warning: entity 22 was directed to use 9 halite to move north, but only 4 halite was available
At command 11 of 11:
    9   m 17 o
    10   m 20 e
>>> 11   m 22 n


Turn 249
================================================================
warning: entity 4 was directed to use 1 halite to move south, but only 0 halite was available
At command 3 of 9:
    1   m 0 o
    2   m 3 s
>>> 3   m 4 s
    4   m 11 w
    5   m 13 w


Turn 251
================================================================
warning: entity 4 was directed to use 5 halite to move south, but only 3 halite was available
At command 3 of 11:
    1   m 0 w
    2   m 3 s
>>> 3   m 4 s
    4   m 5 s
    5   m 11 n


Turn 252
================================================================
warning: entity 5 was directed to use 13 halite to move west, but only 0 halite was available
At command 4 of 11:
    2   m 3 e
    3   m 4 s
>>> 4   m 5 w
    5   m 11 w
    6   m 13 w


Turn 253
================================================================
warning: entity 3 was directed to use 19 halite to move east, but only 18 halite was available
At command 2 of 11:
    1   m 0 s
>>> 2   m 3 e
    3   m 4 s
    4   m 5 w


Turn 254
================================================================
warning: entity 4 was directed to use 21 halite to move south, but only 13 halite was available
At command 3 of 10:
    1   m 0 s
    2   m 3 s
>>> 3   m 4 s
    4   m 5 w
    5   m 11 w


Turn 255
================================================================
warning: entity 11 was directed to use 1 halite to move west, but only 0 halite was available
At command 5 of 11:
    3   m 4 s
    4   m 5 s
>>> 5   m 11 w
    6   m 13 o
    7   m 15 w


Turn 257
================================================================
warning: entity 17 was directed to use 9 halite to move west, but only 0 halite was available
At command 9 of 11:
    7   m 15 n
    8   m 16 s
>>> 9   m 17 w
    10   m 20 n
    11   m 22 o


Turn 258
================================================================
warning: entity 5 was directed to use 14 halite to move south, but only 13 halite was available
At command 4 of 11:
    2   m 3 o
    3   m 4 o
>>> 4   m 5 s
    5   m 11 w
    6   m 13 o


Turn 265
================================================================
warning: entity 23 was directed to use 4 halite to move south, but only 0 halite was available
At command 12 of 13:
    10   m 20 o
    11   m 22 e
>>> 12   m 23 s
    13   m 24 s


Turn 267
================================================================
warning: entity 11 was directed to use 13 halite to move east, but only 11 halite was available
At command 6 of 13:
    4   m 4 n
    5   m 5 o
>>> 6   m 11 e
    7   m 13 e
    8   m 15 o

warning: entity 24 was directed to use 1 halite to move east, but only 0 halite was available
At command 13 of 13:
    11   m 22 s
    12   m 23 w
>>> 13   m 24 e


Turn 268
================================================================
warning: entity 23 was directed to use 21 halite to move south, but only 7 halite was available
At command 12 of 14:
    10   m 20 s
    11   m 22 w
>>> 12   m 23 s
    13   m 24 e
    14   m 25 e


Turn 269
================================================================
warning: entity 25 was directed to use 3 halite to move north, but only 0 halite was available
At command 14 of 14:
    12   m 23 s
    13   m 24 e
>>> 14   m 25 n


Turn 270
================================================================
warning: entity 24 was directed to use 7 halite to move south, but only 2 halite was available
At command 13 of 14:
    11   m 22 s
    12   m 23 e
>>> 13   m 24 s
    14   m 25 n


Turn 271
================================================================
warning: entity 11 was directed to use 11 halite to move east, but only 8 halite was available
At command 4 of 12:
    2   m 3 w
    3   m 4 n
>>> 4   m 11 e
    5   m 13 o
    6   m 15 o


Turn 272
================================================================
warning: entity 24 was directed to use 18 halite to move south, but only 16 halite was available
At command 13 of 14:
    11   m 22 w
    12   m 23 s
>>> 13   m 24 s
    14   m 25 n


Turn 273
================================================================
warning: entity 23 was directed to use 32 halite to move south, but only 11 halite was available
At command 12 of 14:
    10   m 20 s
    11   m 22 e
>>> 12   m 23 s
    13   m 24 s
    14   m 25 n


Turn 275
================================================================
warning: entity 25 was directed to use 12 halite to move north, but only 3 halite was available
At command 13 of 13:
    11   m 23 o
    12   m 24 e
>>> 13   m 25 n


Turn 276
================================================================
warning: entity 4 was directed to use 2 halite to move north, but only 0 halite was available
At command 3 of 14:
    1   m 0 s
    2   m 3 o
>>> 3   m 4 n
    4   m 5 e
    5   m 11 o

warning: entity 24 was directed to use 22 halite to move east, but only 12 halite was available
At command 13 of 14:
    11   m 22 s
    12   m 23 o
>>> 13   m 24 e
    14   m 25 n


Turn 278
================================================================
warning: entity 25 was directed to use 31 halite to move north, but only 0 halite was available
At command 14 of 14:
    12   m 23 o
    13   m 24 o
>>> 14   m 25 n


Turn 286
================================================================
warning: entity 15 was directed to use 1 halite to move east, but only 0 halite was available
At command 6 of 13:
    4   m 11 n
    5   m 13 o
>>> 6   m 15 e
    7   m 16 s
    8   m 17 s


Turn 287
================================================================
warning: entity 4 was directed to use 1 halite to move east, but only 0 halite was available
At command 3 of 12:
    1   m 0 w
    2   m 3 e
>>> 3   m 4 e
    4   m 5 n
    5   m 11 e


Turn 288
================================================================
warning: entity 15 was directed to use 5 halite to move south, but only 3 halite was available
At command 7 of 14:
    5   m 11 e
    6   m 13 s
>>> 7   m 15 s
    8   m 16 e
    9   m 17 n


Turn 300
================================================================
warning: entity 27 was directed to use 1 halite to move west, but only 0 halite was available
At command 13 of 13:
    11   m 24 n
    12   m 25 w
>>> 13   m 27 w


Turn 305
================================================================
warning: entity 27 was directed to use 1 halite to move north, but only 0 halite was available
At command 13 of 13:
    11   m 24 e
    12   m 25 s
>>> 13   m 27 n


Turn 307
================================================================
warning: entity 27 was directed to use 12 halite to move north, but only 3 halite was available
At command 15 of 15:
    13   m 24 w
    14   m 25 n
>>> 15   m 27 n


Turn 309
================================================================
warning: entity 27 was directed to use 28 halite to move north, but only 25 halite was available
At command 14 of 14:
    12   m 24 o
    13   m 25 s
>>> 14   m 27 n


Turn 311
================================================================
warning: entity 11 was directed to use 2 halite to move south, but only 0 halite was available
At command 5 of 15:
    3   m 4 e
    4   m 5 s
>>> 5   m 11 s
    6   m 13 s
    7   m 15 e


Turn 315
================================================================
warning: entity 13 was directed to use 3 halite to move south, but only 0 halite was available
At command 6 of 15:
    4   m 5 o
    5   m 11 o
>>> 6   m 13 s
    7   m 15 e
    8   m 16 o


Turn 321
================================================================
warning: entity 13 was directed to use 1 halite to move north, but only 0 halite was available
At command 6 of 14:
    4   m 5 o
    5   m 11 o
>>> 6   m 13 n
    7   m 15 o
    8   m 16 o


Turn 327
================================================================
warning: entity 13 was directed to use 24 halite to move south, but only 0 halite was available
At command 6 of 14:
    4   m 5 w
    5   m 11 w
>>> 6   m 13 s
    7   m 16 n
    8   m 17 e

warning: entity 17 was directed to use 2 halite to move east, but only 0 halite was available
At command 8 of 14:
    6   m 13 s
    7   m 16 n
>>> 8   m 17 e
    9   m 20 o
    10   m 22 e


Turn 334
================================================================
warning: entity 17 was directed to use 1 halite to move south, but only 0 halite was available
At command 8 of 14:
    6   m 15 w
    7   m 16 n
>>> 8   m 17 s
    9   m 20 s
    10   m 22 o


Turn 336
================================================================
warning: entity 0 was directed to use 1 halite to move south, but only 0 halite was available
At command 1 of 15:
>>> 1   m 0 s
    2   m 3 w
    3   m 4 w


Turn 343
================================================================
warning: entity 0 was directed to use 1 halite to move south, but only 0 halite was available
At command 1 of 13:
>>> 1   m 0 s
    2   m 3 n
    3   m 4 o


Turn 345
================================================================
warning: entity 0 was directed to use 32 halite to move south, but only 3 halite was available
At command 1 of 13:
>>> 1   m 0 s
    2   m 3 n
    3   m 4 o


Turn 348
================================================================
warning: entity 0 was directed to use 32 halite to move south, but only 31 halite was available
At command 1 of 14:
>>> 1   m 0 s
    2   m 3 o
    3   m 4 n


Turn 364
================================================================
warning: entity 20 was directed to use 1 halite to move east, but only 0 halite was available
At command 9 of 12:
    7   m 16 e
    8   m 17 e
>>> 9   m 20 e
    10   m 23 e
    11   m 24 n


Turn 370
================================================================
warning: entity 20 was directed to use 1 halite to move east, but only 0 halite was available
At command 9 of 14:
    7   m 16 o
    8   m 17 s
>>> 9   m 20 e
    10   m 22 w
    11   m 23 w


Turn 379
================================================================
warning: entity 5 was directed to use 1 halite to move east, but only 0 halite was available
At command 4 of 14:
    2   m 3 w
    3   m 4 w
>>> 4   m 5 e
    5   m 11 o
    6   m 13 n


Turn 385
================================================================
warning: entity 5 was directed to use 1 halite to move south, but only 0 halite was available
At command 3 of 14:
    1   m 3 s
    2   m 4 o
>>> 3   m 5 s
    4   m 11 w
    5   m 13 s


Turn 388
================================================================
warning: entity 5 was directed to use 5 halite to move south, but only 2 halite was available
At command 4 of 14:
    2   m 3 w
    3   m 4 o
>>> 4   m 5 s
    5   m 11 w
    6   m 13 s


Turn 390
================================================================
warning: entity 5 was directed to use 30 halite to move south, but only 13 halite was available
At command 4 of 15:
    2   m 3 w
    3   m 4 o
>>> 4   m 5 s
    5   m 11 n
    6   m 13 s


Turn 391
================================================================
warning: entity 23 was directed to use 7 halite to move west, but only 0 halite was available
At command 12 of 15:
    10   m 20 w
    11   m 22 s
>>> 12   m 23 w
    13   m 24 n
    14   m 25 s


Turn 394
================================================================
warning: entity 5 was directed to use 16 halite to move south, but only 4 halite was available
At command 4 of 15:
    2   m 3 s
    3   m 4 s
>>> 4   m 5 s
    5   m 11 w
    6   m 13 s


Turn 396
================================================================
warning: entity 5 was directed to use 47 halite to move south, but only 33 halite was available
At command 4 of 15:
    2   m 3 o
    3   m 4 s
>>> 4   m 5 s
    5   m 11 e
    6   m 13 s


Turn 400
================================================================
warning: entity 0 was directed to use 22 halite to move north, but only 19 halite was available
At command 1 of 15:
>>> 1   m 0 n
    2   m 3 o
    3   m 4 e

