
Turn 35
================================================================
warning: entity 0 was directed to use 3 halite to move east, but only 0 halite was available
At command 1 of 3:
>>> 1   m 0 e
    2   m 2 n
    3   m 4 s


Turn 38
================================================================
warning: entity 2 was directed to use 2 halite to move east, but only 0 halite was available
At command 2 of 4:
    1   m 0 o
>>> 2   m 2 e
    3   m 4 w
    4   g


Turn 41
================================================================
warning: entity 2 was directed to use 4 halite to move south, but only 1 halite was available
At command 2 of 5:
    1   m 0 e
>>> 2   m 2 s
    3   m 4 w
    4   m 7 n

warning: entity 7 was directed to use 2 halite to move north, but only 0 halite was available
At command 4 of 5:
    2   m 2 s
    3   m 4 w
>>> 4   m 7 n
    5   g


Turn 43
================================================================
warning: entity 9 was directed to use 4 halite to move north, but only 0 halite was available
At command 5 of 5:
    3   m 4 w
    4   m 7 e
>>> 5   m 9 n


Turn 44
================================================================
warning: entity 7 was directed to use 3 halite to move east, but only 1 halite was available
At command 4 of 5:
    2   m 2 o
    3   m 4 n
>>> 4   m 7 e
    5   m 9 n


Turn 47
================================================================
warning: entity 4 was directed to use 3 halite to move east, but only 0 halite was available
At command 3 of 6:
    1   m 0 o
    2   m 2 o
>>> 3   m 4 e
    4   m 7 o
    5   m 9 o


Turn 62
================================================================
warning: entity 0 was directed to use 4 halite to move south, but only 0 halite was available
At command 1 of 7:
>>> 1   m 0 s
    2   m 2 o
    3   m 4 n


Turn 64
================================================================
warning: entity 14 was directed to use 1 halite to move south, but only 0 halite was available
At command 6 of 6:
    4   m 7 o
    5   m 11 o
>>> 6   m 14 s


Turn 66
================================================================
warning: entity 14 was directed to use 4 halite to move south, but only 3 halite was available
At command 7 of 7:
    5   m 9 s
    6   m 11 o
>>> 7   m 14 s


Turn 70
================================================================
warning: entity 2 was directed to use 3 halite to move west, but only 0 halite was available
At command 2 of 7:
    1   m 0 o
>>> 2   m 2 w
    3   m 4 o
    4   m 7 n


Turn 74
================================================================
warning: entity 7 was directed to use 1 halite to move east, but only 0 halite was available
At command 4 of 7:
    2   m 2 o
    3   m 4 o
>>> 4   m 7 e
    5   m 9 n
    6   m 11 o


Turn 76
================================================================
warning: entity 7 was directed to use 4 halite to move east, but only 3 halite was available
At command 3 of 6:
    1   m 2 o
    2   m 4 o
>>> 3   m 7 e
    4   m 9 w
    5   m 11 o


Turn 77
================================================================
warning: entity 9 was directed to use 2 halite to move west, but only 0 halite was available
At command 5 of 8:
    3   m 4 e
    4   m 7 e
>>> 5   m 9 w
    6   m 11 w
    7   m 14 o


Turn 79
================================================================
warning: entity 17 was directed to use 2 halite to move north, but only 0 halite was available
At command 7 of 8:
    5   m 11 e
    6   m 14 o
>>> 7   m 17 n
    8   g


Turn 82
================================================================
warning: entity 18 was directed to use 2 halite to move north, but only 0 halite was available
At command 9 of 9:
    7   m 14 w
    8   m 17 o
>>> 9   m 18 n


Turn 85
================================================================
warning: entity 18 was directed to use 4 halite to move north, but only 0 halite was available
At command 9 of 10:
    7   m 14 s
    8   m 17 o
>>> 9   m 18 n
    10   g


Turn 86
================================================================
warning: entity 0 was directed to use 3 halite to move east, but only 0 halite was available
At command 1 of 10:
>>> 1   m 0 e
    2   m 2 o
    3   m 4 e


Turn 87
================================================================
warning: entity 20 was directed to use 1 halite to move west, but only 0 halite was available
At command 10 of 11:
    8   m 17 o
    9   m 18 o
>>> 10   m 20 w
    11   g


Turn 89
================================================================
warning: entity 0 was directed to use 3 halite to move south, but only 2 halite was available
At command 1 of 11:
>>> 1   m 0 s
    2   m 2 o
    3   m 4 w

warning: entity 22 was directed to use 1 halite to move north, but only 0 halite was available
At command 11 of 11:
    9   m 18 o
    10   m 20 w
>>> 11   m 22 n


Turn 90
================================================================
warning: entity 20 was directed to use 4 halite to move west, but only 0 halite was available
At command 10 of 11:
    8   m 17 o
    9   m 18 o
>>> 10   m 20 w
    11   m 22 n


Turn 91
================================================================
warning: entity 22 was directed to use 4 halite to move east, but only 3 halite was available
At command 10 of 10:
    8   m 18 o
    9   m 20 w
>>> 10   m 22 e


Turn 95
================================================================
warning: entity 23 was directed to use 1 halite to move west, but only 0 halite was available
At command 12 of 12:
    10   m 20 o
    11   m 22 o
>>> 12   m 23 w


Turn 97
================================================================
warning: entity 23 was directed to use 4 halite to move west, but only 3 halite was available
At command 9 of 9:
    7   m 20 o
    8   m 22 o
>>> 9   m 23 w


Turn 100
================================================================
warning: entity 4 was directed to use 2 halite to move south, but only 0 halite was available
At command 3 of 13:
    1   m 0 o
    2   m 2 e
>>> 3   m 4 s
    4   m 7 o
    5   m 9 o


Turn 105
================================================================
warning: entity 14 was directed to use 2 halite to move west, but only 0 halite was available
At command 6 of 13:
    4   m 9 e
    5   m 11 o
>>> 6   m 14 w
    7   m 17 o
    8   m 18 o

warning: entity 24 was directed to use 4 halite to move east, but only 3 halite was available
At command 12 of 13:
    10   m 22 o
    11   m 23 s
>>> 12   m 24 e
    13   m 25 e


Turn 107
================================================================
warning: entity 25 was directed to use 1 halite to move east, but only 0 halite was available
At command 13 of 13:
    11   m 23 o
    12   m 24 w
>>> 13   m 25 e


Turn 108
================================================================
warning: entity 14 was directed to use 5 halite to move west, but only 4 halite was available
At command 6 of 12:
    4   m 9 o
    5   m 11 o
>>> 6   m 14 w
    7   m 18 s
    8   m 20 o


Turn 110
================================================================
warning: entity 25 was directed to use 1 halite to move south, but only 0 halite was available
At command 14 of 14:
    12   m 23 o
    13   m 24 o
>>> 14   m 25 s


Turn 111
================================================================
warning: entity 2 was directed to use 1 halite to move west, but only 0 halite was available
At command 1 of 13:
>>> 1   m 2 w
    2   m 4 o
    3   m 7 o


Turn 112
================================================================
warning: entity 25 was directed to use 4 halite to move south, but only 3 halite was available
At command 13 of 13:
    11   m 23 n
    12   m 24 o
>>> 13   m 25 s


Turn 113
================================================================
warning: entity 0 was directed to use 1 halite to move north, but only 0 halite was available
At command 1 of 14:
>>> 1   m 0 n
    2   m 2 o
    3   m 4 o


Turn 116
================================================================
warning: entity 0 was directed to use 3 halite to move north, but only 0 halite was available
At command 1 of 14:
>>> 1   m 0 n
    2   m 2 n
    3   m 4 o


Turn 119
================================================================
warning: entity 9 was directed to use 4 halite to move east, but only 1 halite was available
At command 5 of 13:
    3   m 4 o
    4   m 7 n
>>> 5   m 9 e
    6   m 14 o
    7   m 17 w


Turn 120
================================================================
warning: entity 18 was directed to use 1 halite to move north, but only 0 halite was available
At command 8 of 13:
    6   m 14 o
    7   m 17 n
>>> 8   m 18 n
    9   m 20 e
    10   m 22 o


Turn 123
================================================================
warning: entity 7 was directed to use 1 halite to move east, but only 0 halite was available
At command 4 of 13:
    2   m 2 o
    3   m 4 o
>>> 4   m 7 e
    5   m 9 o
    6   m 11 n


Turn 126
================================================================
warning: entity 7 was directed to use 1 halite to move west, but only 0 halite was available
At command 4 of 13:
    2   m 2 e
    3   m 4 w
>>> 4   m 7 w
    5   m 9 o
    6   m 14 o


Turn 129
================================================================
warning: entity 17 was directed to use 3 halite to move south, but only 0 halite was available
At command 7 of 13:
    5   m 11 s
    6   m 14 e
>>> 7   m 17 s
    8   m 18 o
    9   m 20 s


Turn 130
================================================================
warning: entity 11 was directed to use 3 halite to move south, but only 0 halite was available
At command 5 of 12:
    3   m 7 o
    4   m 9 o
>>> 5   m 11 s
    6   m 14 e
    7   m 17 s


Turn 136
================================================================
warning: entity 26 was directed to use 1 halite to move west, but only 0 halite was available
At command 14 of 15:
    12   m 24 e
    13   m 25 o
>>> 14   m 26 w
    15   m 27 o


Turn 139
================================================================
warning: entity 26 was directed to use 3 halite to move west, but only 2 halite was available
At command 13 of 14:
    11   m 24 w
    12   m 25 o
>>> 13   m 26 w
    14   m 27 w


Turn 140
================================================================
warning: entity 4 was directed to use 2 halite to move south, but only 0 halite was available
At command 3 of 16:
    1   m 0 o
    2   m 2 w
>>> 3   m 4 s
    4   m 7 w
    5   m 9 w

warning: entity 27 was directed to use 4 halite to move west, but only 0 halite was available
At command 16 of 16:
    14   m 25 o
    15   m 26 w
>>> 16   m 27 w


Turn 144
================================================================
warning: entity 0 was directed to use 1 halite to move west, but only 0 halite was available
At command 1 of 16:
>>> 1   m 0 w
    2   m 2 s
    3   m 4 o

warning: entity 2 was directed to use 1 halite to move south, but only 0 halite was available
At command 2 of 16:
    1   m 0 w
>>> 2   m 2 s
    3   m 4 o
    4   m 7 w


Turn 147
================================================================
warning: entity 0 was directed to use 4 halite to move north, but only 2 halite was available
At command 1 of 16:
>>> 1   m 0 n
    2   m 2 s
    3   m 4 w


Turn 148
================================================================
warning: entity 14 was directed to use 2 halite to move east, but only 0 halite was available
At command 6 of 15:
    4   m 9 o
    5   m 11 o
>>> 6   m 14 e
    7   m 17 o
    8   m 18 w


Turn 150
================================================================
warning: entity 2 was directed to use 4 halite to move south, but only 2 halite was available
At command 2 of 15:
    1   m 0 n
>>> 2   m 2 s
    3   m 4 n
    4   m 7 w


Turn 152
================================================================
warning: entity 7 was directed to use 1 halite to move west, but only 0 halite was available
At command 4 of 16:
    2   c 2
    3   m 4 w
>>> 4   m 7 w
    5   m 9 e
    6   m 11 w


Turn 155
================================================================
warning: entity 7 was directed to use 4 halite to move north, but only 2 halite was available
At command 3 of 15:
    1   m 0 o
    2   m 4 e
>>> 3   m 7 n
    4   m 9 o
    5   m 11 n

warning: entity 18 was directed to use 2 halite to move east, but only 0 halite was available
At command 8 of 15:
    6   m 14 o
    7   m 17 o
>>> 8   m 18 e
    9   m 20 w
    10   m 22 n


Turn 156
================================================================
warning: entity 22 was directed to use 3 halite to move north, but only 0 halite was available
At command 10 of 16:
    8   m 18 e
    9   m 20 o
>>> 10   m 22 n
    11   m 23 w
    12   m 24 e


Turn 159
================================================================
warning: entity 23 was directed to use 2 halite to move west, but only 0 halite was available
At command 11 of 17:
    9   m 20 e
    10   m 22 o
>>> 11   m 23 w
    12   m 24 s
    13   m 25 s


Turn 160
================================================================
warning: entity 28 was directed to use 1 halite to move east, but only 0 halite was available
At command 16 of 17:
    14   m 26 s
    15   m 27 o
>>> 16   m 28 e
    17   m 29 w


Turn 163
================================================================
warning: entity 29 was directed to use 2 halite to move south, but only 0 halite was available
At command 16 of 17:
    14   m 27 o
    15   m 28 s
>>> 16   m 29 s
    17   g


Turn 164
================================================================
warning: entity 28 was directed to use 4 halite to move south, but only 1 halite was available
At command 16 of 18:
    14   m 26 w
    15   m 27 o
>>> 16   m 28 s
    17   m 29 s
    18   m 30 e


Turn 166
================================================================
warning: entity 26 was directed to use 3 halite to move south, but only 0 halite was available
At command 14 of 19:
    12   m 24 w
    13   m 25 w
>>> 14   m 26 s
    15   m 27 o
    16   m 28 s

warning: entity 29 was directed to use 1 halite to move south, but only 0 halite was available
At command 17 of 19:
    15   m 27 o
    16   m 28 s
>>> 17   m 29 s
    18   m 30 n
    19   m 31 o


Turn 167
================================================================
warning: entity 30 was directed to use 1 halite to move east, but only 0 halite was available
At command 17 of 18:
    15   m 28 s
    16   m 29 s
>>> 17   m 30 e
    18   m 31 e


Turn 169
================================================================
warning: entity 31 was directed to use 1 halite to move west, but only 0 halite was available
At command 15 of 15:
    13   m 29 o
    14   m 30 e
>>> 15   m 31 w


Turn 170
================================================================
warning: entity 30 was directed to use 2 halite to move east, but only 1 halite was available
At command 18 of 19:
    16   m 28 o
    17   m 29 o
>>> 18   m 30 e
    19   m 31 w


Turn 171
================================================================
warning: entity 17 was directed to use 4 halite to move east, but only 0 halite was available
At command 7 of 19:
    5   m 11 o
    6   m 14 s
>>> 7   m 17 e
    8   m 18 w
    9   m 20 w


Turn 174
================================================================
warning: entity 4 was directed to use 1 halite to move west, but only 0 halite was available
At command 2 of 19:
    1   m 0 o
>>> 2   m 4 w
    3   m 7 o
    4   m 9 n

warning: entity 22 was directed to use 1 halite to move south, but only 0 halite was available
At command 10 of 19:
    8   m 18 w
    9   m 20 o
>>> 10   m 22 s
    11   m 23 o
    12   m 24 e


Turn 175
================================================================
warning: entity 9 was directed to use 3 halite to move north, but only 0 halite was available
At command 4 of 18:
    2   m 4 w
    3   m 7 o
>>> 4   m 9 n
    5   m 14 w
    6   m 17 e


Turn 177
================================================================
warning: entity 4 was directed to use 4 halite to move west, but only 0 halite was available
At command 2 of 19:
    1   m 0 o
>>> 2   m 4 w
    3   m 7 o
    4   m 9 n

warning: entity 22 was directed to use 3 halite to move west, but only 2 halite was available
At command 10 of 19:
    8   m 18 w
    9   m 20 e
>>> 10   m 22 w
    11   m 23 o
    12   m 24 o

warning: entity 31 was directed to use 3 halite to move north, but only 1 halite was available
At command 19 of 19:
    17   m 29 o
    18   m 30 o
>>> 19   m 31 n


Turn 178
================================================================
warning: entity 9 was directed to use 4 halite to move south, but only 3 halite was available
At command 4 of 19:
    2   m 4 w
    3   m 7 e
>>> 4   m 9 s
    5   m 11 e
    6   m 14 n


Turn 180
================================================================
warning: entity 11 was directed to use 1 halite to move east, but only 0 halite was available
At command 5 of 19:
    3   m 7 n
    4   m 9 n
>>> 5   m 11 e
    6   m 14 o
    7   m 17 o


Turn 183
================================================================
warning: entity 14 was directed to use 2 halite to move north, but only 0 halite was available
At command 6 of 18:
    4   m 9 o
    5   m 11 s
>>> 6   m 14 n
    7   m 17 s
    8   m 18 n


Turn 185
================================================================
warning: entity 31 was directed to use 1 halite to move south, but only 0 halite was available
At command 19 of 19:
    17   m 29 o
    18   m 30 s
>>> 19   m 31 s


Turn 186
================================================================
warning: entity 11 was directed to use 1 halite to move north, but only 0 halite was available
At command 5 of 18:
    3   m 7 o
    4   m 9 o
>>> 5   m 11 n
    6   m 14 n
    7   m 17 o

warning: entity 14 was directed to use 2 halite to move north, but only 1 halite was available
At command 6 of 18:
    4   m 9 o
    5   m 11 n
>>> 6   m 14 n
    7   m 17 o
    8   m 18 s


Turn 189
================================================================
warning: entity 14 was directed to use 3 halite to move east, but only 2 halite was available
At command 5 of 18:
    3   m 9 o
    4   m 11 e
>>> 5   m 14 e
    6   m 17 o
    7   m 18 o

warning: entity 20 was directed to use 1 halite to move west, but only 0 halite was available
At command 8 of 18:
    6   m 17 o
    7   m 18 o
>>> 8   m 20 w
    9   m 22 e
    10   m 23 e


Turn 192
================================================================
warning: entity 0 was directed to use 2 halite to move south, but only 1 halite was available
At command 1 of 18:
>>> 1   m 0 s
    2   m 4 e
    3   m 7 w

warning: entity 20 was directed to use 1 halite to move west, but only 0 halite was available
At command 8 of 18:
    6   m 14 o
    7   m 18 n
>>> 8   m 20 w
    9   m 22 w
    10   m 23 e


Turn 195
================================================================
warning: entity 7 was directed to use 2 halite to move west, but only 0 halite was available
At command 3 of 19:
    1   m 0 s
    2   m 4 e
>>> 3   m 7 w
    4   m 9 o
    5   m 11 o


Turn 196
================================================================
warning: entity 0 was directed to use 4 halite to move south, but only 2 halite was available
At command 1 of 18:
>>> 1   m 0 s
    2   m 4 e
    3   m 7 w


Turn 197
================================================================
warning: entity 18 was directed to use 1 halite to move south, but only 0 halite was available
At command 8 of 18:
    6   m 14 o
    7   m 17 w
>>> 8   m 18 s
    9   m 20 o
    10   m 23 s

warning: entity 31 was directed to use 3 halite to move west, but only 0 halite was available
At command 18 of 18:
    16   m 29 o
    17   m 30 s
>>> 18   m 31 w


Turn 201
================================================================
warning: entity 18 was directed to use 3 halite to move south, but only 0 halite was available
At command 7 of 18:
    5   m 14 o
    6   m 17 n
>>> 7   m 18 s
    8   m 20 w
    9   m 22 e


Turn 202
================================================================
warning: entity 28 was directed to use 3 halite to move east, but only 0 halite was available
At command 16 of 19:
    14   m 26 e
    15   m 27 w
>>> 16   m 28 e
    17   m 29 w
    18   m 30 o


Turn 203
================================================================
warning: entity 22 was directed to use 1 halite to move south, but only 0 halite was available
At command 10 of 18:
    8   m 18 o
    9   m 20 o
>>> 10   m 22 s
    11   m 23 w
    12   m 24 w


Turn 204
================================================================
warning: entity 4 was directed to use 1 halite to move north, but only 0 halite was available
At command 2 of 18:
    1   m 0 o
>>> 2   m 4 n
    3   m 7 o
    4   m 9 o


Turn 205
================================================================
warning: entity 26 was directed to use 4 halite to move east, but only 0 halite was available
At command 13 of 18:
    11   m 24 o
    12   m 25 w
>>> 13   m 26 e
    14   m 27 w
    15   m 28 e

warning: entity 28 was directed to use 5 halite to move east, but only 2 halite was available
At command 15 of 18:
    13   m 26 e
    14   m 27 w
>>> 15   m 28 e
    16   m 29 w
    17   m 30 o


Turn 207
================================================================
warning: entity 22 was directed to use 5 halite to move south, but only 2 halite was available
At command 9 of 18:
    7   m 18 o
    8   m 20 o
>>> 9   m 22 s
    10   m 23 e
    11   m 24 e

warning: entity 23 was directed to use 2 halite to move east, but only 0 halite was available
At command 10 of 18:
    8   m 20 o
    9   m 22 s
>>> 10   m 23 e
    11   m 24 e
    12   m 25 s


Turn 208
================================================================
warning: entity 26 was directed to use 2 halite to move east, but only 0 halite was available
At command 14 of 18:
    12   m 24 o
    13   m 25 n
>>> 14   m 26 e
    15   m 27 o
    16   m 28 o


Turn 211
================================================================
warning: entity 11 was directed to use 3 halite to move south, but only 0 halite was available
At command 5 of 19:
    3   m 7 o
    4   m 9 o
>>> 5   m 11 s
    6   m 14 w
    7   m 17 o


Turn 214
================================================================
warning: entity 23 was directed to use 1 halite to move east, but only 0 halite was available
At command 11 of 19:
    9   m 20 o
    10   m 22 o
>>> 11   m 23 e
    12   m 24 w
    13   m 25 o

warning: entity 29 was directed to use 3 halite to move east, but only 0 halite was available
At command 17 of 19:
    15   m 27 o
    16   m 28 o
>>> 17   m 29 e
    18   m 30 w
    19   m 31 o


Turn 216
================================================================
warning: entity 11 was directed to use 3 halite to move south, but only 0 halite was available
At command 5 of 18:
    3   m 7 o
    4   m 9 s
>>> 5   m 11 s
    6   m 14 w
    7   m 17 e

warning: entity 23 was directed to use 5 halite to move east, but only 3 halite was available
At command 11 of 18:
    9   m 20 o
    10   m 22 o
>>> 11   m 23 e
    12   m 24 w
    13   m 26 o

warning: entity 24 was directed to use 3 halite to move west, but only 0 halite was available
At command 12 of 18:
    10   m 22 o
    11   m 23 e
>>> 12   m 24 w
    13   m 26 o
    14   m 27 s


Turn 217
================================================================
warning: entity 17 was directed to use 1 halite to move east, but only 0 halite was available
At command 7 of 18:
    5   m 11 s
    6   m 14 w
>>> 7   m 17 e
    8   m 20 o
    9   m 22 o


Turn 219
================================================================
warning: entity 14 was directed to use 2 halite to move west, but only 0 halite was available
At command 6 of 18:
    4   m 9 s
    5   m 11 o
>>> 6   m 14 w
    7   m 17 e
    8   m 18 o


Turn 220
================================================================
warning: entity 17 was directed to use 2 halite to move east, but only 0 halite was available
At command 6 of 18:
    4   m 11 o
    5   m 14 w
>>> 6   m 17 e
    7   m 18 o
    8   m 20 o


Turn 221
================================================================
warning: entity 24 was directed to use 4 halite to move north, but only 1 halite was available
At command 10 of 17:
    8   m 18 o
    9   m 23 o
>>> 10   m 24 n
    11   m 25 w
    12   m 26 o


Turn 222
================================================================
warning: entity 25 was directed to use 1 halite to move east, but only 0 halite was available
At command 11 of 16:
    9   m 23 o
    10   m 24 n
>>> 11   m 25 e
    12   m 26 o
    13   m 27 w


Turn 223
================================================================
warning: entity 17 was directed to use 4 halite to move north, but only 1 halite was available
At command 7 of 19:
    5   m 11 o
    6   m 14 w
>>> 7   m 17 n
    8   m 18 o
    9   m 20 s


Turn 224
================================================================
warning: entity 14 was directed to use 1 halite to move west, but only 0 halite was available
At command 6 of 19:
    4   m 9 e
    5   m 11 o
>>> 6   m 14 w
    7   m 17 n
    8   m 18 o


Turn 225
================================================================
warning: entity 0 was directed to use 3 halite to move east, but only 0 halite was available
At command 1 of 18:
>>> 1   m 0 e
    2   m 4 o
    3   m 7 e


Turn 226
================================================================
warning: entity 9 was directed to use 1 halite to move south, but only 0 halite was available
At command 4 of 18:
    2   m 4 o
    3   m 7 e
>>> 4   m 9 s
    5   m 11 o
    6   m 14 s

warning: entity 27 was directed to use 4 halite to move south, but only 2 halite was available
At command 14 of 18:
    12   m 25 w
    13   m 26 o
>>> 14   m 27 s
    15   m 28 o
    16   m 29 s


Turn 229
================================================================
warning: entity 0 was directed to use 3 halite to move south, but only 1 halite was available
At command 1 of 16:
>>> 1   m 0 s
    2   m 7 n
    3   m 9 s

warning: entity 9 was directed to use 1 halite to move south, but only 0 halite was available
At command 3 of 16:
    1   m 0 s
    2   m 7 n
>>> 3   m 9 s
    4   m 11 o
    5   m 14 o

warning: entity 18 was directed to use 2 halite to move east, but only 0 halite was available
At command 7 of 16:
    5   m 14 o
    6   m 17 o
>>> 7   m 18 e
    8   m 20 e
    9   m 23 o


Turn 230
================================================================
warning: entity 31 was directed to use 1 halite to move east, but only 0 halite was available
At command 17 of 17:
    15   m 28 o
    16   m 30 s
>>> 17   m 31 e


Turn 232
================================================================
warning: entity 22 was directed to use 1 halite to move east, but only 0 halite was available
At command 10 of 19:
    8   m 18 o
    9   m 20 e
>>> 10   m 22 e
    11   m 23 s
    12   m 24 o

warning: entity 30 was directed to use 1 halite to move south, but only 0 halite was available
At command 18 of 19:
    16   m 28 s
    17   m 29 w
>>> 18   m 30 s
    19   m 31 e


Turn 234
================================================================
warning: entity 7 was directed to use 3 halite to move east, but only 0 halite was available
At command 3 of 19:
    1   m 0 e
    2   m 4 o
>>> 3   m 7 e
    4   m 9 s
    5   m 11 o


Turn 235
================================================================
warning: entity 22 was directed to use 3 halite to move east, but only 2 halite was available
At command 9 of 18:
    7   m 17 o
    8   m 18 s
>>> 9   m 22 e
    10   m 23 o
    11   m 24 o

warning: entity 30 was directed to use 1 halite to move south, but only 0 halite was available
At command 17 of 18:
    15   m 28 w
    16   m 29 n
>>> 17   m 30 s
    18   m 31 e

warning: entity 31 was directed to use 1 halite to move east, but only 0 halite was available
At command 18 of 18:
    16   m 29 n
    17   m 30 s
>>> 18   m 31 e


Turn 236
================================================================
warning: entity 11 was directed to use 3 halite to move south, but only 0 halite was available
At command 5 of 19:
    3   m 7 e
    4   m 9 s
>>> 5   m 11 s
    6   m 14 o
    7   m 17 o


Turn 240
================================================================
warning: entity 29 was directed to use 1 halite to move east, but only 0 halite was available
At command 15 of 17:
    13   m 26 n
    14   m 27 o
>>> 15   m 29 e
    16   m 30 o
    17   m 31 s


Turn 241
================================================================
warning: entity 22 was directed to use 3 halite to move south, but only 2 halite was available
At command 10 of 19:
    8   m 18 o
    9   m 20 s
>>> 10   m 22 s
    11   m 23 o
    12   m 24 o


Turn 242
================================================================
warning: entity 20 was directed to use 4 halite to move south, but only 0 halite was available
At command 9 of 19:
    7   m 17 o
    8   m 18 o
>>> 9   m 20 s
    10   m 22 s
    11   m 23 o

warning: entity 31 was directed to use 1 halite to move south, but only 0 halite was available
At command 19 of 19:
    17   m 29 e
    18   m 30 o
>>> 19   m 31 s


Turn 243
================================================================
warning: entity 28 was directed to use 1 halite to move south, but only 0 halite was available
At command 15 of 18:
    13   m 26 n
    14   m 27 o
>>> 15   m 28 s
    16   m 29 e
    17   m 30 o


Turn 244
================================================================
warning: entity 29 was directed to use 2 halite to move west, but only 0 halite was available
At command 17 of 19:
    15   m 27 o
    16   m 28 s
>>> 17   m 29 w
    18   m 30 o
    19   m 31 n


Turn 253
================================================================
warning: entity 26 was directed to use 4 halite to move east, but only 1 halite was available
At command 14 of 18:
    12   m 24 o
    13   m 25 w
>>> 14   m 26 e
    15   m 27 o
    16   m 28 o


Turn 254
================================================================
warning: entity 29 was directed to use 2 halite to move south, but only 1 halite was available
At command 17 of 19:
    15   m 27 o
    16   m 28 s
>>> 17   m 29 s
    18   m 30 n
    19   m 31 w


Turn 255
================================================================
warning: entity 31 was directed to use 1 halite to move west, but only 0 halite was available
At command 18 of 18:
    16   m 29 s
    17   m 30 s
>>> 18   m 31 w


Turn 257
================================================================
warning: entity 31 was directed to use 5 halite to move west, but only 3 halite was available
At command 19 of 19:
    17   m 29 n
    18   m 30 o
>>> 19   m 31 w


Turn 258
================================================================
warning: entity 9 was directed to use 1 halite to move south, but only 0 halite was available
At command 4 of 17:
    2   m 4 e
    3   m 7 e
>>> 4   m 9 s
    5   m 11 o
    6   m 14 e

warning: entity 25 was directed to use 1 halite to move west, but only 0 halite was available
At command 12 of 17:
    10   m 22 w
    11   m 24 e
>>> 12   m 25 w
    13   m 26 o
    14   m 28 o

warning: entity 29 was directed to use 3 halite to move west, but only 2 halite was available
At command 15 of 17:
    13   m 26 o
    14   m 28 o
>>> 15   m 29 w
    16   m 30 n
    17   m 31 w


Turn 261
================================================================
warning: entity 4 was directed to use 1 halite to move east, but only 0 halite was available
At command 2 of 19:
    1   m 0 s
>>> 2   m 4 e
    3   m 7 o
    4   m 9 o


Turn 263
================================================================
warning: entity 30 was directed to use 4 halite to move south, but only 0 halite was available
At command 18 of 19:
    16   m 28 o
    17   m 29 o
>>> 18   m 30 s
    19   m 31 o


Turn 264
================================================================
warning: entity 4 was directed to use 4 halite to move south, but only 0 halite was available
At command 2 of 18:
    1   m 0 o
>>> 2   m 4 s
    3   m 7 o
    4   m 9 o


Turn 265
================================================================
warning: entity 23 was directed to use 1 halite to move west, but only 0 halite was available
At command 11 of 19:
    9   m 20 o
    10   m 22 o
>>> 11   m 23 w
    12   m 24 s
    13   m 25 o


Turn 266
================================================================
warning: entity 17 was directed to use 1 halite to move east, but only 0 halite was available
At command 6 of 17:
    4   m 11 o
    5   m 14 w
>>> 6   m 17 e
    7   m 18 n
    8   m 20 o


Turn 267
================================================================
warning: entity 30 was directed to use 4 halite to move south, but only 2 halite was available
At command 17 of 18:
    15   m 28 o
    16   m 29 e
>>> 17   m 30 s
    18   m 31 o


Turn 270
================================================================
warning: entity 14 was directed to use 3 halite to move north, but only 0 halite was available
At command 6 of 19:
    4   m 9 s
    5   m 11 o
>>> 6   m 14 n
    7   m 17 s
    8   m 18 w

warning: entity 17 was directed to use 2 halite to move south, but only 0 halite was available
At command 7 of 19:
    5   m 11 o
    6   m 14 n
>>> 7   m 17 s
    8   m 18 w
    9   m 20 o

warning: entity 23 was directed to use 4 halite to move north, but only 0 halite was available
At command 11 of 19:
    9   m 20 o
    10   m 22 o
>>> 11   m 23 n
    12   m 24 e
    13   m 25 o


Turn 271
================================================================
warning: entity 30 was directed to use 4 halite to move east, but only 2 halite was available
At command 18 of 19:
    16   m 28 o
    17   m 29 o
>>> 18   m 30 e
    19   m 31 o


Turn 272
================================================================
warning: entity 18 was directed to use 3 halite to move south, but only 0 halite was available
At command 8 of 18:
    6   m 14 n
    7   m 17 s
>>> 8   m 18 s
    9   m 20 o
    10   m 22 o


Turn 274
================================================================
warning: entity 14 was directed to use 1 halite to move north, but only 0 halite was available
At command 6 of 19:
    4   m 9 s
    5   m 11 o
>>> 6   m 14 n
    7   m 17 o
    8   m 18 o


Turn 275
================================================================
warning: entity 24 was directed to use 3 halite to move south, but only 0 halite was available
At command 12 of 19:
    10   m 22 w
    11   m 23 o
>>> 12   m 24 s
    13   m 25 o
    14   m 26 o

warning: entity 27 was directed to use 2 halite to move west, but only 0 halite was available
At command 15 of 19:
    13   m 25 o
    14   m 26 o
>>> 15   m 27 w
    16   m 28 o
    17   m 29 w


Turn 278
================================================================
warning: entity 27 was directed to use 2 halite to move north, but only 1 halite was available
At command 13 of 17:
    11   m 25 n
    12   m 26 o
>>> 13   m 27 n
    14   m 28 o
    15   m 29 w


Turn 282
================================================================
warning: entity 24 was directed to use 3 halite to move south, but only 1 halite was available
At command 11 of 18:
    9   m 22 n
    10   m 23 o
>>> 11   m 24 s
    12   m 25 o
    13   m 26 o

warning: entity 27 was directed to use 4 halite to move east, but only 3 halite was available
At command 14 of 18:
    12   m 25 o
    13   m 26 o
>>> 14   m 27 e
    15   m 28 s
    16   m 29 w


Turn 286
================================================================
warning: entity 7 was directed to use 1 halite to move east, but only 0 halite was available
At command 3 of 19:
    1   m 0 s
    2   m 4 o
>>> 3   m 7 e
    4   m 9 o
    5   m 11 o


Turn 287
================================================================
warning: entity 22 was directed to use 1 halite to move east, but only 0 halite was available
At command 10 of 19:
    8   m 18 o
    9   m 20 e
>>> 10   m 22 e
    11   m 23 n
    12   m 24 o


Turn 288
================================================================
warning: entity 0 was directed to use 4 halite to move south, but only 3 halite was available
At command 1 of 17:
>>> 1   m 0 s
    2   m 4 o
    3   m 7 s


Turn 289
================================================================
warning: entity 7 was directed to use 3 halite to move south, but only 0 halite was available
At command 3 of 18:
    1   m 0 s
    2   m 4 o
>>> 3   m 7 s
    4   m 9 o
    5   m 11 o


Turn 291
================================================================
warning: entity 22 was directed to use 1 halite to move south, but only 0 halite was available
At command 7 of 16:
    5   m 14 o
    6   m 18 o
>>> 7   m 22 s
    8   m 23 o
    9   m 24 o

warning: entity 29 was directed to use 1 halite to move west, but only 0 halite was available
At command 14 of 16:
    12   m 27 n
    13   m 28 o
>>> 14   m 29 w
    15   m 30 n
    16   m 31 o


Turn 293
================================================================
warning: entity 7 was directed to use 4 halite to move south, but only 2 halite was available
At command 3 of 19:
    1   m 0 o
    2   m 4 o
>>> 3   m 7 s
    4   m 9 o
    5   m 11 n

warning: entity 27 was directed to use 3 halite to move south, but only 2 halite was available
At command 15 of 19:
    13   m 25 o
    14   m 26 o
>>> 15   m 27 s
    16   m 28 o
    17   m 29 w


Turn 294
================================================================
warning: entity 20 was directed to use 1 halite to move west, but only 0 halite was available
At command 9 of 18:
    7   m 17 o
    8   m 18 o
>>> 9   m 20 w
    10   m 22 s
    11   m 23 o

warning: entity 29 was directed to use 4 halite to move west, but only 2 halite was available
At command 16 of 18:
    14   m 27 s
    15   m 28 w
>>> 16   m 29 w
    17   m 30 n
    18   m 31 o


Turn 295
================================================================
warning: entity 22 was directed to use 4 halite to move south, but only 2 halite was available
At command 10 of 18:
    8   m 18 o
    9   m 20 w
>>> 10   m 22 s
    11   m 23 o
    12   m 24 w


Turn 297
================================================================
warning: entity 7 was directed to use 4 halite to move south, but only 2 halite was available
At command 3 of 18:
    1   m 0 o
    2   m 4 w
>>> 3   m 7 s
    4   m 9 o
    5   m 14 o

warning: entity 20 was directed to use 3 halite to move west, but only 2 halite was available
At command 8 of 18:
    6   m 17 o
    7   m 18 s
>>> 8   m 20 w
    9   m 22 s
    10   m 23 o


Turn 302
================================================================
warning: entity 11 was directed to use 2 halite to move south, but only 0 halite was available
At command 5 of 19:
    3   m 7 o
    4   m 9 o
>>> 5   m 11 s
    6   m 14 o
    7   m 17 n


Turn 304
================================================================
warning: entity 30 was directed to use 1 halite to move south, but only 0 halite was available
At command 16 of 17:
    14   m 28 s
    15   m 29 s
>>> 16   m 30 s
    17   m 31 e


Turn 308
================================================================
warning: entity 11 was directed to use 3 halite to move south, but only 1 halite was available
At command 5 of 19:
    3   m 7 o
    4   m 9 n
>>> 5   m 11 s
    6   m 14 o
    7   m 17 n

warning: entity 30 was directed to use 4 halite to move south, but only 0 halite was available
At command 18 of 19:
    16   m 28 s
    17   m 29 o
>>> 18   m 30 s
    19   m 31 o


Turn 309
================================================================
warning: entity 4 was directed to use 3 halite to move south, but only 2 halite was available
At command 2 of 19:
    1   m 0 n
>>> 2   m 4 s
    3   m 7 o
    4   m 9 n


Turn 312
================================================================
warning: entity 24 was directed to use 1 halite to move east, but only 0 halite was available
At command 12 of 19:
    10   m 22 s
    11   m 23 o
>>> 12   m 24 e
    13   m 25 s
    14   m 26 n


Turn 313
================================================================
warning: entity 4 was directed to use 4 halite to move south, but only 1 halite was available
At command 2 of 18:
    1   m 0 w
>>> 2   m 4 s
    3   m 7 w
    4   m 9 n


Turn 315
================================================================
warning: entity 17 was directed to use 1 halite to move south, but only 0 halite was available
At command 7 of 19:
    5   m 11 o
    6   m 14 e
>>> 7   m 17 s
    8   m 18 s
    9   m 20 o

warning: entity 24 was directed to use 3 halite to move east, but only 2 halite was available
At command 12 of 19:
    10   m 22 o
    11   m 23 e
>>> 12   m 24 e
    13   m 25 s
    14   m 26 e


Turn 318
================================================================
warning: entity 17 was directed to use 4 halite to move south, but only 2 halite was available
At command 7 of 19:
    5   m 11 s
    6   m 14 o
>>> 7   m 17 s
    8   m 18 o
    9   m 20 o

warning: entity 26 was directed to use 1 halite to move south, but only 0 halite was available
At command 14 of 19:
    12   m 24 o
    13   m 25 n
>>> 14   m 26 s
    15   m 27 e
    16   m 28 w


Turn 320
================================================================
warning: entity 25 was directed to use 1 halite to move north, but only 0 halite was available
At command 12 of 18:
    10   m 23 e
    11   m 24 o
>>> 12   m 25 n
    13   m 26 s
    14   m 27 n

warning: entity 28 was directed to use 1 halite to move west, but only 0 halite was available
At command 15 of 18:
    13   m 26 s
    14   m 27 n
>>> 15   m 28 w
    16   m 29 o
    17   m 30 o


Turn 321
================================================================
warning: entity 26 was directed to use 3 halite to move south, but only 2 halite was available
At command 14 of 19:
    12   m 24 o
    13   m 25 s
>>> 14   m 26 s
    15   m 27 s
    16   m 28 w


Turn 323
================================================================
warning: entity 28 was directed to use 4 halite to move south, but only 2 halite was available
At command 15 of 18:
    13   m 26 s
    14   m 27 o
>>> 15   m 28 s
    16   m 29 o
    17   m 30 o


Turn 324
================================================================
warning: entity 17 was directed to use 4 halite to move south, but only 0 halite was available
At command 7 of 19:
    5   m 11 o
    6   m 14 s
>>> 7   m 17 s
    8   m 18 o
    9   m 20 o

warning: entity 25 was directed to use 4 halite to move west, but only 1 halite was available
At command 13 of 19:
    11   m 23 s
    12   m 24 o
>>> 13   m 25 w
    14   m 26 o
    15   m 27 s


Turn 326
================================================================
warning: entity 0 was directed to use 4 halite to move south, but only 0 halite was available
At command 1 of 17:
>>> 1   m 0 s
    2   m 4 o
    3   m 7 w


Turn 327
================================================================
warning: entity 28 was directed to use 3 halite to move south, but only 1 halite was available
At command 15 of 18:
    13   m 26 s
    14   m 27 o
>>> 15   m 28 s
    16   m 29 o
    17   m 30 o


Turn 330
================================================================
warning: entity 0 was directed to use 3 halite to move south, but only 1 halite was available
At command 1 of 19:
>>> 1   m 0 s
    2   m 4 o
    3   m 7 o

warning: entity 23 was directed to use 1 halite to move north, but only 0 halite was available
At command 11 of 19:
    9   m 20 o
    10   m 22 o
>>> 11   m 23 n
    12   m 24 o
    13   m 25 n

warning: entity 26 was directed to use 5 halite to move west, but only 3 halite was available
At command 14 of 19:
    12   m 24 o
    13   m 25 n
>>> 14   m 26 w
    15   m 27 o
    16   m 28 n


Turn 331
================================================================
warning: entity 9 was directed to use 2 halite to move west, but only 0 halite was available
At command 4 of 18:
    2   m 4 s
    3   m 7 o
>>> 4   m 9 w
    5   m 14 s
    6   m 17 o

warning: entity 28 was directed to use 4 halite to move south, but only 1 halite was available
At command 15 of 18:
    13   m 26 w
    14   m 27 s
>>> 15   m 28 s
    16   m 29 o
    17   m 30 w


Turn 332
================================================================
warning: entity 23 was directed to use 5 halite to move north, but only 4 halite was available
At command 11 of 19:
    9   m 20 o
    10   m 22 w
>>> 11   m 23 n
    12   m 24 s
    13   m 25 n

warning: entity 31 was directed to use 1 halite to move south, but only 0 halite was available
At command 19 of 19:
    17   m 29 o
    18   m 30 n
>>> 19   m 31 s


Turn 334
================================================================
warning: entity 9 was directed to use 4 halite to move west, but only 2 halite was available
At command 4 of 19:
    2   m 4 o
    3   m 7 o
>>> 4   m 9 w
    5   m 11 o
    6   m 14 s


Turn 335
================================================================
warning: entity 26 was directed to use 4 halite to move north, but only 1 halite was available
At command 14 of 19:
    12   m 24 o
    13   m 25 n
>>> 14   m 26 n
    15   m 27 o
    16   m 28 w

warning: entity 28 was directed to use 4 halite to move west, but only 1 halite was available
At command 16 of 19:
    14   m 26 n
    15   m 27 o
>>> 16   m 28 w
    17   m 29 s
    18   m 30 o

warning: entity 31 was directed to use 2 halite to move east, but only 0 halite was available
At command 19 of 19:
    17   m 29 s
    18   m 30 o
>>> 19   m 31 e


Turn 338
================================================================
warning: entity 31 was directed to use 3 halite to move east, but only 2 halite was available
At command 19 of 19:
    17   m 29 s
    18   m 30 n
>>> 19   m 31 e


Turn 339
================================================================
warning: entity 26 was directed to use 3 halite to move south, but only 1 halite was available
At command 14 of 19:
    12   m 24 s
    13   m 25 o
>>> 14   m 26 s
    15   m 27 o
    16   m 28 e

warning: entity 28 was directed to use 4 halite to move east, but only 2 halite was available
At command 16 of 19:
    14   m 26 s
    15   m 27 o
>>> 16   m 28 e
    17   m 29 o
    18   m 30 n


Turn 341
================================================================
warning: entity 14 was directed to use 1 halite to move north, but only 0 halite was available
At command 6 of 19:
    4   m 9 o
    5   m 11 w
>>> 6   m 14 n
    7   m 17 o
    8   m 18 o


Turn 342
================================================================
warning: entity 26 was directed to use 4 halite to move south, but only 3 halite was available
At command 14 of 17:
    12   m 24 o
    13   m 25 o
>>> 14   m 26 s
    15   m 27 o
    16   m 28 o


Turn 345
================================================================
warning: entity 14 was directed to use 4 halite to move north, but only 1 halite was available
At command 6 of 19:
    4   m 9 o
    5   m 11 n
>>> 6   m 14 n
    7   m 17 o
    8   m 18 n

warning: entity 31 was directed to use 4 halite to move south, but only 2 halite was available
At command 19 of 19:
    17   m 29 e
    18   m 30 w
>>> 19   m 31 s


Turn 347
================================================================
warning: entity 26 was directed to use 5 halite to move south, but only 0 halite was available
At command 13 of 18:
    11   m 24 o
    12   m 25 o
>>> 13   m 26 s
    14   m 27 e
    15   m 28 o

warning: entity 30 was directed to use 1 halite to move west, but only 0 halite was available
At command 17 of 18:
    15   m 28 o
    16   m 29 e
>>> 17   m 30 w
    18   m 31 n


Turn 349
================================================================
warning: entity 14 was directed to use 4 halite to move north, but only 2 halite was available
At command 6 of 19:
    4   m 9 o
    5   m 11 n
>>> 6   m 14 n
    7   m 17 o
    8   m 18 s


Turn 350
================================================================
warning: entity 18 was directed to use 2 halite to move south, but only 0 halite was available
At command 7 of 18:
    5   m 14 n
    6   m 17 s
>>> 7   m 18 s
    8   m 20 e
    9   m 22 n

warning: entity 30 was directed to use 3 halite to move west, but only 1 halite was available
At command 17 of 18:
    15   m 28 o
    16   m 29 o
>>> 17   m 30 w
    18   m 31 e


Turn 354
================================================================
warning: entity 18 was directed to use 4 halite to move south, but only 0 halite was available
At command 8 of 19:
    6   m 14 n
    7   m 17 o
>>> 8   m 18 s
    9   m 20 e
    10   m 22 e

warning: entity 31 was directed to use 1 halite to move east, but only 0 halite was available
At command 19 of 19:
    17   m 29 n
    18   m 30 o
>>> 19   m 31 e


Turn 355
================================================================
warning: entity 11 was directed to use 1 halite to move east, but only 0 halite was available
At command 5 of 19:
    3   m 7 o
    4   m 9 o
>>> 5   m 11 e
    6   m 14 o
    7   m 17 o


Turn 358
================================================================
warning: entity 18 was directed to use 4 halite to move south, but only 1 halite was available
At command 8 of 18:
    6   m 14 n
    7   m 17 o
>>> 8   m 18 s
    9   m 20 n
    10   m 22 s

warning: entity 31 was directed to use 2 halite to move east, but only 0 halite was available
At command 18 of 18:
    16   m 29 n
    17   m 30 o
>>> 18   m 31 e


Turn 359
================================================================
warning: entity 11 was directed to use 4 halite to move east, but only 0 halite was available
At command 5 of 19:
    3   m 7 o
    4   m 9 o
>>> 5   m 11 e
    6   m 14 n
    7   m 17 o

warning: entity 22 was directed to use 1 halite to move south, but only 0 halite was available
At command 10 of 19:
    8   m 18 s
    9   m 20 n
>>> 10   m 22 s
    11   m 23 o
    12   m 24 w


Turn 362
================================================================
warning: entity 18 was directed to use 4 halite to move south, but only 1 halite was available
At command 8 of 18:
    6   m 14 o
    7   m 17 e
>>> 8   m 18 s
    9   m 20 n
    10   m 22 s


Turn 364
================================================================
warning: entity 22 was directed to use 2 halite to move south, but only 1 halite was available
At command 10 of 18:
    8   m 18 s
    9   m 20 n
>>> 10   m 22 s
    11   m 23 e
    12   m 24 o


Turn 365
================================================================
warning: entity 31 was directed to use 5 halite to move south, but only 1 halite was available
At command 19 of 19:
    17   m 29 w
    18   m 30 s
>>> 19   m 31 s


Turn 371
================================================================
warning: entity 22 was directed to use 4 halite to move south, but only 1 halite was available
At command 10 of 19:
    8   m 18 o
    9   m 20 w
>>> 10   m 22 s
    11   m 23 s
    12   m 24 n

warning: entity 29 was directed to use 3 halite to move south, but only 1 halite was available
At command 17 of 19:
    15   m 27 s
    16   m 28 n
>>> 17   m 29 s
    18   m 30 o
    19   m 31 w


Turn 372
================================================================
warning: entity 4 was directed to use 1 halite to move west, but only 0 halite was available
At command 2 of 19:
    1   m 0 o
>>> 2   m 4 w
    3   m 7 n
    4   m 9 o

warning: entity 27 was directed to use 4 halite to move south, but only 2 halite was available
At command 15 of 19:
    13   m 25 s
    14   m 26 n
>>> 15   m 27 s
    16   m 28 n
    17   m 29 s


Turn 375
================================================================
warning: entity 4 was directed to use 2 halite to move west, but only 1 halite was available
At command 2 of 19:
    1   m 0 n
>>> 2   m 4 w
    3   m 7 e
    4   m 9 o

warning: entity 29 was directed to use 3 halite to move south, but only 2 halite was available
At command 17 of 19:
    15   m 27 s
    16   m 28 w
>>> 17   m 29 s
    18   m 30 o
    19   m 31 s


Turn 376
================================================================
warning: entity 27 was directed to use 4 halite to move south, but only 2 halite was available
At command 14 of 18:
    12   m 25 s
    13   m 26 s
>>> 14   m 27 s
    15   m 28 e
    16   m 29 s


Turn 378
================================================================
warning: entity 4 was directed to use 4 halite to move south, but only 3 halite was available
At command 2 of 19:
    1   m 0 n
>>> 2   m 4 s
    3   m 7 w
    4   m 9 o

warning: entity 26 was directed to use 1 halite to move south, but only 0 halite was available
At command 14 of 19:
    12   m 24 o
    13   m 25 w
>>> 14   m 26 s
    15   m 27 s
    16   m 28 n


Turn 379
================================================================
warning: entity 29 was directed to use 3 halite to move south, but only 2 halite was available
At command 17 of 19:
    15   m 27 o
    16   m 28 o
>>> 17   m 29 s
    18   m 30 o
    19   m 31 o


Turn 380
================================================================
warning: entity 20 was directed to use 4 halite to move south, but only 1 halite was available
At command 9 of 17:
    7   m 17 n
    8   m 18 o
>>> 9   m 20 s
    10   m 22 o
    11   m 25 n


Turn 381
================================================================
warning: entity 25 was directed to use 4 halite to move north, but only 0 halite was available
At command 13 of 19:
    11   m 23 n
    12   m 24 w
>>> 13   m 25 n
    14   m 26 s
    15   m 27 o

warning: entity 26 was directed to use 4 halite to move south, but only 2 halite was available
At command 14 of 19:
    12   m 24 w
    13   m 25 n
>>> 14   m 26 s
    15   m 27 o
    16   m 28 o


Turn 383
================================================================
warning: entity 4 was directed to use 4 halite to move south, but only 1 halite was available
At command 2 of 18:
    1   m 0 n
>>> 2   m 4 s
    3   m 7 s
    4   m 9 o

warning: entity 7 was directed to use 2 halite to move south, but only 0 halite was available
At command 3 of 18:
    1   m 0 n
    2   m 4 s
>>> 3   m 7 s
    4   m 9 o
    5   m 11 o


Turn 384
================================================================
warning: entity 20 was directed to use 3 halite to move south, but only 2 halite was available
At command 8 of 18:
    6   m 17 o
    7   m 18 o
>>> 8   m 20 s
    9   m 22 o
    10   m 23 n


Turn 385
================================================================
warning: entity 23 was directed to use 1 halite to move north, but only 0 halite was available
At command 11 of 19:
    9   m 20 s
    10   m 22 o
>>> 11   m 23 n
    12   m 24 w
    13   m 25 n


Turn 386
================================================================
warning: entity 7 was directed to use 4 halite to move south, but only 1 halite was available
At command 3 of 19:
    1   m 0 n
    2   m 4 s
>>> 3   m 7 s
    4   m 9 o
    5   m 11 o

warning: entity 24 was directed to use 1 halite to move west, but only 0 halite was available
At command 12 of 19:
    10   m 22 o
    11   m 23 n
>>> 12   m 24 w
    13   m 25 n
    14   m 26 s

warning: entity 26 was directed to use 1 halite to move south, but only 0 halite was available
At command 14 of 19:
    12   m 24 w
    13   m 25 n
>>> 14   m 26 s
    15   m 27 o
    16   m 28 s

warning: entity 28 was directed to use 1 halite to move south, but only 0 halite was available
At command 16 of 19:
    14   m 26 s
    15   m 27 o
>>> 16   m 28 s
    17   m 29 o
    18   m 30 s


Turn 387
================================================================
warning: entity 4 was directed to use 4 halite to move south, but only 1 halite was available
At command 2 of 18:
    1   m 0 n
>>> 2   m 4 s
    3   m 7 s
    4   m 9 e

warning: entity 25 was directed to use 4 halite to move north, but only 0 halite was available
At command 12 of 18:
    10   m 23 n
    11   m 24 w
>>> 12   m 25 n
    13   m 26 s
    14   m 27 o


Turn 388
================================================================
warning: entity 20 was directed to use 4 halite to move south, but only 3 halite was available
At command 9 of 19:
    7   m 17 e
    8   m 18 n
>>> 9   m 20 s
    10   m 22 o
    11   m 23 n

warning: entity 26 was directed to use 4 halite to move south, but only 3 halite was available
At command 14 of 19:
    12   m 24 w
    13   m 25 n
>>> 14   m 26 s
    15   m 27 o
    16   m 28 s


Turn 389
================================================================
warning: entity 23 was directed to use 4 halite to move north, but only 0 halite was available
At command 10 of 18:
    8   m 18 n
    9   m 20 s
>>> 10   m 23 n
    11   m 24 w
    12   m 25 n

warning: entity 24 was directed to use 3 halite to move west, but only 2 halite was available
At command 11 of 18:
    9   m 20 s
    10   m 23 n
>>> 11   m 24 w
    12   m 25 n
    13   m 26 s

warning: entity 28 was directed to use 2 halite to move south, but only 0 halite was available
At command 15 of 18:
    13   m 26 s
    14   m 27 o
>>> 15   m 28 s
    16   m 29 s
    17   m 30 o


Turn 391
================================================================
warning: entity 7 was directed to use 4 halite to move south, but only 1 halite was available
At command 3 of 19:
    1   m 0 n
    2   m 4 s
>>> 3   m 7 s
    4   m 9 e
    5   m 11 o

warning: entity 25 was directed to use 4 halite to move north, but only 1 halite was available
At command 13 of 19:
    11   m 23 n
    12   m 24 s
>>> 13   m 25 n
    14   m 26 s
    15   m 27 s


Turn 392
================================================================
warning: entity 26 was directed to use 5 halite to move south, but only 4 halite was available
At command 13 of 18:
    11   m 24 s
    12   m 25 n
>>> 13   m 26 s
    14   m 27 o
    15   m 28 s


Turn 393
================================================================
warning: entity 17 was directed to use 1 halite to move east, but only 0 halite was available
At command 7 of 19:
    5   m 11 o
    6   m 14 o
>>> 7   m 17 e
    8   m 18 n
    9   m 20 o

warning: entity 23 was directed to use 4 halite to move north, but only 3 halite was available
At command 11 of 19:
    9   m 20 o
    10   m 22 o
>>> 11   m 23 n
    12   m 24 s
    13   m 25 n

warning: entity 24 was directed to use 3 halite to move south, but only 2 halite was available
At command 12 of 19:
    10   m 22 o
    11   m 23 n
>>> 12   m 24 s
    13   m 25 n
    14   m 26 s

warning: entity 28 was directed to use 4 halite to move south, but only 0 halite was available
At command 16 of 19:
    14   m 26 s
    15   m 27 o
>>> 16   m 28 s
    17   m 29 o
    18   m 30 o


Turn 395
================================================================
warning: entity 25 was directed to use 4 halite to move north, but only 1 halite was available
At command 13 of 19:
    11   m 23 n
    12   m 24 s
>>> 13   m 25 n
    14   m 26 o
    15   m 27 o


Turn 396
================================================================
warning: entity 17 was directed to use 3 halite to move east, but only 1 halite was available
At command 7 of 19:
    5   m 11 o
    6   m 14 o
>>> 7   m 17 e
    8   m 18 o
    9   m 20 s


Turn 397
================================================================
warning: entity 0 was directed to use 1 halite to move south, but only 0 halite was available
At command 1 of 19:
>>> 1   m 0 s
    2   m 4 o
    3   m 7 o

warning: entity 24 was directed to use 3 halite to move south, but only 2 halite was available
At command 12 of 19:
    10   m 22 n
    11   m 23 n
>>> 12   m 24 s
    13   m 25 n
    14   m 26 o

warning: entity 28 was directed to use 4 halite to move south, but only 0 halite was available
At command 16 of 19:
    14   m 26 o
    15   m 27 s
>>> 16   m 28 s
    17   m 29 o
    18   m 30 o


Turn 399
================================================================
warning: entity 17 was directed to use 4 halite to move south, but only 3 halite was available
At command 7 of 18:
    5   m 11 s
    6   m 14 o
>>> 7   m 17 s
    8   m 20 o
    9   m 22 n

warning: entity 23 was directed to use 4 halite to move north, but only 0 halite was available
At command 10 of 18:
    8   m 20 o
    9   m 22 n
>>> 10   m 23 n
    11   m 24 s
    12   m 25 o


Turn 400
================================================================
warning: entity 0 was directed to use 3 halite to move south, but only 1 halite was available
At command 1 of 19:
>>> 1   m 0 s
    2   m 4 o
    3   m 7 o

warning: entity 31 was directed to use 3 halite to move south, but only 0 halite was available
At command 19 of 19:
    17   m 29 s
    18   m 30 o
>>> 19   m 31 s


Turn 401
================================================================
warning: entity 24 was directed to use 4 halite to move south, but only 3 halite was available
At command 12 of 19:
    10   m 22 n
    11   m 23 o
>>> 12   m 24 s
    13   m 25 o
    14   m 26 o

warning: entity 28 was directed to use 4 halite to move south, but only 1 halite was available
At command 16 of 19:
    14   m 26 o
    15   m 27 o
>>> 16   m 28 s
    17   m 29 o
    18   m 30 o


Turn 404
================================================================
warning: entity 17 was directed to use 4 halite to move south, but only 0 halite was available
At command 7 of 19:
    5   m 11 o
    6   m 14 s
>>> 7   m 17 s
    8   m 18 w
    9   m 20 o


Turn 405
================================================================
warning: entity 0 was directed to use 3 halite to move south, but only 1 halite was available
At command 1 of 19:
>>> 1   m 0 s
    2   m 4 o
    3   m 7 o

warning: entity 18 was directed to use 1 halite to move west, but only 0 halite was available
At command 8 of 19:
    6   m 14 s
    7   m 17 s
>>> 8   m 18 w
    9   m 20 o
    10   m 22 n

warning: entity 31 was directed to use 3 halite to move west, but only 1 halite was available
At command 19 of 19:
    17   m 29 o
    18   m 30 o
>>> 19   m 31 w


Turn 406
================================================================
warning: entity 24 was directed to use 4 halite to move south, but only 0 halite was available
At command 10 of 17:
    8   m 22 n
    9   m 23 o
>>> 10   m 24 s
    11   m 25 w
    12   m 26 s


Turn 409
================================================================
warning: entity 0 was directed to use 3 halite to move south, but only 0 halite was available
At command 1 of 18:
>>> 1   m 0 s
    2   m 4 o
    3   m 7 o

warning: entity 18 was directed to use 4 halite to move west, but only 0 halite was available
At command 8 of 18:
    6   m 14 o
    7   m 17 s
>>> 8   m 18 w
    9   m 20 s
    10   m 23 o


Turn 412
================================================================
warning: entity 9 was directed to use 1 halite to move east, but only 0 halite was available
At command 4 of 19:
    2   m 4 e
    3   m 7 o
>>> 4   m 9 e
    5   m 11 w
    6   m 14 s


Turn 413
================================================================
warning: entity 28 was directed to use 31 halite to move east, but only 19 halite was available
At command 16 of 19:
    14   m 26 n
    15   m 27 n
>>> 16   m 28 e
    17   m 29 s
    18   m 30 e

warning: entity 31 was directed to use 4 halite to move south, but only 0 halite was available
At command 19 of 19:
    17   m 29 s
    18   m 30 e
>>> 19   m 31 s


Turn 415
================================================================
warning: entity 9 was directed to use 2 halite to move south, but only 1 halite was available
At command 4 of 19:
    2   m 4 e
    3   m 7 o
>>> 4   m 9 s
    5   m 11 w
    6   m 14 w


Turn 416
================================================================
warning: entity 0 was directed to use 17 halite to move north, but only 1 halite was available
At command 1 of 18:
>>> 1   m 0 n
    2   m 4 o
    3   m 7 o

warning: entity 22 was directed to use 1 halite to move north, but only 0 halite was available
At command 9 of 18:
    7   m 18 o
    8   m 20 o
>>> 9   m 22 n
    10   m 23 o
    11   m 24 e


Turn 418
================================================================
warning: entity 9 was directed to use 4 halite to move south, but only 2 halite was available
At command 4 of 19:
    2   m 4 e
    3   m 7 o
>>> 4   m 9 s
    5   m 11 w
    6   m 14 n

warning: entity 31 was directed to use 3 halite to move west, but only 1 halite was available
At command 19 of 19:
    17   m 29 s
    18   m 30 e
>>> 19   m 31 w


Turn 421
================================================================
warning: entity 14 was directed to use 1 halite to move north, but only 0 halite was available
At command 6 of 19:
    4   m 9 s
    5   m 11 w
>>> 6   m 14 n
    7   m 17 w
    8   m 18 o


Turn 425
================================================================
warning: entity 14 was directed to use 3 halite to move north, but only 0 halite was available
At command 6 of 19:
    4   m 9 o
    5   m 11 n
>>> 6   m 14 n
    7   m 17 w
    8   m 18 e


Turn 426
================================================================
warning: entity 31 was directed to use 4 halite to move east, but only 2 halite was available
At command 18 of 18:
    16   m 29 s
    17   m 30 o
>>> 18   m 31 e


Turn 433
================================================================
warning: entity 14 was directed to use 4 halite to move south, but only 2 halite was available
At command 6 of 19:
    4   m 9 n
    5   m 11 e
>>> 6   m 14 s
    7   m 17 e
    8   m 18 o

warning: entity 26 was directed to use 2 halite to move east, but only 0 halite was available
At command 14 of 19:
    12   m 24 n
    13   m 25 s
>>> 14   m 26 e
    15   m 27 n
    16   m 28 n


Turn 434
================================================================
warning: entity 27 was directed to use 1 halite to move west, but only 0 halite was available
At command 14 of 18:
    12   m 25 s
    13   m 26 e
>>> 14   m 27 w
    15   m 28 n
    16   m 29 s


Turn 436
================================================================
warning: entity 27 was directed to use 4 halite to move west, but only 3 halite was available
At command 14 of 18:
    12   m 25 w
    13   m 26 w
>>> 14   m 27 w
    15   m 28 n
    16   m 29 s


Turn 437
================================================================
warning: entity 26 was directed to use 1 halite to move west, but only 0 halite was available
At command 13 of 18:
    11   m 23 s
    12   m 24 n
>>> 13   m 26 w
    14   m 27 n
    15   m 28 n

warning: owned entities 29, 25 collided on cell (35, 24) as the result of moves on this turn
At command 16 of 18:
    14   m 27 n
    15   m 28 n
>>> 16   m 29 s
    17   m 30 n
    18   m 31 n


Turn 438
================================================================
warning: entity 14 was directed to use 2 halite to move south, but only 0 halite was available
At command 5 of 16:
    3   m 7 w
    4   m 11 n
>>> 5   m 14 s
    6   m 17 n
    7   m 18 e

warning: entity 31 was directed to use 2 halite to move east, but only 0 halite was available
At command 16 of 16:
    14   m 28 n
    15   m 30 n
>>> 16   m 31 e


Turn 440
================================================================
warning: entity 7 was directed to use 4 halite to move east, but only 0 halite was available
At command 3 of 16:
    1   m 0 e
    2   m 4 w
>>> 3   m 7 e
    4   m 9 s
    5   m 14 s

warning: entity 27 was directed to use 4 halite to move east, but only 3 halite was available
At command 13 of 16:
    11   m 24 n
    12   m 26 w
>>> 13   m 27 e
    14   m 28 n
    15   m 30 n


Turn 441
================================================================
warning: owned entities 17, 11 collided on cell (35, 30) as the result of moves on this turn
At command 7 of 17:
    5   m 11 o
    6   m 14 s
>>> 7   m 17 n
    8   m 18 o
    9   m 20 n


Turn 442
================================================================
warning: owned entities 0, 4 collided on cell (35, 30) as the result of moves on this turn
At command 1 of 15:
>>> 1   m 0 e
    2   m 4 w
    3   m 7 e

Other commands that placed an entity on this cell:
    1   m 0 e
>>> 2   m 4 w
    3   m 7 e
    4   m 9 e


Turn 443
================================================================
warning: owned entities 7, 9 collided on cell (35, 30) as the result of moves on this turn
At command 1 of 13:
>>> 1   m 7 s
    2   m 9 n
    3   m 14 s

Other commands that placed an entity on this cell:
    1   m 7 s
>>> 2   m 9 n
    3   m 14 s
    4   m 18 e


Turn 445
================================================================
warning: owned entities 18, 20, 26 collided on cell (35, 30) as the result of moves on this turn
At command 2 of 10:
    1   m 14 s
>>> 2   m 18 s
    3   m 20 n
    4   m 22 e

Other commands that placed an entity on this cell:
    1   m 14 s
    2   m 18 s
>>> 3   m 20 n
    4   m 22 e
    5   m 23 s


Turn 446
================================================================
warning: entity 31 was directed to use 1 halite to move north, but only 0 halite was available
At command 7 of 7:
    5   m 28 n
    6   m 30 n
>>> 7   m 31 n


Turn 447
================================================================
warning: owned entities 24, 27 collided on cell (35, 30) as the result of moves on this turn
At command 4 of 8:
    2   m 22 n
    3   m 23 s
>>> 4   m 24 n
    5   m 27 w
    6   m 28 n

Other commands that placed an entity on this cell:
    3   m 23 s
    4   m 24 n
>>> 5   m 27 w
    6   m 28 n
    7   m 30 n

warning: owned entities 22, 23, 14 collided on cell (35, 24) as the result of moves on this turn
At command 2 of 8:
    1   m 14 o
>>> 2   m 22 n
    3   m 23 s
    4   m 24 n

Other commands that placed an entity on this cell:
    1   m 14 o
    2   m 22 n
>>> 3   m 23 s
    4   m 24 n
    5   m 27 w


Turn 448
================================================================
error: unknown entity 24 was requested to move north
At command 1 of 4:
>>> 1   m 24 n
    2   m 28 n
    3   m 30 n

