
Turn 7
================================================================
warning: entity 4 was directed to use 4 halite to move west, but only 0 halite was available
At command 3 of 3:
    1   m 0 o
    2   m 2 o
>>> 3   m 4 w


Turn 11
================================================================
warning: entity 4 was directed to use 3 halite to move north, but only 0 halite was available
At command 3 of 4:
    1   m 0 o
    2   m 2 o
>>> 3   m 4 n
    4   g


Turn 14
================================================================
warning: entity 6 was directed to use 2 halite to move east, but only 0 halite was available
At command 4 of 4:
    2   m 2 w
    3   m 4 o
>>> 4   m 6 e


Turn 17
================================================================
warning: entity 6 was directed to use 2 halite to move west, but only 1 halite was available
At command 4 of 4:
    2   m 2 o
    3   m 4 o
>>> 4   m 6 w


Turn 20
================================================================
warning: entity 6 was directed to use 1 halite to move north, but only 0 halite was available
At command 4 of 4:
    2   m 2 o
    3   m 4 o
>>> 4   m 6 n


Turn 22
================================================================
warning: entity 6 was directed to use 4 halite to move north, but only 3 halite was available
At command 4 of 4:
    2   m 2 o
    3   m 4 o
>>> 4   m 6 n


Turn 50
================================================================
warning: entity 6 was directed to use 1 halite to move west, but only 0 halite was available
At command 4 of 4:
    2   m 2 o
    3   m 4 o
>>> 4   m 6 w


Turn 52
================================================================
warning: entity 6 was directed to use 5 halite to move west, but only 3 halite was available
At command 4 of 4:
    2   m 2 o
    3   m 4 e
>>> 4   m 6 w


Turn 59
================================================================
warning: entity 0 was directed to use 3 halite to move west, but only 0 halite was available
At command 1 of 3:
>>> 1   m 0 w
    2   m 4 o
    3   m 6 o


Turn 62
================================================================
warning: entity 2 was directed to use 2 halite to move west, but only 0 halite was available
At command 2 of 5:
    1   m 0 s
>>> 2   m 2 w
    3   m 4 n
    4   m 6 o


Turn 63
================================================================
warning: entity 0 was directed to use 4 halite to move south, but only 1 halite was available
At command 1 of 6:
>>> 1   m 0 s
    2   m 2 w
    3   m 4 o


Turn 65
================================================================
warning: entity 2 was directed to use 4 halite to move north, but only 2 halite was available
At command 2 of 6:
    1   m 0 s
>>> 2   m 2 n
    3   m 4 e
    4   m 6 s


Turn 70
================================================================
warning: entity 11 was directed to use 3 halite to move south, but only 2 halite was available
At command 6 of 6:
    4   m 6 o
    5   m 10 o
>>> 6   m 11 s


Turn 72
================================================================
warning: entity 4 was directed to use 1 halite to move west, but only 0 halite was available
At command 3 of 7:
    1   m 0 s
    2   m 2 o
>>> 3   m 4 w
    4   m 6 o
    5   m 10 o


Turn 75
================================================================
warning: entity 4 was directed to use 4 halite to move north, but only 1 halite was available
At command 3 of 7:
    1   m 0 o
    2   m 2 o
>>> 3   m 4 n
    4   m 6 o
    5   m 10 o


Turn 76
================================================================
warning: entity 13 was directed to use 3 halite to move south, but only 1 halite was available
At command 7 of 7:
    5   m 10 s
    6   m 11 o
>>> 7   m 13 s


Turn 101
================================================================
warning: entity 4 was directed to use 1 halite to move north, but only 0 halite was available
At command 3 of 6:
    1   m 0 n
    2   m 2 o
>>> 3   m 4 n
    4   m 10 o
    5   m 11 o


Turn 105
================================================================
warning: entity 6 was directed to use 2 halite to move west, but only 0 halite was available
At command 4 of 7:
    2   m 2 o
    3   m 4 e
>>> 4   m 6 w
    5   m 10 o
    6   m 11 o


Turn 108
================================================================
warning: entity 13 was directed to use 2 halite to move north, but only 0 halite was available
At command 7 of 7:
    5   m 10 w
    6   m 11 o
>>> 7   m 13 n


Turn 109
================================================================
warning: entity 4 was directed to use 4 halite to move north, but only 3 halite was available
At command 3 of 8:
    1   m 0 w
    2   m 2 s
>>> 3   m 4 n
    4   m 6 s
    5   m 10 n

warning: entity 6 was directed to use 4 halite to move south, but only 0 halite was available
At command 4 of 8:
    2   m 2 s
    3   m 4 n
>>> 4   m 6 s
    5   m 10 n
    6   m 11 o


Turn 111
================================================================
warning: entity 0 was directed to use 1 halite to move south, but only 0 halite was available
At command 1 of 9:
>>> 1   m 0 s
    2   m 2 s
    3   m 4 o


Turn 112
================================================================
warning: entity 13 was directed to use 3 halite to move north, but only 1 halite was available
At command 7 of 9:
    5   m 10 w
    6   m 11 o
>>> 7   m 13 n
    8   m 14 o
    9   m 16 e


Turn 113
================================================================
warning: entity 0 was directed to use 5 halite to move south, but only 3 halite was available
At command 1 of 9:
>>> 1   m 0 s
    2   m 2 s
    3   m 4 o

warning: entity 16 was directed to use 3 halite to move north, but only 0 halite was available
At command 9 of 9:
    7   m 13 n
    8   m 14 w
>>> 9   m 16 n


Turn 116
================================================================
warning: entity 14 was directed to use 4 halite to move north, but only 0 halite was available
At command 8 of 9:
    6   m 11 s
    7   m 13 o
>>> 8   m 14 n
    9   m 16 o


Turn 118
================================================================
warning: entity 2 was directed to use 1 halite to move west, but only 0 halite was available
At command 2 of 9:
    1   m 0 s
>>> 2   m 2 w
    3   m 4 o
    4   m 6 o


Turn 120
================================================================
warning: entity 14 was directed to use 1 halite to move north, but only 0 halite was available
At command 7 of 8:
    5   m 10 w
    6   m 13 n
>>> 7   m 14 n
    8   m 16 o


Turn 121
================================================================
warning: entity 2 was directed to use 3 halite to move west, but only 2 halite was available
At command 2 of 8:
    1   m 0 o
>>> 2   m 2 w
    3   m 6 o
    4   m 10 w


Turn 125
================================================================
warning: entity 10 was directed to use 3 halite to move west, but only 2 halite was available
At command 4 of 8:
    2   m 2 o
    3   m 6 o
>>> 4   m 10 w
    5   m 11 s
    6   m 13 o

warning: entity 11 was directed to use 1 halite to move south, but only 0 halite was available
At command 5 of 8:
    3   m 6 o
    4   m 10 w
>>> 5   m 11 s
    6   m 13 o
    7   m 14 o


Turn 128
================================================================
warning: entity 11 was directed to use 4 halite to move south, but only 0 halite was available
At command 5 of 8:
    3   m 6 e
    4   m 10 e
>>> 5   m 11 s
    6   m 13 o
    7   m 14 o


Turn 130
================================================================
warning: entity 10 was directed to use 4 halite to move north, but only 0 halite was available
At command 3 of 7:
    1   m 2 o
    2   m 6 e
>>> 3   m 10 n
    4   m 11 s
    5   m 13 o


Turn 138
================================================================
warning: entity 14 was directed to use 1 halite to move north, but only 0 halite was available
At command 7 of 8:
    5   m 11 o
    6   m 13 n
>>> 7   m 14 n
    8   m 16 o


Turn 139
================================================================
warning: entity 6 was directed to use 2 halite to move east, but only 0 halite was available
At command 3 of 8:
    1   m 0 o
    2   m 2 s
>>> 3   m 6 e
    4   m 10 e
    5   m 11 o


Turn 141
================================================================
warning: entity 13 was directed to use 1 halite to move north, but only 0 halite was available
At command 6 of 9:
    4   m 10 o
    5   m 11 o
>>> 6   m 13 n
    7   m 14 o
    8   m 16 o


Turn 143
================================================================
warning: entity 6 was directed to use 4 halite to move east, but only 0 halite was available
At command 3 of 8:
    1   m 0 o
    2   m 2 o
>>> 3   m 6 e
    4   m 10 o
    5   m 11 e


Turn 145
================================================================
warning: entity 19 was directed to use 2 halite to move west, but only 0 halite was available
At command 9 of 9:
    7   m 14 o
    8   m 16 s
>>> 9   m 19 w


Turn 149
================================================================
warning: entity 19 was directed to use 1 halite to move west, but only 0 halite was available
At command 9 of 9:
    7   m 14 o
    8   m 16 w
>>> 9   m 19 w


Turn 153
================================================================
warning: entity 19 was directed to use 1 halite to move south, but only 0 halite was available
At command 9 of 9:
    7   m 14 n
    8   m 16 w
>>> 9   m 19 s


Turn 155
================================================================
warning: entity 10 was directed to use 4 halite to move south, but only 0 halite was available
At command 4 of 8:
    2   m 2 n
    3   m 6 o
>>> 4   m 10 s
    5   m 13 o
    6   m 14 o


Turn 160
================================================================
warning: entity 0 was directed to use 2 halite to move south, but only 1 halite was available
At command 1 of 11:
>>> 1   m 0 s
    2   m 2 w
    3   m 6 o

warning: entity 10 was directed to use 4 halite to move west, but only 1 halite was available
At command 4 of 11:
    2   m 2 w
    3   m 6 o
>>> 4   m 10 w
    5   m 11 w
    6   m 13 o


Turn 161
================================================================
warning: entity 11 was directed to use 1 halite to move west, but only 0 halite was available
At command 4 of 11:
    2   m 2 w
    3   m 10 e
>>> 4   m 11 w
    5   m 13 o
    6   m 14 n


Turn 163
================================================================
warning: entity 21 was directed to use 4 halite to move north, but only 0 halite was available
At command 10 of 12:
    8   m 16 n
    9   m 19 o
>>> 10   m 21 n
    11   m 22 n
    12   m 23 w

warning: entity 22 was directed to use 3 halite to move north, but only 0 halite was available
At command 11 of 12:
    9   m 19 o
    10   m 21 n
>>> 11   m 22 n
    12   m 23 w


Turn 165
================================================================
warning: entity 10 was directed to use 3 halite to move north, but only 2 halite was available
At command 4 of 12:
    2   m 2 o
    3   m 6 w
>>> 4   m 10 n
    5   m 11 o
    6   m 13 n


Turn 167
================================================================
warning: entity 22 was directed to use 4 halite to move north, but only 2 halite was available
At command 11 of 12:
    9   m 19 e
    10   m 21 n
>>> 11   m 22 n
    12   m 23 w

warning: entity 23 was directed to use 1 halite to move west, but only 0 halite was available
At command 12 of 12:
    10   m 21 n
    11   m 22 n
>>> 12   m 23 w


Turn 168
================================================================
warning: entity 21 was directed to use 3 halite to move north, but only 0 halite was available
At command 10 of 12:
    8   m 16 o
    9   m 19 e
>>> 10   m 21 n
    11   m 22 n
    12   m 23 w


Turn 170
================================================================
warning: entity 23 was directed to use 3 halite to move south, but only 2 halite was available
At command 12 of 12:
    10   m 21 n
    11   m 22 o
>>> 12   m 23 s


Turn 171
================================================================
warning: entity 21 was directed to use 5 halite to move north, but only 3 halite was available
At command 10 of 12:
    8   m 16 o
    9   m 19 e
>>> 10   m 21 n
    11   m 22 o
    12   m 23 s


Turn 182
================================================================
warning: entity 19 was directed to use 3 halite to move north, but only 0 halite was available
At command 9 of 13:
    7   m 14 o
    8   m 16 o
>>> 9   m 19 n
    10   m 21 s
    11   m 22 o


Turn 186
================================================================
warning: entity 19 was directed to use 4 halite to move east, but only 3 halite was available
At command 9 of 13:
    7   m 14 s
    8   m 16 o
>>> 9   m 19 e
    10   m 21 s
    11   m 22 n


Turn 187
================================================================
warning: entity 6 was directed to use 2 halite to move west, but only 0 halite was available
At command 2 of 11:
    1   m 2 o
>>> 2   m 6 w
    3   m 10 o
    4   m 11 s


Turn 190
================================================================
warning: entity 6 was directed to use 4 halite to move south, but only 1 halite was available
At command 3 of 13:
    1   m 0 w
    2   m 2 n
>>> 3   m 6 s
    4   m 10 o
    5   m 11 o


Turn 191
================================================================
warning: entity 21 was directed to use 2 halite to move north, but only 0 halite was available
At command 9 of 13:
    7   m 16 n
    8   m 19 n
>>> 9   m 21 n
    10   m 22 o
    11   m 23 e

warning: entity 27 was directed to use 4 halite to move west, but only 1 halite was available
At command 12 of 13:
    10   m 22 o
    11   m 23 e
>>> 12   m 27 w
    13   g


Turn 194
================================================================
warning: entity 0 was directed to use 2 halite to move west, but only 0 halite was available
At command 1 of 14:
>>> 1   m 0 w
    2   m 2 o
    3   m 6 n

warning: entity 6 was directed to use 4 halite to move north, but only 1 halite was available
At command 3 of 14:
    1   m 0 w
    2   m 2 o
>>> 3   m 6 n
    4   m 10 o
    5   m 11 o


Turn 195
================================================================
warning: entity 14 was directed to use 1 halite to move north, but only 0 halite was available
At command 5 of 13:
    3   m 6 n
    4   m 10 o
>>> 5   m 14 n
    6   m 16 w
    7   m 19 o

warning: entity 21 was directed to use 2 halite to move north, but only 0 halite was available
At command 8 of 13:
    6   m 16 w
    7   m 19 o
>>> 8   m 21 n
    9   m 22 n
    10   m 23 n


Turn 197
================================================================
warning: entity 0 was directed to use 4 halite to move west, but only 1 halite was available
At command 1 of 15:
>>> 1   m 0 w
    2   m 2 o
    3   m 6 s

warning: entity 30 was directed to use 1 halite to move east, but only 0 halite was available
At command 15 of 15:
    13   m 27 o
    14   m 28 w
>>> 15   m 30 e


Turn 198
================================================================
warning: entity 13 was directed to use 4 halite to move west, but only 0 halite was available
At command 6 of 15:
    4   m 10 o
    5   m 11 e
>>> 6   m 13 w
    7   m 14 n
    8   m 16 o

warning: entity 14 was directed to use 3 halite to move north, but only 1 halite was available
At command 7 of 15:
    5   m 11 e
    6   m 13 w
>>> 7   m 14 n
    8   m 16 o
    9   m 19 o

warning: entity 21 was directed to use 4 halite to move west, but only 2 halite was available
At command 10 of 15:
    8   m 16 o
    9   m 19 o
>>> 10   m 21 w
    11   m 22 o
    12   m 23 n

warning: entity 28 was directed to use 1 halite to move west, but only 0 halite was available
At command 14 of 15:
    12   m 23 n
    13   m 27 o
>>> 14   m 28 w
    15   m 30 e


Turn 200
================================================================
warning: entity 30 was directed to use 2 halite to move east, but only 1 halite was available
At command 15 of 15:
    13   m 27 o
    14   m 28 w
>>> 15   m 30 e


Turn 203
================================================================
warning: entity 14 was directed to use 4 halite to move north, but only 1 halite was available
At command 6 of 13:
    4   m 11 n
    5   m 13 o
>>> 6   m 14 n
    7   m 16 e
    8   m 21 o


Turn 204
================================================================
warning: entity 23 was directed to use 3 halite to move west, but only 0 halite was available
At command 12 of 15:
    10   m 21 o
    11   m 22 o
>>> 12   m 23 w
    13   m 27 s
    14   m 28 w


Turn 208
================================================================
warning: spawn on cell (28, 20) collided with owned entity 33 on that cell
At command 15 of 15:
    13   m 28 o
    14   m 30 o
>>> 15   g


Turn 209
================================================================
warning: entity 23 was directed to use 3 halite to move west, but only 2 halite was available
At command 11 of 14:
    9   m 21 o
    10   m 22 o
>>> 11   m 23 w
    12   m 27 o
    13   m 28 o


Turn 210
================================================================
warning: entity 11 was directed to use 3 halite to move west, but only 0 halite was available
At command 4 of 13:
    2   m 6 o
    3   m 10 o
>>> 4   m 11 w
    5   m 13 w
    6   m 14 o


Turn 213
================================================================
warning: entity 23 was directed to use 4 halite to move south, but only 1 halite was available
At command 11 of 14:
    9   m 21 o
    10   m 22 s
>>> 11   m 23 s
    12   m 27 o
    13   m 28 e


Turn 216
================================================================
warning: entity 19 was directed to use 1 halite to move north, but only 0 halite was available
At command 8 of 14:
    6   m 14 o
    7   m 16 n
>>> 8   m 19 n
    9   m 21 o
    10   m 22 s


Turn 218
================================================================
warning: entity 16 was directed to use 2 halite to move south, but only 0 halite was available
At command 7 of 14:
    5   m 13 o
    6   m 14 o
>>> 7   m 16 s
    8   m 19 n
    9   m 21 o


Turn 219
================================================================
warning: entity 19 was directed to use 2 halite to move north, but only 1 halite was available
At command 8 of 13:
    6   m 14 o
    7   m 16 e
>>> 8   m 19 n
    9   m 21 o
    10   m 22 s


Turn 222
================================================================
warning: entity 16 was directed to use 3 halite to move north, but only 1 halite was available
At command 7 of 14:
    5   m 13 n
    6   m 14 o
>>> 7   m 16 n
    8   m 19 n
    9   m 21 o


Turn 223
================================================================
warning: entity 19 was directed to use 2 halite to move north, but only 1 halite was available
At command 6 of 12:
    4   m 13 n
    5   m 16 n
>>> 6   m 19 n
    7   m 21 o
    8   m 22 w


Turn 226
================================================================
warning: entity 10 was directed to use 2 halite to move west, but only 0 halite was available
At command 3 of 12:
    1   m 0 e
    2   m 6 o
>>> 3   m 10 w
    4   m 11 o
    5   m 13 n

warning: entity 19 was directed to use 4 halite to move west, but only 2 halite was available
At command 8 of 12:
    6   m 14 s
    7   m 16 o
>>> 8   m 19 w
    9   m 21 o
    10   m 23 n


Turn 229
================================================================
warning: entity 10 was directed to use 4 halite to move west, but only 1 halite was available
At command 3 of 13:
    1   m 0 n
    2   m 6 e
>>> 3   m 10 w
    4   m 11 o
    5   m 13 o

warning: entity 22 was directed to use 1 halite to move north, but only 0 halite was available
At command 10 of 13:
    8   m 19 e
    9   m 21 e
>>> 10   m 22 n
    11   m 23 n
    12   m 27 o


Turn 232
================================================================
warning: entity 22 was directed to use 3 halite to move north, but only 1 halite was available
At command 10 of 13:
    8   m 19 o
    9   m 21 o
>>> 10   m 22 n
    11   m 23 n
    12   m 27 n


Turn 233
================================================================
warning: entity 23 was directed to use 1 halite to move north, but only 0 halite was available
At command 9 of 11:
    7   m 19 o
    8   m 22 n
>>> 9   m 23 n
    10   m 27 n
    11   m 30 s


Turn 236
================================================================
warning: entity 0 was directed to use 1 halite to move west, but only 0 halite was available
At command 1 of 12:
>>> 1   m 0 w
    2   m 6 n
    3   m 10 o

warning: entity 23 was directed to use 2 halite to move south, but only 1 halite was available
At command 10 of 12:
    8   m 21 e
    9   m 22 n
>>> 10   m 23 s
    11   m 27 n
    12   m 30 o


Turn 238
================================================================
warning: entity 22 was directed to use 4 halite to move east, but only 1 halite was available
At command 9 of 12:
    7   m 19 o
    8   m 21 e
>>> 9   m 22 e
    10   m 23 n
    11   m 27 n


Turn 239
================================================================
warning: entity 0 was directed to use 3 halite to move west, but only 0 halite was available
At command 1 of 11:
>>> 1   m 0 w
    2   m 10 s
    3   m 11 n


Turn 240
================================================================
warning: entity 23 was directed to use 3 halite to move north, but only 2 halite was available
At command 10 of 11:
    8   m 21 s
    9   m 22 o
>>> 10   m 23 n
    11   m 30 o


Turn 242
================================================================
warning: entity 0 was directed to use 4 halite to move west, but only 2 halite was available
At command 1 of 12:
>>> 1   m 0 w
    2   m 6 w
    3   m 10 o


Turn 243
================================================================
warning: entity 27 was directed to use 1 halite to move west, but only 0 halite was available
At command 9 of 10:
    7   m 22 o
    8   m 23 n
>>> 9   m 27 w
    10   m 30 o


Turn 246
================================================================
warning: entity 6 was directed to use 1 halite to move west, but only 0 halite was available
At command 2 of 12:
    1   m 0 o
>>> 2   m 6 w
    3   m 10 e
    4   m 11 n

warning: entity 27 was directed to use 2 halite to move west, but only 0 halite was available
At command 11 of 12:
    9   m 22 o
    10   m 23 o
>>> 11   m 27 w
    12   m 30 o


Turn 249
================================================================
warning: entity 6 was directed to use 2 halite to move south, but only 0 halite was available
At command 2 of 12:
    1   m 0 o
>>> 2   m 6 s
    3   m 10 n
    4   m 11 o

warning: entity 27 was directed to use 3 halite to move west, but only 1 halite was available
At command 11 of 12:
    9   m 22 o
    10   m 23 o
>>> 11   m 27 w
    12   m 30 w


Turn 251
================================================================
warning: entity 14 was directed to use 4 halite to move south, but only 3 halite was available
At command 4 of 10:
    2   m 6 s
    3   m 10 n
>>> 4   m 14 s
    5   m 16 o
    6   m 19 e


Turn 252
================================================================
warning: entity 6 was directed to use 3 halite to move south, but only 2 halite was available
At command 2 of 11:
    1   m 0 o
>>> 2   m 6 s
    3   m 10 n
    4   m 11 e


Turn 254
================================================================
warning: entity 27 was directed to use 4 halite to move north, but only 1 halite was available
At command 11 of 12:
    9   m 22 s
    10   m 23 o
>>> 11   m 27 n
    12   m 30 w


Turn 256
================================================================
warning: entity 14 was directed to use 2 halite to move south, but only 0 halite was available
At command 5 of 12:
    3   m 10 n
    4   m 11 s
>>> 5   m 14 s
    6   m 16 o
    7   m 19 o

warning: entity 21 was directed to use 2 halite to move north, but only 0 halite was available
At command 8 of 12:
    6   m 16 o
    7   m 19 o
>>> 8   m 21 n
    9   m 22 w
    10   m 23 o


Turn 259
================================================================
warning: entity 10 was directed to use 1 halite to move west, but only 0 halite was available
At command 3 of 11:
    1   m 0 n
    2   m 6 w
>>> 3   m 10 w
    4   m 11 s
    5   m 14 o


Turn 263
================================================================
warning: entity 10 was directed to use 3 halite to move north, but only 2 halite was available
At command 2 of 11:
    1   m 0 o
>>> 2   m 10 n
    3   m 11 e
    4   m 14 e


Turn 269
================================================================
warning: entity 10 was directed to use 1 halite to move east, but only 0 halite was available
At command 3 of 11:
    1   m 0 o
    2   m 6 n
>>> 3   m 10 e
    4   m 14 n
    5   m 16 o


Turn 273
================================================================
warning: entity 11 was directed to use 3 halite to move west, but only 0 halite was available
At command 4 of 12:
    2   m 6 n
    3   m 10 o
>>> 4   m 11 w
    5   m 14 n
    6   m 16 s

warning: entity 30 was directed to use 4 halite to move south, but only 0 halite was available
At command 12 of 12:
    10   m 23 s
    11   m 27 s
>>> 12   m 30 s


Turn 277
================================================================
warning: entity 11 was directed to use 3 halite to move south, but only 1 halite was available
At command 4 of 12:
    2   m 6 n
    3   m 10 e
>>> 4   m 11 s
    5   m 14 n
    6   m 16 o


Turn 280
================================================================
warning: entity 14 was directed to use 2 halite to move north, but only 0 halite was available
At command 5 of 12:
    3   m 10 o
    4   m 11 s
>>> 5   m 14 n
    6   m 16 s
    7   m 19 n

warning: entity 19 was directed to use 2 halite to move north, but only 0 halite was available
At command 7 of 12:
    5   m 14 n
    6   m 16 s
>>> 7   m 19 n
    8   m 21 n
    9   m 22 w


Turn 281
================================================================
warning: entity 11 was directed to use 4 halite to move south, but only 0 halite was available
At command 4 of 11:
    2   m 6 o
    3   m 10 o
>>> 4   m 11 s
    5   m 14 n
    6   m 16 o


Turn 282
================================================================
warning: entity 23 was directed to use 2 halite to move west, but only 0 halite was available
At command 10 of 12:
    8   m 21 o
    9   m 22 o
>>> 10   m 23 w
    11   m 27 w
    12   m 30 o


Turn 284
================================================================
warning: entity 14 was directed to use 2 halite to move north, but only 1 halite was available
At command 5 of 12:
    3   m 10 e
    4   m 11 o
>>> 5   m 14 n
    6   m 16 w
    7   m 19 n

warning: entity 19 was directed to use 4 halite to move north, but only 1 halite was available
At command 7 of 12:
    5   m 14 n
    6   m 16 w
>>> 7   m 19 n
    8   m 21 o
    9   m 22 e


Turn 285
================================================================
warning: entity 27 was directed to use 1 halite to move west, but only 0 halite was available
At command 10 of 11:
    8   m 22 n
    9   m 23 w
>>> 10   m 27 w
    11   m 30 o


Turn 286
================================================================
warning: entity 23 was directed to use 2 halite to move west, but only 0 halite was available
At command 10 of 12:
    8   m 21 o
    9   m 22 o
>>> 10   m 23 w
    11   m 27 w
    12   m 30 s


Turn 288
================================================================
warning: entity 19 was directed to use 4 halite to move east, but only 1 halite was available
At command 7 of 11:
    5   m 14 n
    6   m 16 w
>>> 7   m 19 e
    8   m 21 o
    9   m 23 w

warning: entity 27 was directed to use 4 halite to move west, but only 3 halite was available
At command 10 of 11:
    8   m 21 o
    9   m 23 w
>>> 10   m 27 w
    11   m 30 o


Turn 289
================================================================
warning: entity 6 was directed to use 1 halite to move west, but only 0 halite was available
At command 2 of 12:
    1   m 0 s
>>> 2   m 6 w
    3   m 10 e
    4   m 11 o

warning: entity 14 was directed to use 4 halite to move north, but only 0 halite was available
At command 5 of 12:
    3   m 10 e
    4   m 11 o
>>> 5   m 14 n
    6   m 16 e
    7   m 19 w


Turn 290
================================================================
warning: entity 23 was directed to use 4 halite to move west, but only 0 halite was available
At command 10 of 12:
    8   m 21 o
    9   m 22 w
>>> 10   m 23 w
    11   m 27 w
    12   m 30 o


Turn 292
================================================================
warning: entity 22 was directed to use 5 halite to move east, but only 0 halite was available
At command 8 of 11:
    6   m 19 e
    7   m 21 o
>>> 8   m 22 e
    9   m 23 w
    10   m 27 w


Turn 293
================================================================
warning: entity 6 was directed to use 1 halite to move west, but only 0 halite was available
At command 2 of 12:
    1   m 0 s
>>> 2   m 6 w
    3   m 10 o
    4   m 11 o

warning: entity 19 was directed to use 3 halite to move east, but only 0 halite was available
At command 7 of 12:
    5   m 14 o
    6   m 16 w
>>> 7   m 19 e
    8   m 21 e
    9   m 22 e


Turn 294
================================================================
warning: entity 27 was directed to use 3 halite to move west, but only 1 halite was available
At command 11 of 12:
    9   m 22 w
    10   m 23 w
>>> 11   m 27 w
    12   m 30 o


Turn 296
================================================================
warning: entity 6 was directed to use 1 halite to move west, but only 0 halite was available
At command 2 of 11:
    1   m 0 n
>>> 2   m 6 w
    3   m 10 o
    4   m 14 o


Turn 297
================================================================
warning: entity 16 was directed to use 1 halite to move west, but only 0 halite was available
At command 4 of 10:
    2   m 10 o
    3   m 11 e
>>> 4   m 16 w
    5   m 19 o
    6   m 21 o


Turn 299
================================================================
warning: entity 0 was directed to use 1 halite to move east, but only 0 halite was available
At command 1 of 12:
>>> 1   m 0 e
    2   m 6 w
    3   m 10 o

warning: entity 6 was directed to use 2 halite to move west, but only 0 halite was available
At command 2 of 12:
    1   m 0 e
>>> 2   m 6 w
    3   m 10 o
    4   m 11 e

warning: entity 27 was directed to use 4 halite to move south, but only 3 halite was available
At command 11 of 12:
    9   m 22 e
    10   m 23 w
>>> 11   m 27 s
    12   m 30 o


Turn 300
================================================================
warning: entity 16 was directed to use 1 halite to move west, but only 0 halite was available
At command 6 of 12:
    4   m 11 e
    5   m 14 s
>>> 6   m 16 w
    7   m 19 o
    8   m 21 o


Turn 302
================================================================
warning: entity 0 was directed to use 3 halite to move east, but only 0 halite was available
At command 1 of 12:
>>> 1   m 0 e
    2   m 6 w
    3   m 10 e

warning: entity 6 was directed to use 3 halite to move west, but only 2 halite was available
At command 2 of 12:
    1   m 0 e
>>> 2   m 6 w
    3   m 10 e
    4   m 11 n


Turn 304
================================================================
warning: entity 16 was directed to use 3 halite to move west, but only 0 halite was available
At command 5 of 11:
    3   m 11 n
    4   m 14 s
>>> 5   m 16 w
    6   m 19 o
    7   m 21 e


Turn 306
================================================================
warning: entity 27 was directed to use 3 halite to move south, but only 1 halite was available
At command 11 of 12:
    9   m 22 e
    10   m 23 o
>>> 11   m 27 s
    12   m 30 o


Turn 307
================================================================
warning: entity 6 was directed to use 4 halite to move south, but only 2 halite was available
At command 2 of 12:
    1   m 0 e
>>> 2   m 6 s
    3   m 10 n
    4   m 11 n


Turn 308
================================================================
warning: entity 16 was directed to use 4 halite to move north, but only 1 halite was available
At command 5 of 10:
    3   m 10 o
    4   m 14 s
>>> 5   m 16 n
    6   m 21 s
    7   m 22 e


Turn 309
================================================================
warning: entity 27 was directed to use 5 halite to move south, but only 4 halite was available
At command 11 of 12:
    9   m 22 o
    10   m 23 o
>>> 11   m 27 s
    12   m 30 o


Turn 312
================================================================
warning: entity 11 was directed to use 1 halite to move north, but only 0 halite was available
At command 3 of 11:
    1   m 0 o
    2   m 6 o
>>> 3   m 11 n
    4   m 14 w
    5   m 16 n


Turn 317
================================================================
warning: entity 11 was directed to use 3 halite to move north, but only 1 halite was available
At command 3 of 10:
    1   m 0 s
    2   m 6 o
>>> 3   m 11 n
    4   m 14 n
    5   m 16 o


Turn 318
================================================================
warning: entity 14 was directed to use 1 halite to move north, but only 0 halite was available
At command 4 of 11:
    2   m 6 o
    3   m 11 n
>>> 4   m 14 n
    5   m 16 o
    6   m 19 s


Turn 323
================================================================
warning: entity 14 was directed to use 4 halite to move north, but only 0 halite was available
At command 4 of 11:
    2   m 6 o
    3   m 11 e
>>> 4   m 14 n
    5   m 16 n
    6   m 19 w


Turn 328
================================================================
warning: entity 14 was directed to use 4 halite to move east, but only 1 halite was available
At command 4 of 11:
    2   m 6 n
    3   m 11 o
>>> 4   m 14 e
    5   m 16 o
    6   m 19 w


Turn 332
================================================================
warning: entity 14 was directed to use 4 halite to move east, but only 2 halite was available
At command 4 of 11:
    2   m 6 o
    3   m 11 o
>>> 4   m 14 e
    5   m 16 s
    6   m 19 w


Turn 335
================================================================
warning: entity 19 was directed to use 1 halite to move west, but only 0 halite was available
At command 6 of 11:
    4   m 14 o
    5   m 16 n
>>> 6   m 19 w
    7   m 21 w
    8   m 22 s


Turn 339
================================================================
warning: entity 19 was directed to use 4 halite to move west, but only 0 halite was available
At command 4 of 9:
    2   m 6 o
    3   m 14 s
>>> 4   m 19 w
    5   m 21 w
    6   m 22 w

warning: entity 30 was directed to use 3 halite to move north, but only 0 halite was available
At command 9 of 9:
    7   m 23 e
    8   m 27 e
>>> 9   m 30 n


Turn 340
================================================================
warning: entity 21 was directed to use 3 halite to move west, but only 0 halite was available
At command 5 of 9:
    3   m 11 s
    4   m 19 w
>>> 5   m 21 w
    6   m 22 o
    7   m 23 e


Turn 342
================================================================
warning: entity 30 was directed to use 4 halite to move north, but only 3 halite was available
At command 9 of 9:
    7   m 23 e
    8   m 27 e
>>> 9   m 30 n


Turn 345
================================================================
warning: entity 19 was directed to use 2 halite to move west, but only 1 halite was available
At command 4 of 9:
    2   m 6 e
    3   m 11 o
>>> 4   m 19 w
    5   m 21 w
    6   m 22 e


Turn 346
================================================================
warning: entity 21 was directed to use 2 halite to move west, but only 1 halite was available
At command 5 of 9:
    3   m 11 s
    4   m 19 w
>>> 5   m 21 w
    6   m 22 o
    7   m 23 e


Turn 349
================================================================
warning: entity 19 was directed to use 4 halite to move west, but only 2 halite was available
At command 4 of 9:
    2   m 6 e
    3   m 11 o
>>> 4   m 19 w
    5   m 21 w
    6   m 22 w


Turn 351
================================================================
warning: entity 21 was directed to use 4 halite to move west, but only 1 halite was available
At command 5 of 9:
    3   m 11 o
    4   m 19 w
>>> 5   m 21 w
    6   m 22 s
    7   m 23 s


Turn 364
================================================================
warning: entity 23 was directed to use 1 halite to move north, but only 0 halite was available
At command 7 of 9:
    5   m 21 o
    6   m 22 w
>>> 7   m 23 n
    8   m 27 n
    9   m 30 o


Turn 369
================================================================
warning: entity 23 was directed to use 2 halite to move north, but only 1 halite was available
At command 6 of 8:
    4   m 19 n
    5   m 21 o
>>> 6   m 23 n
    7   m 27 o
    8   m 30 o


Turn 371
================================================================
warning: entity 11 was directed to use 3 halite to move east, but only 0 halite was available
At command 3 of 8:
    1   m 0 o
    2   m 6 s
>>> 3   m 11 e
    4   m 19 o
    5   m 21 s


Turn 374
================================================================
warning: entity 23 was directed to use 3 halite to move east, but only 0 halite was available
At command 7 of 9:
    5   m 21 s
    6   m 22 o
>>> 7   m 23 e
    8   m 27 s
    9   m 30 e


Turn 375
================================================================
warning: entity 11 was directed to use 4 halite to move east, but only 3 halite was available
At command 3 of 9:
    1   m 0 o
    2   m 6 s
>>> 3   m 11 e
    4   m 19 o
    5   m 21 s


Turn 376
================================================================
warning: entity 27 was directed to use 1 halite to move north, but only 0 halite was available
At command 7 of 8:
    5   m 22 o
    6   m 23 e
>>> 7   m 27 n
    8   m 30 e


Turn 377
================================================================
warning: entity 23 was directed to use 4 halite to move east, but only 3 halite was available
At command 7 of 9:
    5   m 21 o
    6   m 22 w
>>> 7   m 23 e
    8   m 27 n
    9   m 30 o


Turn 380
================================================================
warning: entity 11 was directed to use 4 halite to move south, but only 2 halite was available
At command 3 of 9:
    1   m 0 o
    2   m 6 w
>>> 3   m 11 s
    4   m 19 e
    5   m 21 s


Turn 382
================================================================
warning: entity 6 was directed to use 2 halite to move west, but only 0 halite was available
At command 2 of 8:
    1   m 0 o
>>> 2   m 6 w
    3   m 11 s
    4   m 19 e


Turn 385
================================================================
warning: entity 11 was directed to use 4 halite to move south, but only 3 halite was available
At command 3 of 8:
    1   m 0 n
    2   m 6 w
>>> 3   m 11 s
    4   m 19 e
    5   m 21 e

warning: entity 27 was directed to use 1 halite to move north, but only 0 halite was available
At command 8 of 8:
    6   m 22 o
    7   m 23 s
>>> 8   m 27 n


Turn 388
================================================================
warning: entity 6 was directed to use 1 halite to move west, but only 0 halite was available
At command 2 of 8:
    1   m 0 o
>>> 2   m 6 w
    3   m 11 s
    4   m 19 e


Turn 390
================================================================
warning: entity 11 was directed to use 2 halite to move south, but only 0 halite was available
At command 3 of 8:
    1   m 0 o
    2   m 6 w
>>> 3   m 11 s
    4   m 19 e
    5   m 21 e

warning: entity 27 was directed to use 4 halite to move north, but only 1 halite was available
At command 8 of 8:
    6   m 22 o
    7   m 23 o
>>> 8   m 27 n


Turn 391
================================================================
warning: entity 6 was directed to use 2 halite to move west, but only 0 halite was available
At command 2 of 8:
    1   m 0 n
>>> 2   m 6 w
    3   m 11 s
    4   m 19 e


Turn 394
================================================================
warning: entity 11 was directed to use 2 halite to move south, but only 1 halite was available
At command 3 of 7:
    1   m 0 o
    2   m 6 e
>>> 3   m 11 s
    4   m 19 e
    5   m 21 e


Turn 397
================================================================
warning: entity 6 was directed to use 3 halite to move east, but only 1 halite was available
At command 2 of 7:
    1   m 0 n
>>> 2   m 6 e
    3   m 11 s
    4   m 19 s


Turn 398
================================================================
warning: entity 11 was directed to use 4 halite to move south, but only 0 halite was available
At command 3 of 7:
    1   m 0 n
    2   m 6 e
>>> 3   m 11 s
    4   m 19 s
    5   m 21 e


Turn 402
================================================================
warning: entity 11 was directed to use 29 halite to move west, but only 1 halite was available
At command 2 of 6:
    1   m 0 n
>>> 2   m 11 w
    3   m 19 s
    4   m 21 n


Turn 406
================================================================
warning: entity 0 was directed to use 2 halite to move north, but only 0 halite was available
At command 1 of 6:
>>> 1   m 0 n
    2   m 11 n
    3   m 19 n


Turn 409
================================================================
warning: entity 0 was directed to use 3 halite to move north, but only 0 halite was available
At command 1 of 6:
>>> 1   m 0 n
    2   m 11 n
    3   m 19 n


Turn 410
================================================================
warning: entity 11 was directed to use 11 halite to move north, but only 9 halite was available
At command 2 of 6:
    1   m 0 n
>>> 2   m 11 n
    3   m 19 n
    4   m 21 n


Turn 412
================================================================
warning: entity 0 was directed to use 5 halite to move north, but only 3 halite was available
At command 1 of 6:
>>> 1   m 0 n
    2   m 11 n
    3   m 19 s


Turn 417
================================================================
warning: entity 0 was directed to use 4 halite to move south, but only 1 halite was available
At command 1 of 6:
>>> 1   m 0 s
    2   m 11 n
    3   m 19 e

warning: entity 11 was directed to use 4 halite to move north, but only 2 halite was available
At command 2 of 6:
    1   m 0 s
>>> 2   m 11 n
    3   m 19 e
    4   m 21 o


Turn 421
================================================================
warning: entity 21 was directed to use 3 halite to move east, but only 1 halite was available
At command 4 of 6:
    2   m 11 n
    3   m 19 w
>>> 4   m 21 e
    5   m 22 n
    6   m 23 n

warning: owned entities 19, 23 collided on cell (24, 17) as the result of moves on this turn
At command 3 of 6:
    1   m 0 s
    2   m 11 n
>>> 3   m 19 w
    4   m 21 e
    5   m 22 n

Other commands that placed an entity on this cell:
    4   m 21 e
    5   m 22 n
>>> 6   m 23 n


Turn 422
================================================================
warning: entity 0 was directed to use 2 halite to move south, but only 0 halite was available
At command 1 of 3:
>>> 1   m 0 s
    2   m 21 s
    3   m 22 n


Turn 425
================================================================
warning: entity 0 was directed to use 2 halite to move south, but only 1 halite was available
At command 1 of 4:
>>> 1   m 0 s
    2   m 11 w
    3   m 21 w

warning: entity 21 was directed to use 1 halite to move west, but only 0 halite was available
At command 3 of 4:
    1   m 0 s
    2   m 11 w
>>> 3   m 21 w
    4   m 22 e

