
Turn 45
================================================================
warning: entity 3 was directed to use 3 halite to move west, but only 0 halite was available
At command 2 of 4:
    1   m 1 o
>>> 2   m 3 w
    3   m 5 o
    4   g


Turn 49
================================================================
warning: entity 3 was directed to use 3 halite to move north, but only 0 halite was available
At command 1 of 3:
>>> 1   m 3 n
    2   m 5 o
    3   m 7 o


Turn 51
================================================================
warning: entity 1 was directed to use 2 halite to move north, but only 0 halite was available
At command 1 of 5:
>>> 1   m 1 n
    2   m 3 o
    3   m 5 o


Turn 54
================================================================
warning: entity 1 was directed to use 4 halite to move north, but only 3 halite was available
At command 1 of 5:
>>> 1   m 1 n
    2   m 3 o
    3   m 5 s

warning: entity 9 was directed to use 2 halite to move north, but only 0 halite was available
At command 5 of 5:
    3   m 5 s
    4   m 7 o
>>> 5   m 9 n


Turn 59
================================================================
warning: entity 9 was directed to use 4 halite to move north, but only 0 halite was available
At command 5 of 5:
    3   m 5 s
    4   m 7 n
>>> 5   m 9 n


Turn 62
================================================================
warning: entity 5 was directed to use 1 halite to move north, but only 0 halite was available
At command 3 of 6:
    1   m 1 o
    2   m 3 o
>>> 3   m 5 n
    4   m 7 o
    5   m 9 n


Turn 63
================================================================
warning: entity 9 was directed to use 3 halite to move north, but only 1 halite was available
At command 5 of 6:
    3   m 5 n
    4   m 7 o
>>> 5   m 9 n
    6   m 12 s


Turn 64
================================================================
warning: entity 12 was directed to use 4 halite to move south, but only 0 halite was available
At command 6 of 6:
    4   m 7 o
    5   m 9 n
>>> 6   m 12 s


Turn 65
================================================================
warning: entity 5 was directed to use 3 halite to move east, but only 1 halite was available
At command 3 of 6:
    1   m 1 o
    2   m 3 o
>>> 3   m 5 e
    4   m 7 o
    5   m 9 n


Turn 81
================================================================
warning: entity 3 was directed to use 3 halite to move east, but only 0 halite was available
At command 2 of 7:
    1   m 1 w
>>> 2   m 3 e
    3   m 5 o
    4   m 7 s


Turn 83
================================================================
warning: entity 14 was directed to use 1 halite to move east, but only 0 halite was available
At command 7 of 7:
    5   m 9 o
    6   m 12 o
>>> 7   m 14 e


Turn 85
================================================================
warning: entity 14 was directed to use 4 halite to move east, but only 3 halite was available
At command 7 of 7:
    5   m 9 s
    6   m 12 o
>>> 7   m 14 e


Turn 89
================================================================
warning: entity 9 was directed to use 3 halite to move south, but only 0 halite was available
At command 4 of 6:
    2   m 3 o
    3   m 7 s
>>> 4   m 9 s
    5   m 12 o
    6   m 14 o


Turn 93
================================================================
warning: entity 7 was directed to use 5 halite to move north, but only 0 halite was available
At command 4 of 7:
    2   m 3 o
    3   m 5 s
>>> 4   m 7 n
    5   m 9 o
    6   m 12 o


Turn 96
================================================================
warning: entity 1 was directed to use 2 halite to move east, but only 0 halite was available
At command 1 of 7:
>>> 1   m 1 e
    2   m 3 o
    3   m 5 s


Turn 98
================================================================
warning: entity 7 was directed to use 2 halite to move east, but only 0 halite was available
At command 4 of 7:
    2   m 3 o
    3   m 5 s
>>> 4   m 7 e
    5   m 9 o
    6   m 12 o


Turn 99
================================================================
warning: entity 5 was directed to use 2 halite to move south, but only 0 halite was available
At command 3 of 8:
    1   m 1 o
    2   m 3 o
>>> 3   m 5 s
    4   m 7 e
    5   m 9 o


Turn 101
================================================================
warning: entity 7 was directed to use 4 halite to move east, but only 3 halite was available
At command 4 of 9:
    2   m 3 o
    3   m 5 w
>>> 4   m 7 e
    5   m 9 o
    6   m 12 e


Turn 102
================================================================
warning: entity 15 was directed to use 3 halite to move east, but only 0 halite was available
At command 8 of 9:
    6   m 12 e
    7   m 14 o
>>> 8   m 15 e
    9   m 17 n


Turn 104
================================================================
warning: entity 17 was directed to use 1 halite to move north, but only 0 halite was available
At command 9 of 10:
    7   m 14 o
    8   m 15 s
>>> 9   m 17 n
    10   m 19 n


Turn 105
================================================================
warning: entity 15 was directed to use 4 halite to move north, but only 2 halite was available
At command 6 of 9:
    4   m 9 o
    5   m 12 n
>>> 6   m 15 n
    7   m 17 n
    8   m 19 o


Turn 108
================================================================
warning: entity 17 was directed to use 4 halite to move east, but only 0 halite was available
At command 9 of 11:
    7   m 14 o
    8   m 15 o
>>> 9   m 17 e
    10   m 19 n
    11   m 21 n


Turn 109
================================================================
warning: entity 19 was directed to use 2 halite to move north, but only 0 halite was available
At command 9 of 10:
    7   m 15 s
    8   m 17 e
>>> 9   m 19 n
    10   m 21 n

warning: entity 21 was directed to use 1 halite to move north, but only 0 halite was available
At command 10 of 10:
    8   m 17 e
    9   m 19 n
>>> 10   m 21 n


Turn 112
================================================================
warning: entity 12 was directed to use 1 halite to move south, but only 0 halite was available
At command 6 of 11:
    4   m 7 o
    5   m 9 n
>>> 6   m 12 s
    7   m 14 n
    8   m 15 o


Turn 114
================================================================
warning: entity 21 was directed to use 1 halite to move south, but only 0 halite was available
At command 11 of 11:
    9   m 17 o
    10   m 19 o
>>> 11   m 21 s


Turn 117
================================================================
warning: entity 21 was directed to use 4 halite to move east, but only 1 halite was available
At command 11 of 12:
    9   m 17 o
    10   m 19 o
>>> 11   m 21 e
    12   m 23 n


Turn 118
================================================================
warning: entity 3 was directed to use 1 halite to move north, but only 0 halite was available
At command 2 of 12:
    1   m 1 o
>>> 2   m 3 n
    3   m 5 o
    4   m 7 o

warning: entity 12 was directed to use 5 halite to move west, but only 1 halite was available
At command 6 of 12:
    4   m 7 o
    5   m 9 e
>>> 6   m 12 w
    7   m 14 w
    8   m 15 e


Turn 119
================================================================
warning: entity 23 was directed to use 4 halite to move north, but only 0 halite was available
At command 11 of 11:
    9   m 19 o
    10   m 21 o
>>> 11   m 23 n


Turn 122
================================================================
warning: entity 3 was directed to use 1 halite to move west, but only 0 halite was available
At command 2 of 11:
    1   m 1 n
>>> 2   m 3 w
    3   m 5 e
    4   m 7 o


Turn 124
================================================================
warning: entity 23 was directed to use 4 halite to move east, but only 1 halite was available
At command 12 of 12:
    10   m 19 o
    11   m 21 o
>>> 12   m 23 e


Turn 125
================================================================
warning: entity 9 was directed to use 4 halite to move west, but only 0 halite was available
At command 5 of 12:
    3   m 5 e
    4   m 7 w
>>> 5   m 9 w
    6   m 12 o
    7   m 14 s


Turn 130
================================================================
warning: entity 5 was directed to use 1 halite to move west, but only 0 halite was available
At command 3 of 12:
    1   m 1 o
    2   m 3 o
>>> 3   m 5 w
    4   m 7 w
    5   m 9 o


Turn 132
================================================================
warning: entity 5 was directed to use 5 halite to move west, but only 3 halite was available
At command 3 of 12:
    1   m 1 n
    2   m 3 o
>>> 3   m 5 w
    4   m 7 s
    5   m 9 o


Turn 134
================================================================
warning: entity 14 was directed to use 1 halite to move north, but only 0 halite was available
At command 6 of 11:
    4   m 9 o
    5   m 12 o
>>> 6   m 14 n
    7   m 15 o
    8   m 17 e


Turn 137
================================================================
warning: entity 14 was directed to use 4 halite to move north, but only 3 halite was available
At command 7 of 10:
    5   m 9 w
    6   m 12 o
>>> 7   m 14 n
    8   m 17 n
    9   m 19 s


Turn 140
================================================================
warning: entity 7 was directed to use 3 halite to move north, but only 0 halite was available
At command 4 of 12:
    2   m 3 s
    3   m 5 o
>>> 4   m 7 n
    5   m 9 o
    6   m 12 o


Turn 143
================================================================
warning: entity 19 was directed to use 1 halite to move south, but only 0 halite was available
At command 9 of 11:
    7   m 15 n
    8   m 17 w
>>> 9   m 19 s
    10   m 21 e
    11   m 23 e


Turn 144
================================================================
warning: entity 14 was directed to use 3 halite to move west, but only 0 halite was available
At command 6 of 11:
    4   m 9 o
    5   m 12 e
>>> 6   m 14 w
    7   m 15 w
    8   m 17 o


Turn 146
================================================================
warning: entity 19 was directed to use 4 halite to move west, but only 0 halite was available
At command 9 of 11:
    7   m 15 e
    8   m 17 o
>>> 9   m 19 w
    10   m 21 s
    11   m 23 s

warning: entity 23 was directed to use 3 halite to move south, but only 0 halite was available
At command 11 of 11:
    9   m 19 w
    10   m 21 s
>>> 11   m 23 s


Turn 150
================================================================
warning: entity 7 was directed to use 3 halite to move north, but only 2 halite was available
At command 3 of 11:
    1   m 3 n
    2   m 5 o
>>> 3   m 7 n
    4   m 9 e
    5   m 12 o


Turn 152
================================================================
warning: entity 3 was directed to use 2 halite to move west, but only 0 halite was available
At command 1 of 11:
>>> 1   m 3 w
    2   m 5 o
    3   m 7 w


Turn 154
================================================================
warning: entity 12 was directed to use 2 halite to move north, but only 0 halite was available
At command 5 of 11:
    3   m 7 o
    4   m 9 e
>>> 5   m 12 n
    6   m 14 e
    7   m 15 o


Turn 158
================================================================
warning: entity 21 was directed to use 3 halite to move north, but only 0 halite was available
At command 9 of 10:
    7   m 17 s
    8   m 19 o
>>> 9   m 21 n
    10   m 23 o


Turn 160
================================================================
warning: entity 14 was directed to use 2 halite to move west, but only 0 halite was available
At command 6 of 11:
    4   m 9 s
    5   m 12 o
>>> 6   m 14 w
    7   m 15 w
    8   m 17 s


Turn 161
================================================================
warning: entity 9 was directed to use 2 halite to move south, but only 0 halite was available
At command 4 of 10:
    2   m 5 o
    3   m 7 w
>>> 4   m 9 s
    5   m 12 o
    6   m 14 w


Turn 162
================================================================
warning: entity 21 was directed to use 3 halite to move north, but only 2 halite was available
At command 10 of 11:
    8   m 17 s
    9   m 19 o
>>> 10   m 21 n
    11   m 23 s


Turn 164
================================================================
warning: entity 9 was directed to use 4 halite to move west, but only 2 halite was available
At command 2 of 9:
    1   m 5 e
>>> 2   m 9 w
    3   m 12 o
    4   m 14 o

warning: entity 17 was directed to use 2 halite to move south, but only 0 halite was available
At command 6 of 9:
    4   m 14 o
    5   m 15 s
>>> 6   m 17 s
    7   m 19 o
    8   m 21 n


Turn 167
================================================================
warning: entity 17 was directed to use 3 halite to move south, but only 2 halite was available
At command 8 of 11:
    6   m 14 o
    7   m 15 e
>>> 8   m 17 s
    9   m 19 o
    10   m 21 w


Turn 168
================================================================
warning: entity 9 was directed to use 4 halite to move west, but only 2 halite was available
At command 3 of 10:
    1   m 3 e
    2   m 7 n
>>> 3   m 9 w
    4   m 12 o
    5   m 14 o


Turn 171
================================================================
warning: entity 7 was directed to use 1 halite to move north, but only 0 halite was available
At command 3 of 11:
    1   m 3 n
    2   m 5 n
>>> 3   m 7 n
    4   m 9 o
    5   m 12 o

warning: entity 21 was directed to use 1 halite to move west, but only 0 halite was available
At command 10 of 11:
    8   m 17 o
    9   m 19 o
>>> 10   m 21 w
    11   m 23 e


Turn 173
================================================================
warning: entity 3 was directed to use 4 halite to move east, but only 0 halite was available
At command 1 of 11:
>>> 1   m 3 e
    2   m 5 n
    3   m 7 e


Turn 175
================================================================
warning: entity 5 was directed to use 3 halite to move east, but only 1 halite was available
At command 2 of 11:
    1   m 3 n
>>> 2   m 5 e
    3   m 7 n
    4   m 9 o


Turn 178
================================================================
warning: entity 5 was directed to use 4 halite to move east, but only 0 halite was available
At command 2 of 11:
    1   m 3 o
>>> 2   m 5 e
    3   m 7 o
    4   m 9 o


Turn 179
================================================================
warning: entity 21 was directed to use 3 halite to move east, but only 2 halite was available
At command 10 of 11:
    8   m 17 o
    9   m 19 n
>>> 10   m 21 e
    11   m 23 s


Turn 184
================================================================
warning: entity 15 was directed to use 3 halite to move east, but only 0 halite was available
At command 7 of 11:
    5   m 12 s
    6   m 14 o
>>> 7   m 15 e
    8   m 17 o
    9   m 19 w


Turn 186
================================================================
warning: entity 19 was directed to use 3 halite to move west, but only 0 halite was available
At command 8 of 10:
    6   m 15 e
    7   m 17 o
>>> 8   m 19 w
    9   m 21 o
    10   m 23 s


Turn 193
================================================================
warning: entity 23 was directed to use 2 halite to move north, but only 0 halite was available
At command 11 of 11:
    9   m 19 o
    10   m 21 o
>>> 11   m 23 n


Turn 197
================================================================
warning: entity 7 was directed to use 3 halite to move north, but only 0 halite was available
At command 3 of 11:
    1   m 3 o
    2   m 5 s
>>> 3   m 7 n
    4   m 9 w
    5   m 12 s

warning: entity 23 was directed to use 4 halite to move north, but only 0 halite was available
At command 11 of 11:
    9   m 19 o
    10   m 21 o
>>> 11   m 23 n


Turn 198
================================================================
warning: entity 9 was directed to use 2 halite to move west, but only 0 halite was available
At command 3 of 9:
    1   m 3 w
    2   m 7 n
>>> 3   m 9 w
    4   m 12 s
    5   m 15 o


Turn 201
================================================================
warning: entity 9 was directed to use 3 halite to move west, but only 2 halite was available
At command 4 of 11:
    2   m 5 n
    3   m 7 o
>>> 4   m 9 w
    5   m 12 e
    6   m 14 n


Turn 202
================================================================
warning: entity 5 was directed to use 3 halite to move north, but only 0 halite was available
At command 2 of 10:
    1   m 3 o
>>> 2   m 5 n
    3   m 7 o
    4   m 9 w


Turn 206
================================================================
warning: entity 12 was directed to use 2 halite to move west, but only 0 halite was available
At command 5 of 11:
    3   m 7 o
    4   m 9 o
>>> 5   m 12 w
    6   m 14 e
    7   m 15 w


Turn 207
================================================================
warning: entity 14 was directed to use 2 halite to move east, but only 0 halite was available
At command 6 of 11:
    4   m 9 o
    5   m 12 e
>>> 6   m 14 e
    7   m 15 s
    8   m 17 n


Turn 210
================================================================
warning: entity 15 was directed to use 1 halite to move north, but only 0 halite was available
At command 7 of 11:
    5   m 12 o
    6   m 14 e
>>> 7   m 15 n
    8   m 17 n
    9   m 19 e


Turn 211
================================================================
warning: entity 17 was directed to use 1 halite to move north, but only 0 halite was available
At command 7 of 10:
    5   m 14 o
    6   m 15 n
>>> 7   m 17 n
    8   m 19 e
    9   m 21 e


Turn 214
================================================================
warning: entity 3 was directed to use 1 halite to move north, but only 0 halite was available
At command 1 of 10:
>>> 1   m 3 n
    2   m 5 o
    3   m 7 o

warning: entity 15 was directed to use 3 halite to move south, but only 0 halite was available
At command 7 of 10:
    5   m 12 o
    6   m 14 o
>>> 7   m 15 s
    8   m 17 n
    9   m 19 e


Turn 217
================================================================
warning: entity 21 was directed to use 1 halite to move north, but only 0 halite was available
At command 9 of 10:
    7   m 15 s
    8   m 17 w
>>> 9   m 21 n
    10   m 23 o


Turn 220
================================================================
warning: entity 19 was directed to use 1 halite to move south, but only 0 halite was available
At command 9 of 11:
    7   m 15 n
    8   m 17 n
>>> 9   m 19 s
    10   m 21 e
    11   m 23 o

warning: entity 21 was directed to use 3 halite to move east, but only 2 halite was available
At command 10 of 11:
    8   m 17 n
    9   m 19 s
>>> 10   m 21 e
    11   m 23 o


Turn 221
================================================================
warning: entity 15 was directed to use 4 halite to move south, but only 3 halite was available
At command 7 of 11:
    5   m 12 o
    6   m 14 o
>>> 7   m 15 s
    8   m 17 s
    9   m 19 s


Turn 222
================================================================
warning: entity 17 was directed to use 2 halite to move north, but only 1 halite was available
At command 7 of 10:
    5   m 14 o
    6   m 15 s
>>> 7   m 17 n
    8   m 19 s
    9   m 21 n


Turn 223
================================================================
warning: entity 19 was directed to use 2 halite to move south, but only 0 halite was available
At command 9 of 11:
    7   m 15 n
    8   m 17 n
>>> 9   m 19 s
    10   m 21 o
    11   m 23 s


Turn 224
================================================================
warning: entity 7 was directed to use 2 halite to move east, but only 0 halite was available
At command 3 of 9:
    1   m 3 o
    2   m 5 e
>>> 3   m 7 e
    4   m 12 o
    5   m 15 o


Turn 226
================================================================
warning: entity 19 was directed to use 4 halite to move west, but only 1 halite was available
At command 8 of 10:
    6   m 15 n
    7   m 17 w
>>> 8   m 19 w
    9   m 21 n
    10   m 23 e


Turn 229
================================================================
warning: entity 21 was directed to use 4 halite to move east, but only 3 halite was available
At command 10 of 10:
    8   m 17 o
    9   m 19 w
>>> 10   m 21 e


Turn 231
================================================================
warning: entity 23 was directed to use 1 halite to move east, but only 0 halite was available
At command 11 of 11:
    9   m 19 o
    10   m 21 e
>>> 11   m 23 e


Turn 238
================================================================
warning: entity 5 was directed to use 1 halite to move east, but only 0 halite was available
At command 2 of 11:
    1   m 3 e
>>> 2   m 5 e
    3   m 7 o
    4   m 9 o


Turn 242
================================================================
warning: entity 23 was directed to use 3 halite to move west, but only 1 halite was available
At command 10 of 10:
    8   m 19 o
    9   m 21 o
>>> 10   m 23 w


Turn 245
================================================================
warning: entity 14 was directed to use 2 halite to move north, but only 0 halite was available
At command 5 of 10:
    3   m 7 w
    4   m 9 o
>>> 5   m 14 n
    6   m 15 o
    7   m 17 s


Turn 249
================================================================
warning: entity 14 was directed to use 4 halite to move west, but only 0 halite was available
At command 5 of 10:
    3   m 9 w
    4   m 12 w
>>> 5   m 14 w
    6   m 15 s
    7   m 17 e


Turn 250
================================================================
warning: entity 12 was directed to use 1 halite to move south, but only 0 halite was available
At command 5 of 11:
    3   m 7 n
    4   m 9 w
>>> 5   m 12 s
    6   m 14 w
    7   m 15 o


Turn 258
================================================================
warning: entity 7 was directed to use 1 halite to move east, but only 0 halite was available
At command 3 of 11:
    1   m 3 s
    2   m 5 e
>>> 3   m 7 e
    4   m 9 o
    5   m 12 s


Turn 264
================================================================
warning: entity 3 was directed to use 2 halite to move north, but only 0 halite was available
At command 1 of 10:
>>> 1   m 3 n
    2   m 5 s
    3   m 7 n


Turn 265
================================================================
warning: entity 12 was directed to use 1 halite to move east, but only 0 halite was available
At command 4 of 10:
    2   m 7 n
    3   m 9 o
>>> 4   m 12 e
    5   m 14 s
    6   m 15 o


Turn 266
================================================================
warning: entity 19 was directed to use 1 halite to move south, but only 0 halite was available
At command 9 of 11:
    7   m 15 s
    8   m 17 e
>>> 9   m 19 s
    10   m 21 w
    11   m 23 e


Turn 267
================================================================
warning: entity 7 was directed to use 4 halite to move north, but only 0 halite was available
At command 3 of 11:
    1   m 3 n
    2   m 5 o
>>> 3   m 7 n
    4   m 9 o
    5   m 12 n


Turn 269
================================================================
warning: entity 19 was directed to use 1 halite to move south, but only 0 halite was available
At command 9 of 11:
    7   m 15 o
    8   m 17 e
>>> 9   m 19 s
    10   m 21 o
    11   m 23 e


Turn 270
================================================================
warning: entity 7 was directed to use 4 halite to move north, but only 3 halite was available
At command 3 of 11:
    1   m 3 n
    2   m 5 e
>>> 3   m 7 n
    4   m 9 s
    5   m 12 e


Turn 276
================================================================
warning: entity 9 was directed to use 1 halite to move east, but only 0 halite was available
At command 4 of 10:
    2   m 5 o
    3   m 7 o
>>> 4   m 9 e
    5   m 12 o
    6   m 14 s


Turn 282
================================================================
warning: entity 17 was directed to use 1 halite to move north, but only 0 halite was available
At command 8 of 10:
    6   m 14 s
    7   m 15 s
>>> 8   m 17 n
    9   m 19 o
    10   m 21 s


Turn 285
================================================================
warning: entity 17 was directed to use 3 halite to move north, but only 1 halite was available
At command 6 of 9:
    4   m 14 s
    5   m 15 o
>>> 6   m 17 n
    7   m 19 o
    8   m 21 s


Turn 289
================================================================
warning: entity 17 was directed to use 4 halite to move north, but only 0 halite was available
At command 8 of 11:
    6   m 14 e
    7   m 15 e
>>> 8   m 17 n
    9   m 19 o
    10   m 21 n


Turn 290
================================================================
warning: entity 23 was directed to use 2 halite to move south, but only 0 halite was available
At command 10 of 10:
    8   m 19 o
    9   m 21 n
>>> 10   m 23 s


Turn 293
================================================================
warning: entity 14 was directed to use 1 halite to move north, but only 0 halite was available
At command 6 of 11:
    4   m 9 w
    5   m 12 e
>>> 6   m 14 n
    7   m 15 s
    8   m 17 w


Turn 294
================================================================
warning: entity 12 was directed to use 1 halite to move east, but only 0 halite was available
At command 5 of 10:
    3   m 7 w
    4   m 9 w
>>> 5   m 12 e
    6   m 14 n
    7   m 17 o


Turn 296
================================================================
warning: entity 14 was directed to use 2 halite to move north, but only 0 halite was available
At command 6 of 11:
    4   m 9 w
    5   m 12 e
>>> 6   m 14 n
    7   m 15 e
    8   m 17 o


Turn 297
================================================================
warning: entity 12 was directed to use 1 halite to move east, but only 0 halite was available
At command 5 of 11:
    3   m 7 s
    4   m 9 o
>>> 5   m 12 e
    6   m 14 n
    7   m 15 n


Turn 299
================================================================
warning: entity 14 was directed to use 3 halite to move east, but only 2 halite was available
At command 6 of 11:
    4   m 9 o
    5   m 12 o
>>> 6   m 14 e
    7   m 15 n
    8   m 17 o


Turn 302
================================================================
warning: entity 7 was directed to use 3 halite to move east, but only 0 halite was available
At command 3 of 11:
    1   m 3 o
    2   m 5 s
>>> 3   m 7 e
    4   m 9 e
    5   m 12 o

warning: entity 15 was directed to use 3 halite to move east, but only 1 halite was available
At command 7 of 11:
    5   m 12 o
    6   m 14 o
>>> 7   m 15 e
    8   m 17 o
    9   m 19 e


Turn 305
================================================================
warning: entity 9 was directed to use 1 halite to move east, but only 0 halite was available
At command 4 of 10:
    2   m 5 s
    3   m 7 e
>>> 4   m 9 e
    5   m 12 o
    6   m 14 o


Turn 311
================================================================
warning: entity 21 was directed to use 2 halite to move north, but only 0 halite was available
At command 10 of 11:
    8   m 17 w
    9   m 19 n
>>> 10   m 21 n
    11   m 23 o


Turn 315
================================================================
warning: entity 3 was directed to use 4 halite to move east, but only 0 halite was available
At command 1 of 11:
>>> 1   m 3 e
    2   m 5 s
    3   m 7 w

warning: entity 21 was directed to use 1 halite to move west, but only 0 halite was available
At command 10 of 11:
    8   m 17 o
    9   m 19 s
>>> 10   m 21 w
    11   m 23 o


Turn 316
================================================================
warning: entity 19 was directed to use 3 halite to move south, but only 0 halite was available
At command 9 of 11:
    7   m 15 o
    8   m 17 o
>>> 9   m 19 s
    10   m 21 w
    11   m 23 e


Turn 320
================================================================
warning: entity 19 was directed to use 4 halite to move west, but only 2 halite was available
At command 9 of 11:
    7   m 15 o
    8   m 17 e
>>> 9   m 19 w
    10   m 21 o
    11   m 23 o


Turn 325
================================================================
warning: entity 5 was directed to use 2 halite to move north, but only 0 halite was available
At command 2 of 11:
    1   m 3 o
>>> 2   m 5 n
    3   m 7 n
    4   m 9 o


Turn 328
================================================================
warning: entity 7 was directed to use 1 halite to move north, but only 0 halite was available
At command 3 of 10:
    1   m 3 o
    2   m 5 n
>>> 3   m 7 n
    4   m 12 n
    5   m 14 w


Turn 331
================================================================
warning: entity 12 was directed to use 1 halite to move east, but only 0 halite was available
At command 5 of 11:
    3   m 7 n
    4   m 9 w
>>> 5   m 12 e
    6   m 14 w
    7   m 15 w


Turn 333
================================================================
warning: entity 7 was directed to use 2 halite to move north, but only 0 halite was available
At command 3 of 11:
    1   m 3 o
    2   m 5 o
>>> 3   m 7 n
    4   m 9 w
    5   m 12 e


Turn 334
================================================================
warning: entity 12 was directed to use 4 halite to move east, but only 3 halite was available
At command 5 of 11:
    3   m 7 n
    4   m 9 w
>>> 5   m 12 e
    6   m 14 s
    7   m 15 e


Turn 343
================================================================
warning: entity 9 was directed to use 3 halite to move east, but only 0 halite was available
At command 4 of 11:
    2   m 5 o
    3   m 7 e
>>> 4   m 9 e
    5   m 12 n
    6   m 14 s


Turn 351
================================================================
warning: entity 19 was directed to use 2 halite to move south, but only 0 halite was available
At command 9 of 11:
    7   m 15 e
    8   m 17 s
>>> 9   m 19 s
    10   m 21 e
    11   m 23 n


Turn 352
================================================================
warning: entity 9 was directed to use 5 halite to move east, but only 0 halite was available
At command 4 of 11:
    2   m 5 s
    3   m 7 o
>>> 4   m 9 e
    5   m 12 e
    6   m 14 n

warning: entity 14 was directed to use 2 halite to move north, but only 0 halite was available
At command 6 of 11:
    4   m 9 e
    5   m 12 e
>>> 6   m 14 n
    7   m 15 n
    8   m 17 s

warning: entity 23 was directed to use 1 halite to move north, but only 0 halite was available
At command 11 of 11:
    9   m 19 s
    10   m 21 e
>>> 11   m 23 n


Turn 355
================================================================
warning: entity 19 was directed to use 4 halite to move south, but only 1 halite was available
At command 9 of 11:
    7   m 15 s
    8   m 17 n
>>> 9   m 19 s
    10   m 21 o
    11   m 23 n


Turn 356
================================================================
warning: entity 14 was directed to use 4 halite to move west, but only 0 halite was available
At command 5 of 10:
    3   m 9 o
    4   m 12 e
>>> 5   m 14 w
    6   m 15 s
    7   m 17 n

warning: entity 23 was directed to use 2 halite to move north, but only 1 halite was available
At command 10 of 10:
    8   m 19 s
    9   m 21 s
>>> 10   m 23 n


Turn 359
================================================================
warning: entity 23 was directed to use 3 halite to move south, but only 2 halite was available
At command 11 of 11:
    9   m 19 w
    10   m 21 e
>>> 11   m 23 s


Turn 360
================================================================
warning: entity 17 was directed to use 1 halite to move north, but only 0 halite was available
At command 7 of 10:
    5   m 14 w
    6   m 15 s
>>> 7   m 17 n
    8   m 19 w
    9   m 21 s


Turn 363
================================================================
warning: entity 17 was directed to use 1 halite to move west, but only 0 halite was available
At command 8 of 11:
    6   m 14 o
    7   m 15 n
>>> 8   m 17 w
    9   m 19 o
    10   m 21 n


Turn 366
================================================================
warning: entity 5 was directed to use 1 halite to move east, but only 0 halite was available
At command 2 of 10:
    1   m 3 e
>>> 2   m 5 e
    3   m 9 o
    4   m 12 s


Turn 368
================================================================
warning: entity 3 was directed to use 3 halite to move east, but only 0 halite was available
At command 1 of 11:
>>> 1   m 3 e
    2   m 5 o
    3   m 7 o

warning: entity 17 was directed to use 1 halite to move west, but only 0 halite was available
At command 8 of 11:
    6   m 14 o
    7   m 15 n
>>> 8   m 17 w
    9   m 19 o
    10   m 21 n


Turn 372
================================================================
warning: entity 3 was directed to use 1 halite to move east, but only 0 halite was available
At command 1 of 10:
>>> 1   m 3 e
    2   m 5 o
    3   m 7 e


Turn 381
================================================================
warning: entity 12 was directed to use 3 halite to move north, but only 0 halite was available
At command 4 of 10:
    2   m 7 s
    3   m 9 e
>>> 4   m 12 n
    5   m 14 o
    6   m 15 n


Turn 383
================================================================
warning: entity 15 was directed to use 1 halite to move north, but only 0 halite was available
At command 6 of 10:
    4   m 12 n
    5   m 14 o
>>> 6   m 15 n
    7   m 17 e
    8   m 19 o


Turn 385
================================================================
warning: entity 12 was directed to use 4 halite to move west, but only 3 halite was available
At command 4 of 10:
    2   m 7 n
    3   m 9 e
>>> 4   m 12 w
    5   m 14 o
    6   m 15 n


Turn 389
================================================================
warning: entity 15 was directed to use 2 halite to move east, but only 1 halite was available
At command 6 of 10:
    4   m 12 w
    5   m 14 e
>>> 6   m 15 e
    7   m 17 w
    8   m 19 e


Turn 393
================================================================
warning: entity 21 was directed to use 3 halite to move south, but only 0 halite was available
At command 8 of 9:
    6   m 17 s
    7   m 19 e
>>> 8   m 21 s
    9   m 23 e


Turn 395
================================================================
warning: entity 9 was directed to use 2 halite to move north, but only 0 halite was available
At command 3 of 10:
    1   m 5 w
    2   m 7 o
>>> 3   m 9 n
    4   m 12 o
    5   m 14 w


Turn 396
================================================================
warning: entity 21 was directed to use 3 halite to move south, but only 2 halite was available
At command 9 of 10:
    7   m 17 s
    8   m 19 n
>>> 9   m 21 s
    10   m 23 o


Turn 398
================================================================
warning: entity 9 was directed to use 4 halite to move east, but only 2 halite was available
At command 3 of 10:
    1   m 5 w
    2   m 7 o
>>> 3   m 9 e
    4   m 12 o
    5   m 14 s


Turn 402
================================================================
warning: entity 21 was directed to use 3 halite to move west, but only 0 halite was available
At command 9 of 10:
    7   m 17 w
    8   m 19 s
>>> 9   m 21 w
    10   m 23 s


Turn 405
================================================================
warning: entity 19 was directed to use 1 halite to move south, but only 0 halite was available
At command 7 of 9:
    5   m 14 w
    6   m 17 n
>>> 7   m 19 s
    8   m 21 w
    9   m 23 s

warning: entity 21 was directed to use 4 halite to move west, but only 3 halite was available
At command 8 of 9:
    6   m 17 n
    7   m 19 s
>>> 8   m 21 w
    9   m 23 s


Turn 406
================================================================
warning: entity 17 was directed to use 1 halite to move north, but only 0 halite was available
At command 6 of 9:
    4   m 12 e
    5   m 14 n
>>> 6   m 17 n
    7   m 19 s
    8   m 21 w


Turn 408
================================================================
warning: entity 19 was directed to use 4 halite to move south, but only 3 halite was available
At command 7 of 9:
    5   m 14 n
    6   m 17 n
>>> 7   m 19 s
    8   m 21 w
    9   m 23 s


Turn 410
================================================================
warning: entity 5 was directed to use 2 halite to move south, but only 0 halite was available
At command 1 of 9:
>>> 1   m 5 s
    2   m 7 e
    3   m 9 o

warning: entity 14 was directed to use 1 halite to move east, but only 0 halite was available
At command 5 of 9:
    3   m 9 o
    4   m 12 s
>>> 5   m 14 e
    6   m 17 n
    7   m 19 s

warning: entity 17 was directed to use 4 halite to move north, but only 1 halite was available
At command 6 of 9:
    4   m 12 s
    5   m 14 e
>>> 6   m 17 n
    7   m 19 s
    8   m 21 o


Turn 413
================================================================
warning: entity 5 was directed to use 2 halite to move south, but only 1 halite was available
At command 1 of 9:
>>> 1   m 5 s
    2   m 7 o
    3   m 9 s


Turn 417
================================================================
warning: entity 14 was directed to use 3 halite to move east, but only 1 halite was available
At command 5 of 9:
    3   m 9 s
    4   m 12 s
>>> 5   m 14 e
    6   m 17 o
    7   m 19 o


Turn 419
================================================================
warning: entity 12 was directed to use 1 halite to move south, but only 0 halite was available
At command 4 of 9:
    2   m 7 o
    3   m 9 s
>>> 4   m 12 s
    5   m 14 e
    6   m 17 o


Turn 421
================================================================
warning: entity 12 was directed to use 4 halite to move south, but only 3 halite was available
At command 4 of 9:
    2   m 7 w
    3   m 9 s
>>> 4   m 12 s
    5   m 14 o
    6   m 17 o

warning: entity 23 was directed to use 2 halite to move north, but only 0 halite was available
At command 9 of 9:
    7   m 19 o
    8   m 21 e
>>> 9   m 23 n


Turn 425
================================================================
warning: entity 9 was directed to use 1 halite to move south, but only 0 halite was available
At command 3 of 9:
    1   m 5 o
    2   m 7 w
>>> 3   m 9 s
    4   m 12 s
    5   m 14 o


Turn 427
================================================================
warning: entity 12 was directed to use 4 halite to move west, but only 1 halite was available
At command 4 of 9:
    2   m 7 w
    3   m 9 s
>>> 4   m 12 w
    5   m 14 o
    6   m 17 o


Turn 428
================================================================
warning: entity 9 was directed to use 2 halite to move south, but only 0 halite was available
At command 3 of 9:
    1   m 5 o
    2   m 7 s
>>> 3   m 9 s
    4   m 12 w
    5   m 14 o


Turn 432
================================================================
warning: entity 9 was directed to use 3 halite to move south, but only 0 halite was available
At command 3 of 8:
    1   m 5 o
    2   m 7 s
>>> 3   m 9 s
    4   m 12 w
    5   m 17 o

warning: entity 12 was directed to use 4 halite to move west, but only 1 halite was available
At command 4 of 8:
    2   m 7 s
    3   m 9 s
>>> 4   m 12 w
    5   m 17 o
    6   m 19 o


Turn 433
================================================================
warning: entity 21 was directed to use 1 halite to move south, but only 0 halite was available
At command 8 of 9:
    6   m 17 o
    7   m 19 w
>>> 8   m 21 s
    9   m 23 w


Turn 436
================================================================
warning: entity 9 was directed to use 3 halite to move south, but only 2 halite was available
At command 3 of 9:
    1   m 5 w
    2   m 7 s
>>> 3   m 9 s
    4   m 12 o
    5   m 14 w

warning: entity 21 was directed to use 3 halite to move south, but only 2 halite was available
At command 8 of 9:
    6   m 17 o
    7   m 19 o
>>> 8   m 21 s
    9   m 23 o


Turn 438
================================================================
warning: entity 7 was directed to use 3 halite to move south, but only 0 halite was available
At command 2 of 9:
    1   m 5 w
>>> 2   m 7 s
    3   m 9 w
    4   m 12 o


Turn 440
================================================================
warning: entity 21 was directed to use 4 halite to move south, but only 3 halite was available
At command 7 of 8:
    5   m 14 s
    6   m 17 n
>>> 7   m 21 s
    8   m 23 o


Turn 443
================================================================
warning: entity 7 was directed to use 2 halite to move south, but only 1 halite was available
At command 2 of 9:
    1   m 5 o
>>> 2   m 7 s
    3   m 9 w
    4   m 12 o


Turn 444
================================================================
warning: entity 9 was directed to use 4 halite to move west, but only 3 halite was available
At command 3 of 9:
    1   m 5 o
    2   m 7 s
>>> 3   m 9 w
    4   m 12 o
    5   m 14 s


Turn 446
================================================================
warning: entity 14 was directed to use 2 halite to move south, but only 0 halite was available
At command 5 of 9:
    3   m 9 w
    4   m 12 o
>>> 5   m 14 s
    6   m 17 s
    7   m 19 e


Turn 451
================================================================
warning: entity 14 was directed to use 2 halite to move south, but only 0 halite was available
At command 5 of 9:
    3   m 9 o
    4   m 12 o
>>> 5   m 14 s
    6   m 17 s
    7   m 19 n


Turn 454
================================================================
warning: entity 14 was directed to use 4 halite to move south, but only 3 halite was available
At command 5 of 8:
    3   m 9 o
    4   m 12 o
>>> 5   m 14 s
    6   m 17 s
    7   m 19 n


Turn 458
================================================================
warning: entity 23 was directed to use 1 halite to move south, but only 0 halite was available
At command 9 of 9:
    7   m 19 s
    8   m 21 n
>>> 9   m 23 s


Turn 460
================================================================
warning: entity 19 was directed to use 1 halite to move south, but only 0 halite was available
At command 6 of 8:
    4   m 14 w
    5   m 17 n
>>> 6   m 19 s
    7   m 21 n
    8   m 23 s


Turn 461
================================================================
warning: entity 23 was directed to use 3 halite to move south, but only 2 halite was available
At command 9 of 9:
    7   m 19 n
    8   m 21 n
>>> 9   m 23 s


Turn 464
================================================================
warning: entity 14 was directed to use 3 halite to move north, but only 0 halite was available
At command 5 of 9:
    3   m 9 o
    4   m 12 e
>>> 5   m 14 n
    6   m 17 s
    7   m 19 s


Turn 465
================================================================
warning: entity 19 was directed to use 5 halite to move south, but only 1 halite was available
At command 7 of 9:
    5   m 14 n
    6   m 17 s
>>> 7   m 19 s
    8   m 21 n
    9   m 23 s


Turn 467
================================================================
warning: owned entities 21, 5 collided on cell (14, 28) as the result of moves on this turn
At command 8 of 9:
    6   m 17 s
    7   m 19 s
>>> 8   m 21 n
    9   m 23 w


Turn 468
================================================================
warning: entity 14 was directed to use 12 halite to move east, but only 3 halite was available
At command 4 of 6:
    2   m 9 n
    3   m 12 n
>>> 4   m 14 e
    5   m 19 o
    6   m 23 o

