
Turn 3
================================================================
warning: entity 0 was directed to use 6 halite to move south, but only 0 halite was available
At command 1 of 1:
>>> 1   m 0 s


Turn 6
================================================================
warning: entity 0 was directed to use 19 halite to move south, but only 5 halite was available
At command 2 of 2:
    1   g
>>> 2   m 0 s


Turn 8
================================================================
warning: entity 2 was directed to use 4 halite to move south, but only 0 halite was available
At command 2 of 2:
    1   m 0 o
>>> 2   m 2 s


Turn 11
================================================================
warning: entity 2 was directed to use 14 halite to move north, but only 2 halite was available
At command 2 of 2:
    1   m 0 o
>>> 2   m 2 n


Turn 16
================================================================
warning: entity 2 was directed to use 11 halite to move east, but only 1 halite was available
At command 2 of 2:
    1   m 0 o
>>> 2   m 2 e


Turn 20
================================================================
warning: entity 2 was directed to use 14 halite to move east, but only 5 halite was available
At command 1 of 1:
>>> 1   m 2 e


Turn 24
================================================================
warning: entity 2 was directed to use 55 halite to move south, but only 10 halite was available
At command 2 of 2:
    1   m 0 n
>>> 2   m 2 s


Turn 27
================================================================
warning: entity 0 was directed to use 3 halite to move south, but only 0 halite was available
At command 1 of 2:
>>> 1   m 0 s
    2   m 2 o


Turn 29
================================================================
warning: entity 0 was directed to use 8 halite to move south, but only 7 halite was available
At command 1 of 2:
>>> 1   m 0 s
    2   m 2 o


Turn 52
================================================================
warning: entity 0 was directed to use 2 halite to move south, but only 0 halite was available
At command 1 of 2:
>>> 1   m 0 s
    2   m 2 e


Turn 54
================================================================
warning: entity 0 was directed to use 6 halite to move south, but only 5 halite was available
At command 1 of 2:
>>> 1   m 0 s
    2   m 2 e


Turn 55
================================================================
warning: entity 2 was directed to use 5 halite to move south, but only 0 halite was available
At command 2 of 2:
    1   m 0 s
>>> 2   m 2 s


Turn 57
================================================================
warning: entity 2 was directed to use 20 halite to move south, but only 11 halite was available
At command 2 of 2:
    1   m 0 s
>>> 2   m 2 s


Turn 61
================================================================
warning: entity 2 was directed to use 21 halite to move south, but only 19 halite was available
At command 2 of 2:
    1   m 0 o
>>> 2   m 2 s


Turn 80
================================================================
warning: entity 0 was directed to use 8 halite to move south, but only 0 halite was available
At command 1 of 2:
>>> 1   m 0 s
    2   m 2 n


Turn 82
================================================================
warning: entity 0 was directed to use 21 halite to move south, but only 16 halite was available
At command 1 of 1:
>>> 1   m 0 s


Turn 84
================================================================
warning: entity 2 was directed to use 6 halite to move south, but only 0 halite was available
At command 2 of 2:
    1   m 0 s
>>> 2   m 2 s


Turn 86
================================================================
warning: entity 2 was directed to use 16 halite to move south, but only 13 halite was available
At command 2 of 2:
    1   m 0 s
>>> 2   m 2 s


Turn 91
================================================================
warning: entity 2 was directed to use 1 halite to move west, but only 0 halite was available
At command 2 of 2:
    1   m 0 o
>>> 2   m 2 w


Turn 95
================================================================
warning: entity 2 was directed to use 22 halite to move south, but only 2 halite was available
At command 2 of 2:
    1   m 0 o
>>> 2   m 2 s


Turn 105
================================================================
warning: entity 0 was directed to use 2 halite to move south, but only 0 halite was available
At command 1 of 2:
>>> 1   m 0 s
    2   m 2 o


Turn 108
================================================================
warning: entity 0 was directed to use 8 halite to move south, but only 0 halite was available
At command 1 of 1:
>>> 1   m 0 s


Turn 112
================================================================
warning: entity 0 was directed to use 21 halite to move west, but only 14 halite was available
At command 1 of 2:
>>> 1   m 0 w
    2   m 2 n


Turn 123
================================================================
warning: entity 2 was directed to use 3 halite to move north, but only 0 halite was available
At command 2 of 2:
    1   m 0 o
>>> 2   m 2 n


Turn 126
================================================================
warning: entity 2 was directed to use 4 halite to move east, but only 3 halite was available
At command 2 of 2:
    1   m 0 o
>>> 2   m 2 e


Turn 129
================================================================
warning: entity 2 was directed to use 5 halite to move east, but only 4 halite was available
At command 2 of 2:
    1   m 0 n
>>> 2   m 2 e


Turn 132
================================================================
warning: entity 2 was directed to use 13 halite to move north, but only 6 halite was available
At command 2 of 2:
    1   m 0 n
>>> 2   m 2 n


Turn 139
================================================================
warning: entity 0 was directed to use 2 halite to move south, but only 0 halite was available
At command 1 of 2:
>>> 1   m 0 s
    2   m 2 o


Turn 141
================================================================
warning: entity 0 was directed to use 15 halite to move south, but only 6 halite was available
At command 1 of 2:
>>> 1   m 0 s
    2   m 2 o


Turn 145
================================================================
warning: entity 0 was directed to use 15 halite to move south, but only 5 halite was available
At command 1 of 2:
>>> 1   m 0 s
    2   m 2 s


Turn 149
================================================================
warning: entity 0 was directed to use 23 halite to move south, but only 18 halite was available
At command 1 of 2:
>>> 1   m 0 s
    2   m 2 s


Turn 155
================================================================
warning: entity 2 was directed to use 4 halite to move south, but only 0 halite was available
At command 2 of 2:
    1   m 0 o
>>> 2   m 2 s


Turn 157
================================================================
warning: entity 2 was directed to use 12 halite to move south, but only 10 halite was available
At command 2 of 2:
    1   m 0 o
>>> 2   m 2 s


Turn 161
================================================================
warning: entity 2 was directed to use 21 halite to move south, but only 11 halite was available
At command 1 of 1:
>>> 1   m 2 s


Turn 173
================================================================
warning: entity 0 was directed to use 7 halite to move west, but only 0 halite was available
At command 1 of 2:
>>> 1   m 0 w
    2   m 2 o


Turn 176
================================================================
warning: entity 0 was directed to use 13 halite to move west, but only 9 halite was available
At command 1 of 1:
>>> 1   m 0 w


Turn 188
================================================================
warning: entity 2 was directed to use 5 halite to move north, but only 0 halite was available
At command 2 of 2:
    1   m 0 o
>>> 2   m 2 n


Turn 193
================================================================
warning: entity 2 was directed to use 9 halite to move north, but only 0 halite was available
At command 2 of 2:
    1   m 0 e
>>> 2   m 2 n


Turn 196
================================================================
warning: entity 2 was directed to use 13 halite to move north, but only 9 halite was available
At command 2 of 2:
    1   m 0 e
>>> 2   m 2 n


Turn 203
================================================================
warning: entity 0 was directed to use 4 halite to move north, but only 0 halite was available
At command 1 of 2:
>>> 1   m 0 n
    2   m 2 o


Turn 207
================================================================
warning: entity 0 was directed to use 3 halite to move north, but only 0 halite was available
At command 1 of 2:
>>> 1   m 0 n
    2   m 2 o


Turn 210
================================================================
warning: entity 0 was directed to use 17 halite to move east, but only 0 halite was available
At command 1 of 2:
>>> 1   m 0 e
    2   m 2 s


Turn 219
================================================================
warning: entity 2 was directed to use 3 halite to move south, but only 0 halite was available
At command 2 of 2:
    1   m 0 o
>>> 2   m 2 s


Turn 222
================================================================
warning: entity 2 was directed to use 11 halite to move south, but only 3 halite was available
At command 2 of 2:
    1   m 0 o
>>> 2   m 2 s


Turn 225
================================================================
warning: entity 2 was directed to use 26 halite to move south, but only 2 halite was available
At command 2 of 2:
    1   m 0 s
>>> 2   m 2 s


Turn 230
================================================================
warning: entity 2 was directed to use 25 halite to move south, but only 2 halite was available
At command 2 of 2:
    1   m 0 w
>>> 2   m 2 s


Turn 236
================================================================
warning: entity 0 was directed to use 3 halite to move north, but only 0 halite was available
At command 1 of 2:
>>> 1   m 0 n
    2   m 2 o


Turn 239
================================================================
warning: entity 0 was directed to use 3 halite to move east, but only 1 halite was available
At command 1 of 2:
>>> 1   m 0 e
    2   m 2 o


Turn 242
================================================================
warning: entity 0 was directed to use 5 halite to move east, but only 2 halite was available
At command 1 of 2:
>>> 1   m 0 e
    2   m 2 o


Turn 245
================================================================
warning: entity 0 was directed to use 18 halite to move east, but only 8 halite was available
At command 1 of 2:
>>> 1   m 0 e
    2   m 2 n


Turn 256
================================================================
warning: entity 2 was directed to use 2 halite to move east, but only 0 halite was available
At command 2 of 2:
    1   m 0 o
>>> 2   m 2 e


Turn 259
================================================================
warning: entity 2 was directed to use 2 halite to move north, but only 0 halite was available
At command 2 of 2:
    1   m 0 o
>>> 2   m 2 n


Turn 261
================================================================
warning: entity 2 was directed to use 6 halite to move north, but only 5 halite was available
At command 2 of 2:
    1   m 0 w
>>> 2   m 2 n


Turn 265
================================================================
warning: entity 2 was directed to use 13 halite to move north, but only 9 halite was available
At command 2 of 2:
    1   m 0 w
>>> 2   m 2 n


Turn 268
================================================================
warning: entity 2 was directed to use 14 halite to move east, but only 9 halite was available
At command 2 of 2:
    1   m 0 w
>>> 2   m 2 e


Turn 273
================================================================
warning: entity 0 was directed to use 1 halite to move east, but only 0 halite was available
At command 1 of 2:
>>> 1   m 0 e
    2   m 2 o


Turn 275
================================================================
warning: entity 0 was directed to use 4 halite to move east, but only 3 halite was available
At command 1 of 2:
>>> 1   m 0 e
    2   m 2 o


Turn 278
================================================================
warning: entity 0 was directed to use 4 halite to move south, but only 2 halite was available
At command 1 of 2:
>>> 1   m 0 s
    2   m 2 o


Turn 280
================================================================
warning: entity 0 was directed to use 18 halite to move south, but only 11 halite was available
At command 1 of 2:
>>> 1   m 0 s
    2   m 2 o


Turn 285
================================================================
warning: entity 0 was directed to use 12 halite to move south, but only 6 halite was available
At command 1 of 2:
>>> 1   m 0 s
    2   m 2 w


Turn 294
================================================================
warning: entity 2 was directed to use 2 halite to move east, but only 0 halite was available
At command 2 of 2:
    1   m 0 o
>>> 2   m 2 e


Turn 297
================================================================
warning: entity 2 was directed to use 1 halite to move east, but only 0 halite was available
At command 1 of 1:
>>> 1   m 2 e


Turn 299
================================================================
warning: entity 2 was directed to use 8 halite to move east, but only 4 halite was available
At command 2 of 2:
    1   m 0 n
>>> 2   m 2 e


Turn 303
================================================================
warning: entity 2 was directed to use 14 halite to move east, but only 10 halite was available
At command 2 of 2:
    1   m 0 n
>>> 2   m 2 e


Turn 310
================================================================
warning: entity 0 was directed to use 2 halite to move south, but only 0 halite was available
At command 1 of 2:
>>> 1   m 0 s
    2   m 2 o


Turn 312
================================================================
warning: entity 0 was directed to use 9 halite to move south, but only 5 halite was available
At command 1 of 2:
>>> 1   m 0 s
    2   m 2 o


Turn 316
================================================================
warning: entity 0 was directed to use 15 halite to move south, but only 2 halite was available
At command 1 of 2:
>>> 1   m 0 s
    2   m 2 o


Turn 330
================================================================
warning: entity 2 was directed to use 1 halite to move north, but only 0 halite was available
At command 2 of 2:
    1   m 0 o
>>> 2   m 2 n


Turn 332
================================================================
warning: entity 2 was directed to use 15 halite to move north, but only 3 halite was available
At command 2 of 2:
    1   m 0 n
>>> 2   m 2 n


Turn 344
================================================================
warning: entity 0 was directed to use 2 halite to move west, but only 0 halite was available
At command 1 of 2:
>>> 1   m 0 w
    2   m 2 o


Turn 346
================================================================
warning: entity 0 was directed to use 6 halite to move west, but only 4 halite was available
At command 1 of 2:
>>> 1   m 0 w
    2   m 2 o


Turn 349
================================================================
warning: entity 0 was directed to use 10 halite to move south, but only 6 halite was available
At command 1 of 2:
>>> 1   m 0 s
    2   m 2 s


Turn 352
================================================================
warning: entity 0 was directed to use 11 halite to move south, but only 6 halite was available
At command 1 of 2:
>>> 1   m 0 s
    2   m 2 s


Turn 355
================================================================
warning: entity 0 was directed to use 12 halite to move west, but only 2 halite was available
At command 1 of 2:
>>> 1   m 0 w
    2   m 2 s


Turn 358
================================================================
warning: entity 0 was directed to use 16 halite to move south, but only 10 halite was available
At command 1 of 2:
>>> 1   m 0 s
    2   m 2 n


Turn 359
================================================================
warning: entity 2 was directed to use 1 halite to move north, but only 0 halite was available
At command 2 of 2:
    1   m 0 s
>>> 2   m 2 n


Turn 361
================================================================
warning: entity 2 was directed to use 5 halite to move north, but only 4 halite was available
At command 2 of 2:
    1   m 0 o
>>> 2   m 2 n


Turn 365
================================================================
warning: entity 2 was directed to use 5 halite to move north, but only 3 halite was available
At command 2 of 2:
    1   m 0 o
>>> 2   m 2 n


Turn 368
================================================================
warning: entity 2 was directed to use 13 halite to move east, but only 6 halite was available
At command 2 of 2:
    1   m 0 o
>>> 2   m 2 e


Turn 385
================================================================
warning: entity 0 was directed to use 1 halite to move west, but only 0 halite was available
At command 1 of 2:
>>> 1   m 0 w
    2   m 2 s


Turn 387
================================================================
warning: entity 0 was directed to use 4 halite to move north, but only 3 halite was available
At command 1 of 2:
>>> 1   m 0 n
    2   m 2 s


Turn 392
================================================================
warning: entity 0 was directed to use 5 halite to move north, but only 2 halite was available
At command 1 of 2:
>>> 1   m 0 n
    2   m 2 w


Turn 394
================================================================
warning: entity 0 was directed to use 14 halite to move north, but only 13 halite was available
At command 1 of 2:
>>> 1   m 0 n
    2   m 2 w


Turn 397
================================================================
warning: entity 2 was directed to use 1 halite to move south, but only 0 halite was available
At command 2 of 2:
    1   m 0 n
>>> 2   m 2 s


Turn 398
================================================================
warning: entity 0 was directed to use 22 halite to move north, but only 2 halite was available
At command 1 of 2:
>>> 1   m 0 n
    2   m 2 s


Turn 400
================================================================
warning: entity 2 was directed to use 11 halite to move south, but only 0 halite was available
At command 2 of 2:
    1   m 0 o
>>> 2   m 2 s

