
Turn 3
================================================================
warning: entity 1 was directed to use 16 halite to move north, but only 0 halite was available
At command 1 of 1:
>>> 1   m 1 n


Turn 5
================================================================
warning: entity 1 was directed to use 48 halite to move north, but only 29 halite was available
At command 1 of 1:
>>> 1   m 1 n


Turn 9
================================================================
warning: entity 3 was directed to use 14 halite to move east, but only 0 halite was available
At command 2 of 2:
    1   m 1 n
>>> 2   m 3 e


Turn 12
================================================================
warning: entity 3 was directed to use 43 halite to move east, but only 7 halite was available
At command 2 of 2:
    1   m 1 o
>>> 2   m 3 e


Turn 31
================================================================
warning: entity 1 was directed to use 14 halite to move west, but only 0 halite was available
At command 1 of 2:
>>> 1   m 1 w
    2   m 3 s


Turn 34
================================================================
warning: entity 1 was directed to use 8 halite to move west, but only 3 halite was available
At command 1 of 2:
>>> 1   m 1 w
    2   m 3 w


Turn 35
================================================================
warning: entity 3 was directed to use 11 halite to move north, but only 0 halite was available
At command 2 of 2:
    1   m 1 w
>>> 2   m 3 n


Turn 37
================================================================
warning: entity 1 was directed to use 18 halite to move west, but only 12 halite was available
At command 1 of 2:
>>> 1   m 1 w
    2   m 3 w


Turn 38
================================================================
warning: entity 3 was directed to use 10 halite to move north, but only 8 halite was available
At command 2 of 2:
    1   m 1 w
>>> 2   m 3 n


Turn 41
================================================================
warning: entity 3 was directed to use 18 halite to move west, but only 16 halite was available
At command 2 of 2:
    1   m 1 o
>>> 2   m 3 w


Turn 59
================================================================
warning: entity 1 was directed to use 9 halite to move east, but only 0 halite was available
At command 1 of 2:
>>> 1   m 1 e
    2   m 3 e


Turn 62
================================================================
warning: entity 1 was directed to use 20 halite to move east, but only 2 halite was available
At command 1 of 2:
>>> 1   m 1 e
    2   m 3 e


Turn 63
================================================================
warning: entity 3 was directed to use 10 halite to move east, but only 0 halite was available
At command 2 of 2:
    1   m 1 e
>>> 2   m 3 e


Turn 66
================================================================
warning: entity 3 was directed to use 32 halite to move east, but only 2 halite was available
At command 2 of 2:
    1   m 1 o
>>> 2   m 3 e


Turn 82
================================================================
warning: entity 1 was directed to use 12 halite to move north, but only 0 halite was available
At command 1 of 2:
>>> 1   m 1 n
    2   m 3 w


Turn 88
================================================================
warning: entity 3 was directed to use 7 halite to move east, but only 0 halite was available
At command 2 of 2:
    1   m 1 o
>>> 2   m 3 e


Turn 90
================================================================
warning: entity 3 was directed to use 18 halite to move east, but only 15 halite was available
At command 2 of 2:
    1   m 1 o
>>> 2   m 3 e


Turn 99
================================================================
warning: entity 1 was directed to use 9 halite to move north, but only 0 halite was available
At command 1 of 2:
>>> 1   m 1 n
    2   m 3 o


Turn 114
================================================================
warning: entity 3 was directed to use 7 halite to move east, but only 0 halite was available
At command 2 of 2:
    1   m 1 s
>>> 2   m 3 e


Turn 116
================================================================
warning: entity 3 was directed to use 15 halite to move south, but only 13 halite was available
At command 1 of 1:
>>> 1   m 3 s


Turn 118
================================================================
warning: entity 1 was directed to use 5 halite to move east, but only 0 halite was available
At command 1 of 2:
>>> 1   m 1 e
    2   m 3 s


Turn 120
================================================================
warning: entity 1 was directed to use 13 halite to move east, but only 11 halite was available
At command 1 of 2:
>>> 1   m 1 e
    2   m 3 e

warning: entity 3 was directed to use 24 halite to move east, but only 13 halite was available
At command 2 of 2:
    1   m 1 e
>>> 2   m 3 e


Turn 141
================================================================
warning: entity 3 was directed to use 8 halite to move north, but only 0 halite was available
At command 2 of 2:
    1   m 1 w
>>> 2   m 3 n


Turn 144
================================================================
warning: entity 1 was directed to use 6 halite to move north, but only 0 halite was available
At command 1 of 2:
>>> 1   m 1 n
    2   m 3 w

warning: entity 3 was directed to use 6 halite to move west, but only 3 halite was available
At command 2 of 2:
    1   m 1 n
>>> 2   m 3 w


Turn 146
================================================================
warning: entity 3 was directed to use 23 halite to move west, but only 15 halite was available
At command 2 of 2:
    1   m 1 n
>>> 2   m 3 w


Turn 147
================================================================
warning: entity 1 was directed to use 14 halite to move north, but only 0 halite was available
At command 1 of 2:
>>> 1   m 1 n
    2   m 3 w


Turn 150
================================================================
warning: entity 1 was directed to use 12 halite to move north, but only 4 halite was available
At command 1 of 2:
>>> 1   m 1 n
    2   m 3 o


Turn 166
================================================================
warning: entity 3 was directed to use 4 halite to move south, but only 0 halite was available
At command 2 of 2:
    1   m 1 s
>>> 2   m 3 s


Turn 168
================================================================
warning: entity 3 was directed to use 13 halite to move south, but only 8 halite was available
At command 2 of 2:
    1   m 1 s
>>> 2   m 3 s


Turn 171
================================================================
warning: entity 1 was directed to use 5 halite to move east, but only 0 halite was available
At command 1 of 2:
>>> 1   m 1 e
    2   m 3 s


Turn 172
================================================================
warning: entity 3 was directed to use 11 halite to move south, but only 5 halite was available
At command 2 of 2:
    1   m 1 e
>>> 2   m 3 s


Turn 174
================================================================
warning: entity 1 was directed to use 15 halite to move east, but only 0 halite was available
At command 1 of 2:
>>> 1   m 1 e
    2   m 3 o


Turn 193
================================================================
warning: entity 3 was directed to use 5 halite to move north, but only 0 halite was available
At command 2 of 2:
    1   m 1 w
>>> 2   m 3 n


Turn 196
================================================================
warning: entity 3 was directed to use 15 halite to move north, but only 0 halite was available
At command 2 of 2:
    1   m 1 e
>>> 2   m 3 n


Turn 197
================================================================
warning: entity 1 was directed to use 3 halite to move east, but only 0 halite was available
At command 1 of 2:
>>> 1   m 1 e
    2   m 3 n


Turn 199
================================================================
warning: entity 1 was directed to use 10 halite to move north, but only 6 halite was available
At command 1 of 2:
>>> 1   m 1 n
    2   m 3 o


Turn 202
================================================================
warning: entity 1 was directed to use 16 halite to move east, but only 8 halite was available
At command 1 of 2:
>>> 1   m 1 e
    2   m 3 o


Turn 214
================================================================
warning: entity 3 was directed to use 3 halite to move west, but only 0 halite was available
At command 1 of 1:
>>> 1   m 3 w


Turn 216
================================================================
warning: entity 3 was directed to use 12 halite to move west, but only 8 halite was available
At command 2 of 2:
    1   m 1 s
>>> 2   m 3 w


Turn 223
================================================================
warning: entity 1 was directed to use 3 halite to move west, but only 0 halite was available
At command 1 of 2:
>>> 1   m 1 w
    2   m 3 o


Turn 225
================================================================
warning: entity 1 was directed to use 11 halite to move west, but only 8 halite was available
At command 1 of 2:
>>> 1   m 1 w
    2   m 3 o


Turn 237
================================================================
warning: entity 3 was directed to use 2 halite to move south, but only 0 halite was available
At command 2 of 2:
    1   m 1 e
>>> 2   m 3 s


Turn 239
================================================================
warning: entity 3 was directed to use 7 halite to move east, but only 5 halite was available
At command 2 of 2:
    1   m 1 n
>>> 2   m 3 e


Turn 241
================================================================
warning: entity 3 was directed to use 24 halite to move south, but only 20 halite was available
At command 2 of 2:
    1   m 1 n
>>> 2   m 3 s


Turn 242
================================================================
warning: entity 1 was directed to use 2 halite to move east, but only 0 halite was available
At command 1 of 2:
>>> 1   m 1 e
    2   m 3 s


Turn 244
================================================================
warning: entity 1 was directed to use 10 halite to move east, but only 5 halite was available
At command 1 of 2:
>>> 1   m 1 e
    2   m 3 o


Turn 247
================================================================
warning: entity 1 was directed to use 12 halite to move east, but only 7 halite was available
At command 1 of 2:
>>> 1   m 1 e
    2   m 3 o


Turn 261
================================================================
warning: entity 3 was directed to use 2 halite to move east, but only 0 halite was available
At command 2 of 2:
    1   m 1 o
>>> 2   m 3 e


Turn 263
================================================================
warning: entity 3 was directed to use 11 halite to move east, but only 6 halite was available
At command 2 of 2:
    1   m 1 w
>>> 2   m 3 e


Turn 272
================================================================
warning: entity 1 was directed to use 1 halite to move north, but only 0 halite was available
At command 1 of 2:
>>> 1   m 1 n
    2   m 3 o


Turn 274
================================================================
warning: entity 1 was directed to use 7 halite to move north, but only 4 halite was available
At command 1 of 2:
>>> 1   m 1 n
    2   m 3 o


Turn 278
================================================================
warning: entity 1 was directed to use 16 halite to move north, but only 6 halite was available
At command 1 of 2:
>>> 1   m 1 n
    2   m 3 o


Turn 290
================================================================
warning: entity 3 was directed to use 4 halite to move west, but only 0 halite was available
At command 2 of 2:
    1   m 1 o
>>> 2   m 3 w


Turn 292
================================================================
warning: entity 3 was directed to use 17 halite to move west, but only 9 halite was available
At command 1 of 1:
>>> 1   m 3 w


Turn 302
================================================================
warning: entity 1 was directed to use 2 halite to move west, but only 0 halite was available
At command 1 of 2:
>>> 1   m 1 w
    2   m 3 o


Turn 304
================================================================
warning: entity 1 was directed to use 8 halite to move west, but only 5 halite was available
At command 1 of 2:
>>> 1   m 1 w
    2   m 3 o


Turn 309
================================================================
warning: entity 1 was directed to use 12 halite to move west, but only 1 halite was available
At command 1 of 1:
>>> 1   m 1 w


Turn 319
================================================================
warning: entity 3 was directed to use 1 halite to move east, but only 0 halite was available
At command 2 of 2:
    1   m 1 o
>>> 2   m 3 e


Turn 321
================================================================
warning: entity 3 was directed to use 5 halite to move east, but only 4 halite was available
At command 2 of 2:
    1   m 1 o
>>> 2   m 3 e


Turn 323
================================================================
warning: entity 3 was directed to use 18 halite to move east, but only 15 halite was available
At command 2 of 2:
    1   m 1 e
>>> 2   m 3 e


Turn 332
================================================================
warning: entity 1 was directed to use 2 halite to move north, but only 0 halite was available
At command 1 of 2:
>>> 1   m 1 n
    2   m 3 o


Turn 336
================================================================
warning: entity 1 was directed to use 9 halite to move north, but only 3 halite was available
At command 1 of 2:
>>> 1   m 1 n
    2   m 3 o


Turn 338
================================================================
warning: entity 1 was directed to use 22 halite to move north, but only 20 halite was available
At command 1 of 1:
>>> 1   m 1 n


Turn 348
================================================================
warning: entity 3 was directed to use 1 halite to move west, but only 0 halite was available
At command 2 of 2:
    1   m 1 o
>>> 2   m 3 w


Turn 352
================================================================
warning: entity 3 was directed to use 6 halite to move north, but only 1 halite was available
At command 2 of 2:
    1   m 1 s
>>> 2   m 3 n


Turn 353
================================================================
warning: owned entities 1, 3 collided on cell (8, 11) as the result of moves on this turn
At command 1 of 2:
>>> 1   m 1 s
    2   m 3 n

Other commands that placed an entity on this cell:
    1   m 1 s
>>> 2   m 3 n


Turn 354
================================================================
error: unknown entity 3 was requested to move west
At command 2 of 2:
    1   g
>>> 2   m 3 w

