
Turn 3
================================================================
warning: entity 0 was directed to use 7 halite to move west, but only 0 halite was available
At command 1 of 1:
>>> 1   m 0 w


Turn 5
================================================================
warning: entity 0 was directed to use 16 halite to move north, but only 14 halite was available
At command 1 of 1:
>>> 1   m 0 n


Turn 9
================================================================
warning: entity 3 was directed to use 4 halite to move west, but only 0 halite was available
At command 2 of 2:
    1   m 0 w
>>> 2   m 3 w


Turn 11
================================================================
warning: entity 3 was directed to use 12 halite to move north, but only 9 halite was available
At command 2 of 2:
    1   m 0 o
>>> 2   m 3 n


Turn 16
================================================================
warning: entity 3 was directed to use 20 halite to move north, but only 2 halite was available
At command 2 of 2:
    1   m 0 o
>>> 2   m 3 n


Turn 30
================================================================
warning: entity 0 was directed to use 5 halite to move north, but only 0 halite was available
At command 1 of 2:
>>> 1   m 0 n
    2   m 3 s


Turn 33
================================================================
warning: entity 0 was directed to use 7 halite to move west, but only 1 halite was available
At command 1 of 2:
>>> 1   m 0 w
    2   m 3 e


Turn 36
================================================================
warning: entity 0 was directed to use 16 halite to move west, but only 4 halite was available
At command 1 of 2:
>>> 1   m 0 w
    2   m 3 s


Turn 39
================================================================
warning: entity 3 was directed to use 4 halite to move north, but only 0 halite was available
At command 2 of 2:
    1   m 0 w
>>> 2   m 3 n


Turn 41
================================================================
warning: entity 3 was directed to use 12 halite to move north, but only 8 halite was available
At command 2 of 2:
    1   m 0 o
>>> 2   m 3 n


Turn 45
================================================================
warning: entity 3 was directed to use 9 halite to move north, but only 3 halite was available
At command 2 of 2:
    1   m 0 o
>>> 2   m 3 n


Turn 48
================================================================
warning: entity 3 was directed to use 18 halite to move north, but only 11 halite was available
At command 2 of 2:
    1   m 0 o
>>> 2   m 3 n


Turn 63
================================================================
warning: entity 0 was directed to use 4 halite to move north, but only 0 halite was available
At command 1 of 2:
>>> 1   m 0 n
    2   m 3 s


Turn 65
================================================================
warning: entity 0 was directed to use 10 halite to move north, but only 9 halite was available
At command 1 of 2:
>>> 1   m 0 n
    2   m 3 s


Turn 70
================================================================
warning: entity 0 was directed to use 17 halite to move north, but only 10 halite was available
At command 1 of 2:
>>> 1   m 0 n
    2   m 3 s


Turn 74
================================================================
warning: entity 3 was directed to use 3 halite to move north, but only 0 halite was available
At command 2 of 2:
    1   m 0 o
>>> 2   m 3 n


Turn 76
================================================================
warning: entity 3 was directed to use 9 halite to move north, but only 7 halite was available
At command 2 of 2:
    1   m 0 o
>>> 2   m 3 n


Turn 80
================================================================
warning: entity 3 was directed to use 12 halite to move north, but only 8 halite was available
At command 2 of 2:
    1   m 0 o
>>> 2   m 3 n


Turn 83
================================================================
warning: entity 3 was directed to use 26 halite to move north, but only 5 halite was available
At command 2 of 2:
    1   m 0 o
>>> 2   m 3 n


Turn 87
================================================================
warning: entity 3 was directed to use 33 halite to move east, but only 9 halite was available
At command 2 of 2:
    1   m 0 s
>>> 2   m 3 e


Turn 95
================================================================
warning: entity 0 was directed to use 3 halite to move north, but only 0 halite was available
At command 1 of 2:
>>> 1   m 0 n
    2   m 3 o


Turn 97
================================================================
warning: entity 0 was directed to use 9 halite to move north, but only 6 halite was available
At command 1 of 2:
>>> 1   m 0 n
    2   m 3 o


Turn 100
================================================================
warning: entity 0 was directed to use 12 halite to move north, but only 8 halite was available
At command 1 of 1:
>>> 1   m 0 n

