
Turn 13
================================================================
warning: entity 3 was directed to use 4 halite to move north, but only 0 halite was available
At command 2 of 3:
    1   m 1 o
>>> 2   m 3 n
    3   m 5 e


Turn 16
================================================================
warning: entity 5 was directed to use 3 halite to move south, but only 0 halite was available
At command 3 of 4:
    1   m 1 o
    2   m 3 o
>>> 3   m 5 s
    4   g


Turn 42
================================================================
warning: entity 8 was directed to use 4 halite to move south, but only 0 halite was available
At command 5 of 5:
    3   m 5 w
    4   m 7 o
>>> 5   m 8 s


Turn 46
================================================================
warning: entity 5 was directed to use 3 halite to move north, but only 0 halite was available
At command 3 of 5:
    1   m 1 o
    2   m 3 n
>>> 3   m 5 n
    4   m 7 o
    5   m 8 o


Turn 55
================================================================
warning: entity 7 was directed to use 2 halite to move east, but only 0 halite was available
At command 4 of 6:
    2   m 3 n
    3   m 5 o
>>> 4   m 7 e
    5   m 8 o
    6   g


Turn 58
================================================================
warning: entity 7 was directed to use 4 halite to move east, but only 2 halite was available
At command 4 of 6:
    2   m 3 o
    3   m 5 o
>>> 4   m 7 e
    5   m 8 o
    6   m 10 e

warning: entity 10 was directed to use 2 halite to move east, but only 0 halite was available
At command 6 of 6:
    4   m 7 e
    5   m 8 o
>>> 6   m 10 e


Turn 61
================================================================
warning: entity 10 was directed to use 3 halite to move west, but only 1 halite was available
At command 6 of 6:
    4   m 7 o
    5   m 8 o
>>> 6   m 10 w


Turn 65
================================================================
warning: entity 10 was directed to use 4 halite to move east, but only 2 halite was available
At command 4 of 4:
    2   m 7 o
    3   m 8 o
>>> 4   m 10 e


Turn 67
================================================================
warning: entity 3 was directed to use 3 halite to move east, but only 0 halite was available
At command 2 of 6:
    1   m 1 w
>>> 2   m 3 e
    3   m 5 o
    4   m 7 o


Turn 70
================================================================
warning: entity 3 was directed to use 4 halite to move east, but only 1 halite was available
At command 2 of 6:
    1   m 1 w
>>> 2   m 3 e
    3   m 5 o
    4   m 7 o

warning: entity 10 was directed to use 4 halite to move west, but only 2 halite was available
At command 6 of 6:
    4   m 7 o
    5   m 8 o
>>> 6   m 10 w


Turn 73
================================================================
warning: entity 1 was directed to use 1 halite to move north, but only 0 halite was available
At command 1 of 6:
>>> 1   m 1 n
    2   m 3 o
    3   m 5 o


Turn 75
================================================================
warning: entity 1 was directed to use 4 halite to move north, but only 3 halite was available
At command 1 of 6:
>>> 1   m 1 n
    2   m 3 o
    3   m 5 o


Turn 79
================================================================
warning: entity 8 was directed to use 2 halite to move east, but only 0 halite was available
At command 5 of 6:
    3   m 5 o
    4   m 7 o
>>> 5   m 8 e
    6   m 10 o


Turn 82
================================================================
warning: entity 8 was directed to use 3 halite to move east, but only 0 halite was available
At command 5 of 6:
    3   m 5 n
    4   m 7 o
>>> 5   m 8 e
    6   m 10 w


Turn 88
================================================================
warning: entity 8 was directed to use 3 halite to move east, but only 1 halite was available
At command 5 of 6:
    3   m 5 o
    4   m 7 w
>>> 5   m 8 e
    6   m 10 s

warning: entity 10 was directed to use 1 halite to move south, but only 0 halite was available
At command 6 of 6:
    4   m 7 w
    5   m 8 e
>>> 6   m 10 s


Turn 91
================================================================
warning: entity 10 was directed to use 4 halite to move south, but only 0 halite was available
At command 6 of 6:
    4   m 7 w
    5   m 8 o
>>> 6   m 10 s


Turn 94
================================================================
warning: entity 3 was directed to use 1 halite to move south, but only 0 halite was available
At command 2 of 6:
    1   m 1 o
>>> 2   m 3 s
    3   m 5 o
    4   m 7 s


Turn 96
================================================================
warning: entity 3 was directed to use 4 halite to move south, but only 3 halite was available
At command 2 of 6:
    1   m 1 o
>>> 2   m 3 s
    3   m 5 o
    4   m 7 s


Turn 110
================================================================
warning: entity 8 was directed to use 1 halite to move north, but only 0 halite was available
At command 3 of 4:
    1   m 1 w
    2   m 5 o
>>> 3   m 8 n
    4   m 10 e


Turn 112
================================================================
warning: spawn on cell (11, 20) collided with owned entity 17 on that cell
At command 6 of 6:
    4   m 8 n
    5   m 10 o
>>> 6   g


Turn 113
================================================================
warning: entity 8 was directed to use 3 halite to move north, but only 0 halite was available
At command 4 of 5:
    2   m 3 n
    3   m 7 n
>>> 4   m 8 n
    5   m 10 o


Turn 117
================================================================
warning: entity 7 was directed to use 4 halite to move south, but only 0 halite was available
At command 3 of 5:
    1   m 1 s
    2   m 3 n
>>> 3   m 7 s
    4   m 8 e
    5   m 10 o

warning: entity 8 was directed to use 4 halite to move east, but only 3 halite was available
At command 4 of 5:
    2   m 3 n
    3   m 7 s
>>> 4   m 8 e
    5   m 10 o


Turn 125
================================================================
warning: entity 3 was directed to use 5 halite to move west, but only 0 halite was available
At command 1 of 5:
>>> 1   m 3 w
    2   m 7 s
    3   m 8 o

warning: entity 19 was directed to use 3 halite to move east, but only 0 halite was available
At command 5 of 5:
    3   m 8 o
    4   m 10 o
>>> 5   m 19 e


Turn 128
================================================================
warning: entity 1 was directed to use 3 halite to move north, but only 0 halite was available
At command 1 of 7:
>>> 1   m 1 n
    2   m 3 o
    3   m 7 e


Turn 131
================================================================
warning: entity 21 was directed to use 2 halite to move south, but only 1 halite was available
At command 7 of 7:
    5   m 10 o
    6   m 19 o
>>> 7   m 21 s


Turn 132
================================================================
warning: entity 1 was directed to use 2 halite to move east, but only 1 halite was available
At command 1 of 7:
>>> 1   m 1 e
    2   m 3 o
    3   m 7 w


Turn 135
================================================================
warning: entity 1 was directed to use 5 halite to move east, but only 3 halite was available
At command 1 of 7:
>>> 1   m 1 e
    2   m 3 o
    3   m 7 o


Turn 136
================================================================
warning: entity 21 was directed to use 4 halite to move south, but only 3 halite was available
At command 7 of 7:
    5   m 10 n
    6   m 19 w
>>> 7   m 21 s


Turn 140
================================================================
warning: entity 10 was directed to use 3 halite to move west, but only 0 halite was available
At command 5 of 8:
    3   m 7 o
    4   m 8 w
>>> 5   m 10 w
    6   m 19 o
    7   m 21 s


Turn 143
================================================================
warning: entity 24 was directed to use 2 halite to move north, but only 0 halite was available
At command 8 of 8:
    6   m 19 o
    7   m 21 e
>>> 8   m 24 n


Turn 146
================================================================
warning: entity 21 was directed to use 4 halite to move west, but only 1 halite was available
At command 7 of 8:
    5   m 10 o
    6   m 19 o
>>> 7   m 21 w
    8   m 24 e


Turn 147
================================================================
warning: entity 3 was directed to use 2 halite to move east, but only 0 halite was available
At command 2 of 8:
    1   m 1 o
>>> 2   m 3 e
    3   m 7 o
    4   m 8 s

warning: entity 24 was directed to use 3 halite to move east, but only 1 halite was available
At command 8 of 8:
    6   m 19 o
    7   m 21 w
>>> 8   m 24 e


Turn 151
================================================================
warning: entity 24 was directed to use 3 halite to move east, but only 1 halite was available
At command 8 of 8:
    6   m 19 o
    7   m 21 e
>>> 8   m 24 e


Turn 152
================================================================
warning: entity 3 was directed to use 1 halite to move east, but only 0 halite was available
At command 2 of 9:
    1   m 1 w
>>> 2   m 3 e
    3   m 7 o
    4   m 8 e


Turn 153
================================================================
warning: entity 8 was directed to use 3 halite to move east, but only 0 halite was available
At command 4 of 9:
    2   m 3 e
    3   m 7 o
>>> 4   m 8 e
    5   m 10 w
    6   m 19 w


Turn 155
================================================================
warning: entity 25 was directed to use 1 halite to move east, but only 0 halite was available
At command 9 of 9:
    7   m 21 n
    8   m 24 o
>>> 9   m 25 e


Turn 158
================================================================
warning: entity 8 was directed to use 1 halite to move east, but only 0 halite was available
At command 4 of 8:
    2   m 3 o
    3   m 7 e
>>> 4   m 8 e
    5   m 10 o
    6   m 19 o

warning: entity 25 was directed to use 4 halite to move east, but only 0 halite was available
At command 8 of 8:
    6   m 19 o
    7   m 24 o
>>> 8   m 25 e


Turn 162
================================================================
warning: entity 21 was directed to use 1 halite to move north, but only 0 halite was available
At command 7 of 9:
    5   m 10 o
    6   m 19 o
>>> 7   m 21 n
    8   m 24 o
    9   m 25 o


Turn 165
================================================================
warning: entity 21 was directed to use 2 halite to move north, but only 1 halite was available
At command 6 of 8:
    4   m 10 o
    5   m 19 e
>>> 6   m 21 n
    7   m 24 w
    8   m 25 o


Turn 168
================================================================
warning: entity 7 was directed to use 2 halite to move north, but only 0 halite was available
At command 3 of 9:
    1   m 1 s
    2   m 3 o
>>> 3   m 7 n
    4   m 8 o
    5   m 10 o


Turn 175
================================================================
warning: entity 1 was directed to use 2 halite to move north, but only 0 halite was available
At command 1 of 10:
>>> 1   m 1 n
    2   m 3 w
    3   m 7 o

warning: entity 19 was directed to use 1 halite to move south, but only 0 halite was available
At command 6 of 10:
    4   m 8 w
    5   m 10 e
>>> 6   m 19 s
    7   m 21 o
    8   m 24 w


Turn 176
================================================================
warning: entity 27 was directed to use 1 halite to move north, but only 0 halite was available
At command 10 of 10:
    8   m 24 e
    9   m 25 o
>>> 10   m 27 n


Turn 178
================================================================
warning: entity 1 was directed to use 4 halite to move east, but only 1 halite was available
At command 1 of 10:
>>> 1   m 1 e
    2   m 3 o
    3   m 7 o

warning: entity 27 was directed to use 4 halite to move north, but only 3 halite was available
At command 10 of 10:
    8   m 24 s
    9   m 25 o
>>> 10   m 27 n


Turn 179
================================================================
warning: entity 19 was directed to use 4 halite to move west, but only 0 halite was available
At command 6 of 10:
    4   m 8 e
    5   m 10 o
>>> 6   m 19 w
    7   m 21 o
    8   m 24 e


Turn 182
================================================================
warning: entity 3 was directed to use 2 halite to move north, but only 0 halite was available
At command 2 of 10:
    1   m 1 o
>>> 2   m 3 n
    3   m 7 n
    4   m 8 n


Turn 183
================================================================
warning: entity 27 was directed to use 4 halite to move north, but only 0 halite was available
At command 10 of 10:
    8   m 24 w
    9   m 25 w
>>> 10   m 27 n


Turn 185
================================================================
warning: entity 10 was directed to use 2 halite to move north, but only 0 halite was available
At command 4 of 9:
    2   m 3 n
    3   m 7 o
>>> 4   m 10 n
    5   m 19 o
    6   m 21 o


Turn 186
================================================================
warning: entity 3 was directed to use 3 halite to move north, but only 0 halite was available
At command 2 of 10:
    1   m 1 o
>>> 2   m 3 n
    3   m 7 s
    4   m 8 o


Turn 190
================================================================
warning: entity 8 was directed to use 2 halite to move north, but only 0 halite was available
At command 4 of 12:
    2   m 3 o
    3   m 7 e
>>> 4   m 8 n
    5   m 10 n
    6   m 19 o


Turn 192
================================================================
warning: entity 10 was directed to use 2 halite to move north, but only 0 halite was available
At command 5 of 12:
    3   m 7 e
    4   m 8 n
>>> 5   m 10 n
    6   m 19 w
    7   m 21 e


Turn 194
================================================================
warning: entity 8 was directed to use 2 halite to move north, but only 0 halite was available
At command 4 of 13:
    2   m 3 o
    3   m 7 o
>>> 4   m 8 n
    5   m 10 n
    6   m 19 o


Turn 195
================================================================
warning: entity 31 was directed to use 4 halite to move north, but only 1 halite was available
At command 12 of 13:
    10   m 27 o
    11   m 30 o
>>> 12   m 31 n
    13   m 33 s

warning: entity 33 was directed to use 1 halite to move south, but only 0 halite was available
At command 13 of 13:
    11   m 30 o
    12   m 31 n
>>> 13   m 33 s


Turn 197
================================================================
warning: entity 8 was directed to use 4 halite to move east, but only 2 halite was available
At command 3 of 12:
    1   m 3 o
    2   m 7 o
>>> 3   m 8 e
    4   m 10 o
    5   m 19 o


Turn 198
================================================================
warning: entity 33 was directed to use 2 halite to move south, but only 1 halite was available
At command 12 of 12:
    10   m 30 o
    11   m 31 n
>>> 12   m 33 s


Turn 200
================================================================
warning: entity 31 was directed to use 3 halite to move north, but only 0 halite was available
At command 12 of 13:
    10   m 27 o
    11   m 30 n
>>> 12   m 31 n
    13   m 33 s


Turn 204
================================================================
warning: entity 24 was directed to use 3 halite to move north, but only 0 halite was available
At command 8 of 13:
    6   m 19 o
    7   m 21 o
>>> 8   m 24 n
    9   m 25 e
    10   m 27 o


Turn 208
================================================================
warning: entity 24 was directed to use 2 halite to move north, but only 0 halite was available
At command 7 of 12:
    5   m 19 o
    6   m 21 o
>>> 7   m 24 n
    8   m 25 s
    9   m 27 o


Turn 211
================================================================
warning: entity 24 was directed to use 3 halite to move north, but only 1 halite was available
At command 8 of 14:
    6   m 19 w
    7   m 21 n
>>> 8   m 24 n
    9   m 25 s
    10   m 27 o


Turn 213
================================================================
warning: entity 1 was directed to use 1 halite to move north, but only 0 halite was available
At command 1 of 13:
>>> 1   m 1 n
    2   m 3 w
    3   m 7 e


Turn 214
================================================================
warning: entity 38 was directed to use 3 halite to move north, but only 0 halite was available
At command 12 of 12:
    10   m 31 w
    11   m 33 o
>>> 12   m 38 n


Turn 216
================================================================
warning: entity 1 was directed to use 3 halite to move north, but only 2 halite was available
At command 1 of 15:
>>> 1   m 1 n
    2   m 3 o
    3   m 7 e


Turn 218
================================================================
warning: entity 25 was directed to use 2 halite to move south, but only 0 halite was available
At command 9 of 15:
    7   m 21 o
    8   m 24 o
>>> 9   m 25 s
    10   m 27 n
    11   m 30 o


Turn 220
================================================================
warning: entity 39 was directed to use 2 halite to move north, but only 0 halite was available
At command 14 of 14:
    12   m 33 w
    13   m 38 n
>>> 14   m 39 n


Turn 221
================================================================
warning: entity 1 was directed to use 4 halite to move north, but only 2 halite was available
At command 1 of 15:
>>> 1   m 1 n
    2   m 3 o
    3   m 7 n

warning: entity 38 was directed to use 4 halite to move north, but only 1 halite was available
At command 14 of 15:
    12   m 31 w
    13   m 33 o
>>> 14   m 38 n
    15   m 39 n


Turn 222
================================================================
warning: entity 25 was directed to use 3 halite to move south, but only 0 halite was available
At command 9 of 16:
    7   m 21 o
    8   m 24 w
>>> 9   m 25 s
    10   m 27 o
    11   m 30 e


Turn 224
================================================================
warning: entity 7 was directed to use 1 halite to move north, but only 0 halite was available
At command 3 of 16:
    1   m 1 n
    2   m 3 o
>>> 3   m 7 n
    4   m 8 o
    5   m 10 o

warning: entity 39 was directed to use 3 halite to move north, but only 2 halite was available
At command 15 of 16:
    13   m 33 o
    14   m 38 n
>>> 15   m 39 n
    16   m 40 n


Turn 225
================================================================
warning: entity 25 was directed to use 4 halite to move south, but only 2 halite was available
At command 9 of 16:
    7   m 21 n
    8   m 24 n
>>> 9   m 25 s
    10   m 27 o
    11   m 30 o


Turn 226
================================================================
warning: entity 38 was directed to use 4 halite to move north, but only 0 halite was available
At command 13 of 15:
    11   m 31 o
    12   m 33 o
>>> 13   m 38 n
    14   m 39 n
    15   m 40 n


Turn 228
================================================================
warning: entity 7 was directed to use 2 halite to move north, but only 0 halite was available
At command 3 of 17:
    1   m 1 o
    2   m 3 o
>>> 3   m 7 n
    4   m 8 w
    5   m 10 s


Turn 229
================================================================
warning: entity 25 was directed to use 4 halite to move south, but only 3 halite was available
At command 9 of 16:
    7   m 21 o
    8   m 24 w
>>> 9   m 25 s
    10   m 27 e
    11   m 30 o

warning: entity 27 was directed to use 4 halite to move east, but only 0 halite was available
At command 10 of 16:
    8   m 24 w
    9   m 25 s
>>> 10   m 27 e
    11   m 30 o
    12   m 31 o

warning: entity 39 was directed to use 2 halite to move north, but only 1 halite was available
At command 15 of 16:
    13   m 33 o
    14   m 38 n
>>> 15   m 39 n
    16   m 40 o


Turn 230
================================================================
warning: entity 38 was directed to use 3 halite to move north, but only 2 halite was available
At command 14 of 16:
    12   m 31 o
    13   m 33 o
>>> 14   m 38 n
    15   m 39 n
    16   m 40 n


Turn 232
================================================================
warning: entity 7 was directed to use 3 halite to move north, but only 1 halite was available
At command 3 of 16:
    1   m 1 o
    2   m 3 n
>>> 3   m 7 n
    4   m 8 o
    5   m 10 w

warning: entity 39 was directed to use 3 halite to move north, but only 2 halite was available
At command 15 of 16:
    13   m 33 o
    14   m 38 n
>>> 15   m 39 n
    16   m 40 n


Turn 233
================================================================
warning: entity 3 was directed to use 3 halite to move north, but only 0 halite was available
At command 2 of 16:
    1   m 1 w
>>> 2   m 3 n
    3   m 7 n
    4   m 8 n


Turn 235
================================================================
warning: entity 19 was directed to use 2 halite to move south, but only 0 halite was available
At command 6 of 18:
    4   m 8 w
    5   m 10 o
>>> 6   m 19 s
    7   m 21 o
    8   m 24 s

warning: entity 42 was directed to use 1 halite to move north, but only 0 halite was available
At command 17 of 18:
    15   m 39 s
    16   m 40 o
>>> 17   m 42 n
    18   g


Turn 236
================================================================
warning: entity 39 was directed to use 3 halite to move north, but only 1 halite was available
At command 15 of 18:
    13   m 33 o
    14   m 38 o
>>> 15   m 39 n
    16   m 40 n
    17   m 42 n


Turn 237
================================================================
warning: entity 3 was directed to use 4 halite to move north, but only 1 halite was available
At command 2 of 18:
    1   m 1 o
>>> 2   m 3 n
    3   m 7 n
    4   m 8 o


Turn 238
================================================================
warning: entity 19 was directed to use 3 halite to move south, but only 2 halite was available
At command 6 of 19:
    4   m 8 o
    5   m 10 o
>>> 6   m 19 s
    7   m 21 o
    8   m 24 w


Turn 239
================================================================
warning: entity 31 was directed to use 2 halite to move north, but only 0 halite was available
At command 12 of 19:
    10   m 27 n
    11   m 30 w
>>> 12   m 31 n
    13   m 33 o
    14   m 38 w

warning: entity 43 was directed to use 1 halite to move south, but only 0 halite was available
At command 18 of 19:
    16   m 40 s
    17   m 42 n
>>> 18   m 43 s
    19   m 44 n

warning: entity 44 was directed to use 1 halite to move north, but only 0 halite was available
At command 19 of 19:
    17   m 42 n
    18   m 43 s
>>> 19   m 44 n


Turn 241
================================================================
warning: entity 3 was directed to use 4 halite to move east, but only 3 halite was available
At command 2 of 19:
    1   m 1 w
>>> 2   m 3 e
    3   m 7 o
    4   m 8 o


Turn 242
================================================================
warning: entity 42 was directed to use 2 halite to move north, but only 1 halite was available
At command 16 of 18:
    14   m 39 e
    15   m 40 n
>>> 16   m 42 n
    17   m 43 s
    18   m 44 n

warning: entity 43 was directed to use 2 halite to move south, but only 1 halite was available
At command 17 of 18:
    15   m 40 n
    16   m 42 n
>>> 17   m 43 s
    18   m 44 n


Turn 243
================================================================
warning: entity 1 was directed to use 4 halite to move west, but only 0 halite was available
At command 1 of 18:
>>> 1   m 1 w
    2   m 3 o
    3   m 7 o

warning: entity 19 was directed to use 4 halite to move south, but only 1 halite was available
At command 6 of 18:
    4   m 8 o
    5   m 10 o
>>> 6   m 19 s
    7   m 21 o
    8   m 24 o

warning: entity 31 was directed to use 3 halite to move east, but only 0 halite was available
At command 12 of 18:
    10   m 27 o
    11   m 30 e
>>> 12   m 31 e
    13   m 38 o
    14   m 39 n


Turn 244
================================================================
warning: entity 39 was directed to use 4 halite to move north, but only 3 halite was available
At command 15 of 19:
    13   m 33 e
    14   m 38 o
>>> 15   m 39 n
    16   m 40 o
    17   m 42 n


Turn 246
================================================================
warning: entity 1 was directed to use 4 halite to move west, but only 0 halite was available
At command 1 of 19:
>>> 1   m 1 w
    2   m 3 n
    3   m 7 w

warning: entity 43 was directed to use 3 halite to move south, but only 0 halite was available
At command 18 of 19:
    16   m 40 o
    17   m 42 n
>>> 18   m 43 s
    19   m 44 n

warning: entity 44 was directed to use 1 halite to move north, but only 0 halite was available
At command 19 of 19:
    17   m 42 n
    18   m 43 s
>>> 19   m 44 n


Turn 248
================================================================
warning: entity 42 was directed to use 3 halite to move west, but only 0 halite was available
At command 17 of 19:
    15   m 39 e
    16   m 40 o
>>> 17   m 42 w
    18   m 43 w
    19   m 44 n


Turn 251
================================================================
warning: entity 44 was directed to use 2 halite to move north, but only 0 halite was available
At command 18 of 19:
    16   m 42 n
    17   m 43 o
>>> 18   m 44 n
    19   m 45 s


Turn 252
================================================================
warning: entity 10 was directed to use 1 halite to move north, but only 0 halite was available
At command 5 of 20:
    3   m 7 e
    4   m 8 o
>>> 5   m 10 n
    6   m 19 w
    7   m 21 w


Turn 254
================================================================
warning: entity 45 was directed to use 1 halite to move west, but only 0 halite was available
At command 20 of 20:
    18   m 43 s
    19   m 44 n
>>> 20   m 45 w


Turn 255
================================================================
warning: entity 7 was directed to use 1 halite to move north, but only 0 halite was available
At command 3 of 19:
    1   m 1 o
    2   m 3 e
>>> 3   m 7 n
    4   m 8 o
    5   m 10 n

warning: entity 10 was directed to use 3 halite to move north, but only 1 halite was available
At command 5 of 19:
    3   m 7 n
    4   m 8 o
>>> 5   m 10 n
    6   m 19 o
    7   m 21 o


Turn 256
================================================================
warning: entity 45 was directed to use 5 halite to move south, but only 3 halite was available
At command 19 of 19:
    17   m 43 w
    18   m 44 w
>>> 19   m 45 s


Turn 258
================================================================
warning: entity 7 was directed to use 2 halite to move north, but only 0 halite was available
At command 3 of 20:
    1   m 1 o
    2   m 3 e
>>> 3   m 7 n
    4   m 8 e
    5   m 10 w

warning: entity 24 was directed to use 1 halite to move north, but only 0 halite was available
At command 8 of 20:
    6   m 19 o
    7   m 21 w
>>> 8   m 24 n
    9   m 25 s
    10   m 27 w


Turn 261
================================================================
warning: entity 24 was directed to use 2 halite to move north, but only 0 halite was available
At command 8 of 20:
    6   m 19 w
    7   m 21 o
>>> 8   m 24 n
    9   m 25 o
    10   m 27 o


Turn 262
================================================================
warning: entity 7 was directed to use 4 halite to move east, but only 0 halite was available
At command 3 of 18:
    1   m 1 o
    2   m 3 o
>>> 3   m 7 e
    4   m 8 n
    5   m 10 w

warning: entity 33 was directed to use 1 halite to move north, but only 0 halite was available
At command 12 of 18:
    10   m 30 o
    11   m 31 e
>>> 12   m 33 n
    13   m 38 o
    14   m 39 w


Turn 265
================================================================
warning: entity 24 was directed to use 3 halite to move east, but only 0 halite was available
At command 8 of 20:
    6   m 19 o
    7   m 21 o
>>> 8   m 24 e
    9   m 25 e
    10   m 27 o


Turn 266
================================================================
warning: entity 7 was directed to use 4 halite to move west, but only 0 halite was available
At command 3 of 20:
    1   m 1 w
    2   m 3 o
>>> 3   m 7 w
    4   m 8 n
    5   m 10 o


Turn 267
================================================================
warning: entity 30 was directed to use 4 halite to move north, but only 0 halite was available
At command 11 of 19:
    9   m 25 e
    10   m 27 w
>>> 11   m 30 n
    12   m 31 o
    13   m 33 n


Turn 268
================================================================
warning: entity 24 was directed to use 4 halite to move east, but only 2 halite was available
At command 8 of 20:
    6   m 19 w
    7   m 21 e
>>> 8   m 24 e
    9   m 25 o
    10   m 27 o


Turn 269
================================================================
warning: entity 33 was directed to use 1 halite to move north, but only 0 halite was available
At command 12 of 19:
    10   m 30 w
    11   m 31 o
>>> 12   m 33 n
    13   m 38 n
    14   m 39 o


Turn 271
================================================================
warning: entity 42 was directed to use 4 halite to move north, but only 0 halite was available
At command 17 of 20:
    15   m 39 o
    16   m 40 s
>>> 17   m 42 n
    18   m 43 n
    19   m 44 w


Turn 274
================================================================
warning: entity 1 was directed to use 2 halite to move north, but only 0 halite was available
At command 1 of 19:
>>> 1   m 1 n
    2   m 3 o
    3   m 7 e

warning: entity 33 was directed to use 1 halite to move north, but only 0 halite was available
At command 13 of 19:
    11   m 30 w
    12   m 31 o
>>> 13   m 33 n
    14   m 38 o
    15   m 40 n


Turn 278
================================================================
warning: entity 33 was directed to use 3 halite to move north, but only 1 halite was available
At command 13 of 20:
    11   m 30 w
    12   m 31 o
>>> 13   m 33 n
    14   m 38 o
    15   m 39 n

warning: entity 39 was directed to use 1 halite to move north, but only 0 halite was available
At command 15 of 20:
    13   m 33 n
    14   m 38 o
>>> 15   m 39 n
    16   m 40 w
    17   m 42 o


Turn 280
================================================================
warning: entity 40 was directed to use 1 halite to move west, but only 0 halite was available
At command 16 of 20:
    14   m 38 s
    15   m 39 n
>>> 16   m 40 w
    17   m 42 o
    18   m 43 n

warning: entity 43 was directed to use 1 halite to move north, but only 0 halite was available
At command 18 of 20:
    16   m 40 w
    17   m 42 o
>>> 18   m 43 n
    19   m 44 o
    20   m 45 o


Turn 281
================================================================
warning: entity 39 was directed to use 4 halite to move north, but only 1 halite was available
At command 15 of 20:
    13   m 33 o
    14   m 38 s
>>> 15   m 39 n
    16   m 40 w
    17   m 42 o


Turn 282
================================================================
warning: entity 1 was directed to use 3 halite to move west, but only 2 halite was available
At command 1 of 19:
>>> 1   m 1 w
    2   m 3 o
    3   m 7 s


Turn 285
================================================================
warning: entity 39 was directed to use 4 halite to move south, but only 2 halite was available
At command 15 of 20:
    13   m 33 o
    14   m 38 e
>>> 15   m 39 s
    16   m 40 o
    17   m 42 o


Turn 286
================================================================
warning: entity 38 was directed to use 1 halite to move north, but only 0 halite was available
At command 13 of 19:
    11   m 31 o
    12   m 33 e
>>> 13   m 38 n
    14   m 39 o
    15   m 40 o

warning: entity 43 was directed to use 2 halite to move north, but only 0 halite was available
At command 17 of 19:
    15   m 40 o
    16   m 42 o
>>> 17   m 43 n
    18   m 44 o
    19   m 45 o


Turn 287
================================================================
warning: entity 25 was directed to use 1 halite to move north, but only 0 halite was available
At command 8 of 20:
    6   m 19 e
    7   m 24 o
>>> 8   m 25 n
    9   m 27 s
    10   m 30 w


Turn 289
================================================================
warning: entity 38 was directed to use 2 halite to move north, but only 1 halite was available
At command 14 of 21:
    12   m 31 o
    13   m 33 o
>>> 14   m 38 n
    15   m 39 o
    16   m 40 w


Turn 291
================================================================
warning: entity 43 was directed to use 2 halite to move north, but only 1 halite was available
At command 18 of 21:
    16   m 40 o
    17   m 42 o
>>> 18   m 43 n
    19   m 44 o
    20   m 45 o


Turn 292
================================================================
warning: entity 21 was directed to use 1 halite to move north, but only 0 halite was available
At command 7 of 21:
    5   m 10 o
    6   m 19 e
>>> 7   m 21 n
    8   m 24 s
    9   m 25 n


Turn 293
================================================================
warning: entity 25 was directed to use 1 halite to move north, but only 0 halite was available
At command 8 of 20:
    6   m 21 n
    7   m 24 s
>>> 8   m 25 n
    9   m 27 s
    10   m 30 w

warning: entity 38 was directed to use 2 halite to move north, but only 0 halite was available
At command 13 of 20:
    11   m 31 w
    12   m 33 o
>>> 13   m 38 n
    14   m 39 e
    15   m 40 o

warning: entity 46 was directed to use 1 halite to move north, but only 0 halite was available
At command 20 of 20:
    18   m 44 o
    19   m 45 o
>>> 20   m 46 n


Turn 295
================================================================
warning: entity 21 was directed to use 3 halite to move east, but only 1 halite was available
At command 6 of 18:
    4   m 10 o
    5   m 19 n
>>> 6   m 21 e
    7   m 24 o
    8   m 25 n

warning: entity 43 was directed to use 4 halite to move north, but only 0 halite was available
At command 16 of 18:
    14   m 40 o
    15   m 42 w
>>> 16   m 43 n
    17   m 45 o
    18   m 46 n


Turn 296
================================================================
warning: entity 38 was directed to use 5 halite to move north, but only 3 halite was available
At command 14 of 22:
    12   m 31 w
    13   m 33 o
>>> 14   m 38 n
    15   m 39 e
    16   m 40 o


Turn 298
================================================================
warning: entity 25 was directed to use 1 halite to move north, but only 0 halite was available
At command 9 of 22:
    7   m 21 e
    8   m 24 o
>>> 9   m 25 n
    10   m 27 n
    11   m 30 o


Turn 299
================================================================
warning: entity 21 was directed to use 4 halite to move west, but only 1 halite was available
At command 7 of 22:
    5   m 10 e
    6   m 19 n
>>> 7   m 21 w
    8   m 24 n
    9   m 25 n

warning: entity 27 was directed to use 1 halite to move north, but only 0 halite was available
At command 10 of 22:
    8   m 24 n
    9   m 25 n
>>> 10   m 27 n
    11   m 30 o
    12   m 31 w


Turn 300
================================================================
warning: entity 46 was directed to use 1 halite to move east, but only 0 halite was available
At command 20 of 21:
    18   m 43 n
    19   m 45 w
>>> 20   m 46 e
    21   m 47 e


Turn 301
================================================================
warning: entity 38 was directed to use 3 halite to move east, but only 2 halite was available
At command 13 of 20:
    11   m 31 w
    12   m 33 e
>>> 13   m 38 e
    14   m 39 o
    15   m 42 w

warning: entity 47 was directed to use 3 halite to move south, but only 0 halite was available
At command 20 of 20:
    18   m 45 o
    19   m 46 e
>>> 20   m 47 s


Turn 302
================================================================
warning: entity 27 was directed to use 2 halite to move north, but only 1 halite was available
At command 10 of 22:
    8   m 24 e
    9   m 25 n
>>> 10   m 27 n
    11   m 30 o
    12   m 31 e

warning: entity 46 was directed to use 4 halite to move east, but only 3 halite was available
At command 21 of 22:
    19   m 44 s
    20   m 45 w
>>> 21   m 46 e
    22   m 47 s


Turn 304
================================================================
warning: entity 21 was directed to use 3 halite to move east, but only 2 halite was available
At command 7 of 21:
    5   m 10 e
    6   m 19 n
>>> 7   m 21 e
    8   m 24 o
    9   m 25 n

warning: entity 44 was directed to use 4 halite to move south, but only 0 halite was available
At command 18 of 21:
    16   m 42 o
    17   m 43 o
>>> 18   m 44 s
    19   m 45 w
    20   m 46 o


Turn 305
================================================================
warning: entity 38 was directed to use 5 halite to move east, but only 1 halite was available
At command 12 of 20:
    10   m 31 w
    11   m 33 e
>>> 12   m 38 e
    13   m 39 o
    14   m 40 e

warning: entity 47 was directed to use 4 halite to move south, but only 3 halite was available
At command 20 of 20:
    18   m 45 w
    19   m 46 o
>>> 20   m 47 s


Turn 306
================================================================
warning: entity 25 was directed to use 3 halite to move north, but only 1 halite was available
At command 9 of 21:
    7   m 21 e
    8   m 24 e
>>> 9   m 25 n
    10   m 27 s
    11   m 30 e

warning: entity 27 was directed to use 3 halite to move south, but only 1 halite was available
At command 10 of 21:
    8   m 24 e
    9   m 25 n
>>> 10   m 27 s
    11   m 30 e
    12   m 31 w


Turn 308
================================================================
warning: entity 21 was directed to use 4 halite to move east, but only 2 halite was available
At command 7 of 22:
    5   m 10 s
    6   m 19 n
>>> 7   m 21 e
    8   m 24 o
    9   m 25 e


Turn 309
================================================================
warning: entity 44 was directed to use 2 halite to move south, but only 1 halite was available
At command 18 of 21:
    16   m 42 o
    17   m 43 e
>>> 18   m 44 s
    19   m 45 o
    20   m 46 o


Turn 310
================================================================
warning: entity 25 was directed to use 4 halite to move east, but only 3 halite was available
At command 8 of 21:
    6   m 21 w
    7   m 24 w
>>> 8   m 25 e
    9   m 27 e
    10   m 30 e

warning: entity 40 was directed to use 3 halite to move south, but only 0 halite was available
At command 15 of 21:
    13   m 38 o
    14   m 39 s
>>> 15   m 40 s
    16   m 42 o
    17   m 43 o


Turn 311
================================================================
warning: entity 19 was directed to use 1 halite to move north, but only 0 halite was available
At command 6 of 22:
    4   m 8 w
    5   m 10 w
>>> 6   m 19 n
    7   m 21 e
    8   m 24 n

warning: entity 47 was directed to use 4 halite to move south, but only 1 halite was available
At command 22 of 22:
    20   m 45 o
    21   m 46 o
>>> 22   m 47 s


Turn 314
================================================================
warning: entity 27 was directed to use 4 halite to move east, but only 1 halite was available
At command 9 of 20:
    7   m 24 o
    8   m 25 o
>>> 9   m 27 e
    10   m 30 s
    11   m 31 s

warning: entity 40 was directed to use 2 halite to move south, but only 0 halite was available
At command 15 of 20:
    13   m 38 e
    14   m 39 o
>>> 15   m 40 s
    16   m 42 o
    17   m 43 e


Turn 315
================================================================
warning: entity 7 was directed to use 3 halite to move north, but only 0 halite was available
At command 3 of 19:
    1   m 1 s
    2   m 3 s
>>> 3   m 7 n
    4   m 8 w
    5   m 10 s

warning: entity 47 was directed to use 4 halite to move south, but only 2 halite was available
At command 19 of 19:
    17   m 44 s
    18   m 46 w
>>> 19   m 47 s


Turn 317
================================================================
warning: entity 19 was directed to use 1 halite to move north, but only 0 halite was available
At command 6 of 21:
    4   m 8 w
    5   m 10 s
>>> 6   m 19 n
    7   m 24 s
    8   m 25 o


Turn 318
================================================================
warning: entity 40 was directed to use 3 halite to move south, but only 2 halite was available
At command 15 of 21:
    13   m 38 o
    14   m 39 n
>>> 15   m 40 s
    16   m 42 e
    17   m 43 o


Turn 320
================================================================
warning: entity 10 was directed to use 2 halite to move south, but only 0 halite was available
At command 4 of 20:
    2   m 7 e
    3   m 8 s
>>> 4   m 10 s
    5   m 19 n
    6   m 24 w

warning: entity 44 was directed to use 4 halite to move south, but only 3 halite was available
At command 17 of 20:
    15   m 42 e
    16   m 43 o
>>> 17   m 44 s
    18   m 45 e
    19   m 46 w


Turn 322
================================================================
warning: entity 19 was directed to use 2 halite to move north, but only 0 halite was available
At command 6 of 21:
    4   m 8 e
    5   m 10 s
>>> 6   m 19 n
    7   m 24 w
    8   m 25 o

warning: entity 27 was directed to use 4 halite to move east, but only 3 halite was available
At command 9 of 21:
    7   m 24 w
    8   m 25 o
>>> 9   m 27 e
    10   m 30 e
    11   m 31 n


Turn 323
================================================================
warning: entity 10 was directed to use 3 halite to move south, but only 1 halite was available
At command 5 of 21:
    3   m 7 e
    4   m 8 w
>>> 5   m 10 s
    6   m 19 n
    7   m 24 w


Turn 324
================================================================
warning: entity 7 was directed to use 3 halite to move east, but only 1 halite was available
At command 3 of 20:
    1   m 1 n
    2   m 3 s
>>> 3   m 7 e
    4   m 8 e
    5   m 10 s


Turn 325
================================================================
warning: entity 19 was directed to use 3 halite to move north, but only 2 halite was available
At command 6 of 19:
    4   m 8 n
    5   m 10 s
>>> 6   m 19 n
    7   m 24 w
    8   m 25 o

warning: entity 40 was directed to use 4 halite to move south, but only 2 halite was available
At command 14 of 19:
    12   m 33 o
    13   m 38 o
>>> 14   m 40 s
    15   m 42 s
    16   m 43 o


Turn 326
================================================================
warning: entity 1 was directed to use 1 halite to move east, but only 0 halite was available
At command 1 of 20:
>>> 1   m 1 e
    2   m 3 n
    3   m 7 o


Turn 328
================================================================
warning: entity 46 was directed to use 1 halite to move north, but only 0 halite was available
At command 19 of 20:
    17   m 44 s
    18   m 45 o
>>> 19   m 46 n
    20   m 47 o


Turn 330
================================================================
warning: entity 1 was directed to use 2 halite to move east, but only 0 halite was available
At command 1 of 20:
>>> 1   m 1 e
    2   m 3 n
    3   m 7 e

warning: entity 19 was directed to use 4 halite to move east, but only 0 halite was available
At command 6 of 20:
    4   m 8 n
    5   m 10 s
>>> 6   m 19 e
    7   m 24 o
    8   m 25 n


Turn 331
================================================================
warning: entity 10 was directed to use 1 halite to move south, but only 0 halite was available
At command 5 of 20:
    3   m 7 e
    4   m 8 s
>>> 5   m 10 s
    6   m 19 e
    7   m 24 o

warning: entity 46 was directed to use 2 halite to move north, but only 1 halite was available
At command 19 of 20:
    17   m 44 o
    18   m 45 n
>>> 19   m 46 n
    20   m 47 o


Turn 333
================================================================
warning: entity 7 was directed to use 3 halite to move east, but only 0 halite was available
At command 2 of 18:
    1   m 1 e
>>> 2   m 7 e
    3   m 8 s
    4   m 10 s


Turn 334
================================================================
warning: entity 1 was directed to use 4 halite to move east, but only 1 halite was available
At command 1 of 20:
>>> 1   m 1 e
    2   m 3 o
    3   m 7 e

warning: entity 10 was directed to use 3 halite to move south, but only 2 halite was available
At command 5 of 20:
    3   m 7 e
    4   m 8 e
>>> 5   m 10 s
    6   m 19 e
    7   m 24 w

warning: entity 31 was directed to use 2 halite to move north, but only 0 halite was available
At command 11 of 20:
    9   m 27 w
    10   m 30 s
>>> 11   m 31 n
    12   m 33 w
    13   m 38 o


Turn 335
================================================================
warning: entity 19 was directed to use 4 halite to move east, but only 0 halite was available
At command 6 of 21:
    4   m 8 e
    5   m 10 s
>>> 6   m 19 e
    7   m 24 w
    8   m 25 o

warning: entity 46 was directed to use 4 halite to move east, but only 1 halite was available
At command 19 of 21:
    17   m 44 s
    18   m 45 n
>>> 19   m 46 e
    20   m 47 o
    21   g


Turn 338
================================================================
warning: entity 31 was directed to use 4 halite to move north, but only 0 halite was available
At command 11 of 21:
    9   m 27 s
    10   m 30 w
>>> 11   m 31 n
    12   m 33 e
    13   m 38 w


Turn 339
================================================================
warning: entity 1 was directed to use 3 halite to move east, but only 0 halite was available
At command 1 of 20:
>>> 1   m 1 e
    2   m 3 s
    3   m 7 o

warning: entity 10 was directed to use 4 halite to move south, but only 2 halite was available
At command 4 of 20:
    2   m 3 s
    3   m 7 o
>>> 4   m 10 s
    5   m 19 e
    6   m 24 s


Turn 340
================================================================
warning: entity 48 was directed to use 3 halite to move south, but only 0 halite was available
At command 21 of 21:
    19   m 46 o
    20   m 47 o
>>> 21   m 48 s


Turn 343
================================================================
warning: entity 8 was directed to use 2 halite to move south, but only 0 halite was available
At command 3 of 20:
    1   m 3 n
    2   m 7 o
>>> 3   m 8 s
    4   m 10 o
    5   m 19 o

warning: entity 31 was directed to use 4 halite to move west, but only 0 halite was available
At command 10 of 20:
    8   m 27 w
    9   m 30 s
>>> 10   m 31 w
    11   m 33 o
    12   m 38 w


Turn 345
================================================================
warning: entity 3 was directed to use 5 halite to move north, but only 0 halite was available
At command 1 of 19:
>>> 1   m 3 n
    2   m 7 o
    3   m 8 s


Turn 346
================================================================
warning: entity 8 was directed to use 2 halite to move south, but only 0 halite was available
At command 2 of 19:
    1   m 3 n
>>> 2   m 8 s
    3   m 10 o
    4   m 19 o

warning: entity 30 was directed to use 1 halite to move south, but only 0 halite was available
At command 8 of 19:
    6   m 25 o
    7   m 27 o
>>> 8   m 30 s
    9   m 31 w
    10   m 33 s


Turn 347
================================================================
warning: entity 31 was directed to use 3 halite to move west, but only 2 halite was available
At command 10 of 20:
    8   m 27 o
    9   m 30 s
>>> 10   m 31 w
    11   m 33 n
    12   m 38 w


Turn 348
================================================================
warning: entity 30 was directed to use 4 halite to move south, but only 3 halite was available
At command 9 of 19:
    7   m 25 o
    8   m 27 o
>>> 9   m 30 s
    10   m 31 w
    11   m 33 s


Turn 349
================================================================
warning: entity 45 was directed to use 1 halite to move south, but only 0 halite was available
At command 17 of 20:
    15   m 43 s
    16   m 44 o
>>> 17   m 45 s
    18   m 46 e
    19   m 47 o


Turn 350
================================================================
warning: entity 46 was directed to use 3 halite to move east, but only 0 halite was available
At command 18 of 20:
    16   m 44 o
    17   m 45 s
>>> 18   m 46 e
    19   m 47 o
    20   m 48 s


Turn 351
================================================================
warning: entity 8 was directed to use 2 halite to move south, but only 0 halite was available
At command 3 of 19:
    1   m 3 e
    2   m 7 w
>>> 3   m 8 s
    4   m 10 w
    5   m 19 o


Turn 352
================================================================
warning: entity 24 was directed to use 2 halite to move south, but only 0 halite was available
At command 5 of 19:
    3   m 8 s
    4   m 10 o
>>> 5   m 24 s
    6   m 25 n
    7   m 27 o

warning: entity 45 was directed to use 2 halite to move south, but only 1 halite was available
At command 16 of 19:
    14   m 43 n
    15   m 44 o
>>> 16   m 45 s
    17   m 46 e
    18   m 47 o


Turn 353
================================================================
warning: entity 3 was directed to use 4 halite to move east, but only 2 halite was available
At command 1 of 20:
>>> 1   m 3 e
    2   m 7 w
    3   m 8 s


Turn 355
================================================================
warning: entity 46 was directed to use 3 halite to move south, but only 0 halite was available
At command 18 of 20:
    16   m 44 w
    17   m 45 s
>>> 18   m 46 s
    19   m 47 o
    20   m 48 s


Turn 356
================================================================
warning: entity 24 was directed to use 2 halite to move south, but only 1 halite was available
At command 6 of 20:
    4   m 10 o
    5   m 19 w
>>> 6   m 24 s
    7   m 25 n
    8   m 27 w

warning: entity 45 was directed to use 3 halite to move south, but only 0 halite was available
At command 17 of 20:
    15   m 43 s
    16   m 44 o
>>> 17   m 45 s
    18   m 46 s
    19   m 47 o


Turn 358
================================================================
warning: entity 3 was directed to use 3 halite to move east, but only 1 halite was available
At command 1 of 20:
>>> 1   m 3 e
    2   m 7 w
    3   m 8 s

warning: entity 8 was directed to use 3 halite to move south, but only 0 halite was available
At command 3 of 20:
    1   m 3 e
    2   m 7 w
>>> 3   m 8 s
    4   m 10 s
    5   m 19 w


Turn 359
================================================================
warning: entity 33 was directed to use 1 halite to move west, but only 0 halite was available
At command 11 of 20:
    9   m 30 o
    10   m 31 o
>>> 11   m 33 w
    12   m 38 w
    13   m 40 o


Turn 360
================================================================
warning: entity 45 was directed to use 4 halite to move south, but only 0 halite was available
At command 17 of 20:
    15   m 43 n
    16   m 44 w
>>> 17   m 45 s
    18   m 46 w
    19   m 47 o

warning: entity 46 was directed to use 3 halite to move west, but only 1 halite was available
At command 18 of 20:
    16   m 44 w
    17   m 45 s
>>> 18   m 46 w
    19   m 47 o
    20   m 48 o


Turn 362
================================================================
warning: entity 8 was directed to use 3 halite to move south, but only 2 halite was available
At command 3 of 19:
    1   m 3 e
    2   m 7 s
>>> 3   m 8 s
    4   m 10 o
    5   m 19 w

warning: entity 24 was directed to use 1 halite to move south, but only 0 halite was available
At command 6 of 19:
    4   m 10 o
    5   m 19 w
>>> 6   m 24 s
    7   m 25 o
    8   m 27 w

warning: entity 33 was directed to use 2 halite to move west, but only 0 halite was available
At command 10 of 19:
    8   m 27 w
    9   m 30 s
>>> 10   m 33 w
    11   m 38 o
    12   m 40 o

warning: entity 43 was directed to use 4 halite to move north, but only 0 halite was available
At command 14 of 19:
    12   m 40 o
    13   m 42 s
>>> 14   m 43 n
    15   m 44 o
    16   m 45 o


Turn 363
================================================================
warning: entity 3 was directed to use 3 halite to move east, but only 0 halite was available
At command 1 of 20:
>>> 1   m 3 e
    2   m 7 s
    3   m 8 s


Turn 366
================================================================
warning: entity 8 was directed to use 4 halite to move south, but only 1 halite was available
At command 2 of 18:
    1   m 3 o
>>> 2   m 8 s
    3   m 10 s
    4   m 19 s

warning: entity 24 was directed to use 2 halite to move south, but only 1 halite was available
At command 5 of 18:
    3   m 10 s
    4   m 19 s
>>> 5   m 24 s
    6   m 25 o
    7   m 27 s

warning: entity 30 was directed to use 4 halite to move south, but only 1 halite was available
At command 8 of 18:
    6   m 25 o
    7   m 27 s
>>> 8   m 30 s
    9   m 31 e
    10   m 33 o


Turn 371
================================================================
warning: entity 7 was directed to use 2 halite to move south, but only 0 halite was available
At command 2 of 19:
    1   m 3 o
>>> 2   m 7 s
    3   m 8 s
    4   m 10 w

warning: entity 24 was directed to use 2 halite to move south, but only 0 halite was available
At command 6 of 19:
    4   m 10 w
    5   m 19 s
>>> 6   m 24 s
    7   m 25 o
    8   m 27 s


Turn 373
================================================================
warning: entity 43 was directed to use 2 halite to move east, but only 1 halite was available
At command 15 of 19:
    13   m 40 o
    14   m 42 s
>>> 15   m 43 e
    16   m 44 n
    17   m 45 s


Turn 374
================================================================
warning: entity 24 was directed to use 3 halite to move south, but only 2 halite was available
At command 6 of 19:
    4   m 10 o
    5   m 19 n
>>> 6   m 24 s
    7   m 25 n
    8   m 27 s

warning: entity 27 was directed to use 2 halite to move south, but only 0 halite was available
At command 8 of 19:
    6   m 24 s
    7   m 25 n
>>> 8   m 27 s
    9   m 30 s
    10   m 31 s


Turn 376
================================================================
warning: entity 19 was directed to use 2 halite to move west, but only 0 halite was available
At command 5 of 18:
    3   m 8 e
    4   m 10 o
>>> 5   m 19 w
    6   m 24 s
    7   m 25 n

warning: entity 30 was directed to use 3 halite to move south, but only 2 halite was available
At command 9 of 18:
    7   m 25 n
    8   m 27 s
>>> 9   m 30 s
    10   m 31 s
    11   m 38 w

warning: entity 43 was directed to use 4 halite to move east, but only 3 halite was available
At command 14 of 18:
    12   m 40 o
    13   m 42 s
>>> 14   m 43 e
    15   m 44 n
    16   m 45 o


Turn 377
================================================================
warning: entity 7 was directed to use 2 halite to move south, but only 0 halite was available
At command 2 of 19:
    1   m 3 o
>>> 2   m 7 s
    3   m 8 e
    4   m 10 o

warning: entity 8 was directed to use 3 halite to move east, but only 1 halite was available
At command 3 of 19:
    1   m 3 o
    2   m 7 s
>>> 3   m 8 e
    4   m 10 o
    5   m 19 w


Turn 379
================================================================
warning: entity 27 was directed to use 2 halite to move south, but only 1 halite was available
At command 7 of 17:
    5   m 24 s
    6   m 25 n
>>> 7   m 27 s
    8   m 30 s
    9   m 33 e


Turn 380
================================================================
warning: entity 24 was directed to use 2 halite to move south, but only 0 halite was available
At command 5 of 18:
    3   m 10 o
    4   m 19 w
>>> 5   m 24 s
    6   m 25 n
    7   m 27 s


Turn 382
================================================================
warning: entity 30 was directed to use 4 halite to move west, but only 2 halite was available
At command 8 of 17:
    6   m 25 o
    7   m 27 s
>>> 8   m 30 w
    9   m 31 e
    10   m 33 s


Turn 383
================================================================
warning: entity 24 was directed to use 2 halite to move south, but only 1 halite was available
At command 5 of 17:
    3   m 10 o
    4   m 19 o
>>> 5   m 24 s
    6   m 25 o
    7   m 30 w

warning: entity 31 was directed to use 1 halite to move east, but only 0 halite was available
At command 8 of 17:
    6   m 25 o
    7   m 30 w
>>> 8   m 31 e
    9   m 33 s
    10   m 38 n


Turn 388
================================================================
warning: entity 24 was directed to use 4 halite to move east, but only 0 halite was available
At command 5 of 16:
    3   m 10 e
    4   m 19 o
>>> 5   m 24 e
    6   m 25 o
    7   m 30 e


Turn 390
================================================================
warning: entity 44 was directed to use 2 halite to move south, but only 0 halite was available
At command 13 of 16:
    11   m 40 e
    12   m 42 e
>>> 13   m 44 s
    14   m 45 w
    15   m 47 n


Turn 392
================================================================
warning: entity 24 was directed to use 2 halite to move east, but only 0 halite was available
At command 5 of 16:
    3   m 10 e
    4   m 19 e
>>> 5   m 24 e
    6   m 25 o
    7   m 30 o


Turn 393
================================================================
warning: entity 44 was directed to use 4 halite to move south, but only 3 halite was available
At command 13 of 16:
    11   m 40 n
    12   m 42 o
>>> 13   m 44 s
    14   m 45 w
    15   m 47 w


Turn 398
================================================================
warning: entity 24 was directed to use 4 halite to move north, but only 0 halite was available
At command 5 of 16:
    3   m 10 n
    4   m 19 s
>>> 5   m 24 n
    6   m 25 n
    7   m 30 n


Turn 399
================================================================
warning: entity 44 was directed to use 4 halite to move south, but only 1 halite was available
At command 13 of 16:
    11   m 40 n
    12   m 42 e
>>> 13   m 44 s
    14   m 45 n
    15   m 47 n


Turn 402
================================================================
warning: entity 24 was directed to use 3 halite to move north, but only 2 halite was available
At command 5 of 16:
    3   m 10 n
    4   m 19 s
>>> 5   m 24 n
    6   m 25 w
    7   m 30 n


Turn 403
================================================================
warning: entity 44 was directed to use 3 halite to move east, but only 2 halite was available
At command 13 of 16:
    11   m 40 n
    12   m 42 w
>>> 13   m 44 e
    14   m 45 n
    15   m 47 w


Turn 404
================================================================
warning: entity 47 was directed to use 3 halite to move south, but only 0 halite was available
At command 14 of 15:
    12   m 44 s
    13   m 45 o
>>> 14   m 47 s
    15   m 48 n


Turn 405
================================================================
warning: entity 33 was directed to use 1 halite to move south, but only 0 halite was available
At command 9 of 16:
    7   m 30 n
    8   m 31 s
>>> 9   m 33 s
    10   m 38 o
    11   m 40 n


Turn 406
================================================================
warning: entity 19 was directed to use 1 halite to move south, but only 0 halite was available
At command 4 of 16:
    2   m 8 n
    3   m 10 n
>>> 4   m 19 s
    5   m 24 n
    6   m 25 w

warning: owned entities 3, 31 collided on cell (8, 8) as the result of moves on this turn
At command 1 of 16:
>>> 1   m 3 w
    2   m 8 n
    3   m 10 n

Other commands that placed an entity on this cell:
    6   m 25 w
    7   m 30 n
>>> 8   m 31 s
    9   m 33 s
    10   m 38 o


Turn 408
================================================================
warning: entity 44 was directed to use 3 halite to move south, but only 1 halite was available
At command 11 of 14:
    9   m 40 n
    10   m 42 w
>>> 11   m 44 s
    12   m 45 n
    13   m 47 s


Turn 409
================================================================
warning: entity 47 was directed to use 1 halite to move south, but only 0 halite was available
At command 12 of 13:
    10   m 44 o
    11   m 45 n
>>> 12   m 47 s
    13   m 48 n


Turn 410
================================================================
warning: entity 19 was directed to use 2 halite to move south, but only 1 halite was available
At command 3 of 14:
    1   m 8 n
    2   m 10 n
>>> 3   m 19 s
    4   m 24 n
    5   m 25 e

warning: entity 33 was directed to use 1 halite to move south, but only 0 halite was available
At command 7 of 14:
    5   m 25 e
    6   m 30 n
>>> 7   m 33 s
    8   m 38 n
    9   m 40 n


Turn 411
================================================================
warning: entity 47 was directed to use 4 halite to move south, but only 3 halite was available
At command 12 of 13:
    10   m 44 n
    11   m 45 n
>>> 12   m 47 s
    13   m 48 n


Turn 412
================================================================
warning: owned entities 24, 10 collided on cell (11, 20) as the result of moves on this turn
At command 4 of 13:
    2   m 10 o
    3   m 19 s
>>> 4   m 24 n
    5   m 30 n
    6   m 33 s


Turn 414
================================================================
warning: entity 33 was directed to use 2 halite to move south, but only 0 halite was available
At command 5 of 11:
    3   m 25 w
    4   m 30 n
>>> 5   m 33 s
    6   m 40 n
    7   m 42 n

warning: entity 40 was directed to use 1 halite to move north, but only 0 halite was available
At command 6 of 11:
    4   m 30 n
    5   m 33 s
>>> 6   m 40 n
    7   m 42 n
    8   m 44 n

warning: owned entities 25, 38 collided on cell (8, 8) as the result of moves on this turn
At command 3 of 11:
    1   m 8 n
    2   m 19 s
>>> 3   m 25 w
    4   m 30 n
    5   m 33 s


Turn 416
================================================================
warning: owned entities 45, 30 collided on cell (11, 20) as the result of moves on this turn
At command 8 of 10:
    6   m 42 n
    7   m 44 n
>>> 8   m 45 n
    9   m 47 n
    10   m 48 w


Turn 417
================================================================
warning: entity 19 was directed to use 3 halite to move south, but only 0 halite was available
At command 2 of 8:
    1   m 8 n
>>> 2   m 19 s
    3   m 33 s
    4   m 40 w


Turn 418
================================================================
warning: entity 44 was directed to use 1 halite to move north, but only 0 halite was available
At command 6 of 8:
    4   m 40 e
    5   m 42 n
>>> 6   m 44 n
    7   m 47 n
    8   m 48 n


Turn 420
================================================================
warning: entity 33 was directed to use 2 halite to move east, but only 1 halite was available
At command 3 of 8:
    1   m 8 n
    2   m 19 o
>>> 3   m 33 e
    4   m 40 s
    5   m 42 n


Turn 423
================================================================
warning: entity 40 was directed to use 2 halite to move north, but only 0 halite was available
At command 4 of 8:
    2   m 19 n
    3   m 33 e
>>> 4   m 40 n
    5   m 42 w
    6   m 44 e


Turn 424
================================================================
warning: entity 42 was directed to use 1 halite to move south, but only 0 halite was available
At command 5 of 8:
    3   m 33 n
    4   m 40 o
>>> 5   m 42 s
    6   m 44 w
    7   m 47 n

warning: entity 44 was directed to use 22 halite to move west, but only 2 halite was available
At command 6 of 8:
    4   m 40 o
    5   m 42 s
>>> 6   m 44 w
    7   m 47 n
    8   m 48 e

