
Turn 3
================================================================
warning: entity 0 was directed to use 32 halite to move south, but only 0 halite was available
At command 1 of 1:
>>> 1   m 0 s


Turn 6
================================================================
warning: entity 0 was directed to use 34 halite to move south, but only 19 halite was available
At command 2 of 2:
    1   g
>>> 2   m 0 s


Turn 8
================================================================
warning: entity 2 was directed to use 20 halite to move east, but only 0 halite was available
At command 2 of 2:
    1   m 0 o
>>> 2   m 2 e


Turn 10
================================================================
warning: entity 2 was directed to use 38 halite to move east, but only 37 halite was available
At command 2 of 2:
    1   m 0 o
>>> 2   m 2 e


Turn 64
================================================================
warning: entity 2 was directed to use 15 halite to move east, but only 0 halite was available
At command 2 of 2:
    1   m 0 n
>>> 2   m 2 e


Turn 67
================================================================
warning: entity 2 was directed to use 20 halite to move east, but only 16 halite was available
At command 2 of 2:
    1   m 0 e
>>> 2   m 2 e


Turn 90
================================================================
warning: owned entities 0, 2 collided on cell (23, 18) as the result of moves on this turn
At command 1 of 2:
>>> 1   m 0 n
    2   m 2 w

Other commands that placed an entity on this cell:
    1   m 0 n
>>> 2   m 2 w


Turn 91
================================================================
error: unknown entity 2 was requested to move north
At command 2 of 2:
    1   g
>>> 2   m 2 n

