
Turn 35
================================================================
warning: entity 3 was directed to use 3 halite to move south, but only 0 halite was available
At command 2 of 3:
    1   m 1 e
>>> 2   m 3 s
    3   g


Turn 38
================================================================
warning: entity 7 was directed to use 2 halite to move north, but only 0 halite was available
At command 4 of 4:
    2   m 3 o
    3   m 5 o
>>> 4   m 7 n


Turn 41
================================================================
warning: entity 7 was directed to use 4 halite to move south, but only 1 halite was available
At command 4 of 4:
    2   m 3 w
    3   m 5 e
>>> 4   m 7 s


Turn 45
================================================================
warning: entity 1 was directed to use 2 halite to move south, but only 0 halite was available
At command 1 of 4:
>>> 1   m 1 s
    2   m 3 o
    3   m 5 e


Turn 48
================================================================
warning: entity 1 was directed to use 4 halite to move north, but only 2 halite was available
At command 1 of 4:
>>> 1   m 1 n
    2   m 3 w
    3   m 5 n

warning: entity 5 was directed to use 1 halite to move north, but only 0 halite was available
At command 3 of 4:
    1   m 1 n
    2   m 3 w
>>> 3   m 5 n
    4   m 7 o


Turn 51
================================================================
warning: entity 5 was directed to use 3 halite to move south, but only 0 halite was available
At command 3 of 6:
    1   m 1 s
    2   m 3 o
>>> 3   m 5 s
    4   m 7 s
    5   m 8 o


Turn 53
================================================================
warning: entity 1 was directed to use 3 halite to move south, but only 0 halite was available
At command 1 of 6:
>>> 1   m 1 s
    2   m 3 o
    3   m 5 e

warning: entity 10 was directed to use 4 halite to move north, but only 0 halite was available
At command 6 of 6:
    4   m 7 o
    5   m 8 o
>>> 6   m 10 n


Turn 60
================================================================
warning: entity 5 was directed to use 5 halite to move east, but only 2 halite was available
At command 3 of 6:
    1   m 1 o
    2   m 3 o
>>> 3   m 5 e
    4   m 7 o
    5   m 8 o


Turn 74
================================================================
warning: entity 3 was directed to use 4 halite to move west, but only 0 halite was available
At command 2 of 6:
    1   m 1 n
>>> 2   m 3 w
    3   m 5 o
    4   m 7 o


Turn 80
================================================================
warning: entity 10 was directed to use 3 halite to move north, but only 0 halite was available
At command 6 of 6:
    4   m 7 o
    5   m 8 o
>>> 6   m 10 n


Turn 94
================================================================
warning: entity 5 was directed to use 2 halite to move east, but only 0 halite was available
At command 3 of 5:
    1   m 1 o
    2   m 3 o
>>> 3   m 5 e
    4   m 7 n
    5   m 10 o


Turn 98
================================================================
warning: entity 7 was directed to use 2 halite to move west, but only 0 halite was available
At command 3 of 5:
    1   m 1 o
    2   m 5 o
>>> 3   m 7 w
    4   m 8 w
    5   m 10 o


Turn 100
================================================================
warning: entity 3 was directed to use 1 halite to move north, but only 0 halite was available
At command 2 of 6:
    1   m 1 o
>>> 2   m 3 n
    3   m 5 o
    4   m 7 w


Turn 103
================================================================
warning: entity 3 was directed to use 4 halite to move north, but only 2 halite was available
At command 2 of 6:
    1   m 1 o
>>> 2   m 3 n
    3   m 5 o
    4   m 7 o


Turn 113
================================================================
warning: entity 8 was directed to use 3 halite to move north, but only 0 halite was available
At command 4 of 4:
    2   m 3 o
    3   m 7 e
>>> 4   m 8 n


Turn 115
================================================================
warning: entity 5 was directed to use 3 halite to move east, but only 0 halite was available
At command 3 of 6:
    1   m 1 w
    2   m 3 o
>>> 3   m 5 e
    4   m 7 o
    5   m 8 n


Turn 117
================================================================
warning: entity 8 was directed to use 1 halite to move north, but only 0 halite was available
At command 5 of 6:
    3   m 5 o
    4   m 7 n
>>> 5   m 8 n
    6   m 10 e


Turn 120
================================================================
warning: entity 8 was directed to use 3 halite to move north, but only 2 halite was available
At command 4 of 6:
    2   m 5 e
    3   m 7 n
>>> 4   m 8 n
    5   m 10 n
    6   g


Turn 122
================================================================
warning: entity 17 was directed to use 4 halite to move west, but only 0 halite was available
At command 6 of 7:
    4   m 8 w
    5   m 10 s
>>> 6   m 17 w
    7   g


Turn 125
================================================================
warning: entity 7 was directed to use 4 halite to move east, but only 0 halite was available
At command 3 of 8:
    1   m 3 o
    2   m 5 o
>>> 3   m 7 e
    4   m 8 o
    5   m 10 w

warning: entity 18 was directed to use 2 halite to move south, but only 0 halite was available
At command 7 of 8:
    5   m 10 w
    6   m 17 w
>>> 7   m 18 s
    8   m 19 s


Turn 129
================================================================
warning: entity 7 was directed to use 1 halite to move east, but only 0 halite was available
At command 3 of 8:
    1   m 3 w
    2   m 5 e
>>> 3   m 7 e
    4   m 8 o
    5   m 10 s

warning: entity 19 was directed to use 1 halite to move south, but only 0 halite was available
At command 8 of 8:
    6   m 17 o
    7   m 18 o
>>> 8   m 19 s


Turn 131
================================================================
warning: entity 10 was directed to use 2 halite to move west, but only 0 halite was available
At command 5 of 8:
    3   m 7 o
    4   m 8 o
>>> 5   m 10 w
    6   m 17 w
    7   m 18 o


Turn 132
================================================================
warning: entity 19 was directed to use 4 halite to move south, but only 0 halite was available
At command 7 of 7:
    5   m 17 o
    6   m 18 o
>>> 7   m 19 s


Turn 134
================================================================
warning: entity 10 was directed to use 4 halite to move west, but only 3 halite was available
At command 5 of 8:
    3   m 7 o
    4   m 8 s
>>> 5   m 10 w
    6   m 17 o
    7   m 18 o


Turn 138
================================================================
warning: entity 3 was directed to use 2 halite to move east, but only 0 halite was available
At command 1 of 8:
>>> 1   m 3 e
    2   m 5 o
    3   m 7 o


Turn 140
================================================================
warning: entity 20 was directed to use 4 halite to move north, but only 0 halite was available
At command 8 of 8:
    6   m 18 n
    7   m 19 o
>>> 8   m 20 n


Turn 143
================================================================
warning: entity 8 was directed to use 1 halite to move north, but only 0 halite was available
At command 4 of 9:
    2   m 5 o
    3   m 7 w
>>> 4   m 8 n
    5   m 10 o
    6   m 17 o


Turn 146
================================================================
warning: entity 8 was directed to use 3 halite to move north, but only 1 halite was available
At command 4 of 8:
    2   m 5 w
    3   m 7 o
>>> 4   m 8 n
    5   m 17 o
    6   m 18 e

warning: entity 18 was directed to use 2 halite to move east, but only 0 halite was available
At command 6 of 8:
    4   m 8 n
    5   m 17 o
>>> 6   m 18 e
    7   m 19 o
    8   m 20 o


Turn 149
================================================================
warning: entity 18 was directed to use 4 halite to move south, but only 2 halite was available
At command 7 of 8:
    5   m 10 e
    6   m 17 o
>>> 7   m 18 s
    8   m 20 n


Turn 150
================================================================
warning: entity 8 was directed to use 3 halite to move east, but only 2 halite was available
At command 4 of 9:
    2   m 5 o
    3   m 7 s
>>> 4   m 8 e
    5   m 10 e
    6   m 17 o


Turn 156
================================================================
warning: entity 7 was directed to use 1 halite to move east, but only 0 halite was available
At command 2 of 7:
    1   m 5 o
>>> 2   m 7 e
    3   m 8 o
    4   m 17 e


Turn 159
================================================================
warning: entity 7 was directed to use 4 halite to move north, but only 2 halite was available
At command 3 of 8:
    1   m 3 w
    2   m 5 o
>>> 3   m 7 n
    4   m 8 o
    5   m 10 e

warning: entity 10 was directed to use 3 halite to move east, but only 0 halite was available
At command 5 of 8:
    3   m 7 n
    4   m 8 o
>>> 5   m 10 e
    6   m 17 o
    7   m 18 e


Turn 162
================================================================
warning: entity 19 was directed to use 2 halite to move north, but only 0 halite was available
At command 8 of 10:
    6   m 17 w
    7   m 18 o
>>> 8   m 19 n
    9   m 20 o
    10   m 24 e


Turn 163
================================================================
warning: entity 24 was directed to use 1 halite to move north, but only 0 halite was available
At command 10 of 10:
    8   m 19 n
    9   m 20 o
>>> 10   m 24 n


Turn 165
================================================================
warning: entity 19 was directed to use 4 halite to move north, but only 2 halite was available
At command 8 of 10:
    6   m 17 w
    7   m 18 o
>>> 8   m 19 n
    9   m 20 e
    10   m 24 n


Turn 167
================================================================
warning: entity 24 was directed to use 2 halite to move north, but only 0 halite was available
At command 9 of 9:
    7   m 19 n
    8   m 20 o
>>> 9   m 24 n


Turn 168
================================================================
warning: entity 3 was directed to use 2 halite to move north, but only 0 halite was available
At command 1 of 9:
>>> 1   m 3 n
    2   m 5 o
    3   m 7 o


Turn 171
================================================================
warning: entity 24 was directed to use 4 halite to move north, but only 0 halite was available
At command 9 of 10:
    7   m 19 o
    8   m 20 o
>>> 9   m 24 n
    10   m 25 s


Turn 172
================================================================
warning: entity 5 was directed to use 1 halite to move north, but only 0 halite was available
At command 2 of 11:
    1   m 3 o
>>> 2   m 5 n
    3   m 7 o
    4   m 8 w


Turn 173
================================================================
warning: entity 25 was directed to use 3 halite to move north, but only 0 halite was available
At command 10 of 10:
    8   m 20 o
    9   m 24 o
>>> 10   m 25 n


Turn 177
================================================================
warning: entity 17 was directed to use 1 halite to move north, but only 0 halite was available
At command 6 of 12:
    4   m 8 s
    5   m 10 e
>>> 6   m 17 n
    7   m 18 w
    8   m 19 o


Turn 180
================================================================
warning: entity 25 was directed to use 4 halite to move north, but only 0 halite was available
At command 10 of 11:
    8   m 20 o
    9   m 24 o
>>> 10   m 25 n
    11   m 26 e


Turn 183
================================================================
warning: entity 17 was directed to use 4 halite to move north, but only 1 halite was available
At command 6 of 12:
    4   m 8 s
    5   m 10 o
>>> 6   m 17 n
    7   m 18 n
    8   m 19 e

warning: entity 18 was directed to use 2 halite to move north, but only 0 halite was available
At command 7 of 12:
    5   m 10 o
    6   m 17 n
>>> 7   m 18 n
    8   m 19 e
    9   m 20 w

warning: entity 26 was directed to use 4 halite to move west, but only 0 halite was available
At command 12 of 12:
    10   m 24 o
    11   m 25 n
>>> 12   m 26 w


Turn 187
================================================================
warning: entity 17 was directed to use 4 halite to move north, but only 2 halite was available
At command 5 of 12:
    3   m 7 w
    4   m 8 n
>>> 5   m 17 n
    6   m 18 n
    7   m 19 e


Turn 188
================================================================
warning: entity 18 was directed to use 3 halite to move north, but only 2 halite was available
At command 7 of 13:
    5   m 10 w
    6   m 17 n
>>> 7   m 18 n
    8   m 19 o
    9   m 20 s


Turn 190
================================================================
warning: entity 8 was directed to use 2 halite to move north, but only 0 halite was available
At command 4 of 13:
    2   m 5 w
    3   m 7 w
>>> 4   m 8 n
    5   m 10 w
    6   m 17 o


Turn 192
================================================================
warning: entity 18 was directed to use 4 halite to move north, but only 3 halite was available
At command 7 of 13:
    5   m 10 w
    6   m 17 o
>>> 7   m 18 n
    8   m 19 o
    9   m 20 e


Turn 195
================================================================
warning: entity 30 was directed to use 2 halite to move north, but only 1 halite was available
At command 13 of 13:
    11   m 25 o
    12   m 26 o
>>> 13   m 30 n


Turn 199
================================================================
warning: entity 30 was directed to use 2 halite to move north, but only 1 halite was available
At command 13 of 13:
    11   m 25 o
    12   m 26 o
>>> 13   m 30 n


Turn 202
================================================================
warning: entity 7 was directed to use 1 halite to move north, but only 0 halite was available
At command 2 of 12:
    1   m 3 w
>>> 2   m 7 n
    3   m 8 w
    4   m 10 o


Turn 204
================================================================
warning: entity 33 was directed to use 2 halite to move west, but only 0 halite was available
At command 14 of 14:
    12   m 26 w
    13   m 30 w
>>> 14   m 33 w


Turn 208
================================================================
warning: entity 30 was directed to use 3 halite to move south, but only 2 halite was available
At command 12 of 13:
    10   m 25 e
    11   m 26 n
>>> 12   m 30 s
    13   m 33 w

warning: entity 33 was directed to use 4 halite to move west, but only 0 halite was available
At command 13 of 13:
    11   m 26 n
    12   m 30 s
>>> 13   m 33 w


Turn 209
================================================================
warning: entity 10 was directed to use 2 halite to move north, but only 1 halite was available
At command 5 of 14:
    3   m 7 o
    4   m 8 o
>>> 5   m 10 n
    6   m 17 o
    7   m 18 o


Turn 210
================================================================
warning: entity 20 was directed to use 3 halite to move west, but only 0 halite was available
At command 8 of 13:
    6   m 18 e
    7   m 19 s
>>> 8   m 20 w
    9   m 24 w
    10   m 25 w


Turn 212
================================================================
warning: entity 33 was directed to use 1 halite to move west, but only 0 halite was available
At command 13 of 13:
    11   m 26 s
    12   m 30 o
>>> 13   m 33 w


Turn 214
================================================================
warning: entity 7 was directed to use 4 halite to move south, but only 1 halite was available
At command 3 of 14:
    1   m 3 s
    2   m 5 o
>>> 3   m 7 s
    4   m 8 w
    5   m 10 n

warning: entity 20 was directed to use 4 halite to move west, but only 1 halite was available
At command 9 of 14:
    7   m 18 o
    8   m 19 s
>>> 9   m 20 w
    10   m 24 w
    11   m 25 s


Turn 221
================================================================
warning: entity 10 was directed to use 4 halite to move south, but only 3 halite was available
At command 5 of 14:
    3   m 7 e
    4   m 8 n
>>> 5   m 10 s
    6   m 17 e
    7   m 18 o


Turn 222
================================================================
warning: entity 19 was directed to use 2 halite to move north, but only 0 halite was available
At command 8 of 14:
    6   m 17 w
    7   m 18 o
>>> 8   m 19 n
    9   m 20 o
    10   m 24 s


Turn 226
================================================================
warning: entity 19 was directed to use 3 halite to move north, but only 0 halite was available
At command 7 of 13:
    5   m 17 n
    6   m 18 o
>>> 7   m 19 n
    8   m 20 w
    9   m 24 n


Turn 227
================================================================
warning: entity 10 was directed to use 4 halite to move south, but only 0 halite was available
At command 5 of 14:
    3   m 7 o
    4   m 8 o
>>> 5   m 10 s
    6   m 17 o
    7   m 18 o


Turn 231
================================================================
warning: entity 10 was directed to use 3 halite to move east, but only 0 halite was available
At command 5 of 14:
    3   m 7 o
    4   m 8 n
>>> 5   m 10 e
    6   m 17 n
    7   m 18 w

warning: entity 19 was directed to use 3 halite to move west, but only 1 halite was available
At command 8 of 14:
    6   m 17 n
    7   m 18 w
>>> 8   m 19 w
    9   m 20 o
    10   m 24 n


Turn 233
================================================================
warning: entity 24 was directed to use 2 halite to move north, but only 0 halite was available
At command 9 of 13:
    7   m 19 o
    8   m 20 o
>>> 9   m 24 n
    10   m 25 n
    11   m 26 e


Turn 234
================================================================
warning: entity 17 was directed to use 4 halite to move south, but only 0 halite was available
At command 6 of 14:
    4   m 8 o
    5   m 10 o
>>> 6   m 17 s
    7   m 18 w
    8   m 19 o


Turn 237
================================================================
warning: entity 24 was directed to use 3 halite to move north, but only 2 halite was available
At command 9 of 13:
    7   m 18 w
    8   m 19 s
>>> 9   m 24 n
    10   m 25 w
    11   m 26 e


Turn 240
================================================================
warning: entity 30 was directed to use 4 halite to move north, but only 0 halite was available
At command 13 of 14:
    11   m 25 o
    12   m 26 s
>>> 13   m 30 n
    14   m 33 o


Turn 245
================================================================
warning: entity 8 was directed to use 2 halite to move west, but only 0 halite was available
At command 4 of 14:
    2   m 5 n
    3   m 7 o
>>> 4   m 8 w
    5   m 10 o
    6   m 17 o


Turn 247
================================================================
warning: entity 26 was directed to use 1 halite to move south, but only 0 halite was available
At command 12 of 13:
    10   m 24 o
    11   m 25 o
>>> 12   m 26 s
    13   m 33 e


Turn 248
================================================================
warning: entity 8 was directed to use 3 halite to move south, but only 0 halite was available
At command 4 of 14:
    2   m 5 o
    3   m 7 o
>>> 4   m 8 s
    5   m 10 o
    6   m 17 o


Turn 250
================================================================
warning: entity 26 was directed to use 3 halite to move south, but only 2 halite was available
At command 11 of 13:
    9   m 20 n
    10   m 24 o
>>> 11   m 26 s
    12   m 30 w
    13   m 33 e


Turn 251
================================================================
warning: entity 8 was directed to use 2 halite to move south, but only 0 halite was available
At command 4 of 14:
    2   m 5 o
    3   m 7 o
>>> 4   m 8 s
    5   m 10 o
    6   m 17 o


Turn 254
================================================================
warning: entity 8 was directed to use 1 halite to move west, but only 0 halite was available
At command 4 of 14:
    2   m 5 e
    3   m 7 n
>>> 4   m 8 w
    5   m 10 w
    6   m 17 o

warning: entity 20 was directed to use 1 halite to move north, but only 0 halite was available
At command 9 of 14:
    7   m 18 n
    8   m 19 o
>>> 9   m 20 n
    10   m 24 o
    11   m 25 o


Turn 258
================================================================
warning: entity 7 was directed to use 3 halite to move north, but only 0 halite was available
At command 3 of 13:
    1   m 3 w
    2   m 5 e
>>> 3   m 7 n
    4   m 8 o
    5   m 10 w

warning: entity 20 was directed to use 2 halite to move north, but only 1 halite was available
At command 8 of 13:
    6   m 17 o
    7   m 19 w
>>> 8   m 20 n
    9   m 24 w
    10   m 25 o

warning: entity 33 was directed to use 1 halite to move south, but only 0 halite was available
At command 13 of 13:
    11   m 26 o
    12   m 30 n
>>> 13   m 33 s


Turn 260
================================================================
warning: entity 18 was directed to use 1 halite to move north, but only 0 halite was available
At command 6 of 13:
    4   m 10 w
    5   m 17 o
>>> 6   m 18 n
    7   m 19 w
    8   m 20 n


Turn 262
================================================================
warning: entity 33 was directed to use 1 halite to move south, but only 0 halite was available
At command 13 of 13:
    11   m 26 s
    12   m 30 n
>>> 13   m 33 s


Turn 263
================================================================
warning: entity 18 was directed to use 4 halite to move north, but only 0 halite was available
At command 7 of 14:
    5   m 10 n
    6   m 17 o
>>> 7   m 18 n
    8   m 19 w
    9   m 20 n


Turn 264
================================================================
warning: entity 20 was directed to use 2 halite to move north, but only 1 halite was available
At command 9 of 14:
    7   m 18 n
    8   m 19 w
>>> 9   m 20 n
    10   m 24 o
    11   m 25 n


Turn 265
================================================================
warning: entity 30 was directed to use 1 halite to move north, but only 0 halite was available
At command 13 of 14:
    11   m 25 o
    12   m 26 e
>>> 13   m 30 n
    14   m 33 s

warning: entity 33 was directed to use 4 halite to move south, but only 2 halite was available
At command 14 of 14:
    12   m 26 e
    13   m 30 n
>>> 14   m 33 s


Turn 267
================================================================
warning: entity 30 was directed to use 4 halite to move east, but only 3 halite was available
At command 13 of 14:
    11   m 25 e
    12   m 26 o
>>> 13   m 30 e
    14   m 33 w


Turn 268
================================================================
warning: entity 20 was directed to use 3 halite to move north, but only 1 halite was available
At command 8 of 13:
    6   m 18 o
    7   m 19 e
>>> 8   m 20 n
    9   m 24 n
    10   m 25 e


Turn 269
================================================================
warning: entity 3 was directed to use 4 halite to move south, but only 0 halite was available
At command 1 of 13:
>>> 1   m 3 s
    2   m 5 w
    3   m 7 s

warning: entity 7 was directed to use 3 halite to move south, but only 0 halite was available
At command 3 of 13:
    1   m 3 s
    2   m 5 w
>>> 3   m 7 s
    4   m 8 s
    5   m 10 o


Turn 272
================================================================
warning: entity 24 was directed to use 3 halite to move south, but only 0 halite was available
At command 9 of 13:
    7   m 18 o
    8   m 20 o
>>> 9   m 24 s
    10   m 25 o
    11   m 26 o


Turn 277
================================================================
warning: entity 19 was directed to use 1 halite to move north, but only 0 halite was available
At command 7 of 13:
    5   m 17 o
    6   m 18 o
>>> 7   m 19 n
    8   m 20 o
    9   m 24 n


Turn 280
================================================================
warning: entity 10 was directed to use 2 halite to move north, but only 0 halite was available
At command 5 of 13:
    3   m 7 o
    4   m 8 o
>>> 5   m 10 n
    6   m 17 e
    7   m 18 o

warning: entity 19 was directed to use 2 halite to move south, but only 1 halite was available
At command 8 of 13:
    6   m 17 e
    7   m 18 o
>>> 8   m 19 s
    9   m 20 w
    10   m 24 o


Turn 283
================================================================
warning: entity 10 was directed to use 4 halite to move west, but only 1 halite was available
At command 5 of 14:
    3   m 7 w
    4   m 8 n
>>> 5   m 10 w
    6   m 17 o
    7   m 18 o


Turn 290
================================================================
warning: entity 8 was directed to use 2 halite to move north, but only 1 halite was available
At command 4 of 14:
    2   m 5 s
    3   m 7 o
>>> 4   m 8 n
    5   m 10 o
    6   m 17 o

warning: entity 19 was directed to use 3 halite to move south, but only 0 halite was available
At command 8 of 14:
    6   m 17 o
    7   m 18 o
>>> 8   m 19 s
    9   m 20 s
    10   m 24 o


Turn 293
================================================================
warning: entity 8 was directed to use 4 halite to move north, but only 2 halite was available
At command 4 of 14:
    2   m 5 o
    3   m 7 w
>>> 4   m 8 n
    5   m 10 o
    6   m 17 w


Turn 294
================================================================
warning: entity 19 was directed to use 3 halite to move north, but only 0 halite was available
At command 8 of 14:
    6   m 17 o
    7   m 18 n
>>> 8   m 19 n
    9   m 20 o
    10   m 24 e


Turn 297
================================================================
warning: entity 5 was directed to use 3 halite to move north, but only 0 halite was available
At command 2 of 14:
    1   m 3 o
>>> 2   m 5 n
    3   m 7 o
    4   m 8 o


Turn 303
================================================================
warning: entity 5 was directed to use 5 halite to move north, but only 2 halite was available
At command 2 of 13:
    1   m 3 o
>>> 2   m 5 n
    3   m 7 o
    4   m 8 o


Turn 307
================================================================
warning: entity 20 was directed to use 1 halite to move east, but only 0 halite was available
At command 9 of 14:
    7   m 18 s
    8   m 19 o
>>> 9   m 20 e
    10   m 24 o
    11   m 25 w


Turn 313
================================================================
warning: entity 5 was directed to use 3 halite to move east, but only 1 halite was available
At command 2 of 13:
    1   m 3 e
>>> 2   m 5 e
    3   m 7 e
    4   m 8 o


Turn 314
================================================================
warning: entity 30 was directed to use 1 halite to move east, but only 0 halite was available
At command 13 of 14:
    11   m 25 o
    12   m 26 n
>>> 13   m 30 e
    14   m 33 e


Turn 316
================================================================
warning: entity 5 was directed to use 4 halite to move east, but only 3 halite was available
At command 2 of 14:
    1   m 3 o
>>> 2   m 5 e
    3   m 7 o
    4   m 8 o


Turn 319
================================================================
warning: entity 26 was directed to use 1 halite to move north, but only 0 halite was available
At command 11 of 13:
    9   m 24 o
    10   m 25 o
>>> 11   m 26 n
    12   m 30 e
    13   m 33 e


Turn 320
================================================================
warning: entity 7 was directed to use 1 halite to move west, but only 0 halite was available
At command 3 of 14:
    1   m 3 e
    2   m 5 o
>>> 3   m 7 w
    4   m 8 o
    5   m 10 o


Turn 321
================================================================
warning: entity 30 was directed to use 4 halite to move west, but only 2 halite was available
At command 13 of 14:
    11   m 25 o
    12   m 26 n
>>> 13   m 30 w
    14   m 33 e


Turn 323
================================================================
warning: entity 7 was directed to use 4 halite to move west, but only 2 halite was available
At command 3 of 14:
    1   m 3 o
    2   m 5 o
>>> 3   m 7 w
    4   m 8 o
    5   m 10 e


Turn 324
================================================================
warning: entity 26 was directed to use 4 halite to move west, but only 0 halite was available
At command 11 of 13:
    9   m 20 o
    10   m 25 o
>>> 11   m 26 w
    12   m 30 e
    13   m 33 n


Turn 326
================================================================
warning: entity 17 was directed to use 3 halite to move north, but only 0 halite was available
At command 6 of 14:
    4   m 8 o
    5   m 10 e
>>> 6   m 17 n
    7   m 18 n
    8   m 19 s


Turn 331
================================================================
warning: entity 19 was directed to use 1 halite to move north, but only 0 halite was available
At command 8 of 13:
    6   m 17 e
    7   m 18 o
>>> 8   m 19 n
    9   m 20 e
    10   m 24 s


Turn 335
================================================================
warning: entity 19 was directed to use 4 halite to move north, but only 2 halite was available
At command 8 of 13:
    6   m 17 e
    7   m 18 o
>>> 8   m 19 n
    9   m 20 o
    10   m 24 w


Turn 336
================================================================
warning: entity 33 was directed to use 1 halite to move north, but only 0 halite was available
At command 13 of 13:
    11   m 25 e
    12   m 26 o
>>> 13   m 33 n


Turn 340
================================================================
warning: entity 19 was directed to use 4 halite to move east, but only 1 halite was available
At command 8 of 12:
    6   m 17 s
    7   m 18 o
>>> 8   m 19 e
    9   m 20 w
    10   m 24 w


Turn 341
================================================================
warning: entity 33 was directed to use 2 halite to move north, but only 0 halite was available
At command 13 of 13:
    11   m 25 n
    12   m 26 o
>>> 13   m 33 n


Turn 344
================================================================
warning: entity 19 was directed to use 4 halite to move east, but only 2 halite was available
At command 8 of 13:
    6   m 17 o
    7   m 18 o
>>> 8   m 19 e
    9   m 20 w
    10   m 24 s

warning: entity 33 was directed to use 2 halite to move north, but only 1 halite was available
At command 13 of 13:
    11   m 25 n
    12   m 26 o
>>> 13   m 33 n


Turn 345
================================================================
warning: entity 25 was directed to use 2 halite to move north, but only 0 halite was available
At command 10 of 12:
    8   m 20 w
    9   m 24 s
>>> 10   m 25 n
    11   m 26 o
    12   m 33 n


Turn 347
================================================================
warning: entity 33 was directed to use 4 halite to move west, but only 2 halite was available
At command 13 of 13:
    11   m 25 e
    12   m 26 o
>>> 13   m 33 w


Turn 349
================================================================
warning: entity 25 was directed to use 4 halite to move south, but only 3 halite was available
At command 11 of 13:
    9   m 20 w
    10   m 24 e
>>> 11   m 25 s
    12   m 26 o
    13   m 33 n


Turn 351
================================================================
warning: entity 8 was directed to use 1 halite to move north, but only 0 halite was available
At command 4 of 11:
    2   m 5 w
    3   m 7 s
>>> 4   m 8 n
    5   m 10 o
    6   m 18 n


Turn 353
================================================================
warning: entity 8 was directed to use 4 halite to move north, but only 3 halite was available
At command 4 of 12:
    2   m 5 w
    3   m 7 w
>>> 4   m 8 n
    5   m 10 w
    6   m 18 n


Turn 355
================================================================
warning: entity 24 was directed to use 1 halite to move north, but only 0 halite was available
At command 8 of 11:
    6   m 19 e
    7   m 20 s
>>> 8   m 24 n
    9   m 25 e
    10   m 26 o

warning: entity 25 was directed to use 2 halite to move east, but only 1 halite was available
At command 9 of 11:
    7   m 20 s
    8   m 24 n
>>> 9   m 25 e
    10   m 26 o
    11   m 33 w


Turn 358
================================================================
warning: entity 8 was directed to use 4 halite to move east, but only 2 halite was available
At command 4 of 12:
    2   m 5 s
    3   m 7 w
>>> 4   m 8 e
    5   m 10 w
    6   m 18 n

warning: entity 25 was directed to use 5 halite to move east, but only 2 halite was available
At command 10 of 12:
    8   m 20 s
    9   m 24 n
>>> 10   m 25 e
    11   m 26 e
    12   m 33 o


Turn 359
================================================================
warning: entity 24 was directed to use 3 halite to move north, but only 2 halite was available
At command 9 of 12:
    7   m 19 o
    8   m 20 e
>>> 9   m 24 n
    10   m 25 e
    11   m 26 e


Turn 360
================================================================
warning: entity 7 was directed to use 1 halite to move west, but only 0 halite was available
At command 3 of 12:
    1   m 3 n
    2   m 5 o
>>> 3   m 7 w
    4   m 8 o
    5   m 10 o


Turn 362
================================================================
warning: entity 7 was directed to use 4 halite to move west, but only 3 halite was available
At command 3 of 12:
    1   m 3 n
    2   m 5 e
>>> 3   m 7 w
    4   m 8 o
    5   m 10 w


Turn 363
================================================================
warning: entity 24 was directed to use 4 halite to move west, but only 3 halite was available
At command 9 of 12:
    7   m 19 e
    8   m 20 w
>>> 9   m 24 w
    10   m 25 s
    11   m 26 e

warning: entity 25 was directed to use 4 halite to move south, but only 0 halite was available
At command 10 of 12:
    8   m 20 w
    9   m 24 w
>>> 10   m 25 s
    11   m 26 e
    12   m 33 o


Turn 364
================================================================
warning: entity 20 was directed to use 2 halite to move west, but only 0 halite was available
At command 8 of 12:
    6   m 18 n
    7   m 19 e
>>> 8   m 20 w
    9   m 24 s
    10   m 25 s


Turn 367
================================================================
warning: entity 25 was directed to use 4 halite to move east, but only 1 halite was available
At command 10 of 12:
    8   m 20 o
    9   m 24 n
>>> 10   m 25 e
    11   m 26 w
    12   m 33 e


Turn 368
================================================================
warning: entity 5 was directed to use 2 halite to move south, but only 0 halite was available
At command 2 of 12:
    1   m 3 o
>>> 2   m 5 s
    3   m 7 o
    4   m 8 o


Turn 369
================================================================
warning: entity 24 was directed to use 4 halite to move east, but only 1 halite was available
At command 9 of 12:
    7   m 19 o
    8   m 20 o
>>> 9   m 24 e
    10   m 25 o
    11   m 26 o


Turn 372
================================================================
warning: entity 5 was directed to use 2 halite to move north, but only 0 halite was available
At command 2 of 12:
    1   m 3 o
>>> 2   m 5 n
    3   m 7 o
    4   m 8 e


Turn 375
================================================================
warning: entity 24 was directed to use 4 halite to move east, but only 0 halite was available
At command 9 of 12:
    7   m 19 o
    8   m 20 w
>>> 9   m 24 e
    10   m 25 o
    11   m 26 e


Turn 376
================================================================
warning: entity 5 was directed to use 3 halite to move west, but only 1 halite was available
At command 2 of 11:
    1   m 3 o
>>> 2   m 5 w
    3   m 7 w
    4   m 8 o


Turn 377
================================================================
warning: entity 10 was directed to use 4 halite to move east, but only 0 halite was available
At command 5 of 12:
    3   m 7 o
    4   m 8 o
>>> 5   m 10 e
    6   m 18 e
    7   m 19 w


Turn 384
================================================================
warning: entity 26 was directed to use 2 halite to move north, but only 0 halite was available
At command 11 of 12:
    9   m 24 o
    10   m 25 w
>>> 11   m 26 n
    12   m 33 o


Turn 387
================================================================
warning: entity 26 was directed to use 3 halite to move east, but only 2 halite was available
At command 11 of 12:
    9   m 24 o
    10   m 25 w
>>> 11   m 26 e
    12   m 33 o


Turn 392
================================================================
warning: entity 26 was directed to use 2 halite to move south, but only 1 halite was available
At command 11 of 12:
    9   m 24 w
    10   m 25 n
>>> 11   m 26 s
    12   m 33 e


Turn 397
================================================================
warning: entity 26 was directed to use 2 halite to move south, but only 1 halite was available
At command 11 of 11:
    9   m 24 s
    10   m 25 s
>>> 11   m 26 s


Turn 398
================================================================
warning: entity 25 was directed to use 1 halite to move east, but only 0 halite was available
At command 10 of 12:
    8   m 20 e
    9   m 24 e
>>> 10   m 25 e
    11   m 26 o
    12   m 33 e


Turn 400
================================================================
warning: entity 33 was directed to use 3 halite to move east, but only 0 halite was available
At command 12 of 12:
    10   m 25 n
    11   m 26 w
>>> 12   m 33 e


Turn 401
================================================================
warning: owned entities 3, 7 collided on cell (8, 8) as the result of moves on this turn
At command 1 of 12:
>>> 1   m 3 s
    2   m 5 o
    3   m 7 e

Other commands that placed an entity on this cell:
    1   m 3 s
    2   m 5 o
>>> 3   m 7 e
    4   m 8 s
    5   m 10 w


Turn 403
================================================================
warning: entity 25 was directed to use 3 halite to move west, but only 0 halite was available
At command 8 of 10:
    6   m 20 e
    7   m 24 s
>>> 8   m 25 w
    9   m 26 s
    10   m 33 e

warning: entity 33 was directed to use 4 halite to move east, but only 3 halite was available
At command 10 of 10:
    8   m 25 w
    9   m 26 s
>>> 10   m 33 e


Turn 404
================================================================
warning: entity 26 was directed to use 4 halite to move east, but only 3 halite was available
At command 8 of 9:
    6   m 24 s
    7   m 25 w
>>> 8   m 26 e
    9   m 33 w

warning: owned entities 20, 8 collided on cell (8, 8) as the result of moves on this turn
At command 5 of 9:
    3   m 18 n
    4   m 19 s
>>> 5   m 20 n
    6   m 24 s
    7   m 25 w


Turn 407
================================================================
warning: owned entities 19, 33 collided on cell (8, 8) as the result of moves on this turn
At command 4 of 8:
    2   m 10 w
    3   m 18 n
>>> 4   m 19 s
    5   m 24 w
    6   m 25 s

Other commands that placed an entity on this cell:
    6   m 25 s
    7   m 26 e
>>> 8   m 33 w


Turn 409
================================================================
warning: owned entities 10, 24 collided on cell (8, 8) as the result of moves on this turn
At command 2 of 5:
    1   m 5 n
>>> 2   m 10 w
    3   m 18 n
    4   m 25 s


Turn 410
================================================================
warning: owned entities 5, 25 collided on cell (8, 8) as the result of moves on this turn
At command 1 of 4:
>>> 1   m 5 n
    2   m 18 n
    3   m 25 s

Other commands that placed an entity on this cell:
    1   m 5 n
    2   m 18 n
>>> 3   m 25 s
    4   m 26 s


Turn 415
================================================================
warning: entity 18 was directed to use 1 halite to move south, but only 0 halite was available
At command 1 of 2:
>>> 1   m 18 s
    2   m 26 w


Turn 421
================================================================
warning: entity 18 was directed to use 2 halite to move north, but only 0 halite was available
At command 1 of 2:
>>> 1   m 18 n
    2   m 26 w

