
Turn 14
================================================================
warning: entity 7 was directed to use 3 halite to move south, but only 0 halite was available
At command 4 of 4:
    2   m 3 o
    3   m 5 o
>>> 4   m 7 s


Turn 18
================================================================
warning: entity 7 was directed to use 4 halite to move east, but only 1 halite was available
At command 4 of 4:
    2   m 3 o
    3   m 5 o
>>> 4   m 7 e


Turn 22
================================================================
warning: entity 7 was directed to use 4 halite to move north, but only 3 halite was available
At command 4 of 4:
    2   m 3 o
    3   m 5 o
>>> 4   m 7 n


Turn 27
================================================================
warning: entity 7 was directed to use 3 halite to move south, but only 0 halite was available
At command 4 of 4:
    2   m 3 o
    3   m 5 w
>>> 4   m 7 s


Turn 53
================================================================
warning: entity 3 was directed to use 2 halite to move south, but only 0 halite was available
At command 2 of 4:
    1   m 1 o
>>> 2   m 3 s
    3   m 7 e
    4   g


Turn 59
================================================================
warning: entity 10 was directed to use 4 halite to move west, but only 0 halite was available
At command 5 of 5:
    3   m 5 n
    4   m 7 o
>>> 5   m 10 w


Turn 60
================================================================
warning: entity 3 was directed to use 4 halite to move east, but only 0 halite was available
At command 1 of 4:
>>> 1   m 3 e
    2   m 5 n
    3   m 7 o


Turn 62
================================================================
warning: entity 1 was directed to use 3 halite to move north, but only 0 halite was available
At command 1 of 5:
>>> 1   m 1 n
    2   m 3 e
    3   m 5 n


Turn 66
================================================================
warning: entity 5 was directed to use 2 halite to move south, but only 0 halite was available
At command 3 of 6:
    1   m 1 n
    2   m 3 o
>>> 3   m 5 s
    4   m 7 o
    5   m 10 s


Turn 67
================================================================
warning: entity 11 was directed to use 2 halite to move north, but only 0 halite was available
At command 6 of 6:
    4   m 7 w
    5   m 10 s
>>> 6   m 11 n


Turn 71
================================================================
warning: entity 11 was directed to use 5 halite to move south, but only 0 halite was available
At command 6 of 6:
    4   m 7 n
    5   m 10 w
>>> 6   m 11 s


Turn 73
================================================================
warning: entity 5 was directed to use 4 halite to move east, but only 1 halite was available
At command 3 of 6:
    1   m 1 o
    2   m 3 o
>>> 3   m 5 e
    4   m 7 n
    5   m 10 e


Turn 78
================================================================
warning: entity 7 was directed to use 1 halite to move north, but only 0 halite was available
At command 4 of 6:
    2   m 3 o
    3   m 5 o
>>> 4   m 7 n
    5   m 10 w
    6   m 11 o


Turn 81
================================================================
warning: entity 7 was directed to use 4 halite to move south, but only 2 halite was available
At command 4 of 6:
    2   m 3 o
    3   m 5 o
>>> 4   m 7 s
    5   m 10 n
    6   m 11 o


Turn 86
================================================================
warning: entity 10 was directed to use 1 halite to move north, but only 0 halite was available
At command 5 of 6:
    3   m 5 o
    4   m 7 s
>>> 5   m 10 n
    6   m 11 o


Turn 105
================================================================
warning: entity 5 was directed to use 1 halite to move west, but only 0 halite was available
At command 3 of 5:
    1   m 1 e
    2   c 3
>>> 3   m 5 w
    4   m 7 o
    5   m 10 o


Turn 107
================================================================
warning: entity 5 was directed to use 4 halite to move west, but only 3 halite was available
At command 2 of 6:
    1   m 1 s
>>> 2   m 5 w
    3   m 7 o
    4   m 10 o


Turn 108
================================================================
warning: entity 11 was directed to use 1 halite to move south, but only 0 halite was available
At command 5 of 6:
    3   m 7 o
    4   m 10 o
>>> 5   m 11 s
    6   m 17 s


Turn 110
================================================================
warning: entity 17 was directed to use 3 halite to move north, but only 0 halite was available
At command 4 of 4:
    2   m 7 o
    3   m 11 e
>>> 4   m 17 n


Turn 111
================================================================
warning: entity 11 was directed to use 4 halite to move east, but only 1 halite was available
At command 4 of 5:
    2   m 5 o
    3   m 10 w
>>> 4   m 11 e
    5   m 17 n


Turn 114
================================================================
warning: entity 18 was directed to use 4 halite to move east, but only 0 halite was available
At command 7 of 7:
    5   m 11 o
    6   m 17 e
>>> 7   m 18 e


Turn 116
================================================================
warning: entity 1 was directed to use 4 halite to move east, but only 1 halite was available
At command 1 of 7:
>>> 1   m 1 e
    2   m 5 o
    3   m 7 s


Turn 123
================================================================
warning: entity 7 was directed to use 3 halite to move east, but only 0 halite was available
At command 3 of 8:
    1   m 1 o
    2   m 5 n
>>> 3   m 7 e
    4   m 10 s
    5   m 11 o


Turn 128
================================================================
warning: entity 22 was directed to use 4 halite to move north, but only 0 halite was available
At command 7 of 7:
    5   m 17 o
    6   m 18 o
>>> 7   m 22 n


Turn 129
================================================================
warning: entity 5 was directed to use 4 halite to move east, but only 0 halite was available
At command 2 of 8:
    1   m 1 o
>>> 2   m 5 e
    3   m 7 o
    4   m 10 s


Turn 132
================================================================
warning: entity 10 was directed to use 2 halite to move east, but only 0 halite was available
At command 4 of 9:
    2   m 5 o
    3   m 7 e
>>> 4   m 10 e
    5   m 11 o
    6   m 17 o

warning: entity 22 was directed to use 4 halite to move south, but only 2 halite was available
At command 8 of 9:
    6   m 17 o
    7   m 18 o
>>> 8   m 22 s
    9   m 23 n


Turn 133
================================================================
warning: entity 23 was directed to use 2 halite to move north, but only 0 halite was available
At command 8 of 8:
    6   m 18 o
    7   m 22 o
>>> 8   m 23 n


Turn 135
================================================================
warning: entity 10 was directed to use 4 halite to move east, but only 2 halite was available
At command 4 of 8:
    2   m 5 o
    3   m 7 o
>>> 4   m 10 e
    5   m 17 o
    6   m 18 o


Turn 136
================================================================
warning: entity 23 was directed to use 3 halite to move east, but only 2 halite was available
At command 9 of 9:
    7   m 18 o
    8   m 22 o
>>> 9   m 23 e


Turn 142
================================================================
warning: entity 1 was directed to use 1 halite to move south, but only 0 halite was available
At command 1 of 10:
>>> 1   m 1 s
    2   m 5 o
    3   m 7 o


Turn 145
================================================================
warning: entity 1 was directed to use 4 halite to move west, but only 1 halite was available
At command 1 of 9:
>>> 1   m 1 w
    2   m 5 o
    3   m 7 w


Turn 147
================================================================
warning: entity 18 was directed to use 1 halite to move south, but only 0 halite was available
At command 7 of 10:
    5   m 11 o
    6   m 17 w
>>> 7   m 18 s
    8   m 22 n
    9   m 23 o


Turn 150
================================================================
warning: entity 18 was directed to use 3 halite to move north, but only 1 halite was available
At command 7 of 10:
    5   m 11 o
    6   m 17 s
>>> 7   m 18 n
    8   m 22 o
    9   m 23 o


Turn 154
================================================================
warning: entity 10 was directed to use 3 halite to move south, but only 0 halite was available
At command 3 of 9:
    1   m 1 o
    2   m 7 n
>>> 3   m 10 s
    4   m 11 o
    5   m 17 w


Turn 155
================================================================
warning: entity 7 was directed to use 1 halite to move north, but only 0 halite was available
At command 3 of 9:
    1   m 1 o
    2   m 5 s
>>> 3   m 7 n
    4   m 10 s
    5   m 11 o


Turn 158
================================================================
warning: entity 17 was directed to use 2 halite to move east, but only 0 halite was available
At command 6 of 11:
    4   m 10 o
    5   m 11 o
>>> 6   m 17 e
    7   m 18 w
    8   m 22 e


Turn 159
================================================================
warning: entity 5 was directed to use 2 halite to move south, but only 0 halite was available
At command 2 of 12:
    1   m 1 n
>>> 2   m 5 s
    3   m 7 e
    4   m 10 o

warning: entity 7 was directed to use 2 halite to move east, but only 0 halite was available
At command 3 of 12:
    1   m 1 n
    2   m 5 s
>>> 3   m 7 e
    4   m 10 o
    5   m 11 o


Turn 161
================================================================
warning: entity 28 was directed to use 3 halite to move south, but only 0 halite was available
At command 11 of 12:
    9   m 23 o
    10   m 24 s
>>> 11   m 28 s
    12   m 29 n


Turn 163
================================================================
warning: entity 5 was directed to use 3 halite to move south, but only 1 halite was available
At command 2 of 12:
    1   m 1 n
>>> 2   m 5 s
    3   m 7 o
    4   m 10 s

warning: entity 29 was directed to use 4 halite to move south, but only 0 halite was available
At command 12 of 12:
    10   m 24 n
    11   m 28 s
>>> 12   m 29 s


Turn 164
================================================================
warning: entity 28 was directed to use 4 halite to move south, but only 3 halite was available
At command 9 of 10:
    7   m 23 w
    8   m 24 s
>>> 9   m 28 s
    10   m 29 s


Turn 168
================================================================
warning: entity 1 was directed to use 3 halite to move west, but only 0 halite was available
At command 1 of 12:
>>> 1   m 1 w
    2   m 5 o
    3   m 7 o


Turn 170
================================================================
warning: entity 24 was directed to use 2 halite to move north, but only 0 halite was available
At command 10 of 13:
    8   m 22 o
    9   m 23 s
>>> 10   m 24 n
    11   m 28 o
    12   m 29 s


Turn 173
================================================================
warning: entity 24 was directed to use 2 halite to move north, but only 1 halite was available
At command 9 of 12:
    7   m 22 w
    8   m 23 s
>>> 9   m 24 n
    10   m 28 e
    11   m 29 e


Turn 177
================================================================
warning: entity 23 was directed to use 4 halite to move west, but only 0 halite was available
At command 9 of 14:
    7   m 18 e
    8   m 22 w
>>> 9   m 23 w
    10   m 24 n
    11   m 28 o


Turn 178
================================================================
warning: entity 33 was directed to use 2 halite to move east, but only 0 halite was available
At command 14 of 14:
    12   m 29 e
    13   m 32 n
>>> 14   m 33 e


Turn 180
================================================================
warning: entity 32 was directed to use 1 halite to move north, but only 0 halite was available
At command 13 of 14:
    11   m 28 e
    12   m 29 o
>>> 13   m 32 n
    14   m 33 e


Turn 181
================================================================
warning: entity 22 was directed to use 3 halite to move north, but only 0 halite was available
At command 8 of 14:
    6   m 17 o
    7   m 18 n
>>> 8   m 22 n
    9   m 23 o
    10   m 24 s

warning: entity 33 was directed to use 4 halite to move east, but only 1 halite was available
At command 14 of 14:
    12   m 29 o
    13   m 32 n
>>> 14   m 33 e


Turn 184
================================================================
warning: entity 22 was directed to use 4 halite to move north, but only 3 halite was available
At command 8 of 14:
    6   m 17 s
    7   m 18 s
>>> 8   m 22 n
    9   m 23 o
    10   m 24 e


Turn 188
================================================================
warning: entity 7 was directed to use 2 halite to move east, but only 0 halite was available
At command 3 of 15:
    1   m 1 o
    2   m 5 n
>>> 3   m 7 e
    4   m 10 n
    5   m 11 w


Turn 190
================================================================
warning: entity 17 was directed to use 4 halite to move north, but only 0 halite was available
At command 6 of 13:
    4   m 10 n
    5   m 11 e
>>> 6   m 17 n
    7   m 18 n
    8   m 22 e

warning: entity 22 was directed to use 4 halite to move east, but only 1 halite was available
At command 8 of 13:
    6   m 17 n
    7   m 18 n
>>> 8   m 22 e
    9   m 24 o
    10   m 28 o


Turn 192
================================================================
warning: entity 36 was directed to use 3 halite to move south, but only 0 halite was available
At command 13 of 14:
    11   m 29 o
    12   m 33 o
>>> 13   m 36 s
    14   m 37 s


Turn 194
================================================================
warning: entity 37 was directed to use 2 halite to move south, but only 0 halite was available
At command 16 of 16:
    14   m 33 w
    15   m 36 s
>>> 16   m 37 s


Turn 197
================================================================
warning: entity 17 was directed to use 1 halite to move north, but only 0 halite was available
At command 6 of 16:
    4   m 10 o
    5   m 11 n
>>> 6   m 17 n
    7   m 18 o
    8   m 22 o


Turn 198
================================================================
warning: entity 5 was directed to use 4 halite to move south, but only 0 halite was available
At command 2 of 14:
    1   m 1 n
>>> 2   m 5 s
    3   m 7 o
    4   m 10 w

warning: entity 37 was directed to use 3 halite to move south, but only 1 halite was available
At command 14 of 14:
    12   m 33 s
    13   m 36 o
>>> 14   m 37 s


Turn 200
================================================================
warning: entity 18 was directed to use 1 halite to move south, but only 0 halite was available
At command 6 of 15:
    4   m 11 s
    5   m 17 s
>>> 6   m 18 s
    7   m 22 o
    8   m 23 n


Turn 201
================================================================
warning: entity 11 was directed to use 1 halite to move south, but only 0 halite was available
At command 5 of 16:
    3   m 7 e
    4   m 10 o
>>> 5   m 11 s
    6   m 17 e
    7   m 18 s


Turn 204
================================================================
warning: entity 11 was directed to use 3 halite to move east, but only 1 halite was available
At command 5 of 15:
    3   m 7 o
    4   m 10 o
>>> 5   m 11 e
    6   m 17 o
    7   m 18 s


Turn 205
================================================================
warning: entity 1 was directed to use 1 halite to move west, but only 0 halite was available
At command 1 of 17:
>>> 1   m 1 w
    2   m 5 o
    3   m 7 o

warning: entity 18 was directed to use 3 halite to move south, but only 0 halite was available
At command 7 of 17:
    5   m 11 e
    6   m 17 o
>>> 7   m 18 s
    8   m 22 w
    9   m 23 s


Turn 208
================================================================
warning: entity 1 was directed to use 4 halite to move west, but only 2 halite was available
At command 1 of 17:
>>> 1   m 1 w
    2   m 5 s
    3   m 7 w

warning: entity 32 was directed to use 1 halite to move south, but only 0 halite was available
At command 12 of 17:
    10   m 28 n
    11   m 29 w
>>> 12   m 32 s
    13   m 33 o
    14   m 36 o


Turn 209
================================================================
warning: entity 18 was directed to use 3 halite to move south, but only 1 halite was available
At command 7 of 19:
    5   m 11 o
    6   m 17 o
>>> 7   m 18 s
    8   m 22 w
    9   m 23 s


Turn 211
================================================================
warning: entity 32 was directed to use 4 halite to move south, but only 3 halite was available
At command 13 of 20:
    11   m 28 w
    12   m 29 w
>>> 13   m 32 s
    14   m 33 o
    15   m 36 o


Turn 212
================================================================
warning: entity 10 was directed to use 2 halite to move south, but only 0 halite was available
At command 3 of 19:
    1   m 1 o
    2   m 5 o
>>> 3   m 10 s
    4   m 11 o
    5   m 17 o


Turn 214
================================================================
warning: entity 44 was directed to use 1 halite to move north, but only 0 halite was available
At command 20 of 20:
    18   m 41 s
    19   m 43 o
>>> 20   m 44 n


Turn 215
================================================================
warning: entity 7 was directed to use 1 halite to move south, but only 0 halite was available
At command 3 of 19:
    1   m 1 o
    2   m 5 s
>>> 3   m 7 s
    4   m 10 s
    5   m 11 o


Turn 216
================================================================
warning: entity 10 was directed to use 4 halite to move south, but only 0 halite was available
At command 4 of 19:
    2   m 5 o
    3   m 7 s
>>> 4   m 10 s
    5   m 11 o
    6   m 17 o

warning: entity 40 was directed to use 4 halite to move south, but only 0 halite was available
At command 16 of 19:
    14   m 36 o
    15   m 37 o
>>> 16   m 40 s
    17   m 41 n
    18   m 43 e


Turn 218
================================================================
warning: entity 41 was directed to use 3 halite to move north, but only 0 halite was available
At command 17 of 20:
    15   m 37 o
    16   m 40 s
>>> 17   m 41 n
    18   m 43 e
    19   m 44 n

warning: entity 44 was directed to use 1 halite to move north, but only 0 halite was available
At command 19 of 20:
    17   m 41 n
    18   m 43 e
>>> 19   m 44 n
    20   g


Turn 220
================================================================
warning: entity 22 was directed to use 1 halite to move north, but only 0 halite was available
At command 8 of 20:
    6   m 17 o
    7   m 18 o
>>> 8   m 22 n
    9   m 23 s
    10   m 24 e

warning: entity 29 was directed to use 1 halite to move south, but only 0 halite was available
At command 11 of 20:
    9   m 23 s
    10   m 24 e
>>> 11   m 29 s
    12   m 32 s
    13   m 33 o


Turn 223
================================================================
warning: entity 28 was directed to use 4 halite to move south, but only 0 halite was available
At command 11 of 22:
    9   m 23 n
    10   m 24 n
>>> 11   m 28 s
    12   m 29 n
    13   m 32 e


Turn 224
================================================================
warning: entity 46 was directed to use 1 halite to move east, but only 0 halite was available
At command 21 of 22:
    19   m 43 s
    20   m 44 o
>>> 21   m 46 e
    22   m 49 n


Turn 225
================================================================
warning: entity 23 was directed to use 1 halite to move north, but only 0 halite was available
At command 8 of 21:
    6   m 18 n
    7   m 22 e
>>> 8   m 23 n
    9   m 24 w
    10   m 28 e

warning: entity 29 was directed to use 4 halite to move south, but only 0 halite was available
At command 11 of 21:
    9   m 24 w
    10   m 28 e
>>> 11   m 29 s
    12   m 32 e
    13   m 33 o

warning: entity 41 was directed to use 4 halite to move north, but only 1 halite was available
At command 17 of 21:
    15   m 37 n
    16   m 40 o
>>> 17   m 41 n
    18   m 43 s
    19   m 44 o


Turn 226
================================================================
warning: entity 22 was directed to use 1 halite to move east, but only 0 halite was available
At command 8 of 22:
    6   m 17 o
    7   m 18 s
>>> 8   m 22 e
    9   m 23 n
    10   m 24 e


Turn 227
================================================================
warning: entity 28 was directed to use 4 halite to move east, but only 1 halite was available
At command 10 of 21:
    8   m 23 n
    9   m 24 o
>>> 10   m 28 e
    11   m 29 o
    12   m 32 e


Turn 228
================================================================
warning: entity 43 was directed to use 4 halite to move north, but only 2 halite was available
At command 19 of 22:
    17   m 40 e
    18   m 41 s
>>> 19   m 43 n
    20   m 44 o
    21   m 46 n


Turn 229
================================================================
warning: entity 11 was directed to use 1 halite to move south, but only 0 halite was available
At command 5 of 22:
    3   m 7 o
    4   m 10 o
>>> 5   m 11 s
    6   m 17 s
    7   m 18 o


Turn 233
================================================================
warning: entity 11 was directed to use 3 halite to move south, but only 0 halite was available
At command 5 of 20:
    3   m 7 o
    4   m 10 o
>>> 5   m 11 s
    6   m 17 s
    7   m 18 o

warning: entity 49 was directed to use 1 halite to move north, but only 0 halite was available
At command 20 of 20:
    18   m 44 o
    19   m 46 e
>>> 20   m 49 n


Turn 235
================================================================
warning: entity 29 was directed to use 4 halite to move west, but only 0 halite was available
At command 12 of 23:
    10   m 24 n
    11   m 28 o
>>> 12   m 29 w
    13   m 32 e
    14   m 33 o


Turn 237
================================================================
warning: entity 49 was directed to use 2 halite to move north, but only 1 halite was available
At command 21 of 23:
    19   m 44 o
    20   m 46 o
>>> 21   m 49 n
    22   m 50 n
    23   g


Turn 239
================================================================
warning: entity 11 was directed to use 4 halite to move south, but only 3 halite was available
At command 5 of 22:
    3   m 7 s
    4   m 10 o
>>> 5   m 11 s
    6   m 17 w
    7   m 18 s

warning: entity 24 was directed to use 1 halite to move north, but only 0 halite was available
At command 9 of 22:
    7   m 18 s
    8   m 23 e
>>> 9   m 24 n
    10   m 28 o
    11   m 29 s


Turn 241
================================================================
warning: entity 24 was directed to use 4 halite to move north, but only 3 halite was available
At command 9 of 23:
    7   m 22 w
    8   m 23 o
>>> 9   m 24 n
    10   m 28 o
    11   m 29 o


Turn 242
================================================================
warning: entity 5 was directed to use 2 halite to move south, but only 0 halite was available
At command 2 of 24:
    1   m 1 e
>>> 2   m 5 s
    3   m 7 o
    4   m 10 o

warning: entity 49 was directed to use 4 halite to move north, but only 1 halite was available
At command 22 of 24:
    20   m 44 o
    21   m 46 o
>>> 22   m 49 n
    23   m 50 o
    24   m 51 n


Turn 246
================================================================
warning: entity 5 was directed to use 4 halite to move south, but only 3 halite was available
At command 2 of 24:
    1   m 1 e
>>> 2   m 5 s
    3   m 7 o
    4   m 10 o


Turn 248
================================================================
warning: entity 18 was directed to use 3 halite to move south, but only 0 halite was available
At command 7 of 24:
    5   m 11 s
    6   m 17 n
>>> 7   m 18 s
    8   m 22 s
    9   m 23 o

warning: entity 37 was directed to use 3 halite to move south, but only 1 halite was available
At command 16 of 24:
    14   m 33 n
    15   m 36 n
>>> 16   m 37 s
    17   m 40 e
    18   m 41 w


Turn 252
================================================================
warning: entity 5 was directed to use 4 halite to move north, but only 3 halite was available
At command 2 of 23:
    1   m 1 n
>>> 2   m 5 n
    3   m 7 s
    4   m 10 w

warning: entity 52 was directed to use 2 halite to move south, but only 0 halite was available
At command 23 of 23:
    21   m 50 n
    22   m 51 s
>>> 23   m 52 s


Turn 256
================================================================
warning: entity 52 was directed to use 1 halite to move south, but only 0 halite was available
At command 25 of 25:
    23   m 50 n
    24   m 51 n
>>> 25   m 52 s


Turn 257
================================================================
warning: entity 17 was directed to use 1 halite to move north, but only 0 halite was available
At command 6 of 26:
    4   m 10 n
    5   m 11 w
>>> 6   m 17 n
    7   m 18 o
    8   m 22 n


Turn 258
================================================================
warning: entity 43 was directed to use 3 halite to move south, but only 0 halite was available
At command 18 of 25:
    16   m 40 e
    17   m 41 e
>>> 18   m 43 s
    19   m 44 o
    20   m 46 o


Turn 259
================================================================
warning: entity 22 was directed to use 2 halite to move north, but only 0 halite was available
At command 8 of 27:
    6   m 17 s
    7   m 18 o
>>> 8   m 22 n
    9   m 23 s
    10   m 24 o

warning: entity 52 was directed to use 4 halite to move south, but only 0 halite was available
At command 25 of 27:
    23   m 50 o
    24   m 51 n
>>> 25   m 52 s
    26   m 53 n
    27   g


Turn 262
================================================================
warning: entity 1 was directed to use 1 halite to move south, but only 0 halite was available
At command 1 of 27:
>>> 1   m 1 s
    2   m 5 o
    3   m 7 e

warning: entity 22 was directed to use 3 halite to move north, but only 2 halite was available
At command 8 of 27:
    6   m 17 w
    7   m 18 o
>>> 8   m 22 n
    9   m 23 o
    10   m 24 n


Turn 263
================================================================
warning: entity 37 was directed to use 3 halite to move south, but only 2 halite was available
At command 16 of 27:
    14   m 33 s
    15   m 36 n
>>> 16   m 37 s
    17   m 40 w
    18   m 41 e


Turn 264
================================================================
warning: entity 53 was directed to use 1 halite to move north, but only 0 halite was available
At command 23 of 25:
    21   m 51 o
    22   m 52 o
>>> 23   m 53 n
    24   m 54 n
    25   g


Turn 266
================================================================
warning: entity 1 was directed to use 4 halite to move south, but only 1 halite was available
At command 1 of 26:
>>> 1   m 1 s
    2   m 5 o
    3   m 10 e

warning: entity 22 was directed to use 4 halite to move west, but only 0 halite was available
At command 7 of 26:
    5   m 17 o
    6   m 18 s
>>> 7   m 22 w
    8   m 23 w
    9   m 24 o

warning: entity 33 was directed to use 1 halite to move south, but only 0 halite was available
At command 12 of 26:
    10   m 29 o
    11   m 32 n
>>> 12   m 33 s
    13   m 36 n
    14   m 37 o


Turn 267
================================================================
warning: entity 53 was directed to use 2 halite to move north, but only 1 halite was available
At command 24 of 27:
    22   m 51 o
    23   m 52 s
>>> 24   m 53 n
    25   m 54 n
    26   m 55 n


Turn 269
================================================================
warning: entity 33 was directed to use 4 halite to move south, but only 0 halite was available
At command 13 of 28:
    11   m 29 o
    12   m 32 s
>>> 13   m 33 s
    14   m 36 w
    15   m 37 o


Turn 270
================================================================
warning: entity 22 was directed to use 4 halite to move east, but only 2 halite was available
At command 8 of 27:
    6   m 17 o
    7   m 18 o
>>> 8   m 22 e
    9   m 23 w
    10   m 24 o

warning: entity 53 was directed to use 4 halite to move north, but only 1 halite was available
At command 24 of 27:
    22   m 51 o
    23   m 52 o
>>> 24   m 53 n
    25   m 54 n
    26   m 55 s


Turn 271
================================================================
warning: entity 43 was directed to use 3 halite to move south, but only 1 halite was available
At command 18 of 28:
    16   m 40 e
    17   m 41 n
>>> 18   m 43 s
    19   m 44 o
    20   m 46 w


Turn 272
================================================================
warning: entity 32 was directed to use 1 halite to move north, but only 0 halite was available
At command 11 of 27:
    9   m 24 o
    10   m 29 w
>>> 11   m 32 n
    12   m 33 o
    13   m 36 n

warning: entity 55 was directed to use 1 halite to move east, but only 0 halite was available
At command 26 of 27:
    24   m 53 e
    25   m 54 n
>>> 26   m 55 e
    27   m 56 e


Turn 274
================================================================
warning: entity 22 was directed to use 4 halite to move north, but only 3 halite was available
At command 8 of 26:
    6   m 17 o
    7   m 18 s
>>> 8   m 22 n
    9   m 23 s
    10   m 29 e

warning: entity 56 was directed to use 4 halite to move north, but only 1 halite was available
At command 26 of 26:
    24   m 54 w
    25   m 55 n
>>> 26   m 56 n


Turn 276
================================================================
warning: entity 43 was directed to use 4 halite to move south, but only 0 halite was available
At command 18 of 28:
    16   m 40 e
    17   m 41 w
>>> 18   m 43 s
    19   m 44 s
    20   m 46 w


Turn 277
================================================================
warning: entity 55 was directed to use 4 halite to move north, but only 1 halite was available
At command 26 of 27:
    24   m 53 o
    25   m 54 n
>>> 26   m 55 n
    27   m 56 o


Turn 278
================================================================
warning: entity 32 was directed to use 3 halite to move south, but only 2 halite was available
At command 12 of 28:
    10   m 24 s
    11   m 29 n
>>> 12   m 32 s
    13   m 33 o
    14   m 36 s


Turn 281
================================================================
warning: entity 43 was directed to use 3 halite to move east, but only 0 halite was available
At command 18 of 27:
    16   m 40 o
    17   m 41 o
>>> 18   m 43 e
    19   m 46 n
    20   m 49 o

warning: entity 55 was directed to use 4 halite to move north, but only 2 halite was available
At command 26 of 27:
    24   m 53 o
    25   m 54 o
>>> 26   m 55 n
    27   m 56 o


Turn 282
================================================================
warning: entity 7 was directed to use 1 halite to move north, but only 0 halite was available
At command 3 of 26:
    1   m 1 s
    2   m 5 s
>>> 3   m 7 n
    4   m 11 o
    5   m 17 o

warning: entity 32 was directed to use 4 halite to move south, but only 0 halite was available
At command 11 of 26:
    9   m 24 n
    10   m 29 e
>>> 11   m 32 s
    12   m 33 s
    13   m 36 s


Turn 283
================================================================
warning: entity 36 was directed to use 1 halite to move south, but only 0 halite was available
At command 14 of 28:
    12   m 32 s
    13   m 33 o
>>> 14   m 36 s
    15   m 37 e
    16   m 40 s


Turn 285
================================================================
warning: entity 23 was directed to use 1 halite to move north, but only 0 halite was available
At command 8 of 27:
    6   m 18 w
    7   m 22 e
>>> 8   m 23 n
    9   m 24 o
    10   m 29 w

warning: entity 55 was directed to use 4 halite to move east, but only 2 halite was available
At command 26 of 27:
    24   m 53 n
    25   m 54 o
>>> 26   m 55 e
    27   m 56 o


Turn 286
================================================================
warning: entity 36 was directed to use 3 halite to move south, but only 1 halite was available
At command 14 of 28:
    12   m 32 s
    13   m 33 s
>>> 14   m 36 s
    15   m 37 o
    16   m 40 s


Turn 287
================================================================
warning: entity 32 was directed to use 4 halite to move south, but only 3 halite was available
At command 12 of 28:
    10   m 24 e
    11   m 29 e
>>> 12   m 32 s
    13   m 33 s
    14   m 36 s


Turn 288
================================================================
warning: entity 7 was directed to use 4 halite to move north, but only 0 halite was available
At command 2 of 26:
    1   m 1 o
>>> 2   m 7 n
    3   m 10 s
    4   m 11 e


Turn 289
================================================================
warning: entity 55 was directed to use 3 halite to move north, but only 2 halite was available
At command 27 of 28:
    25   m 53 n
    26   m 54 o
>>> 27   m 55 n
    28   m 56 o


Turn 290
================================================================
warning: entity 36 was directed to use 4 halite to move south, but only 0 halite was available
At command 14 of 27:
    12   m 32 w
    13   m 33 o
>>> 14   m 36 s
    15   m 37 s
    16   m 40 n


Turn 291
================================================================
warning: entity 10 was directed to use 4 halite to move south, but only 0 halite was available
At command 4 of 28:
    2   m 5 w
    3   m 7 o
>>> 4   m 10 s
    5   m 11 o
    6   m 17 o


Turn 292
================================================================
warning: entity 23 was directed to use 3 halite to move north, but only 0 halite was available
At command 9 of 27:
    7   m 18 o
    8   m 22 o
>>> 9   m 23 n
    10   m 24 s
    11   m 32 o


Turn 294
================================================================
warning: entity 41 was directed to use 2 halite to move south, but only 0 halite was available
At command 17 of 28:
    15   m 37 n
    16   m 40 s
>>> 17   m 41 s
    18   m 43 o
    19   m 44 n


Turn 295
================================================================
warning: entity 36 was directed to use 4 halite to move west, but only 1 halite was available
At command 14 of 28:
    12   m 32 o
    13   m 33 o
>>> 14   m 36 w
    15   m 37 e
    16   m 40 e


Turn 296
================================================================
warning: entity 23 was directed to use 4 halite to move north, but only 3 halite was available
At command 9 of 27:
    7   m 18 o
    8   m 22 o
>>> 9   m 23 n
    10   m 29 s
    11   m 32 o


Turn 300
================================================================
warning: entity 23 was directed to use 4 halite to move north, but only 2 halite was available
At command 9 of 28:
    7   m 18 o
    8   m 22 e
>>> 9   m 23 n
    10   m 24 n
    11   m 29 s


Turn 301
================================================================
warning: entity 29 was directed to use 3 halite to move east, but only 0 halite was available
At command 11 of 28:
    9   m 23 n
    10   m 24 n
>>> 11   m 29 e
    12   m 32 s
    13   m 33 o


Turn 303
================================================================
warning: entity 36 was directed to use 4 halite to move north, but only 1 halite was available
At command 14 of 27:
    12   m 32 o
    13   m 33 o
>>> 14   m 36 n
    15   m 37 o
    16   m 40 n

warning: entity 46 was directed to use 1 halite to move north, but only 0 halite was available
At command 20 of 27:
    18   m 43 o
    19   m 44 n
>>> 20   m 46 n
    21   m 50 e
    22   m 51 o


Turn 304
================================================================
warning: entity 29 was directed to use 5 halite to move south, but only 4 halite was available
At command 11 of 27:
    9   m 23 o
    10   m 24 n
>>> 11   m 29 s
    12   m 32 o
    13   m 33 o


Turn 306
================================================================
warning: entity 24 was directed to use 1 halite to move north, but only 0 halite was available
At command 10 of 28:
    8   m 22 o
    9   m 23 o
>>> 10   m 24 n
    11   m 29 s
    12   m 32 o


Turn 307
================================================================
warning: entity 36 was directed to use 4 halite to move west, but only 2 halite was available
At command 14 of 28:
    12   m 32 w
    13   m 33 o
>>> 14   m 36 w
    15   m 37 w
    16   m 40 n

warning: entity 44 was directed to use 4 halite to move north, but only 0 halite was available
At command 19 of 28:
    17   m 41 s
    18   m 43 o
>>> 19   m 44 n
    20   m 46 n
    21   m 49 n

warning: entity 46 was directed to use 3 halite to move north, but only 1 halite was available
At command 20 of 28:
    18   m 43 o
    19   m 44 n
>>> 20   m 46 n
    21   m 49 n
    22   m 50 s


Turn 308
================================================================
warning: entity 40 was directed to use 1 halite to move north, but only 0 halite was available
At command 16 of 28:
    14   m 36 w
    15   m 37 w
>>> 16   m 40 n
    17   m 41 s
    18   m 43 o


Turn 309
================================================================
warning: entity 24 was directed to use 2 halite to move north, but only 1 halite was available
At command 9 of 27:
    7   m 22 o
    8   m 23 o
>>> 9   m 24 n
    10   m 29 s
    11   m 32 o


Turn 311
================================================================
warning: entity 46 was directed to use 4 halite to move north, but only 3 halite was available
At command 18 of 26:
    16   m 41 s
    17   m 44 o
>>> 18   m 46 n
    19   m 49 n
    20   m 50 s

warning: entity 49 was directed to use 1 halite to move north, but only 0 halite was available
At command 19 of 26:
    17   m 44 o
    18   m 46 n
>>> 19   m 49 n
    20   m 50 s
    21   m 51 e


Turn 312
================================================================
warning: entity 29 was directed to use 4 halite to move south, but only 0 halite was available
At command 11 of 27:
    9   m 23 e
    10   m 24 n
>>> 11   m 29 s
    12   m 32 o
    13   m 33 w

warning: entity 36 was directed to use 4 halite to move east, but only 0 halite was available
At command 14 of 27:
    12   m 32 o
    13   m 33 w
>>> 14   m 36 e
    15   m 37 n
    16   m 40 n


Turn 313
================================================================
warning: entity 40 was directed to use 4 halite to move north, but only 0 halite was available
At command 16 of 28:
    14   m 36 o
    15   m 37 n
>>> 16   m 40 n
    17   m 41 o
    18   m 43 w


Turn 314
================================================================
warning: entity 24 was directed to use 3 halite to move north, but only 2 halite was available
At command 9 of 27:
    7   m 22 o
    8   m 23 n
>>> 9   m 24 n
    10   m 29 s
    11   m 32 o


Turn 315
================================================================
warning: entity 29 was directed to use 5 halite to move south, but only 4 halite was available
At command 11 of 28:
    9   m 23 s
    10   m 24 n
>>> 11   m 29 s
    12   m 32 o
    13   m 33 o

warning: entity 46 was directed to use 4 halite to move north, but only 3 halite was available
At command 20 of 28:
    18   m 43 w
    19   m 44 n
>>> 20   m 46 n
    21   m 49 n
    22   m 50 s

warning: entity 49 was directed to use 1 halite to move north, but only 0 halite was available
At command 21 of 28:
    19   m 44 n
    20   m 46 n
>>> 21   m 49 n
    22   m 50 s
    23   m 51 o


Turn 317
================================================================
warning: entity 40 was directed to use 3 halite to move north, but only 1 halite was available
At command 16 of 28:
    14   m 36 o
    15   m 37 n
>>> 16   m 40 n
    17   m 41 s
    18   m 43 o


Turn 318
================================================================
warning: entity 5 was directed to use 1 halite to move north, but only 0 halite was available
At command 2 of 28:
    1   m 1 o
>>> 2   m 5 n
    3   m 7 n
    4   m 10 e

warning: entity 24 was directed to use 3 halite to move north, but only 0 halite was available
At command 10 of 28:
    8   m 22 o
    9   m 23 n
>>> 10   m 24 n
    11   m 29 o
    12   m 32 o

warning: entity 41 was directed to use 4 halite to move south, but only 0 halite was available
At command 17 of 28:
    15   m 37 n
    16   m 40 n
>>> 17   m 41 s
    18   m 43 w
    19   m 44 o


Turn 319
================================================================
warning: entity 49 was directed to use 3 halite to move north, but only 2 halite was available
At command 20 of 27:
    18   m 44 n
    19   m 46 n
>>> 20   m 49 n
    21   m 50 n
    22   m 51 o


Turn 321
================================================================
warning: entity 46 was directed to use 4 halite to move north, but only 2 halite was available
At command 20 of 28:
    18   m 43 e
    19   m 44 o
>>> 20   m 46 n
    21   m 49 n
    22   m 50 n


Turn 322
================================================================
warning: entity 5 was directed to use 3 halite to move north, but only 1 halite was available
At command 2 of 26:
    1   m 1 e
>>> 2   m 5 n
    3   m 7 o
    4   m 10 e

warning: entity 11 was directed to use 2 halite to move north, but only 0 halite was available
At command 5 of 26:
    3   m 7 o
    4   m 10 e
>>> 5   m 11 n
    6   m 17 e
    7   m 18 n

warning: entity 24 was directed to use 4 halite to move north, but only 0 halite was available
At command 10 of 26:
    8   m 22 e
    9   m 23 o
>>> 10   m 24 n
    11   m 29 e
    12   m 32 o


Turn 323
================================================================
warning: entity 40 was directed to use 4 halite to move north, but only 0 halite was available
At command 16 of 28:
    14   m 36 e
    15   m 37 n
>>> 16   m 40 n
    17   m 41 e
    18   m 43 n

warning: entity 41 was directed to use 2 halite to move east, but only 1 halite was available
At command 17 of 28:
    15   m 37 n
    16   m 40 n
>>> 17   m 41 e
    18   m 43 n
    19   m 44 o

warning: entity 49 was directed to use 3 halite to move north, but only 1 halite was available
At command 21 of 28:
    19   m 44 o
    20   m 46 n
>>> 21   m 49 n
    22   m 50 n
    23   m 51 o


Turn 324
================================================================
warning: entity 36 was directed to use 3 halite to move west, but only 1 halite was available
At command 14 of 28:
    12   m 32 o
    13   m 33 o
>>> 14   m 36 w
    15   m 37 n
    16   m 40 n

warning: entity 50 was directed to use 1 halite to move north, but only 0 halite was available
At command 22 of 28:
    20   m 46 n
    21   m 49 n
>>> 22   m 50 n
    23   m 51 o
    24   m 52 e


Turn 325
================================================================
warning: entity 46 was directed to use 4 halite to move east, but only 3 halite was available
At command 20 of 28:
    18   m 43 n
    19   m 44 o
>>> 20   m 46 e
    21   m 49 n
    22   m 50 n


Turn 326
================================================================
warning: entity 5 was directed to use 2 halite to move north, but only 0 halite was available
At command 2 of 28:
    1   m 1 e
>>> 2   m 5 n
    3   m 7 n
    4   m 10 e

warning: entity 24 was directed to use 4 halite to move east, but only 2 halite was available
At command 10 of 28:
    8   m 22 o
    9   m 23 o
>>> 10   m 24 e
    11   m 29 e
    12   m 32 o

warning: entity 41 was directed to use 4 halite to move east, but only 2 halite was available
At command 17 of 28:
    15   m 37 n
    16   m 40 n
>>> 17   m 41 e
    18   m 43 n
    19   m 44 o


Turn 327
================================================================
warning: entity 36 was directed to use 4 halite to move south, but only 3 halite was available
At command 13 of 27:
    11   m 29 o
    12   m 32 o
>>> 13   m 36 s
    14   m 37 n
    15   m 40 s

warning: entity 40 was directed to use 4 halite to move south, but only 1 halite was available
At command 15 of 27:
    13   m 36 s
    14   m 37 n
>>> 15   m 40 s
    16   m 41 e
    17   m 43 n

warning: entity 49 was directed to use 3 halite to move north, but only 2 halite was available
At command 20 of 27:
    18   m 44 o
    19   m 46 n
>>> 20   m 49 n
    21   m 50 n
    22   m 51 o


Turn 328
================================================================
warning: entity 50 was directed to use 1 halite to move north, but only 0 halite was available
At command 22 of 28:
    20   m 46 w
    21   m 49 n
>>> 22   m 50 n
    23   m 51 o
    24   m 52 n


Turn 330
================================================================
warning: entity 24 was directed to use 4 halite to move west, but only 3 halite was available
At command 10 of 27:
    8   m 22 e
    9   m 23 o
>>> 10   m 24 w
    11   m 29 e
    12   m 32 w

warning: entity 37 was directed to use 1 halite to move north, but only 0 halite was available
At command 15 of 27:
    13   m 33 e
    14   m 36 o
>>> 15   m 37 n
    16   m 40 e
    17   m 41 s


Turn 331
================================================================
warning: entity 5 was directed to use 4 halite to move north, but only 1 halite was available
At command 2 of 28:
    1   m 1 e
>>> 2   m 5 n
    3   m 7 n
    4   m 10 o

warning: entity 41 was directed to use 4 halite to move east, but only 2 halite was available
At command 17 of 28:
    15   m 37 n
    16   m 40 o
>>> 17   m 41 e
    18   m 43 n
    19   m 44 e


Turn 332
================================================================
warning: entity 49 was directed to use 4 halite to move west, but only 0 halite was available
At command 21 of 28:
    19   m 44 w
    20   m 46 n
>>> 21   m 49 w
    22   m 50 n
    23   m 51 w

warning: entity 50 was directed to use 2 halite to move north, but only 1 halite was available
At command 22 of 28:
    20   m 46 n
    21   m 49 w
>>> 22   m 50 n
    23   m 51 w
    24   m 52 n


Turn 334
================================================================
warning: entity 37 was directed to use 3 halite to move north, but only 1 halite was available
At command 14 of 27:
    12   m 33 e
    13   m 36 o
>>> 14   m 37 n
    15   m 40 o
    16   m 41 o


Turn 335
================================================================
warning: entity 5 was directed to use 4 halite to move north, but only 3 halite was available
At command 2 of 27:
    1   m 1 n
>>> 2   m 5 n
    3   m 7 w
    4   m 10 o

warning: entity 11 was directed to use 3 halite to move north, but only 2 halite was available
At command 5 of 27:
    3   m 7 w
    4   m 10 o
>>> 5   m 11 n
    6   m 17 n
    7   m 22 o

warning: entity 50 was directed to use 5 halite to move north, but only 4 halite was available
At command 21 of 27:
    19   m 46 n
    20   m 49 e
>>> 21   m 50 n
    22   m 51 w
    23   m 52 n


Turn 338
================================================================
warning: entity 37 was directed to use 3 halite to move north, but only 2 halite was available
At command 14 of 27:
    12   m 33 o
    13   m 36 o
>>> 14   m 37 n
    15   m 40 o
    16   m 41 s


Turn 339
================================================================
warning: entity 11 was directed to use 3 halite to move north, but only 2 halite was available
At command 5 of 27:
    3   m 7 w
    4   m 10 o
>>> 5   m 11 n
    6   m 17 n
    7   m 22 w

warning: entity 49 was directed to use 3 halite to move east, but only 2 halite was available
At command 20 of 27:
    18   m 44 o
    19   m 46 o
>>> 20   m 49 e
    21   m 50 n
    22   m 51 w


Turn 340
================================================================
warning: entity 5 was directed to use 4 halite to move north, but only 2 halite was available
At command 2 of 27:
    1   m 1 n
>>> 2   m 5 n
    3   m 7 o
    4   m 10 o


Turn 342
================================================================
warning: entity 41 was directed to use 3 halite to move south, but only 0 halite was available
At command 16 of 27:
    14   m 37 n
    15   m 40 o
>>> 16   m 41 s
    17   m 43 n
    18   m 44 n

warning: entity 50 was directed to use 3 halite to move north, but only 1 halite was available
At command 21 of 27:
    19   m 46 n
    20   m 49 e
>>> 21   m 50 n
    22   m 51 s
    23   m 52 n


Turn 344
================================================================
warning: entity 11 was directed to use 4 halite to move north, but only 0 halite was available
At command 5 of 26:
    3   m 7 o
    4   m 10 e
>>> 5   m 11 n
    6   m 22 w
    7   m 23 e

warning: entity 43 was directed to use 1 halite to move north, but only 0 halite was available
At command 16 of 26:
    14   m 40 o
    15   m 41 n
>>> 16   m 43 n
    17   m 44 n
    18   m 46 n


Turn 345
================================================================
warning: entity 37 was directed to use 3 halite to move north, but only 0 halite was available
At command 13 of 26:
    11   m 33 n
    12   m 36 o
>>> 13   m 37 n
    14   m 40 n
    15   m 41 e

warning: entity 52 was directed to use 3 halite to move north, but only 0 halite was available
At command 22 of 26:
    20   m 50 s
    21   m 51 s
>>> 22   m 52 n
    23   m 53 e
    24   m 54 s


Turn 347
================================================================
warning: entity 5 was directed to use 4 halite to move west, but only 0 halite was available
At command 1 of 26:
>>> 1   m 5 w
    2   m 7 o
    3   m 10 e

warning: entity 41 was directed to use 4 halite to move east, but only 0 halite was available
At command 15 of 26:
    13   m 37 n
    14   m 40 e
>>> 15   m 41 e
    16   m 43 n
    17   m 44 o

warning: entity 50 was directed to use 4 halite to move north, but only 2 halite was available
At command 20 of 26:
    18   m 46 n
    19   m 49 o
>>> 20   m 50 n
    21   m 51 s
    22   m 52 n


Turn 348
================================================================
warning: entity 11 was directed to use 4 halite to move east, but only 2 halite was available
At command 4 of 27:
    2   m 7 o
    3   m 10 o
>>> 4   m 11 e
    5   m 17 w
    6   m 22 w

warning: entity 17 was directed to use 2 halite to move west, but only 0 halite was available
At command 5 of 27:
    3   m 10 o
    4   m 11 e
>>> 5   m 17 w
    6   m 22 w
    7   m 23 s

warning: entity 43 was directed to use 2 halite to move north, but only 1 halite was available
At command 16 of 27:
    14   m 40 o
    15   m 41 e
>>> 16   m 43 n
    17   m 44 o
    18   m 46 n

warning: entity 52 was directed to use 4 halite to move north, but only 3 halite was available
At command 22 of 27:
    20   m 50 n
    21   m 51 s
>>> 22   m 52 n
    23   m 53 s
    24   m 54 s


Turn 349
================================================================
warning: entity 37 was directed to use 3 halite to move north, but only 2 halite was available
At command 13 of 27:
    11   m 33 n
    12   m 36 o
>>> 13   m 37 n
    14   m 40 o
    15   m 41 e


Turn 351
================================================================
warning: entity 57 was directed to use 4 halite to move north, but only 0 halite was available
At command 26 of 26:
    24   m 55 n
    25   m 56 o
>>> 26   m 57 n


Turn 352
================================================================
warning: entity 5 was directed to use 3 halite to move east, but only 1 halite was available
At command 1 of 27:
>>> 1   m 5 e
    2   m 7 e
    3   m 10 o

warning: entity 41 was directed to use 4 halite to move south, but only 2 halite was available
At command 15 of 27:
    13   m 37 n
    14   m 40 o
>>> 15   m 41 s
    16   m 43 n
    17   m 44 n

warning: entity 43 was directed to use 2 halite to move north, but only 1 halite was available
At command 16 of 27:
    14   m 40 o
    15   m 41 s
>>> 16   m 43 n
    17   m 44 n
    18   m 46 n

warning: entity 50 was directed to use 3 halite to move east, but only 2 halite was available
At command 20 of 27:
    18   m 46 n
    19   m 49 e
>>> 20   m 50 e
    21   m 51 s
    22   m 52 o


Turn 354
================================================================
warning: entity 37 was directed to use 3 halite to move west, but only 1 halite was available
At command 13 of 27:
    11   m 33 n
    12   m 36 o
>>> 13   m 37 w
    14   m 40 o
    15   m 41 e


Turn 356
================================================================
warning: entity 5 was directed to use 1 halite to move east, but only 0 halite was available
At command 1 of 24:
>>> 1   m 5 e
    2   m 7 e
    3   m 11 e


Turn 358
================================================================
warning: entity 37 was directed to use 3 halite to move west, but only 1 halite was available
At command 12 of 26:
    10   m 33 n
    11   m 36 o
>>> 12   m 37 w
    13   m 40 o
    14   m 41 o

warning: entity 43 was directed to use 3 halite to move north, but only 1 halite was available
At command 15 of 26:
    13   m 40 o
    14   m 41 o
>>> 15   m 43 n
    16   m 44 n
    17   m 46 n

warning: entity 52 was directed to use 4 halite to move north, but only 0 halite was available
At command 21 of 26:
    19   m 50 e
    20   m 51 s
>>> 21   m 52 n
    22   m 53 s
    23   m 54 s


Turn 359
================================================================
warning: entity 5 was directed to use 4 halite to move east, but only 3 halite was available
At command 1 of 23:
>>> 1   m 5 e
    2   m 7 s
    3   m 11 e


Turn 360
================================================================
warning: entity 54 was directed to use 3 halite to move south, but only 0 halite was available
At command 23 of 26:
    21   m 52 n
    22   m 53 s
>>> 23   m 54 s
    24   m 55 n
    25   m 56 o


Turn 362
================================================================
warning: entity 52 was directed to use 4 halite to move north, but only 1 halite was available
At command 21 of 26:
    19   m 50 e
    20   m 51 n
>>> 21   m 52 n
    22   m 53 s
    23   m 54 s


Turn 364
================================================================
warning: entity 43 was directed to use 3 halite to move north, but only 0 halite was available
At command 14 of 24:
    12   m 40 o
    13   m 41 e
>>> 14   m 43 n
    15   m 44 n
    16   m 49 o

warning: entity 51 was directed to use 1 halite to move south, but only 0 halite was available
At command 18 of 24:
    16   m 49 o
    17   m 50 e
>>> 18   m 51 s
    19   m 52 n
    20   m 53 o

warning: entity 57 was directed to use 4 halite to move north, but only 0 halite was available
At command 24 of 24:
    22   m 55 n
    23   m 56 s
>>> 24   m 57 n


Turn 366
================================================================
warning: entity 54 was directed to use 4 halite to move south, but only 0 halite was available
At command 21 of 24:
    19   m 52 o
    20   m 53 w
>>> 21   m 54 s
    22   m 55 n
    23   m 56 s


Turn 368
================================================================
warning: entity 5 was directed to use 3 halite to move east, but only 1 halite was available
At command 1 of 24:
>>> 1   m 5 e
    2   m 7 s
    3   m 11 e

warning: entity 43 was directed to use 2 halite to move north, but only 1 halite was available
At command 15 of 24:
    13   m 40 e
    14   m 41 s
>>> 15   m 43 n
    16   m 44 n
    17   m 49 o

warning: entity 50 was directed to use 2 halite to move north, but only 1 halite was available
At command 18 of 24:
    16   m 44 n
    17   m 49 o
>>> 18   m 50 n
    19   m 51 n
    20   m 52 e

warning: entity 51 was directed to use 3 halite to move north, but only 2 halite was available
At command 19 of 24:
    17   m 49 o
    18   m 50 n
>>> 19   m 51 n
    20   m 52 e
    21   m 53 s


Turn 369
================================================================
warning: entity 33 was directed to use 2 halite to move north, but only 0 halite was available
At command 10 of 24:
    8   m 29 o
    9   m 32 n
>>> 10   m 33 n
    11   m 36 n
    12   m 37 e


Turn 371
================================================================
warning: entity 52 was directed to use 1 halite to move west, but only 0 halite was available
At command 18 of 22:
    16   m 49 e
    17   m 50 o
>>> 18   m 52 w
    19   m 53 o
    20   m 54 s


Turn 372
================================================================
warning: entity 5 was directed to use 1 halite to move north, but only 0 halite was available
At command 1 of 23:
>>> 1   m 5 n
    2   m 7 o
    3   m 11 o

warning: entity 22 was directed to use 1 halite to move east, but only 0 halite was available
At command 5 of 23:
    3   m 11 o
    4   m 17 w
>>> 5   m 22 e
    6   m 23 s
    7   m 24 s

warning: entity 43 was directed to use 4 halite to move east, but only 1 halite was available
At command 15 of 23:
    13   m 40 o
    14   m 41 o
>>> 15   m 43 e
    16   m 44 n
    17   m 49 e


Turn 373
================================================================
warning: entity 17 was directed to use 3 halite to move north, but only 0 halite was available
At command 4 of 21:
    2   m 7 s
    3   m 11 o
>>> 4   m 17 n
    5   m 22 e
    6   m 23 s

warning: entity 33 was directed to use 2 halite to move north, but only 1 halite was available
At command 9 of 21:
    7   m 24 s
    8   m 29 e
>>> 9   m 33 n
    10   m 36 n
    11   m 37 s


Turn 376
================================================================
warning: entity 43 was directed to use 4 halite to move east, but only 2 halite was available
At command 13 of 21:
    11   m 40 o
    12   m 41 o
>>> 13   m 43 e
    14   m 44 n
    15   m 49 e

warning: entity 53 was directed to use 2 halite to move north, but only 0 halite was available
At command 18 of 21:
    16   m 50 o
    17   m 52 o
>>> 18   m 53 n
    19   m 54 o
    20   m 56 s


Turn 377
================================================================
warning: entity 17 was directed to use 3 halite to move north, but only 1 halite was available
At command 4 of 22:
    2   m 7 s
    3   m 11 o
>>> 4   m 17 n
    5   m 22 o
    6   m 23 n


Turn 379
================================================================
warning: entity 33 was directed to use 2 halite to move north, but only 1 halite was available
At command 9 of 22:
    7   m 24 s
    8   m 29 w
>>> 9   m 33 n
    10   m 36 n
    11   m 37 s


Turn 380
================================================================
warning: entity 23 was directed to use 2 halite to move north, but only 0 halite was available
At command 6 of 20:
    4   m 17 n
    5   m 22 o
>>> 6   m 23 n
    7   m 24 s
    8   m 29 w

warning: entity 53 was directed to use 3 halite to move north, but only 0 halite was available
At command 17 of 20:
    15   m 50 o
    16   m 52 o
>>> 17   m 53 n
    18   m 54 s
    19   m 56 s


Turn 381
================================================================
warning: entity 17 was directed to use 3 halite to move north, but only 2 halite was available
At command 3 of 20:
    1   m 5 o
    2   m 11 o
>>> 3   m 17 n
    4   m 22 o
    5   m 23 n

warning: entity 43 was directed to use 3 halite to move east, but only 2 halite was available
At command 12 of 20:
    10   m 37 s
    11   m 40 e
>>> 12   m 43 e
    13   m 44 n
    14   m 49 w


Turn 384
================================================================
warning: entity 23 was directed to use 3 halite to move north, but only 0 halite was available
At command 6 of 20:
    4   m 17 n
    5   m 22 o
>>> 6   m 23 n
    7   m 24 s
    8   m 29 w

warning: entity 33 was directed to use 2 halite to move north, but only 0 halite was available
At command 9 of 20:
    7   m 24 s
    8   m 29 w
>>> 9   m 33 n
    10   m 36 n
    11   m 37 s

warning: entity 53 was directed to use 4 halite to move north, but only 2 halite was available
At command 18 of 20:
    16   m 50 o
    17   m 52 o
>>> 18   m 53 n
    19   m 54 s
    20   m 57 e


Turn 385
================================================================
warning: entity 17 was directed to use 4 halite to move north, but only 3 halite was available
At command 4 of 20:
    2   m 7 s
    3   m 11 o
>>> 4   m 17 n
    5   m 23 n
    6   m 24 s

warning: entity 43 was directed to use 4 halite to move south, but only 0 halite was available
At command 12 of 20:
    10   m 37 s
    11   m 40 o
>>> 12   m 43 s
    13   m 44 n
    14   m 49 w


Turn 386
================================================================
warning: entity 7 was directed to use 4 halite to move south, but only 0 halite was available
At command 2 of 21:
    1   m 5 o
>>> 2   m 7 s
    3   m 11 e
    4   m 17 n


Turn 388
================================================================
warning: entity 33 was directed to use 3 halite to move north, but only 2 halite was available
At command 9 of 21:
    7   m 24 e
    8   m 29 w
>>> 9   m 33 n
    10   m 36 n
    11   m 37 s

warning: entity 56 was directed to use 1 halite to move north, but only 0 halite was available
At command 20 of 21:
    18   m 53 n
    19   m 54 o
>>> 20   m 56 n
    21   m 57 e


Turn 389
================================================================
warning: entity 23 was directed to use 4 halite to move north, but only 0 halite was available
At command 5 of 20:
    3   m 11 o
    4   m 17 n
>>> 5   m 23 n
    6   m 24 w
    7   m 29 w


Turn 390
================================================================
warning: entity 17 was directed to use 3 halite to move north, but only 1 halite was available
At command 4 of 21:
    2   m 7 s
    3   m 11 o
>>> 4   m 17 n
    5   m 22 s
    6   m 23 n

warning: entity 53 was directed to use 4 halite to move north, but only 0 halite was available
At command 18 of 21:
    16   m 50 n
    17   m 52 o
>>> 18   m 53 n
    19   m 54 o
    20   m 56 s


Turn 392
================================================================
warning: entity 56 was directed to use 3 halite to move north, but only 0 halite was available
At command 19 of 20:
    17   m 53 n
    18   m 54 o
>>> 19   m 56 n
    20   m 57 e


Turn 393
================================================================
warning: entity 7 was directed to use 4 halite to move south, but only 1 halite was available
At command 2 of 21:
    1   m 5 o
>>> 2   m 7 s
    3   m 11 o
    4   m 17 n


Turn 394
================================================================
warning: entity 22 was directed to use 3 halite to move south, but only 0 halite was available
At command 5 of 21:
    3   m 11 e
    4   m 17 n
>>> 5   m 22 s
    6   m 23 n
    7   m 24 n

warning: entity 23 was directed to use 2 halite to move north, but only 1 halite was available
At command 6 of 21:
    4   m 17 n
    5   m 22 s
>>> 6   m 23 n
    7   m 24 n
    8   m 29 w


Turn 395
================================================================
warning: entity 33 was directed to use 2 halite to move west, but only 0 halite was available
At command 9 of 21:
    7   m 24 n
    8   m 29 w
>>> 9   m 33 w
    10   m 36 n
    11   m 37 n

warning: entity 53 was directed to use 3 halite to move north, but only 2 halite was available
At command 18 of 21:
    16   m 50 o
    17   m 52 o
>>> 18   m 53 n
    19   m 54 s
    20   m 56 n


Turn 396
================================================================
warning: entity 43 was directed to use 2 halite to move west, but only 0 halite was available
At command 13 of 21:
    11   m 37 e
    12   m 40 w
>>> 13   m 43 w
    14   m 44 w
    15   m 49 w


Turn 397
================================================================
warning: entity 7 was directed to use 4 halite to move south, but only 2 halite was available
At command 2 of 21:
    1   m 5 o
>>> 2   m 7 s
    3   m 11 e
    4   m 17 e

warning: entity 36 was directed to use 1 halite to move north, but only 0 halite was available
At command 10 of 21:
    8   m 29 w
    9   m 33 s
>>> 10   m 36 n
    11   m 37 e
    12   m 40 w

warning: entity 56 was directed to use 3 halite to move north, but only 1 halite was available
At command 20 of 21:
    18   m 53 n
    19   m 54 o
>>> 20   m 56 n
    21   m 57 e


Turn 398
================================================================
warning: entity 33 was directed to use 3 halite to move east, but only 2 halite was available
At command 9 of 21:
    7   m 24 n
    8   m 29 w
>>> 9   m 33 e
    10   m 36 n
    11   m 37 w


Turn 399
================================================================
warning: entity 23 was directed to use 3 halite to move north, but only 0 halite was available
At command 6 of 21:
    4   m 17 e
    5   m 22 s
>>> 6   m 23 n
    7   m 24 n
    8   m 29 w


Turn 400
================================================================
warning: entity 17 was directed to use 2 halite to move east, but only 0 halite was available
At command 4 of 20:
    2   m 7 s
    3   m 11 w
>>> 4   m 17 e
    5   m 22 s
    6   m 23 n

warning: entity 43 was directed to use 4 halite to move west, but only 3 halite was available
At command 13 of 20:
    11   m 37 s
    12   m 40 w
>>> 13   m 43 w
    14   m 44 o
    15   m 49 w

warning: entity 53 was directed to use 4 halite to move north, but only 0 halite was available
At command 18 of 20:
    16   m 50 o
    17   m 52 o
>>> 18   m 53 n
    19   m 54 o
    20   m 56 n


Turn 401
================================================================
warning: entity 22 was directed to use 3 halite to move south, but only 0 halite was available
At command 5 of 18:
    3   m 11 w
    4   m 17 e
>>> 5   m 22 s
    6   m 23 n
    7   m 24 n

warning: entity 36 was directed to use 1 halite to move north, but only 0 halite was available
At command 10 of 18:
    8   m 29 n
    9   m 33 w
>>> 10   m 36 n
    11   m 40 w
    12   m 43 w


Turn 402
================================================================
warning: entity 7 was directed to use 4 halite to move south, but only 1 halite was available
At command 2 of 19:
    1   m 5 n
>>> 2   m 7 s
    3   m 11 w
    4   m 17 e

warning: entity 56 was directed to use 2 halite to move north, but only 1 halite was available
At command 19 of 19:
    17   m 53 n
    18   m 54 s
>>> 19   m 56 n


Turn 403
================================================================
warning: entity 23 was directed to use 3 halite to move north, but only 0 halite was available
At command 6 of 19:
    4   m 17 e
    5   m 22 s
>>> 6   m 23 n
    7   m 24 n
    8   m 29 n

warning: entity 24 was directed to use 3 halite to move north, but only 0 halite was available
At command 7 of 19:
    5   m 22 s
    6   m 23 n
>>> 7   m 24 n
    8   m 29 n
    9   m 33 w


Turn 404
================================================================
warning: entity 22 was directed to use 4 halite to move south, but only 3 halite was available
At command 5 of 19:
    3   m 11 w
    4   m 17 w
>>> 5   m 22 s
    6   m 23 n
    7   m 24 n

warning: entity 53 was directed to use 4 halite to move north, but only 3 halite was available
At command 17 of 19:
    15   m 50 o
    16   m 52 e
>>> 17   m 53 n
    18   m 54 e
    19   m 56 n


Turn 406
================================================================
warning: entity 7 was directed to use 4 halite to move south, but only 2 halite was available
At command 2 of 20:
    1   m 5 n
>>> 2   m 7 s
    3   m 11 w
    4   m 17 w

warning: entity 17 was directed to use 2 halite to move west, but only 1 halite was available
At command 4 of 20:
    2   m 7 s
    3   m 11 w
>>> 4   m 17 w
    5   m 22 s
    6   m 23 n

warning: entity 36 was directed to use 3 halite to move north, but only 1 halite was available
At command 10 of 20:
    8   m 29 n
    9   m 33 s
>>> 10   m 36 n
    11   m 40 w
    12   m 43 w


Turn 407
================================================================
warning: entity 23 was directed to use 3 halite to move north, but only 1 halite was available
At command 6 of 20:
    4   m 17 w
    5   m 22 s
>>> 6   m 23 n
    7   m 24 n
    8   m 29 n

warning: entity 33 was directed to use 2 halite to move south, but only 0 halite was available
At command 9 of 20:
    7   m 24 n
    8   m 29 n
>>> 9   m 33 s
    10   m 36 n
    11   m 40 w

warning: entity 56 was directed to use 3 halite to move north, but only 0 halite was available
At command 19 of 20:
    17   m 53 o
    18   m 54 e
>>> 19   m 56 n
    20   m 58 n


Turn 409
================================================================
warning: entity 22 was directed to use 3 halite to move south, but only 1 halite was available
At command 5 of 20:
    3   m 11 w
    4   m 17 s
>>> 5   m 22 s
    6   m 23 o
    7   m 24 n

warning: entity 43 was directed to use 2 halite to move west, but only 1 halite was available
At command 12 of 20:
    10   m 36 n
    11   m 40 w
>>> 12   m 43 w
    13   m 44 s
    14   m 49 n


Turn 410
================================================================
warning: entity 7 was directed to use 4 halite to move east, but only 3 halite was available
At command 2 of 21:
    1   m 5 n
>>> 2   m 7 e
    3   m 11 w
    4   m 17 o

warning: entity 24 was directed to use 3 halite to move north, but only 2 halite was available
At command 7 of 21:
    5   m 22 s
    6   m 23 e
>>> 7   m 24 n
    8   m 29 n
    9   m 33 s


Turn 411
================================================================
warning: entity 33 was directed to use 3 halite to move south, but only 1 halite was available
At command 9 of 21:
    7   m 24 n
    8   m 29 n
>>> 9   m 33 s
    10   m 36 n
    11   m 40 o

warning: entity 56 was directed to use 4 halite to move north, but only 2 halite was available
At command 19 of 21:
    17   m 53 e
    18   m 54 n
>>> 19   m 56 n
    20   m 58 o
    21   m 59 n


Turn 412
================================================================
warning: entity 36 was directed to use 1 halite to move north, but only 0 halite was available
At command 10 of 21:
    8   m 29 n
    9   m 33 s
>>> 10   m 36 n
    11   m 40 w
    12   m 43 w


Turn 413
================================================================
warning: entity 22 was directed to use 4 halite to move south, but only 2 halite was available
At command 5 of 21:
    3   m 11 w
    4   m 17 e
>>> 5   m 22 s
    6   m 23 s
    7   m 24 n


Turn 414
================================================================
warning: entity 59 was directed to use 2 halite to move north, but only 0 halite was available
At command 21 of 21:
    19   m 56 n
    20   m 58 o
>>> 21   m 59 n


Turn 415
================================================================
warning: entity 7 was directed to use 3 halite to move north, but only 0 halite was available
At command 2 of 21:
    1   m 5 n
>>> 2   m 7 n
    3   m 11 w
    4   m 17 s

warning: entity 24 was directed to use 4 halite to move north, but only 2 halite was available
At command 7 of 21:
    5   m 22 e
    6   m 23 s
>>> 7   m 24 n
    8   m 29 n
    9   m 33 e

warning: entity 33 was directed to use 4 halite to move east, but only 2 halite was available
At command 9 of 21:
    7   m 24 n
    8   m 29 n
>>> 9   m 33 e
    10   m 36 n
    11   m 40 e


Turn 416
================================================================
warning: entity 17 was directed to use 2 halite to move south, but only 0 halite was available
At command 4 of 21:
    2   m 7 n
    3   m 11 o
>>> 4   m 17 s
    5   m 22 e
    6   m 23 s

warning: entity 36 was directed to use 2 halite to move west, but only 0 halite was available
At command 10 of 21:
    8   m 29 n
    9   m 33 w
>>> 10   m 36 w
    11   m 40 s
    12   m 43 n

warning: entity 56 was directed to use 4 halite to move south, but only 3 halite was available
At command 19 of 21:
    17   m 53 w
    18   m 54 n
>>> 19   m 56 s
    20   m 58 o
    21   m 59 n


Turn 417
================================================================
warning: entity 22 was directed to use 5 halite to move east, but only 3 halite was available
At command 5 of 21:
    3   m 11 w
    4   m 17 s
>>> 5   m 22 e
    6   m 23 s
    7   m 24 w

warning: entity 43 was directed to use 1 halite to move west, but only 0 halite was available
At command 12 of 21:
    10   m 36 w
    11   m 40 o
>>> 12   m 43 w
    13   m 44 n
    14   m 49 n


Turn 418
================================================================
warning: entity 59 was directed to use 2 halite to move north, but only 1 halite was available
At command 21 of 21:
    19   m 56 w
    20   m 58 o
>>> 21   m 59 n


Turn 419
================================================================
warning: entity 7 was directed to use 3 halite to move north, but only 1 halite was available
At command 2 of 21:
    1   m 5 w
>>> 2   m 7 n
    3   m 11 w
    4   m 17 e

warning: entity 36 was directed to use 3 halite to move north, but only 1 halite was available
At command 10 of 21:
    8   m 29 n
    9   m 33 s
>>> 10   m 36 n
    11   m 40 o
    12   m 43 s


Turn 420
================================================================
warning: entity 23 was directed to use 2 halite to move south, but only 1 halite was available
At command 6 of 20:
    4   m 17 w
    5   m 22 o
>>> 6   m 23 s
    7   m 24 s
    8   m 33 s


Turn 422
================================================================
warning: entity 59 was directed to use 2 halite to move north, but only 1 halite was available
At command 21 of 21:
    19   m 56 w
    20   m 58 s
>>> 21   m 59 n


Turn 424
================================================================
warning: entity 17 was directed to use 2 halite to move south, but only 1 halite was available
At command 4 of 21:
    2   m 7 n
    3   m 11 s
>>> 4   m 17 s
    5   m 22 n
    6   m 23 s


Turn 426
================================================================
warning: entity 7 was directed to use 4 halite to move north, but only 0 halite was available
At command 2 of 21:
    1   m 5 w
>>> 2   m 7 n
    3   m 11 s
    4   m 17 s

warning: entity 43 was directed to use 3 halite to move north, but only 1 halite was available
At command 12 of 21:
    10   m 36 s
    11   m 40 o
>>> 12   m 43 n
    13   m 44 n
    14   m 49 o

warning: entity 59 was directed to use 1 halite to move north, but only 0 halite was available
At command 21 of 21:
    19   m 56 e
    20   m 58 s
>>> 21   m 59 n

warning: owned entities 54, 49 collided on cell (16, 28) as the result of moves on this turn
At command 18 of 21:
    16   m 52 n
    17   m 53 n
>>> 18   m 54 n
    19   m 56 e
    20   m 58 s


Turn 430
================================================================
warning: entity 29 was directed to use 1 halite to move north, but only 0 halite was available
At command 8 of 19:
    6   m 23 s
    7   m 24 s
>>> 8   m 29 n
    9   m 33 s
    10   m 36 s

warning: entity 58 was directed to use 2 halite to move south, but only 0 halite was available
At command 18 of 19:
    16   m 53 e
    17   m 56 e
>>> 18   m 58 s
    19   m 59 n


Turn 431
================================================================
warning: entity 17 was directed to use 2 halite to move south, but only 1 halite was available
At command 4 of 19:
    2   m 7 n
    3   m 11 s
>>> 4   m 17 s
    5   m 22 n
    6   m 23 s

warning: entity 53 was directed to use 4 halite to move west, but only 3 halite was available
At command 16 of 19:
    14   m 50 n
    15   m 52 n
>>> 16   m 53 w
    17   m 56 n
    18   m 58 s


Turn 432
================================================================
warning: entity 23 was directed to use 1 halite to move south, but only 0 halite was available
At command 6 of 19:
    4   m 17 s
    5   m 22 n
>>> 6   m 23 s
    7   m 24 s
    8   m 29 n

warning: entity 56 was directed to use 1 halite to move south, but only 0 halite was available
At command 17 of 19:
    15   m 52 n
    16   m 53 w
>>> 17   m 56 s
    18   m 58 s
    19   m 59 s


Turn 433
================================================================
warning: entity 29 was directed to use 3 halite to move north, but only 2 halite was available
At command 8 of 19:
    6   m 23 s
    7   m 24 o
>>> 8   m 29 n
    9   m 33 s
    10   m 36 s


Turn 436
================================================================
warning: entity 58 was directed to use 3 halite to move south, but only 1 halite was available
At command 17 of 18:
    15   m 53 s
    16   m 56 s
>>> 17   m 58 s
    18   m 59 e


Turn 437
================================================================
warning: entity 29 was directed to use 7 halite to move west, but only 6 halite was available
At command 7 of 18:
    5   m 23 s
    6   m 24 s
>>> 7   m 29 w
    8   m 33 s
    9   m 36 s


Turn 438
================================================================
warning: entity 56 was directed to use 3 halite to move south, but only 0 halite was available
At command 16 of 18:
    14   m 52 n
    15   m 53 s
>>> 16   m 56 s
    17   m 58 e
    18   m 59 s

warning: owned entities 22, 7 collided on cell (16, 28) as the result of moves on this turn
At command 5 of 18:
    3   m 11 s
    4   m 17 s
>>> 5   m 22 n
    6   m 23 s
    7   m 29 w


Turn 439
================================================================
warning: entity 50 was directed to use 1 halite to move north, but only 0 halite was available
At command 12 of 17:
    10   m 43 s
    11   m 44 n
>>> 12   m 50 n
    13   m 52 n
    14   m 53 s

warning: owned entities 33, 24 collided on cell (12, 24) as the result of moves on this turn
At command 7 of 17:
    5   m 24 o
    6   m 29 w
>>> 7   m 33 s
    8   m 36 s
    9   m 40 s


Turn 440
================================================================
warning: entity 43 was directed to use 2 halite to move south, but only 1 halite was available
At command 8 of 15:
    6   m 36 s
    7   m 40 s
>>> 8   m 43 s
    9   m 44 n
    10   m 50 n

warning: entity 59 was directed to use 4 halite to move east, but only 2 halite was available
At command 15 of 15:
    13   m 56 s
    14   m 58 e
>>> 15   m 59 e

warning: owned entities 5, 52 collided on cell (16, 28) as the result of moves on this turn
At command 1 of 15:
>>> 1   m 5 s
    2   m 11 s
    3   m 17 s

Other commands that placed an entity on this cell:
    9   m 44 n
    10   m 50 n
>>> 11   m 52 n
    12   m 53 s
    13   m 56 s


Turn 441
================================================================
warning: entity 23 was directed to use 1 halite to move south, but only 0 halite was available
At command 3 of 13:
    1   m 11 s
    2   m 17 s
>>> 3   m 23 s
    4   m 29 w
    5   m 36 s


Turn 443
================================================================
warning: owned entities 50, 44 collided on cell (16, 28) as the result of moves on this turn
At command 7 of 11:
    5   m 40 s
    6   m 43 s
>>> 7   m 50 s
    8   m 53 o
    9   m 56 s


Turn 446
================================================================
warning: entity 23 was directed to use 4 halite to move east, but only 1 halite was available
At command 3 of 10:
    1   m 11 s
    2   m 17 s
>>> 3   m 23 e
    4   m 29 s
    5   m 36 s


Turn 448
================================================================
warning: entity 17 was directed to use 1 halite to move north, but only 0 halite was available
At command 2 of 11:
    1   m 11 s
>>> 2   m 17 n
    3   m 23 e
    4   m 29 s


Turn 449
================================================================
warning: owned entities 36, 11 collided on cell (12, 24) as the result of moves on this turn
At command 4 of 9:
    2   m 23 n
    3   m 29 s
>>> 4   m 36 n
    5   m 40 s
    6   m 43 s


Turn 450
================================================================
warning: entity 40 was directed to use 1 halite to move south, but only 0 halite was available
At command 4 of 9:
    2   m 23 n
    3   m 29 s
>>> 4   m 40 s
    5   m 43 s
    6   m 53 s

