
Turn 3
================================================================
warning: entity 0 was directed to use 44 halite to move south, but only 0 halite was available
At command 1 of 1:
>>> 1   m 0 s


Turn 6
================================================================
warning: entity 0 was directed to use 59 halite to move south, but only 12 halite was available
At command 2 of 2:
    1   g
>>> 2   m 0 s


Turn 8
================================================================
warning: entity 2 was directed to use 49 halite to move south, but only 0 halite was available
At command 2 of 2:
    1   m 0 o
>>> 2   m 2 s


Turn 13
================================================================
warning: entity 4 was directed to use 37 halite to move south, but only 0 halite was available
At command 3 of 3:
    1   m 0 o
    2   m 2 o
>>> 3   m 4 s


Turn 16
================================================================
warning: entity 4 was directed to use 32 halite to move west, but only 26 halite was available
At command 4 of 4:
    2   m 0 o
    3   m 2 o
>>> 4   m 4 w


Turn 18
================================================================
warning: entity 6 was directed to use 33 halite to move south, but only 0 halite was available
At command 4 of 4:
    2   m 2 o
    3   m 4 e
>>> 4   m 6 s


Turn 20
================================================================
warning: entity 4 was directed to use 40 halite to move east, but only 20 halite was available
At command 3 of 4:
    1   m 0 o
    2   m 2 o
>>> 3   m 4 e
    4   m 6 o


Turn 25
================================================================
warning: entity 4 was directed to use 30 halite to move south, but only 13 halite was available
At command 3 of 4:
    1   m 0 e
    2   m 2 o
>>> 3   m 4 s
    4   m 6 o


Turn 36
================================================================
warning: entity 6 was directed to use 27 halite to move east, but only 0 halite was available
At command 4 of 4:
    2   m 2 n
    3   m 4 o
>>> 4   m 6 e


Turn 39
================================================================
warning: entity 0 was directed to use 43 halite to move south, but only 0 halite was available
At command 1 of 4:
>>> 1   m 0 s
    2   m 2 n
    3   m 4 o

warning: entity 6 was directed to use 24 halite to move south, but only 14 halite was available
At command 4 of 4:
    2   m 2 n
    3   m 4 o
>>> 4   m 6 s


Turn 42
================================================================
warning: entity 0 was directed to use 35 halite to move south, but only 31 halite was available
At command 1 of 4:
>>> 1   m 0 s
    2   m 2 s
    3   m 4 n

warning: entity 2 was directed to use 20 halite to move south, but only 0 halite was available
At command 2 of 4:
    1   m 0 s
>>> 2   m 2 s
    3   m 4 n
    4   m 6 o


Turn 46
================================================================
warning: entity 4 was directed to use 32 halite to move west, but only 0 halite was available
At command 3 of 4:
    1   m 0 o
    2   m 2 s
>>> 3   m 4 w
    4   m 6 o


Turn 47
================================================================
warning: entity 2 was directed to use 47 halite to move south, but only 13 halite was available
At command 2 of 4:
    1   m 0 o
>>> 2   m 2 s
    3   m 4 w
    4   m 6 o


Turn 50
================================================================
error: entity 4 received 2 commands on this turn, but only one is permitted
At command 5 of 5:
    3   m 4 o
    4   m 6 o
>>> 5   m 4 e

The other commands issued to this entity:
    1   m 0 o
    2   m 2 o
>>> 3   m 4 o
    4   m 6 o
    5   m 4 e

