
Turn 14
================================================================
warning: entity 2 was directed to use 3 halite to move east, but only 0 halite was available
At command 2 of 4:
    1   m 0 o
>>> 2   m 2 e
    3   m 4 o
    4   g


Turn 16
================================================================
warning: entity 6 was directed to use 4 halite to move north, but only 0 halite was available
At command 4 of 4:
    2   m 2 o
    3   m 4 n
>>> 4   m 6 n


Turn 19
================================================================
warning: entity 6 was directed to use 4 halite to move west, but only 0 halite was available
At command 4 of 4:
    2   m 2 o
    3   m 4 o
>>> 4   m 6 w


Turn 38
================================================================
warning: entity 6 was directed to use 2 halite to move south, but only 0 halite was available
At command 4 of 4:
    2   m 2 o
    3   m 4 o
>>> 4   m 6 s


Turn 41
================================================================
warning: entity 6 was directed to use 3 halite to move east, but only 1 halite was available
At command 4 of 4:
    2   m 2 o
    3   m 4 e
>>> 4   m 6 e


Turn 45
================================================================
warning: entity 6 was directed to use 4 halite to move west, but only 1 halite was available
At command 3 of 3:
    1   m 0 o
    2   m 2 n
>>> 3   m 6 w


Turn 52
================================================================
warning: entity 2 was directed to use 3 halite to move north, but only 0 halite was available
At command 2 of 5:
    1   m 0 n
>>> 2   m 2 n
    3   m 4 s
    4   m 6 o


Turn 54
================================================================
warning: entity 9 was directed to use 3 halite to move south, but only 0 halite was available
At command 5 of 5:
    3   m 4 w
    4   m 6 e
>>> 5   m 9 s


Turn 58
================================================================
warning: entity 0 was directed to use 2 halite to move west, but only 0 halite was available
At command 1 of 6:
>>> 1   m 0 w
    2   m 2 o
    3   m 4 w


Turn 61
================================================================
warning: entity 11 was directed to use 1 halite to move west, but only 0 halite was available
At command 6 of 6:
    4   m 6 o
    5   m 9 o
>>> 6   m 11 w


Turn 65
================================================================
warning: entity 4 was directed to use 1 halite to move west, but only 0 halite was available
At command 3 of 7:
    1   m 0 o
    2   m 2 o
>>> 3   m 4 w
    4   m 6 o
    5   m 9 s


Turn 78
================================================================
warning: entity 6 was directed to use 4 halite to move south, but only 0 halite was available
At command 4 of 8:
    2   m 2 o
    3   m 4 o
>>> 4   m 6 s
    5   m 9 e
    6   m 11 s


Turn 81
================================================================
warning: entity 14 was directed to use 3 halite to move south, but only 0 halite was available
At command 7 of 7:
    5   m 11 o
    6   m 13 w
>>> 7   m 14 s


Turn 87
================================================================
warning: entity 17 was directed to use 2 halite to move south, but only 0 halite was available
At command 8 of 8:
    6   m 13 o
    7   m 14 o
>>> 8   m 17 s


Turn 93
================================================================
warning: entity 0 was directed to use 4 halite to move south, but only 0 halite was available
At command 1 of 9:
>>> 1   m 0 s
    2   m 2 o
    3   m 4 o


Turn 95
================================================================
warning: entity 18 was directed to use 3 halite to move south, but only 0 halite was available
At command 9 of 9:
    7   m 14 s
    8   m 17 w
>>> 9   m 18 s


Turn 98
================================================================
warning: entity 13 was directed to use 1 halite to move south, but only 0 halite was available
At command 7 of 10:
    5   m 9 o
    6   m 11 n
>>> 7   m 13 s
    8   m 14 o
    9   m 17 e


Turn 99
================================================================
warning: entity 18 was directed to use 5 halite to move east, but only 0 halite was available
At command 9 of 9:
    7   m 14 o
    8   m 17 o
>>> 9   m 18 e


Turn 101
================================================================
warning: entity 6 was directed to use 2 halite to move north, but only 0 halite was available
At command 4 of 10:
    2   m 2 w
    3   m 4 o
>>> 4   m 6 n
    5   m 9 o
    6   m 11 w

warning: entity 13 was directed to use 4 halite to move west, but only 1 halite was available
At command 7 of 10:
    5   m 9 o
    6   m 11 w
>>> 7   m 13 w
    8   m 14 o
    9   m 17 o


Turn 103
================================================================
warning: entity 18 was directed to use 4 halite to move south, but only 3 halite was available
At command 10 of 10:
    8   m 14 o
    9   m 17 o
>>> 10   m 18 s


Turn 104
================================================================
warning: entity 6 was directed to use 4 halite to move east, but only 1 halite was available
At command 4 of 10:
    2   m 2 w
    3   m 4 o
>>> 4   m 6 e
    5   m 9 s
    6   m 11 n


Turn 106
================================================================
warning: entity 2 was directed to use 2 halite to move west, but only 0 halite was available
At command 2 of 10:
    1   m 0 e
>>> 2   m 2 w
    3   m 4 o
    4   m 6 o

warning: entity 13 was directed to use 3 halite to move north, but only 1 halite was available
At command 7 of 10:
    5   m 9 o
    6   m 11 s
>>> 7   m 13 n
    8   m 14 o
    9   m 17 w


Turn 107
================================================================
warning: entity 11 was directed to use 1 halite to move south, but only 0 halite was available
At command 5 of 10:
    3   m 6 o
    4   m 9 o
>>> 5   m 11 s
    6   m 13 s
    7   m 14 o


Turn 110
================================================================
warning: entity 11 was directed to use 2 halite to move south, but only 0 halite was available
At command 6 of 12:
    4   m 6 e
    5   m 9 o
>>> 6   m 11 s
    7   m 13 o
    8   m 14 o


Turn 111
================================================================
warning: entity 21 was directed to use 2 halite to move south, but only 0 halite was available
At command 10 of 12:
    8   m 14 o
    9   m 18 o
>>> 10   m 21 s
    11   m 22 w
    12   g


Turn 114
================================================================
warning: entity 21 was directed to use 3 halite to move south, but only 1 halite was available
At command 11 of 13:
    9   m 17 n
    10   m 18 o
>>> 11   m 21 s
    12   m 22 w
    13   m 23 w


Turn 115
================================================================
warning: entity 22 was directed to use 4 halite to move south, but only 2 halite was available
At command 11 of 12:
    9   m 18 o
    10   m 21 s
>>> 11   m 22 s
    12   m 23 n


Turn 116
================================================================
warning: entity 11 was directed to use 3 halite to move west, but only 1 halite was available
At command 6 of 12:
    4   m 6 o
    5   m 9 o
>>> 6   m 11 w
    7   m 13 o
    8   m 14 w

warning: entity 23 was directed to use 4 halite to move north, but only 2 halite was available
At command 12 of 12:
    10   m 21 e
    11   m 22 s
>>> 12   m 23 n


Turn 120
================================================================
warning: entity 17 was directed to use 1 halite to move west, but only 0 halite was available
At command 8 of 12:
    6   m 13 o
    7   m 14 n
>>> 8   m 17 w
    9   m 18 o
    10   m 21 s

warning: entity 22 was directed to use 3 halite to move south, but only 1 halite was available
At command 11 of 12:
    9   m 18 o
    10   m 21 s
>>> 11   m 22 s
    12   m 23 o


Turn 122
================================================================
warning: entity 4 was directed to use 1 halite to move east, but only 0 halite was available
At command 3 of 14:
    1   m 0 o
    2   m 2 o
>>> 3   m 4 e
    4   m 6 o
    5   m 9 o


Turn 123
================================================================
warning: entity 17 was directed to use 4 halite to move south, but only 0 halite was available
At command 9 of 14:
    7   m 13 s
    8   m 14 n
>>> 9   m 17 s
    10   m 18 o
    11   m 21 o


Turn 126
================================================================
warning: entity 24 was directed to use 3 halite to move south, but only 0 halite was available
At command 14 of 14:
    12   m 22 o
    13   m 23 o
>>> 14   m 24 s


Turn 131
================================================================
warning: entity 14 was directed to use 1 halite to move north, but only 0 halite was available
At command 8 of 15:
    6   m 11 o
    7   m 13 o
>>> 8   m 14 n
    9   m 17 n
    10   m 18 w


Turn 133
================================================================
warning: entity 14 was directed to use 4 halite to move west, but only 3 halite was available
At command 7 of 13:
    5   m 11 o
    6   m 13 o
>>> 7   m 14 w
    8   m 17 o
    9   m 18 n

warning: entity 25 was directed to use 3 halite to move south, but only 0 halite was available
At command 13 of 13:
    11   m 23 n
    12   m 24 o
>>> 13   m 25 s


Turn 137
================================================================
warning: entity 9 was directed to use 3 halite to move south, but only 0 halite was available
At command 4 of 13:
    2   m 2 e
    3   m 4 s
>>> 4   m 9 s
    5   m 11 e
    6   m 13 w


Turn 138
================================================================
warning: entity 25 was directed to use 2 halite to move south, but only 1 halite was available
At command 15 of 15:
    13   m 23 e
    14   m 24 o
>>> 15   m 25 s


Turn 140
================================================================
warning: entity 23 was directed to use 4 halite to move east, but only 0 halite was available
At command 12 of 14:
    10   m 21 o
    11   m 22 e
>>> 12   m 23 e
    13   m 24 o
    14   m 25 e


Turn 141
================================================================
warning: entity 25 was directed to use 4 halite to move west, but only 2 halite was available
At command 14 of 14:
    12   m 22 e
    13   m 23 e
>>> 14   m 25 w


Turn 143
================================================================
warning: entity 2 was directed to use 3 halite to move south, but only 0 halite was available
At command 2 of 14:
    1   c 0
>>> 2   m 2 s
    3   m 4 s
    4   m 6 s


Turn 144
================================================================
warning: entity 23 was directed to use 4 halite to move south, but only 1 halite was available
At command 12 of 14:
    10   m 21 o
    11   m 22 n
>>> 12   m 23 s
    13   m 24 o
    14   m 25 s


Turn 148
================================================================
warning: entity 18 was directed to use 3 halite to move south, but only 0 halite was available
At command 9 of 13:
    7   m 14 o
    8   m 17 o
>>> 9   m 18 s
    10   m 21 o
    11   m 22 o


Turn 149
================================================================
warning: entity 11 was directed to use 1 halite to move north, but only 0 halite was available
At command 5 of 14:
    3   m 6 w
    4   m 9 o
>>> 5   m 11 n
    6   m 13 n
    7   m 14 o

warning: entity 23 was directed to use 4 halite to move east, but only 0 halite was available
At command 12 of 14:
    10   m 21 o
    11   m 22 n
>>> 12   m 23 e
    13   m 24 o
    14   m 25 o


Turn 151
================================================================
warning: entity 11 was directed to use 4 halite to move east, but only 3 halite was available
At command 5 of 13:
    3   m 6 w
    4   m 9 o
>>> 5   m 11 e
    6   m 13 n
    7   m 14 o


Turn 153
================================================================
warning: entity 23 was directed to use 4 halite to move south, but only 1 halite was available
At command 12 of 13:
    10   m 21 e
    11   m 22 n
>>> 12   m 23 s
    13   m 25 o


Turn 155
================================================================
warning: entity 22 was directed to use 3 halite to move north, but only 0 halite was available
At command 11 of 15:
    9   m 18 o
    10   m 21 o
>>> 11   m 22 n
    12   m 23 e
    13   m 24 n


Turn 156
================================================================
warning: entity 25 was directed to use 4 halite to move west, but only 1 halite was available
At command 14 of 15:
    12   m 23 o
    13   m 24 o
>>> 14   m 25 w
    15   m 26 e


Turn 158
================================================================
warning: entity 22 was directed to use 4 halite to move east, but only 3 halite was available
At command 11 of 15:
    9   m 18 o
    10   m 21 s
>>> 11   m 22 e
    12   m 23 o
    13   m 24 n


Turn 161
================================================================
warning: entity 26 was directed to use 1 halite to move south, but only 0 halite was available
At command 14 of 14:
    12   m 24 o
    13   m 25 s
>>> 14   m 26 s


Turn 164
================================================================
warning: entity 6 was directed to use 4 halite to move south, but only 0 halite was available
At command 3 of 16:
    1   m 2 o
    2   m 4 n
>>> 3   m 6 s
    4   m 9 o
    5   m 11 o


Turn 166
================================================================
warning: entity 25 was directed to use 1 halite to move east, but only 0 halite was available
At command 13 of 16:
    11   m 23 o
    12   m 24 e
>>> 13   m 25 e
    14   m 26 n
    15   m 27 s


Turn 167
================================================================
warning: entity 13 was directed to use 2 halite to move west, but only 0 halite was available
At command 6 of 17:
    4   m 9 w
    5   m 11 e
>>> 6   m 13 w
    7   m 14 s
    8   m 17 e

warning: entity 27 was directed to use 2 halite to move south, but only 0 halite was available
At command 16 of 17:
    14   m 25 o
    15   m 26 s
>>> 16   m 27 s
    17   m 28 e


Turn 169
================================================================
warning: entity 28 was directed to use 3 halite to move south, but only 0 halite was available
At command 16 of 17:
    14   m 26 w
    15   m 27 s
>>> 16   m 28 s
    17   g


Turn 170
================================================================
warning: entity 2 was directed to use 5 halite to move east, but only 0 halite was available
At command 1 of 18:
>>> 1   m 2 e
    2   m 4 s
    3   m 6 o

warning: entity 27 was directed to use 3 halite to move south, but only 1 halite was available
At command 16 of 18:
    14   m 25 o
    15   m 26 e
>>> 16   m 27 s
    17   m 28 s
    18   m 29 w


Turn 174
================================================================
warning: entity 29 was directed to use 1 halite to move west, but only 0 halite was available
At command 17 of 17:
    15   m 27 o
    16   m 28 o
>>> 17   m 29 w


Turn 175
================================================================
warning: entity 9 was directed to use 1 halite to move east, but only 0 halite was available
At command 4 of 17:
    2   m 4 s
    3   m 6 s
>>> 4   m 9 e
    5   m 11 o
    6   m 13 o


Turn 177
================================================================
warning: entity 14 was directed to use 1 halite to move south, but only 0 halite was available
At command 7 of 19:
    5   m 11 o
    6   m 13 o
>>> 7   m 14 s
    8   m 17 e
    9   m 18 w

warning: entity 18 was directed to use 4 halite to move west, but only 0 halite was available
At command 9 of 19:
    7   m 14 s
    8   m 17 e
>>> 9   m 18 w
    10   m 21 n
    11   m 22 s

warning: entity 29 was directed to use 4 halite to move south, but only 0 halite was available
At command 18 of 19:
    16   m 27 s
    17   m 28 e
>>> 18   m 29 s
    19   g


Turn 178
================================================================
warning: entity 17 was directed to use 2 halite to move east, but only 0 halite was available
At command 8 of 19:
    6   m 13 o
    7   m 14 s
>>> 8   m 17 e
    9   m 18 n
    10   m 21 w


Turn 180
================================================================
warning: entity 14 was directed to use 2 halite to move south, but only 1 halite was available
At command 5 of 18:
    3   m 9 o
    4   m 13 s
>>> 5   m 14 s
    6   m 17 s
    7   m 18 o


Turn 181
================================================================
warning: entity 17 was directed to use 3 halite to move south, but only 1 halite was available
At command 8 of 21:
    6   m 13 o
    7   m 14 s
>>> 8   m 17 s
    9   m 18 o
    10   m 21 e


Turn 183
================================================================
warning: entity 30 was directed to use 3 halite to move north, but only 0 halite was available
At command 19 of 21:
    17   m 28 o
    18   m 29 s
>>> 19   m 30 n
    20   m 31 w
    21   m 32 e


Turn 184
================================================================
warning: entity 32 was directed to use 1 halite to move south, but only 0 halite was available
At command 20 of 20:
    18   m 30 n
    19   m 31 w
>>> 20   m 32 s


Turn 185
================================================================
warning: entity 31 was directed to use 4 halite to move south, but only 0 halite was available
At command 18 of 19:
    16   m 29 s
    17   m 30 n
>>> 18   m 31 s
    19   m 32 s


Turn 186
================================================================
warning: entity 17 was directed to use 3 halite to move south, but only 0 halite was available
At command 8 of 21:
    6   m 13 o
    7   m 14 o
>>> 8   m 17 s
    9   m 18 o
    10   m 21 n


Turn 188
================================================================
warning: entity 21 was directed to use 2 halite to move north, but only 0 halite was available
At command 9 of 21:
    7   m 17 o
    8   m 18 o
>>> 9   m 21 n
    10   m 22 s
    11   m 23 o

warning: entity 32 was directed to use 1 halite to move south, but only 0 halite was available
At command 20 of 21:
    18   m 30 o
    19   m 31 s
>>> 20   m 32 s
    21   m 33 o


Turn 189
================================================================
warning: entity 31 was directed to use 4 halite to move north, but only 1 halite was available
At command 19 of 21:
    17   m 29 o
    18   m 30 o
>>> 19   m 31 n
    20   m 32 s
    21   m 33 e


Turn 191
================================================================
warning: entity 33 was directed to use 2 halite to move south, but only 0 halite was available
At command 21 of 21:
    19   m 31 w
    20   m 32 s
>>> 21   m 33 s


Turn 192
================================================================
warning: entity 21 was directed to use 3 halite to move east, but only 1 halite was available
At command 10 of 22:
    8   m 17 o
    9   m 18 s
>>> 10   m 21 e
    11   m 22 w
    12   m 23 o

warning: entity 32 was directed to use 4 halite to move east, but only 2 halite was available
At command 21 of 22:
    19   m 30 n
    20   m 31 s
>>> 21   m 32 e
    22   m 33 s


Turn 194
================================================================
warning: entity 22 was directed to use 2 halite to move south, but only 0 halite was available
At command 10 of 19:
    8   m 18 o
    9   m 21 e
>>> 10   m 22 s
    11   m 23 o
    12   m 24 w


Turn 195
================================================================
warning: entity 26 was directed to use 1 halite to move east, but only 0 halite was available
At command 13 of 20:
    11   m 24 w
    12   m 25 w
>>> 13   m 26 e
    14   m 27 w
    15   m 28 w


Turn 196
================================================================
warning: entity 21 was directed to use 1 halite to move east, but only 0 halite was available
At command 9 of 21:
    7   m 17 w
    8   m 18 o
>>> 9   m 21 e
    10   m 22 s
    11   m 23 o

warning: entity 27 was directed to use 1 halite to move west, but only 0 halite was available
At command 15 of 21:
    13   m 25 o
    14   m 26 e
>>> 15   m 27 w
    16   m 28 w
    17   m 29 o


Turn 197
================================================================
warning: entity 22 was directed to use 2 halite to move south, but only 1 halite was available
At command 10 of 22:
    8   m 18 o
    9   m 21 e
>>> 10   m 22 s
    11   m 23 n
    12   m 24 n

warning: entity 33 was directed to use 3 halite to move west, but only 2 halite was available
At command 21 of 22:
    19   m 31 e
    20   m 32 w
>>> 21   m 33 w
    22   m 34 o


Turn 198
================================================================
warning: entity 26 was directed to use 3 halite to move west, but only 1 halite was available
At command 15 of 23:
    13   m 24 s
    14   m 25 o
>>> 15   m 26 w
    16   m 27 o
    17   m 28 w


Turn 200
================================================================
warning: entity 11 was directed to use 3 halite to move west, but only 0 halite was available
At command 5 of 22:
    3   m 6 e
    4   m 9 w
>>> 5   m 11 w
    6   m 13 o
    7   m 14 o

warning: entity 34 was directed to use 3 halite to move east, but only 0 halite was available
At command 22 of 22:
    20   m 32 w
    21   m 33 w
>>> 22   m 34 e


Turn 202
================================================================
warning: entity 27 was directed to use 4 halite to move east, but only 3 halite was available
At command 15 of 22:
    13   m 25 n
    14   m 26 s
>>> 15   m 27 e
    16   m 28 o
    17   m 29 o


Turn 203
================================================================
warning: entity 6 was directed to use 1 halite to move west, but only 0 halite was available
At command 3 of 22:
    1   m 2 w
    2   m 4 o
>>> 3   m 6 w
    4   m 9 o
    5   m 11 s


Turn 204
================================================================
warning: entity 11 was directed to use 4 halite to move south, but only 0 halite was available
At command 5 of 23:
    3   m 6 w
    4   m 9 n
>>> 5   m 11 s
    6   m 13 e
    7   m 14 w

warning: entity 26 was directed to use 4 halite to move north, but only 3 halite was available
At command 15 of 23:
    13   m 24 s
    14   m 25 w
>>> 15   m 26 n
    16   m 27 w
    17   m 28 o


Turn 205
================================================================
warning: entity 24 was directed to use 3 halite to move south, but only 0 halite was available
At command 12 of 22:
    10   m 22 s
    11   m 23 w
>>> 12   m 24 s
    13   m 25 n
    14   m 26 w


Turn 207
================================================================
warning: entity 14 was directed to use 1 halite to move south, but only 0 halite was available
At command 7 of 22:
    5   m 11 e
    6   m 13 w
>>> 7   m 14 s
    8   m 17 o
    9   m 18 o


Turn 209
================================================================
warning: entity 11 was directed to use 3 halite to move east, but only 1 halite was available
At command 4 of 21:
    2   m 6 s
    3   m 9 s
>>> 4   m 11 e
    5   m 13 e
    6   m 14 o


Turn 212
================================================================
warning: entity 6 was directed to use 1 halite to move south, but only 0 halite was available
At command 3 of 23:
    1   m 2 w
    2   m 4 o
>>> 3   m 6 s
    4   m 9 o
    5   m 11 s

warning: entity 22 was directed to use 1 halite to move north, but only 0 halite was available
At command 11 of 23:
    9   m 18 s
    10   m 21 o
>>> 11   m 22 n
    12   m 23 w
    13   m 24 s


Turn 214
================================================================
warning: entity 2 was directed to use 3 halite to move south, but only 0 halite was available
At command 1 of 23:
>>> 1   m 2 s
    2   m 4 o
    3   m 6 n


Turn 216
================================================================
warning: entity 6 was directed to use 4 halite to move east, but only 0 halite was available
At command 3 of 23:
    1   m 2 e
    2   m 4 o
>>> 3   m 6 e
    4   m 9 n
    5   m 11 o

warning: entity 13 was directed to use 4 halite to move west, but only 0 halite was available
At command 6 of 23:
    4   m 9 n
    5   m 11 o
>>> 6   m 13 w
    7   m 14 o
    8   m 17 w


Turn 220
================================================================
warning: entity 2 was directed to use 1 halite to move north, but only 0 halite was available
At command 1 of 23:
>>> 1   m 2 n
    2   m 4 o
    3   m 6 o


Turn 222
================================================================
warning: entity 2 was directed to use 4 halite to move west, but only 3 halite was available
At command 1 of 21:
>>> 1   m 2 w
    2   m 4 o
    3   m 6 o

warning: entity 29 was directed to use 2 halite to move north, but only 0 halite was available
At command 16 of 21:
    14   m 27 o
    15   m 28 o
>>> 16   m 29 n
    17   m 30 s
    18   m 31 w


Turn 227
================================================================
warning: entity 9 was directed to use 3 halite to move west, but only 0 halite was available
At command 3 of 22:
    1   m 2 s
    2   m 6 o
>>> 3   m 9 w
    4   m 11 e
    5   m 13 o


Turn 229
================================================================
warning: entity 30 was directed to use 1 halite to move east, but only 0 halite was available
At command 18 of 22:
    16   m 28 n
    17   m 29 e
>>> 18   m 30 e
    19   m 31 w
    20   m 32 e


Turn 231
================================================================
warning: entity 23 was directed to use 2 halite to move east, but only 0 halite was available
At command 12 of 23:
    10   m 21 s
    11   m 22 w
>>> 12   m 23 e
    13   m 24 s
    14   m 25 o

warning: entity 29 was directed to use 2 halite to move east, but only 0 halite was available
At command 18 of 23:
    16   m 27 s
    17   m 28 w
>>> 18   m 29 e
    19   m 30 e
    20   m 31 w


Turn 232
================================================================
warning: entity 30 was directed to use 4 halite to move east, but only 0 halite was available
At command 18 of 22:
    16   m 28 o
    17   m 29 e
>>> 18   m 30 e
    19   m 31 s
    20   m 32 w


Turn 234
================================================================
warning: entity 23 was directed to use 4 halite to move east, but only 1 halite was available
At command 12 of 23:
    10   m 21 o
    11   m 22 n
>>> 12   m 23 e
    13   m 24 o
    14   m 25 e

warning: entity 31 was directed to use 4 halite to move south, but only 0 halite was available
At command 20 of 23:
    18   m 29 o
    19   m 30 s
>>> 20   m 31 s
    21   m 32 e
    22   m 33 n


Turn 237
================================================================
warning: entity 31 was directed to use 5 halite to move south, but only 4 halite was available
At command 20 of 23:
    18   m 29 o
    19   m 30 o
>>> 20   m 31 s
    21   m 32 n
    22   m 33 o


Turn 238
================================================================
warning: entity 17 was directed to use 2 halite to move east, but only 0 halite was available
At command 7 of 22:
    5   m 13 s
    6   m 14 o
>>> 7   m 17 e
    8   m 18 n
    9   m 21 w


Turn 241
================================================================
warning: entity 17 was directed to use 3 halite to move south, but only 1 halite was available
At command 8 of 21:
    6   m 13 s
    7   m 14 s
>>> 8   m 17 s
    9   m 22 s
    10   m 23 o


Turn 242
================================================================
warning: entity 22 was directed to use 1 halite to move south, but only 0 halite was available
At command 11 of 23:
    9   m 18 e
    10   m 21 w
>>> 11   m 22 s
    12   m 23 o
    13   m 24 e


Turn 244
================================================================
warning: entity 11 was directed to use 1 halite to move east, but only 0 halite was available
At command 5 of 22:
    3   m 6 o
    4   m 9 s
>>> 5   m 11 e
    6   m 13 o
    7   m 14 o

warning: entity 17 was directed to use 4 halite to move south, but only 3 halite was available
At command 8 of 22:
    6   m 13 o
    7   m 14 o
>>> 8   m 17 s
    9   m 18 e
    10   m 21 w


Turn 246
================================================================
warning: entity 11 was directed to use 4 halite to move east, but only 3 halite was available
At command 5 of 23:
    3   m 6 n
    4   m 9 s
>>> 5   m 11 e
    6   m 13 o
    7   m 14 o


Turn 247
================================================================
warning: entity 21 was directed to use 2 halite to move west, but only 0 halite was available
At command 9 of 21:
    7   m 17 s
    8   m 18 o
>>> 9   m 21 w
    10   m 22 o
    11   m 23 o


Turn 250
================================================================
warning: entity 18 was directed to use 2 halite to move east, but only 0 halite was available
At command 8 of 20:
    6   m 14 e
    7   m 17 o
>>> 8   m 18 e
    9   m 21 o
    10   m 22 o


Turn 252
================================================================
warning: entity 25 was directed to use 4 halite to move west, but only 0 halite was available
At command 14 of 23:
    12   m 23 o
    13   m 24 n
>>> 14   m 25 w
    15   m 26 s
    16   m 27 e


Turn 253
================================================================
warning: entity 18 was directed to use 3 halite to move west, but only 1 halite was available
At command 8 of 22:
    6   m 14 o
    7   m 17 o
>>> 8   m 18 w
    9   m 21 o
    10   m 22 o

warning: entity 26 was directed to use 3 halite to move south, but only 0 halite was available
At command 14 of 22:
    12   m 24 n
    13   m 25 w
>>> 14   m 26 s
    15   m 27 o
    16   m 28 n


Turn 255
================================================================
warning: entity 32 was directed to use 2 halite to move west, but only 0 halite was available
At command 20 of 22:
    18   m 30 o
    19   m 31 o
>>> 20   m 32 w
    21   m 33 w
    22   m 34 o


Turn 256
================================================================
warning: entity 26 was directed to use 3 halite to move south, but only 2 halite was available
At command 15 of 23:
    13   m 24 e
    14   m 25 s
>>> 15   m 26 s
    16   m 27 e
    17   m 28 n


Turn 257
================================================================
warning: entity 18 was directed to use 4 halite to move east, but only 2 halite was available
At command 8 of 22:
    6   m 14 o
    7   m 17 o
>>> 8   m 18 e
    9   m 21 o
    10   m 22 o


Turn 259
================================================================
warning: entity 4 was directed to use 1 halite to move west, but only 0 halite was available
At command 1 of 22:
>>> 1   m 4 w
    2   m 6 e
    3   m 9 e

warning: entity 32 was directed to use 4 halite to move south, but only 3 halite was available
At command 20 of 22:
    18   m 30 s
    19   m 31 o
>>> 20   m 32 s
    21   m 33 s
    22   m 34 s


Turn 261
================================================================
warning: entity 26 was directed to use 4 halite to move west, but only 0 halite was available
At command 14 of 22:
    12   m 23 o
    13   m 25 w
>>> 14   m 26 w
    15   m 27 n
    16   m 28 e


Turn 262
================================================================
warning: entity 4 was directed to use 4 halite to move west, but only 2 halite was available
At command 2 of 22:
    1   m 2 e
>>> 2   m 4 w
    3   m 6 o
    4   m 9 e


Turn 265
================================================================
warning: entity 24 was directed to use 2 halite to move south, but only 0 halite was available
At command 12 of 22:
    10   m 21 s
    11   m 23 o
>>> 12   m 24 s
    13   m 25 o
    14   m 26 s

warning: entity 26 was directed to use 4 halite to move south, but only 2 halite was available
At command 14 of 22:
    12   m 24 s
    13   m 25 o
>>> 14   m 26 s
    15   m 27 o
    16   m 28 e


Turn 267
================================================================
warning: entity 6 was directed to use 1 halite to move south, but only 0 halite was available
At command 3 of 23:
    1   m 2 n
    2   m 4 o
>>> 3   m 6 s
    4   m 9 n
    5   m 11 s


Turn 270
================================================================
warning: entity 24 was directed to use 5 halite to move south, but only 0 halite was available
At command 12 of 22:
    10   m 22 w
    11   m 23 o
>>> 12   m 24 s
    13   m 25 w
    14   m 26 o


Turn 272
================================================================
warning: entity 6 was directed to use 4 halite to move north, but only 2 halite was available
At command 3 of 23:
    1   m 2 n
    2   m 4 o
>>> 3   m 6 n
    4   m 9 o
    5   m 11 o


Turn 273
================================================================
warning: entity 27 was directed to use 3 halite to move south, but only 2 halite was available
At command 15 of 22:
    13   m 25 e
    14   m 26 o
>>> 15   m 27 s
    16   m 28 s
    17   m 29 w


Turn 274
================================================================
warning: entity 14 was directed to use 2 halite to move south, but only 0 halite was available
At command 7 of 21:
    5   m 11 w
    6   m 13 n
>>> 7   m 14 s
    8   m 17 w
    9   m 18 o


Turn 275
================================================================
warning: entity 28 was directed to use 1 halite to move south, but only 0 halite was available
At command 17 of 23:
    15   m 26 e
    16   m 27 s
>>> 17   m 28 s
    18   m 29 e
    19   m 30 w


Turn 276
================================================================
warning: entity 27 was directed to use 5 halite to move south, but only 4 halite was available
At command 16 of 23:
    14   m 25 o
    15   m 26 o
>>> 16   m 27 s
    17   m 28 n
    18   m 29 e


Turn 277
================================================================
warning: entity 14 was directed to use 2 halite to move south, but only 1 halite was available
At command 7 of 21:
    5   m 11 w
    6   m 13 o
>>> 7   m 14 s
    8   m 17 s
    9   m 21 o


Turn 279
================================================================
warning: entity 28 was directed to use 3 halite to move south, but only 2 halite was available
At command 17 of 23:
    15   m 26 o
    16   m 27 o
>>> 17   m 28 s
    18   m 29 e
    19   m 30 w


Turn 281
================================================================
warning: entity 14 was directed to use 3 halite to move south, but only 0 halite was available
At command 7 of 22:
    5   m 11 e
    6   m 13 o
>>> 7   m 14 s
    8   m 17 w
    9   m 18 w

warning: entity 29 was directed to use 2 halite to move east, but only 0 halite was available
At command 18 of 22:
    16   m 27 o
    17   m 28 o
>>> 18   m 29 e
    19   m 30 w
    20   m 31 o


Turn 282
================================================================
warning: entity 34 was directed to use 1 halite to move west, but only 0 halite was available
At command 23 of 23:
    21   m 32 e
    22   m 33 w
>>> 23   m 34 w


Turn 286
================================================================
warning: entity 28 was directed to use 4 halite to move east, but only 1 halite was available
At command 17 of 23:
    15   m 26 o
    16   m 27 o
>>> 17   m 28 e
    18   m 29 s
    19   m 30 e

warning: entity 29 was directed to use 4 halite to move south, but only 1 halite was available
At command 18 of 23:
    16   m 27 o
    17   m 28 e
>>> 18   m 29 s
    19   m 30 e
    20   m 31 o

warning: entity 34 was directed to use 3 halite to move south, but only 1 halite was available
At command 23 of 23:
    21   m 32 o
    22   m 33 w
>>> 23   m 34 s


Turn 287
================================================================
warning: entity 9 was directed to use 1 halite to move east, but only 0 halite was available
At command 4 of 22:
    2   m 4 s
    3   m 6 o
>>> 4   m 9 e
    5   m 11 n
    6   m 13 n


Turn 290
================================================================
warning: entity 2 was directed to use 3 halite to move south, but only 0 halite was available
At command 1 of 22:
>>> 1   m 2 s
    2   m 4 n
    3   m 6 o

warning: entity 34 was directed to use 1 halite to move south, but only 0 halite was available
At command 22 of 22:
    20   m 32 e
    21   m 33 n
>>> 22   m 34 s


Turn 291
================================================================
warning: entity 9 was directed to use 2 halite to move south, but only 1 halite was available
At command 4 of 23:
    2   m 4 s
    3   m 6 o
>>> 4   m 9 s
    5   m 11 e
    6   m 13 o

warning: entity 22 was directed to use 1 halite to move south, but only 0 halite was available
At command 11 of 23:
    9   m 18 s
    10   m 21 o
>>> 11   m 22 s
    12   m 23 e
    13   m 24 o


Turn 296
================================================================
warning: entity 11 was directed to use 1 halite to move south, but only 0 halite was available
At command 5 of 22:
    3   m 6 o
    4   m 9 o
>>> 5   m 11 s
    6   m 13 o
    7   m 14 o


Turn 299
================================================================
warning: entity 11 was directed to use 3 halite to move west, but only 1 halite was available
At command 5 of 22:
    3   m 6 w
    4   m 9 o
>>> 5   m 11 w
    6   m 13 s
    7   m 14 n


Turn 302
================================================================
warning: entity 17 was directed to use 1 halite to move west, but only 0 halite was available
At command 8 of 22:
    6   m 13 n
    7   m 14 e
>>> 8   m 17 w
    9   m 18 e
    10   m 21 s


Turn 304
================================================================
warning: entity 11 was directed to use 3 halite to move west, but only 2 halite was available
At command 5 of 23:
    3   m 6 n
    4   m 9 e
>>> 5   m 11 w
    6   m 13 n
    7   m 14 e

warning: entity 13 was directed to use 1 halite to move north, but only 0 halite was available
At command 6 of 23:
    4   m 9 e
    5   m 11 w
>>> 6   m 13 n
    7   m 14 e
    8   m 17 w


Turn 305
================================================================
warning: entity 17 was directed to use 4 halite to move west, but only 1 halite was available
At command 8 of 22:
    6   m 13 n
    7   m 14 e
>>> 8   m 17 w
    9   m 18 e
    10   m 21 n


Turn 306
================================================================
warning: entity 18 was directed to use 1 halite to move east, but only 0 halite was available
At command 9 of 23:
    7   m 14 o
    8   m 17 w
>>> 9   m 18 e
    10   m 21 o
    11   m 22 o


Turn 310
================================================================
warning: entity 18 was directed to use 4 halite to move south, but only 1 halite was available
At command 9 of 23:
    7   m 14 o
    8   m 17 s
>>> 9   m 18 s
    10   m 21 w
    11   m 22 o

warning: entity 25 was directed to use 1 halite to move east, but only 0 halite was available
At command 14 of 23:
    12   m 23 w
    13   m 24 o
>>> 14   m 25 e
    15   m 26 n
    16   m 27 w


Turn 311
================================================================
warning: entity 13 was directed to use 4 halite to move south, but only 3 halite was available
At command 5 of 22:
    3   m 6 s
    4   m 9 o
>>> 5   m 13 s
    6   m 14 w
    7   m 17 s


Turn 312
================================================================
warning: entity 17 was directed to use 1 halite to move south, but only 0 halite was available
At command 8 of 22:
    6   m 13 s
    7   m 14 n
>>> 8   m 17 s
    9   m 18 s
    10   m 21 w


Turn 313
================================================================
warning: entity 30 was directed to use 2 halite to move west, but only 0 halite was available
At command 19 of 23:
    17   m 28 o
    18   m 29 o
>>> 19   m 30 w
    20   m 31 w
    21   m 32 s


Turn 314
================================================================
warning: entity 25 was directed to use 3 halite to move south, but only 1 halite was available
At command 14 of 23:
    12   m 23 w
    13   m 24 n
>>> 14   m 25 s
    15   m 26 n
    16   m 27 w


Turn 316
================================================================
warning: entity 21 was directed to use 1 halite to move south, but only 0 halite was available
At command 10 of 23:
    8   m 17 o
    9   m 18 o
>>> 10   m 21 s
    11   m 22 o
    12   m 23 w

warning: entity 30 was directed to use 4 halite to move south, but only 2 halite was available
At command 19 of 23:
    17   m 28 n
    18   m 29 w
>>> 19   m 30 s
    20   m 31 w
    21   m 32 s


Turn 319
================================================================
warning: entity 31 was directed to use 1 halite to move north, but only 0 halite was available
At command 19 of 22:
    17   m 29 w
    18   m 30 o
>>> 19   m 31 n
    20   m 32 s
    21   m 33 o


Turn 323
================================================================
warning: entity 6 was directed to use 3 halite to move south, but only 0 halite was available
At command 3 of 20:
    1   m 2 o
    2   m 4 w
>>> 3   m 6 s
    4   m 11 n
    5   m 13 o


Turn 326
================================================================
warning: entity 26 was directed to use 4 halite to move east, but only 0 halite was available
At command 14 of 22:
    12   m 24 n
    13   m 25 o
>>> 14   m 26 e
    15   m 27 w
    16   m 28 e


Turn 327
================================================================
warning: entity 6 was directed to use 3 halite to move south, but only 1 halite was available
At command 3 of 21:
    1   m 2 o
    2   m 4 o
>>> 3   m 6 s
    4   m 11 w
    5   m 13 n


Turn 330
================================================================
warning: entity 6 was directed to use 5 halite to move east, but only 4 halite was available
At command 3 of 22:
    1   m 2 s
    2   m 4 o
>>> 3   m 6 e
    4   m 11 w
    5   m 13 o

warning: entity 11 was directed to use 2 halite to move west, but only 0 halite was available
At command 4 of 22:
    2   m 4 o
    3   m 6 e
>>> 4   m 11 w
    5   m 13 o
    6   m 14 n


Turn 331
================================================================
warning: entity 26 was directed to use 3 halite to move west, but only 2 halite was available
At command 14 of 21:
    12   m 24 n
    13   m 25 s
>>> 14   m 26 w
    15   m 27 o
    16   m 28 e


Turn 335
================================================================
warning: entity 6 was directed to use 4 halite to move north, but only 3 halite was available
At command 3 of 21:
    1   m 2 e
    2   m 4 s
>>> 3   m 6 n
    4   m 11 w
    5   m 13 n


Turn 336
================================================================
warning: entity 4 was directed to use 3 halite to move south, but only 1 halite was available
At command 2 of 20:
    1   m 2 e
>>> 2   m 4 s
    3   m 6 n
    4   m 11 s

warning: entity 23 was directed to use 1 halite to move east, but only 0 halite was available
At command 10 of 20:
    8   m 21 o
    9   m 22 w
>>> 10   m 23 e
    11   m 24 o
    12   m 26 e


Turn 338
================================================================
warning: entity 32 was directed to use 2 halite to move west, but only 0 halite was available
At command 19 of 21:
    17   m 30 o
    18   m 31 w
>>> 19   m 32 w
    20   m 33 s
    21   m 34 w


Turn 339
================================================================
warning: entity 6 was directed to use 4 halite to move south, but only 3 halite was available
At command 3 of 22:
    1   m 2 o
    2   m 4 o
>>> 3   m 6 s
    4   m 11 w
    5   m 13 n

warning: entity 26 was directed to use 2 halite to move west, but only 0 halite was available
At command 14 of 22:
    12   m 24 w
    13   m 25 o
>>> 14   m 26 w
    15   m 27 n
    16   m 28 e


Turn 340
================================================================
warning: entity 23 was directed to use 2 halite to move south, but only 1 halite was available
At command 11 of 22:
    9   m 21 s
    10   m 22 e
>>> 11   m 23 s
    12   m 24 w
    13   m 25 w


Turn 341
================================================================
warning: entity 32 was directed to use 4 halite to move west, but only 2 halite was available
At command 19 of 21:
    17   m 30 o
    18   m 31 o
>>> 19   m 32 w
    20   m 33 n
    21   m 34 w


Turn 342
================================================================
warning: entity 26 was directed to use 4 halite to move north, but only 1 halite was available
At command 14 of 22:
    12   m 24 n
    13   m 25 w
>>> 14   m 26 n
    15   m 27 o
    16   m 28 s


Turn 343
================================================================
warning: entity 13 was directed to use 1 halite to move north, but only 0 halite was available
At command 5 of 22:
    3   m 6 s
    4   m 11 e
>>> 5   m 13 n
    6   m 14 w
    7   m 17 s

warning: entity 14 was directed to use 2 halite to move west, but only 0 halite was available
At command 6 of 22:
    4   m 11 e
    5   m 13 n
>>> 6   m 14 w
    7   m 17 s
    8   m 18 w

warning: entity 24 was directed to use 1 halite to move north, but only 0 halite was available
At command 12 of 22:
    10   m 22 s
    11   m 23 s
>>> 12   m 24 n
    13   m 25 o
    14   m 26 n


Turn 344
================================================================
warning: entity 6 was directed to use 4 halite to move north, but only 1 halite was available
At command 3 of 21:
    1   m 2 n
    2   m 4 o
>>> 3   m 6 n
    4   m 11 n
    5   m 13 n

warning: entity 23 was directed to use 4 halite to move south, but only 1 halite was available
At command 11 of 21:
    9   m 21 o
    10   m 22 n
>>> 11   m 23 s
    12   m 24 n
    13   m 25 w


Turn 346
================================================================
warning: entity 13 was directed to use 4 halite to move north, but only 2 halite was available
At command 5 of 22:
    3   m 6 s
    4   m 11 o
>>> 5   m 13 n
    6   m 14 s
    7   m 17 n

warning: entity 26 was directed to use 4 halite to move west, but only 1 halite was available
At command 14 of 22:
    12   m 24 n
    13   m 25 w
>>> 14   m 26 w
    15   m 27 n
    16   m 28 w


Turn 347
================================================================
warning: entity 24 was directed to use 3 halite to move north, but only 0 halite was available
At command 11 of 21:
    9   m 22 n
    10   m 23 o
>>> 11   m 24 n
    12   m 25 w
    13   m 26 w


Turn 350
================================================================
warning: entity 17 was directed to use 2 halite to move north, but only 0 halite was available
At command 7 of 21:
    5   m 13 n
    6   m 14 o
>>> 7   m 17 n
    8   m 18 w
    9   m 21 o

warning: entity 27 was directed to use 1 halite to move north, but only 0 halite was available
At command 14 of 21:
    12   m 25 w
    13   m 26 s
>>> 14   m 27 n
    15   m 28 w
    16   m 29 n


Turn 352
================================================================
warning: entity 13 was directed to use 4 halite to move north, but only 2 halite was available
At command 5 of 22:
    3   m 6 o
    4   m 11 s
>>> 5   m 13 n
    6   m 14 o
    7   m 17 n


Turn 353
================================================================
warning: entity 24 was directed to use 5 halite to move north, but only 4 halite was available
At command 11 of 20:
    9   m 22 w
    10   m 23 o
>>> 11   m 24 n
    12   m 25 n
    13   m 26 o

warning: entity 27 was directed to use 4 halite to move north, but only 3 halite was available
At command 14 of 20:
    12   m 25 n
    13   m 26 o
>>> 14   m 27 n
    15   m 28 n
    16   m 29 w


Turn 355
================================================================
warning: entity 11 was directed to use 4 halite to move west, but only 3 halite was available
At command 4 of 22:
    2   m 4 o
    3   m 6 o
>>> 4   m 11 w
    5   m 13 o
    6   m 14 o


Turn 356
================================================================
warning: entity 17 was directed to use 3 halite to move north, but only 1 halite was available
At command 7 of 21:
    5   m 13 o
    6   m 14 s
>>> 7   m 17 n
    8   m 18 n
    9   m 21 e


Turn 358
================================================================
warning: entity 22 was directed to use 1 halite to move west, but only 0 halite was available
At command 10 of 22:
    8   m 18 n
    9   m 21 o
>>> 10   m 22 w
    11   m 23 o
    12   m 24 o

warning: entity 27 was directed to use 3 halite to move south, but only 1 halite was available
At command 15 of 22:
    13   m 25 n
    14   m 26 s
>>> 15   m 27 s
    16   m 28 w
    17   m 29 e


Turn 362
================================================================
warning: entity 2 was directed to use 1 halite to move south, but only 0 halite was available
At command 1 of 19:
>>> 1   m 2 s
    2   m 11 w
    3   m 13 n

warning: entity 22 was directed to use 4 halite to move north, but only 0 halite was available
At command 8 of 19:
    6   m 18 n
    7   m 21 e
>>> 8   m 22 n
    9   m 23 o
    10   m 24 o

warning: entity 27 was directed to use 3 halite to move north, but only 2 halite was available
At command 12 of 19:
    10   m 24 o
    11   m 26 o
>>> 12   m 27 n
    13   m 28 s
    14   m 29 n

warning: entity 28 was directed to use 2 halite to move south, but only 0 halite was available
At command 13 of 19:
    11   m 26 o
    12   m 27 n
>>> 13   m 28 s
    14   m 29 n
    15   m 30 e


Turn 363
================================================================
warning: entity 18 was directed to use 3 halite to move north, but only 0 halite was available
At command 8 of 22:
    6   m 14 o
    7   m 17 o
>>> 8   m 18 n
    9   m 21 e
    10   m 22 n


Turn 365
================================================================
warning: entity 2 was directed to use 4 halite to move south, but only 1 halite was available
At command 1 of 21:
>>> 1   m 2 s
    2   m 4 e
    3   m 6 o

warning: entity 28 was directed to use 4 halite to move south, but only 1 halite was available
At command 16 of 21:
    14   m 26 o
    15   m 27 w
>>> 16   m 28 s
    17   m 30 n
    18   m 31 w


Turn 368
================================================================
warning: entity 18 was directed to use 4 halite to move north, but only 3 halite was available
At command 8 of 21:
    6   m 14 o
    7   m 17 n
>>> 8   m 18 n
    9   m 21 e
    10   m 22 o

warning: entity 25 was directed to use 1 halite to move north, but only 0 halite was available
At command 13 of 21:
    11   m 23 o
    12   m 24 o
>>> 13   m 25 n
    14   m 26 o
    15   m 27 n

warning: entity 27 was directed to use 4 halite to move north, but only 0 halite was available
At command 15 of 21:
    13   m 25 n
    14   m 26 o
>>> 15   m 27 n
    16   m 28 s
    17   m 29 w


Turn 369
================================================================
warning: entity 2 was directed to use 4 halite to move south, but only 2 halite was available
At command 1 of 21:
>>> 1   m 2 s
    2   m 4 e
    3   m 6 e

warning: entity 28 was directed to use 4 halite to move south, but only 3 halite was available
At command 15 of 21:
    13   m 25 n
    14   m 27 n
>>> 15   m 28 s
    16   m 29 w
    17   m 30 n


Turn 371
================================================================
warning: entity 25 was directed to use 2 halite to move north, but only 1 halite was available
At command 13 of 21:
    11   m 23 o
    12   m 24 o
>>> 13   m 25 n
    14   m 26 e
    15   m 27 o


Turn 372
================================================================
warning: entity 29 was directed to use 1 halite to move north, but only 0 halite was available
At command 17 of 22:
    15   m 27 o
    16   m 28 o
>>> 17   m 29 n
    18   m 30 n
    19   m 31 s

warning: entity 33 was directed to use 2 halite to move north, but only 0 halite was available
At command 21 of 22:
    19   m 31 s
    20   m 32 e
>>> 21   m 33 n
    22   m 34 n


Turn 373
================================================================
warning: entity 18 was directed to use 4 halite to move north, but only 3 halite was available
At command 8 of 22:
    6   m 14 s
    7   m 17 w
>>> 8   m 18 n
    9   m 21 n
    10   m 22 o


Turn 374
================================================================
warning: entity 29 was directed to use 4 halite to move north, but only 3 halite was available
At command 17 of 21:
    15   m 27 n
    16   m 28 o
>>> 17   m 29 n
    18   m 31 o
    19   m 32 e


Turn 375
================================================================
warning: entity 2 was directed to use 39 halite to move west, but only 36 halite was available
At command 1 of 22:
>>> 1   m 2 w
    2   m 4 n
    3   m 6 e

warning: entity 34 was directed to use 2 halite to move north, but only 0 halite was available
At command 22 of 22:
    20   m 32 e
    21   m 33 n
>>> 22   m 34 n


Turn 377
================================================================
warning: entity 25 was directed to use 3 halite to move north, but only 2 halite was available
At command 13 of 22:
    11   m 23 w
    12   m 24 o
>>> 13   m 25 n
    14   m 26 n
    15   m 27 o

warning: entity 33 was directed to use 3 halite to move north, but only 1 halite was available
At command 21 of 22:
    19   m 31 e
    20   m 32 e
>>> 21   m 33 n
    22   m 34 n


Turn 380
================================================================
warning: entity 34 was directed to use 2 halite to move north, but only 0 halite was available
At command 22 of 22:
    20   m 32 s
    21   m 33 n
>>> 22   m 34 n


Turn 382
================================================================
warning: entity 25 was directed to use 3 halite to move north, but only 2 halite was available
At command 13 of 21:
    11   m 23 s
    12   m 24 e
>>> 13   m 25 n
    14   m 27 e
    15   m 28 n

warning: entity 30 was directed to use 1 halite to move west, but only 0 halite was available
At command 17 of 21:
    15   m 28 n
    16   m 29 o
>>> 17   m 30 w
    18   m 31 n
    19   m 32 s

warning: entity 33 was directed to use 3 halite to move north, but only 0 halite was available
At command 20 of 21:
    18   m 31 n
    19   m 32 s
>>> 20   m 33 n
    21   m 34 n


Turn 384
================================================================
warning: entity 34 was directed to use 4 halite to move north, but only 1 halite was available
At command 21 of 21:
    19   m 32 s
    20   m 33 n
>>> 21   m 34 n


Turn 386
================================================================
warning: entity 30 was directed to use 3 halite to move east, but only 2 halite was available
At command 17 of 21:
    15   m 28 n
    16   m 29 n
>>> 17   m 30 e
    18   m 31 w
    19   m 32 s


Turn 387
================================================================
warning: entity 25 was directed to use 2 halite to move east, but only 1 halite was available
At command 13 of 22:
    11   m 23 s
    12   m 24 s
>>> 13   m 25 e
    14   m 26 s
    15   m 27 s


Turn 388
================================================================
warning: entity 26 was directed to use 1 halite to move east, but only 0 halite was available
At command 14 of 21:
    12   m 24 s
    13   m 25 e
>>> 14   m 26 e
    15   m 27 s
    16   m 29 o


Turn 389
================================================================
warning: entity 34 was directed to use 4 halite to move west, but only 3 halite was available
At command 22 of 22:
    20   m 32 s
    21   m 33 e
>>> 22   m 34 w


Turn 392
================================================================
warning: entity 25 was directed to use 15 halite to move south, but only 8 halite was available
At command 13 of 22:
    11   m 23 n
    12   m 24 s
>>> 13   m 25 s
    14   m 26 s
    15   m 27 s

warning: entity 33 was directed to use 4 halite to move east, but only 0 halite was available
At command 21 of 22:
    19   m 31 n
    20   m 32 s
>>> 21   m 33 e
    22   m 34 w

warning: owned entities 2, 28, 11 collided on cell (22, 21) as the result of moves on this turn
At command 1 of 22:
>>> 1   m 2 n
    2   m 4 e
    3   m 6 e

Other commands that placed an entity on this cell:
    14   m 26 s
    15   m 27 s
>>> 16   m 28 e
    17   m 29 e
    18   m 30 e


Turn 393
================================================================
warning: entity 6 was directed to use 1 halite to move east, but only 0 halite was available
At command 2 of 18:
    1   m 4 e
>>> 2   m 6 e
    3   m 13 w
    4   m 14 n

warning: owned entities 13, 18 collided on cell (23, 16) as the result of moves on this turn
At command 3 of 18:
    1   m 4 e
    2   m 6 e
>>> 3   m 13 w
    4   m 14 n
    5   m 17 s


Turn 394
================================================================
warning: owned entities 4, 14 collided on cell (22, 21) as the result of moves on this turn
At command 1 of 17:
>>> 1   m 4 e
    2   m 6 e
    3   m 14 n

Other commands that placed an entity on this cell:
    1   m 4 e
    2   m 6 e
>>> 3   m 14 n
    4   m 17 s
    5   m 21 w


Turn 395
================================================================
warning: entity 33 was directed to use 11 halite to move south, but only 8 halite was available
At command 13 of 14:
    11   m 31 w
    12   m 32 w
>>> 13   m 33 s
    14   m 34 s


Turn 396
================================================================
warning: owned entities 23, 6 collided on cell (22, 21) as the result of moves on this turn
At command 4 of 14:
    2   m 21 o
    3   m 22 e
>>> 4   m 23 n
    5   m 24 s
    6   m 25 s

warning: owned entities 17, 27 collided on cell (23, 16) as the result of moves on this turn
At command 1 of 14:
>>> 1   m 17 s
    2   m 21 o
    3   m 22 e

Other commands that placed an entity on this cell:
    6   m 25 s
    7   m 26 n
>>> 8   m 27 w
    9   m 29 n
    10   m 30 e


Turn 398
================================================================
warning: owned entities 21, 30 collided on cell (22, 21) as the result of moves on this turn
At command 1 of 10:
>>> 1   m 21 n
    2   m 22 s
    3   m 24 e


Turn 400
================================================================
warning: entity 24 was directed to use 2 halite to move north, but only 0 halite was available
At command 2 of 9:
    1   m 22 w
>>> 2   m 24 n
    3   m 25 s
    4   m 26 n

warning: entity 34 was directed to use 2 halite to move east, but only 0 halite was available
At command 9 of 9:
    7   m 32 s
    8   m 33 s
>>> 9   m 34 e

