
Turn 22
================================================================
warning: entity 7 was directed to use 1 halite to move west, but only 0 halite was available
At command 4 of 4:
    2   m 3 o
    3   m 5 o
>>> 4   m 7 w


Turn 38
================================================================
warning: entity 5 was directed to use 4 halite to move north, but only 0 halite was available
At command 3 of 5:
    1   m 1 o
    2   m 3 o
>>> 3   m 5 n
    4   m 7 o
    5   m 8 n


Turn 47
================================================================
warning: entity 7 was directed to use 4 halite to move south, but only 0 halite was available
At command 4 of 5:
    2   m 3 s
    3   m 5 e
>>> 4   m 7 s
    5   m 8 o


Turn 50
================================================================
warning: entity 3 was directed to use 3 halite to move north, but only 0 halite was available
At command 2 of 4:
    1   m 1 n
>>> 2   m 3 n
    3   m 5 o
    4   m 7 o


Turn 53
================================================================
warning: entity 3 was directed to use 1 halite to move south, but only 0 halite was available
At command 2 of 5:
    1   m 1 n
>>> 2   m 3 s
    3   m 5 o
    4   m 7 o


Turn 56
================================================================
warning: entity 1 was directed to use 2 halite to move south, but only 0 halite was available
At command 1 of 5:
>>> 1   m 1 s
    2   m 3 o
    3   m 5 o


Turn 59
================================================================
warning: entity 1 was directed to use 4 halite to move east, but only 2 halite was available
At command 1 of 5:
>>> 1   m 1 e
    2   m 3 o
    3   m 7 o

warning: entity 8 was directed to use 1 halite to move south, but only 0 halite was available
At command 4 of 5:
    2   m 3 o
    3   m 7 o
>>> 4   m 8 s
    5   g


Turn 61
================================================================
warning: entity 11 was directed to use 3 halite to move west, but only 0 halite was available
At command 6 of 7:
    4   m 7 o
    5   m 8 s
>>> 6   m 11 w
    7   g


Turn 62
================================================================
warning: entity 8 was directed to use 3 halite to move west, but only 1 halite was available
At command 5 of 7:
    3   m 5 n
    4   m 7 e
>>> 5   m 8 w
    6   m 11 w
    7   m 13 s


Turn 63
================================================================
warning: entity 13 was directed to use 1 halite to move south, but only 0 halite was available
At command 7 of 7:
    5   m 8 o
    6   m 11 o
>>> 7   m 13 s


Turn 67
================================================================
warning: entity 13 was directed to use 4 halite to move south, but only 0 halite was available
At command 7 of 7:
    5   m 8 o
    6   m 11 o
>>> 7   m 13 s


Turn 68
================================================================
warning: entity 5 was directed to use 3 halite to move south, but only 0 halite was available
At command 3 of 7:
    1   m 1 o
    2   m 3 o
>>> 3   m 5 s
    4   m 7 o
    5   m 8 o


Turn 71
================================================================
warning: entity 13 was directed to use 4 halite to move north, but only 2 halite was available
At command 7 of 7:
    5   m 8 e
    6   m 11 o
>>> 7   m 13 n


Turn 73
================================================================
warning: entity 5 was directed to use 4 halite to move south, but only 1 halite was available
At command 3 of 6:
    1   m 1 o
    2   m 3 e
>>> 3   m 5 s
    4   m 7 o
    5   m 8 o


Turn 77
================================================================
warning: entity 5 was directed to use 4 halite to move north, but only 1 halite was available
At command 3 of 5:
    1   m 1 o
    2   m 3 o
>>> 3   m 5 n
    4   m 8 o
    5   m 11 n


Turn 79
================================================================
warning: entity 11 was directed to use 1 halite to move east, but only 0 halite was available
At command 6 of 8:
    4   m 7 w
    5   m 8 o
>>> 6   m 11 e
    7   m 13 w
    8   m 14 n


Turn 81
================================================================
warning: entity 14 was directed to use 3 halite to move west, but only 0 halite was available
At command 8 of 8:
    6   m 11 e
    7   m 13 n
>>> 8   m 14 w


Turn 86
================================================================
warning: entity 13 was directed to use 1 halite to move east, but only 0 halite was available
At command 5 of 6:
    3   m 8 o
    4   m 11 o
>>> 5   m 13 e
    6   m 14 o


Turn 96
================================================================
warning: entity 1 was directed to use 4 halite to move north, but only 0 halite was available
At command 1 of 9:
>>> 1   m 1 n
    2   m 3 w
    3   m 5 n


Turn 99
================================================================
warning: entity 16 was directed to use 2 halite to move south, but only 0 halite was available
At command 9 of 9:
    7   m 13 w
    8   m 14 w
>>> 9   m 16 s


Turn 102
================================================================
warning: entity 16 was directed to use 4 halite to move south, but only 2 halite was available
At command 9 of 9:
    7   m 13 e
    8   m 14 w
>>> 9   m 16 s


Turn 104
================================================================
warning: entity 3 was directed to use 3 halite to move north, but only 0 halite was available
At command 2 of 9:
    1   m 1 o
>>> 2   m 3 n
    3   m 5 n
    4   m 7 o


Turn 107
================================================================
warning: entity 3 was directed to use 4 halite to move south, but only 2 halite was available
At command 2 of 8:
    1   m 1 o
>>> 2   m 3 s
    3   m 5 o
    4   m 7 o


Turn 108
================================================================
warning: entity 8 was directed to use 2 halite to move north, but only 0 halite was available
At command 4 of 8:
    2   m 3 w
    3   m 5 o
>>> 4   m 8 n
    5   m 11 o
    6   m 13 n


Turn 114
================================================================
warning: entity 13 was directed to use 4 halite to move north, but only 0 halite was available
At command 6 of 8:
    4   m 8 n
    5   m 11 s
>>> 6   m 13 n
    7   m 14 e
    8   m 16 o


Turn 115
================================================================
warning: entity 8 was directed to use 4 halite to move south, but only 2 halite was available
At command 5 of 9:
    3   m 5 o
    4   m 7 o
>>> 5   m 8 s
    6   m 11 e
    7   m 13 n


Turn 118
================================================================
warning: entity 13 was directed to use 3 halite to move west, but only 2 halite was available
At command 7 of 9:
    5   m 8 s
    6   m 11 w
>>> 7   m 13 w
    8   m 14 s
    9   m 16 o


Turn 119
================================================================
warning: entity 7 was directed to use 1 halite to move north, but only 0 halite was available
At command 4 of 9:
    2   m 3 o
    3   m 5 n
>>> 4   m 7 n
    5   m 8 n
    6   m 11 s


Turn 121
================================================================
warning: entity 8 was directed to use 2 halite to move west, but only 1 halite was available
At command 5 of 9:
    3   m 5 o
    4   m 7 o
>>> 5   m 8 w
    6   m 11 s
    7   m 13 n


Turn 123
================================================================
warning: entity 11 was directed to use 2 halite to move south, but only 0 halite was available
At command 6 of 7:
    4   m 7 n
    5   m 8 e
>>> 6   m 11 s
    7   m 13 o


Turn 124
================================================================
warning: entity 8 was directed to use 4 halite to move south, but only 2 halite was available
At command 5 of 9:
    3   m 5 o
    4   m 7 e
>>> 5   m 8 s
    6   m 11 s
    7   m 13 o


Turn 127
================================================================
warning: entity 11 was directed to use 3 halite to move south, but only 2 halite was available
At command 6 of 9:
    4   m 7 s
    5   m 8 o
>>> 6   m 11 s
    7   m 13 o
    8   m 14 n

warning: entity 14 was directed to use 1 halite to move north, but only 0 halite was available
At command 8 of 9:
    6   m 11 s
    7   m 13 o
>>> 8   m 14 n
    9   m 16 o


Turn 131
================================================================
warning: entity 7 was directed to use 4 halite to move south, but only 3 halite was available
At command 4 of 9:
    2   m 3 s
    3   m 5 o
>>> 4   m 7 s
    5   m 8 n
    6   m 11 o

warning: entity 14 was directed to use 2 halite to move west, but only 1 halite was available
At command 8 of 9:
    6   m 11 o
    7   m 13 o
>>> 8   m 14 w
    9   m 16 n


Turn 140
================================================================
warning: entity 16 was directed to use 3 halite to move north, but only 0 halite was available
At command 7 of 7:
    5   m 11 e
    6   m 14 o
>>> 7   m 16 n


Turn 146
================================================================
warning: spawn on cell (8, 16) collided with owned entity 21 on that cell
At command 8 of 8:
    6   m 14 o
    7   m 16 w
>>> 8   g


Turn 149
================================================================
warning: entity 7 was directed to use 4 halite to move west, but only 0 halite was available
At command 3 of 8:
    1   m 1 s
    2   m 3 o
>>> 3   m 7 w
    4   m 8 w
    5   m 11 o


Turn 151
================================================================
warning: entity 1 was directed to use 1 halite to move south, but only 0 halite was available
At command 1 of 7:
>>> 1   m 1 s
    2   m 7 n
    3   m 8 o

warning: entity 16 was directed to use 1 halite to move east, but only 0 halite was available
At command 7 of 7:
    5   m 13 w
    6   m 14 o
>>> 7   m 16 e


Turn 155
================================================================
warning: entity 1 was directed to use 4 halite to move west, but only 1 halite was available
At command 1 of 7:
>>> 1   m 1 w
    2   m 3 n
    3   m 7 o

warning: entity 16 was directed to use 4 halite to move west, but only 0 halite was available
At command 7 of 7:
    5   m 11 o
    6   m 13 o
>>> 7   m 16 w


Turn 156
================================================================
warning: entity 3 was directed to use 1 halite to move north, but only 0 halite was available
At command 2 of 8:
    1   m 1 w
>>> 2   m 3 n
    3   m 7 o
    4   m 8 o


Turn 161
================================================================
warning: entity 14 was directed to use 3 halite to move north, but only 0 halite was available
At command 7 of 8:
    5   m 11 o
    6   m 13 o
>>> 7   m 14 n
    8   m 16 o


Turn 163
================================================================
warning: entity 3 was directed to use 4 halite to move east, but only 0 halite was available
At command 2 of 7:
    1   m 1 o
>>> 2   m 3 e
    3   m 7 o
    4   m 8 n


Turn 166
================================================================
warning: entity 3 was directed to use 3 halite to move west, but only 0 halite was available
At command 2 of 8:
    1   m 1 o
>>> 2   m 3 w
    3   m 7 o
    4   m 8 n


Turn 170
================================================================
warning: entity 8 was directed to use 1 halite to move west, but only 0 halite was available
At command 4 of 9:
    2   m 3 o
    3   m 7 s
>>> 4   m 8 w
    5   m 11 o
    6   m 13 o

warning: entity 27 was directed to use 1 halite to move north, but only 0 halite was available
At command 9 of 9:
    7   m 14 n
    8   m 16 o
>>> 9   m 27 n


Turn 172
================================================================
warning: entity 8 was directed to use 4 halite to move south, but only 3 halite was available
At command 4 of 9:
    2   m 3 o
    3   m 7 w
>>> 4   m 8 s
    5   m 11 n
    6   m 13 e


Turn 173
================================================================
warning: entity 27 was directed to use 3 halite to move south, but only 0 halite was available
At command 9 of 9:
    7   m 14 o
    8   m 16 o
>>> 9   m 27 s


Turn 177
================================================================
warning: entity 8 was directed to use 3 halite to move east, but only 1 halite was available
At command 4 of 9:
    2   m 3 o
    3   m 7 e
>>> 4   m 8 e
    5   m 11 s
    6   m 13 n

warning: entity 13 was directed to use 2 halite to move north, but only 0 halite was available
At command 6 of 9:
    4   m 8 e
    5   m 11 s
>>> 6   m 13 n
    7   m 14 e
    8   m 27 w

warning: entity 27 was directed to use 3 halite to move west, but only 2 halite was available
At command 8 of 9:
    6   m 13 n
    7   m 14 e
>>> 8   m 27 w
    9   g


Turn 180
================================================================
warning: entity 11 was directed to use 2 halite to move south, but only 0 halite was available
At command 5 of 10:
    3   m 7 w
    4   m 8 w
>>> 5   m 11 s
    6   m 13 n
    7   m 14 o

warning: entity 13 was directed to use 4 halite to move north, but only 1 halite was available
At command 6 of 10:
    4   m 8 w
    5   m 11 s
>>> 6   m 13 n
    7   m 14 o
    8   m 16 e


Turn 181
================================================================
warning: entity 27 was directed to use 4 halite to move north, but only 1 halite was available
At command 9 of 10:
    7   m 14 o
    8   m 16 e
>>> 9   m 27 n
    10   m 28 o


Turn 183
================================================================
warning: entity 11 was directed to use 4 halite to move east, but only 3 halite was available
At command 5 of 10:
    3   m 7 s
    4   m 8 o
>>> 5   m 11 e
    6   m 13 o
    7   m 14 e


Turn 184
================================================================
warning: entity 28 was directed to use 3 halite to move south, but only 1 halite was available
At command 10 of 10:
    8   m 16 n
    9   m 27 w
>>> 10   m 28 s


Turn 187
================================================================
warning: entity 16 was directed to use 2 halite to move north, but only 0 halite was available
At command 8 of 11:
    6   m 13 o
    7   m 14 o
>>> 8   m 16 n
    9   m 27 o
    10   m 28 w


Turn 189
================================================================
warning: entity 28 was directed to use 4 halite to move west, but only 3 halite was available
At command 9 of 10:
    7   m 16 n
    8   m 27 o
>>> 9   m 28 w
    10   m 30 s

warning: entity 30 was directed to use 1 halite to move south, but only 0 halite was available
At command 10 of 10:
    8   m 27 o
    9   m 28 w
>>> 10   m 30 s


Turn 190
================================================================
warning: entity 16 was directed to use 3 halite to move north, but only 1 halite was available
At command 8 of 11:
    6   m 13 w
    7   m 14 o
>>> 8   m 16 n
    9   m 27 o
    10   m 28 w


Turn 191
================================================================
warning: entity 30 was directed to use 4 halite to move south, but only 3 halite was available
At command 11 of 11:
    9   m 27 o
    10   m 28 w
>>> 11   m 30 s


Turn 194
================================================================
warning: entity 1 was directed to use 1 halite to move north, but only 0 halite was available
At command 1 of 12:
>>> 1   m 1 n
    2   m 3 n
    3   m 7 o

warning: entity 3 was directed to use 1 halite to move north, but only 0 halite was available
At command 2 of 12:
    1   m 1 n
>>> 2   m 3 n
    3   m 7 o
    4   m 8 o

warning: entity 16 was directed to use 4 halite to move east, but only 0 halite was available
At command 8 of 12:
    6   m 13 o
    7   m 14 o
>>> 8   m 16 e
    9   m 27 o
    10   m 28 o


Turn 196
================================================================
warning: entity 3 was directed to use 4 halite to move north, but only 3 halite was available
At command 2 of 12:
    1   m 1 n
>>> 2   m 3 n
    3   m 7 o
    4   m 8 o


Turn 198
================================================================
warning: entity 1 was directed to use 4 halite to move west, but only 0 halite was available
At command 1 of 12:
>>> 1   m 1 w
    2   m 3 n
    3   m 7 o

warning: entity 16 was directed to use 4 halite to move west, but only 1 halite was available
At command 8 of 12:
    6   m 13 o
    7   m 14 o
>>> 8   m 16 w
    9   m 27 o
    10   m 28 o

warning: entity 31 was directed to use 2 halite to move north, but only 0 halite was available
At command 12 of 12:
    10   m 28 o
    11   m 30 o
>>> 12   m 31 n


Turn 213
================================================================
warning: entity 7 was directed to use 1 halite to move north, but only 0 halite was available
At command 3 of 13:
    1   m 1 o
    2   m 3 w
>>> 3   m 7 n
    4   m 8 n
    5   m 11 s


Turn 216
================================================================
warning: entity 7 was directed to use 2 halite to move north, but only 0 halite was available
At command 3 of 13:
    1   m 1 o
    2   m 3 w
>>> 3   m 7 n
    4   m 8 n
    5   m 11 s

warning: entity 11 was directed to use 1 halite to move south, but only 0 halite was available
At command 5 of 13:
    3   m 7 n
    4   m 8 n
>>> 5   m 11 s
    6   m 13 w
    7   m 14 s


Turn 219
================================================================
warning: entity 7 was directed to use 3 halite to move north, but only 2 halite was available
At command 3 of 13:
    1   m 1 w
    2   m 3 o
>>> 3   m 7 n
    4   m 8 n
    5   m 11 s

warning: entity 11 was directed to use 3 halite to move south, but only 1 halite was available
At command 5 of 13:
    3   m 7 n
    4   m 8 n
>>> 5   m 11 s
    6   m 13 o
    7   m 16 o


Turn 222
================================================================
warning: entity 14 was directed to use 2 halite to move north, but only 0 halite was available
At command 6 of 12:
    4   m 8 n
    5   m 11 o
>>> 6   m 14 n
    7   m 16 o
    8   m 27 o


Turn 224
================================================================
warning: entity 33 was directed to use 4 halite to move south, but only 0 halite was available
At command 13 of 14:
    11   m 30 o
    12   m 31 w
>>> 13   m 33 s
    14   m 34 e

warning: entity 34 was directed to use 1 halite to move east, but only 0 halite was available
At command 14 of 14:
    12   m 31 w
    13   m 33 s
>>> 14   m 34 e


Turn 227
================================================================
warning: entity 14 was directed to use 3 halite to move north, but only 1 halite was available
At command 7 of 14:
    5   m 11 o
    6   m 13 e
>>> 7   m 14 n
    8   m 16 o
    9   m 27 n

warning: entity 34 was directed to use 4 halite to move south, but only 1 halite was available
At command 14 of 14:
    12   m 31 w
    13   m 33 o
>>> 14   m 34 s


Turn 231
================================================================
warning: entity 14 was directed to use 3 halite to move west, but only 2 halite was available
At command 7 of 12:
    5   m 11 o
    6   m 13 s
>>> 7   m 14 w
    8   m 16 w
    9   m 28 n


Turn 234
================================================================
warning: entity 31 was directed to use 1 halite to move east, but only 0 halite was available
At command 12 of 14:
    10   m 28 w
    11   m 30 w
>>> 12   m 31 e
    13   m 33 o
    14   m 34 o


Turn 235
================================================================
warning: entity 14 was directed to use 4 halite to move west, but only 2 halite was available
At command 7 of 13:
    5   m 11 o
    6   m 13 o
>>> 7   m 14 w
    8   m 16 w
    9   m 27 s


Turn 238
================================================================
warning: entity 27 was directed to use 1 halite to move south, but only 0 halite was available
At command 9 of 15:
    7   m 14 s
    8   m 16 w
>>> 9   m 27 s
    10   m 28 s
    11   m 30 w


Turn 242
================================================================
warning: entity 13 was directed to use 1 halite to move north, but only 0 halite was available
At command 6 of 16:
    4   m 8 o
    5   m 11 o
>>> 6   m 13 n
    7   m 14 o
    8   m 16 n


Turn 245
================================================================
warning: entity 28 was directed to use 4 halite to move south, but only 2 halite was available
At command 10 of 16:
    8   m 16 w
    9   m 27 o
>>> 10   m 28 s
    11   m 30 w
    12   m 31 o


Turn 249
================================================================
warning: entity 13 was directed to use 4 halite to move north, but only 3 halite was available
At command 6 of 16:
    4   m 8 o
    5   m 11 o
>>> 6   m 13 n
    7   m 14 o
    8   m 16 o


Turn 250
================================================================
warning: entity 1 was directed to use 1 halite to move north, but only 0 halite was available
At command 1 of 16:
>>> 1   m 1 n
    2   m 3 o
    3   m 7 o


Turn 254
================================================================
warning: entity 13 was directed to use 4 halite to move north, but only 1 halite was available
At command 6 of 16:
    4   m 8 o
    5   m 11 o
>>> 6   m 13 n
    7   m 14 o
    8   m 16 o

warning: entity 36 was directed to use 4 halite to move west, but only 2 halite was available
At command 16 of 16:
    14   m 34 e
    15   m 35 w
>>> 16   m 36 w


Turn 256
================================================================
warning: entity 1 was directed to use 2 halite to move north, but only 1 halite was available
At command 1 of 16:
>>> 1   m 1 n
    2   m 3 s
    3   m 7 e


Turn 259
================================================================
warning: entity 35 was directed to use 2 halite to move south, but only 0 halite was available
At command 15 of 16:
    13   m 33 n
    14   m 34 o
>>> 15   m 35 s
    16   m 36 s


Turn 260
================================================================
warning: entity 13 was directed to use 4 halite to move east, but only 1 halite was available
At command 6 of 16:
    4   m 8 o
    5   m 11 w
>>> 6   m 13 e
    7   m 14 e
    8   m 16 w


Turn 261
================================================================
warning: entity 1 was directed to use 4 halite to move east, but only 1 halite was available
At command 1 of 16:
>>> 1   m 1 e
    2   m 3 n
    3   m 7 s


Turn 262
================================================================
warning: entity 35 was directed to use 4 halite to move south, but only 2 halite was available
At command 15 of 16:
    13   m 33 n
    14   m 34 o
>>> 15   m 35 s
    16   m 36 w


Turn 265
================================================================
warning: entity 3 was directed to use 2 halite to move north, but only 0 halite was available
At command 2 of 15:
    1   m 1 o
>>> 2   m 3 n
    3   m 7 s
    4   m 8 o


Turn 268
================================================================
warning: entity 30 was directed to use 1 halite to move south, but only 0 halite was available
At command 11 of 16:
    9   m 27 w
    10   m 28 o
>>> 11   m 30 s
    12   m 31 o
    13   m 33 n


Turn 269
================================================================
warning: entity 16 was directed to use 1 halite to move south, but only 0 halite was available
At command 8 of 16:
    6   m 13 o
    7   m 14 w
>>> 8   m 16 s
    9   m 27 w
    10   m 28 o


Turn 271
================================================================
warning: entity 30 was directed to use 2 halite to move south, but only 0 halite was available
At command 11 of 16:
    9   m 27 o
    10   m 28 w
>>> 11   m 30 s
    12   m 31 o
    13   m 33 w


Turn 273
================================================================
warning: entity 3 was directed to use 4 halite to move east, but only 1 halite was available
At command 2 of 15:
    1   m 1 o
>>> 2   m 3 e
    3   m 8 o
    4   m 11 s


Turn 275
================================================================
warning: entity 30 was directed to use 4 halite to move south, but only 3 halite was available
At command 11 of 15:
    9   m 27 o
    10   m 28 o
>>> 11   m 30 s
    12   m 31 o
    13   m 34 w


Turn 276
================================================================
warning: entity 7 was directed to use 1 halite to move south, but only 0 halite was available
At command 3 of 14:
    1   m 1 e
    2   m 3 e
>>> 3   m 7 s
    4   m 8 o
    5   m 11 s


Turn 277
================================================================
warning: entity 11 was directed to use 1 halite to move south, but only 0 halite was available
At command 5 of 16:
    3   m 7 s
    4   m 8 n
>>> 5   m 11 s
    6   m 13 o
    7   m 14 n


Turn 278
================================================================
warning: entity 3 was directed to use 4 halite to move south, but only 0 halite was available
At command 2 of 15:
    1   m 1 o
>>> 2   m 3 s
    3   m 7 s
    4   m 8 n


Turn 281
================================================================
warning: entity 14 was directed to use 2 halite to move north, but only 0 halite was available
At command 7 of 14:
    5   m 11 s
    6   m 13 n
>>> 7   m 14 n
    8   m 16 s
    9   m 28 e


Turn 282
================================================================
warning: entity 3 was directed to use 4 halite to move south, but only 2 halite was available
At command 2 of 15:
    1   m 1 o
>>> 2   m 3 s
    3   m 7 s
    4   m 8 n

warning: entity 33 was directed to use 1 halite to move south, but only 0 halite was available
At command 12 of 15:
    10   m 28 e
    11   m 31 w
>>> 12   m 33 s
    13   m 34 e
    14   m 35 o


Turn 284
================================================================
warning: entity 11 was directed to use 4 halite to move south, but only 0 halite was available
At command 5 of 15:
    3   m 7 s
    4   m 8 n
>>> 5   m 11 s
    6   m 13 n
    7   m 14 n


Turn 286
================================================================
warning: entity 16 was directed to use 1 halite to move south, but only 0 halite was available
At command 8 of 14:
    6   m 13 n
    7   m 14 e
>>> 8   m 16 s
    9   m 27 e
    10   m 28 e

warning: entity 33 was directed to use 3 halite to move south, but only 0 halite was available
At command 12 of 14:
    10   m 28 e
    11   m 31 w
>>> 12   m 33 s
    13   m 34 s
    14   m 36 o


Turn 287
================================================================
warning: entity 14 was directed to use 1 halite to move east, but only 0 halite was available
At command 6 of 14:
    4   m 11 s
    5   m 13 o
>>> 6   m 14 e
    7   m 16 s
    8   m 27 e


Turn 290
================================================================
warning: entity 7 was directed to use 1 halite to move south, but only 0 halite was available
At command 3 of 15:
    1   m 1 w
    2   m 3 o
>>> 3   m 7 s
    4   m 8 n
    5   m 11 w

warning: entity 14 was directed to use 3 halite to move east, but only 2 halite was available
At command 7 of 15:
    5   m 11 w
    6   m 13 n
>>> 7   m 14 e
    8   m 16 s
    9   m 27 n

warning: entity 16 was directed to use 4 halite to move south, but only 0 halite was available
At command 8 of 15:
    6   m 13 n
    7   m 14 e
>>> 8   m 16 s
    9   m 27 n
    10   m 28 w

warning: entity 33 was directed to use 1 halite to move north, but only 0 halite was available
At command 12 of 15:
    10   m 28 w
    11   m 31 s
>>> 12   m 33 n
    13   m 34 o
    14   m 35 e


Turn 294
================================================================
warning: entity 14 was directed to use 3 halite to move east, but only 2 halite was available
At command 7 of 14:
    5   m 11 w
    6   m 13 n
>>> 7   m 14 e
    8   m 16 e
    9   m 27 n


Turn 295
================================================================
warning: entity 11 was directed to use 3 halite to move west, but only 0 halite was available
At command 5 of 15:
    3   m 7 o
    4   m 8 n
>>> 5   m 11 w
    6   m 13 n
    7   m 14 e


Turn 297
================================================================
warning: entity 31 was directed to use 1 halite to move south, but only 0 halite was available
At command 11 of 15:
    9   m 27 n
    10   m 28 s
>>> 11   m 31 s
    12   m 33 w
    13   m 34 e

warning: entity 33 was directed to use 3 halite to move west, but only 2 halite was available
At command 12 of 15:
    10   m 28 s
    11   m 31 s
>>> 12   m 33 w
    13   m 34 e
    14   m 35 s


Turn 306
================================================================
warning: entity 31 was directed to use 1 halite to move south, but only 0 halite was available
At command 10 of 14:
    8   m 16 o
    9   m 28 n
>>> 10   m 31 s
    11   m 33 e
    12   m 34 n


Turn 307
================================================================
warning: entity 1 was directed to use 1 halite to move north, but only 0 halite was available
At command 1 of 15:
>>> 1   m 1 n
    2   m 3 o
    3   m 7 o


Turn 309
================================================================
warning: entity 31 was directed to use 4 halite to move south, but only 2 halite was available
At command 11 of 15:
    9   m 27 s
    10   m 28 n
>>> 11   m 31 s
    12   m 33 w
    13   m 34 s


Turn 312
================================================================
warning: entity 1 was directed to use 2 halite to move east, but only 0 halite was available
At command 1 of 15:
>>> 1   m 1 e
    2   m 3 w
    3   m 7 o


Turn 315
================================================================
warning: entity 31 was directed to use 3 halite to move south, but only 0 halite was available
At command 10 of 14:
    8   m 27 s
    9   m 28 n
>>> 10   m 31 s
    11   m 33 o
    12   m 34 e


Turn 316
================================================================
warning: entity 1 was directed to use 3 halite to move east, but only 0 halite was available
At command 1 of 14:
>>> 1   m 1 e
    2   m 3 s
    3   m 7 o


Turn 317
================================================================
warning: entity 27 was directed to use 4 halite to move south, but only 0 halite was available
At command 9 of 15:
    7   m 14 e
    8   m 16 o
>>> 9   m 27 s
    10   m 28 n
    11   m 31 s


Turn 318
================================================================
warning: entity 31 was directed to use 4 halite to move south, but only 3 halite was available
At command 11 of 15:
    9   m 27 s
    10   m 28 n
>>> 11   m 31 s
    12   m 33 e
    13   m 34 s


Turn 322
================================================================
warning: entity 35 was directed to use 1 halite to move north, but only 0 halite was available
At command 14 of 15:
    12   m 33 o
    13   m 34 s
>>> 14   m 35 n
    15   m 36 n


Turn 324
================================================================
warning: entity 3 was directed to use 1 halite to move north, but only 0 halite was available
At command 2 of 16:
    1   m 1 o
>>> 2   m 3 n
    3   m 7 o
    4   m 8 s

warning: entity 27 was directed to use 2 halite to move south, but only 0 halite was available
At command 9 of 16:
    7   m 14 e
    8   m 16 w
>>> 9   m 27 s
    10   m 28 e
    11   m 31 s


Turn 326
================================================================
warning: entity 28 was directed to use 3 halite to move south, but only 1 halite was available
At command 10 of 16:
    8   m 16 w
    9   m 27 e
>>> 10   m 28 s
    11   m 31 s
    12   m 33 e


Turn 327
================================================================
warning: entity 27 was directed to use 4 halite to move east, but only 0 halite was available
At command 7 of 14:
    5   m 13 w
    6   m 16 n
>>> 7   m 27 e
    8   m 28 s
    9   m 31 s


Turn 330
================================================================
warning: entity 37 was directed to use 1 halite to move south, but only 0 halite was available
At command 15 of 15:
    13   m 35 e
    14   m 36 n
>>> 15   m 37 s


Turn 331
================================================================
warning: entity 35 was directed to use 4 halite to move north, but only 0 halite was available
At command 12 of 14:
    10   m 31 w
    11   m 33 e
>>> 12   m 35 n
    13   m 36 n
    14   m 37 s


Turn 332
================================================================
warning: entity 28 was directed to use 3 halite to move south, but only 1 halite was available
At command 9 of 12:
    7   m 16 n
    8   m 27 e
>>> 9   m 28 s
    10   m 31 w
    11   m 33 o


Turn 333
================================================================
warning: entity 11 was directed to use 1 halite to move north, but only 0 halite was available
At command 5 of 13:
    3   m 7 n
    4   m 8 s
>>> 5   m 11 n
    6   m 13 s
    7   m 16 n


Turn 336
================================================================
warning: entity 35 was directed to use 1 halite to move west, but only 0 halite was available
At command 11 of 12:
    9   m 31 o
    10   m 33 o
>>> 11   m 35 w
    12   m 36 n


Turn 338
================================================================
warning: entity 11 was directed to use 3 halite to move north, but only 0 halite was available
At command 5 of 13:
    3   m 7 n
    4   m 8 s
>>> 5   m 11 n
    6   m 13 s
    7   m 16 n


Turn 339
================================================================
warning: entity 36 was directed to use 3 halite to move north, but only 0 halite was available
At command 10 of 10:
    8   m 33 o
    9   m 35 w
>>> 10   m 36 n


Turn 340
================================================================
warning: entity 35 was directed to use 3 halite to move west, but only 2 halite was available
At command 12 of 13:
    10   m 31 e
    11   m 33 o
>>> 12   m 35 w
    13   m 36 n


Turn 342
================================================================
warning: entity 11 was directed to use 4 halite to move north, but only 0 halite was available
At command 5 of 13:
    3   m 7 n
    4   m 8 s
>>> 5   m 11 n
    6   m 13 s
    7   m 16 e

warning: entity 28 was directed to use 4 halite to move west, but only 2 halite was available
At command 9 of 13:
    7   m 16 e
    8   m 27 o
>>> 9   m 28 w
    10   m 31 e
    11   m 33 w


Turn 343
================================================================
warning: entity 16 was directed to use 2 halite to move south, but only 0 halite was available
At command 7 of 13:
    5   m 11 n
    6   m 13 s
>>> 7   m 16 s
    8   m 27 o
    9   m 28 w


Turn 344
================================================================
warning: entity 36 was directed to use 5 halite to move north, but only 3 halite was available
At command 13 of 13:
    11   m 33 w
    12   m 35 w
>>> 13   m 36 n


Turn 345
================================================================
warning: entity 35 was directed to use 4 halite to move west, but only 0 halite was available
At command 12 of 13:
    10   m 31 e
    11   m 33 w
>>> 12   m 35 w
    13   m 36 n


Turn 346
================================================================
warning: entity 8 was directed to use 2 halite to move south, but only 0 halite was available
At command 3 of 12:
    1   m 3 o
    2   m 7 n
>>> 3   m 8 s
    4   m 11 n
    5   m 13 s

warning: entity 11 was directed to use 3 halite to move north, but only 2 halite was available
At command 4 of 12:
    2   m 7 n
    3   m 8 s
>>> 4   m 11 n
    5   m 13 s
    6   m 16 s

warning: entity 28 was directed to use 4 halite to move west, but only 2 halite was available
At command 8 of 12:
    6   m 16 s
    7   m 27 e
>>> 8   m 28 w
    9   m 31 e
    10   m 33 w


Turn 348
================================================================
warning: entity 16 was directed to use 3 halite to move south, but only 0 halite was available
At command 7 of 13:
    5   m 11 n
    6   m 13 s
>>> 7   m 16 s
    8   m 27 o
    9   m 28 s


Turn 349
================================================================
warning: entity 36 was directed to use 3 halite to move north, but only 1 halite was available
At command 12 of 12:
    10   m 33 n
    11   m 35 o
>>> 12   m 36 n


Turn 350
================================================================
warning: entity 8 was directed to use 2 halite to move south, but only 0 halite was available
At command 4 of 12:
    2   m 3 o
    3   m 7 s
>>> 4   m 8 s
    5   m 11 e
    6   m 16 s


Turn 352
================================================================
warning: entity 16 was directed to use 3 halite to move south, but only 0 halite was available
At command 6 of 12:
    4   m 8 s
    5   m 11 e
>>> 6   m 16 s
    7   m 27 o
    8   m 28 o


Turn 353
================================================================
warning: entity 11 was directed to use 5 halite to move east, but only 1 halite was available
At command 5 of 12:
    3   m 7 s
    4   m 8 s
>>> 5   m 11 e
    6   m 16 s
    7   m 27 e


Turn 354
================================================================
warning: entity 8 was directed to use 3 halite to move south, but only 2 halite was available
At command 4 of 12:
    2   m 3 o
    3   m 7 o
>>> 4   m 8 s
    5   m 11 e
    6   m 16 s


Turn 356
================================================================
warning: entity 16 was directed to use 3 halite to move south, but only 1 halite was available
At command 6 of 12:
    4   m 8 o
    5   m 11 e
>>> 6   m 16 s
    7   m 27 o
    8   m 28 w

warning: entity 36 was directed to use 1 halite to move east, but only 0 halite was available
At command 12 of 12:
    10   m 33 w
    11   m 35 o
>>> 12   m 36 e


Turn 359
================================================================
warning: entity 7 was directed to use 2 halite to move south, but only 0 halite was available
At command 3 of 12:
    1   m 1 w
    2   m 3 e
>>> 3   m 7 s
    4   m 8 s
    5   m 11 o

warning: entity 36 was directed to use 3 halite to move east, but only 2 halite was available
At command 12 of 12:
    10   m 33 n
    11   m 35 o
>>> 12   m 36 e


Turn 361
================================================================
warning: entity 16 was directed to use 4 halite to move east, but only 0 halite was available
At command 6 of 12:
    4   m 8 s
    5   m 11 o
>>> 6   m 16 e
    7   m 27 o
    8   m 28 o


Turn 365
================================================================
warning: entity 16 was directed to use 4 halite to move east, but only 1 halite was available
At command 6 of 12:
    4   m 8 w
    5   m 11 w
>>> 6   m 16 e
    7   m 27 o
    8   m 28 e

warning: entity 36 was directed to use 4 halite to move east, but only 2 halite was available
At command 12 of 12:
    10   m 33 n
    11   m 35 e
>>> 12   m 36 e


Turn 366
================================================================
warning: entity 8 was directed to use 4 halite to move west, but only 1 halite was available
At command 4 of 12:
    2   m 3 o
    3   m 7 s
>>> 4   m 8 w
    5   m 11 w
    6   m 16 e


Turn 370
================================================================
warning: entity 7 was directed to use 4 halite to move east, but only 1 halite was available
At command 3 of 12:
    1   m 1 w
    2   m 3 w
>>> 3   m 7 e
    4   m 8 o
    5   m 11 w


Turn 371
================================================================
warning: owned entities 11, 16 collided on cell (13, 0) as the result of moves on this turn
At command 5 of 12:
    3   m 7 e
    4   m 8 o
>>> 5   m 11 w
    6   m 16 s
    7   m 27 w

Other commands that placed an entity on this cell:
    4   m 8 o
    5   m 11 w
>>> 6   m 16 s
    7   m 27 w
    8   m 28 e


Turn 373
================================================================
warning: entity 36 was directed to use 1 halite to move west, but only 0 halite was available
At command 10 of 10:
    8   m 33 w
    9   m 35 s
>>> 10   m 36 w


Turn 374
================================================================
warning: entity 33 was directed to use 3 halite to move west, but only 0 halite was available
At command 7 of 9:
    5   m 27 w
    6   m 28 n
>>> 7   m 33 w
    8   m 35 s
    9   m 36 w


Turn 376
================================================================
warning: entity 7 was directed to use 3 halite to move north, but only 0 halite was available
At command 3 of 10:
    1   m 1 s
    2   m 3 w
>>> 3   m 7 n
    4   m 8 e
    5   m 27 w


Turn 379
================================================================
warning: entity 31 was directed to use 1 halite to move south, but only 0 halite was available
At command 7 of 10:
    5   m 27 n
    6   m 28 n
>>> 7   m 31 s
    8   m 33 o
    9   m 35 s

warning: owned entities 35, 1 collided on cell (8, 8) as the result of moves on this turn
At command 9 of 10:
    7   m 31 s
    8   m 33 o
>>> 9   m 35 s
    10   m 36 s


Turn 383
================================================================
warning: entity 31 was directed to use 2 halite to move south, but only 1 halite was available
At command 5 of 7:
    3   m 8 n
    4   m 27 n
>>> 5   m 31 s
    6   m 33 e
    7   m 36 s


Turn 386
================================================================
warning: entity 36 was directed to use 2 halite to move north, but only 0 halite was available
At command 7 of 7:
    5   m 31 w
    6   m 33 e
>>> 7   m 36 n


Turn 387
================================================================
warning: owned entities 33, 36, 3 collided on cell (8, 8) as the result of moves on this turn
At command 7 of 8:
    5   m 28 n
    6   m 31 e
>>> 7   m 33 s
    8   m 36 w

Other commands that placed an entity on this cell:
    6   m 31 e
    7   m 33 s
>>> 8   m 36 w


Turn 391
================================================================
warning: owned entities 7, 28 collided on cell (8, 16) as the result of moves on this turn
At command 1 of 5:
>>> 1   m 7 n
    2   m 8 n
    3   m 27 n

Other commands that placed an entity on this cell:
    2   m 8 n
    3   m 27 n
>>> 4   m 28 s
    5   m 31 n


Turn 397
================================================================
warning: owned entities 31, 27 collided on cell (8, 16) as the result of moves on this turn
At command 3 of 3:
    1   m 8 n
    2   m 27 o
>>> 3   m 31 n

