
Turn 9
================================================================
warning: entity 2 was directed to use 4 halite to move north, but only 0 halite was available
At command 2 of 4:
    1   m 0 o
>>> 2   m 2 n
    3   m 4 o
    4   g


Turn 36
================================================================
warning: entity 4 was directed to use 4 halite to move north, but only 0 halite was available
At command 2 of 3:
    1   m 0 s
>>> 2   m 4 n
    3   m 6 o


Turn 47
================================================================
warning: entity 2 was directed to use 2 halite to move west, but only 0 halite was available
At command 2 of 5:
    1   m 0 n
>>> 2   m 2 w
    3   m 4 o
    4   m 6 o


Turn 50
================================================================
warning: entity 2 was directed to use 4 halite to move west, but only 0 halite was available
At command 2 of 5:
    1   m 0 n
>>> 2   m 2 w
    3   m 4 o
    4   m 6 o

warning: entity 8 was directed to use 1 halite to move west, but only 0 halite was available
At command 5 of 5:
    3   m 4 o
    4   m 6 o
>>> 5   m 8 w


Turn 52
================================================================
warning: entity 8 was directed to use 5 halite to move south, but only 3 halite was available
At command 5 of 5:
    3   m 4 o
    4   m 6 o
>>> 5   m 8 s


Turn 53
================================================================
warning: entity 0 was directed to use 3 halite to move north, but only 0 halite was available
At command 1 of 5:
>>> 1   m 0 n
    2   m 2 s
    3   m 4 o


Turn 55
================================================================
warning: entity 9 was directed to use 1 halite to move west, but only 0 halite was available
At command 6 of 6:
    4   m 6 o
    5   m 8 s
>>> 6   m 9 w


Turn 56
================================================================
warning: entity 0 was directed to use 4 halite to move west, but only 2 halite was available
At command 1 of 6:
>>> 1   m 0 w
    2   m 2 o
    3   m 4 e


Turn 58
================================================================
warning: entity 9 was directed to use 3 halite to move south, but only 0 halite was available
At command 6 of 6:
    4   m 6 e
    5   m 8 o
>>> 6   m 9 s


Turn 61
================================================================
warning: entity 9 was directed to use 4 halite to move south, but only 3 halite was available
At command 6 of 6:
    4   m 6 o
    5   m 8 o
>>> 6   m 9 s


Turn 68
================================================================
warning: entity 6 was directed to use 2 halite to move north, but only 0 halite was available
At command 4 of 7:
    2   m 2 o
    3   m 4 s
>>> 4   m 6 n
    5   m 8 o
    6   m 9 o


Turn 71
================================================================
warning: entity 6 was directed to use 3 halite to move north, but only 1 halite was available
At command 3 of 6:
    1   m 0 o
    2   m 4 s
>>> 3   m 6 n
    4   m 8 o
    5   m 9 o

warning: entity 12 was directed to use 3 halite to move west, but only 0 halite was available
At command 6 of 6:
    4   m 8 o
    5   m 9 o
>>> 6   m 12 w


Turn 74
================================================================
warning: entity 6 was directed to use 5 halite to move north, but only 3 halite was available
At command 3 of 6:
    1   m 0 o
    2   m 2 e
>>> 3   m 6 n
    4   m 8 o
    5   m 9 o


Turn 76
================================================================
warning: entity 4 was directed to use 4 halite to move east, but only 0 halite was available
At command 3 of 8:
    1   m 0 o
    2   m 2 o
>>> 3   m 4 e
    4   m 6 o
    5   m 8 o


Turn 79
================================================================
warning: entity 13 was directed to use 2 halite to move west, but only 0 halite was available
At command 8 of 8:
    6   m 9 o
    7   m 12 o
>>> 8   m 13 w


Turn 82
================================================================
warning: entity 13 was directed to use 4 halite to move east, but only 3 halite was available
At command 8 of 8:
    6   m 9 o
    7   m 12 o
>>> 8   m 13 e


Turn 84
================================================================
warning: entity 2 was directed to use 2 halite to move west, but only 0 halite was available
At command 2 of 9:
    1   m 0 e
>>> 2   m 2 w
    3   m 4 s
    4   m 6 o


Turn 87
================================================================
warning: entity 2 was directed to use 4 halite to move east, but only 2 halite was available
At command 2 of 9:
    1   m 0 s
>>> 2   m 2 e
    3   m 4 o
    4   m 6 o


Turn 88
================================================================
warning: entity 14 was directed to use 4 halite to move west, but only 2 halite was available
At command 9 of 9:
    7   m 12 o
    8   m 13 o
>>> 9   m 14 w


Turn 92
================================================================
warning: entity 2 was directed to use 3 halite to move north, but only 2 halite was available
At command 2 of 10:
    1   m 0 s
>>> 2   m 2 n
    3   m 4 o
    4   m 6 o


Turn 94
================================================================
warning: entity 15 was directed to use 1 halite to move north, but only 0 halite was available
At command 10 of 10:
    8   m 13 o
    9   m 14 w
>>> 10   m 15 n


Turn 96
================================================================
warning: entity 2 was directed to use 4 halite to move east, but only 2 halite was available
At command 2 of 9:
    1   m 0 w
>>> 2   m 2 e
    3   m 6 o
    4   m 8 o

warning: entity 15 was directed to use 5 halite to move north, but only 4 halite was available
At command 9 of 9:
    7   m 13 o
    8   m 14 s
>>> 9   m 15 n


Turn 97
================================================================
warning: entity 14 was directed to use 4 halite to move south, but only 3 halite was available
At command 9 of 10:
    7   m 12 o
    8   m 13 o
>>> 9   m 14 s
    10   m 15 n


Turn 101
================================================================
warning: entity 0 was directed to use 1 halite to move north, but only 0 halite was available
At command 1 of 9:
>>> 1   m 0 n
    2   m 2 o
    3   m 4 o


Turn 104
================================================================
warning: entity 0 was directed to use 4 halite to move north, but only 0 halite was available
At command 1 of 9:
>>> 1   m 0 n
    2   m 2 o
    3   m 4 o

warning: entity 9 was directed to use 1 halite to move west, but only 0 halite was available
At command 6 of 9:
    4   m 6 s
    5   m 8 o
>>> 6   m 9 w
    7   m 13 o
    8   m 14 o


Turn 108
================================================================
warning: entity 12 was directed to use 1 halite to move west, but only 0 halite was available
At command 7 of 11:
    5   m 8 o
    6   m 9 o
>>> 7   m 12 w
    8   m 13 o
    9   m 14 o


Turn 109
================================================================
warning: entity 16 was directed to use 1 halite to move east, but only 0 halite was available
At command 11 of 11:
    9   m 14 o
    10   m 15 o
>>> 11   m 16 e


Turn 111
================================================================
warning: entity 16 was directed to use 4 halite to move east, but only 3 halite was available
At command 10 of 10:
    8   m 13 o
    9   m 15 o
>>> 10   m 16 e


Turn 112
================================================================
warning: entity 6 was directed to use 3 halite to move east, but only 0 halite was available
At command 4 of 10:
    2   m 2 o
    3   m 4 n
>>> 4   m 6 e
    5   m 8 o
    6   m 9 s


Turn 115
================================================================
warning: entity 12 was directed to use 4 halite to move north, but only 2 halite was available
At command 7 of 12:
    5   m 8 o
    6   m 9 o
>>> 7   m 12 n
    8   m 13 e
    9   m 14 e


Turn 116
================================================================
warning: entity 6 was directed to use 1 halite to move south, but only 0 halite was available
At command 4 of 12:
    2   m 2 o
    3   m 4 w
>>> 4   m 6 s
    5   m 8 o
    6   m 9 o


Turn 117
================================================================
warning: entity 4 was directed to use 1 halite to move north, but only 0 halite was available
At command 3 of 13:
    1   m 0 o
    2   m 2 o
>>> 3   m 4 n
    4   m 6 s
    5   m 8 o

warning: entity 19 was directed to use 2 halite to move south, but only 0 halite was available
At command 12 of 13:
    10   m 15 o
    11   m 16 s
>>> 12   m 19 s
    13   g


Turn 120
================================================================
warning: entity 4 was directed to use 3 halite to move west, but only 0 halite was available
At command 3 of 12:
    1   m 0 s
    2   m 2 e
>>> 3   m 4 w
    4   m 6 o
    5   m 8 o

warning: entity 19 was directed to use 4 halite to move east, but only 1 halite was available
At command 11 of 12:
    9   m 15 s
    10   m 16 o
>>> 11   m 19 e
    12   m 20 n

warning: entity 20 was directed to use 3 halite to move north, but only 0 halite was available
At command 12 of 12:
    10   m 16 o
    11   m 19 e
>>> 12   m 20 n


Turn 122
================================================================
warning: entity 14 was directed to use 1 halite to move east, but only 0 halite was available
At command 9 of 14:
    7   m 12 o
    8   m 13 o
>>> 9   m 14 e
    10   m 15 w
    11   m 16 o


Turn 124
================================================================
warning: entity 20 was directed to use 4 halite to move north, but only 2 halite was available
At command 13 of 14:
    11   m 16 o
    12   m 19 s
>>> 13   m 20 n
    14   m 21 s

warning: entity 21 was directed to use 4 halite to move south, but only 0 halite was available
At command 14 of 14:
    12   m 19 s
    13   m 20 n
>>> 14   m 21 s


Turn 125
================================================================
warning: entity 14 was directed to use 4 halite to move east, but only 1 halite was available
At command 8 of 13:
    6   m 12 o
    7   m 13 s
>>> 8   m 14 e
    9   m 15 w
    10   m 16 o


Turn 128
================================================================
warning: entity 19 was directed to use 5 halite to move west, but only 0 halite was available
At command 10 of 12:
    8   m 14 o
    9   m 16 o
>>> 10   m 19 w
    11   m 20 o
    12   m 21 e

warning: entity 21 was directed to use 4 halite to move east, but only 1 halite was available
At command 12 of 12:
    10   m 19 w
    11   m 20 o
>>> 12   m 21 e


Turn 129
================================================================
warning: entity 2 was directed to use 1 halite to move south, but only 0 halite was available
At command 2 of 14:
    1   m 0 s
>>> 2   m 2 s
    3   m 4 n
    4   m 6 o


Turn 131
================================================================
warning: entity 2 was directed to use 4 halite to move south, but only 3 halite was available
At command 2 of 14:
    1   m 0 s
>>> 2   m 2 s
    3   m 4 o
    4   m 6 o


Turn 134
================================================================
warning: entity 15 was directed to use 2 halite to move west, but only 0 halite was available
At command 10 of 14:
    8   m 13 s
    9   m 14 o
>>> 10   m 15 w
    11   m 16 o
    12   m 19 o


Turn 136
================================================================
warning: entity 2 was directed to use 3 halite to move south, but only 1 halite was available
At command 1 of 11:
>>> 1   m 2 s
    2   m 4 o
    3   m 6 o


Turn 137
================================================================
warning: entity 8 was directed to use 1 halite to move south, but only 0 halite was available
At command 4 of 13:
    2   m 4 o
    3   m 6 o
>>> 4   m 8 s
    5   m 9 e
    6   m 12 e

warning: entity 13 was directed to use 1 halite to move east, but only 0 halite was available
At command 7 of 13:
    5   m 9 e
    6   m 12 e
>>> 7   m 13 e
    8   m 14 o
    9   m 15 s

warning: entity 15 was directed to use 4 halite to move south, but only 0 halite was available
At command 9 of 13:
    7   m 13 e
    8   m 14 o
>>> 9   m 15 s
    10   m 16 o
    11   m 19 w


Turn 139
================================================================
warning: entity 8 was directed to use 5 halite to move south, but only 3 halite was available
At command 3 of 10:
    1   m 2 o
    2   m 4 o
>>> 3   m 8 s
    4   m 9 e
    5   m 13 e


Turn 140
================================================================
warning: entity 13 was directed to use 4 halite to move east, but only 1 halite was available
At command 7 of 12:
    5   m 9 e
    6   m 12 w
>>> 7   m 13 e
    8   m 14 o
    9   m 15 s


Turn 141
================================================================
warning: entity 19 was directed to use 4 halite to move west, but only 0 halite was available
At command 10 of 11:
    8   m 15 o
    9   m 16 o
>>> 10   m 19 w
    11   m 20 s


Turn 144
================================================================
warning: entity 9 was directed to use 3 halite to move south, but only 0 halite was available
At command 5 of 14:
    3   m 6 o
    4   m 8 o
>>> 5   m 9 s
    6   m 12 w
    7   m 13 o

warning: entity 12 was directed to use 1 halite to move west, but only 0 halite was available
At command 6 of 14:
    4   m 8 o
    5   m 9 s
>>> 6   m 12 w
    7   m 13 o
    8   m 14 o


Turn 146
================================================================
warning: entity 12 was directed to use 4 halite to move north, but only 3 halite was available
At command 6 of 13:
    4   m 8 o
    5   m 9 w
>>> 6   m 12 n
    7   m 13 s
    8   m 14 o


Turn 148
================================================================
warning: entity 9 was directed to use 5 halite to move south, but only 2 halite was available
At command 5 of 14:
    3   m 6 o
    4   m 8 o
>>> 5   m 9 s
    6   m 12 n
    7   m 13 o

warning: entity 20 was directed to use 3 halite to move south, but only 0 halite was available
At command 12 of 14:
    10   m 16 e
    11   m 19 o
>>> 12   m 20 s
    13   m 21 n
    14   m 25 w


Turn 149
================================================================
warning: entity 25 was directed to use 3 halite to move west, but only 2 halite was available
At command 10 of 10:
    8   m 19 o
    9   m 20 s
>>> 10   m 25 w


Turn 151
================================================================
warning: entity 20 was directed to use 4 halite to move south, but only 3 halite was available
At command 12 of 15:
    10   m 16 n
    11   m 19 o
>>> 12   m 20 s
    13   m 21 o
    14   m 25 o


Turn 154
================================================================
warning: entity 16 was directed to use 1 halite to move west, but only 0 halite was available
At command 10 of 16:
    8   m 14 o
    9   m 15 s
>>> 10   m 16 w
    11   m 19 o
    12   m 20 w


Turn 155
================================================================
warning: entity 4 was directed to use 2 halite to move west, but only 0 halite was available
At command 2 of 15:
    1   m 2 o
>>> 2   m 4 w
    3   m 6 o
    4   m 9 s

warning: entity 21 was directed to use 1 halite to move west, but only 0 halite was available
At command 12 of 15:
    10   m 19 o
    11   m 20 e
>>> 12   m 21 w
    13   m 25 o
    14   m 26 s


Turn 156
================================================================
warning: entity 26 was directed to use 3 halite to move south, but only 0 halite was available
At command 15 of 16:
    13   m 21 w
    14   m 25 s
>>> 15   m 26 s
    16   m 27 s


Turn 157
================================================================
warning: entity 16 was directed to use 4 halite to move west, but only 0 halite was available
At command 10 of 16:
    8   m 14 w
    9   m 15 o
>>> 10   m 16 w
    11   m 19 o
    12   m 20 s

warning: entity 27 was directed to use 4 halite to move south, but only 0 halite was available
At command 16 of 16:
    14   m 25 o
    15   m 26 s
>>> 16   m 27 s


Turn 158
================================================================
warning: entity 4 was directed to use 4 halite to move east, but only 1 halite was available
At command 2 of 16:
    1   m 2 s
>>> 2   m 4 e
    3   m 6 n
    4   m 8 w


Turn 162
================================================================
warning: entity 27 was directed to use 4 halite to move north, but only 0 halite was available
At command 16 of 17:
    14   m 25 o
    15   m 26 s
>>> 16   m 27 n
    17   m 30 w


Turn 163
================================================================
warning: entity 6 was directed to use 1 halite to move west, but only 0 halite was available
At command 3 of 17:
    1   m 2 o
    2   m 4 o
>>> 3   m 6 w
    4   m 8 n
    5   m 9 s


Turn 164
================================================================
warning: entity 9 was directed to use 1 halite to move north, but only 0 halite was available
At command 4 of 16:
    2   m 4 o
    3   m 6 w
>>> 4   m 9 n
    5   m 12 o
    6   m 13 o


Turn 166
================================================================
warning: entity 30 was directed to use 1 halite to move north, but only 0 halite was available
At command 17 of 17:
    15   m 26 o
    16   m 27 w
>>> 17   m 30 n


Turn 168
================================================================
warning: entity 9 was directed to use 3 halite to move north, but only 0 halite was available
At command 5 of 18:
    3   m 6 s
    4   m 8 w
>>> 5   m 9 n
    6   m 12 e
    7   m 13 w

warning: entity 16 was directed to use 2 halite to move east, but only 0 halite was available
At command 10 of 18:
    8   m 14 e
    9   m 15 o
>>> 10   m 16 e
    11   m 19 e
    12   m 20 s


Turn 169
================================================================
warning: entity 6 was directed to use 4 halite to move east, but only 2 halite was available
At command 3 of 18:
    1   m 2 n
    2   m 4 s
>>> 3   m 6 e
    4   m 8 w
    5   m 9 e

warning: entity 14 was directed to use 3 halite to move east, but only 0 halite was available
At command 8 of 18:
    6   m 12 e
    7   m 13 w
>>> 8   m 14 e
    9   m 15 o
    10   m 16 o

warning: entity 30 was directed to use 4 halite to move north, but only 1 halite was available
At command 17 of 18:
    15   m 26 o
    16   m 27 s
>>> 17   m 30 n
    18   m 31 w


Turn 172
================================================================
warning: entity 31 was directed to use 2 halite to move south, but only 0 halite was available
At command 17 of 17:
    15   m 27 o
    16   m 30 n
>>> 17   m 31 s


Turn 173
================================================================
warning: entity 14 was directed to use 4 halite to move east, but only 3 halite was available
At command 7 of 17:
    5   m 12 s
    6   m 13 w
>>> 7   m 14 e
    8   m 15 o
    9   m 16 n


Turn 175
================================================================
warning: entity 6 was directed to use 4 halite to move west, but only 3 halite was available
At command 3 of 15:
    1   m 2 o
    2   m 4 o
>>> 3   m 6 w
    4   m 8 o
    5   m 9 o

warning: entity 13 was directed to use 3 halite to move south, but only 0 halite was available
At command 6 of 15:
    4   m 8 o
    5   m 9 o
>>> 6   m 13 s
    7   m 14 o
    8   m 15 w


Turn 178
================================================================
warning: entity 2 was directed to use 2 halite to move west, but only 1 halite was available
At command 1 of 19:
>>> 1   m 2 w
    2   m 4 o
    3   m 6 o


Turn 180
================================================================
warning: entity 13 was directed to use 2 halite to move east, but only 0 halite was available
At command 7 of 19:
    5   m 9 o
    6   m 12 w
>>> 7   m 13 e
    8   m 14 o
    9   m 15 e


Turn 181
================================================================
warning: entity 12 was directed to use 1 halite to move west, but only 0 halite was available
At command 5 of 19:
    3   m 8 n
    4   m 9 o
>>> 5   m 12 w
    6   m 13 e
    7   m 14 e


Turn 184
================================================================
warning: entity 12 was directed to use 4 halite to move south, but only 0 halite was available
At command 6 of 20:
    4   m 8 w
    5   m 9 o
>>> 6   m 12 s
    7   m 13 e
    8   m 14 o


Turn 185
================================================================
warning: entity 8 was directed to use 3 halite to move east, but only 2 halite was available
At command 4 of 20:
    2   m 4 o
    3   m 6 o
>>> 4   m 8 e
    5   m 9 o
    6   m 12 s


Turn 186
================================================================
warning: entity 13 was directed to use 4 halite to move south, but only 1 halite was available
At command 7 of 20:
    5   m 9 s
    6   m 12 s
>>> 7   m 13 s
    8   m 14 o
    9   m 15 o


Turn 187
================================================================
warning: entity 35 was directed to use 3 halite to move south, but only 2 halite was available
At command 20 of 20:
    18   m 31 o
    19   m 34 s
>>> 20   m 35 s


Turn 190
================================================================
warning: entity 13 was directed to use 4 halite to move south, but only 3 halite was available
At command 7 of 20:
    5   m 9 o
    6   m 12 o
>>> 7   m 13 s
    8   m 14 o
    9   m 15 e

warning: entity 34 was directed to use 3 halite to move west, but only 2 halite was available
At command 19 of 20:
    17   m 30 o
    18   m 31 s
>>> 19   m 34 w
    20   m 35 s


Turn 193
================================================================
warning: entity 35 was directed to use 4 halite to move west, but only 2 halite was available
At command 18 of 18:
    16   m 31 o
    17   m 34 o
>>> 18   m 35 w


Turn 194
================================================================
warning: entity 8 was directed to use 5 halite to move north, but only 1 halite was available
At command 4 of 20:
    2   m 4 e
    3   m 6 e
>>> 4   m 8 n
    5   m 9 o
    6   m 12 s


Turn 196
================================================================
warning: entity 27 was directed to use 2 halite to move west, but only 0 halite was available
At command 16 of 20:
    14   m 25 e
    15   m 26 w
>>> 16   m 27 w
    17   m 30 o
    18   m 31 o


Turn 200
================================================================
warning: entity 4 was directed to use 1 halite to move west, but only 0 halite was available
At command 2 of 20:
    1   m 2 o
>>> 2   m 4 w
    3   m 6 n
    4   m 8 e


Turn 202
================================================================
warning: entity 15 was directed to use 2 halite to move east, but only 0 halite was available
At command 9 of 21:
    7   m 13 n
    8   m 14 w
>>> 9   m 15 e
    10   m 16 e
    11   m 19 w

warning: entity 27 was directed to use 4 halite to move west, but only 1 halite was available
At command 16 of 21:
    14   m 25 e
    15   m 26 w
>>> 16   m 27 w
    17   m 30 o
    18   m 34 n


Turn 204
================================================================
warning: entity 38 was directed to use 3 halite to move north, but only 0 halite was available
At command 21 of 22:
    19   m 34 e
    20   m 35 o
>>> 21   m 38 n
    22   m 39 w


Turn 206
================================================================
warning: entity 4 was directed to use 4 halite to move south, but only 3 halite was available
At command 2 of 21:
    1   m 2 o
>>> 2   m 4 s
    3   m 6 w
    4   m 8 o

warning: entity 6 was directed to use 1 halite to move west, but only 0 halite was available
At command 3 of 21:
    1   m 2 o
    2   m 4 s
>>> 3   m 6 w
    4   m 8 o
    5   m 9 o

warning: entity 15 was directed to use 1 halite to move south, but only 0 halite was available
At command 8 of 21:
    6   m 12 o
    7   m 14 w
>>> 8   m 15 s
    9   m 16 w
    10   m 19 o

warning: entity 39 was directed to use 3 halite to move south, but only 0 halite was available
At command 21 of 21:
    19   m 35 n
    20   m 38 o
>>> 21   m 39 s


Turn 208
================================================================
warning: entity 15 was directed to use 4 halite to move south, but only 3 halite was available
At command 9 of 22:
    7   m 13 w
    8   m 14 w
>>> 9   m 15 s
    10   m 16 n
    11   m 19 e


Turn 212
================================================================
warning: entity 42 was directed to use 5 halite to move north, but only 0 halite was available
At command 22 of 22:
    20   m 38 o
    21   m 39 s
>>> 22   m 42 n


Turn 213
================================================================
warning: entity 6 was directed to use 1 halite to move east, but only 0 halite was available
At command 3 of 22:
    1   m 2 o
    2   m 4 o
>>> 3   m 6 e
    4   m 8 o
    5   m 9 o

warning: entity 13 was directed to use 1 halite to move west, but only 0 halite was available
At command 7 of 22:
    5   m 9 o
    6   m 12 e
>>> 7   m 13 w
    8   m 15 o
    9   m 16 w


Turn 215
================================================================
warning: entity 13 was directed to use 4 halite to move west, but only 3 halite was available
At command 6 of 22:
    4   m 9 s
    5   m 12 s
>>> 6   m 13 w
    7   m 14 w
    8   m 15 s


Turn 217
================================================================
warning: entity 21 was directed to use 4 halite to move north, but only 3 halite was available
At command 13 of 23:
    11   m 19 n
    12   m 20 o
>>> 13   m 21 n
    14   m 25 n
    15   m 26 o

warning: entity 42 was directed to use 4 halite to move north, but only 0 halite was available
At command 23 of 23:
    21   m 38 o
    22   m 39 s
>>> 23   m 42 n


Turn 219
================================================================
warning: entity 14 was directed to use 3 halite to move north, but only 0 halite was available
At command 8 of 23:
    6   m 12 s
    7   m 13 o
>>> 8   m 14 n
    9   m 15 o
    10   m 16 w


Turn 220
================================================================
warning: entity 34 was directed to use 3 halite to move south, but only 0 halite was available
At command 19 of 25:
    17   m 30 w
    18   m 31 e
>>> 19   m 34 s
    20   m 35 o
    21   m 38 o


Turn 221
================================================================
warning: entity 20 was directed to use 2 halite to move east, but only 0 halite was available
At command 11 of 23:
    9   m 16 w
    10   m 19 n
>>> 11   m 20 e
    12   m 21 n
    13   m 25 n

warning: entity 45 was directed to use 3 halite to move east, but only 0 halite was available
At command 22 of 23:
    20   m 38 o
    21   m 42 o
>>> 22   m 45 e
    23   m 47 w


Turn 222
================================================================
warning: entity 21 was directed to use 5 halite to move north, but only 3 halite was available
At command 13 of 25:
    11   m 19 o
    12   m 20 e
>>> 13   m 21 n
    14   m 26 w
    15   m 27 s


Turn 223
================================================================
warning: entity 14 was directed to use 4 halite to move north, but only 2 halite was available
At command 8 of 26:
    6   m 12 w
    7   m 13 o
>>> 8   m 14 n
    9   m 15 o
    10   m 16 w

warning: entity 30 was directed to use 2 halite to move west, but only 0 halite was available
At command 17 of 26:
    15   m 26 w
    16   m 27 o
>>> 17   m 30 w
    18   m 31 o
    19   m 34 w


Turn 224
================================================================
warning: entity 16 was directed to use 2 halite to move west, but only 0 halite was available
At command 10 of 26:
    8   m 14 n
    9   m 15 o
>>> 10   m 16 w
    11   m 19 n
    12   m 20 s

warning: entity 25 was directed to use 1 halite to move east, but only 0 halite was available
At command 14 of 26:
    12   m 20 s
    13   m 21 n
>>> 14   m 25 e
    15   m 26 o
    16   m 27 o


Turn 225
================================================================
warning: entity 45 was directed to use 2 halite to move east, but only 1 halite was available
At command 23 of 25:
    21   m 39 o
    22   m 42 o
>>> 23   m 45 e
    24   m 47 w
    25   m 48 w


Turn 226
================================================================
warning: entity 20 was directed to use 3 halite to move south, but only 0 halite was available
At command 12 of 26:
    10   m 16 w
    11   m 19 w
>>> 12   m 20 s
    13   m 21 o
    14   m 25 e


Turn 227
================================================================
warning: entity 16 was directed to use 4 halite to move north, but only 0 halite was available
At command 10 of 26:
    8   m 14 o
    9   m 15 s
>>> 10   m 16 n
    11   m 19 w
    12   m 20 s

warning: entity 25 was directed to use 4 halite to move east, but only 2 halite was available
At command 14 of 26:
    12   m 20 s
    13   m 21 o
>>> 14   m 25 e
    15   m 26 e
    16   m 27 s

warning: entity 30 was directed to use 3 halite to move north, but only 1 halite was available
At command 17 of 26:
    15   m 26 e
    16   m 27 s
>>> 17   m 30 n
    18   m 31 e
    19   m 34 o

warning: entity 31 was directed to use 1 halite to move east, but only 0 halite was available
At command 18 of 26:
    16   m 27 s
    17   m 30 n
>>> 18   m 31 e
    19   m 34 o
    20   m 35 o

warning: entity 47 was directed to use 1 halite to move west, but only 0 halite was available
At command 25 of 26:
    23   m 42 o
    24   m 45 e
>>> 25   m 47 w
    26   m 48 w


Turn 229
================================================================
warning: entity 20 was directed to use 4 halite to move south, but only 3 halite was available
At command 10 of 23:
    8   m 16 w
    9   m 19 e
>>> 10   m 20 s
    11   m 21 n
    12   m 25 e


Turn 230
================================================================
warning: entity 31 was directed to use 3 halite to move south, but only 2 halite was available
At command 18 of 26:
    16   m 27 o
    17   m 30 o
>>> 18   m 31 s
    19   m 34 w
    20   m 35 o


Turn 231
================================================================
warning: entity 16 was directed to use 4 halite to move west, but only 3 halite was available
At command 10 of 26:
    8   m 14 n
    9   m 15 o
>>> 10   m 16 w
    11   m 19 e
    12   m 20 n

warning: entity 47 was directed to use 4 halite to move west, but only 0 halite was available
At command 25 of 26:
    23   m 42 o
    24   m 45 o
>>> 25   m 47 w
    26   m 48 w

warning: entity 48 was directed to use 3 halite to move west, but only 2 halite was available
At command 26 of 26:
    24   m 45 o
    25   m 47 w
>>> 26   m 48 w


Turn 232
================================================================
warning: entity 9 was directed to use 1 halite to move east, but only 0 halite was available
At command 5 of 26:
    3   m 6 n
    4   m 8 o
>>> 5   m 9 e
    6   m 12 w
    7   m 13 o


Turn 233
================================================================
warning: entity 20 was directed to use 4 halite to move south, but only 3 halite was available
At command 11 of 25:
    9   m 16 o
    10   m 19 s
>>> 11   m 20 s
    12   m 21 o
    13   m 25 o


Turn 235
================================================================
warning: entity 9 was directed to use 2 halite to move east, but only 1 halite was available
At command 5 of 26:
    3   m 6 e
    4   m 8 e
>>> 5   m 9 e
    6   m 12 n
    7   m 13 o


Turn 236
================================================================
warning: entity 31 was directed to use 3 halite to move south, but only 1 halite was available
At command 17 of 25:
    15   m 27 o
    16   m 30 o
>>> 17   m 31 s
    18   m 34 w
    19   m 35 n

warning: entity 48 was directed to use 3 halite to move west, but only 0 halite was available
At command 25 of 25:
    23   m 45 e
    24   m 47 o
>>> 25   m 48 w


Turn 237
================================================================
warning: entity 6 was directed to use 1 halite to move south, but only 0 halite was available
At command 3 of 26:
    1   m 2 n
    2   m 4 o
>>> 3   m 6 s
    4   m 8 o
    5   m 9 e


Turn 238
================================================================
warning: entity 9 was directed to use 4 halite to move east, but only 1 halite was available
At command 5 of 26:
    3   m 6 s
    4   m 8 e
>>> 5   m 9 e
    6   m 12 w
    7   m 13 o


Turn 240
================================================================
warning: entity 48 was directed to use 4 halite to move west, but only 0 halite was available
At command 24 of 24:
    22   m 45 e
    23   m 47 o
>>> 24   m 48 w


Turn 242
================================================================
warning: entity 9 was directed to use 1 halite to move east, but only 0 halite was available
At command 5 of 25:
    3   m 6 s
    4   m 8 n
>>> 5   m 9 e
    6   m 12 w
    7   m 13 o


Turn 243
================================================================
warning: entity 19 was directed to use 2 halite to move east, but only 0 halite was available
At command 10 of 25:
    8   m 15 s
    9   m 16 o
>>> 10   m 19 e
    11   m 20 s
    12   m 21 o


Turn 244
================================================================
warning: entity 12 was directed to use 1 halite to move west, but only 0 halite was available
At command 6 of 25:
    4   m 8 n
    5   m 9 o
>>> 6   m 12 w
    7   m 13 o
    8   m 14 o


Turn 246
================================================================
warning: entity 12 was directed to use 4 halite to move west, but only 3 halite was available
At command 6 of 26:
    4   m 8 n
    5   m 9 o
>>> 6   m 12 w
    7   m 13 e
    8   m 14 o

warning: entity 19 was directed to use 5 halite to move south, but only 4 halite was available
At command 11 of 26:
    9   m 15 o
    10   m 16 o
>>> 11   m 19 s
    12   m 20 o
    13   m 21 e

warning: entity 26 was directed to use 2 halite to move east, but only 0 halite was available
At command 15 of 26:
    13   m 21 e
    14   m 25 o
>>> 15   m 26 e
    16   m 27 o
    17   m 30 o


Turn 247
================================================================
warning: entity 38 was directed to use 1 halite to move west, but only 0 halite was available
At command 21 of 26:
    19   m 34 s
    20   m 35 e
>>> 21   m 38 w
    22   m 39 e
    23   m 42 o


Turn 249
================================================================
warning: entity 35 was directed to use 1 halite to move east, but only 0 halite was available
At command 19 of 25:
    17   m 30 n
    18   m 31 w
>>> 19   m 35 e
    20   m 38 w
    21   m 39 n


Turn 251
================================================================
warning: entity 12 was directed to use 4 halite to move west, but only 0 halite was available
At command 5 of 25:
    3   m 6 o
    4   m 9 o
>>> 5   m 12 w
    6   m 13 e
    7   m 14 o

warning: entity 38 was directed to use 3 halite to move west, but only 1 halite was available
At command 20 of 25:
    18   m 34 e
    19   m 35 e
>>> 20   m 38 w
    21   m 39 n
    22   m 42 o


Turn 252
================================================================
warning: entity 2 was directed to use 1 halite to move east, but only 0 halite was available
At command 1 of 25:
>>> 1   m 2 e
    2   m 4 n
    3   m 6 o

warning: entity 35 was directed to use 3 halite to move east, but only 2 halite was available
At command 19 of 25:
    17   m 31 o
    18   m 34 e
>>> 19   m 35 e
    20   m 38 w
    21   m 39 o


Turn 255
================================================================
warning: entity 38 was directed to use 3 halite to move west, but only 2 halite was available
At command 21 of 26:
    19   m 34 e
    20   m 35 s
>>> 21   m 38 w
    22   m 39 e
    23   m 42 o


Turn 256
================================================================
warning: entity 2 was directed to use 4 halite to move south, but only 0 halite was available
At command 1 of 25:
>>> 1   m 2 s
    2   m 4 n
    3   m 6 o

warning: entity 8 was directed to use 1 halite to move east, but only 0 halite was available
At command 4 of 25:
    2   m 4 n
    3   m 6 o
>>> 4   m 8 e
    5   m 9 n
    6   m 12 o


Turn 259
================================================================
warning: entity 8 was directed to use 3 halite to move east, but only 2 halite was available
At command 4 of 26:
    2   m 4 n
    3   m 6 o
>>> 4   m 8 e
    5   m 9 s
    6   m 12 o

warning: entity 39 was directed to use 4 halite to move south, but only 0 halite was available
At command 22 of 26:
    20   m 35 o
    21   m 38 n
>>> 22   m 39 s
    23   m 42 o
    24   m 45 s


Turn 260
================================================================
warning: entity 2 was directed to use 4 halite to move north, but only 0 halite was available
At command 1 of 24:
>>> 1   m 2 n
    2   m 4 n
    3   m 6 s

warning: entity 38 was directed to use 3 halite to move north, but only 1 halite was available
At command 20 of 24:
    18   m 34 e
    19   m 35 o
>>> 20   m 38 n
    21   m 39 s
    22   m 45 s


Turn 263
================================================================
warning: entity 4 was directed to use 1 halite to move north, but only 0 halite was available
At command 2 of 26:
    1   m 2 e
>>> 2   m 4 n
    3   m 6 o
    4   m 8 o

warning: entity 39 was directed to use 4 halite to move south, but only 2 halite was available
At command 22 of 26:
    20   m 35 s
    21   m 38 o
>>> 22   m 39 s
    23   m 42 s
    24   m 45 o


Turn 264
================================================================
warning: entity 2 was directed to use 4 halite to move west, but only 1 halite was available
At command 1 of 24:
>>> 1   m 2 w
    2   m 4 n
    3   m 6 o


Turn 265
================================================================
warning: entity 4 was directed to use 4 halite to move north, but only 3 halite was available
At command 2 of 25:
    1   m 2 e
>>> 2   m 4 n
    3   m 6 s
    4   m 8 s

warning: entity 13 was directed to use 1 halite to move west, but only 0 halite was available
At command 6 of 25:
    4   m 8 s
    5   m 9 e
>>> 6   m 13 w
    7   m 14 e
    8   m 15 n


Turn 267
================================================================
warning: entity 39 was directed to use 4 halite to move south, but only 3 halite was available
At command 20 of 24:
    18   m 35 o
    19   m 38 o
>>> 20   m 39 s
    21   m 42 s
    22   m 45 o


Turn 268
================================================================
warning: entity 2 was directed to use 4 halite to move north, but only 2 halite was available
At command 1 of 25:
>>> 1   m 2 n
    2   m 4 n
    3   m 6 o

warning: entity 13 was directed to use 3 halite to move west, but only 0 halite was available
At command 6 of 25:
    4   m 8 s
    5   m 9 o
>>> 6   m 13 w
    7   m 14 o
    8   m 15 n


Turn 270
================================================================
warning: entity 34 was directed to use 3 halite to move north, but only 0 halite was available
At command 17 of 24:
    15   m 30 o
    16   m 31 o
>>> 17   m 34 n
    18   m 35 o
    19   m 38 n


Turn 271
================================================================
warning: entity 4 was directed to use 4 halite to move north, but only 2 halite was available
At command 2 of 24:
    1   m 2 w
>>> 2   m 4 n
    3   m 6 o
    4   m 8 s

warning: entity 13 was directed to use 4 halite to move west, but only 3 halite was available
At command 6 of 24:
    4   m 8 s
    5   m 9 e
>>> 6   m 13 w
    7   m 14 o
    8   m 15 n


Turn 272
================================================================
warning: entity 21 was directed to use 2 halite to move north, but only 0 halite was available
At command 12 of 25:
    10   m 19 s
    11   m 20 o
>>> 12   m 21 n
    13   m 25 o
    14   m 26 s


Turn 273
================================================================
warning: entity 2 was directed to use 3 halite to move south, but only 0 halite was available
At command 1 of 24:
>>> 1   m 2 s
    2   m 4 n
    3   m 6 o

warning: entity 15 was directed to use 2 halite to move north, but only 0 halite was available
At command 8 of 24:
    6   m 13 s
    7   m 14 s
>>> 8   m 15 n
    9   m 19 s
    10   m 20 o

warning: entity 27 was directed to use 3 halite to move west, but only 0 halite was available
At command 14 of 24:
    12   m 25 o
    13   m 26 s
>>> 14   m 27 w
    15   m 30 o
    16   m 31 o


Turn 274
================================================================
warning: entity 8 was directed to use 4 halite to move north, but only 3 halite was available
At command 4 of 25:
    2   m 4 n
    3   m 6 o
>>> 4   m 8 n
    5   m 9 o
    6   m 13 s


Turn 275
================================================================
warning: entity 4 was directed to use 4 halite to move north, but only 3 halite was available
At command 2 of 25:
    1   m 2 s
>>> 2   m 4 n
    3   m 6 o
    4   m 8 s

warning: entity 34 was directed to use 3 halite to move north, but only 1 halite was available
At command 18 of 25:
    16   m 30 o
    17   m 31 o
>>> 18   m 34 n
    19   m 35 o
    20   m 38 o


Turn 276
================================================================
warning: entity 39 was directed to use 3 halite to move north, but only 0 halite was available
At command 21 of 25:
    19   m 35 o
    20   m 38 o
>>> 21   m 39 n
    22   m 42 e
    23   m 45 o


Turn 277
================================================================
warning: entity 2 was directed to use 4 halite to move east, but only 0 halite was available
At command 1 of 25:
>>> 1   m 2 e
    2   m 4 n
    3   m 6 o

warning: entity 27 was directed to use 3 halite to move west, but only 0 halite was available
At command 15 of 25:
    13   m 25 o
    14   m 26 o
>>> 15   m 27 w
    16   m 30 o
    17   m 31 w


Turn 278
================================================================
warning: entity 15 was directed to use 2 halite to move west, but only 0 halite was available
At command 8 of 24:
    6   m 13 o
    7   m 14 s
>>> 8   m 15 w
    9   m 16 e
    10   m 19 s


Turn 279
================================================================
warning: entity 4 was directed to use 4 halite to move north, but only 3 halite was available
At command 2 of 25:
    1   m 2 s
>>> 2   m 4 n
    3   m 6 o
    4   m 8 e

warning: entity 8 was directed to use 4 halite to move east, but only 0 halite was available
At command 4 of 25:
    2   m 4 n
    3   m 6 o
>>> 4   m 8 e
    5   m 9 o
    6   m 13 o


Turn 280
================================================================
warning: entity 21 was directed to use 4 halite to move south, but only 0 halite was available
At command 12 of 24:
    10   m 19 o
    11   m 20 o
>>> 12   m 21 s
    13   m 25 o
    14   m 26 o

warning: entity 27 was directed to use 4 halite to move west, but only 3 halite was available
At command 15 of 24:
    13   m 25 o
    14   m 26 o
>>> 15   m 27 w
    16   m 30 e
    17   m 31 o


Turn 282
================================================================
warning: entity 2 was directed to use 3 halite to move west, but only 0 halite was available
At command 1 of 24:
>>> 1   m 2 w
    2   m 4 n
    3   m 6 o

warning: entity 15 was directed to use 3 halite to move north, but only 0 halite was available
At command 8 of 24:
    6   m 13 o
    7   m 14 s
>>> 8   m 15 n
    9   m 16 o
    10   m 19 o


Turn 283
================================================================
warning: entity 4 was directed to use 4 halite to move north, but only 3 halite was available
At command 2 of 24:
    1   m 2 w
>>> 2   m 4 n
    3   m 6 o
    4   m 8 e

warning: entity 8 was directed to use 4 halite to move east, but only 1 halite was available
At command 4 of 24:
    2   m 4 n
    3   m 6 o
>>> 4   m 8 e
    5   m 9 o
    6   m 13 e

warning: entity 34 was directed to use 4 halite to move north, but only 0 halite was available
At command 18 of 24:
    16   m 30 o
    17   m 31 o
>>> 18   m 34 n
    19   m 35 o
    20   m 38 n


Turn 285
================================================================
warning: entity 42 was directed to use 2 halite to move east, but only 0 halite was available
At command 22 of 25:
    20   m 38 o
    21   m 39 e
>>> 22   m 42 e
    23   m 45 w
    24   m 47 o


Turn 286
================================================================
warning: entity 2 was directed to use 4 halite to move west, but only 2 halite was available
At command 1 of 25:
>>> 1   m 2 w
    2   m 4 o
    3   m 6 s

warning: entity 15 was directed to use 3 halite to move north, but only 0 halite was available
At command 8 of 25:
    6   m 13 o
    7   m 14 o
>>> 8   m 15 n
    9   m 16 e
    10   m 19 o


Turn 287
================================================================
warning: entity 8 was directed to use 4 halite to move south, but only 3 halite was available
At command 4 of 25:
    2   m 4 o
    3   m 6 o
>>> 4   m 8 s
    5   m 9 o
    6   m 13 o

warning: entity 34 was directed to use 4 halite to move north, but only 1 halite was available
At command 18 of 25:
    16   m 30 s
    17   m 31 w
>>> 18   m 34 n
    19   m 35 o
    20   m 38 o


Turn 289
================================================================
warning: entity 15 was directed to use 4 halite to move north, but only 3 halite was available
At command 8 of 25:
    6   m 13 o
    7   m 14 s
>>> 8   m 15 n
    9   m 16 o
    10   m 19 o


Turn 291
================================================================
warning: entity 2 was directed to use 3 halite to move south, but only 2 halite was available
At command 1 of 24:
>>> 1   m 2 s
    2   m 4 n
    3   m 6 s


Turn 293
================================================================
warning: entity 14 was directed to use 1 halite to move north, but only 0 halite was available
At command 6 of 23:
    4   m 9 o
    5   m 13 o
>>> 6   m 14 n
    7   m 15 n
    8   m 16 e


Turn 295
================================================================
warning: entity 2 was directed to use 3 halite to move south, but only 1 halite was available
At command 1 of 24:
>>> 1   m 2 s
    2   m 4 o
    3   m 6 o


Turn 296
================================================================
warning: entity 14 was directed to use 4 halite to move north, but only 2 halite was available
At command 7 of 25:
    5   m 9 o
    6   m 13 o
>>> 7   m 14 n
    8   m 15 s
    9   m 16 n


Turn 297
================================================================
warning: entity 8 was directed to use 4 halite to move south, but only 2 halite was available
At command 4 of 25:
    2   m 4 o
    3   m 6 w
>>> 4   m 8 s
    5   m 9 o
    6   m 13 o


Turn 299
================================================================
warning: entity 2 was directed to use 4 halite to move west, but only 1 halite was available
At command 1 of 25:
>>> 1   m 2 w
    2   m 4 o
    3   m 6 n


Turn 302
================================================================
warning: entity 8 was directed to use 4 halite to move west, but only 1 halite was available
At command 4 of 25:
    2   m 4 n
    3   m 6 o
>>> 4   m 8 w
    5   m 9 o
    6   m 13 s

warning: entity 14 was directed to use 4 halite to move north, but only 2 halite was available
At command 7 of 25:
    5   m 9 o
    6   m 13 s
>>> 7   m 14 n
    8   m 15 o
    9   m 16 n


Turn 307
================================================================
warning: entity 8 was directed to use 4 halite to move east, but only 0 halite was available
At command 4 of 24:
    2   m 4 o
    3   m 6 n
>>> 4   m 8 e
    5   m 9 e
    6   m 13 s


Turn 309
================================================================
warning: entity 48 was directed to use 2 halite to move north, but only 0 halite was available
At command 24 of 24:
    22   m 45 o
    23   m 47 n
>>> 24   m 48 n


Turn 312
================================================================
warning: entity 48 was directed to use 1 halite to move west, but only 0 halite was available
At command 25 of 25:
    23   m 45 w
    24   m 47 o
>>> 25   m 48 w


Turn 315
================================================================
warning: entity 48 was directed to use 2 halite to move west, but only 1 halite was available
At command 24 of 24:
    22   m 45 w
    23   m 47 o
>>> 24   m 48 w


Turn 317
================================================================
warning: entity 16 was directed to use 2 halite to move west, but only 0 halite was available
At command 9 of 24:
    7   m 14 n
    8   m 15 o
>>> 9   m 16 w
    10   m 19 s
    11   m 20 e

warning: entity 27 was directed to use 1 halite to move north, but only 0 halite was available
At command 15 of 24:
    13   m 25 n
    14   m 26 o
>>> 15   m 27 n
    16   m 30 w
    17   m 31 o


Turn 320
================================================================
warning: entity 16 was directed to use 4 halite to move west, but only 3 halite was available
At command 9 of 24:
    7   m 14 n
    8   m 15 o
>>> 9   m 16 w
    10   m 19 e
    11   m 21 o

warning: entity 45 was directed to use 1 halite to move west, but only 0 halite was available
At command 22 of 24:
    20   m 39 o
    21   m 42 o
>>> 22   m 45 w
    23   m 47 w
    24   m 48 o


Turn 321
================================================================
warning: entity 27 was directed to use 3 halite to move north, but only 1 halite was available
At command 15 of 25:
    13   m 25 n
    14   m 26 o
>>> 15   m 27 n
    16   m 30 w
    17   m 31 n


Turn 323
================================================================
warning: entity 30 was directed to use 2 halite to move west, but only 0 halite was available
At command 16 of 25:
    14   m 26 o
    15   m 27 n
>>> 16   m 30 w
    17   m 31 n
    18   m 34 o

warning: entity 45 was directed to use 3 halite to move west, but only 2 halite was available
At command 23 of 25:
    21   m 39 n
    22   m 42 w
>>> 23   m 45 w
    24   m 47 w
    25   m 48 o


Turn 325
================================================================
warning: entity 16 was directed to use 4 halite to move west, but only 3 halite was available
At command 9 of 25:
    7   m 14 n
    8   m 15 o
>>> 9   m 16 w
    10   m 19 o
    11   m 20 w


Turn 326
================================================================
warning: entity 47 was directed to use 1 halite to move west, but only 0 halite was available
At command 24 of 25:
    22   m 42 o
    23   m 45 w
>>> 24   m 47 w
    25   m 48 o


Turn 327
================================================================
warning: entity 27 was directed to use 3 halite to move north, but only 1 halite was available
At command 15 of 25:
    13   m 25 n
    14   m 26 s
>>> 15   m 27 n
    16   m 30 w
    17   m 31 n

warning: entity 30 was directed to use 4 halite to move west, but only 2 halite was available
At command 16 of 25:
    14   m 26 s
    15   m 27 n
>>> 16   m 30 w
    17   m 31 n
    18   m 34 o


Turn 328
================================================================
warning: entity 45 was directed to use 3 halite to move west, but only 0 halite was available
At command 23 of 25:
    21   m 39 n
    22   m 42 o
>>> 23   m 45 w
    24   m 47 w
    25   m 48 o


Turn 329
================================================================
warning: entity 47 was directed to use 2 halite to move west, but only 1 halite was available
At command 24 of 25:
    22   m 42 n
    23   m 45 w
>>> 24   m 47 w
    25   m 48 o


Turn 331
================================================================
warning: entity 27 was directed to use 3 halite to move north, but only 1 halite was available
At command 15 of 25:
    13   m 25 n
    14   m 26 s
>>> 15   m 27 n
    16   m 30 w
    17   m 31 n


Turn 333
================================================================
warning: entity 30 was directed to use 1 halite to move west, but only 0 halite was available
At command 16 of 24:
    14   m 26 s
    15   m 27 n
>>> 16   m 30 w
    17   m 31 n
    18   m 34 o

warning: entity 47 was directed to use 3 halite to move west, but only 1 halite was available
At command 23 of 24:
    21   m 39 w
    22   m 42 o
>>> 23   m 47 w
    24   m 48 o


Turn 335
================================================================
warning: entity 27 was directed to use 3 halite to move north, but only 1 halite was available
At command 15 of 24:
    13   m 25 o
    14   m 26 s
>>> 15   m 27 n
    16   m 30 w
    17   m 31 n

warning: entity 30 was directed to use 4 halite to move west, but only 3 halite was available
At command 16 of 24:
    14   m 26 s
    15   m 27 n
>>> 16   m 30 w
    17   m 31 n
    18   m 34 o


Turn 339
================================================================
warning: entity 27 was directed to use 3 halite to move north, but only 1 halite was available
At command 15 of 24:
    13   m 25 e
    14   m 26 s
>>> 15   m 27 n
    16   m 30 o
    17   m 31 n


Turn 340
================================================================
warning: entity 39 was directed to use 2 halite to move west, but only 0 halite was available
At command 20 of 23:
    18   m 35 n
    19   m 38 s
>>> 20   m 39 w
    21   m 42 o
    22   m 47 w


Turn 342
================================================================
warning: entity 25 was directed to use 1 halite to move south, but only 0 halite was available
At command 13 of 23:
    11   m 20 w
    12   m 21 n
>>> 13   m 25 s
    14   m 26 s
    15   m 27 n


Turn 343
================================================================
warning: entity 27 was directed to use 3 halite to move north, but only 2 halite was available
At command 14 of 23:
    12   m 25 s
    13   m 26 s
>>> 14   m 27 n
    15   m 30 w
    16   m 31 w


Turn 344
================================================================
warning: entity 6 was directed to use 1 halite to move west, but only 0 halite was available
At command 3 of 24:
    1   m 2 w
    2   m 4 o
>>> 3   m 6 w
    4   m 8 o
    5   m 9 e

warning: entity 25 was directed to use 4 halite to move south, but only 3 halite was available
At command 13 of 24:
    11   m 20 w
    12   m 21 o
>>> 13   m 25 s
    14   m 26 s
    15   m 27 n

warning: entity 39 was directed to use 2 halite to move west, but only 1 halite was available
At command 21 of 24:
    19   m 35 n
    20   m 38 n
>>> 21   m 39 w
    22   m 42 o
    23   m 47 w

warning: entity 47 was directed to use 2 halite to move west, but only 1 halite was available
At command 23 of 24:
    21   m 39 w
    22   m 42 o
>>> 23   m 47 w
    24   m 48 o


Turn 345
================================================================
warning: entity 38 was directed to use 1 halite to move east, but only 0 halite was available
At command 17 of 21:
    15   m 34 n
    16   m 35 n
>>> 17   m 38 e
    18   m 39 w
    19   m 42 e


Turn 347
================================================================
warning: entity 27 was directed to use 4 halite to move north, but only 2 halite was available
At command 14 of 23:
    12   m 25 s
    13   m 26 s
>>> 14   m 27 n
    15   m 30 w
    16   m 31 w

warning: entity 47 was directed to use 4 halite to move north, but only 3 halite was available
At command 22 of 23:
    20   m 39 w
    21   m 42 o
>>> 22   m 47 n
    23   m 48 w


Turn 348
================================================================
warning: entity 6 was directed to use 2 halite to move west, but only 0 halite was available
At command 3 of 23:
    1   m 2 o
    2   m 4 o
>>> 3   m 6 w
    4   m 8 o
    5   m 9 e


Turn 349
================================================================
warning: entity 25 was directed to use 4 halite to move south, but only 1 halite was available
At command 12 of 23:
    10   m 19 w
    11   m 21 n
>>> 12   m 25 s
    13   m 26 s
    14   m 27 n


Turn 350
================================================================
warning: entity 31 was directed to use 1 halite to move west, but only 0 halite was available
At command 16 of 23:
    14   m 27 n
    15   m 30 n
>>> 16   m 31 w
    17   m 34 o
    18   m 35 n

warning: entity 38 was directed to use 2 halite to move north, but only 0 halite was available
At command 19 of 23:
    17   m 34 o
    18   m 35 n
>>> 19   m 38 n
    20   m 39 w
    21   m 42 o


Turn 351
================================================================
warning: entity 26 was directed to use 2 halite to move south, but only 0 halite was available
At command 13 of 21:
    11   m 21 n
    12   m 25 s
>>> 13   m 26 s
    14   m 27 e
    15   m 30 n


Turn 352
================================================================
warning: entity 6 was directed to use 1 halite to move west, but only 0 halite was available
At command 3 of 23:
    1   m 2 o
    2   m 4 o
>>> 3   m 6 w
    4   m 8 n
    5   m 9 s

warning: entity 27 was directed to use 5 halite to move north, but only 0 halite was available
At command 14 of 23:
    12   m 25 s
    13   m 26 s
>>> 14   m 27 n
    15   m 30 n
    16   m 31 w


Turn 353
================================================================
warning: entity 25 was directed to use 3 halite to move south, but only 1 halite was available
At command 11 of 22:
    9   m 19 w
    10   m 21 n
>>> 11   m 25 s
    12   m 26 s
    13   m 27 e


Turn 354
================================================================
warning: entity 19 was directed to use 1 halite to move west, but only 0 halite was available
At command 10 of 23:
    8   m 15 o
    9   m 16 o
>>> 10   m 19 w
    11   m 21 n
    12   m 25 s

warning: entity 26 was directed to use 2 halite to move south, but only 1 halite was available
At command 13 of 23:
    11   m 21 n
    12   m 25 s
>>> 13   m 26 s
    14   m 27 o
    15   m 30 n

warning: entity 31 was directed to use 1 halite to move west, but only 0 halite was available
At command 16 of 23:
    14   m 27 o
    15   m 30 n
>>> 16   m 31 w
    17   m 34 o
    18   m 35 w

warning: entity 38 was directed to use 2 halite to move north, but only 0 halite was available
At command 19 of 23:
    17   m 34 o
    18   m 35 w
>>> 19   m 38 n
    20   m 39 n
    21   m 42 s

warning: entity 39 was directed to use 1 halite to move north, but only 0 halite was available
At command 20 of 23:
    18   m 35 w
    19   m 38 n
>>> 20   m 39 n
    21   m 42 s
    22   m 47 o


Turn 357
================================================================
warning: entity 25 was directed to use 4 halite to move south, but only 2 halite was available
At command 10 of 21:
    8   m 19 w
    9   m 21 n
>>> 10   m 25 s
    11   m 26 w
    12   m 27 o

warning: entity 31 was directed to use 2 halite to move west, but only 1 halite was available
At command 14 of 21:
    12   m 27 o
    13   m 30 o
>>> 14   m 31 w
    15   m 34 s
    16   m 35 w

warning: entity 38 was directed to use 2 halite to move north, but only 1 halite was available
At command 17 of 21:
    15   m 34 s
    16   m 35 w
>>> 17   m 38 n
    18   m 39 w
    19   m 42 s


Turn 361
================================================================
warning: entity 38 was directed to use 3 halite to move north, but only 1 halite was available
At command 18 of 22:
    16   m 34 s
    17   m 35 w
>>> 18   m 38 n
    19   m 39 o
    20   m 42 s


Turn 362
================================================================
warning: entity 25 was directed to use 4 halite to move south, but only 0 halite was available
At command 11 of 22:
    9   m 19 w
    10   m 21 n
>>> 11   m 25 s
    12   m 26 n
    13   m 27 o

warning: entity 35 was directed to use 1 halite to move west, but only 0 halite was available
At command 17 of 22:
    15   m 31 w
    16   m 34 o
>>> 17   m 35 w
    18   m 38 n
    19   m 39 o


Turn 363
================================================================
warning: entity 13 was directed to use 2 halite to move south, but only 0 halite was available
At command 5 of 22:
    3   m 8 n
    4   m 9 s
>>> 5   m 13 s
    6   m 14 s
    7   m 15 o

warning: entity 26 was directed to use 1 halite to move north, but only 0 halite was available
At command 12 of 22:
    10   m 21 n
    11   m 25 s
>>> 12   m 26 n
    13   m 27 o
    14   m 30 n


Turn 365
================================================================
warning: entity 38 was directed to use 3 halite to move north, but only 2 halite was available
At command 16 of 20:
    14   m 34 s
    15   m 35 w
>>> 16   m 38 n
    17   m 39 o
    18   m 42 s


Turn 366
================================================================
warning: entity 13 was directed to use 4 halite to move west, but only 2 halite was available
At command 5 of 21:
    3   m 8 n
    4   m 9 w
>>> 5   m 13 w
    6   m 14 o
    7   m 15 s

warning: entity 31 was directed to use 4 halite to move south, but only 2 halite was available
At command 14 of 21:
    12   m 27 o
    13   m 30 n
>>> 14   m 31 s
    15   m 34 o
    16   m 35 w

warning: entity 35 was directed to use 1 halite to move west, but only 0 halite was available
At command 16 of 21:
    14   m 31 s
    15   m 34 o
>>> 16   m 35 w
    17   m 38 n
    18   m 39 o


Turn 367
================================================================
warning: entity 26 was directed to use 2 halite to move north, but only 1 halite was available
At command 11 of 21:
    9   m 21 n
    10   m 25 o
>>> 11   m 26 n
    12   m 27 o
    13   m 30 n


Turn 370
================================================================
warning: entity 38 was directed to use 2 halite to move north, but only 1 halite was available
At command 16 of 19:
    14   m 34 s
    15   m 35 w
>>> 16   m 38 n
    17   m 39 s
    18   m 42 s


Turn 372
================================================================
warning: entity 26 was directed to use 2 halite to move north, but only 1 halite was available
At command 11 of 19:
    9   m 21 n
    10   m 25 o
>>> 11   m 26 n
    12   m 27 o
    13   m 30 n


Turn 373
================================================================
warning: entity 38 was directed to use 3 halite to move north, but only 2 halite was available
At command 15 of 18:
    13   m 30 n
    14   m 34 o
>>> 15   m 38 n
    16   m 39 e
    17   m 42 s


Turn 377
================================================================
warning: entity 26 was directed to use 2 halite to move north, but only 1 halite was available
At command 11 of 17:
    9   m 21 o
    10   m 25 w
>>> 11   m 26 n
    12   m 27 o
    13   m 30 n

warning: entity 38 was directed to use 4 halite to move east, but only 3 halite was available
At command 15 of 17:
    13   m 30 n
    14   m 34 s
>>> 15   m 38 e
    16   m 39 o
    17   m 47 o


Turn 381
================================================================
warning: entity 26 was directed to use 2 halite to move north, but only 1 halite was available
At command 10 of 17:
    8   m 16 s
    9   m 21 n
>>> 10   m 26 n
    11   m 27 s
    12   m 30 e


Turn 382
================================================================
warning: entity 38 was directed to use 4 halite to move east, but only 0 halite was available
At command 14 of 17:
    12   m 30 e
    13   m 34 s
>>> 14   m 38 e
    15   m 39 o
    16   m 42 w


Turn 385
================================================================
warning: entity 26 was directed to use 2 halite to move north, but only 1 halite was available
At command 9 of 16:
    7   m 16 o
    8   m 21 n
>>> 9   m 26 n
    10   m 27 o
    11   m 30 e

warning: entity 42 was directed to use 1 halite to move west, but only 0 halite was available
At command 15 of 16:
    13   m 38 o
    14   m 39 o
>>> 15   m 42 w
    16   m 47 o


Turn 387
================================================================
warning: entity 4 was directed to use 1 halite to move south, but only 0 halite was available
At command 1 of 17:
>>> 1   m 4 s
    2   m 6 o
    3   m 8 w


Turn 388
================================================================
warning: entity 8 was directed to use 2 halite to move west, but only 0 halite was available
At command 3 of 16:
    1   m 4 s
    2   m 6 o
>>> 3   m 8 w
    4   m 9 n
    5   m 13 s


Turn 389
================================================================
warning: entity 26 was directed to use 1 halite to move north, but only 0 halite was available
At command 10 of 17:
    8   m 16 o
    9   m 21 o
>>> 10   m 26 n
    11   m 27 o
    12   m 30 e

warning: entity 42 was directed to use 3 halite to move west, but only 1 halite was available
At command 16 of 17:
    14   m 38 o
    15   m 39 o
>>> 16   m 42 w
    17   m 47 n


Turn 390
================================================================
warning: entity 4 was directed to use 1 halite to move south, but only 0 halite was available
At command 1 of 17:
>>> 1   m 4 s
    2   m 6 o
    3   m 8 w


Turn 392
================================================================
warning: entity 26 was directed to use 2 halite to move north, but only 0 halite was available
At command 9 of 16:
    7   m 16 e
    8   m 21 o
>>> 9   m 26 n
    10   m 27 s
    11   m 30 e


Turn 393
================================================================
warning: entity 15 was directed to use 3 halite to move north, but only 0 halite was available
At command 7 of 17:
    5   m 13 n
    6   m 14 n
>>> 7   m 15 n
    8   m 16 e
    9   m 21 n


Turn 394
================================================================
warning: entity 4 was directed to use 4 halite to move south, but only 3 halite was available
At command 1 of 15:
>>> 1   m 4 s
    2   m 6 o
    3   m 8 w

warning: entity 34 was directed to use 2 halite to move south, but only 0 halite was available
At command 11 of 15:
    9   m 27 s
    10   m 30 e
>>> 11   m 34 s
    12   m 38 o
    13   m 39 n

warning: entity 42 was directed to use 3 halite to move west, but only 0 halite was available
At command 14 of 15:
    12   m 38 o
    13   m 39 n
>>> 14   m 42 w
    15   m 47 e


Turn 395
================================================================
warning: entity 26 was directed to use 4 halite to move east, but only 2 halite was available
At command 10 of 16:
    8   m 16 e
    9   m 21 n
>>> 10   m 26 e
    11   m 27 o
    12   m 30 e


Turn 397
================================================================
warning: entity 15 was directed to use 3 halite to move north, but only 2 halite was available
At command 7 of 17:
    5   m 13 n
    6   m 14 n
>>> 7   m 15 n
    8   m 16 e
    9   m 21 n


Turn 398
================================================================
warning: entity 42 was directed to use 4 halite to move west, but only 3 halite was available
At command 16 of 17:
    14   m 38 o
    15   m 39 e
>>> 16   m 42 w
    17   m 47 e


Turn 399
================================================================
warning: entity 8 was directed to use 1 halite to move north, but only 0 halite was available
At command 3 of 17:
    1   m 4 s
    2   m 6 e
>>> 3   m 8 n
    4   m 9 w
    5   m 13 n

warning: entity 14 was directed to use 2 halite to move north, but only 0 halite was available
At command 6 of 17:
    4   m 9 w
    5   m 13 n
>>> 6   m 14 n
    7   m 15 n
    8   m 16 e


Turn 401
================================================================
warning: entity 15 was directed to use 3 halite to move north, but only 1 halite was available
At command 6 of 15:
    4   m 13 n
    5   m 14 n
>>> 6   m 15 n
    7   m 16 e
    8   m 21 o


Turn 403
================================================================
warning: entity 14 was directed to use 2 halite to move north, but only 1 halite was available
At command 5 of 15:
    3   m 9 w
    4   m 13 n
>>> 5   m 14 n
    6   m 15 n
    7   m 16 e

warning: entity 34 was directed to use 1 halite to move south, but only 0 halite was available
At command 11 of 15:
    9   m 26 o
    10   m 27 s
>>> 11   m 34 s
    12   m 38 o
    13   m 39 e


Turn 406
================================================================
warning: entity 9 was directed to use 1 halite to move west, but only 0 halite was available
At command 3 of 15:
    1   m 4 s
    2   m 8 o
>>> 3   m 9 w
    4   m 13 n
    5   m 14 n

warning: entity 14 was directed to use 5 halite to move north, but only 3 halite was available
At command 5 of 15:
    3   m 9 w
    4   m 13 n
>>> 5   m 14 n
    6   m 15 n
    7   m 16 e

warning: entity 15 was directed to use 4 halite to move north, but only 0 halite was available
At command 6 of 15:
    4   m 13 n
    5   m 14 n
>>> 6   m 15 n
    7   m 16 e
    8   m 21 n


Turn 407
================================================================
warning: entity 34 was directed to use 5 halite to move north, but only 0 halite was available
At command 11 of 15:
    9   m 26 e
    10   m 27 s
>>> 11   m 34 n
    12   m 38 o
    13   m 39 e

warning: entity 42 was directed to use 3 halite to move east, but only 0 halite was available
At command 14 of 15:
    12   m 38 o
    13   m 39 e
>>> 14   m 42 e
    15   m 47 e


Turn 409
================================================================
warning: entity 15 was directed to use 4 halite to move north, but only 3 halite was available
At command 6 of 15:
    4   m 13 n
    5   m 14 n
>>> 6   m 15 n
    7   m 16 e
    8   m 21 e


Turn 412
================================================================
warning: entity 9 was directed to use 1 halite to move west, but only 0 halite was available
At command 3 of 15:
    1   m 4 o
    2   m 8 e
>>> 3   m 9 w
    4   m 13 n
    5   m 14 n

warning: entity 14 was directed to use 3 halite to move north, but only 2 halite was available
At command 5 of 15:
    3   m 9 w
    4   m 13 n
>>> 5   m 14 n
    6   m 15 n
    7   m 16 e


Turn 413
================================================================
warning: entity 42 was directed to use 4 halite to move east, but only 2 halite was available
At command 13 of 14:
    11   m 38 s
    12   m 39 e
>>> 13   m 42 e
    14   m 47 e


Turn 416
================================================================
warning: entity 14 was directed to use 4 halite to move north, but only 0 halite was available
At command 5 of 15:
    3   m 9 e
    4   m 13 w
>>> 5   m 14 n
    6   m 15 n
    7   m 16 n


Turn 417
================================================================
warning: entity 34 was directed to use 4 halite to move north, but only 3 halite was available
At command 11 of 15:
    9   m 26 s
    10   m 27 s
>>> 11   m 34 n
    12   m 38 s
    13   m 39 e


Turn 419
================================================================
warning: entity 15 was directed to use 4 halite to move east, but only 1 halite was available
At command 6 of 15:
    4   m 13 w
    5   m 14 s
>>> 6   m 15 e
    7   m 16 n
    8   m 21 n


Turn 420
================================================================
warning: entity 42 was directed to use 2 halite to move east, but only 0 halite was available
At command 14 of 15:
    12   m 38 s
    13   m 39 e
>>> 14   m 42 e
    15   m 47 s


Turn 423
================================================================
warning: entity 42 was directed to use 2 halite to move east, but only 1 halite was available
At command 13 of 14:
    11   m 38 s
    12   m 39 e
>>> 13   m 42 e
    14   m 47 s


Turn 424
================================================================
warning: entity 15 was directed to use 3 halite to move south, but only 1 halite was available
At command 6 of 15:
    4   m 13 e
    5   m 14 s
>>> 6   m 15 s
    7   m 16 n
    8   m 21 s


Turn 425
================================================================
warning: entity 14 was directed to use 1 halite to move south, but only 0 halite was available
At command 5 of 15:
    3   m 9 e
    4   m 13 s
>>> 5   m 14 s
    6   m 15 s
    7   m 16 n


Turn 426
================================================================
warning: entity 13 was directed to use 3 halite to move west, but only 0 halite was available
At command 4 of 15:
    2   m 8 e
    3   m 9 e
>>> 4   m 13 w
    5   m 14 s
    6   m 15 s


Turn 427
================================================================
warning: entity 14 was directed to use 4 halite to move south, but only 3 halite was available
At command 5 of 15:
    3   m 9 e
    4   m 13 w
>>> 5   m 14 s
    6   m 15 s
    7   m 16 n


Turn 428
================================================================
warning: entity 15 was directed to use 4 halite to move south, but only 1 halite was available
At command 6 of 15:
    4   m 13 w
    5   m 14 s
>>> 6   m 15 s
    7   m 16 n
    8   m 21 s

warning: entity 27 was directed to use 1 halite to move north, but only 0 halite was available
At command 10 of 15:
    8   m 21 s
    9   m 26 s
>>> 10   m 27 n
    11   m 34 n
    12   m 38 s


Turn 429
================================================================
warning: entity 13 was directed to use 4 halite to move east, but only 3 halite was available
At command 4 of 15:
    2   m 8 s
    3   m 9 e
>>> 4   m 13 e
    5   m 14 s
    6   m 15 s

warning: entity 42 was directed to use 1 halite to move east, but only 0 halite was available
At command 14 of 15:
    12   m 38 s
    13   m 39 s
>>> 14   m 42 e
    15   m 47 s


Turn 430
================================================================
warning: owned entities 8, 16 collided on cell (34, 28) as the result of moves on this turn
At command 2 of 14:
    1   m 4 n
>>> 2   m 8 s
    3   m 9 e
    4   m 13 e


Turn 431
================================================================
warning: entity 27 was directed to use 3 halite to move south, but only 2 halite was available
At command 8 of 13:
    6   m 21 s
    7   m 26 w
>>> 8   m 27 s
    9   m 34 n
    10   m 38 s


Turn 433
================================================================
warning: entity 13 was directed to use 11 halite to move east, but only 6 halite was available
At command 3 of 13:
    1   m 4 n
    2   m 9 e
>>> 3   m 13 e
    4   m 14 s
    5   m 15 s


Turn 434
================================================================
warning: entity 15 was directed to use 3 halite to move south, but only 1 halite was available
At command 5 of 12:
    3   m 13 e
    4   m 14 s
>>> 5   m 15 s
    6   m 21 s
    7   m 26 w


Turn 436
================================================================
warning: owned entities 38, 26 collided on cell (35, 24) as the result of moves on this turn
At command 9 of 12:
    7   m 27 o
    8   m 34 n
>>> 9   m 38 w
    10   m 39 s
    11   m 42 s

warning: owned entities 4, 9 collided on cell (34, 28) as the result of moves on this turn
At command 1 of 12:
>>> 1   m 4 n
    2   m 13 e
    3   m 14 s


Turn 438
================================================================
warning: owned entities 39, 42 collided on cell (35, 24) as the result of moves on this turn
At command 7 of 9:
    5   m 27 s
    6   m 34 n
>>> 7   m 39 w
    8   m 42 e
    9   m 47 n

Other commands that placed an entity on this cell:
    6   m 34 n
    7   m 39 w
>>> 8   m 42 e
    9   m 47 n


Turn 441
================================================================
warning: entity 27 was directed to use 2 halite to move south, but only 1 halite was available
At command 5 of 7:
    3   m 15 s
    4   m 21 s
>>> 5   m 27 s
    6   m 34 n
    7   m 47 w

warning: entity 34 was directed to use 2 halite to move north, but only 1 halite was available
At command 6 of 7:
    4   m 21 s
    5   m 27 s
>>> 6   m 34 n
    7   m 47 w


Turn 442
================================================================
warning: owned entities 15, 47 collided on cell (35, 24) as the result of moves on this turn
At command 3 of 6:
    1   m 13 n
    2   m 14 w
>>> 3   m 15 s
    4   m 21 s
    5   m 27 s


Turn 446
================================================================
warning: entity 34 was directed to use 1 halite to move east, but only 0 halite was available
At command 4 of 4:
    2   m 21 w
    3   m 27 s
>>> 4   m 34 e


Turn 449
================================================================
warning: entity 21 was directed to use 2 halite to move east, but only 0 halite was available
At command 2 of 4:
    1   m 14 e
>>> 2   m 21 e
    3   m 27 e
    4   m 34 s

