
Turn 3
================================================================
warning: entity 0 was directed to use 1 halite to move north, but only 0 halite was available
At command 1 of 2:
>>> 1   m 0 n
    2   g


Turn 6
================================================================
warning: entity 2 was directed to use 1 halite to move north, but only 0 halite was available
At command 2 of 3:
    1   m 0 n
>>> 2   m 2 n
    3   g


Turn 8
================================================================
warning: entity 0 was directed to use 3 halite to move east, but only 0 halite was available
At command 1 of 3:
>>> 1   m 0 e
    2   m 2 n
    3   m 4 n


Turn 10
================================================================
warning: entity 2 was directed to use 3 halite to move east, but only 0 halite was available
At command 2 of 3:
    1   m 0 o
>>> 2   m 2 e
    3   m 4 n

warning: entity 4 was directed to use 1 halite to move north, but only 0 halite was available
At command 3 of 3:
    1   m 0 o
    2   m 2 e
>>> 3   m 4 n


Turn 53
================================================================
warning: entity 8 was directed to use 2 halite to move north, but only 0 halite was available
At command 3 of 3:
    1   m 0 o
    2   m 4 w
>>> 3   m 8 n


Turn 57
================================================================
warning: entity 2 was directed to use 1 halite to move north, but only 0 halite was available
At command 2 of 5:
    1   m 0 o
>>> 2   m 2 n
    3   m 4 w
    4   m 8 e

warning: entity 8 was directed to use 4 halite to move east, but only 1 halite was available
At command 4 of 5:
    2   m 2 n
    3   m 4 w
>>> 4   m 8 e
    5   m 9 e


Turn 60
================================================================
warning: entity 2 was directed to use 4 halite to move north, but only 3 halite was available
At command 2 of 6:
    1   m 0 o
>>> 2   m 2 n
    3   m 4 n
    4   m 8 o


Turn 62
================================================================
warning: entity 4 was directed to use 1 halite to move north, but only 0 halite was available
At command 3 of 6:
    1   m 0 o
    2   m 2 n
>>> 3   m 4 n
    4   m 8 o
    5   m 9 o


Turn 66
================================================================
warning: entity 4 was directed to use 3 halite to move east, but only 0 halite was available
At command 3 of 6:
    1   m 0 o
    2   m 2 o
>>> 3   m 4 e
    4   m 8 o
    5   m 9 e


Turn 67
================================================================
warning: entity 10 was directed to use 4 halite to move east, but only 1 halite was available
At command 6 of 6:
    4   m 8 o
    5   m 9 e
>>> 6   m 10 e


Turn 87
================================================================
warning: entity 0 was directed to use 4 halite to move west, but only 0 halite was available
At command 1 of 5:
>>> 1   m 0 w
    2   m 2 s
    3   m 4 w


Turn 90
================================================================
warning: entity 0 was directed to use 4 halite to move west, but only 3 halite was available
At command 1 of 6:
>>> 1   m 0 w
    2   m 2 e
    3   m 4 s


Turn 91
================================================================
warning: entity 2 was directed to use 2 halite to move east, but only 0 halite was available
At command 2 of 7:
    1   m 0 w
>>> 2   m 2 e
    3   m 4 w
    4   m 8 s


Turn 93
================================================================
warning: entity 12 was directed to use 3 halite to move west, but only 0 halite was available
At command 7 of 7:
    5   m 9 o
    6   m 10 w
>>> 7   m 12 w


Turn 96
================================================================
warning: entity 4 was directed to use 2 halite to move west, but only 0 halite was available
At command 3 of 7:
    1   m 0 o
    2   m 2 e
>>> 3   m 4 w
    4   m 8 w
    5   m 9 o

warning: entity 12 was directed to use 3 halite to move west, but only 2 halite was available
At command 7 of 7:
    5   m 9 o
    6   m 10 o
>>> 7   m 12 w


Turn 99
================================================================
warning: entity 2 was directed to use 4 halite to move east, but only 1 halite was available
At command 2 of 7:
    1   m 0 o
>>> 2   m 2 e
    3   m 4 s
    4   m 8 w

warning: entity 4 was directed to use 2 halite to move south, but only 1 halite was available
At command 3 of 7:
    1   m 0 o
    2   m 2 e
>>> 3   m 4 s
    4   m 8 w
    5   m 9 o


Turn 105
================================================================
warning: entity 8 was directed to use 1 halite to move east, but only 0 halite was available
At command 4 of 7:
    2   m 2 s
    3   m 4 o
>>> 4   m 8 e
    5   m 9 w
    6   m 10 n


Turn 108
================================================================
warning: entity 10 was directed to use 1 halite to move west, but only 0 halite was available
At command 6 of 8:
    4   m 8 e
    5   m 9 w
>>> 6   m 10 w
    7   m 12 o
    8   g


Turn 109
================================================================
warning: entity 8 was directed to use 3 halite to move east, but only 0 halite was available
At command 4 of 8:
    2   m 2 s
    3   m 4 o
>>> 4   m 8 e
    5   m 9 n
    6   m 10 w


Turn 110
================================================================
warning: entity 10 was directed to use 4 halite to move west, but only 3 halite was available
At command 6 of 9:
    4   m 8 e
    5   m 9 n
>>> 6   m 10 w
    7   m 12 s
    8   m 15 n


Turn 112
================================================================
warning: entity 15 was directed to use 3 halite to move east, but only 0 halite was available
At command 8 of 9:
    6   m 10 w
    7   m 12 o
>>> 8   m 15 e
    9   m 16 n

warning: entity 16 was directed to use 1 halite to move north, but only 0 halite was available
At command 9 of 9:
    7   m 12 o
    8   m 15 e
>>> 9   m 16 n


Turn 113
================================================================
warning: entity 8 was directed to use 3 halite to move south, but only 1 halite was available
At command 4 of 8:
    2   m 2 o
    3   m 4 s
>>> 4   m 8 s
    5   m 10 w
    6   m 12 o


Turn 116
================================================================
warning: entity 9 was directed to use 3 halite to move west, but only 0 halite was available
At command 4 of 9:
    2   m 4 o
    3   m 8 o
>>> 4   m 9 w
    5   m 10 w
    6   m 12 s

warning: entity 10 was directed to use 4 halite to move west, but only 3 halite was available
At command 5 of 9:
    3   m 8 o
    4   m 9 w
>>> 5   m 10 w
    6   m 12 s
    7   m 15 o


Turn 117
================================================================
warning: entity 17 was directed to use 1 halite to move east, but only 0 halite was available
At command 10 of 10:
    8   m 15 o
    9   m 16 n
>>> 10   m 17 e


Turn 120
================================================================
warning: entity 9 was directed to use 4 halite to move west, but only 3 halite was available
At command 5 of 10:
    3   m 4 o
    4   m 8 o
>>> 5   m 9 w
    6   m 10 o
    7   m 12 o


Turn 121
================================================================
warning: entity 17 was directed to use 2 halite to move east, but only 0 halite was available
At command 10 of 10:
    8   m 15 e
    9   m 16 n
>>> 10   m 17 e


Turn 124
================================================================
warning: entity 17 was directed to use 4 halite to move south, but only 3 halite was available
At command 10 of 10:
    8   m 15 o
    9   m 16 n
>>> 10   m 17 s


Turn 129
================================================================
warning: entity 17 was directed to use 1 halite to move south, but only 0 halite was available
At command 10 of 10:
    8   m 15 o
    9   m 16 o
>>> 10   m 17 s


Turn 141
================================================================
warning: entity 0 was directed to use 2 halite to move east, but only 0 halite was available
At command 1 of 10:
>>> 1   m 0 e
    2   m 2 o
    3   m 4 e


Turn 145
================================================================
warning: entity 0 was directed to use 3 halite to move south, but only 1 halite was available
At command 1 of 10:
>>> 1   m 0 s
    2   m 2 w
    3   m 4 o


Turn 147
================================================================
warning: entity 10 was directed to use 1 halite to move east, but only 0 halite was available
At command 6 of 11:
    4   m 8 w
    5   m 9 e
>>> 6   m 10 e
    7   m 12 n
    8   m 15 w


Turn 149
================================================================
warning: entity 18 was directed to use 2 halite to move west, but only 0 halite was available
At command 10 of 10:
    8   m 15 w
    9   m 17 o
>>> 10   m 18 w


Turn 150
================================================================
warning: entity 10 was directed to use 2 halite to move east, but only 1 halite was available
At command 6 of 11:
    4   m 8 n
    5   m 9 o
>>> 6   m 10 e
    7   m 12 s
    8   m 15 w


Turn 152
================================================================
warning: entity 16 was directed to use 1 halite to move west, but only 0 halite was available
At command 9 of 11:
    7   m 12 n
    8   m 15 w
>>> 9   m 16 w
    10   m 17 n
    11   m 18 w


Turn 153
================================================================
warning: entity 18 was directed to use 3 halite to move west, but only 2 halite was available
At command 10 of 10:
    8   m 16 w
    9   m 17 o
>>> 10   m 18 w


Turn 154
================================================================
warning: entity 10 was directed to use 2 halite to move east, but only 0 halite was available
At command 6 of 11:
    4   m 8 e
    5   m 9 o
>>> 6   m 10 e
    7   m 12 n
    8   m 15 e


Turn 156
================================================================
warning: entity 16 was directed to use 2 halite to move west, but only 1 halite was available
At command 9 of 11:
    7   m 12 n
    8   m 15 n
>>> 9   m 16 w
    10   m 17 w
    11   m 18 w


Turn 157
================================================================
warning: entity 2 was directed to use 1 halite to move east, but only 0 halite was available
At command 2 of 10:
    1   m 0 o
>>> 2   m 2 e
    3   m 8 w
    4   m 9 o


Turn 160
================================================================
warning: entity 16 was directed to use 4 halite to move west, but only 3 halite was available
At command 8 of 10:
    6   m 12 w
    7   m 15 w
>>> 8   m 16 w
    9   m 17 o
    10   m 18 o


Turn 161
================================================================
warning: entity 2 was directed to use 3 halite to move east, but only 0 halite was available
At command 2 of 11:
    1   m 0 w
>>> 2   m 2 e
    3   m 4 e
    4   m 8 e

warning: entity 4 was directed to use 2 halite to move east, but only 0 halite was available
At command 3 of 11:
    1   m 0 w
    2   m 2 e
>>> 3   m 4 e
    4   m 8 e
    5   m 9 o


Turn 165
================================================================
warning: entity 2 was directed to use 4 halite to move east, but only 3 halite was available
At command 2 of 11:
    1   m 0 o
>>> 2   m 2 e
    3   m 4 e
    4   m 8 e

warning: entity 4 was directed to use 3 halite to move east, but only 2 halite was available
At command 3 of 11:
    1   m 0 o
    2   m 2 e
>>> 3   m 4 e
    4   m 8 e
    5   m 9 e


Turn 167
================================================================
warning: entity 8 was directed to use 2 halite to move east, but only 1 halite was available
At command 4 of 11:
    2   m 2 e
    3   m 4 e
>>> 4   m 8 e
    5   m 9 e
    6   m 10 o

warning: entity 9 was directed to use 1 halite to move east, but only 0 halite was available
At command 5 of 11:
    3   m 4 e
    4   m 8 e
>>> 5   m 9 e
    6   m 10 o
    7   m 12 n


Turn 170
================================================================
warning: entity 4 was directed to use 4 halite to move east, but only 0 halite was available
At command 3 of 11:
    1   m 0 o
    2   m 2 o
>>> 3   m 4 e
    4   m 8 e
    5   m 9 e

warning: entity 12 was directed to use 2 halite to move east, but only 0 halite was available
At command 7 of 11:
    5   m 9 e
    6   m 10 o
>>> 7   m 12 e
    8   m 15 w
    9   m 16 o


Turn 172
================================================================
warning: entity 8 was directed to use 4 halite to move south, but only 1 halite was available
At command 4 of 10:
    2   m 2 o
    3   m 4 o
>>> 4   m 8 s
    5   m 9 e
    6   m 10 o

warning: entity 9 was directed to use 1 halite to move east, but only 0 halite was available
At command 5 of 10:
    3   m 4 o
    4   m 8 s
>>> 5   m 9 e
    6   m 10 o
    7   m 12 e

warning: entity 15 was directed to use 1 halite to move west, but only 0 halite was available
At command 8 of 10:
    6   m 10 o
    7   m 12 e
>>> 8   m 15 w
    9   m 16 o
    10   m 18 o


Turn 173
================================================================
warning: entity 12 was directed to use 4 halite to move east, but only 2 halite was available
At command 7 of 11:
    5   m 9 e
    6   m 10 o
>>> 7   m 12 e
    8   m 15 w
    9   m 16 w


Turn 176
================================================================
warning: entity 15 was directed to use 1 halite to move west, but only 0 halite was available
At command 8 of 13:
    6   m 10 s
    7   m 12 e
>>> 8   m 15 w
    9   m 16 o
    10   m 17 e

warning: entity 17 was directed to use 1 halite to move east, but only 0 halite was available
At command 10 of 13:
    8   m 15 w
    9   m 16 o
>>> 10   m 17 e
    11   m 18 o
    12   m 19 w


Turn 177
================================================================
warning: entity 12 was directed to use 4 halite to move east, but only 3 halite was available
At command 7 of 13:
    5   m 9 o
    6   m 10 o
>>> 7   m 12 e
    8   m 15 w
    9   m 16 o


Turn 178
================================================================
warning: entity 19 was directed to use 1 halite to move west, but only 0 halite was available
At command 12 of 14:
    10   m 17 e
    11   m 18 o
>>> 12   m 19 w
    13   m 20 e
    14   g


Turn 180
================================================================
warning: entity 15 was directed to use 3 halite to move west, but only 0 halite was available
At command 7 of 12:
    5   m 10 o
    6   m 12 e
>>> 7   m 15 w
    8   m 16 o
    9   m 17 e


Turn 181
================================================================
warning: entity 17 was directed to use 1 halite to move east, but only 0 halite was available
At command 9 of 12:
    7   m 15 w
    8   m 16 o
>>> 9   m 17 e
    10   m 18 o
    11   m 19 w

warning: entity 20 was directed to use 1 halite to move east, but only 0 halite was available
At command 12 of 12:
    10   m 18 o
    11   m 19 w
>>> 12   m 20 e


Turn 183
================================================================
warning: entity 19 was directed to use 3 halite to move west, but only 0 halite was available
At command 11 of 12:
    9   m 17 s
    10   m 18 o
>>> 11   m 19 w
    12   m 20 e


Turn 184
================================================================
warning: entity 17 was directed to use 4 halite to move south, but only 2 halite was available
At command 9 of 12:
    7   m 15 o
    8   m 16 s
>>> 9   m 17 s
    10   m 18 n
    11   m 19 w


Turn 186
================================================================
warning: entity 20 was directed to use 2 halite to move east, but only 0 halite was available
At command 12 of 12:
    10   m 18 o
    11   m 19 n
>>> 12   m 20 e


Turn 187
================================================================
warning: entity 19 was directed to use 5 halite to move north, but only 4 halite was available
At command 11 of 12:
    9   m 17 e
    10   m 18 o
>>> 11   m 19 n
    12   m 20 e


Turn 188
================================================================
warning: entity 17 was directed to use 4 halite to move south, but only 2 halite was available
At command 9 of 11:
    7   m 15 o
    8   m 16 o
>>> 9   m 17 s
    10   m 19 n
    11   m 20 s


Turn 190
================================================================
warning: entity 20 was directed to use 3 halite to move south, but only 0 halite was available
At command 12 of 12:
    10   m 18 o
    11   m 19 o
>>> 12   m 20 s


Turn 194
================================================================
warning: entity 20 was directed to use 4 halite to move north, but only 0 halite was available
At command 12 of 12:
    10   m 18 o
    11   m 19 o
>>> 12   m 20 n


Turn 205
================================================================
warning: spawn on cell (35, 24) collided with owned entity 21 on that cell
At command 12 of 12:
    10   m 19 o
    11   m 20 w
>>> 12   g


Turn 215
================================================================
warning: entity 15 was directed to use 4 halite to move north, but only 0 halite was available
At command 6 of 12:
    4   m 10 e
    5   m 12 w
>>> 6   m 15 n
    7   m 16 o
    8   m 17 o


Turn 216
================================================================
warning: entity 18 was directed to use 1 halite to move east, but only 0 halite was available
At command 8 of 11:
    6   m 15 n
    7   m 16 w
>>> 8   m 18 e
    9   m 19 o
    10   m 20 e

warning: entity 23 was directed to use 4 halite to move east, but only 0 halite was available
At command 11 of 11:
    9   m 19 o
    10   m 20 e
>>> 11   m 23 e


Turn 220
================================================================
warning: entity 23 was directed to use 4 halite to move east, but only 2 halite was available
At command 12 of 13:
    10   m 19 o
    11   m 20 s
>>> 12   m 23 e
    13   g


Turn 221
================================================================
warning: entity 15 was directed to use 4 halite to move east, but only 3 halite was available
At command 6 of 13:
    4   m 10 w
    5   m 12 o
>>> 6   m 15 e
    7   m 16 o
    8   m 17 w

warning: entity 18 was directed to use 1 halite to move east, but only 0 halite was available
At command 9 of 13:
    7   m 16 o
    8   m 17 w
>>> 9   m 18 e
    10   m 19 o
    11   m 20 n


Turn 222
================================================================
warning: entity 10 was directed to use 1 halite to move west, but only 0 halite was available
At command 4 of 13:
    2   m 8 s
    3   m 9 o
>>> 4   m 10 w
    5   m 12 o
    6   m 15 e


Turn 224
================================================================
warning: entity 18 was directed to use 3 halite to move east, but only 1 halite was available
At command 9 of 13:
    7   m 16 o
    8   m 17 w
>>> 9   m 18 e
    10   m 19 o
    11   m 20 w


Turn 225
================================================================
warning: entity 24 was directed to use 1 halite to move north, but only 0 halite was available
At command 12 of 12:
    10   m 20 e
    11   m 23 o
>>> 12   m 24 n


Turn 226
================================================================
warning: entity 10 was directed to use 1 halite to move west, but only 0 halite was available
At command 4 of 13:
    2   m 8 w
    3   m 9 e
>>> 4   m 10 w
    5   m 12 w
    6   m 15 o


Turn 228
================================================================
warning: entity 24 was directed to use 3 halite to move east, but only 0 halite was available
At command 13 of 13:
    11   m 20 o
    12   m 23 e
>>> 13   m 24 e


Turn 229
================================================================
warning: entity 10 was directed to use 2 halite to move west, but only 1 halite was available
At command 4 of 13:
    2   m 8 w
    3   m 9 w
>>> 4   m 10 w
    5   m 12 w
    6   m 15 o

warning: entity 12 was directed to use 1 halite to move west, but only 0 halite was available
At command 5 of 13:
    3   m 9 w
    4   m 10 w
>>> 5   m 12 w
    6   m 15 o
    7   m 16 o


Turn 231
================================================================
warning: entity 24 was directed to use 4 halite to move east, but only 3 halite was available
At command 13 of 13:
    11   m 20 s
    12   m 23 e
>>> 13   m 24 e


Turn 234
================================================================
warning: entity 12 was directed to use 2 halite to move west, but only 0 halite was available
At command 5 of 13:
    3   m 9 s
    4   m 10 o
>>> 5   m 12 w
    6   m 15 n
    7   m 16 o


Turn 238
================================================================
warning: entity 12 was directed to use 5 halite to move north, but only 3 halite was available
At command 4 of 11:
    2   m 8 n
    3   m 9 e
>>> 4   m 12 n
    5   m 15 e
    6   m 16 o


Turn 241
================================================================
warning: entity 15 was directed to use 1 halite to move east, but only 0 halite was available
At command 6 of 13:
    4   m 10 e
    5   m 12 n
>>> 6   m 15 e
    7   m 16 o
    8   m 17 o


Turn 244
================================================================
warning: entity 19 was directed to use 1 halite to move east, but only 0 halite was available
At command 10 of 13:
    8   m 17 n
    9   m 18 w
>>> 10   m 19 e
    11   m 20 w
    12   m 23 s


Turn 247
================================================================
warning: entity 2 was directed to use 2 halite to move west, but only 0 halite was available
At command 1 of 13:
>>> 1   m 2 w
    2   m 8 w
    3   m 9 n


Turn 249
================================================================
warning: entity 19 was directed to use 1 halite to move south, but only 0 halite was available
At command 10 of 13:
    8   m 17 o
    9   m 18 w
>>> 10   m 19 s
    11   m 20 e
    12   m 23 o


Turn 250
================================================================
warning: entity 8 was directed to use 1 halite to move west, but only 0 halite was available
At command 2 of 13:
    1   m 2 w
>>> 2   m 8 w
    3   m 9 e
    4   m 10 s


Turn 251
================================================================
warning: entity 9 was directed to use 3 halite to move east, but only 0 halite was available
At command 3 of 12:
    1   m 2 w
    2   m 8 w
>>> 3   m 9 e
    4   m 10 s
    5   m 12 o


Turn 252
================================================================
warning: entity 19 was directed to use 2 halite to move south, but only 1 halite was available
At command 10 of 13:
    8   m 17 n
    9   m 18 o
>>> 10   m 19 s
    11   m 20 n
    12   m 23 o


Turn 254
================================================================
warning: entity 2 was directed to use 3 halite to move west, but only 0 halite was available
At command 1 of 11:
>>> 1   m 2 w
    2   m 8 w
    3   m 9 e


Turn 255
================================================================
warning: entity 9 was directed to use 3 halite to move east, but only 1 halite was available
At command 3 of 12:
    1   m 2 w
    2   m 8 w
>>> 3   m 9 e
    4   m 12 o
    5   m 15 o


Turn 256
================================================================
warning: entity 8 was directed to use 1 halite to move west, but only 0 halite was available
At command 2 of 13:
    1   m 2 s
>>> 2   m 8 w
    3   m 9 e
    4   m 10 e

warning: entity 17 was directed to use 2 halite to move east, but only 0 halite was available
At command 8 of 13:
    6   m 15 o
    7   m 16 o
>>> 8   m 17 e
    9   m 18 e
    10   m 19 s


Turn 257
================================================================
warning: entity 10 was directed to use 4 halite to move east, but only 0 halite was available
At command 4 of 12:
    2   m 8 w
    3   m 9 e
>>> 4   m 10 e
    5   m 12 o
    6   m 15 o


Turn 259
================================================================
warning: entity 8 was directed to use 4 halite to move north, but only 2 halite was available
At command 2 of 13:
    1   m 2 o
>>> 2   m 8 n
    3   m 9 e
    4   m 10 e

warning: entity 9 was directed to use 3 halite to move east, but only 1 halite was available
At command 3 of 13:
    1   m 2 o
    2   m 8 n
>>> 3   m 9 e
    4   m 10 e
    5   m 12 o

warning: entity 17 was directed to use 3 halite to move east, but only 2 halite was available
At command 8 of 13:
    6   m 15 o
    7   m 16 e
>>> 8   m 17 e
    9   m 18 e
    10   m 19 o


Turn 260
================================================================
warning: entity 18 was directed to use 1 halite to move east, but only 0 halite was available
At command 9 of 13:
    7   m 16 o
    8   m 17 e
>>> 9   m 18 e
    10   m 19 o
    11   m 20 e


Turn 261
================================================================
warning: entity 10 was directed to use 4 halite to move east, but only 0 halite was available
At command 4 of 12:
    2   m 8 n
    3   m 9 e
>>> 4   m 10 e
    5   m 15 o
    6   m 16 e


Turn 263
================================================================
warning: entity 9 was directed to use 3 halite to move east, but only 2 halite was available
At command 3 of 12:
    1   m 2 o
    2   m 8 o
>>> 3   m 9 e
    4   m 10 e
    5   m 12 o


Turn 265
================================================================
warning: entity 10 was directed to use 3 halite to move east, but only 2 halite was available
At command 4 of 13:
    2   m 8 o
    3   m 9 e
>>> 4   m 10 e
    5   m 12 o
    6   m 15 w


Turn 268
================================================================
warning: entity 20 was directed to use 4 halite to move east, but only 0 halite was available
At command 11 of 13:
    9   m 18 s
    10   m 19 o
>>> 11   m 20 e
    12   m 23 w
    13   m 24 o


Turn 270
================================================================
warning: entity 18 was directed to use 5 halite to move south, but only 0 halite was available
At command 9 of 13:
    7   m 16 e
    8   m 17 o
>>> 9   m 18 s
    10   m 19 o
    11   m 20 e


Turn 274
================================================================
warning: entity 20 was directed to use 1 halite to move north, but only 0 halite was available
At command 10 of 12:
    8   m 17 o
    9   m 18 o
>>> 10   m 20 n
    11   m 23 n
    12   m 24 s


Turn 277
================================================================
warning: entity 16 was directed to use 3 halite to move east, but only 0 halite was available
At command 6 of 12:
    4   m 10 o
    5   m 12 o
>>> 6   m 16 e
    7   m 17 o
    8   m 18 o

warning: entity 20 was directed to use 1 halite to move south, but only 0 halite was available
At command 10 of 12:
    8   m 18 o
    9   m 19 w
>>> 10   m 20 s
    11   m 23 e
    12   m 24 s

warning: entity 23 was directed to use 2 halite to move east, but only 0 halite was available
At command 11 of 12:
    9   m 19 w
    10   m 20 s
>>> 11   m 23 e
    12   m 24 s


Turn 280
================================================================
warning: entity 16 was directed to use 4 halite to move east, but only 2 halite was available
At command 7 of 13:
    5   m 12 e
    6   m 15 n
>>> 7   m 16 e
    8   m 17 e
    9   m 18 o

warning: entity 23 was directed to use 3 halite to move east, but only 2 halite was available
At command 12 of 13:
    10   m 19 w
    11   m 20 o
>>> 12   m 23 e
    13   m 24 w


Turn 283
================================================================
warning: entity 15 was directed to use 3 halite to move east, but only 0 halite was available
At command 6 of 13:
    4   m 10 o
    5   m 12 o
>>> 6   m 15 e
    7   m 16 e
    8   m 17 o


Turn 284
================================================================
warning: entity 23 was directed to use 3 halite to move east, but only 1 halite was available
At command 12 of 13:
    10   m 19 n
    11   m 20 o
>>> 12   m 23 e
    13   m 24 w


Turn 285
================================================================
warning: entity 16 was directed to use 2 halite to move east, but only 1 halite was available
At command 7 of 13:
    5   m 12 e
    6   m 15 e
>>> 7   m 16 e
    8   m 17 o
    9   m 18 o


Turn 286
================================================================
warning: entity 15 was directed to use 5 halite to move east, but only 4 halite was available
At command 6 of 13:
    4   m 10 o
    5   m 12 e
>>> 6   m 15 e
    7   m 16 e
    8   m 17 o


Turn 288
================================================================
warning: entity 16 was directed to use 4 halite to move south, but only 3 halite was available
At command 7 of 13:
    5   m 12 e
    6   m 15 e
>>> 7   m 16 s
    8   m 17 o
    9   m 18 o

warning: entity 23 was directed to use 4 halite to move east, but only 1 halite was available
At command 12 of 13:
    10   m 19 n
    11   m 20 o
>>> 12   m 23 e
    13   m 24 w


Turn 293
================================================================
warning: entity 16 was directed to use 3 halite to move south, but only 1 halite was available
At command 6 of 11:
    4   m 12 s
    5   m 15 o
>>> 6   m 16 s
    7   m 18 o
    8   m 19 e


Turn 294
================================================================
warning: entity 24 was directed to use 1 halite to move west, but only 0 halite was available
At command 13 of 13:
    11   m 20 w
    12   m 23 o
>>> 13   m 24 w


Turn 297
================================================================
warning: entity 16 was directed to use 4 halite to move east, but only 1 halite was available
At command 6 of 12:
    4   m 10 o
    5   m 15 o
>>> 6   m 16 e
    7   m 17 s
    8   m 18 o


Turn 299
================================================================
warning: entity 9 was directed to use 2 halite to move east, but only 0 halite was available
At command 3 of 13:
    1   m 2 s
    2   m 8 o
>>> 3   m 9 e
    4   m 10 o
    5   m 12 n


Turn 301
================================================================
warning: entity 24 was directed to use 2 halite to move south, but only 0 halite was available
At command 12 of 12:
    10   m 20 w
    11   m 23 w
>>> 12   m 24 s


Turn 302
================================================================
warning: entity 9 was directed to use 2 halite to move east, but only 1 halite was available
At command 3 of 12:
    1   m 2 w
    2   m 8 e
>>> 3   m 9 e
    4   m 10 o
    5   m 12 e


Turn 303
================================================================
warning: entity 2 was directed to use 4 halite to move west, but only 0 halite was available
At command 1 of 13:
>>> 1   m 2 w
    2   m 8 e
    3   m 9 e

warning: entity 12 was directed to use 2 halite to move east, but only 0 halite was available
At command 5 of 13:
    3   m 9 e
    4   m 10 s
>>> 5   m 12 e
    6   m 15 o
    7   m 16 o


Turn 306
================================================================
warning: entity 12 was directed to use 4 halite to move east, but only 2 halite was available
At command 5 of 13:
    3   m 9 e
    4   m 10 w
>>> 5   m 12 e
    6   m 15 o
    7   m 16 w

warning: entity 19 was directed to use 1 halite to move west, but only 0 halite was available
At command 10 of 13:
    8   m 17 w
    9   m 18 o
>>> 10   m 19 w
    11   m 20 e
    12   m 23 w


Turn 307
================================================================
warning: entity 9 was directed to use 4 halite to move east, but only 0 halite was available
At command 3 of 13:
    1   m 2 o
    2   m 8 s
>>> 3   m 9 e
    4   m 10 o
    5   m 12 e


Turn 308
================================================================
warning: entity 20 was directed to use 2 halite to move east, but only 0 halite was available
At command 10 of 12:
    8   m 18 o
    9   m 19 w
>>> 10   m 20 e
    11   m 23 w
    12   m 24 o


Turn 311
================================================================
warning: entity 9 was directed to use 4 halite to move east, but only 0 halite was available
At command 3 of 11:
    1   m 2 s
    2   m 8 w
>>> 3   m 9 e
    4   m 10 o
    5   m 12 o

warning: entity 20 was directed to use 2 halite to move east, but only 1 halite was available
At command 9 of 11:
    7   m 18 w
    8   m 19 w
>>> 9   m 20 e
    10   m 23 w
    11   m 24 s


Turn 312
================================================================
warning: entity 19 was directed to use 2 halite to move west, but only 0 halite was available
At command 10 of 13:
    8   m 17 o
    9   m 18 w
>>> 10   m 19 w
    11   m 20 e
    12   m 23 e


Turn 314
================================================================
warning: entity 8 was directed to use 1 halite to move west, but only 0 halite was available
At command 2 of 13:
    1   m 2 o
>>> 2   m 8 w
    3   m 9 o
    4   m 10 w


Turn 315
================================================================
warning: entity 20 was directed to use 3 halite to move east, but only 0 halite was available
At command 11 of 13:
    9   m 18 o
    10   m 19 n
>>> 11   m 20 e
    12   m 23 w
    13   m 24 s


Turn 319
================================================================
warning: entity 17 was directed to use 1 halite to move east, but only 0 halite was available
At command 8 of 12:
    6   m 15 o
    7   m 16 w
>>> 8   m 17 e
    9   m 18 n
    10   m 19 o


Turn 320
================================================================
warning: entity 8 was directed to use 1 halite to move west, but only 0 halite was available
At command 2 of 12:
    1   m 2 o
>>> 2   m 8 w
    3   m 10 w
    4   m 12 e

warning: entity 20 was directed to use 2 halite to move south, but only 0 halite was available
At command 10 of 12:
    8   m 18 n
    9   m 19 o
>>> 10   m 20 s
    11   m 23 w
    12   m 24 o


Turn 325
================================================================
warning: entity 17 was directed to use 4 halite to move south, but only 1 halite was available
At command 8 of 13:
    6   m 15 e
    7   m 16 o
>>> 8   m 17 s
    9   m 18 n
    10   m 19 o


Turn 326
================================================================
warning: entity 20 was directed to use 4 halite to move south, but only 1 halite was available
At command 11 of 13:
    9   m 18 n
    10   m 19 o
>>> 11   m 20 s
    12   m 23 w
    13   m 24 o


Turn 327
================================================================
warning: entity 23 was directed to use 2 halite to move west, but only 0 halite was available
At command 9 of 10:
    7   m 17 s
    8   m 20 s
>>> 9   m 23 w
    10   m 24 o


Turn 330
================================================================
warning: entity 20 was directed to use 4 halite to move south, but only 1 halite was available
At command 11 of 13:
    9   m 18 n
    10   m 19 e
>>> 11   m 20 s
    12   m 23 w
    13   m 24 o


Turn 332
================================================================
warning: entity 23 was directed to use 3 halite to move west, but only 2 halite was available
At command 12 of 13:
    10   m 19 e
    11   m 20 o
>>> 12   m 23 w
    13   m 24 o


Turn 333
================================================================
warning: entity 18 was directed to use 2 halite to move east, but only 0 halite was available
At command 9 of 13:
    7   m 16 o
    8   m 17 o
>>> 9   m 18 e
    10   m 19 e
    11   m 20 o


Turn 337
================================================================
warning: entity 18 was directed to use 1 halite to move east, but only 0 halite was available
At command 8 of 12:
    6   m 16 w
    7   m 17 o
>>> 8   m 18 e
    9   m 19 o
    10   m 20 o


Turn 340
================================================================
warning: entity 18 was directed to use 4 halite to move east, but only 2 halite was available
At command 7 of 11:
    5   m 16 o
    6   m 17 o
>>> 7   m 18 e
    8   m 19 o
    9   m 20 o


Turn 341
================================================================
warning: entity 10 was directed to use 2 halite to move east, but only 0 halite was available
At command 4 of 12:
    2   m 8 o
    3   m 9 n
>>> 4   m 10 e
    5   m 12 e
    6   m 16 w


Turn 343
================================================================
warning: entity 9 was directed to use 1 halite to move east, but only 0 halite was available
At command 2 of 10:
    1   m 2 o
>>> 2   m 9 e
    3   m 10 e
    4   m 12 o


Turn 344
================================================================
warning: entity 10 was directed to use 3 halite to move east, but only 1 halite was available
At command 4 of 12:
    2   m 8 e
    3   m 9 e
>>> 4   m 10 e
    5   m 12 o
    6   m 16 o

warning: entity 18 was directed to use 3 halite to move east, but only 2 halite was available
At command 8 of 12:
    6   m 16 o
    7   m 17 o
>>> 8   m 18 e
    9   m 19 s
    10   m 20 w


Turn 346
================================================================
warning: entity 9 was directed to use 2 halite to move east, but only 0 halite was available
At command 2 of 11:
    1   m 8 e
>>> 2   m 9 e
    3   m 10 e
    4   m 12 o


Turn 348
================================================================
warning: entity 10 was directed to use 4 halite to move east, but only 2 halite was available
At command 4 of 12:
    2   m 8 o
    3   m 9 e
>>> 4   m 10 e
    5   m 12 o
    6   m 16 o


Turn 349
================================================================
warning: entity 9 was directed to use 4 halite to move east, but only 3 halite was available
At command 3 of 12:
    1   m 2 e
    2   m 8 o
>>> 3   m 9 e
    4   m 10 e
    5   m 12 o


Turn 353
================================================================
warning: entity 10 was directed to use 2 halite to move south, but only 1 halite was available
At command 4 of 12:
    2   m 8 o
    3   m 9 e
>>> 4   m 10 s
    5   m 12 s
    6   m 16 o

warning: entity 19 was directed to use 1 halite to move east, but only 0 halite was available
At command 9 of 12:
    7   m 17 o
    8   m 18 o
>>> 9   m 19 e
    10   m 20 o
    11   m 23 o


Turn 356
================================================================
warning: entity 10 was directed to use 4 halite to move south, but only 2 halite was available
At command 4 of 11:
    2   m 8 o
    3   m 9 s
>>> 4   m 10 s
    5   m 12 s
    6   m 16 n

warning: entity 19 was directed to use 2 halite to move east, but only 0 halite was available
At command 8 of 11:
    6   m 16 n
    7   m 18 o
>>> 8   m 19 e
    9   m 20 o
    10   m 23 n

warning: entity 24 was directed to use 3 halite to move west, but only 0 halite was available
At command 11 of 11:
    9   m 20 o
    10   m 23 n
>>> 11   m 24 w


Turn 357
================================================================
warning: entity 9 was directed to use 3 halite to move north, but only 1 halite was available
At command 3 of 12:
    1   m 2 n
    2   m 8 e
>>> 3   m 9 n
    4   m 10 s
    5   m 12 o


Turn 359
================================================================
warning: entity 19 was directed to use 3 halite to move east, but only 2 halite was available
At command 9 of 12:
    7   m 17 w
    8   m 18 o
>>> 9   m 19 e
    10   m 20 o
    11   m 23 o

warning: entity 24 was directed to use 4 halite to move south, but only 3 halite was available
At command 12 of 12:
    10   m 20 o
    11   m 23 o
>>> 12   m 24 s


Turn 361
================================================================
warning: entity 10 was directed to use 3 halite to move south, but only 1 halite was available
At command 4 of 12:
    2   m 8 e
    3   m 9 o
>>> 4   m 10 s
    5   m 12 w
    6   m 16 o


Turn 363
================================================================
warning: entity 24 was directed to use 4 halite to move south, but only 3 halite was available
At command 11 of 11:
    9   m 20 o
    10   m 23 o
>>> 11   m 24 s


Turn 365
================================================================
warning: entity 2 was directed to use 2 halite to move west, but only 0 halite was available
At command 1 of 12:
>>> 1   m 2 w
    2   m 8 e
    3   m 9 o


Turn 368
================================================================
warning: entity 2 was directed to use 4 halite to move west, but only 1 halite was available
At command 1 of 11:
>>> 1   m 2 w
    2   m 8 s
    3   m 9 o

warning: entity 16 was directed to use 4 halite to move south, but only 0 halite was available
At command 6 of 11:
    4   m 10 o
    5   m 12 w
>>> 6   m 16 s
    7   m 17 w
    8   m 18 o


Turn 372
================================================================
warning: entity 2 was directed to use 4 halite to move west, but only 1 halite was available
At command 1 of 12:
>>> 1   m 2 w
    2   m 8 w
    3   m 9 o

warning: entity 8 was directed to use 1 halite to move west, but only 0 halite was available
At command 2 of 12:
    1   m 2 w
>>> 2   m 8 w
    3   m 9 o
    4   m 10 o


Turn 375
================================================================
warning: entity 8 was directed to use 3 halite to move west, but only 0 halite was available
At command 2 of 12:
    1   m 2 o
>>> 2   m 8 w
    3   m 9 s
    4   m 10 o


Turn 378
================================================================
warning: entity 8 was directed to use 4 halite to move west, but only 2 halite was available
At command 2 of 11:
    1   m 2 w
>>> 2   m 8 w
    3   m 10 w
    4   m 12 e

warning: entity 12 was directed to use 1 halite to move east, but only 0 halite was available
At command 4 of 11:
    2   m 8 w
    3   m 10 w
>>> 4   m 12 e
    5   m 16 o
    6   m 17 e


Turn 382
================================================================
warning: entity 8 was directed to use 5 halite to move north, but only 4 halite was available
At command 2 of 11:
    1   m 2 o
>>> 2   m 8 n
    3   m 10 o
    4   m 12 e


Turn 385
================================================================
warning: entity 17 was directed to use 1 halite to move east, but only 0 halite was available
At command 6 of 11:
    4   m 12 s
    5   m 16 o
>>> 6   m 17 e
    7   m 18 w
    8   m 19 o


Turn 386
================================================================
warning: entity 12 was directed to use 3 halite to move south, but only 1 halite was available
At command 4 of 11:
    2   m 8 o
    3   m 10 w
>>> 4   m 12 s
    5   m 16 o
    6   m 17 e


Turn 389
================================================================
warning: entity 17 was directed to use 2 halite to move east, but only 1 halite was available
At command 6 of 10:
    4   m 12 s
    5   m 16 s
>>> 6   m 17 e
    7   m 18 o
    8   m 19 s


Turn 390
================================================================
warning: entity 12 was directed to use 4 halite to move south, but only 0 halite was available
At command 4 of 11:
    2   m 8 o
    3   m 10 w
>>> 4   m 12 s
    5   m 16 o
    6   m 17 e


Turn 393
================================================================
warning: entity 20 was directed to use 1 halite to move east, but only 0 halite was available
At command 8 of 10:
    6   m 17 o
    7   m 19 o
>>> 8   m 20 e
    9   m 23 n
    10   m 24 n


Turn 395
================================================================
warning: entity 23 was directed to use 1 halite to move north, but only 0 halite was available
At command 10 of 11:
    8   m 19 o
    9   m 20 e
>>> 10   m 23 n
    11   m 24 n


Turn 398
================================================================
warning: entity 20 was directed to use 1 halite to move west, but only 0 halite was available
At command 9 of 11:
    7   m 18 w
    8   m 19 s
>>> 9   m 20 w
    10   m 23 n
    11   m 24 n

warning: entity 23 was directed to use 4 halite to move north, but only 1 halite was available
At command 10 of 11:
    8   m 19 s
    9   m 20 w
>>> 10   m 23 n
    11   m 24 n


Turn 401
================================================================
warning: entity 18 was directed to use 1 halite to move west, but only 0 halite was available
At command 7 of 11:
    5   m 16 o
    6   m 17 o
>>> 7   m 18 w
    8   m 19 o
    9   m 20 n

warning: entity 24 was directed to use 1 halite to move east, but only 0 halite was available
At command 11 of 11:
    9   m 20 n
    10   m 23 o
>>> 11   m 24 e


Turn 403
================================================================
warning: entity 20 was directed to use 1 halite to move east, but only 0 halite was available
At command 9 of 11:
    7   m 18 w
    8   m 19 w
>>> 9   m 20 e
    10   m 23 o
    11   m 24 e

warning: entity 24 was directed to use 4 halite to move east, but only 3 halite was available
At command 11 of 11:
    9   m 20 e
    10   m 23 o
>>> 11   m 24 e


Turn 406
================================================================
warning: entity 18 was directed to use 2 halite to move south, but only 1 halite was available
At command 7 of 11:
    5   m 16 o
    6   m 17 w
>>> 7   m 18 s
    8   m 19 o
    9   m 20 s


Turn 407
================================================================
warning: entity 20 was directed to use 1 halite to move south, but only 0 halite was available
At command 9 of 11:
    7   m 18 s
    8   m 19 w
>>> 9   m 20 s
    10   m 23 o
    11   m 24 e


Turn 410
================================================================
warning: entity 24 was directed to use 4 halite to move east, but only 1 halite was available
At command 11 of 11:
    9   m 20 s
    10   m 23 e
>>> 11   m 24 e


Turn 412
================================================================
warning: entity 20 was directed to use 4 halite to move south, but only 2 halite was available
At command 9 of 11:
    7   m 18 o
    8   m 19 o
>>> 9   m 20 s
    10   m 23 o
    11   m 24 e


Turn 425
================================================================
warning: entity 17 was directed to use 1 halite to move west, but only 0 halite was available
At command 5 of 10:
    3   m 12 w
    4   m 16 n
>>> 5   m 17 w
    6   m 18 o
    7   m 19 o


Turn 427
================================================================
warning: entity 2 was directed to use 1 halite to move west, but only 0 halite was available
At command 1 of 11:
>>> 1   m 2 w
    2   m 8 s
    3   m 10 n


Turn 430
================================================================
warning: entity 2 was directed to use 2 halite to move west, but only 0 halite was available
At command 1 of 10:
>>> 1   m 2 w
    2   m 8 s
    3   m 12 w

warning: entity 17 was directed to use 2 halite to move west, but only 1 halite was available
At command 5 of 10:
    3   m 12 w
    4   m 16 e
>>> 5   m 17 w
    6   m 18 e
    7   m 19 n


Turn 431
================================================================
warning: entity 16 was directed to use 3 halite to move east, but only 0 halite was available
At command 5 of 11:
    3   m 10 e
    4   m 12 w
>>> 5   m 16 e
    6   m 17 e
    7   m 18 e

warning: entity 24 was directed to use 11 halite to move west, but only 4 halite was available
At command 11 of 11:
    9   m 20 w
    10   m 23 s
>>> 11   m 24 w


Turn 433
================================================================
warning: entity 2 was directed to use 3 halite to move east, but only 1 halite was available
At command 1 of 11:
>>> 1   m 2 e
    2   m 8 s
    3   m 10 e


Turn 435
================================================================
warning: entity 10 was directed to use 8 halite to move south, but only 1 halite was available
At command 3 of 11:
    1   m 2 e
    2   m 8 s
>>> 3   m 10 s
    4   m 12 n
    5   m 16 s

warning: entity 16 was directed to use 4 halite to move south, but only 1 halite was available
At command 5 of 11:
    3   m 10 s
    4   m 12 n
>>> 5   m 16 s
    6   m 17 e
    7   m 18 e

warning: entity 24 was directed to use 4 halite to move north, but only 2 halite was available
At command 11 of 11:
    9   m 20 w
    10   m 23 s
>>> 11   m 24 n

warning: owned entities 8, 18 collided on cell (31, 30) as the result of moves on this turn
At command 2 of 11:
    1   m 2 e
>>> 2   m 8 s
    3   m 10 s
    4   m 12 n

Other commands that placed an entity on this cell:
    5   m 16 s
    6   m 17 e
>>> 7   m 18 e
    8   m 19 e
    9   m 20 w


Turn 436
================================================================
warning: entity 19 was directed to use 2 halite to move east, but only 0 halite was available
At command 6 of 9:
    4   m 16 s
    5   m 17 e
>>> 6   m 19 e
    7   m 20 w
    8   m 23 s


Turn 437
================================================================
warning: entity 2 was directed to use 4 halite to move east, but only 3 halite was available
At command 1 of 9:
>>> 1   m 2 e
    2   m 10 s
    3   m 12 n


Turn 438
================================================================
warning: entity 16 was directed to use 12 halite to move west, but only 6 halite was available
At command 4 of 9:
    2   m 10 w
    3   m 12 n
>>> 4   m 16 w
    5   m 17 s
    6   m 19 o


Turn 439
================================================================
warning: entity 10 was directed to use 4 halite to move west, but only 3 halite was available
At command 2 of 9:
    1   m 2 e
>>> 2   m 10 w
    3   m 12 n
    4   m 16 w


Turn 440
================================================================
warning: entity 24 was directed to use 17 halite to move east, but only 0 halite was available
At command 7 of 7:
    5   m 20 n
    6   m 23 w
>>> 7   m 24 e


Turn 441
================================================================
warning: entity 17 was directed to use 2 halite to move south, but only 1 halite was available
At command 5 of 9:
    3   m 12 n
    4   m 16 w
>>> 5   m 17 s
    6   m 19 w
    7   m 20 n


Turn 442
================================================================
warning: entity 2 was directed to use 2 halite to move north, but only 0 halite was available
At command 1 of 9:
>>> 1   m 2 n
    2   m 10 s
    3   m 12 n


Turn 443
================================================================
warning: entity 16 was directed to use 9 halite to move west, but only 2 halite was available
At command 4 of 9:
    2   m 10 n
    3   m 12 n
>>> 4   m 16 w
    5   m 17 s
    6   m 19 w

warning: owned entities 2, 19 collided on cell (31, 30) as the result of moves on this turn
At command 1 of 9:
>>> 1   m 2 n
    2   m 10 n
    3   m 12 n

Other commands that placed an entity on this cell:
    4   m 16 w
    5   m 17 s
>>> 6   m 19 w
    7   m 20 n
    8   m 23 w


Turn 444
================================================================
warning: entity 24 was directed to use 18 halite to move east, but only 16 halite was available
At command 6 of 6:
    4   m 17 s
    5   m 23 w
>>> 6   m 24 e


Turn 445
================================================================
warning: owned entities 10, 17 collided on cell (31, 30) as the result of moves on this turn
At command 1 of 6:
>>> 1   m 10 n
    2   m 12 n
    3   m 16 n


Turn 446
================================================================
warning: entity 12 was directed to use 1 halite to move south, but only 0 halite was available
At command 1 of 4:
>>> 1   m 12 s
    2   m 16 n
    3   m 20 w


Turn 450
================================================================
warning: entity 23 was directed to use 13 halite to move east, but only 0 halite was available
At command 4 of 5:
    2   m 16 e
    3   m 20 e
>>> 4   m 23 e
    5   m 24 n

