
Turn 3
================================================================
warning: entity 1 was directed to use 63 halite to move west, but only 0 halite was available
At command 1 of 1:
>>> 1   m 1 w


Turn 23
================================================================
warning: entity 3 was directed to use 42 halite to move west, but only 0 halite was available
At command 2 of 2:
    1   m 1 e
>>> 2   m 3 w


Turn 26
================================================================
warning: entity 3 was directed to use 32 halite to move north, but only 30 halite was available
At command 2 of 2:
    1   m 1 w
>>> 2   m 3 n


Turn 27
================================================================
warning: entity 1 was directed to use 47 halite to move west, but only 0 halite was available
At command 1 of 2:
>>> 1   m 1 w
    2   m 3 o


Turn 30
================================================================
warning: entity 1 was directed to use 46 halite to move west, but only 23 halite was available
At command 2 of 3:
    1   g
>>> 2   m 1 w
    3   m 3 e


Turn 32
================================================================
warning: entity 5 was directed to use 35 halite to move south, but only 0 halite was available
At command 3 of 3:
    1   m 1 n
    2   m 3 o
>>> 3   m 5 s


Turn 36
================================================================
warning: entity 5 was directed to use 30 halite to move west, but only 7 halite was available
At command 3 of 3:
    1   m 1 o
    2   m 3 o
>>> 3   m 5 w


Turn 48
================================================================
warning: entity 3 was directed to use 26 halite to move north, but only 0 halite was available
At command 2 of 3:
    1   m 1 e
>>> 2   m 3 n
    3   m 5 o


Turn 54
================================================================
warning: entity 1 was directed to use 31 halite to move south, but only 0 halite was available
At command 1 of 3:
>>> 1   m 1 s
    2   m 3 o
    3   m 5 n


Turn 65
================================================================
warning: entity 3 was directed to use 20 halite to move west, but only 0 halite was available
At command 2 of 3:
    1   m 1 o
>>> 2   m 3 w
    3   m 5 o


Turn 69
================================================================
warning: entity 3 was directed to use 2 halite to move west, but only 0 halite was available
At command 2 of 3:
    1   m 1 n
>>> 2   m 3 w
    3   m 5 w


Turn 72
================================================================
warning: entity 5 was directed to use 2 halite to move east, but only 0 halite was available
At command 3 of 3:
    1   m 1 n
    2   m 3 o
>>> 3   m 5 e


Turn 74
================================================================
warning: entity 5 was directed to use 21 halite to move east, but only 4 halite was available
At command 3 of 3:
    1   m 1 w
    2   m 3 o
>>> 3   m 5 e


Turn 75
================================================================
warning: entity 1 was directed to use 15 halite to move west, but only 0 halite was available
At command 1 of 3:
>>> 1   m 1 w
    2   m 3 o
    3   m 5 e


Turn 77
================================================================
warning: entity 5 was directed to use 23 halite to move east, but only 21 halite was available
At command 3 of 3:
    1   m 1 s
    2   m 3 o
>>> 3   m 5 e


Turn 79
================================================================
warning: entity 1 was directed to use 22 halite to move south, but only 13 halite was available
At command 1 of 4:
>>> 1   m 1 s
    2   m 3 o
    3   m 5 e


Turn 80
================================================================
warning: entity 6 was directed to use 1 halite to move east, but only 0 halite was available
At command 4 of 4:
    2   m 3 o
    3   m 5 o
>>> 4   m 6 e


Turn 82
================================================================
warning: entity 6 was directed to use 16 halite to move south, but only 3 halite was available
At command 4 of 4:
    2   m 3 e
    3   m 5 o
>>> 4   m 6 s


Turn 84
================================================================
warning: entity 6 was directed to use 35 halite to move south, but only 32 halite was available
At command 5 of 5:
    3   m 3 e
    4   m 5 o
>>> 5   m 6 s


Turn 87
================================================================
warning: entity 7 was directed to use 23 halite to move west, but only 0 halite was available
At command 5 of 5:
    3   m 5 o
    4   m 6 o
>>> 5   m 7 w


Turn 90
================================================================
warning: entity 7 was directed to use 13 halite to move west, but only 9 halite was available
At command 5 of 5:
    3   m 5 o
    4   m 6 o
>>> 5   m 7 w


Turn 91
================================================================
warning: entity 3 was directed to use 1 halite to move east, but only 0 halite was available
At command 2 of 5:
    1   m 1 o
>>> 2   m 3 e
    3   m 5 w
    4   m 6 o


Turn 93
================================================================
warning: entity 3 was directed to use 12 halite to move east, but only 3 halite was available
At command 2 of 5:
    1   m 1 e
>>> 2   m 3 e
    3   m 5 o
    4   m 6 o


Turn 96
================================================================
warning: entity 3 was directed to use 35 halite to move east, but only 3 halite was available
At command 2 of 5:
    1   m 1 n
>>> 2   m 3 e
    3   m 5 w
    4   m 6 w


Turn 99
================================================================
warning: entity 1 was directed to use 11 halite to move west, but only 0 halite was available
At command 1 of 5:
>>> 1   m 1 w
    2   m 3 s
    3   m 5 s


Turn 102
================================================================
warning: entity 1 was directed to use 34 halite to move west, but only 19 halite was available
At command 1 of 5:
>>> 1   m 1 w
    2   m 3 o
    3   m 5 n

warning: entity 6 was directed to use 1 halite to move north, but only 0 halite was available
At command 4 of 5:
    2   m 3 o
    3   m 5 n
>>> 4   m 6 n
    5   m 7 o


Turn 104
================================================================
warning: entity 6 was directed to use 25 halite to move north, but only 4 halite was available
At command 4 of 5:
    2   m 3 o
    3   m 5 e
>>> 4   m 6 n
    5   m 7 o


Turn 112
================================================================
warning: entity 7 was directed to use 17 halite to move south, but only 0 halite was available
At command 5 of 5:
    3   m 5 o
    4   m 6 o
>>> 5   m 7 s


Turn 120
================================================================
warning: entity 5 was directed to use 8 halite to move west, but only 0 halite was available
At command 3 of 5:
    1   m 1 e
    2   m 3 w
>>> 3   m 5 w
    4   m 6 s
    5   m 7 o


Turn 123
================================================================
warning: entity 5 was directed to use 29 halite to move north, but only 13 halite was available
At command 3 of 5:
    1   m 1 w
    2   m 3 e
>>> 3   m 5 n
    4   m 6 s
    5   m 7 o


Turn 124
================================================================
warning: entity 1 was directed to use 6 halite to move west, but only 0 halite was available
At command 1 of 5:
>>> 1   m 1 w
    2   m 3 w
    3   m 5 n


Turn 127
================================================================
warning: entity 3 was directed to use 22 halite to move east, but only 14 halite was available
At command 2 of 5:
    1   m 1 s
>>> 2   m 3 e
    3   m 5 o
    4   m 6 s


Turn 128
================================================================
warning: entity 1 was directed to use 16 halite to move south, but only 1 halite was available
At command 1 of 5:
>>> 1   m 1 s
    2   m 3 e
    3   m 5 o


Turn 132
================================================================
warning: entity 3 was directed to use 30 halite to move north, but only 22 halite was available
At command 2 of 5:
    1   m 1 o
>>> 2   m 3 n
    3   m 5 o
    4   m 6 o

warning: entity 7 was directed to use 4 halite to move south, but only 0 halite was available
At command 5 of 5:
    3   m 5 o
    4   m 6 o
>>> 5   m 7 s


Turn 134
================================================================
warning: entity 7 was directed to use 33 halite to move south, but only 9 halite was available
At command 5 of 5:
    3   m 5 o
    4   m 6 o
>>> 5   m 7 s


Turn 137
================================================================
warning: entity 3 was directed to use 3 halite to move west, but only 0 halite was available
At command 2 of 5:
    1   m 1 o
>>> 2   m 3 w
    3   m 5 s
    4   m 6 o


Turn 140
================================================================
warning: entity 3 was directed to use 26 halite to move north, but only 6 halite was available
At command 2 of 4:
    1   m 1 o
>>> 2   m 3 n
    3   m 5 e
    4   m 7 o


Turn 143
================================================================
warning: entity 6 was directed to use 1 halite to move south, but only 0 halite was available
At command 3 of 4:
    1   m 1 e
    2   m 3 o
>>> 3   m 6 s
    4   m 7 o


Turn 145
================================================================
warning: entity 5 was directed to use 2 halite to move west, but only 0 halite was available
At command 3 of 5:
    1   m 1 n
    2   m 3 o
>>> 3   m 5 w
    4   m 6 o
    5   m 7 o


Turn 148
================================================================
warning: entity 5 was directed to use 19 halite to move west, but only 5 halite was available
At command 3 of 5:
    1   m 1 e
    2   m 3 o
>>> 3   m 5 w
    4   m 6 o
    5   m 7 e


Turn 150
================================================================
warning: entity 1 was directed to use 9 halite to move east, but only 0 halite was available
At command 1 of 5:
>>> 1   m 1 e
    2   m 3 o
    3   m 5 e


Turn 152
================================================================
warning: entity 1 was directed to use 22 halite to move east, but only 17 halite was available
At command 1 of 5:
>>> 1   m 1 e
    2   m 3 e
    3   m 5 e


Turn 155
================================================================
warning: entity 5 was directed to use 23 halite to move north, but only 9 halite was available
At command 3 of 5:
    1   m 1 n
    2   m 3 s
>>> 3   m 5 n
    4   m 6 w
    5   m 7 s

warning: entity 7 was directed to use 1 halite to move south, but only 0 halite was available
At command 5 of 5:
    3   m 5 n
    4   m 6 w
>>> 5   m 7 s


Turn 157
================================================================
warning: entity 7 was directed to use 24 halite to move south, but only 4 halite was available
At command 5 of 5:
    3   m 5 o
    4   m 6 o
>>> 5   m 7 s


Turn 158
================================================================
warning: entity 3 was directed to use 1 halite to move west, but only 0 halite was available
At command 2 of 5:
    1   m 1 o
>>> 2   m 3 w
    3   m 5 o
    4   m 6 n


Turn 161
================================================================
warning: entity 6 was directed to use 9 halite to move south, but only 0 halite was available
At command 4 of 5:
    2   m 3 o
    3   m 5 o
>>> 4   m 6 s
    5   m 7 o


Turn 163
================================================================
warning: entity 6 was directed to use 23 halite to move south, but only 18 halite was available
At command 4 of 5:
    2   m 3 o
    3   m 5 o
>>> 4   m 6 s
    5   m 7 o


Turn 175
================================================================
warning: entity 1 was directed to use 6 halite to move south, but only 0 halite was available
At command 1 of 4:
>>> 1   m 1 s
    2   m 5 w
    3   m 6 o


Turn 177
================================================================
warning: entity 1 was directed to use 26 halite to move south, but only 13 halite was available
At command 1 of 5:
>>> 1   m 1 s
    2   m 3 s
    3   m 5 w


Turn 178
================================================================
warning: entity 3 was directed to use 1 halite to move south, but only 0 halite was available
At command 2 of 4:
    1   m 1 s
>>> 2   m 3 s
    3   m 5 e
    4   m 6 n


Turn 181
================================================================
warning: entity 3 was directed to use 27 halite to move south, but only 3 halite was available
At command 2 of 4:
    1   m 1 o
>>> 2   m 3 s
    3   m 6 w
    4   m 7 n

warning: entity 7 was directed to use 1 halite to move north, but only 0 halite was available
At command 4 of 4:
    2   m 3 s
    3   m 6 w
>>> 4   m 7 n


Turn 183
================================================================
warning: entity 7 was directed to use 16 halite to move north, but only 3 halite was available
At command 5 of 5:
    3   m 5 e
    4   m 6 n
>>> 5   m 7 n


Turn 184
================================================================
warning: entity 5 was directed to use 5 halite to move east, but only 0 halite was available
At command 3 of 4:
    1   m 1 o
    2   m 3 o
>>> 3   m 5 e
    4   m 7 n


Turn 186
================================================================
warning: entity 5 was directed to use 17 halite to move east, but only 10 halite was available
At command 3 of 5:
    1   m 1 o
    2   m 3 o
>>> 3   m 5 e
    4   m 6 e
    5   m 7 o


Turn 187
================================================================
warning: entity 6 was directed to use 3 halite to move north, but only 0 halite was available
At command 4 of 5:
    2   m 3 o
    3   m 5 e
>>> 4   m 6 n
    5   m 7 o


Turn 189
================================================================
warning: entity 6 was directed to use 12 halite to move south, but only 8 halite was available
At command 4 of 5:
    2   m 3 o
    3   m 5 n
>>> 4   m 6 s
    5   m 7 o


Turn 192
================================================================
warning: entity 6 was directed to use 24 halite to move south, but only 11 halite was available
At command 4 of 5:
    2   m 3 w
    3   m 5 o
>>> 4   m 6 s
    5   m 7 o


Turn 196
================================================================
warning: entity 1 was directed to use 1 halite to move west, but only 0 halite was available
At command 1 of 5:
>>> 1   m 1 w
    2   m 3 n
    3   m 5 o


Turn 199
================================================================
warning: entity 1 was directed to use 14 halite to move south, but only 2 halite was available
At command 1 of 5:
>>> 1   m 1 s
    2   m 3 s
    3   m 5 w


Turn 200
================================================================
warning: entity 3 was directed to use 18 halite to move south, but only 0 halite was available
At command 2 of 4:
    1   m 1 s
>>> 2   m 3 s
    3   m 5 w
    4   m 6 o


Turn 202
================================================================
warning: entity 1 was directed to use 18 halite to move south, but only 6 halite was available
At command 1 of 5:
>>> 1   m 1 s
    2   m 3 o
    3   m 5 w


Turn 203
================================================================
warning: entity 7 was directed to use 2 halite to move east, but only 0 halite was available
At command 5 of 5:
    3   m 5 s
    4   m 6 w
>>> 5   m 7 e


Turn 205
================================================================
warning: entity 7 was directed to use 9 halite to move north, but only 5 halite was available
At command 4 of 4:
    2   m 3 o
    3   m 6 w
>>> 4   m 7 n


Turn 208
================================================================
warning: entity 5 was directed to use 1 halite to move north, but only 0 halite was available
At command 3 of 5:
    1   m 1 o
    2   m 3 o
>>> 3   m 5 n
    4   m 6 n
    5   m 7 o


Turn 211
================================================================
warning: entity 5 was directed to use 18 halite to move north, but only 2 halite was available
At command 3 of 5:
    1   m 1 o
    2   m 3 e
>>> 3   m 5 n
    4   m 6 n
    5   m 7 o


Turn 212
================================================================
warning: entity 6 was directed to use 1 halite to move north, but only 0 halite was available
At command 4 of 5:
    2   m 3 n
    3   m 5 n
>>> 4   m 6 n
    5   m 7 o


Turn 214
================================================================
warning: entity 6 was directed to use 12 halite to move north, but only 3 halite was available
At command 3 of 4:
    1   m 1 e
    2   m 5 o
>>> 3   m 6 n
    4   m 7 o


Turn 217
================================================================
warning: entity 3 was directed to use 2 halite to move west, but only 0 halite was available
At command 2 of 5:
    1   m 1 n
>>> 2   m 3 w
    3   m 5 o
    4   m 6 n


Turn 219
================================================================
warning: entity 3 was directed to use 21 halite to move north, but only 5 halite was available
At command 1 of 4:
>>> 1   m 3 n
    2   m 5 o
    3   m 6 o


Turn 221
================================================================
warning: entity 1 was directed to use 1 halite to move north, but only 0 halite was available
At command 1 of 5:
>>> 1   m 1 n
    2   m 3 o
    3   m 5 o


Turn 223
================================================================
warning: entity 1 was directed to use 19 halite to move north, but only 3 halite was available
At command 1 of 4:
>>> 1   m 1 n
    2   m 3 o
    3   m 5 e


Turn 225
================================================================
warning: entity 7 was directed to use 1 halite to move north, but only 0 halite was available
At command 5 of 5:
    3   m 5 e
    4   m 6 o
>>> 5   m 7 n


Turn 226
================================================================
warning: entity 1 was directed to use 17 halite to move east, but only 12 halite was available
At command 1 of 5:
>>> 1   m 1 e
    2   m 3 o
    3   m 5 w


Turn 230
================================================================
warning: entity 1 was directed to use 25 halite to move west, but only 6 halite was available
At command 1 of 5:
>>> 1   m 1 w
    2   m 3 w
    3   m 5 e

warning: entity 7 was directed to use 10 halite to move west, but only 8 halite was available
At command 5 of 5:
    3   m 5 e
    4   m 6 e
>>> 5   m 7 w


Turn 236
================================================================
warning: entity 7 was directed to use 6 halite to move west, but only 0 halite was available
At command 5 of 5:
    3   m 5 e
    4   m 6 e
>>> 5   m 7 w


Turn 237
================================================================
warning: entity 3 was directed to use 1 halite to move east, but only 0 halite was available
At command 2 of 5:
    1   m 1 e
>>> 2   m 3 e
    3   m 5 w
    4   m 6 w


Turn 239
================================================================
warning: entity 3 was directed to use 7 halite to move east, but only 3 halite was available
At command 2 of 5:
    1   m 1 e
>>> 2   m 3 e
    3   m 5 w
    4   m 6 w


Turn 240
================================================================
warning: entity 1 was directed to use 10 halite to move west, but only 7 halite was available
At command 1 of 5:
>>> 1   m 1 w
    2   m 3 e
    3   m 5 e


Turn 241
================================================================
warning: entity 7 was directed to use 21 halite to move east, but only 0 halite was available
At command 5 of 5:
    3   m 5 w
    4   m 6 o
>>> 5   m 7 e


Turn 248
================================================================
warning: entity 5 was directed to use 1 halite to move north, but only 0 halite was available
At command 3 of 4:
    1   m 1 o
    2   m 3 o
>>> 3   m 5 n
    4   m 7 o


Turn 251
================================================================
warning: entity 5 was directed to use 13 halite to move north, but only 2 halite was available
At command 3 of 5:
    1   m 1 o
    2   m 3 w
>>> 3   m 5 n
    4   m 6 w
    5   m 7 o


Turn 252
================================================================
warning: entity 6 was directed to use 10 halite to move south, but only 0 halite was available
At command 4 of 5:
    2   m 3 w
    3   m 5 n
>>> 4   m 6 s
    5   m 7 o


Turn 259
================================================================
warning: entity 3 was directed to use 2 halite to move north, but only 0 halite was available
At command 2 of 4:
    1   m 1 s
>>> 2   m 3 n
    3   m 5 o
    4   m 6 o


Turn 261
================================================================
warning: entity 3 was directed to use 12 halite to move north, but only 5 halite was available
At command 2 of 5:
    1   m 1 s
>>> 2   m 3 n
    3   m 5 o
    4   m 6 o


Turn 262
================================================================
warning: entity 7 was directed to use 1 halite to move east, but only 0 halite was available
At command 4 of 4:
    2   m 5 o
    3   m 6 o
>>> 4   m 7 e


Turn 264
================================================================
warning: entity 7 was directed to use 5 halite to move east, but only 3 halite was available
At command 5 of 5:
    3   m 5 n
    4   m 6 e
>>> 5   m 7 e


Turn 266
================================================================
warning: entity 1 was directed to use 16 halite to move north, but only 0 halite was available
At command 1 of 5:
>>> 1   m 1 n
    2   m 3 o
    3   m 5 e


Turn 267
================================================================
warning: entity 7 was directed to use 18 halite to move north, but only 4 halite was available
At command 4 of 4:
    2   m 3 o
    3   m 5 e
>>> 4   m 7 n


Turn 270
================================================================
warning: entity 1 was directed to use 13 halite to move north, but only 10 halite was available
At command 1 of 5:
>>> 1   m 1 n
    2   m 3 o
    3   m 5 s


Turn 271
================================================================
warning: entity 6 was directed to use 4 halite to move east, but only 0 halite was available
At command 4 of 5:
    2   m 3 o
    3   m 5 s
>>> 4   m 6 e
    5   m 7 o


Turn 273
================================================================
warning: entity 6 was directed to use 9 halite to move east, but only 7 halite was available
At command 4 of 5:
    2   m 3 o
    3   m 5 s
>>> 4   m 6 e
    5   m 7 o


Turn 278
================================================================
warning: entity 5 was directed to use 8 halite to move west, but only 0 halite was available
At command 3 of 5:
    1   m 1 o
    2   m 3 s
>>> 3   m 5 w
    4   m 6 o
    5   m 7 o


Turn 282
================================================================
warning: entity 5 was directed to use 17 halite to move south, but only 13 halite was available
At command 3 of 5:
    1   m 1 o
    2   m 3 e
>>> 3   m 5 s
    4   m 6 o
    5   m 7 w


Turn 284
================================================================
warning: entity 3 was directed to use 3 halite to move north, but only 0 halite was available
At command 2 of 5:
    1   m 1 w
>>> 2   m 3 n
    3   m 5 o
    4   m 6 o


Turn 287
================================================================
warning: entity 3 was directed to use 21 halite to move north, but only 5 halite was available
At command 2 of 5:
    1   m 1 s
>>> 2   m 3 n
    3   m 5 o
    4   m 6 o


Turn 292
================================================================
warning: entity 7 was directed to use 2 halite to move north, but only 0 halite was available
At command 4 of 4:
    2   m 5 o
    3   m 6 w
>>> 4   m 7 n


Turn 294
================================================================
warning: entity 7 was directed to use 10 halite to move north, but only 5 halite was available
At command 5 of 5:
    3   m 5 e
    4   m 6 s
>>> 5   m 7 n


Turn 296
================================================================
warning: entity 1 was directed to use 6 halite to move west, but only 0 halite was available
At command 1 of 5:
>>> 1   m 1 w
    2   m 3 o
    3   m 5 e


Turn 298
================================================================
warning: entity 6 was directed to use 3 halite to move north, but only 0 halite was available
At command 4 of 5:
    2   m 3 o
    3   m 5 n
>>> 4   m 6 n
    5   m 7 o


Turn 300
================================================================
warning: entity 1 was directed to use 10 halite to move north, but only 9 halite was available
At command 1 of 5:
>>> 1   m 1 n
    2   m 3 w
    3   m 5 n


Turn 301
================================================================
warning: entity 6 was directed to use 8 halite to move north, but only 6 halite was available
At command 3 of 4:
    1   m 1 n
    2   m 3 w
>>> 3   m 6 n
    4   m 7 o


Turn 305
================================================================
warning: entity 5 was directed to use 2 halite to move east, but only 0 halite was available
At command 3 of 5:
    1   m 1 o
    2   m 3 s
>>> 3   m 5 e
    4   m 6 o
    5   m 7 o


Turn 307
================================================================
warning: entity 5 was directed to use 7 halite to move east, but only 5 halite was available
At command 2 of 4:
    1   m 1 o
>>> 2   m 5 e
    3   m 6 o
    4   m 7 o


Turn 310
================================================================
warning: entity 5 was directed to use 15 halite to move south, but only 2 halite was available
At command 3 of 5:
    1   m 1 o
    2   m 3 n
>>> 3   m 5 s
    4   m 6 o
    5   m 7 s


Turn 311
================================================================
warning: entity 3 was directed to use 9 halite to move north, but only 0 halite was available
At command 2 of 5:
    1   m 1 o
>>> 2   m 3 n
    3   m 5 s
    4   m 6 o


Turn 313
================================================================
warning: entity 3 was directed to use 18 halite to move north, but only 17 halite was available
At command 2 of 5:
    1   m 1 e
>>> 2   m 3 n
    3   m 5 o
    4   m 6 o


Turn 319
================================================================
warning: entity 7 was directed to use 1 halite to move east, but only 0 halite was available
At command 4 of 4:
    2   m 5 o
    3   m 6 s
>>> 4   m 7 e


Turn 321
================================================================
warning: entity 7 was directed to use 5 halite to move east, but only 3 halite was available
At command 5 of 5:
    3   m 5 o
    4   m 6 s
>>> 5   m 7 e


Turn 322
================================================================
warning: entity 1 was directed to use 1 halite to move north, but only 0 halite was available
At command 1 of 4:
>>> 1   m 1 n
    2   m 3 o
    3   m 5 w


Turn 323
================================================================
warning: entity 7 was directed to use 17 halite to move east, but only 13 halite was available
At command 5 of 5:
    3   m 5 w
    4   m 6 e
>>> 5   m 7 e


Turn 324
================================================================
warning: entity 1 was directed to use 9 halite to move north, but only 3 halite was available
At command 1 of 5:
>>> 1   m 1 n
    2   m 3 o
    3   m 5 w


Turn 326
================================================================
warning: entity 6 was directed to use 1 halite to move east, but only 0 halite was available
At command 4 of 5:
    2   m 3 o
    3   m 5 w
>>> 4   m 6 e
    5   m 7 o


Turn 328
================================================================
warning: entity 6 was directed to use 4 halite to move south, but only 3 halite was available
At command 4 of 5:
    2   m 3 s
    3   m 5 n
>>> 4   m 6 s
    5   m 7 o


Turn 337
================================================================
warning: entity 5 was directed to use 1 halite to move east, but only 0 halite was available
At command 3 of 5:
    1   m 1 o
    2   m 3 w
>>> 3   m 5 e
    4   m 6 o
    5   m 7 w


Turn 340
================================================================
warning: entity 5 was directed to use 6 halite to move east, but only 5 halite was available
At command 2 of 4:
    1   m 1 s
>>> 2   m 5 e
    3   m 6 o
    4   m 7 w


Turn 344
================================================================
warning: entity 3 was directed to use 1 halite to move east, but only 0 halite was available
At command 2 of 5:
    1   m 1 e
>>> 2   m 3 e
    3   m 5 w
    4   m 6 w


Turn 347
================================================================
warning: entity 3 was directed to use 5 halite to move north, but only 3 halite was available
At command 2 of 5:
    1   m 1 w
>>> 2   m 3 n
    3   m 5 o
    4   m 6 n


Turn 353
================================================================
warning: entity 6 was directed to use 3 halite to move north, but only 0 halite was available
At command 4 of 5:
    2   m 3 o
    3   m 5 e
>>> 4   m 6 n
    5   m 7 o


Turn 355
================================================================
warning: entity 6 was directed to use 13 halite to move north, but only 6 halite was available
At command 4 of 5:
    2   m 3 o
    3   m 5 e
>>> 4   m 6 n
    5   m 7 o


Turn 365
================================================================
warning: entity 5 was directed to use 3 halite to move east, but only 0 halite was available
At command 3 of 5:
    1   m 1 w
    2   m 3 e
>>> 3   m 5 e
    4   m 6 o
    5   m 7 o


Turn 370
================================================================
warning: entity 5 was directed to use 9 halite to move east, but only 5 halite was available
At command 3 of 5:
    1   m 1 e
    2   m 3 w
>>> 3   m 5 e
    4   m 6 w
    5   m 7 n


Turn 374
================================================================
warning: entity 1 was directed to use 1 halite to move north, but only 0 halite was available
At command 1 of 5:
>>> 1   m 1 n
    2   m 3 s
    3   m 5 n


Turn 376
================================================================
warning: entity 1 was directed to use 16 halite to move north, but only 4 halite was available
At command 1 of 5:
>>> 1   m 1 n
    2   m 3 w
    3   m 5 n


Turn 379
================================================================
warning: entity 3 was directed to use 4 halite to move south, but only 0 halite was available
At command 2 of 4:
    1   m 1 n
>>> 2   m 3 s
    3   m 5 o
    4   m 7 o


Turn 382
================================================================
warning: entity 3 was directed to use 13 halite to move south, but only 8 halite was available
At command 2 of 5:
    1   m 1 o
>>> 2   m 3 s
    3   m 5 o
    4   m 6 e


Turn 384
================================================================
warning: entity 6 was directed to use 2 halite to move east, but only 0 halite was available
At command 4 of 5:
    2   m 3 s
    3   m 5 o
>>> 4   m 6 e
    5   m 7 s


Turn 386
================================================================
warning: entity 6 was directed to use 12 halite to move north, but only 5 halite was available
At command 4 of 5:
    2   m 3 o
    3   m 5 o
>>> 4   m 6 n
    5   m 7 s


Turn 395
================================================================
warning: entity 7 was directed to use 1 halite to move east, but only 0 halite was available
At command 5 of 5:
    3   m 5 s
    4   m 6 o
>>> 5   m 7 e


Turn 397
================================================================
warning: entity 7 was directed to use 9 halite to move east, but only 3 halite was available
At command 5 of 5:
    3   m 5 s
    4   m 6 o
>>> 5   m 7 e

