
Turn 3
================================================================
warning: entity 0 was directed to use 16 halite to move west, but only 0 halite was available
At command 1 of 1:
>>> 1   m 0 w


Turn 6
================================================================
warning: entity 0 was directed to use 48 halite to move west, but only 18 halite was available
At command 2 of 2:
    1   g
>>> 2   m 0 w


Turn 8
================================================================
warning: entity 2 was directed to use 12 halite to move west, but only 0 halite was available
At command 2 of 2:
    1   m 0 o
>>> 2   m 2 w


Turn 11
================================================================
warning: entity 2 was directed to use 36 halite to move east, but only 11 halite was available
At command 3 of 3:
    1   g
    2   m 0 o
>>> 3   m 2 e


Turn 13
================================================================
warning: entity 4 was directed to use 17 halite to move east, but only 0 halite was available
At command 3 of 3:
    1   m 0 o
    2   m 2 w
>>> 3   m 4 e


Turn 16
================================================================
warning: entity 2 was directed to use 27 halite to move north, but only 20 halite was available
At command 3 of 4:
    1   g
    2   m 0 o
>>> 3   m 2 n
    4   m 4 e

warning: entity 4 was directed to use 31 halite to move east, but only 23 halite was available
At command 4 of 4:
    2   m 0 o
    3   m 2 n
>>> 4   m 4 e


Turn 18
================================================================
warning: entity 6 was directed to use 9 halite to move west, but only 0 halite was available
At command 4 of 4:
    2   m 2 s
    3   m 4 o
>>> 4   m 6 w


Turn 21
================================================================
warning: entity 2 was directed to use 20 halite to move south, but only 13 halite was available
At command 1 of 3:
>>> 1   m 2 s
    2   m 4 o
    3   m 6 w

warning: entity 6 was directed to use 28 halite to move west, but only 6 halite was available
At command 3 of 3:
    1   m 2 s
    2   m 4 o
>>> 3   m 6 w


Turn 25
================================================================
warning: entity 6 was directed to use 46 halite to move south, but only 12 halite was available
At command 4 of 4:
    2   m 2 w
    3   m 4 o
>>> 4   m 6 s


Turn 26
================================================================
warning: entity 2 was directed to use 26 halite to move north, but only 6 halite was available
At command 2 of 4:
    1   m 0 e
>>> 2   m 2 n
    3   m 4 o
    4   m 6 s


Turn 29
================================================================
warning: entity 2 was directed to use 44 halite to move south, but only 18 halite was available
At command 2 of 4:
    1   m 0 e
>>> 2   m 2 s
    3   m 4 o
    4   m 6 o


Turn 32
================================================================
warning: entity 0 was directed to use 6 halite to move south, but only 0 halite was available
At command 1 of 4:
>>> 1   m 0 s
    2   m 2 o
    3   m 4 w


Turn 35
================================================================
warning: entity 0 was directed to use 15 halite to move west, but only 2 halite was available
At command 1 of 2:
>>> 1   m 0 w
    2   m 6 o


Turn 37
================================================================
warning: entity 4 was directed to use 12 halite to move east, but only 0 halite was available
At command 3 of 4:
    1   m 0 s
    2   m 2 n
>>> 3   m 4 e
    4   m 6 o


Turn 38
================================================================
warning: entity 0 was directed to use 35 halite to move west, but only 29 halite was available
At command 1 of 4:
>>> 1   m 0 w
    2   m 2 s
    3   m 4 e


Turn 40
================================================================
warning: entity 4 was directed to use 23 halite to move east, but only 15 halite was available
At command 4 of 5:
    2   m 0 o
    3   m 2 n
>>> 4   m 4 e
    5   m 6 e


Turn 42
================================================================
warning: entity 9 was directed to use 4 halite to move south, but only 0 halite was available
At command 5 of 5:
    3   m 4 e
    4   m 6 e
>>> 5   m 9 s


Turn 45
================================================================
warning: entity 9 was directed to use 8 halite to move south, but only 6 halite was available
At command 4 of 4:
    2   m 2 e
    3   m 4 o
>>> 4   m 9 s


Turn 47
================================================================
warning: entity 6 was directed to use 4 halite to move east, but only 0 halite was available
At command 4 of 5:
    2   m 2 e
    3   m 4 o
>>> 4   m 6 e
    5   m 9 s


Turn 48
================================================================
warning: entity 9 was directed to use 18 halite to move south, but only 13 halite was available
At command 4 of 4:
    2   m 4 o
    3   m 6 e
>>> 4   m 9 s


Turn 50
================================================================
warning: entity 2 was directed to use 3 halite to move south, but only 0 halite was available
At command 2 of 5:
    1   m 0 o
>>> 2   m 2 s
    3   m 4 o
    4   m 6 e

warning: entity 6 was directed to use 10 halite to move east, but only 3 halite was available
At command 4 of 5:
    2   m 2 s
    3   m 4 o
>>> 4   m 6 e
    5   m 9 o


Turn 53
================================================================
warning: entity 2 was directed to use 8 halite to move east, but only 4 halite was available
At command 3 of 6:
    1   g
    2   m 0 e
>>> 3   m 2 e
    4   m 4 o
    5   m 6 o


Turn 55
================================================================
warning: entity 11 was directed to use 2 halite to move west, but only 0 halite was available
At command 6 of 6:
    4   m 6 o
    5   m 9 o
>>> 6   m 11 w


Turn 57
================================================================
warning: entity 11 was directed to use 14 halite to move south, but only 5 halite was available
At command 6 of 6:
    4   m 6 o
    5   m 9 o
>>> 6   m 11 s


Turn 61
================================================================
warning: entity 0 was directed to use 3 halite to move east, but only 0 halite was available
At command 1 of 5:
>>> 1   m 0 e
    2   m 2 o
    3   m 4 w


Turn 64
================================================================
warning: entity 0 was directed to use 7 halite to move east, but only 1 halite was available
At command 1 of 5:
>>> 1   m 0 e
    2   m 2 o
    3   m 4 e

warning: entity 4 was directed to use 9 halite to move east, but only 0 halite was available
At command 3 of 5:
    1   m 0 e
    2   m 2 o
>>> 3   m 4 e
    4   m 9 n
    5   m 11 o


Turn 66
================================================================
warning: entity 0 was directed to use 16 halite to move east, but only 15 halite was available
At command 1 of 5:
>>> 1   m 0 e
    2   m 4 e
    3   m 6 s


Turn 67
================================================================
warning: entity 4 was directed to use 17 halite to move south, but only 9 halite was available
At command 3 of 6:
    1   m 0 e
    2   m 2 w
>>> 3   m 4 s
    4   m 6 n
    5   m 9 n


Turn 70
================================================================
warning: entity 4 was directed to use 14 halite to move north, but only 6 halite was available
At command 3 of 6:
    1   m 0 o
    2   m 2 n
>>> 3   m 4 n
    4   m 6 w
    5   m 9 w

warning: entity 9 was directed to use 5 halite to move west, but only 0 halite was available
At command 5 of 6:
    3   m 4 n
    4   m 6 w
>>> 5   m 9 w
    6   m 11 o


Turn 72
================================================================
warning: entity 9 was directed to use 14 halite to move west, but only 10 halite was available
At command 5 of 6:
    3   m 4 n
    4   m 6 n
>>> 5   m 9 w
    6   m 11 o


Turn 73
================================================================
warning: entity 2 was directed to use 7 halite to move east, but only 0 halite was available
At command 2 of 5:
    1   m 0 o
>>> 2   m 2 e
    3   m 4 o
    4   m 6 w


Turn 75
================================================================
warning: entity 9 was directed to use 18 halite to move west, but only 15 halite was available
At command 5 of 6:
    3   m 4 o
    4   m 6 s
>>> 5   m 9 w
    6   m 11 e


Turn 76
================================================================
warning: entity 2 was directed to use 13 halite to move south, but only 5 halite was available
At command 2 of 5:
    1   m 0 o
>>> 2   m 2 s
    3   m 4 o
    4   m 9 w


Turn 78
================================================================
warning: entity 6 was directed to use 5 halite to move east, but only 0 halite was available
At command 4 of 6:
    2   m 2 o
    3   m 4 o
>>> 4   m 6 e
    5   m 9 o
    6   m 11 n


Turn 81
================================================================
warning: entity 6 was directed to use 9 halite to move east, but only 2 halite was available
At command 4 of 6:
    2   m 2 o
    3   m 4 o
>>> 4   m 6 e
    5   m 9 o
    6   m 11 w


Turn 82
================================================================
warning: entity 11 was directed to use 3 halite to move west, but only 0 halite was available
At command 6 of 6:
    4   m 6 n
    5   m 9 o
>>> 6   m 11 w


Turn 84
================================================================
warning: entity 11 was directed to use 10 halite to move west, but only 8 halite was available
At command 6 of 6:
    4   m 6 e
    5   m 9 o
>>> 6   m 11 w


Turn 86
================================================================
warning: entity 6 was directed to use 42 halite to move south, but only 6 halite was available
At command 4 of 6:
    2   m 2 o
    3   m 4 w
>>> 4   m 6 s
    5   m 9 o
    6   m 11 w


Turn 87
================================================================
warning: entity 11 was directed to use 20 halite to move west, but only 19 halite was available
At command 5 of 5:
    3   m 6 s
    4   m 9 o
>>> 5   m 11 w


Turn 89
================================================================
warning: entity 0 was directed to use 2 halite to move west, but only 0 halite was available
At command 1 of 6:
>>> 1   m 0 w
    2   m 2 n
    3   m 4 s


Turn 91
================================================================
warning: entity 0 was directed to use 11 halite to move west, but only 5 halite was available
At command 1 of 5:
>>> 1   m 0 w
    2   m 2 w
    3   m 6 o


Turn 93
================================================================
warning: entity 4 was directed to use 2 halite to move east, but only 0 halite was available
At command 3 of 6:
    1   m 0 w
    2   m 2 n
>>> 3   m 4 e
    4   m 6 o
    5   m 9 e


Turn 95
================================================================
warning: entity 4 was directed to use 8 halite to move north, but only 5 halite was available
At command 2 of 5:
    1   m 0 w
>>> 2   m 4 n
    3   m 6 o
    4   m 9 w


Turn 96
================================================================
warning: entity 0 was directed to use 19 halite to move west, but only 12 halite was available
At command 1 of 6:
>>> 1   m 0 w
    2   m 2 s
    3   m 4 n


Turn 97
================================================================
warning: entity 2 was directed to use 1 halite to move south, but only 0 halite was available
At command 2 of 5:
    1   m 0 w
>>> 2   m 2 s
    3   m 4 e
    4   m 9 s


Turn 99
================================================================
warning: entity 4 was directed to use 4 halite to move east, but only 0 halite was available
At command 3 of 6:
    1   m 0 o
    2   m 2 s
>>> 3   m 4 e
    4   m 6 w
    5   m 9 e


Turn 100
================================================================
warning: entity 2 was directed to use 6 halite to move south, but only 2 halite was available
At command 2 of 6:
    1   m 0 o
>>> 2   m 2 s
    3   m 4 e
    4   m 6 w


Turn 101
================================================================
warning: entity 4 was directed to use 8 halite to move south, but only 7 halite was available
At command 3 of 5:
    1   m 0 o
    2   m 2 s
>>> 3   m 4 s
    4   m 6 n
    5   m 11 e


Turn 103
================================================================
warning: entity 2 was directed to use 13 halite to move south, but only 6 halite was available
At command 2 of 6:
    1   m 0 o
>>> 2   m 2 s
    3   m 4 e
    4   m 6 s

warning: entity 9 was directed to use 1 halite to move west, but only 0 halite was available
At command 5 of 6:
    3   m 4 e
    4   m 6 s
>>> 5   m 9 w
    6   m 11 e


Turn 105
================================================================
warning: entity 9 was directed to use 8 halite to move west, but only 3 halite was available
At command 5 of 6:
    3   m 4 e
    4   m 6 w
>>> 5   m 9 w
    6   m 11 n


Turn 107
================================================================
warning: entity 9 was directed to use 21 halite to move west, but only 18 halite was available
At command 5 of 6:
    3   m 4 o
    4   m 6 s
>>> 5   m 9 w
    6   m 11 e


Turn 108
================================================================
warning: entity 6 was directed to use 1 halite to move west, but only 0 halite was available
At command 4 of 6:
    2   m 2 o
    3   m 4 o
>>> 4   m 6 w
    5   m 9 w
    6   m 11 w


Turn 110
================================================================
warning: entity 6 was directed to use 6 halite to move west, but only 3 halite was available
At command 3 of 4:
    1   m 2 o
    2   m 4 o
>>> 3   m 6 w
    4   m 9 w


Turn 112
================================================================
warning: entity 11 was directed to use 2 halite to move east, but only 0 halite was available
At command 6 of 6:
    4   m 6 w
    5   m 9 o
>>> 6   m 11 e


Turn 113
================================================================
warning: entity 6 was directed to use 15 halite to move west, but only 6 halite was available
At command 4 of 6:
    2   m 2 o
    3   m 4 o
>>> 4   m 6 w
    5   m 9 o
    6   m 11 e


Turn 114
================================================================
warning: entity 11 was directed to use 6 halite to move east, but only 5 halite was available
At command 6 of 6:
    4   m 6 w
    5   m 9 o
>>> 6   m 11 e


Turn 119
================================================================
warning: entity 11 was directed to use 1 halite to move east, but only 0 halite was available
At command 6 of 6:
    4   m 6 o
    5   m 9 o
>>> 6   m 11 e


Turn 120
================================================================
warning: entity 0 was directed to use 3 halite to move east, but only 0 halite was available
At command 1 of 6:
>>> 1   m 0 e
    2   m 2 n
    3   m 4 w


Turn 123
================================================================
warning: entity 0 was directed to use 7 halite to move east, but only 0 halite was available
At command 1 of 6:
>>> 1   m 0 e
    2   m 2 n
    3   m 4 w


Turn 127
================================================================
warning: entity 2 was directed to use 2 halite to move north, but only 0 halite was available
At command 2 of 5:
    1   m 0 e
>>> 2   m 2 n
    3   m 4 n
    4   m 9 e


Turn 129
================================================================
warning: entity 2 was directed to use 6 halite to move east, but only 5 halite was available
At command 2 of 6:
    1   m 0 o
>>> 2   m 2 e
    3   m 4 e
    4   m 6 n


Turn 130
================================================================
warning: entity 4 was directed to use 1 halite to move north, but only 0 halite was available
At command 3 of 6:
    1   m 0 o
    2   m 2 n
>>> 3   m 4 n
    4   m 6 e
    5   m 9 e


Turn 132
================================================================
warning: entity 4 was directed to use 4 halite to move north, but only 3 halite was available
At command 3 of 5:
    1   m 0 w
    2   m 2 e
>>> 3   m 4 n
    4   m 6 e
    5   m 11 w


Turn 133
================================================================
warning: entity 2 was directed to use 1 halite to move north, but only 0 halite was available
At command 2 of 6:
    1   m 0 w
>>> 2   m 2 n
    3   m 4 e
    4   m 6 e


Turn 135
================================================================
warning: entity 4 was directed to use 12 halite to move north, but only 7 halite was available
At command 3 of 5:
    1   m 0 s
    2   m 2 n
>>> 3   m 4 n
    4   m 9 w
    5   m 11 w

warning: entity 9 was directed to use 4 halite to move west, but only 0 halite was available
At command 4 of 5:
    2   m 2 n
    3   m 4 n
>>> 4   m 9 w
    5   m 11 w


Turn 136
================================================================
warning: entity 2 was directed to use 19 halite to move south, but only 3 halite was available
At command 2 of 6:
    1   m 0 w
>>> 2   m 2 s
    3   m 4 e
    4   m 6 w


Turn 137
================================================================
warning: entity 6 was directed to use 1 halite to move south, but only 0 halite was available
At command 4 of 6:
    2   m 2 e
    3   m 4 e
>>> 4   m 6 s
    5   m 9 w
    6   m 11 w


Turn 138
================================================================
warning: entity 2 was directed to use 53 halite to move south, but only 38 halite was available
At command 2 of 6:
    1   m 0 w
>>> 2   m 2 s
    3   m 4 n
    4   m 6 w

warning: entity 9 was directed to use 11 halite to move west, but only 1 halite was available
At command 5 of 6:
    3   m 4 n
    4   m 6 w
>>> 5   m 9 w
    6   m 11 w


Turn 139
================================================================
warning: entity 6 was directed to use 6 halite to move west, but only 3 halite was available
At command 4 of 5:
    2   m 2 e
    3   m 4 s
>>> 4   m 6 w
    5   m 9 w


Turn 142
================================================================
warning: entity 11 was directed to use 7 halite to move east, but only 0 halite was available
At command 5 of 5:
    3   m 6 w
    4   m 9 w
>>> 5   m 11 e


Turn 144
================================================================
warning: entity 0 was directed to use 1 halite to move west, but only 0 halite was available
At command 1 of 6:
>>> 1   m 0 w
    2   m 2 o
    3   m 4 o

warning: entity 6 was directed to use 14 halite to move south, but only 2 halite was available
At command 4 of 6:
    2   m 2 o
    3   m 4 o
>>> 4   m 6 s
    5   m 9 o
    6   m 11 e


Turn 145
================================================================
warning: entity 11 was directed to use 1 halite to move east, but only 0 halite was available
At command 6 of 6:
    4   m 6 s
    5   m 9 o
>>> 6   m 11 e


Turn 146
================================================================
warning: entity 0 was directed to use 10 halite to move north, but only 4 halite was available
At command 1 of 6:
>>> 1   m 0 n
    2   m 2 o
    3   m 4 o


Turn 148
================================================================
warning: entity 11 was directed to use 20 halite to move east, but only 3 halite was available
At command 6 of 6:
    4   m 6 o
    5   m 9 o
>>> 6   m 11 e


Turn 149
================================================================
warning: entity 0 was directed to use 18 halite to move west, but only 9 halite was available
At command 1 of 6:
>>> 1   m 0 w
    2   m 2 o
    3   m 4 o


Turn 164
================================================================
warning: entity 2 was directed to use 1 halite to move west, but only 0 halite was available
At command 2 of 6:
    1   m 0 o
>>> 2   m 2 w
    3   m 4 s
    4   m 6 e


Turn 166
================================================================
warning: entity 2 was directed to use 7 halite to move west, but only 4 halite was available
At command 2 of 6:
    1   m 0 s
>>> 2   m 2 w
    3   m 4 s
    4   m 6 w


Turn 168
================================================================
warning: entity 9 was directed to use 5 halite to move east, but only 0 halite was available
At command 4 of 5:
    2   m 2 w
    3   m 6 w
>>> 4   m 9 e
    5   m 11 w


Turn 169
================================================================
warning: entity 2 was directed to use 14 halite to move west, but only 4 halite was available
At command 2 of 6:
    1   m 0 e
>>> 2   m 2 w
    3   m 4 w
    4   m 6 n


Turn 170
================================================================
warning: entity 9 was directed to use 13 halite to move east, but only 10 halite was available
At command 5 of 6:
    3   m 4 s
    4   m 6 s
>>> 5   m 9 e
    6   m 11 w


Turn 171
================================================================
warning: entity 4 was directed to use 3 halite to move south, but only 0 halite was available
At command 3 of 5:
    1   m 0 s
    2   m 2 w
>>> 3   m 4 s
    4   m 6 e
    5   m 9 e


Turn 173
================================================================
warning: entity 11 was directed to use 1 halite to move east, but only 0 halite was available
At command 6 of 6:
    4   m 6 s
    5   m 9 e
>>> 6   m 11 e


Turn 174
================================================================
warning: entity 4 was directed to use 6 halite to move west, but only 3 halite was available
At command 3 of 6:
    1   m 0 s
    2   m 2 o
>>> 3   m 4 w
    4   m 6 e
    5   m 9 e


Turn 176
================================================================
warning: entity 9 was directed to use 1 halite to move east, but only 0 halite was available
At command 5 of 6:
    3   m 4 w
    4   m 6 n
>>> 5   m 9 e
    6   m 11 e

warning: entity 11 was directed to use 5 halite to move east, but only 0 halite was available
At command 6 of 6:
    4   m 6 n
    5   m 9 e
>>> 6   m 11 e


Turn 177
================================================================
warning: entity 4 was directed to use 1 halite to move west, but only 0 halite was available
At command 3 of 6:
    1   m 0 e
    2   m 2 o
>>> 3   m 4 w
    4   m 6 w
    5   m 9 e


Turn 178
================================================================
warning: entity 6 was directed to use 5 halite to move west, but only 0 halite was available
At command 3 of 5:
    1   m 2 o
    2   m 4 w
>>> 3   m 6 w
    4   m 9 o
    5   m 11 e


Turn 179
================================================================
warning: entity 4 was directed to use 28 halite to move west, but only 3 halite was available
At command 3 of 6:
    1   m 0 n
    2   m 2 o
>>> 3   m 4 w
    4   m 6 s
    5   m 9 o


Turn 181
================================================================
warning: entity 0 was directed to use 4 halite to move west, but only 0 halite was available
At command 1 of 5:
>>> 1   m 0 w
    2   m 4 w
    3   m 6 w


Turn 182
================================================================
warning: entity 6 was directed to use 11 halite to move west, but only 7 halite was available
At command 4 of 6:
    2   m 2 s
    3   m 4 o
>>> 4   m 6 w
    5   m 9 o
    6   m 11 e

warning: entity 11 was directed to use 1 halite to move east, but only 0 halite was available
At command 6 of 6:
    4   m 6 w
    5   m 9 o
>>> 6   m 11 e


Turn 183
================================================================
warning: entity 0 was directed to use 15 halite to move west, but only 8 halite was available
At command 1 of 6:
>>> 1   m 0 w
    2   m 2 e
    3   m 4 o


Turn 190
================================================================
warning: entity 0 was directed to use 26 halite to move west, but only 3 halite was available
At command 1 of 5:
>>> 1   m 0 w
    2   m 4 o
    3   m 6 w


Turn 191
================================================================
warning: entity 6 was directed to use 25 halite to move west, but only 21 halite was available
At command 4 of 5:
    2   m 2 e
    3   m 4 o
>>> 4   m 6 w
    5   m 11 o


Turn 193
================================================================
warning: entity 2 was directed to use 4 halite to move south, but only 0 halite was available
At command 2 of 5:
    1   m 0 o
>>> 2   m 2 s
    3   m 6 s
    4   m 9 w


Turn 196
================================================================
warning: entity 2 was directed to use 9 halite to move south, but only 1 halite was available
At command 1 of 5:
>>> 1   m 2 s
    2   m 4 e
    3   m 6 w


Turn 198
================================================================
warning: entity 2 was directed to use 21 halite to move south, but only 19 halite was available
At command 2 of 6:
    1   m 0 e
>>> 2   m 2 s
    3   m 4 e
    4   m 6 w


Turn 202
================================================================
warning: entity 2 was directed to use 29 halite to move south, but only 28 halite was available
At command 2 of 6:
    1   m 0 e
>>> 2   m 2 s
    3   m 4 w
    4   m 6 w


Turn 204
================================================================
warning: entity 9 was directed to use 3 halite to move north, but only 0 halite was available
At command 5 of 6:
    3   m 4 e
    4   m 6 s
>>> 5   m 9 n
    6   m 11 e


Turn 206
================================================================
warning: entity 9 was directed to use 9 halite to move west, but only 6 halite was available
At command 5 of 6:
    3   m 4 n
    4   m 6 w
>>> 5   m 9 w
    6   m 11 e


Turn 208
================================================================
warning: entity 4 was directed to use 20 halite to move north, but only 0 halite was available
At command 2 of 5:
    1   m 2 o
>>> 2   m 4 n
    3   m 6 w
    4   m 9 n


Turn 209
================================================================
warning: entity 9 was directed to use 11 halite to move north, but only 10 halite was available
At command 5 of 6:
    3   m 4 w
    4   m 6 w
>>> 5   m 9 n
    6   m 11 w


Turn 211
================================================================
warning: entity 0 was directed to use 2 halite to move south, but only 0 halite was available
At command 1 of 5:
>>> 1   m 0 s
    2   m 2 o
    3   m 4 w


Turn 213
================================================================
warning: entity 4 was directed to use 12 halite to move west, but only 6 halite was available
At command 4 of 6:
    2   m 0 s
    3   m 2 o
>>> 4   m 4 w
    5   m 6 o
    6   m 9 o


Turn 214
================================================================
warning: entity 0 was directed to use 5 halite to move south, but only 1 halite was available
At command 1 of 5:
>>> 1   m 0 s
    2   m 4 w
    3   m 6 o


Turn 216
================================================================
warning: entity 0 was directed to use 17 halite to move west, but only 11 halite was available
At command 1 of 6:
>>> 1   m 0 w
    2   m 2 n
    3   m 4 o

warning: entity 13 was directed to use 3 halite to move south, but only 0 halite was available
At command 6 of 6:
    4   m 6 o
    5   m 9 o
>>> 6   m 13 s


Turn 218
================================================================
warning: entity 13 was directed to use 10 halite to move east, but only 6 halite was available
At command 6 of 6:
    4   m 6 o
    5   m 9 o
>>> 6   m 13 e


Turn 221
================================================================
warning: entity 0 was directed to use 17 halite to move south, but only 10 halite was available
At command 1 of 6:
>>> 1   m 0 s
    2   m 2 n
    3   m 4 o


Turn 223
================================================================
warning: entity 13 was directed to use 19 halite to move east, but only 9 halite was available
At command 4 of 4:
    2   m 2 n
    3   m 4 o
>>> 4   m 13 e


Turn 227
================================================================
warning: entity 2 was directed to use 15 halite to move east, but only 0 halite was available
At command 2 of 6:
    1   m 0 o
>>> 2   m 2 e
    3   m 4 s
    4   m 6 e


Turn 230
================================================================
warning: entity 2 was directed to use 16 halite to move east, but only 12 halite was available
At command 2 of 6:
    1   m 0 o
>>> 2   m 2 e
    3   m 4 e
    4   m 6 e


Turn 235
================================================================
warning: entity 2 was directed to use 14 halite to move east, but only 4 halite was available
At command 1 of 3:
>>> 1   m 2 e
    2   m 9 s
    3   m 13 o

warning: entity 9 was directed to use 2 halite to move south, but only 0 halite was available
At command 2 of 3:
    1   m 2 e
>>> 2   m 9 s
    3   m 13 o


Turn 237
================================================================
warning: entity 9 was directed to use 6 halite to move south, but only 5 halite was available
At command 4 of 5:
    2   m 2 e
    3   m 4 s
>>> 4   m 9 s
    5   m 13 o


Turn 238
================================================================
warning: entity 4 was directed to use 2 halite to move south, but only 0 halite was available
At command 3 of 4:
    1   m 0 n
    2   m 2 o
>>> 3   m 4 s
    4   m 9 s


Turn 240
================================================================
warning: entity 9 was directed to use 16 halite to move south, but only 11 halite was available
At command 5 of 6:
    3   m 2 o
    4   m 4 w
>>> 5   m 9 s
    6   m 13 n


Turn 241
================================================================
warning: entity 4 was directed to use 4 halite to move west, but only 1 halite was available
At command 3 of 6:
    1   m 0 n
    2   m 2 o
>>> 3   m 4 w
    4   m 9 s
    5   m 13 w


Turn 243
================================================================
warning: entity 4 was directed to use 14 halite to move west, but only 10 halite was available
At command 3 of 6:
    1   m 0 n
    2   m 2 o
>>> 3   m 4 w
    4   m 9 s
    5   m 13 n

warning: entity 14 was directed to use 4 halite to move south, but only 0 halite was available
At command 6 of 6:
    4   m 9 s
    5   m 13 n
>>> 6   m 14 s


Turn 244
================================================================
warning: entity 9 was directed to use 22 halite to move south, but only 11 halite was available
At command 4 of 6:
    2   m 2 o
    3   m 4 w
>>> 4   m 9 s
    5   m 13 w
    6   m 14 w


Turn 247
================================================================
warning: entity 14 was directed to use 1 halite to move west, but only 0 halite was available
At command 6 of 6:
    4   m 9 o
    5   m 13 n
>>> 6   m 14 w


Turn 249
================================================================
warning: entity 0 was directed to use 3 halite to move east, but only 0 halite was available
At command 1 of 5:
>>> 1   m 0 e
    2   m 4 w
    3   m 9 o


Turn 253
================================================================
warning: entity 14 was directed to use 1 halite to move west, but only 0 halite was available
At command 6 of 6:
    4   m 9 o
    5   m 13 w
>>> 6   m 14 w


Turn 254
================================================================
warning: entity 0 was directed to use 15 halite to move south, but only 1 halite was available
At command 1 of 6:
>>> 1   m 0 s
    2   m 2 w
    3   m 4 w

warning: entity 4 was directed to use 3 halite to move west, but only 1 halite was available
At command 3 of 6:
    1   m 0 s
    2   m 2 w
>>> 3   m 4 w
    4   m 9 o
    5   m 13 s

warning: entity 13 was directed to use 1 halite to move south, but only 0 halite was available
At command 5 of 6:
    3   m 4 w
    4   m 9 o
>>> 5   m 13 s
    6   m 14 w


Turn 256
================================================================
warning: entity 13 was directed to use 8 halite to move west, but only 4 halite was available
At command 5 of 6:
    3   m 4 w
    4   m 9 o
>>> 5   m 13 w
    6   m 14 w


Turn 257
================================================================
warning: entity 14 was directed to use 4 halite to move west, but only 1 halite was available
At command 6 of 6:
    4   m 9 o
    5   m 13 s
>>> 6   m 14 w


Turn 258
================================================================
warning: entity 0 was directed to use 27 halite to move east, but only 15 halite was available
At command 1 of 5:
>>> 1   m 0 e
    2   m 2 w
    3   m 4 w


Turn 260
================================================================
warning: entity 4 was directed to use 11 halite to move west, but only 0 halite was available
At command 2 of 5:
    1   m 0 e
>>> 2   m 4 w
    3   m 9 n
    4   m 13 w


Turn 261
================================================================
warning: entity 13 was directed to use 25 halite to move west, but only 2 halite was available
At command 5 of 6:
    3   m 4 w
    4   m 9 n
>>> 5   m 13 w
    6   m 14 n

warning: entity 14 was directed to use 4 halite to move north, but only 2 halite was available
At command 6 of 6:
    4   m 9 n
    5   m 13 w
>>> 6   m 14 n


Turn 263
================================================================
warning: entity 2 was directed to use 2 halite to move south, but only 0 halite was available
At command 2 of 6:
    1   m 0 o
>>> 2   m 2 s
    3   m 4 w
    4   m 9 n


Turn 265
================================================================
warning: entity 13 was directed to use 32 halite to move east, but only 22 halite was available
At command 5 of 6:
    3   m 4 w
    4   m 9 n
>>> 5   m 13 e
    6   m 14 w


Turn 266
================================================================
warning: entity 2 was directed to use 3 halite to move south, but only 0 halite was available
At command 2 of 5:
    1   m 0 o
>>> 2   m 2 s
    3   m 9 n
    4   m 13 s

warning: entity 14 was directed to use 8 halite to move north, but only 7 halite was available
At command 5 of 5:
    3   m 9 n
    4   m 13 s
>>> 5   m 14 n


Turn 268
================================================================
warning: entity 2 was directed to use 10 halite to move south, but only 7 halite was available
At command 2 of 6:
    1   m 0 o
>>> 2   m 2 s
    3   m 4 e
    4   m 9 n

warning: entity 4 was directed to use 27 halite to move east, but only 22 halite was available
At command 3 of 6:
    1   m 0 o
    2   m 2 s
>>> 3   m 4 e
    4   m 9 n
    5   m 13 n


Turn 271
================================================================
warning: entity 13 was directed to use 17 halite to move west, but only 13 halite was available
At command 4 of 5:
    2   m 4 e
    3   m 9 s
>>> 4   m 13 w
    5   m 14 w


Turn 272
================================================================
warning: entity 2 was directed to use 13 halite to move west, but only 0 halite was available
At command 2 of 6:
    1   m 0 n
>>> 2   m 2 w
    3   m 4 e
    4   m 9 s

warning: entity 9 was directed to use 1 halite to move south, but only 0 halite was available
At command 4 of 6:
    2   m 2 w
    3   m 4 e
>>> 4   m 9 s
    5   m 13 n
    6   m 14 w


Turn 274
================================================================
warning: entity 9 was directed to use 4 halite to move south, but only 3 halite was available
At command 4 of 5:
    2   m 0 n
    3   m 2 w
>>> 4   m 9 s
    5   m 14 o


Turn 277
================================================================
warning: entity 9 was directed to use 10 halite to move south, but only 4 halite was available
At command 3 of 6:
    1   m 0 w
    2   m 2 o
>>> 3   m 9 s
    4   m 13 e
    5   m 14 o

warning: entity 16 was directed to use 3 halite to move south, but only 0 halite was available
At command 6 of 6:
    4   m 13 e
    5   m 14 o
>>> 6   m 16 s


Turn 280
================================================================
warning: entity 16 was directed to use 8 halite to move west, but only 1 halite was available
At command 6 of 6:
    4   m 13 e
    5   m 14 o
>>> 6   m 16 w


Turn 284
================================================================
warning: entity 16 was directed to use 21 halite to move south, but only 10 halite was available
At command 4 of 4:
    2   m 9 o
    3   m 13 n
>>> 4   m 16 s


Turn 285
================================================================
warning: entity 13 was directed to use 11 halite to move east, but only 3 halite was available
At command 4 of 6:
    2   m 2 e
    3   m 9 o
>>> 4   m 13 e
    5   m 14 e
    6   m 16 w


Turn 286
================================================================
warning: entity 0 was directed to use 2 halite to move west, but only 0 halite was available
At command 1 of 6:
>>> 1   m 0 w
    2   m 2 e
    3   m 9 o


Turn 288
================================================================
warning: entity 0 was directed to use 8 halite to move west, but only 5 halite was available
At command 1 of 6:
>>> 1   m 0 w
    2   m 2 e
    3   m 9 o


Turn 292
================================================================
warning: entity 13 was directed to use 1 halite to move south, but only 0 halite was available
At command 4 of 5:
    2   m 2 e
    3   m 9 n
>>> 4   m 13 s
    5   m 16 o


Turn 294
================================================================
warning: entity 13 was directed to use 7 halite to move south, but only 3 halite was available
At command 4 of 5:
    2   m 2 e
    3   m 9 n
>>> 4   m 13 s
    5   m 16 o


Turn 295
================================================================
warning: entity 0 was directed to use 14 halite to move west, but only 7 halite was available
At command 1 of 4:
>>> 1   m 0 w
    2   m 9 n
    3   m 13 s


Turn 298
================================================================
warning: entity 2 was directed to use 1 halite to move south, but only 0 halite was available
At command 2 of 5:
    1   m 0 w
>>> 2   m 2 s
    3   m 9 n
    4   m 13 s


Turn 299
================================================================
warning: entity 13 was directed to use 6 halite to move south, but only 1 halite was available
At command 4 of 5:
    2   m 2 s
    3   m 9 n
>>> 4   m 13 s
    5   m 16 o


Turn 301
================================================================
warning: entity 2 was directed to use 8 halite to move south, but only 0 halite was available
At command 2 of 5:
    1   m 0 w
>>> 2   m 2 s
    3   m 9 e
    4   m 13 s


Turn 302
================================================================
warning: entity 13 was directed to use 10 halite to move south, but only 4 halite was available
At command 3 of 4:
    1   m 0 w
    2   m 2 s
>>> 3   m 13 s
    4   m 16 o


Turn 304
================================================================
warning: entity 13 was directed to use 23 halite to move south, but only 22 halite was available
At command 4 of 5:
    2   m 2 s
    3   m 9 e
>>> 4   m 13 s
    5   m 16 e


Turn 305
================================================================
warning: entity 9 was directed to use 2 halite to move north, but only 0 halite was available
At command 3 of 5:
    1   m 0 w
    2   m 2 s
>>> 3   m 9 n
    4   m 13 s
    5   m 16 n


Turn 307
================================================================
warning: entity 2 was directed to use 20 halite to move south, but only 6 halite was available
At command 3 of 6:
    1   g
    2   m 0 w
>>> 3   m 2 s
    4   m 9 e
    5   m 13 o


Turn 308
================================================================
warning: entity 9 was directed to use 9 halite to move east, but only 2 halite was available
At command 3 of 6:
    1   m 0 n
    2   m 2 s
>>> 3   m 9 e
    4   m 13 o
    5   m 16 e


Turn 310
================================================================
warning: entity 19 was directed to use 1 halite to move east, but only 0 halite was available
At command 6 of 6:
    4   m 13 o
    5   m 16 e
>>> 6   m 19 e


Turn 312
================================================================
warning: entity 9 was directed to use 10 halite to move north, but only 8 halite was available
At command 3 of 6:
    1   m 0 e
    2   m 2 o
>>> 3   m 9 n
    4   m 13 o
    5   m 16 n

warning: entity 19 was directed to use 5 halite to move east, but only 4 halite was available
At command 6 of 6:
    4   m 13 o
    5   m 16 n
>>> 6   m 19 e


Turn 317
================================================================
warning: entity 9 was directed to use 13 halite to move north, but only 2 halite was available
At command 3 of 6:
    1   m 0 o
    2   m 2 o
>>> 3   m 9 n
    4   m 13 o
    5   m 16 n

warning: entity 19 was directed to use 14 halite to move east, but only 12 halite was available
At command 6 of 6:
    4   m 13 o
    5   m 16 n
>>> 6   m 19 e


Turn 319
================================================================
warning: entity 16 was directed to use 11 halite to move east, but only 0 halite was available
At command 5 of 6:
    3   m 9 o
    4   m 13 w
>>> 5   m 16 e
    6   m 19 e


Turn 321
================================================================
warning: entity 19 was directed to use 25 halite to move north, but only 10 halite was available
At command 5 of 5:
    3   m 13 w
    4   m 16 n
>>> 5   m 19 n


Turn 322
================================================================
warning: entity 16 was directed to use 12 halite to move north, but only 5 halite was available
At command 5 of 6:
    3   m 9 o
    4   m 13 n
>>> 5   m 16 n
    6   m 19 n


Turn 326
================================================================
warning: entity 16 was directed to use 7 halite to move north, but only 0 halite was available
At command 5 of 6:
    3   m 9 o
    4   m 13 n
>>> 5   m 16 n
    6   m 19 o


Turn 329
================================================================
warning: entity 16 was directed to use 7 halite to move east, but only 3 halite was available
At command 4 of 5:
    2   m 2 n
    3   m 13 n
>>> 4   m 16 e
    5   m 19 o


Turn 331
================================================================
warning: entity 16 was directed to use 18 halite to move east, but only 16 halite was available
At command 4 of 5:
    2   m 2 n
    3   m 9 w
>>> 4   m 16 e
    5   m 19 o


Turn 334
================================================================
warning: entity 13 was directed to use 1 halite to move west, but only 0 halite was available
At command 3 of 4:
    1   m 0 e
    2   m 9 w
>>> 3   m 13 w
    4   m 16 o


Turn 336
================================================================
warning: entity 13 was directed to use 6 halite to move north, but only 4 halite was available
At command 4 of 6:
    2   m 2 n
    3   m 9 s
>>> 4   m 13 n
    5   m 16 o
    6   m 19 w


Turn 337
================================================================
warning: entity 2 was directed to use 5 halite to move north, but only 0 halite was available
At command 2 of 6:
    1   m 0 e
>>> 2   m 2 n
    3   m 9 s
    4   m 13 w


Turn 339
================================================================
warning: entity 2 was directed to use 16 halite to move north, but only 10 halite was available
At command 2 of 6:
    1   m 0 e
>>> 2   m 2 n
    3   m 9 s
    4   m 13 n


Turn 341
================================================================
warning: entity 13 was directed to use 18 halite to move west, but only 13 halite was available
At command 4 of 6:
    2   m 2 n
    3   m 9 s
>>> 4   m 13 w
    5   m 16 o
    6   m 19 s


Turn 345
================================================================
warning: entity 2 was directed to use 11 halite to move north, but only 5 halite was available
At command 2 of 6:
    1   m 0 e
>>> 2   m 2 n
    3   m 9 n
    4   m 13 n

warning: entity 9 was directed to use 8 halite to move north, but only 0 halite was available
At command 3 of 6:
    1   m 0 e
    2   m 2 n
>>> 3   m 9 n
    4   m 13 n
    5   m 16 s


Turn 348
================================================================
warning: entity 9 was directed to use 9 halite to move north, but only 4 halite was available
At command 3 of 6:
    1   m 0 w
    2   m 2 n
>>> 3   m 9 n
    4   m 13 o
    5   m 16 w


Turn 349
================================================================
warning: entity 2 was directed to use 22 halite to move east, but only 9 halite was available
At command 2 of 5:
    1   m 0 e
>>> 2   m 2 e
    3   m 9 n
    4   m 13 o


Turn 350
================================================================
warning: entity 19 was directed to use 6 halite to move west, but only 0 halite was available
At command 5 of 5:
    3   m 9 e
    4   m 13 o
>>> 5   m 19 w


Turn 353
================================================================
warning: entity 9 was directed to use 3 halite to move east, but only 2 halite was available
At command 3 of 5:
    1   m 0 e
    2   m 2 o
>>> 3   m 9 e
    4   m 13 o
    5   m 19 w


Turn 354
================================================================
warning: entity 0 was directed to use 3 halite to move north, but only 0 halite was available
At command 1 of 5:
>>> 1   m 0 n
    2   m 2 o
    3   m 9 e

warning: entity 19 was directed to use 11 halite to move west, but only 7 halite was available
At command 5 of 5:
    3   m 9 e
    4   m 13 o
>>> 5   m 19 w


Turn 355
================================================================
warning: entity 9 was directed to use 14 halite to move east, but only 9 halite was available
At command 3 of 5:
    1   m 0 e
    2   m 2 o
>>> 3   m 9 e
    4   m 13 o
    5   m 19 w


Turn 357
================================================================
warning: entity 0 was directed to use 23 halite to move east, but only 4 halite was available
At command 1 of 6:
>>> 1   m 0 e
    2   m 2 o
    3   m 9 e


Turn 359
================================================================
warning: entity 19 was directed to use 9 halite to move west, but only 2 halite was available
At command 5 of 6:
    3   m 9 e
    4   m 13 s
>>> 5   m 19 w
    6   m 20 w

warning: entity 20 was directed to use 4 halite to move west, but only 0 halite was available
At command 6 of 6:
    4   m 13 s
    5   m 19 w
>>> 6   m 20 w


Turn 360
================================================================
warning: entity 9 was directed to use 16 halite to move east, but only 9 halite was available
At command 3 of 6:
    1   m 0 e
    2   m 2 o
>>> 3   m 9 e
    4   m 13 s
    5   m 19 w


Turn 362
================================================================
warning: entity 19 was directed to use 11 halite to move west, but only 8 halite was available
At command 4 of 5:
    2   m 9 w
    3   m 13 e
>>> 4   m 19 w
    5   m 20 w

warning: entity 20 was directed to use 19 halite to move west, but only 3 halite was available
At command 5 of 5:
    3   m 13 e
    4   m 19 w
>>> 5   m 20 w


Turn 366
================================================================
warning: entity 19 was directed to use 15 halite to move west, but only 14 halite was available
At command 5 of 6:
    3   m 9 n
    4   m 13 e
>>> 5   m 19 w
    6   m 20 n


Turn 368
================================================================
warning: entity 9 was directed to use 17 halite to move east, but only 6 halite was available
At command 3 of 5:
    1   m 0 o
    2   m 2 w
>>> 3   m 9 e
    4   m 19 s
    5   m 20 n

warning: entity 20 was directed to use 14 halite to move north, but only 3 halite was available
At command 5 of 5:
    3   m 9 e
    4   m 19 s
>>> 5   m 20 n


Turn 371
================================================================
warning: entity 9 was directed to use 20 halite to move north, but only 17 halite was available
At command 3 of 6:
    1   m 0 o
    2   m 2 s
>>> 3   m 9 n
    4   m 13 e
    5   m 19 w

warning: entity 13 was directed to use 1 halite to move east, but only 0 halite was available
At command 4 of 6:
    2   m 2 s
    3   m 9 n
>>> 4   m 13 e
    5   m 19 w
    6   m 20 w


Turn 372
================================================================
warning: entity 19 was directed to use 12 halite to move west, but only 7 halite was available
At command 5 of 6:
    3   m 9 n
    4   m 13 s
>>> 5   m 19 w
    6   m 20 n


Turn 373
================================================================
warning: entity 13 was directed to use 5 halite to move east, but only 4 halite was available
At command 4 of 6:
    2   m 2 w
    3   m 9 e
>>> 4   m 13 e
    5   m 19 w
    6   m 20 n

warning: entity 20 was directed to use 8 halite to move north, but only 0 halite was available
At command 6 of 6:
    4   m 13 e
    5   m 19 w
>>> 6   m 20 n


Turn 376
================================================================
warning: entity 20 was directed to use 11 halite to move north, but only 10 halite was available
At command 5 of 5:
    3   m 13 s
    4   m 19 w
>>> 5   m 20 n


Turn 378
================================================================
warning: entity 13 was directed to use 8 halite to move south, but only 1 halite was available
At command 4 of 6:
    2   m 2 w
    3   m 9 e
>>> 4   m 13 s
    5   m 19 w
    6   m 20 o


Turn 379
================================================================
warning: entity 2 was directed to use 1 halite to move west, but only 0 halite was available
At command 2 of 6:
    1   m 0 w
>>> 2   m 2 w
    3   m 9 e
    4   m 13 s


Turn 381
================================================================
warning: entity 13 was directed to use 14 halite to move south, but only 11 halite was available
At command 4 of 6:
    2   m 2 n
    3   m 9 e
>>> 4   m 13 s
    5   m 19 w
    6   m 20 o


Turn 382
================================================================
warning: entity 2 was directed to use 10 halite to move west, but only 0 halite was available
At command 2 of 6:
    1   m 0 s
>>> 2   m 2 w
    3   m 9 e
    4   m 13 s


Turn 384
================================================================
warning: entity 9 was directed to use 8 halite to move east, but only 4 halite was available
At command 3 of 6:
    1   g
    2   m 2 w
>>> 3   m 9 e
    4   m 13 s
    5   m 19 w


Turn 385
================================================================
warning: entity 2 was directed to use 12 halite to move north, but only 8 halite was available
At command 1 of 6:
>>> 1   m 2 n
    2   m 9 e
    3   m 13 s

warning: entity 19 was directed to use 22 halite to move west, but only 3 halite was available
At command 4 of 6:
    2   m 9 e
    3   m 13 s
>>> 4   m 19 w
    5   m 20 o
    6   m 22 s


Turn 387
================================================================
warning: entity 9 was directed to use 9 halite to move east, but only 4 halite was available
At command 2 of 6:
    1   m 2 n
>>> 2   m 9 e
    3   m 13 s
    4   m 19 w


Turn 388
================================================================
warning: entity 22 was directed to use 3 halite to move south, but only 0 halite was available
At command 5 of 5:
    3   m 13 s
    4   m 19 o
>>> 5   m 22 s


Turn 389
================================================================
warning: entity 2 was directed to use 24 halite to move north, but only 8 halite was available
At command 1 of 6:
>>> 1   m 2 n
    2   m 9 e
    3   m 13 s

warning: entity 13 was directed to use 22 halite to move south, but only 5 halite was available
At command 3 of 6:
    1   m 2 n
    2   m 9 e
>>> 3   m 13 s
    4   m 19 o
    5   m 20 s


Turn 391
================================================================
warning: entity 9 was directed to use 11 halite to move east, but only 2 halite was available
At command 2 of 6:
    1   m 2 n
>>> 2   m 9 e
    3   m 13 s
    4   m 19 o

warning: entity 22 was directed to use 12 halite to move east, but only 1 halite was available
At command 6 of 6:
    4   m 19 o
    5   m 20 s
>>> 6   m 22 e


Turn 394
================================================================
warning: entity 2 was directed to use 9 halite to move north, but only 3 halite was available
At command 1 of 6:
>>> 1   m 2 n
    2   m 9 e
    3   m 13 o


Turn 395
================================================================
warning: entity 9 was directed to use 16 halite to move east, but only 4 halite was available
At command 2 of 6:
    1   m 2 n
>>> 2   m 9 e
    3   m 13 o
    4   m 19 o


Turn 396
================================================================
warning: entity 22 was directed to use 10 halite to move south, but only 6 halite was available
At command 6 of 6:
    4   m 19 o
    5   m 20 s
>>> 6   m 22 s


Turn 399
================================================================
warning: entity 2 was directed to use 22 halite to move north, but only 5 halite was available
At command 1 of 6:
>>> 1   m 2 n
    2   m 9 w
    3   m 13 o

