
Turn 3
================================================================
warning: entity 1 was directed to use 40 halite to move east, but only 0 halite was available
At command 1 of 1:
>>> 1   m 1 e


Turn 74
================================================================
warning: entity 1 was directed to use 1 halite to move west, but only 0 halite was available
At command 1 of 1:
>>> 1   m 1 w


Turn 88
================================================================
warning: entity 2 was directed to use 1 halite to move west, but only 0 halite was available
At command 2 of 2:
    1   m 1 o
>>> 2   m 2 w


Turn 120
================================================================
warning: entity 1 was directed to use 1 halite to move north, but only 0 halite was available
At command 1 of 2:
>>> 1   m 1 n
    2   m 2 o


Turn 122
================================================================
warning: entity 1 was directed to use 12 halite to move north, but only 3 halite was available
At command 1 of 1:
>>> 1   m 1 n


Turn 128
================================================================
warning: entity 2 was directed to use 1 halite to move west, but only 0 halite was available
At command 2 of 2:
    1   m 1 o
>>> 2   m 2 w


Turn 130
================================================================
warning: entity 2 was directed to use 17 halite to move west, but only 3 halite was available
At command 3 of 3:
    1   g
    2   m 1 o
>>> 3   m 2 w


Turn 132
================================================================
warning: entity 6 was directed to use 1 halite to move north, but only 0 halite was available
At command 3 of 3:
    1   m 1 o
    2   m 2 w
>>> 3   m 6 n


Turn 133
================================================================
warning: entity 2 was directed to use 23 halite to move west, but only 15 halite was available
At command 2 of 3:
    1   m 1 o
>>> 2   m 2 w
    3   m 6 e


Turn 138
================================================================
warning: entity 7 was directed to use 9 halite to move north, but only 0 halite was available
At command 4 of 4:
    2   m 2 o
    3   m 6 o
>>> 4   m 7 n


Turn 144
================================================================
warning: entity 8 was directed to use 17 halite to move south, but only 0 halite was available
At command 6 of 6:
    4   m 6 o
    5   m 7 o
>>> 6   m 8 s


Turn 147
================================================================
warning: entity 8 was directed to use 18 halite to move south, but only 10 halite was available
At command 5 of 6:
    3   m 6 s
    4   m 7 o
>>> 5   m 8 s
    6   m 9 n

warning: entity 9 was directed to use 1 halite to move north, but only 0 halite was available
At command 6 of 6:
    4   m 7 o
    5   m 8 s
>>> 6   m 9 n


Turn 149
================================================================
warning: entity 9 was directed to use 32 halite to move north, but only 3 halite was available
At command 7 of 7:
    5   m 7 o
    6   m 8 o
>>> 7   m 9 n


Turn 153
================================================================
warning: entity 10 was directed to use 24 halite to move south, but only 0 halite was available
At command 8 of 8:
    6   m 8 o
    7   m 9 o
>>> 8   m 10 s


Turn 156
================================================================
warning: entity 12 was directed to use 1 halite to move west, but only 0 halite was available
At command 8 of 8:
    6   m 9 o
    7   m 10 w
>>> 8   m 12 w


Turn 165
================================================================
warning: entity 14 was directed to use 4 halite to move east, but only 0 halite was available
At command 9 of 9:
    7   m 10 o
    8   m 12 o
>>> 9   m 14 e


Turn 168
================================================================
warning: entity 2 was directed to use 3 halite to move south, but only 0 halite was available
At command 2 of 8:
    1   m 1 e
>>> 2   m 2 s
    3   m 6 e
    4   m 7 w


Turn 170
================================================================
warning: entity 1 was directed to use 1 halite to move east, but only 0 halite was available
At command 1 of 9:
>>> 1   m 1 e
    2   m 2 o
    3   m 6 e

warning: entity 14 was directed to use 6 halite to move south, but only 1 halite was available
At command 9 of 9:
    7   m 10 o
    8   m 12 n
>>> 9   m 14 s


Turn 174
================================================================
warning: entity 9 was directed to use 1 halite to move north, but only 0 halite was available
At command 6 of 9:
    4   m 7 o
    5   m 8 n
>>> 6   m 9 n
    7   m 10 e
    8   m 12 o


Turn 176
================================================================
warning: entity 8 was directed to use 5 halite to move west, but only 0 halite was available
At command 5 of 9:
    3   m 6 o
    4   m 7 o
>>> 5   m 8 w
    6   m 9 w
    7   m 10 s


Turn 181
================================================================
warning: entity 14 was directed to use 13 halite to move south, but only 2 halite was available
At command 9 of 9:
    7   m 10 o
    8   m 12 e
>>> 9   m 14 s


Turn 189
================================================================
warning: entity 12 was directed to use 1 halite to move east, but only 0 halite was available
At command 6 of 7:
    4   m 8 e
    5   m 10 e
>>> 6   m 12 e
    7   m 14 o


Turn 191
================================================================
warning: entity 12 was directed to use 14 halite to move south, but only 3 halite was available
At command 8 of 9:
    6   m 9 e
    7   m 10 e
>>> 8   m 12 s
    9   m 14 o


Turn 195
================================================================
warning: entity 12 was directed to use 11 halite to move south, but only 10 halite was available
At command 8 of 10:
    6   m 9 n
    7   m 10 w
>>> 8   m 12 s
    9   m 14 w
    10   m 18 e


Turn 196
================================================================
warning: entity 18 was directed to use 2 halite to move south, but only 0 halite was available
At command 10 of 10:
    8   m 12 w
    9   m 14 n
>>> 10   m 18 s


Turn 200
================================================================
warning: entity 18 was directed to use 8 halite to move south, but only 3 halite was available
At command 10 of 11:
    8   m 12 o
    9   m 14 w
>>> 10   m 18 s
    11   m 19 n


Turn 201
================================================================
warning: entity 19 was directed to use 3 halite to move east, but only 0 halite was available
At command 10 of 10:
    8   m 14 n
    9   m 18 s
>>> 10   m 19 e


Turn 203
================================================================
warning: entity 18 was directed to use 26 halite to move south, but only 10 halite was available
At command 10 of 11:
    8   m 12 o
    9   m 14 n
>>> 10   m 18 s
    11   m 19 n


Turn 205
================================================================
warning: entity 19 was directed to use 14 halite to move north, but only 6 halite was available
At command 11 of 11:
    9   m 14 o
    10   m 18 o
>>> 11   m 19 n


Turn 209
================================================================
warning: entity 8 was directed to use 1 halite to move west, but only 0 halite was available
At command 5 of 11:
    3   m 6 e
    4   m 7 o
>>> 5   m 8 w
    6   m 9 w
    7   m 10 w


Turn 216
================================================================
warning: entity 6 was directed to use 1 halite to move south, but only 0 halite was available
At command 4 of 11:
    2   m 1 n
    3   m 2 o
>>> 4   m 6 s
    5   m 7 n
    6   m 8 o


Turn 219
================================================================
warning: entity 6 was directed to use 13 halite to move south, but only 2 halite was available
At command 2 of 10:
    1   m 1 e
>>> 2   m 6 s
    3   m 7 e
    4   m 8 o

warning: entity 21 was directed to use 2 halite to move north, but only 0 halite was available
At command 10 of 10:
    8   m 18 w
    9   m 19 o
>>> 10   m 21 n


Turn 223
================================================================
warning: entity 21 was directed to use 8 halite to move north, but only 3 halite was available
At command 12 of 12:
    10   m 18 o
    11   m 19 s
>>> 12   m 21 n


Turn 226
================================================================
warning: entity 21 was directed to use 33 halite to move north, but only 6 halite was available
At command 11 of 11:
    9   m 18 o
    10   m 19 s
>>> 11   m 21 n


Turn 232
================================================================
warning: entity 8 was directed to use 1 halite to move east, but only 0 halite was available
At command 5 of 12:
    3   m 6 o
    4   m 7 s
>>> 5   m 8 e
    6   m 9 o
    7   m 10 e


Turn 245
================================================================
warning: entity 9 was directed to use 1 halite to move south, but only 0 halite was available
At command 6 of 12:
    4   m 7 w
    5   m 8 s
>>> 6   m 9 s
    7   m 10 s
    8   m 12 s


Turn 271
================================================================
warning: entity 2 was directed to use 1 halite to move east, but only 0 halite was available
At command 2 of 12:
    1   m 1 o
>>> 2   m 2 e
    3   m 6 o
    4   m 7 w


Turn 278
================================================================
warning: entity 26 was directed to use 1 halite to move south, but only 0 halite was available
At command 11 of 11:
    9   m 19 o
    10   m 21 s
>>> 11   m 26 s


Turn 285
================================================================
warning: entity 26 was directed to use 21 halite to move south, but only 0 halite was available
At command 13 of 13:
    11   m 19 o
    12   m 21 o
>>> 13   m 26 s


Turn 291
================================================================
warning: entity 2 was directed to use 1 halite to move west, but only 0 halite was available
At command 2 of 13:
    1   m 1 n
>>> 2   m 2 w
    3   m 6 e
    4   m 7 w


Turn 310
================================================================
warning: entity 10 was directed to use 1 halite to move south, but only 0 halite was available
At command 6 of 12:
    4   m 7 n
    5   m 8 e
>>> 6   m 10 s
    7   m 12 o
    8   m 14 w


Turn 314
================================================================
warning: entity 7 was directed to use 2 halite to move east, but only 0 halite was available
At command 4 of 13:
    2   m 2 e
    3   m 6 n
>>> 4   m 7 e
    5   m 8 s
    6   m 9 s


Turn 315
================================================================
warning: entity 10 was directed to use 1 halite to move south, but only 0 halite was available
At command 7 of 13:
    5   m 8 s
    6   m 9 w
>>> 7   m 10 s
    8   m 12 s
    9   m 14 n


Turn 317
================================================================
warning: entity 10 was directed to use 32 halite to move south, but only 4 halite was available
At command 7 of 13:
    5   m 8 o
    6   m 9 w
>>> 7   m 10 s
    8   m 12 w
    9   m 14 n


Turn 319
================================================================
warning: entity 19 was directed to use 1 halite to move east, but only 0 halite was available
At command 11 of 13:
    9   m 14 w
    10   m 18 s
>>> 11   m 19 e
    12   m 21 w
    13   m 26 s


Turn 324
================================================================
warning: entity 19 was directed to use 1 halite to move east, but only 0 halite was available
At command 11 of 14:
    9   m 14 o
    10   m 18 w
>>> 11   m 19 e
    12   m 21 o
    13   m 26 o


Turn 325
================================================================
warning: entity 28 was directed to use 1 halite to move north, but only 0 halite was available
At command 15 of 15:
    13   m 21 o
    14   m 26 o
>>> 15   m 28 n


Turn 327
================================================================
warning: entity 19 was directed to use 21 halite to move north, but only 3 halite was available
At command 11 of 15:
    9   m 14 s
    10   m 18 w
>>> 11   m 19 n
    12   m 21 o
    13   m 26 o


Turn 329
================================================================
warning: entity 29 was directed to use 1 halite to move west, but only 0 halite was available
At command 15 of 15:
    13   m 26 o
    14   m 28 n
>>> 15   m 29 w


Turn 330
================================================================
warning: entity 19 was directed to use 32 halite to move north, but only 25 halite was available
At command 11 of 14:
    9   m 14 s
    10   m 18 w
>>> 11   m 19 n
    12   m 21 o
    13   m 28 n

warning: entity 28 was directed to use 1 halite to move north, but only 0 halite was available
At command 13 of 14:
    11   m 19 n
    12   m 21 o
>>> 13   m 28 n
    14   m 29 s


Turn 332
================================================================
warning: entity 28 was directed to use 15 halite to move north, but only 3 halite was available
At command 13 of 14:
    11   m 19 n
    12   m 26 s
>>> 13   m 28 n
    14   m 29 w


Turn 333
================================================================
warning: entity 7 was directed to use 28 halite to move west, but only 10 halite was available
At command 4 of 14:
    2   m 2 w
    3   m 6 s
>>> 4   m 7 w
    5   m 8 w
    6   m 9 e


Turn 334
================================================================
warning: entity 29 was directed to use 1 halite to move south, but only 0 halite was available
At command 15 of 15:
    13   m 26 s
    14   m 28 e
>>> 15   m 29 s


Turn 336
================================================================
warning: entity 28 was directed to use 16 halite to move north, but only 1 halite was available
At command 14 of 15:
    12   m 21 n
    13   m 26 w
>>> 14   m 28 n
    15   m 29 s


Turn 337
================================================================
warning: entity 29 was directed to use 33 halite to move south, but only 3 halite was available
At command 14 of 14:
    12   m 26 w
    13   m 28 n
>>> 14   m 29 s


Turn 342
================================================================
warning: entity 12 was directed to use 1 halite to move south, but only 0 halite was available
At command 8 of 14:
    6   m 9 o
    7   m 10 o
>>> 8   m 12 s
    9   m 14 o
    10   m 19 o


Turn 349
================================================================
warning: entity 12 was directed to use 1 halite to move west, but only 0 halite was available
At command 7 of 14:
    5   m 8 e
    6   m 10 e
>>> 7   m 12 w
    8   m 14 e
    9   m 18 e


Turn 355
================================================================
warning: entity 12 was directed to use 30 halite to move south, but only 0 halite was available
At command 7 of 14:
    5   m 9 s
    6   m 10 e
>>> 7   m 12 s
    8   m 14 n
    9   m 18 s

warning: entity 18 was directed to use 1 halite to move south, but only 0 halite was available
At command 9 of 14:
    7   m 12 s
    8   m 14 n
>>> 9   m 18 s
    10   m 19 s
    11   m 21 n


Turn 358
================================================================
warning: entity 6 was directed to use 1 halite to move south, but only 0 halite was available
At command 3 of 15:
    1   m 1 e
    2   m 2 n
>>> 3   m 6 s
    4   m 7 s
    5   m 8 o

warning: entity 12 was directed to use 30 halite to move south, but only 24 halite was available
At command 8 of 15:
    6   m 9 e
    7   m 10 o
>>> 8   m 12 s
    9   m 14 e
    10   m 18 s


Turn 361
================================================================
warning: entity 2 was directed to use 1 halite to move north, but only 0 halite was available
At command 2 of 15:
    1   m 1 e
>>> 2   m 2 n
    3   m 6 s
    4   m 7 e

warning: entity 18 was directed to use 1 halite to move south, but only 0 halite was available
At command 10 of 15:
    8   m 12 s
    9   m 14 n
>>> 10   m 18 s
    11   m 19 o
    12   m 21 s


Turn 362
================================================================
warning: entity 12 was directed to use 29 halite to move south, but only 17 halite was available
At command 7 of 14:
    5   m 9 o
    6   m 10 o
>>> 7   m 12 s
    8   m 14 s
    9   m 18 s


Turn 363
================================================================
warning: entity 6 was directed to use 1 halite to move south, but only 0 halite was available
At command 3 of 14:
    1   m 1 s
    2   m 2 e
>>> 3   m 6 s
    4   m 7 s
    5   m 8 s

warning: entity 18 was directed to use 23 halite to move south, but only 4 halite was available
At command 10 of 14:
    8   m 12 s
    9   m 14 e
>>> 10   m 18 s
    11   m 19 o
    12   m 26 w


Turn 366
================================================================
warning: entity 18 was directed to use 33 halite to move south, but only 14 halite was available
At command 9 of 13:
    7   m 12 o
    8   m 14 w
>>> 9   m 18 s
    10   m 21 s
    11   m 26 w


Turn 367
================================================================
warning: entity 2 was directed to use 1 halite to move north, but only 0 halite was available
At command 2 of 15:
    1   m 1 o
>>> 2   m 2 n
    3   m 6 s
    4   m 7 e

warning: entity 6 was directed to use 18 halite to move south, but only 1 halite was available
At command 3 of 15:
    1   m 1 o
    2   m 2 n
>>> 3   m 6 s
    4   m 7 e
    5   m 8 w


Turn 369
================================================================
warning: entity 21 was directed to use 1 halite to move south, but only 0 halite was available
At command 12 of 15:
    10   m 18 s
    11   m 19 n
>>> 12   m 21 s
    13   m 26 w
    14   m 28 n


Turn 372
================================================================
warning: entity 6 was directed to use 22 halite to move south, but only 0 halite was available
At command 3 of 15:
    1   m 1 o
    2   m 2 o
>>> 3   m 6 s
    4   m 7 w
    5   m 8 w


Turn 374
================================================================
warning: entity 21 was directed to use 22 halite to move south, but only 1 halite was available
At command 12 of 14:
    10   m 18 o
    11   m 19 w
>>> 12   m 21 s
    13   m 28 w
    14   m 29 o


Turn 377
================================================================
warning: entity 21 was directed to use 29 halite to move east, but only 9 halite was available
At command 12 of 15:
    10   m 18 o
    11   m 19 n
>>> 12   m 21 e
    13   m 26 s
    14   m 28 w


Turn 399
================================================================
warning: entity 9 was directed to use 1 halite to move south, but only 0 halite was available
At command 6 of 15:
    4   m 7 e
    5   m 8 s
>>> 6   m 9 s
    7   m 10 e
    8   m 12 o

