
Turn 3
================================================================
warning: entity 0 was directed to use 8 halite to move west, but only 0 halite was available
At command 1 of 1:
>>> 1   m 0 w


Turn 8
================================================================
warning: entity 0 was directed to use 14 halite to move west, but only 5 halite was available
At command 1 of 2:
>>> 1   m 0 w
    2   m 2 w

warning: entity 2 was directed to use 6 halite to move west, but only 0 halite was available
At command 2 of 2:
    1   m 0 w
>>> 2   m 2 w


Turn 13
================================================================
warning: entity 2 was directed to use 10 halite to move east, but only 1 halite was available
At command 2 of 3:
    1   m 0 o
>>> 2   m 2 e
    3   m 4 n

warning: entity 4 was directed to use 4 halite to move north, but only 0 halite was available
At command 3 of 3:
    1   m 0 o
    2   m 2 e
>>> 3   m 4 n


Turn 15
================================================================
warning: entity 2 was directed to use 29 halite to move west, but only 21 halite was available
At command 2 of 3:
    1   m 0 o
>>> 2   m 2 w
    3   m 4 w


Turn 17
================================================================
warning: entity 4 was directed to use 16 halite to move north, but only 2 halite was available
At command 3 of 4:
    1   m 0 o
    2   m 2 n
>>> 3   m 4 n
    4   m 6 e


Turn 18
================================================================
warning: entity 6 was directed to use 2 halite to move east, but only 0 halite was available
At command 4 of 4:
    2   m 2 s
    3   m 4 n
>>> 4   m 6 e


Turn 20
================================================================
warning: entity 6 was directed to use 12 halite to move east, but only 4 halite was available
At command 4 of 4:
    2   m 2 w
    3   m 4 w
>>> 4   m 6 e


Turn 24
================================================================
warning: entity 6 was directed to use 31 halite to move east, but only 10 halite was available
At command 4 of 4:
    2   m 2 w
    3   m 4 o
>>> 4   m 6 e


Turn 28
================================================================
warning: entity 2 was directed to use 4 halite to move west, but only 0 halite was available
At command 2 of 4:
    1   m 0 e
>>> 2   m 2 w
    3   m 4 o
    4   m 6 o


Turn 31
================================================================
warning: entity 2 was directed to use 7 halite to move west, but only 2 halite was available
At command 2 of 4:
    1   m 0 e
>>> 2   m 2 w
    3   m 4 o
    4   m 6 o


Turn 34
================================================================
warning: entity 2 was directed to use 3 halite to move west, but only 2 halite was available
At command 2 of 4:
    1   m 0 e
>>> 2   m 2 w
    3   m 4 s
    4   m 6 o


Turn 37
================================================================
warning: entity 0 was directed to use 3 halite to move west, but only 0 halite was available
At command 1 of 4:
>>> 1   m 0 w
    2   m 2 w
    3   m 4 e


Turn 41
================================================================
warning: entity 0 was directed to use 5 halite to move west, but only 2 halite was available
At command 1 of 4:
>>> 1   m 0 w
    2   m 2 o
    3   m 4 s


Turn 42
================================================================
warning: entity 4 was directed to use 11 halite to move west, but only 0 halite was available
At command 3 of 4:
    1   m 0 w
    2   m 2 o
>>> 3   m 4 w
    4   m 6 w


Turn 43
================================================================
warning: entity 0 was directed to use 14 halite to move west, but only 13 halite was available
At command 1 of 4:
>>> 1   m 0 w
    2   m 2 o
    3   m 4 s


Turn 44
================================================================
warning: entity 4 was directed to use 24 halite to move west, but only 21 halite was available
At command 3 of 4:
    1   m 0 w
    2   m 2 o
>>> 3   m 4 w
    4   m 6 w


Turn 48
================================================================
warning: entity 6 was directed to use 1 halite to move east, but only 0 halite was available
At command 4 of 4:
    2   m 2 o
    3   m 4 w
>>> 4   m 6 e


Turn 50
================================================================
warning: entity 6 was directed to use 9 halite to move east, but only 3 halite was available
At command 3 of 3:
    1   m 0 o
    2   m 4 o
>>> 3   m 6 e


Turn 54
================================================================
warning: entity 6 was directed to use 23 halite to move east, but only 5 halite was available
At command 4 of 5:
    2   m 2 e
    3   m 4 o
>>> 4   m 6 e
    5   m 9 w

warning: entity 9 was directed to use 3 halite to move west, but only 0 halite was available
At command 5 of 5:
    3   m 4 o
    4   m 6 e
>>> 5   m 9 w


Turn 58
================================================================
warning: entity 9 was directed to use 12 halite to move west, but only 2 halite was available
At command 4 of 4:
    2   m 4 o
    3   m 6 o
>>> 4   m 9 w


Turn 60
================================================================
warning: entity 2 was directed to use 1 halite to move east, but only 0 halite was available
At command 2 of 4:
    1   m 0 n
>>> 2   m 2 e
    3   m 6 o
    4   m 9 w


Turn 62
================================================================
warning: entity 2 was directed to use 6 halite to move east, but only 3 halite was available
At command 2 of 5:
    1   m 0 e
>>> 2   m 2 e
    3   m 4 n
    4   m 6 o


Turn 66
================================================================
warning: entity 2 was directed to use 17 halite to move north, but only 0 halite was available
At command 2 of 4:
    1   m 0 w
>>> 2   m 2 n
    3   m 4 n
    4   m 9 o


Turn 67
================================================================
warning: entity 0 was directed to use 2 halite to move north, but only 0 halite was available
At command 1 of 5:
>>> 1   m 0 n
    2   m 2 n
    3   m 4 s


Turn 70
================================================================
warning: entity 0 was directed to use 5 halite to move west, but only 3 halite was available
At command 1 of 5:
>>> 1   m 0 w
    2   m 2 e
    3   m 4 e


Turn 73
================================================================
warning: entity 0 was directed to use 22 halite to move north, but only 0 halite was available
At command 1 of 5:
>>> 1   m 0 n
    2   m 2 o
    3   m 4 s


Turn 74
================================================================
warning: entity 4 was directed to use 8 halite to move south, but only 0 halite was available
At command 3 of 5:
    1   m 0 w
    2   m 2 o
>>> 3   m 4 s
    4   m 6 w
    5   m 9 s


Turn 77
================================================================
warning: entity 6 was directed to use 2 halite to move west, but only 0 halite was available
At command 4 of 5:
    2   m 2 o
    3   m 4 s
>>> 4   m 6 w
    5   m 9 s


Turn 80
================================================================
warning: entity 4 was directed to use 11 halite to move west, but only 4 halite was available
At command 3 of 5:
    1   m 0 o
    2   m 2 o
>>> 3   m 4 w
    4   m 6 w
    5   m 9 e

warning: entity 6 was directed to use 2 halite to move west, but only 1 halite was available
At command 4 of 5:
    2   m 2 o
    3   m 4 w
>>> 4   m 6 w
    5   m 9 e


Turn 83
================================================================
warning: entity 6 was directed to use 11 halite to move west, but only 2 halite was available
At command 4 of 5:
    2   m 2 w
    3   m 4 o
>>> 4   m 6 w
    5   m 9 e


Turn 85
================================================================
warning: entity 9 was directed to use 5 halite to move south, but only 0 halite was available
At command 5 of 5:
    3   m 4 o
    4   m 6 w
>>> 5   m 9 s


Turn 88
================================================================
warning: entity 9 was directed to use 6 halite to move east, but only 0 halite was available
At command 5 of 6:
    3   m 4 e
    4   m 6 o
>>> 5   m 9 e
    6   m 10 s


Turn 89
================================================================
warning: entity 10 was directed to use 6 halite to move south, but only 0 halite was available
At command 5 of 5:
    3   m 6 o
    4   m 9 e
>>> 5   m 10 s


Turn 90
================================================================
warning: entity 9 was directed to use 20 halite to move east, but only 12 halite was available
At command 4 of 5:
    2   m 2 w
    3   m 4 e
>>> 4   m 9 e
    5   m 10 s


Turn 91
================================================================
warning: entity 10 was directed to use 18 halite to move south, but only 12 halite was available
At command 6 of 6:
    4   m 6 e
    5   m 9 e
>>> 6   m 10 s


Turn 95
================================================================
warning: entity 2 was directed to use 2 halite to move south, but only 0 halite was available
At command 2 of 6:
    1   m 0 e
>>> 2   m 2 s
    3   m 4 e
    4   m 6 n


Turn 97
================================================================
warning: entity 10 was directed to use 17 halite to move south, but only 12 halite was available
At command 5 of 5:
    3   m 6 n
    4   m 9 o
>>> 5   m 10 s


Turn 99
================================================================
warning: entity 2 was directed to use 13 halite to move south, but only 0 halite was available
At command 2 of 6:
    1   m 0 n
>>> 2   m 2 s
    3   m 4 s
    4   m 6 e


Turn 100
================================================================
warning: entity 4 was directed to use 6 halite to move south, but only 0 halite was available
At command 2 of 5:
    1   m 2 w
>>> 2   m 4 s
    3   m 6 w
    4   m 9 o


Turn 102
================================================================
warning: entity 0 was directed to use 4 halite to move south, but only 0 halite was available
At command 1 of 6:
>>> 1   m 0 s
    2   m 2 w
    3   m 4 s

warning: entity 2 was directed to use 14 halite to move west, but only 12 halite was available
At command 2 of 6:
    1   m 0 s
>>> 2   m 2 w
    3   m 4 s
    4   m 6 e


Turn 103
================================================================
warning: entity 4 was directed to use 14 halite to move south, but only 5 halite was available
At command 3 of 5:
    1   m 0 e
    2   m 2 w
>>> 3   m 4 s
    4   m 9 o
    5   m 10 o


Turn 105
================================================================
warning: entity 0 was directed to use 7 halite to move south, but only 4 halite was available
At command 1 of 6:
>>> 1   m 0 s
    2   m 2 w
    3   m 4 s

warning: entity 2 was directed to use 15 halite to move west, but only 11 halite was available
At command 2 of 6:
    1   m 0 s
>>> 2   m 2 w
    3   m 4 s
    4   m 6 n

warning: entity 6 was directed to use 1 halite to move north, but only 0 halite was available
At command 4 of 6:
    2   m 2 w
    3   m 4 s
>>> 4   m 6 n
    5   m 9 o
    6   m 10 o


Turn 108
================================================================
warning: entity 6 was directed to use 4 halite to move north, but only 1 halite was available
At command 4 of 6:
    2   m 2 o
    3   m 4 o
>>> 4   m 6 n
    5   m 9 n
    6   m 10 o


Turn 109
================================================================
warning: entity 0 was directed to use 16 halite to move south, but only 10 halite was available
At command 1 of 6:
>>> 1   m 0 s
    2   m 2 o
    3   m 4 o


Turn 111
================================================================
warning: entity 6 was directed to use 16 halite to move north, but only 0 halite was available
At command 4 of 6:
    2   m 2 o
    3   m 4 o
>>> 4   m 6 n
    5   m 9 w
    6   m 10 n


Turn 114
================================================================
warning: entity 6 was directed to use 15 halite to move north, but only 10 halite was available
At command 4 of 6:
    2   m 2 o
    3   m 4 o
>>> 4   m 6 n
    5   m 9 w
    6   m 10 n


Turn 117
================================================================
warning: entity 9 was directed to use 2 halite to move east, but only 0 halite was available
At command 5 of 6:
    3   m 4 o
    4   m 6 o
>>> 5   m 9 e
    6   m 10 n


Turn 120
================================================================
warning: entity 9 was directed to use 13 halite to move east, but only 0 halite was available
At command 5 of 6:
    3   m 4 w
    4   m 6 o
>>> 5   m 9 e
    6   m 10 w


Turn 121
================================================================
warning: entity 10 was directed to use 1 halite to move south, but only 0 halite was available
At command 6 of 6:
    4   m 6 o
    5   m 9 e
>>> 6   m 10 s


Turn 124
================================================================
warning: entity 9 was directed to use 13 halite to move east, but only 10 halite was available
At command 5 of 6:
    3   m 4 n
    4   m 6 o
>>> 5   m 9 e
    6   m 10 w

warning: entity 10 was directed to use 6 halite to move west, but only 0 halite was available
At command 6 of 6:
    4   m 6 o
    5   m 9 e
>>> 6   m 10 w


Turn 128
================================================================
warning: entity 10 was directed to use 8 halite to move west, but only 5 halite was available
At command 5 of 5:
    3   m 6 e
    4   m 9 o
>>> 5   m 10 w


Turn 130
================================================================
warning: entity 2 was directed to use 3 halite to move east, but only 0 halite was available
At command 2 of 6:
    1   m 0 e
>>> 2   m 2 e
    3   m 4 n
    4   m 6 s


Turn 131
================================================================
warning: entity 10 was directed to use 23 halite to move west, but only 19 halite was available
At command 6 of 6:
    4   m 6 s
    5   m 9 o
>>> 6   m 10 w


Turn 132
================================================================
warning: entity 2 was directed to use 13 halite to move east, but only 7 halite was available
At command 2 of 5:
    1   m 0 w
>>> 2   m 2 e
    3   m 6 s
    4   m 9 o


Turn 135
================================================================
warning: entity 4 was directed to use 2 halite to move west, but only 0 halite was available
At command 3 of 5:
    1   m 0 s
    2   m 2 e
>>> 3   m 4 w
    4   m 9 o
    5   m 10 o


Turn 137
================================================================
warning: entity 4 was directed to use 6 halite to move west, but only 5 halite was available
At command 3 of 5:
    1   m 0 n
    2   m 2 e
>>> 3   m 4 w
    4   m 6 s
    5   m 10 o


Turn 138
================================================================
warning: entity 2 was directed to use 15 halite to move east, but only 9 halite was available
At command 1 of 5:
>>> 1   m 2 e
    2   m 4 w
    3   m 6 s

warning: entity 6 was directed to use 3 halite to move south, but only 0 halite was available
At command 3 of 5:
    1   m 2 e
    2   m 4 w
>>> 3   m 6 s
    4   m 9 w
    5   m 10 o


Turn 141
================================================================
warning: entity 0 was directed to use 5 halite to move east, but only 0 halite was available
At command 1 of 6:
>>> 1   m 0 e
    2   m 2 e
    3   m 4 w

warning: entity 2 was directed to use 26 halite to move east, but only 21 halite was available
At command 2 of 6:
    1   m 0 e
>>> 2   m 2 e
    3   m 4 w
    4   m 6 s

warning: entity 6 was directed to use 8 halite to move south, but only 4 halite was available
At command 4 of 6:
    2   m 2 e
    3   m 4 w
>>> 4   m 6 s
    5   m 9 w
    6   m 10 o


Turn 143
================================================================
warning: entity 4 was directed to use 25 halite to move west, but only 6 halite was available
At command 3 of 6:
    1   m 0 e
    2   m 2 e
>>> 3   m 4 w
    4   m 6 s
    5   m 9 w


Turn 144
================================================================
warning: entity 0 was directed to use 9 halite to move east, but only 2 halite was available
At command 1 of 6:
>>> 1   m 0 e
    2   m 2 o
    3   m 4 w


Turn 145
================================================================
warning: entity 6 was directed to use 16 halite to move south, but only 4 halite was available
At command 4 of 5:
    2   m 2 o
    3   m 4 w
>>> 4   m 6 s
    5   m 9 w


Turn 148
================================================================
warning: entity 0 was directed to use 23 halite to move east, but only 4 halite was available
At command 1 of 6:
>>> 1   m 0 e
    2   m 2 o
    3   m 4 w


Turn 149
================================================================
warning: entity 9 was directed to use 1 halite to move north, but only 0 halite was available
At command 4 of 5:
    2   m 4 w
    3   m 6 o
>>> 4   m 9 n
    5   m 10 n


Turn 151
================================================================
warning: entity 9 was directed to use 5 halite to move north, but only 4 halite was available
At command 5 of 6:
    3   m 4 w
    4   m 6 o
>>> 5   m 9 n
    6   m 10 s


Turn 155
================================================================
warning: entity 9 was directed to use 10 halite to move north, but only 4 halite was available
At command 5 of 6:
    3   m 4 w
    4   m 6 o
>>> 5   m 9 n
    6   m 10 e


Turn 159
================================================================
warning: entity 10 was directed to use 2 halite to move south, but only 0 halite was available
At command 5 of 5:
    3   m 4 w
    4   m 9 o
>>> 5   m 10 s


Turn 162
================================================================
warning: entity 10 was directed to use 7 halite to move south, but only 1 halite was available
At command 5 of 5:
    3   m 6 n
    4   m 9 o
>>> 5   m 10 s


Turn 163
================================================================
warning: entity 2 was directed to use 1 halite to move east, but only 0 halite was available
At command 2 of 6:
    1   m 0 s
>>> 2   m 2 e
    3   m 4 w
    4   m 6 n


Turn 165
================================================================
warning: entity 2 was directed to use 10 halite to move east, but only 4 halite was available
At command 2 of 5:
    1   m 0 w
>>> 2   m 2 e
    3   m 6 n
    4   m 9 o

warning: entity 10 was directed to use 5 halite to move south, but only 4 halite was available
At command 5 of 5:
    3   m 6 n
    4   m 9 o
>>> 5   m 10 s


Turn 169
================================================================
warning: entity 12 was directed to use 1 halite to move east, but only 0 halite was available
At command 6 of 6:
    4   m 9 o
    5   m 10 s
>>> 6   m 12 e


Turn 171
================================================================
warning: entity 2 was directed to use 10 halite to move east, but only 7 halite was available
At command 2 of 6:
    1   m 0 w
>>> 2   m 2 e
    3   m 6 w
    4   m 9 e

warning: entity 12 was directed to use 7 halite to move east, but only 3 halite was available
At command 6 of 6:
    4   m 9 e
    5   m 10 o
>>> 6   m 12 e


Turn 174
================================================================
warning: entity 0 was directed to use 1 halite to move west, but only 0 halite was available
At command 1 of 6:
>>> 1   m 0 w
    2   m 2 o
    3   m 6 e


Turn 175
================================================================
warning: entity 12 was directed to use 17 halite to move east, but only 2 halite was available
At command 5 of 5:
    3   m 9 s
    4   m 10 o
>>> 5   m 12 e


Turn 176
================================================================
warning: entity 0 was directed to use 5 halite to move west, but only 3 halite was available
At command 1 of 6:
>>> 1   m 0 w
    2   m 2 o
    3   m 6 w


Turn 178
================================================================
warning: entity 0 was directed to use 16 halite to move west, but only 13 halite was available
At command 1 of 6:
>>> 1   m 0 w
    2   m 2 o
    3   m 6 w

warning: entity 6 was directed to use 2 halite to move west, but only 0 halite was available
At command 3 of 6:
    1   m 0 w
    2   m 2 o
>>> 3   m 6 w
    4   m 9 s
    5   m 10 o


Turn 179
================================================================
warning: entity 12 was directed to use 24 halite to move east, but only 16 halite was available
At command 6 of 6:
    4   m 9 s
    5   m 10 o
>>> 6   m 12 e


Turn 181
================================================================
warning: entity 6 was directed to use 9 halite to move west, but only 2 halite was available
At command 3 of 5:
    1   m 0 w
    2   m 2 o
>>> 3   m 6 w
    4   m 9 e
    5   m 12 o


Turn 183
================================================================
warning: entity 9 was directed to use 5 halite to move south, but only 0 halite was available
At command 4 of 6:
    2   m 2 o
    3   m 6 w
>>> 4   m 9 s
    5   m 10 w
    6   m 12 o


Turn 184
================================================================
warning: entity 0 was directed to use 16 halite to move west, but only 7 halite was available
At command 1 of 5:
>>> 1   m 0 w
    2   m 6 w
    3   m 9 s


Turn 185
================================================================
warning: entity 6 was directed to use 1 halite to move north, but only 0 halite was available
At command 3 of 6:
    1   m 0 w
    2   m 2 n
>>> 3   m 6 n
    4   m 9 s
    5   m 10 w


Turn 187
================================================================
warning: entity 6 was directed to use 23 halite to move north, but only 3 halite was available
At command 3 of 6:
    1   m 0 o
    2   m 2 w
>>> 3   m 6 n
    4   m 9 s
    5   m 10 n

warning: entity 9 was directed to use 3 halite to move south, but only 0 halite was available
At command 4 of 6:
    2   m 2 w
    3   m 6 n
>>> 4   m 9 s
    5   m 10 n
    6   m 12 o


Turn 189
================================================================
warning: entity 9 was directed to use 12 halite to move south, but only 8 halite was available
At command 4 of 6:
    2   m 2 w
    3   m 6 o
>>> 4   m 9 s
    5   m 10 n
    6   m 12 o


Turn 194
================================================================
warning: entity 10 was directed to use 3 halite to move south, but only 0 halite was available
At command 4 of 5:
    2   m 6 o
    3   m 9 o
>>> 4   m 10 s
    5   m 12 w


Turn 197
================================================================
warning: entity 2 was directed to use 2 halite to move south, but only 0 halite was available
At command 2 of 6:
    1   m 0 n
>>> 2   m 2 s
    3   m 6 o
    4   m 9 o

warning: entity 10 was directed to use 5 halite to move south, but only 3 halite was available
At command 5 of 6:
    3   m 6 o
    4   m 9 o
>>> 5   m 10 s
    6   m 12 w


Turn 200
================================================================
warning: entity 2 was directed to use 10 halite to move east, but only 0 halite was available
At command 2 of 6:
    1   m 0 e
>>> 2   m 2 e
    3   m 6 s
    4   m 9 o


Turn 201
================================================================
warning: entity 10 was directed to use 15 halite to move east, but only 4 halite was available
At command 5 of 5:
    3   m 6 e
    4   m 9 o
>>> 5   m 10 e


Turn 203
================================================================
warning: entity 12 was directed to use 1 halite to move north, but only 0 halite was available
At command 5 of 5:
    3   m 6 e
    4   m 10 e
>>> 5   m 12 n


Turn 204
================================================================
warning: entity 2 was directed to use 11 halite to move east, but only 2 halite was available
At command 2 of 6:
    1   m 0 e
>>> 2   m 2 e
    3   m 6 s
    4   m 9 n


Turn 206
================================================================
warning: entity 12 was directed to use 10 halite to move east, but only 1 halite was available
At command 5 of 5:
    3   m 9 n
    4   m 10 o
>>> 5   m 12 e


Turn 209
================================================================
warning: entity 0 was directed to use 4 halite to move south, but only 0 halite was available
At command 1 of 5:
>>> 1   m 0 s
    2   m 2 o
    3   m 9 w


Turn 211
================================================================
warning: entity 0 was directed to use 12 halite to move east, but only 8 halite was available
At command 1 of 6:
>>> 1   m 0 e
    2   m 2 o
    3   m 6 s

warning: entity 12 was directed to use 11 halite to move east, but only 8 halite was available
At command 6 of 6:
    4   m 9 s
    5   m 10 o
>>> 6   m 12 e


Turn 212
================================================================
warning: entity 6 was directed to use 2 halite to move south, but only 0 halite was available
At command 3 of 6:
    1   m 0 e
    2   m 2 o
>>> 3   m 6 s
    4   m 9 n
    5   m 10 o


Turn 214
================================================================
warning: entity 6 was directed to use 5 halite to move east, but only 4 halite was available
At command 3 of 6:
    1   m 0 e
    2   m 2 o
>>> 3   m 6 e
    4   m 9 n
    5   m 10 o

warning: entity 12 was directed to use 19 halite to move east, but only 16 halite was available
At command 6 of 6:
    4   m 9 n
    5   m 10 o
>>> 6   m 12 e


Turn 218
================================================================
warning: entity 0 was directed to use 15 halite to move south, but only 4 halite was available
At command 1 of 6:
>>> 1   m 0 s
    2   m 2 o
    3   m 6 s

warning: entity 6 was directed to use 6 halite to move south, but only 2 halite was available
At command 3 of 6:
    1   m 0 s
    2   m 2 o
>>> 3   m 6 s
    4   m 9 e
    5   m 10 n


Turn 220
================================================================
warning: entity 9 was directed to use 1 halite to move south, but only 0 halite was available
At command 4 of 6:
    2   m 2 n
    3   m 6 s
>>> 4   m 9 s
    5   m 10 w
    6   m 12 o


Turn 221
================================================================
warning: entity 6 was directed to use 11 halite to move south, but only 2 halite was available
At command 3 of 6:
    1   m 0 o
    2   m 2 n
>>> 3   m 6 s
    4   m 9 e
    5   m 10 n


Turn 222
================================================================
warning: entity 9 was directed to use 5 halite to move east, but only 3 halite was available
At command 4 of 6:
    2   m 2 w
    3   m 6 s
>>> 4   m 9 e
    5   m 10 w
    6   m 12 o


Turn 225
================================================================
warning: entity 9 was directed to use 12 halite to move east, but only 8 halite was available
At command 4 of 6:
    2   m 2 w
    3   m 6 o
>>> 4   m 9 e
    5   m 10 n
    6   m 12 o


Turn 230
================================================================
warning: entity 9 was directed to use 24 halite to move east, but only 0 halite was available
At command 3 of 5:
    1   m 2 s
    2   m 6 o
>>> 3   m 9 e
    4   m 10 e
    5   m 12 s


Turn 231
================================================================
warning: entity 10 was directed to use 1 halite to move east, but only 0 halite was available
At command 5 of 6:
    3   m 6 o
    4   m 9 e
>>> 5   m 10 e
    6   m 12 w


Turn 233
================================================================
warning: entity 10 was directed to use 4 halite to move south, but only 3 halite was available
At command 5 of 6:
    3   m 6 o
    4   m 9 o
>>> 5   m 10 s
    6   m 12 w


Turn 235
================================================================
warning: entity 2 was directed to use 3 halite to move south, but only 0 halite was available
At command 2 of 6:
    1   m 0 n
>>> 2   m 2 s
    3   m 6 w
    4   m 9 o


Turn 236
================================================================
warning: entity 10 was directed to use 11 halite to move south, but only 5 halite was available
At command 5 of 6:
    3   m 6 n
    4   m 9 o
>>> 5   m 10 s
    6   m 12 w


Turn 238
================================================================
warning: entity 2 was directed to use 3 halite to move south, but only 2 halite was available
At command 2 of 6:
    1   m 0 w
>>> 2   m 2 s
    3   m 6 w
    4   m 9 o


Turn 240
================================================================
warning: entity 10 was directed to use 14 halite to move south, but only 9 halite was available
At command 5 of 6:
    3   m 6 n
    4   m 9 o
>>> 5   m 10 s
    6   m 12 e

warning: entity 12 was directed to use 2 halite to move east, but only 0 halite was available
At command 6 of 6:
    4   m 9 o
    5   m 10 s
>>> 6   m 12 e


Turn 241
================================================================
warning: entity 2 was directed to use 9 halite to move south, but only 8 halite was available
At command 1 of 5:
>>> 1   m 2 s
    2   m 6 n
    3   m 9 o


Turn 243
================================================================
warning: entity 12 was directed to use 8 halite to move east, but only 1 halite was available
At command 6 of 6:
    4   m 9 n
    5   m 10 s
>>> 6   m 12 e


Turn 244
================================================================
warning: entity 0 was directed to use 3 halite to move east, but only 0 halite was available
At command 1 of 6:
>>> 1   m 0 e
    2   m 2 s
    3   m 6 n


Turn 247
================================================================
warning: entity 0 was directed to use 6 halite to move east, but only 5 halite was available
At command 1 of 6:
>>> 1   m 0 e
    2   m 2 o
    3   m 6 s

warning: entity 12 was directed to use 11 halite to move east, but only 3 halite was available
At command 6 of 6:
    4   m 9 w
    5   m 10 o
>>> 6   m 12 e


Turn 248
================================================================
warning: entity 6 was directed to use 2 halite to move west, but only 0 halite was available
At command 3 of 6:
    1   m 0 e
    2   m 2 o
>>> 3   m 6 w
    4   m 9 w
    5   m 10 o


Turn 251
================================================================
warning: entity 0 was directed to use 11 halite to move south, but only 3 halite was available
At command 1 of 6:
>>> 1   m 0 s
    2   m 2 o
    3   m 6 s


Turn 252
================================================================
warning: entity 6 was directed to use 5 halite to move south, but only 0 halite was available
At command 3 of 6:
    1   m 0 s
    2   m 2 o
>>> 3   m 6 s
    4   m 9 w
    5   m 10 o


Turn 254
================================================================
warning: entity 6 was directed to use 12 halite to move south, but only 10 halite was available
At command 3 of 6:
    1   m 0 e
    2   m 2 o
>>> 3   m 6 s
    4   m 9 s
    5   m 10 o


Turn 256
================================================================
warning: entity 9 was directed to use 1 halite to move south, but only 0 halite was available
At command 4 of 6:
    2   m 2 o
    3   m 6 s
>>> 4   m 9 s
    5   m 10 n
    6   m 12 o


Turn 258
================================================================
warning: entity 6 was directed to use 12 halite to move south, but only 2 halite was available
At command 2 of 5:
    1   m 0 o
>>> 2   m 6 s
    3   m 9 w
    4   m 10 w


Turn 259
================================================================
warning: entity 9 was directed to use 2 halite to move south, but only 0 halite was available
At command 4 of 6:
    2   m 2 n
    3   m 6 s
>>> 4   m 9 s
    5   m 10 w
    6   m 12 o


Turn 261
================================================================
warning: entity 9 was directed to use 8 halite to move south, but only 6 halite was available
At command 4 of 6:
    2   m 2 w
    3   m 6 o
>>> 4   m 9 s
    5   m 10 n
    6   m 12 o


Turn 264
================================================================
warning: entity 9 was directed to use 16 halite to move south, but only 13 halite was available
At command 4 of 6:
    2   m 2 n
    3   m 6 o
>>> 4   m 9 s
    5   m 10 n
    6   m 12 n


Turn 268
================================================================
warning: entity 9 was directed to use 19 halite to move south, but only 6 halite was available
At command 4 of 6:
    2   m 2 n
    3   m 6 o
>>> 4   m 9 s
    5   m 10 e
    6   m 12 n


Turn 271
================================================================
warning: entity 10 was directed to use 3 halite to move south, but only 0 halite was available
At command 4 of 5:
    2   m 2 e
    3   m 9 o
>>> 4   m 10 s
    5   m 12 w


Turn 273
================================================================
warning: entity 2 was directed to use 2 halite to move south, but only 0 halite was available
At command 2 of 6:
    1   m 0 n
>>> 2   m 2 s
    3   m 6 e
    4   m 9 o


Turn 274
================================================================
warning: entity 10 was directed to use 9 halite to move east, but only 2 halite was available
At command 5 of 6:
    3   m 6 n
    4   m 9 o
>>> 5   m 10 e
    6   m 12 n


Turn 276
================================================================
warning: entity 2 was directed to use 4 halite to move south, but only 3 halite was available
At command 2 of 6:
    1   m 0 w
>>> 2   m 2 s
    3   m 6 e
    4   m 9 o


Turn 279
================================================================
warning: entity 10 was directed to use 13 halite to move south, but only 0 halite was available
At command 4 of 5:
    2   m 6 n
    3   m 9 o
>>> 4   m 10 s
    5   m 12 e


Turn 280
================================================================
warning: entity 2 was directed to use 8 halite to move east, but only 1 halite was available
At command 2 of 5:
    1   m 0 e
>>> 2   m 2 e
    3   m 6 e
    4   m 10 s


Turn 283
================================================================
warning: entity 0 was directed to use 4 halite to move east, but only 0 halite was available
At command 1 of 5:
>>> 1   m 0 e
    2   m 2 e
    3   m 9 e


Turn 284
================================================================
warning: entity 2 was directed to use 20 halite to move north, but only 8 halite was available
At command 2 of 6:
    1   m 0 e
>>> 2   m 2 n
    3   m 6 s
    4   m 9 n


Turn 286
================================================================
warning: entity 6 was directed to use 1 halite to move east, but only 0 halite was available
At command 3 of 6:
    1   m 0 s
    2   m 2 e
>>> 3   m 6 e
    4   m 9 n
    5   m 10 o


Turn 287
================================================================
warning: entity 0 was directed to use 3 halite to move south, but only 1 halite was available
At command 1 of 5:
>>> 1   m 0 s
    2   m 2 e
    3   m 6 e


Turn 289
================================================================
warning: entity 6 was directed to use 2 halite to move south, but only 0 halite was available
At command 3 of 6:
    1   m 0 s
    2   m 2 n
>>> 3   m 6 s
    4   m 9 n
    5   m 10 o


Turn 290
================================================================
warning: entity 0 was directed to use 8 halite to move south, but only 3 halite was available
At command 1 of 6:
>>> 1   m 0 s
    2   m 2 s
    3   m 6 s

warning: entity 12 was directed to use 1 halite to move west, but only 0 halite was available
At command 6 of 6:
    4   m 9 n
    5   m 10 o
>>> 6   m 12 w


Turn 291
================================================================
warning: entity 2 was directed to use 15 halite to move west, but only 3 halite was available
At command 2 of 6:
    1   m 0 e
>>> 2   m 2 w
    3   m 6 e
    4   m 9 n


Turn 293
================================================================
warning: entity 6 was directed to use 6 halite to move east, but only 2 halite was available
At command 3 of 6:
    1   m 0 e
    2   m 2 e
>>> 3   m 6 e
    4   m 9 e
    5   m 10 w

warning: entity 12 was directed to use 2 halite to move south, but only 1 halite was available
At command 6 of 6:
    4   m 9 e
    5   m 10 w
>>> 6   m 12 s


Turn 295
================================================================
warning: entity 9 was directed to use 2 halite to move north, but only 0 halite was available
At command 4 of 6:
    2   m 2 s
    3   m 6 e
>>> 4   m 9 n
    5   m 10 n
    6   m 12 w


Turn 296
================================================================
warning: entity 6 was directed to use 11 halite to move east, but only 8 halite was available
At command 3 of 6:
    1   m 0 o
    2   m 2 o
>>> 3   m 6 e
    4   m 9 e
    5   m 10 n

warning: entity 12 was directed to use 6 halite to move south, but only 2 halite was available
At command 6 of 6:
    4   m 9 e
    5   m 10 n
>>> 6   m 12 s


Turn 297
================================================================
warning: entity 9 was directed to use 10 halite to move east, but only 5 halite was available
At command 4 of 6:
    2   m 2 o
    3   m 6 s
>>> 4   m 9 e
    5   m 10 n
    6   m 12 w


Turn 301
================================================================
warning: entity 12 was directed to use 14 halite to move west, but only 0 halite was available
At command 6 of 6:
    4   m 9 n
    5   m 10 n
>>> 6   m 12 w


Turn 302
================================================================
warning: entity 9 was directed to use 8 halite to move north, but only 4 halite was available
At command 4 of 6:
    2   m 2 o
    3   m 6 o
>>> 4   m 9 n
    5   m 10 n
    6   m 12 s


Turn 304
================================================================
warning: entity 9 was directed to use 21 halite to move north, but only 20 halite was available
At command 4 of 5:
    2   m 2 o
    3   m 6 o
>>> 4   m 9 n
    5   m 12 o


Turn 308
================================================================
warning: entity 10 was directed to use 2 halite to move east, but only 0 halite was available
At command 4 of 5:
    2   m 6 o
    3   m 9 n
>>> 4   m 10 e
    5   m 12 o


Turn 311
================================================================
warning: entity 10 was directed to use 7 halite to move east, but only 0 halite was available
At command 5 of 6:
    3   m 6 o
    4   m 9 o
>>> 5   m 10 e
    6   m 12 o


Turn 314
================================================================
warning: entity 10 was directed to use 8 halite to move east, but only 7 halite was available
At command 5 of 6:
    3   m 6 w
    4   m 9 o
>>> 5   m 10 e
    6   m 12 o


Turn 317
================================================================
warning: entity 10 was directed to use 18 halite to move south, but only 5 halite was available
At command 5 of 6:
    3   m 6 n
    4   m 9 o
>>> 5   m 10 s
    6   m 12 n


Turn 324
================================================================
warning: entity 0 was directed to use 3 halite to move south, but only 0 halite was available
At command 1 of 6:
>>> 1   m 0 s
    2   m 2 n
    3   m 6 n


Turn 327
================================================================
warning: entity 0 was directed to use 5 halite to move south, but only 3 halite was available
At command 1 of 6:
>>> 1   m 0 s
    2   m 2 s
    3   m 6 n


Turn 329
================================================================
warning: entity 2 was directed to use 2 halite to move south, but only 0 halite was available
At command 2 of 6:
    1   m 0 s
>>> 2   m 2 s
    3   m 6 n
    4   m 9 w


Turn 331
================================================================
warning: entity 0 was directed to use 6 halite to move south, but only 5 halite was available
At command 1 of 4:
>>> 1   m 0 s
    2   m 2 s
    3   m 9 w


Turn 332
================================================================
warning: entity 12 was directed to use 1 halite to move south, but only 0 halite was available
At command 6 of 6:
    4   m 9 n
    5   m 10 w
>>> 6   m 12 s


Turn 333
================================================================
warning: entity 2 was directed to use 2 halite to move east, but only 1 halite was available
At command 2 of 6:
    1   m 0 s
>>> 2   m 2 e
    3   m 6 e
    4   m 9 w


Turn 335
================================================================
warning: entity 2 was directed to use 8 halite to move south, but only 6 halite was available
At command 2 of 5:
    1   m 0 s
>>> 2   m 2 s
    3   m 6 s
    4   m 10 n

warning: entity 6 was directed to use 1 halite to move south, but only 0 halite was available
At command 3 of 5:
    1   m 0 s
    2   m 2 s
>>> 3   m 6 s
    4   m 10 n
    5   m 12 e

warning: entity 12 was directed to use 4 halite to move east, but only 1 halite was available
At command 5 of 5:
    3   m 6 s
    4   m 10 n
>>> 5   m 12 e


Turn 338
================================================================
warning: entity 6 was directed to use 4 halite to move east, but only 1 halite was available
At command 3 of 6:
    1   m 0 o
    2   m 2 e
>>> 3   m 6 e
    4   m 9 s
    5   m 10 w

warning: entity 12 was directed to use 8 halite to move east, but only 4 halite was available
At command 6 of 6:
    4   m 9 s
    5   m 10 w
>>> 6   m 12 e


Turn 339
================================================================
warning: entity 9 was directed to use 9 halite to move west, but only 0 halite was available
At command 4 of 6:
    2   m 2 e
    3   m 6 s
>>> 4   m 9 w
    5   m 10 w
    6   m 12 e


Turn 342
================================================================
warning: entity 6 was directed to use 4 halite to move east, but only 1 halite was available
At command 3 of 6:
    1   m 0 o
    2   m 2 o
>>> 3   m 6 e
    4   m 9 s
    5   m 10 w


Turn 344
================================================================
warning: entity 9 was directed to use 12 halite to move south, but only 0 halite was available
At command 4 of 5:
    2   m 2 o
    3   m 6 e
>>> 4   m 9 s
    5   m 12 e

warning: entity 12 was directed to use 11 halite to move east, but only 0 halite was available
At command 5 of 5:
    3   m 6 e
    4   m 9 s
>>> 5   m 12 e


Turn 347
================================================================
warning: entity 6 was directed to use 1 halite to move east, but only 0 halite was available
At command 3 of 6:
    1   m 0 w
    2   m 2 o
>>> 3   m 6 e
    4   m 9 w
    5   m 10 s

warning: entity 9 was directed to use 23 halite to move west, but only 1 halite was available
At command 4 of 6:
    2   m 2 o
    3   m 6 e
>>> 4   m 9 w
    5   m 10 s
    6   m 12 s


Turn 348
================================================================
warning: entity 10 was directed to use 6 halite to move south, but only 0 halite was available
At command 5 of 6:
    3   m 6 e
    4   m 9 w
>>> 5   m 10 s
    6   m 12 s


Turn 351
================================================================
warning: entity 10 was directed to use 8 halite to move south, but only 7 halite was available
At command 4 of 5:
    2   m 6 o
    3   m 9 w
>>> 4   m 10 s
    5   m 12 o


Turn 355
================================================================
warning: entity 10 was directed to use 20 halite to move south, but only 2 halite was available
At command 5 of 6:
    3   m 6 o
    4   m 9 o
>>> 5   m 10 s
    6   m 12 o


Turn 360
================================================================
warning: entity 10 was directed to use 17 halite to move south, but only 13 halite was available
At command 4 of 5:
    2   m 2 n
    3   m 9 o
>>> 4   m 10 s
    5   m 12 o


Turn 364
================================================================
warning: entity 0 was directed to use 3 halite to move east, but only 0 halite was available
At command 1 of 5:
>>> 1   m 0 e
    2   m 6 n
    3   m 9 e


Turn 366
================================================================
warning: entity 2 was directed to use 1 halite to move north, but only 0 halite was available
At command 2 of 6:
    1   m 0 s
>>> 2   m 2 n
    3   m 6 w
    4   m 9 n


Turn 368
================================================================
warning: entity 0 was directed to use 6 halite to move east, but only 0 halite was available
At command 1 of 6:
>>> 1   m 0 e
    2   m 2 e
    3   m 6 w


Turn 369
================================================================
warning: entity 2 was directed to use 7 halite to move north, but only 1 halite was available
At command 2 of 6:
    1   m 0 s
>>> 2   m 2 n
    3   m 6 w
    4   m 9 n


Turn 371
================================================================
warning: entity 0 was directed to use 8 halite to move south, but only 6 halite was available
At command 1 of 6:
>>> 1   m 0 s
    2   m 2 e
    3   m 6 n


Turn 374
================================================================
warning: entity 2 was directed to use 12 halite to move east, but only 2 halite was available
At command 2 of 5:
    1   m 0 s
>>> 2   m 2 e
    3   m 9 e
    4   m 10 n


Turn 377
================================================================
warning: entity 6 was directed to use 1 halite to move west, but only 0 halite was available
At command 3 of 5:
    1   m 0 o
    2   m 2 e
>>> 3   m 6 w
    4   m 10 e
    5   m 12 w


Turn 378
================================================================
warning: entity 2 was directed to use 12 halite to move north, but only 11 halite was available
At command 2 of 6:
    1   m 0 o
>>> 2   m 2 n
    3   m 6 n
    4   m 9 w


Turn 380
================================================================
warning: entity 6 was directed to use 7 halite to move west, but only 0 halite was available
At command 3 of 6:
    1   m 0 o
    2   m 2 n
>>> 3   m 6 w
    4   m 9 w
    5   m 10 e

warning: entity 9 was directed to use 2 halite to move west, but only 0 halite was available
At command 4 of 6:
    2   m 2 n
    3   m 6 w
>>> 4   m 9 w
    5   m 10 e
    6   m 12 w


Turn 384
================================================================
warning: entity 6 was directed to use 11 halite to move west, but only 3 halite was available
At command 3 of 6:
    1   m 0 o
    2   m 2 o
>>> 3   m 6 w
    4   m 9 s
    5   m 10 n

warning: entity 9 was directed to use 6 halite to move south, but only 0 halite was available
At command 4 of 6:
    2   m 2 o
    3   m 6 w
>>> 4   m 9 s
    5   m 10 n
    6   m 12 e


Turn 385
================================================================
warning: entity 12 was directed to use 1 halite to move south, but only 0 halite was available
At command 6 of 6:
    4   m 9 s
    5   m 10 n
>>> 6   m 12 s


Turn 387
================================================================
warning: entity 6 was directed to use 1 halite to move west, but only 0 halite was available
At command 3 of 6:
    1   m 0 w
    2   m 2 o
>>> 3   m 6 w
    4   m 9 s
    5   m 10 w

warning: entity 9 was directed to use 12 halite to move south, but only 4 halite was available
At command 4 of 6:
    2   m 2 o
    3   m 6 w
>>> 4   m 9 s
    5   m 10 w
    6   m 12 s

warning: entity 12 was directed to use 5 halite to move south, but only 3 halite was available
At command 6 of 6:
    4   m 9 s
    5   m 10 w
>>> 6   m 12 s


Turn 389
================================================================
warning: entity 6 was directed to use 23 halite to move west, but only 3 halite was available
At command 3 of 6:
    1   m 0 w
    2   m 2 o
>>> 3   m 6 w
    4   m 9 s
    5   m 10 w

warning: entity 10 was directed to use 1 halite to move west, but only 0 halite was available
At command 5 of 6:
    3   m 6 w
    4   m 9 s
>>> 5   m 10 w
    6   m 12 s


Turn 390
================================================================
warning: entity 12 was directed to use 6 halite to move east, but only 5 halite was available
At command 6 of 6:
    4   m 9 s
    5   m 10 w
>>> 6   m 12 e


Turn 391
================================================================
warning: entity 9 was directed to use 14 halite to move west, but only 1 halite was available
At command 4 of 6:
    2   m 2 o
    3   m 6 o
>>> 4   m 9 w
    5   m 10 w
    6   m 12 e


Turn 392
================================================================
warning: entity 10 was directed to use 4 halite to move west, but only 1 halite was available
At command 4 of 5:
    2   m 6 o
    3   m 9 w
>>> 4   m 10 w
    5   m 12 e


Turn 393
================================================================
warning: entity 12 was directed to use 18 halite to move south, but only 12 halite was available
At command 6 of 6:
    4   m 9 s
    5   m 10 s
>>> 6   m 12 s


Turn 394
================================================================
warning: entity 9 was directed to use 19 halite to move south, but only 14 halite was available
At command 4 of 6:
    2   m 2 s
    3   m 6 o
>>> 4   m 9 s
    5   m 10 s
    6   m 12 s


Turn 395
================================================================
warning: entity 10 was directed to use 9 halite to move south, but only 5 halite was available
At command 5 of 6:
    3   m 6 o
    4   m 9 s
>>> 5   m 10 s
    6   m 12 e


Turn 398
================================================================
warning: entity 10 was directed to use 15 halite to move west, but only 13 halite was available
At command 5 of 6:
    3   m 6 o
    4   m 9 o
>>> 5   m 10 w
    6   m 12 s


Turn 399
================================================================
warning: entity 12 was directed to use 1 halite to move south, but only 0 halite was available
At command 6 of 6:
    4   m 9 o
    5   m 10 s
>>> 6   m 12 s

