
Turn 3
================================================================
warning: entity 0 was directed to use 16 halite to move north, but only 0 halite was available
At command 1 of 1:
>>> 1   m 0 n


Turn 5
================================================================
warning: entity 0 was directed to use 48 halite to move north, but only 29 halite was available
At command 1 of 1:
>>> 1   m 0 n


Turn 9
================================================================
warning: entity 2 was directed to use 14 halite to move west, but only 0 halite was available
At command 2 of 2:
    1   m 0 n
>>> 2   m 2 w


Turn 12
================================================================
warning: entity 2 was directed to use 43 halite to move west, but only 7 halite was available
At command 2 of 2:
    1   m 0 o
>>> 2   m 2 w


Turn 31
================================================================
warning: entity 0 was directed to use 14 halite to move east, but only 0 halite was available
At command 1 of 2:
>>> 1   m 0 e
    2   m 2 e


Turn 34
================================================================
warning: entity 0 was directed to use 8 halite to move east, but only 3 halite was available
At command 1 of 2:
>>> 1   m 0 e
    2   m 2 e


Turn 35
================================================================
warning: entity 2 was directed to use 11 halite to move east, but only 0 halite was available
At command 2 of 2:
    1   m 0 e
>>> 2   m 2 e


Turn 37
================================================================
warning: entity 0 was directed to use 18 halite to move east, but only 12 halite was available
At command 1 of 2:
>>> 1   m 0 e
    2   m 2 e


Turn 38
================================================================
warning: entity 2 was directed to use 10 halite to move north, but only 8 halite was available
At command 2 of 2:
    1   m 0 e
>>> 2   m 2 n


Turn 40
================================================================
warning: entity 2 was directed to use 32 halite to move east, but only 27 halite was available
At command 2 of 2:
    1   m 0 o
>>> 2   m 2 e


Turn 59
================================================================
warning: entity 0 was directed to use 9 halite to move west, but only 0 halite was available
At command 1 of 2:
>>> 1   m 0 w
    2   m 2 w


Turn 62
================================================================
warning: entity 0 was directed to use 20 halite to move west, but only 2 halite was available
At command 1 of 2:
>>> 1   m 0 w
    2   m 2 w


Turn 63
================================================================
warning: entity 2 was directed to use 10 halite to move west, but only 0 halite was available
At command 2 of 2:
    1   m 0 w
>>> 2   m 2 w


Turn 66
================================================================
warning: entity 2 was directed to use 32 halite to move west, but only 2 halite was available
At command 2 of 2:
    1   m 0 o
>>> 2   m 2 w


Turn 82
================================================================
warning: entity 0 was directed to use 12 halite to move north, but only 0 halite was available
At command 1 of 2:
>>> 1   m 0 n
    2   m 2 e


Turn 88
================================================================
warning: entity 2 was directed to use 7 halite to move west, but only 0 halite was available
At command 2 of 2:
    1   m 0 o
>>> 2   m 2 w


Turn 90
================================================================
warning: entity 2 was directed to use 18 halite to move west, but only 15 halite was available
At command 2 of 2:
    1   m 0 o
>>> 2   m 2 w


Turn 99
================================================================
warning: entity 0 was directed to use 5 halite to move west, but only 0 halite was available
At command 1 of 2:
>>> 1   m 0 w
    2   m 2 o


Turn 101
================================================================
warning: entity 0 was directed to use 13 halite to move south, but only 11 halite was available
At command 1 of 2:
>>> 1   m 0 s
    2   m 2 o


Turn 105
================================================================
warning: entity 0 was directed to use 25 halite to move south, but only 11 halite was available
At command 1 of 1:
>>> 1   m 0 s


Turn 114
================================================================
warning: entity 2 was directed to use 9 halite to move north, but only 0 halite was available
At command 2 of 2:
    1   m 0 o
>>> 2   m 2 n


Turn 126
================================================================
warning: entity 0 was directed to use 6 halite to move west, but only 0 halite was available
At command 1 of 2:
>>> 1   m 0 w
    2   m 2 o


Turn 128
================================================================
warning: entity 0 was directed to use 13 halite to move west, but only 12 halite was available
At command 1 of 2:
>>> 1   m 0 w
    2   m 2 s


Turn 133
================================================================
warning: entity 2 was directed to use 5 halite to move east, but only 0 halite was available
At command 2 of 2:
    1   m 0 o
>>> 2   m 2 e


Turn 137
================================================================
warning: entity 2 was directed to use 9 halite to move east, but only 8 halite was available
At command 2 of 2:
    1   m 0 o
>>> 2   m 2 e


Turn 150
================================================================
warning: entity 0 was directed to use 4 halite to move south, but only 0 halite was available
At command 1 of 1:
>>> 1   m 0 s


Turn 152
================================================================
warning: entity 0 was directed to use 10 halite to move south, but only 8 halite was available
At command 1 of 2:
>>> 1   m 0 s
    2   m 2 s


Turn 155
================================================================
warning: entity 0 was directed to use 13 halite to move south, but only 12 halite was available
At command 1 of 2:
>>> 1   m 0 s
    2   m 2 s


Turn 159
================================================================
warning: entity 2 was directed to use 7 halite to move west, but only 0 halite was available
At command 2 of 2:
    1   m 0 o
>>> 2   m 2 w


Turn 161
================================================================
warning: entity 2 was directed to use 15 halite to move west, but only 13 halite was available
At command 2 of 2:
    1   m 0 o
>>> 2   m 2 w


Turn 177
================================================================
warning: entity 0 was directed to use 3 halite to move north, but only 0 halite was available
At command 1 of 2:
>>> 1   m 0 n
    2   m 2 e


Turn 185
================================================================
warning: entity 2 was directed to use 2 halite to move west, but only 0 halite was available
At command 2 of 2:
    1   m 0 o
>>> 2   m 2 w


Turn 187
================================================================
warning: entity 2 was directed to use 10 halite to move west, but only 5 halite was available
At command 2 of 2:
    1   m 0 o
>>> 2   m 2 w


Turn 190
================================================================
warning: entity 2 was directed to use 16 halite to move west, but only 7 halite was available
At command 1 of 1:
>>> 1   m 2 w


Turn 197
================================================================
warning: entity 0 was directed to use 5 halite to move east, but only 0 halite was available
At command 1 of 2:
>>> 1   m 0 e
    2   m 2 o


Turn 211
================================================================
warning: entity 2 was directed to use 2 halite to move east, but only 0 halite was available
At command 2 of 2:
    1   m 0 n
>>> 2   m 2 e


Turn 213
================================================================
warning: entity 2 was directed to use 12 halite to move east, but only 5 halite was available
At command 1 of 1:
>>> 1   m 2 e


Turn 215
================================================================
warning: entity 0 was directed to use 3 halite to move west, but only 0 halite was available
At command 1 of 2:
>>> 1   m 0 w
    2   m 2 e


Turn 216
================================================================
warning: entity 2 was directed to use 24 halite to move east, but only 20 halite was available
At command 2 of 2:
    1   m 0 n
>>> 2   m 2 e


Turn 217
================================================================
warning: entity 0 was directed to use 7 halite to move west, but only 6 halite was available
At command 1 of 2:
>>> 1   m 0 w
    2   m 2 e


Turn 235
================================================================
warning: entity 2 was directed to use 3 halite to move south, but only 0 halite was available
At command 2 of 2:
    1   m 0 s
>>> 2   m 2 s


Turn 237
================================================================
warning: entity 2 was directed to use 12 halite to move south, but only 8 halite was available
At command 2 of 2:
    1   m 0 n
>>> 2   m 2 s


Turn 238
================================================================
warning: entity 0 was directed to use 1 halite to move west, but only 0 halite was available
At command 1 of 2:
>>> 1   m 0 w
    2   m 2 s


Turn 240
================================================================
warning: entity 0 was directed to use 5 halite to move west, but only 3 halite was available
At command 1 of 2:
>>> 1   m 0 w
    2   m 2 s


Turn 242
================================================================
warning: entity 0 was directed to use 17 halite to move west, but only 14 halite was available
At command 1 of 2:
>>> 1   m 0 w
    2   m 2 o


Turn 258
================================================================
warning: entity 2 was directed to use 2 halite to move west, but only 0 halite was available
At command 1 of 1:
>>> 1   m 2 w


Turn 260
================================================================
warning: entity 2 was directed to use 11 halite to move west, but only 6 halite was available
At command 2 of 2:
    1   m 0 e
>>> 2   m 2 w


Turn 264
================================================================
warning: entity 2 was directed to use 18 halite to move west, but only 11 halite was available
At command 2 of 2:
    1   m 0 e
>>> 2   m 2 w


Turn 268
================================================================
warning: entity 0 was directed to use 1 halite to move west, but only 0 halite was available
At command 1 of 2:
>>> 1   m 0 w
    2   m 2 o


Turn 270
================================================================
warning: entity 0 was directed to use 4 halite to move north, but only 3 halite was available
At command 1 of 2:
>>> 1   m 0 n
    2   m 2 o


Turn 272
================================================================
warning: entity 0 was directed to use 15 halite to move north, but only 11 halite was available
At command 1 of 2:
>>> 1   m 0 n
    2   m 2 o


Turn 288
================================================================
warning: entity 2 was directed to use 8 halite to move east, but only 0 halite was available
At command 1 of 1:
>>> 1   m 2 e


Turn 290
================================================================
warning: entity 2 was directed to use 23 halite to move east, but only 15 halite was available
At command 2 of 2:
    1   m 0 s
>>> 2   m 2 e


Turn 298
================================================================
warning: entity 0 was directed to use 2 halite to move east, but only 0 halite was available
At command 1 of 2:
>>> 1   m 0 e
    2   m 2 o


Turn 300
================================================================
warning: entity 0 was directed to use 11 halite to move east, but only 5 halite was available
At command 1 of 2:
>>> 1   m 0 e
    2   m 2 o


Turn 305
================================================================
warning: entity 0 was directed to use 12 halite to move east, but only 6 halite was available
At command 1 of 2:
>>> 1   m 0 e
    2   m 2 o


Turn 317
================================================================
warning: entity 2 was directed to use 2 halite to move west, but only 0 halite was available
At command 2 of 2:
    1   m 0 o
>>> 2   m 2 w


Turn 319
================================================================
warning: entity 2 was directed to use 7 halite to move west, but only 5 halite was available
At command 2 of 2:
    1   m 0 w
>>> 2   m 2 w


Turn 321
================================================================
warning: entity 2 was directed to use 24 halite to move west, but only 20 halite was available
At command 2 of 2:
    1   m 0 n
>>> 2   m 2 w


Turn 329
================================================================
warning: entity 0 was directed to use 1 halite to move north, but only 0 halite was available
At command 1 of 2:
>>> 1   m 0 n
    2   m 2 o


Turn 332
================================================================
warning: entity 0 was directed to use 6 halite to move north, but only 2 halite was available
At command 1 of 2:
>>> 1   m 0 n
    2   m 2 o


Turn 334
================================================================
warning: entity 0 was directed to use 22 halite to move north, but only 14 halite was available
At command 1 of 2:
>>> 1   m 0 n
    2   m 2 o


Turn 346
================================================================
warning: entity 2 was directed to use 6 halite to move north, but only 0 halite was available
At command 2 of 2:
    1   m 0 o
>>> 2   m 2 n


Turn 349
================================================================
warning: entity 2 was directed to use 14 halite to move north, but only 3 halite was available
At command 2 of 2:
    1   m 0 s
>>> 2   m 2 n


Turn 352
================================================================
warning: entity 2 was directed to use 12 halite to move north, but only 7 halite was available
At command 2 of 2:
    1   m 0 s
>>> 2   m 2 n

