
Turn 3
================================================================
warning: entity 0 was directed to use 46 halite to move north, but only 0 halite was available
At command 1 of 1:
>>> 1   m 0 n


Turn 22
================================================================
warning: entity 0 was directed to use 55 halite to move west, but only 0 halite was available
At command 1 of 1:
>>> 1   m 0 w


Turn 27
================================================================
warning: entity 0 was directed to use 46 halite to move north, but only 23 halite was available
At command 1 of 2:
>>> 1   m 0 n
    2   m 2 n

warning: entity 2 was directed to use 19 halite to move north, but only 0 halite was available
At command 2 of 2:
    1   m 0 n
>>> 2   m 2 n


Turn 45
================================================================
warning: entity 2 was directed to use 14 halite to move east, but only 0 halite was available
At command 2 of 2:
    1   m 0 s
>>> 2   m 2 e


Turn 48
================================================================
warning: entity 2 was directed to use 46 halite to move north, but only 18 halite was available
At command 2 of 2:
    1   m 0 e
>>> 2   m 2 n


Turn 49
================================================================
warning: entity 0 was directed to use 10 halite to move east, but only 0 halite was available
At command 1 of 2:
>>> 1   m 0 e
    2   m 2 n


Turn 54
================================================================
warning: entity 0 was directed to use 35 halite to move south, but only 4 halite was available
At command 1 of 3:
>>> 1   m 0 s
    2   m 2 o
    3   m 5 s

warning: entity 5 was directed to use 53 halite to move south, but only 0 halite was available
At command 3 of 3:
    1   m 0 s
    2   m 2 o
>>> 3   m 5 s


Turn 59
================================================================
warning: entity 6 was directed to use 41 halite to move west, but only 0 halite was available
At command 4 of 4:
    2   m 2 o
    3   m 5 o
>>> 4   m 6 w


Turn 63
================================================================
warning: entity 6 was directed to use 33 halite to move south, but only 18 halite was available
At command 4 of 5:
    2   m 2 w
    3   m 5 o
>>> 4   m 6 s
    5   m 8 e


Turn 64
================================================================
warning: entity 8 was directed to use 8 halite to move east, but only 0 halite was available
At command 5 of 5:
    3   m 5 o
    4   m 6 s
>>> 5   m 8 e


Turn 68
================================================================
warning: entity 2 was directed to use 31 halite to move south, but only 0 halite was available
At command 2 of 5:
    1   m 0 w
>>> 2   m 2 s
    3   m 5 o
    4   m 6 o


Turn 70
================================================================
warning: entity 8 was directed to use 26 halite to move west, but only 23 halite was available
At command 5 of 5:
    3   m 5 n
    4   m 6 o
>>> 5   m 8 w


Turn 73
================================================================
warning: entity 11 was directed to use 23 halite to move west, but only 0 halite was available
At command 6 of 6:
    4   m 6 o
    5   m 8 s
>>> 6   m 11 w


Turn 76
================================================================
warning: entity 0 was directed to use 6 halite to move south, but only 0 halite was available
At command 1 of 6:
>>> 1   m 0 s
    2   m 2 o
    3   m 5 n

warning: entity 11 was directed to use 28 halite to move south, but only 15 halite was available
At command 6 of 6:
    4   m 6 o
    5   m 8 o
>>> 6   m 11 s


Turn 79
================================================================
warning: entity 5 was directed to use 17 halite to move south, but only 0 halite was available
At command 3 of 6:
    1   m 0 o
    2   m 2 o
>>> 3   m 5 s
    4   m 6 e
    5   m 8 o


Turn 81
================================================================
warning: entity 5 was directed to use 36 halite to move east, but only 31 halite was available
At command 3 of 6:
    1   m 0 o
    2   m 2 o
>>> 3   m 5 e
    4   m 6 n
    5   m 8 o


Turn 88
================================================================
warning: entity 2 was directed to use 34 halite to move north, but only 0 halite was available
At command 2 of 6:
    1   m 0 o
>>> 2   m 2 n
    3   m 5 s
    4   m 6 e


Turn 92
================================================================
warning: entity 6 was directed to use 4 halite to move east, but only 0 halite was available
At command 4 of 6:
    2   m 2 n
    3   m 5 o
>>> 4   m 6 e
    5   m 8 n
    6   m 11 n


Turn 93
================================================================
warning: entity 2 was directed to use 35 halite to move north, but only 13 halite was available
At command 1 of 5:
>>> 1   m 2 n
    2   m 5 o
    3   m 6 e


Turn 95
================================================================
warning: entity 0 was directed to use 3 halite to move south, but only 0 halite was available
At command 1 of 6:
>>> 1   m 0 s
    2   m 2 o
    3   m 5 o

warning: entity 6 was directed to use 5 halite to move south, but only 1 halite was available
At command 4 of 6:
    2   m 2 o
    3   m 5 o
>>> 4   m 6 s
    5   m 8 s
    6   m 11 e


Turn 98
================================================================
warning: entity 0 was directed to use 21 halite to move south, but only 5 halite was available
At command 1 of 6:
>>> 1   m 0 s
    2   m 2 o
    3   m 5 o

warning: entity 8 was directed to use 2 halite to move north, but only 0 halite was available
At command 5 of 6:
    3   m 5 o
    4   m 6 o
>>> 5   m 8 n
    6   m 11 n


Turn 101
================================================================
warning: entity 8 was directed to use 35 halite to move north, but only 3 halite was available
At command 5 of 6:
    3   m 5 n
    4   m 6 o
>>> 5   m 8 n
    6   m 11 e

warning: entity 11 was directed to use 1 halite to move east, but only 0 halite was available
At command 6 of 6:
    4   m 6 o
    5   m 8 n
>>> 6   m 11 e


Turn 103
================================================================
warning: entity 11 was directed to use 8 halite to move south, but only 4 halite was available
At command 6 of 6:
    4   m 6 o
    5   m 8 o
>>> 6   m 11 s


Turn 105
================================================================
warning: entity 11 was directed to use 24 halite to move south, but only 20 halite was available
At command 5 of 5:
    3   m 6 o
    4   m 8 o
>>> 5   m 11 s


Turn 107
================================================================
warning: entity 5 was directed to use 26 halite to move north, but only 0 halite was available
At command 3 of 6:
    1   m 0 o
    2   m 2 s
>>> 3   m 5 n
    4   m 6 o
    5   m 8 o


Turn 112
================================================================
warning: entity 12 was directed to use 1 halite to move east, but only 0 halite was available
At command 7 of 7:
    5   m 8 o
    6   m 11 o
>>> 7   m 12 e


Turn 114
================================================================
warning: entity 12 was directed to use 6 halite to move north, but only 4 halite was available
At command 7 of 7:
    5   m 8 s
    6   m 11 o
>>> 7   m 12 n


Turn 115
================================================================
warning: entity 2 was directed to use 13 halite to move west, but only 0 halite was available
At command 2 of 7:
    1   m 0 w
>>> 2   m 2 w
    3   m 5 o
    4   m 6 n


Turn 117
================================================================
warning: entity 2 was directed to use 27 halite to move west, but only 24 halite was available
At command 2 of 7:
    1   m 0 n
>>> 2   m 2 w
    3   m 5 o
    4   m 6 w


Turn 118
================================================================
warning: entity 6 was directed to use 9 halite to move south, but only 0 halite was available
At command 4 of 7:
    2   m 2 w
    3   m 5 o
>>> 4   m 6 s
    5   m 8 w
    6   m 11 w


Turn 120
================================================================
warning: entity 6 was directed to use 20 halite to move west, but only 18 halite was available
At command 4 of 7:
    2   m 2 n
    3   m 5 o
>>> 4   m 6 w
    5   m 8 w
    6   m 11 n


Turn 122
================================================================
warning: entity 0 was directed to use 4 halite to move east, but only 0 halite was available
At command 1 of 6:
>>> 1   m 0 e
    2   m 2 o
    3   m 5 s


Turn 125
================================================================
warning: entity 8 was directed to use 2 halite to move south, but only 0 halite was available
At command 4 of 6:
    2   m 2 o
    3   m 6 o
>>> 4   m 8 s
    5   m 11 w
    6   m 12 o


Turn 127
================================================================
warning: entity 5 was directed to use 16 halite to move south, but only 0 halite was available
At command 3 of 7:
    1   m 0 o
    2   m 2 o
>>> 3   m 5 s
    4   m 6 o
    5   m 8 s

warning: entity 8 was directed to use 16 halite to move south, but only 4 halite was available
At command 5 of 7:
    3   m 5 s
    4   m 6 o
>>> 5   m 8 s
    6   m 11 n
    7   m 12 w


Turn 131
================================================================
warning: entity 11 was directed to use 7 halite to move west, but only 0 halite was available
At command 6 of 7:
    4   m 6 o
    5   m 8 o
>>> 6   m 11 w
    7   m 12 s


Turn 133
================================================================
warning: entity 11 was directed to use 15 halite to move west, but only 14 halite was available
At command 6 of 7:
    4   m 6 o
    5   m 8 o
>>> 6   m 11 w
    7   m 12 w


Turn 134
================================================================
warning: entity 12 was directed to use 5 halite to move south, but only 0 halite was available
At command 7 of 7:
    5   m 8 o
    6   m 11 w
>>> 7   m 12 s


Turn 136
================================================================
warning: entity 12 was directed to use 11 halite to move north, but only 10 halite was available
At command 6 of 6:
    4   m 8 o
    5   m 11 o
>>> 6   m 12 n


Turn 139
================================================================
warning: entity 2 was directed to use 3 halite to move north, but only 0 halite was available
At command 1 of 6:
>>> 1   m 2 n
    2   m 5 o
    3   m 6 w


Turn 141
================================================================
warning: entity 0 was directed to use 4 halite to move south, but only 0 halite was available
At command 1 of 7:
>>> 1   m 0 s
    2   m 2 n
    3   m 5 w


Turn 143
================================================================
warning: entity 0 was directed to use 20 halite to move south, but only 7 halite was available
At command 1 of 7:
>>> 1   m 0 s
    2   m 2 o
    3   m 5 n


Turn 144
================================================================
warning: entity 6 was directed to use 3 halite to move north, but only 0 halite was available
At command 4 of 7:
    2   m 2 o
    3   m 5 n
>>> 4   m 6 n
    5   m 8 e
    6   m 11 o


Turn 147
================================================================
warning: entity 5 was directed to use 2 halite to move west, but only 0 halite was available
At command 3 of 7:
    1   m 0 s
    2   m 2 o
>>> 3   m 5 w
    4   m 6 o
    5   m 8 n


Turn 149
================================================================
warning: entity 5 was directed to use 8 halite to move south, but only 5 halite was available
At command 3 of 7:
    1   m 0 o
    2   m 2 o
>>> 3   m 5 s
    4   m 6 o
    5   m 8 w


Turn 150
================================================================
warning: entity 8 was directed to use 1 halite to move south, but only 0 halite was available
At command 5 of 7:
    3   m 5 w
    4   m 6 o
>>> 5   m 8 s
    6   m 11 e
    7   m 12 e


Turn 152
================================================================
warning: entity 8 was directed to use 6 halite to move north, but only 3 halite was available
At command 5 of 7:
    3   m 5 w
    4   m 6 o
>>> 5   m 8 n
    6   m 11 e
    7   m 12 s


Turn 153
================================================================
warning: entity 5 was directed to use 11 halite to move north, but only 10 halite was available
At command 3 of 6:
    1   m 0 o
    2   m 2 w
>>> 3   m 5 n
    4   m 6 o
    5   m 8 n


Turn 156
================================================================
warning: entity 12 was directed to use 1 halite to move east, but only 0 halite was available
At command 7 of 7:
    5   m 8 o
    6   m 11 w
>>> 7   m 12 e


Turn 161
================================================================
warning: entity 11 was directed to use 2 halite to move north, but only 0 halite was available
At command 5 of 6:
    3   m 6 s
    4   m 8 o
>>> 5   m 11 n
    6   m 12 o


Turn 164
================================================================
warning: entity 2 was directed to use 2 halite to move east, but only 0 halite was available
At command 2 of 6:
    1   m 0 w
>>> 2   m 2 e
    3   m 5 e
    4   m 8 e


Turn 167
================================================================
warning: entity 6 was directed to use 15 halite to move south, but only 0 halite was available
At command 3 of 6:
    1   m 2 n
    2   m 5 e
>>> 3   m 6 s
    4   m 8 e
    5   m 11 o


Turn 168
================================================================
warning: entity 2 was directed to use 20 halite to move north, but only 1 halite was available
At command 2 of 7:
    1   m 0 s
>>> 2   m 2 n
    3   m 5 e
    4   m 6 s


Turn 169
================================================================
warning: entity 0 was directed to use 9 halite to move south, but only 0 halite was available
At command 1 of 7:
>>> 1   m 0 s
    2   m 2 n
    3   m 5 s


Turn 173
================================================================
warning: entity 0 was directed to use 1 halite to move south, but only 0 halite was available
At command 1 of 6:
>>> 1   m 0 s
    2   m 2 o
    3   m 5 s

warning: entity 5 was directed to use 4 halite to move south, but only 0 halite was available
At command 3 of 6:
    1   m 0 s
    2   m 2 o
>>> 3   m 5 s
    4   m 6 o
    5   m 11 s


Turn 175
================================================================
warning: entity 5 was directed to use 21 halite to move south, but only 9 halite was available
At command 3 of 7:
    1   m 0 o
    2   m 2 o
>>> 3   m 5 s
    4   m 6 o
    5   m 8 w


Turn 176
================================================================
warning: entity 8 was directed to use 3 halite to move west, but only 0 halite was available
At command 5 of 7:
    3   m 5 s
    4   m 6 o
>>> 5   m 8 w
    6   m 11 s
    7   m 12 s


Turn 178
================================================================
warning: entity 8 was directed to use 10 halite to move north, but only 7 halite was available
At command 5 of 7:
    3   m 5 o
    4   m 6 o
>>> 5   m 8 n
    6   m 11 e
    7   m 12 s


Turn 180
================================================================
warning: entity 11 was directed to use 2 halite to move east, but only 0 halite was available
At command 6 of 6:
    4   m 6 n
    5   m 8 n
>>> 6   m 11 e


Turn 183
================================================================
warning: entity 11 was directed to use 2 halite to move east, but only 1 halite was available
At command 5 of 6:
    3   m 5 o
    4   m 8 o
>>> 5   m 11 e
    6   m 12 w


Turn 185
================================================================
warning: entity 11 was directed to use 15 halite to move north, but only 6 halite was available
At command 6 of 7:
    4   m 6 e
    5   m 8 o
>>> 6   m 11 n
    7   m 12 w


Turn 186
================================================================
warning: entity 6 was directed to use 1 halite to move east, but only 0 halite was available
At command 4 of 7:
    2   m 2 w
    3   m 5 e
>>> 4   m 6 e
    5   m 8 o
    6   m 11 n


Turn 189
================================================================
warning: entity 6 was directed to use 8 halite to move south, but only 0 halite was available
At command 3 of 6:
    1   m 2 e
    2   m 5 n
>>> 3   m 6 s
    4   m 8 e
    5   m 11 o


Turn 192
================================================================
warning: entity 0 was directed to use 1 halite to move east, but only 0 halite was available
At command 1 of 7:
>>> 1   m 0 e
    2   m 2 w
    3   m 5 e


Turn 195
================================================================
warning: entity 0 was directed to use 1 halite to move south, but only 0 halite was available
At command 1 of 7:
>>> 1   m 0 s
    2   m 2 e
    3   m 5 e


Turn 197
================================================================
warning: entity 0 was directed to use 19 halite to move south, but only 4 halite was available
At command 1 of 7:
>>> 1   m 0 s
    2   m 2 e
    3   m 5 e


Turn 205
================================================================
warning: entity 11 was directed to use 18 halite to move south, but only 0 halite was available
At command 6 of 7:
    4   m 6 w
    5   m 8 e
>>> 6   m 11 s
    7   m 12 w

warning: entity 12 was directed to use 6 halite to move west, but only 4 halite was available
At command 7 of 7:
    5   m 8 e
    6   m 11 s
>>> 7   m 12 w


Turn 209
================================================================
warning: entity 11 was directed to use 18 halite to move south, but only 15 halite was available
At command 6 of 7:
    4   m 6 n
    5   m 8 e
>>> 6   m 11 s
    7   m 12 w


Turn 216
================================================================
warning: entity 8 was directed to use 8 halite to move west, but only 3 halite was available
At command 5 of 7:
    3   m 5 w
    4   m 6 w
>>> 5   m 8 w
    6   m 11 o
    7   m 12 o


Turn 217
================================================================
warning: entity 6 was directed to use 3 halite to move east, but only 0 halite was available
At command 3 of 6:
    1   m 2 e
    2   m 5 e
>>> 3   m 6 e
    4   m 8 w
    5   m 11 o


Turn 220
================================================================
warning: entity 0 was directed to use 2 halite to move west, but only 0 halite was available
At command 1 of 7:
>>> 1   m 0 w
    2   m 2 s
    3   m 5 w


Turn 222
================================================================
warning: entity 0 was directed to use 7 halite to move west, but only 5 halite was available
At command 1 of 7:
>>> 1   m 0 w
    2   m 2 w
    3   m 5 w


Turn 224
================================================================
warning: entity 2 was directed to use 2 halite to move south, but only 0 halite was available
At command 2 of 7:
    1   m 0 s
>>> 2   m 2 s
    3   m 5 w
    4   m 6 w


Turn 226
================================================================
warning: entity 0 was directed to use 8 halite to move south, but only 0 halite was available
At command 1 of 7:
>>> 1   m 0 s
    2   m 2 s
    3   m 5 w

warning: entity 2 was directed to use 15 halite to move south, but only 4 halite was available
At command 2 of 7:
    1   m 0 s
>>> 2   m 2 s
    3   m 5 w
    4   m 6 w

warning: entity 8 was directed to use 6 halite to move west, but only 0 halite was available
At command 5 of 7:
    3   m 5 w
    4   m 6 w
>>> 5   m 8 w
    6   m 11 n
    7   m 12 o


Turn 227
================================================================
warning: entity 6 was directed to use 1 halite to move east, but only 0 halite was available
At command 4 of 7:
    2   m 2 s
    3   m 5 e
>>> 4   m 6 e
    5   m 8 w
    6   m 11 n


Turn 232
================================================================
warning: entity 6 was directed to use 1 halite to move west, but only 0 halite was available
At command 3 of 6:
    1   m 0 o
    2   m 2 o
>>> 3   m 6 w
    4   m 8 w
    5   m 11 e

warning: entity 11 was directed to use 3 halite to move east, but only 0 halite was available
At command 5 of 6:
    3   m 6 w
    4   m 8 w
>>> 5   m 11 e
    6   m 12 o


Turn 234
================================================================
warning: entity 5 was directed to use 2 halite to move north, but only 0 halite was available
At command 3 of 7:
    1   m 0 o
    2   m 2 o
>>> 3   m 5 n
    4   m 6 n
    5   m 8 o

warning: entity 6 was directed to use 4 halite to move north, but only 3 halite was available
At command 4 of 7:
    2   m 2 o
    3   m 5 n
>>> 4   m 6 n
    5   m 8 o
    6   m 11 e


Turn 235
================================================================
warning: entity 11 was directed to use 11 halite to move south, but only 7 halite was available
At command 6 of 7:
    4   m 6 n
    5   m 8 o
>>> 6   m 11 s
    7   m 12 o


Turn 236
================================================================
warning: entity 6 was directed to use 20 halite to move north, but only 13 halite was available
At command 4 of 7:
    2   m 2 o
    3   m 5 w
>>> 4   m 6 n
    5   m 8 e
    6   m 11 s


Turn 237
================================================================
warning: entity 5 was directed to use 9 halite to move east, but only 4 halite was available
At command 4 of 8:
    2   m 0 e
    3   m 2 o
>>> 4   m 5 e
    5   m 6 n
    6   m 8 w


Turn 241
================================================================
warning: entity 13 was directed to use 2 halite to move east, but only 0 halite was available
At command 8 of 8:
    6   m 11 o
    7   m 12 e
>>> 8   m 13 e


Turn 244
================================================================
warning: entity 5 was directed to use 7 halite to move east, but only 4 halite was available
At command 2 of 7:
    1   m 2 n
>>> 2   m 5 e
    3   m 6 o
    4   m 8 w

warning: entity 13 was directed to use 14 halite to move south, but only 4 halite was available
At command 7 of 7:
    5   m 11 o
    6   m 12 w
>>> 7   m 13 s


Turn 247
================================================================
warning: entity 0 was directed to use 1 halite to move west, but only 0 halite was available
At command 1 of 7:
>>> 1   m 0 w
    2   m 5 e
    3   m 6 w


Turn 249
================================================================
warning: entity 0 was directed to use 5 halite to move north, but only 3 halite was available
At command 1 of 8:
>>> 1   m 0 n
    2   m 2 n
    3   m 5 n


Turn 251
================================================================
warning: entity 2 was directed to use 1 halite to move west, but only 0 halite was available
At command 2 of 8:
    1   m 0 n
>>> 2   m 2 w
    3   m 5 o
    4   m 6 o


Turn 252
================================================================
warning: entity 0 was directed to use 6 halite to move north, but only 0 halite was available
At command 1 of 8:
>>> 1   m 0 n
    2   m 2 w
    3   m 5 w


Turn 254
================================================================
warning: entity 0 was directed to use 18 halite to move north, but only 12 halite was available
At command 1 of 7:
>>> 1   m 0 n
    2   m 2 w
    3   m 5 w


Turn 255
================================================================
warning: entity 5 was directed to use 13 halite to move east, but only 4 halite was available
At command 3 of 8:
    1   m 0 n
    2   m 2 e
>>> 3   m 5 e
    4   m 6 o
    5   m 8 o


Turn 257
================================================================
warning: entity 2 was directed to use 1 halite to move east, but only 0 halite was available
At command 2 of 8:
    1   m 0 o
>>> 2   m 2 e
    3   m 5 w
    4   m 6 o

warning: entity 11 was directed to use 1 halite to move west, but only 0 halite was available
At command 6 of 8:
    4   m 6 o
    5   m 8 o
>>> 6   m 11 w
    7   m 12 o
    8   m 13 o


Turn 259
================================================================
warning: entity 11 was directed to use 5 halite to move west, but only 3 halite was available
At command 6 of 8:
    4   m 6 o
    5   m 8 o
>>> 6   m 11 w
    7   m 12 o
    8   m 13 o


Turn 262
================================================================
warning: entity 5 was directed to use 10 halite to move east, but only 9 halite was available
At command 3 of 8:
    1   m 0 o
    2   m 2 e
>>> 3   m 5 e
    4   m 6 o
    5   m 8 o


Turn 264
================================================================
warning: entity 11 was directed to use 10 halite to move south, but only 1 halite was available
At command 6 of 8:
    4   m 6 o
    5   m 8 o
>>> 6   m 11 s
    7   m 12 o
    8   m 13 w


Turn 265
================================================================
warning: entity 2 was directed to use 1 halite to move west, but only 0 halite was available
At command 2 of 8:
    1   m 0 o
>>> 2   m 2 w
    3   m 5 e
    4   m 6 o


Turn 273
================================================================
warning: entity 5 was directed to use 7 halite to move east, but only 0 halite was available
At command 3 of 8:
    1   m 0 w
    2   m 2 e
>>> 3   m 5 e
    4   m 6 o
    5   m 8 o

warning: entity 13 was directed to use 13 halite to move south, but only 0 halite was available
At command 8 of 8:
    6   m 11 o
    7   m 12 o
>>> 8   m 13 s


Turn 277
================================================================
warning: entity 13 was directed to use 14 halite to move south, but only 7 halite was available
At command 8 of 8:
    6   m 11 e
    7   m 12 o
>>> 8   m 13 s


Turn 282
================================================================
warning: entity 5 was directed to use 5 halite to move east, but only 0 halite was available
At command 3 of 8:
    1   m 0 e
    2   m 2 w
>>> 3   m 5 e
    4   m 6 o
    5   m 8 o


Turn 289
================================================================
warning: entity 5 was directed to use 4 halite to move east, but only 3 halite was available
At command 3 of 8:
    1   m 0 w
    2   m 2 e
>>> 3   m 5 e
    4   m 6 o
    5   m 8 o

warning: entity 11 was directed to use 2 halite to move south, but only 0 halite was available
At command 6 of 8:
    4   m 6 o
    5   m 8 o
>>> 6   m 11 s
    7   m 12 o
    8   m 13 o


Turn 291
================================================================
warning: entity 11 was directed to use 6 halite to move south, but only 5 halite was available
At command 6 of 8:
    4   m 6 o
    5   m 8 o
>>> 6   m 11 s
    7   m 12 o
    8   m 13 w


Turn 298
================================================================
warning: entity 5 was directed to use 3 halite to move east, but only 2 halite was available
At command 3 of 8:
    1   m 0 e
    2   m 2 w
>>> 3   m 5 e
    4   m 6 o
    5   m 8 o


Turn 303
================================================================
warning: entity 13 was directed to use 1 halite to move east, but only 0 halite was available
At command 8 of 8:
    6   m 11 o
    7   m 12 o
>>> 8   m 13 e


Turn 306
================================================================
warning: entity 13 was directed to use 8 halite to move south, but only 2 halite was available
At command 8 of 8:
    6   m 11 o
    7   m 12 o
>>> 8   m 13 s


Turn 309
================================================================
warning: entity 5 was directed to use 2 halite to move east, but only 0 halite was available
At command 3 of 8:
    1   m 0 w
    2   m 2 e
>>> 3   m 5 e
    4   m 6 o
    5   m 8 o


Turn 318
================================================================
warning: entity 11 was directed to use 1 halite to move south, but only 0 halite was available
At command 6 of 8:
    4   m 6 o
    5   m 8 o
>>> 6   m 11 s
    7   m 12 o
    8   m 13 o


Turn 320
================================================================
warning: entity 11 was directed to use 11 halite to move south, but only 3 halite was available
At command 6 of 8:
    4   m 6 o
    5   m 8 o
>>> 6   m 11 s
    7   m 12 o
    8   m 13 w


Turn 322
================================================================
warning: entity 5 was directed to use 1 halite to move east, but only 0 halite was available
At command 3 of 8:
    1   m 0 e
    2   m 2 w
>>> 3   m 5 e
    4   m 6 o
    5   m 8 o


Turn 332
================================================================
warning: entity 13 was directed to use 1 halite to move north, but only 0 halite was available
At command 8 of 8:
    6   m 11 o
    7   m 12 o
>>> 8   m 13 n


Turn 333
================================================================
warning: entity 5 was directed to use 1 halite to move east, but only 0 halite was available
At command 3 of 8:
    1   m 0 w
    2   m 2 e
>>> 3   m 5 e
    4   m 6 o
    5   m 8 o


Turn 336
================================================================
warning: entity 13 was directed to use 7 halite to move north, but only 0 halite was available
At command 8 of 8:
    6   m 11 e
    7   m 12 o
>>> 8   m 13 n


Turn 338
================================================================
warning: entity 13 was directed to use 22 halite to move north, but only 15 halite was available
At command 8 of 8:
    6   m 11 n
    7   m 12 o
>>> 8   m 13 n


Turn 353
================================================================
warning: entity 0 was directed to use 15 halite to move west, but only 7 halite was available
At command 1 of 8:
>>> 1   m 0 w
    2   m 2 e
    3   m 5 w


Turn 357
================================================================
warning: entity 11 was directed to use 1 halite to move west, but only 0 halite was available
At command 6 of 8:
    4   m 6 o
    5   m 8 o
>>> 6   m 11 w
    7   m 12 o
    8   m 13 e


Turn 360
================================================================
warning: entity 0 was directed to use 11 halite to move west, but only 10 halite was available
At command 1 of 8:
>>> 1   m 0 w
    2   m 2 w
    3   m 5 e


Turn 369
================================================================
warning: entity 0 was directed to use 8 halite to move west, but only 3 halite was available
At command 1 of 8:
>>> 1   m 0 w
    2   m 2 e
    3   m 5 w


Turn 376
================================================================
warning: entity 0 was directed to use 6 halite to move west, but only 4 halite was available
At command 1 of 8:
>>> 1   m 0 w
    2   m 2 w
    3   m 5 e


Turn 385
================================================================
warning: entity 0 was directed to use 4 halite to move west, but only 0 halite was available
At command 1 of 8:
>>> 1   m 0 w
    2   m 2 e
    3   m 5 w


Turn 392
================================================================
warning: entity 0 was directed to use 3 halite to move west, but only 0 halite was available
At command 1 of 8:
>>> 1   m 0 w
    2   m 2 w
    3   m 5 e


Turn 399
================================================================
warning: entity 0 was directed to use 2 halite to move west, but only 0 halite was available
At command 1 of 8:
>>> 1   m 0 w
    2   m 2 e
    3   m 5 w

