
Turn 54
================================================================
warning: entity 0 was directed to use 4 halite to move west, but only 0 halite was available
At command 1 of 3:
>>> 1   m 0 w
    2   m 4 s
    3   g


Turn 56
================================================================
warning: entity 9 was directed to use 4 halite to move south, but only 0 halite was available
At command 4 of 4:
    2   m 2 o
    3   m 4 o
>>> 4   m 9 s


Turn 62
================================================================
warning: entity 4 was directed to use 3 halite to move west, but only 0 halite was available
At command 3 of 5:
    1   m 0 o
    2   m 2 o
>>> 3   m 4 w
    4   m 9 o
    5   g


Turn 65
================================================================
warning: entity 10 was directed to use 2 halite to move west, but only 0 halite was available
At command 5 of 5:
    3   m 4 n
    4   m 9 o
>>> 5   m 10 w


Turn 68
================================================================
warning: entity 10 was directed to use 3 halite to move west, but only 1 halite was available
At command 5 of 5:
    3   m 4 o
    4   m 9 o
>>> 5   m 10 w


Turn 69
================================================================
warning: entity 2 was directed to use 2 halite to move west, but only 0 halite was available
At command 2 of 5:
    1   m 0 o
>>> 2   m 2 w
    3   m 4 o
    4   m 10 s


Turn 72
================================================================
warning: entity 2 was directed to use 2 halite to move west, but only 0 halite was available
At command 2 of 6:
    1   m 0 o
>>> 2   m 2 w
    3   m 4 o
    4   m 9 n

warning: entity 12 was directed to use 1 halite to move west, but only 0 halite was available
At command 6 of 6:
    4   m 9 n
    5   m 10 o
>>> 6   m 12 w


Turn 74
================================================================
warning: entity 12 was directed to use 4 halite to move south, but only 3 halite was available
At command 5 of 5:
    3   m 4 o
    4   m 10 n
>>> 5   m 12 s


Turn 76
================================================================
warning: entity 9 was directed to use 1 halite to move north, but only 0 halite was available
At command 4 of 7:
    2   m 2 o
    3   m 4 o
>>> 4   m 9 n
    5   m 10 s
    6   m 12 n


Turn 79
================================================================
warning: entity 9 was directed to use 4 halite to move south, but only 1 halite was available
At command 4 of 7:
    2   m 2 o
    3   m 4 o
>>> 4   m 9 s
    5   m 10 n
    6   m 12 o


Turn 84
================================================================
warning: entity 14 was directed to use 2 halite to move west, but only 0 halite was available
At command 7 of 7:
    5   m 10 s
    6   m 12 o
>>> 7   m 14 w


Turn 85
================================================================
warning: entity 9 was directed to use 2 halite to move north, but only 0 halite was available
At command 4 of 7:
    2   m 2 o
    3   m 4 o
>>> 4   m 9 n
    5   m 10 n
    6   m 12 w


Turn 87
================================================================
warning: entity 14 was directed to use 4 halite to move west, but only 1 halite was available
At command 7 of 7:
    5   m 10 w
    6   m 12 w
>>> 7   m 14 w


Turn 88
================================================================
warning: entity 9 was directed to use 4 halite to move north, but only 2 halite was available
At command 3 of 6:
    1   m 2 e
    2   m 4 o
>>> 3   m 9 n
    4   m 10 o
    5   m 12 w


Turn 95
================================================================
warning: entity 2 was directed to use 1 halite to move west, but only 0 halite was available
At command 2 of 6:
    1   m 0 e
>>> 2   m 2 w
    3   m 9 o
    4   m 10 n


Turn 98
================================================================
warning: entity 2 was directed to use 4 halite to move north, but only 2 halite was available
At command 2 of 7:
    1   m 0 o
>>> 2   m 2 n
    3   m 4 e
    4   m 9 o


Turn 102
================================================================
warning: entity 2 was directed to use 4 halite to move north, but only 3 halite was available
At command 2 of 7:
    1   m 0 s
>>> 2   m 2 n
    3   m 4 s
    4   m 9 o


Turn 111
================================================================
warning: entity 4 was directed to use 1 halite to move north, but only 0 halite was available
At command 3 of 9:
    1   m 0 s
    2   m 2 o
>>> 3   m 4 n
    4   m 9 o
    5   m 10 o


Turn 112
================================================================
warning: entity 18 was directed to use 4 halite to move east, but only 0 halite was available
At command 8 of 8:
    6   m 14 o
    7   m 17 o
>>> 8   m 18 e


Turn 113
================================================================
warning: entity 0 was directed to use 2 halite to move south, but only 0 halite was available
At command 1 of 9:
>>> 1   m 0 s
    2   m 2 o
    3   m 4 n


Turn 114
================================================================
warning: entity 4 was directed to use 3 halite to move north, but only 0 halite was available
At command 3 of 9:
    1   m 0 s
    2   m 2 o
>>> 3   m 4 n
    4   m 9 o
    5   m 10 o


Turn 125
================================================================
warning: entity 9 was directed to use 1 halite to move north, but only 0 halite was available
At command 4 of 8:
    2   m 2 o
    3   m 4 o
>>> 4   m 9 n
    5   m 10 o
    6   m 12 o


Turn 127
================================================================
warning: entity 9 was directed to use 4 halite to move north, but only 3 halite was available
At command 3 of 8:
    1   m 2 o
    2   m 4 o
>>> 3   m 9 n
    4   m 10 o
    5   m 12 s


Turn 128
================================================================
warning: entity 14 was directed to use 1 halite to move west, but only 0 halite was available
At command 7 of 9:
    5   m 10 s
    6   m 12 o
>>> 7   m 14 w
    8   m 17 e
    9   m 18 o


Turn 129
================================================================
warning: entity 0 was directed to use 2 halite to move north, but only 0 halite was available
At command 1 of 9:
>>> 1   m 0 n
    2   m 2 e
    3   m 4 o


Turn 131
================================================================
warning: entity 14 was directed to use 1 halite to move west, but only 0 halite was available
At command 7 of 9:
    5   m 10 o
    6   m 12 w
>>> 7   m 14 w
    8   m 17 o
    9   m 18 o


Turn 132
================================================================
warning: entity 0 was directed to use 4 halite to move east, but only 2 halite was available
At command 1 of 9:
>>> 1   m 0 e
    2   m 2 o
    3   m 4 o


Turn 135
================================================================
warning: entity 12 was directed to use 3 halite to move west, but only 0 halite was available
At command 6 of 10:
    4   m 9 o
    5   m 10 w
>>> 6   m 12 w
    7   m 14 o
    8   m 17 s


Turn 136
================================================================
warning: entity 0 was directed to use 4 halite to move north, but only 3 halite was available
At command 1 of 10:
>>> 1   m 0 n
    2   m 2 s
    3   m 4 s

warning: entity 17 was directed to use 3 halite to move south, but only 0 halite was available
At command 8 of 10:
    6   m 12 w
    7   m 14 o
>>> 8   m 17 s
    9   m 18 o
    10   m 20 e


Turn 137
================================================================
warning: entity 20 was directed to use 3 halite to move north, but only 0 halite was available
At command 10 of 10:
    8   m 17 s
    9   m 18 o
>>> 10   m 20 n


Turn 140
================================================================
warning: entity 2 was directed to use 1 halite to move north, but only 0 halite was available
At command 2 of 10:
    1   m 0 o
>>> 2   m 2 n
    3   m 4 w
    4   m 9 o


Turn 143
================================================================
warning: entity 2 was directed to use 3 halite to move north, but only 0 halite was available
At command 2 of 8:
    1   m 0 o
>>> 2   m 2 n
    3   m 4 o
    4   m 10 w


Turn 146
================================================================
warning: entity 10 was directed to use 2 halite to move south, but only 0 halite was available
At command 5 of 11:
    3   m 4 o
    4   m 9 w
>>> 5   m 10 s
    6   m 12 o
    7   m 14 e

warning: entity 18 was directed to use 1 halite to move north, but only 0 halite was available
At command 9 of 11:
    7   m 14 e
    8   m 17 o
>>> 9   m 18 n
    10   m 20 n
    11   g


Turn 148
================================================================
warning: entity 18 was directed to use 4 halite to move north, but only 3 halite was available
At command 7 of 9:
    5   m 10 o
    6   m 14 e
>>> 7   m 18 n
    8   m 20 e
    9   m 21 e


Turn 150
================================================================
warning: entity 21 was directed to use 1 halite to move east, but only 0 halite was available
At command 11 of 12:
    9   m 18 e
    10   m 20 o
>>> 11   m 21 e
    12   g


Turn 153
================================================================
warning: entity 22 was directed to use 1 halite to move north, but only 0 halite was available
At command 12 of 12:
    10   m 20 o
    11   m 21 o
>>> 12   m 22 n


Turn 155
================================================================
warning: entity 22 was directed to use 4 halite to move north, but only 3 halite was available
At command 12 of 12:
    10   m 20 o
    11   m 21 o
>>> 12   m 22 n


Turn 158
================================================================
warning: entity 14 was directed to use 1 halite to move north, but only 0 halite was available
At command 5 of 10:
    3   m 10 o
    4   m 12 e
>>> 5   m 14 n
    6   m 17 e
    7   m 18 n


Turn 161
================================================================
warning: entity 9 was directed to use 1 halite to move west, but only 0 halite was available
At command 3 of 10:
    1   m 0 o
    2   m 2 o
>>> 3   m 9 w
    4   m 10 o
    5   m 12 e


Turn 162
================================================================
warning: entity 14 was directed to use 2 halite to move east, but only 0 halite was available
At command 6 of 11:
    4   m 10 o
    5   m 12 e
>>> 6   m 14 e
    7   m 17 w
    8   m 18 o


Turn 166
================================================================
warning: entity 17 was directed to use 1 halite to move south, but only 0 halite was available
At command 7 of 11:
    5   m 12 s
    6   m 14 o
>>> 7   m 17 s
    8   m 18 s
    9   m 20 o


Turn 167
================================================================
warning: entity 12 was directed to use 2 halite to move south, but only 0 halite was available
At command 5 of 12:
    3   m 9 o
    4   m 10 o
>>> 5   m 12 s
    6   m 14 o
    7   m 17 s


Turn 170
================================================================
warning: entity 23 was directed to use 1 halite to move east, but only 0 halite was available
At command 12 of 12:
    10   m 21 o
    11   m 22 n
>>> 12   m 23 e


Turn 176
================================================================
warning: entity 18 was directed to use 1 halite to move west, but only 0 halite was available
At command 6 of 10:
    4   m 12 o
    5   m 17 o
>>> 6   m 18 w
    7   m 20 e
    8   m 21 w


Turn 179
================================================================
warning: entity 23 was directed to use 3 halite to move north, but only 0 halite was available
At command 10 of 10:
    8   m 21 o
    9   m 22 o
>>> 10   m 23 n


Turn 180
================================================================
warning: entity 18 was directed to use 4 halite to move south, but only 3 halite was available
At command 8 of 11:
    6   m 14 o
    7   m 17 o
>>> 8   m 18 s
    9   m 20 o
    10   m 21 o


Turn 182
================================================================
warning: entity 23 was directed to use 4 halite to move east, but only 3 halite was available
At command 9 of 9:
    7   m 21 w
    8   m 22 s
>>> 9   m 23 e


Turn 183
================================================================
warning: entity 0 was directed to use 3 halite to move south, but only 0 halite was available
At command 1 of 12:
>>> 1   m 0 s
    2   m 2 s
    3   m 9 w

