
Turn 16
================================================================
warning: entity 4 was directed to use 4 halite to move south, but only 0 halite was available
At command 2 of 3:
    1   m 0 o
>>> 2   m 4 s
    3   g


Turn 19
================================================================
warning: entity 6 was directed to use 1 halite to move east, but only 0 halite was available
At command 4 of 4:
    2   m 2 o
    3   m 4 o
>>> 4   m 6 e


Turn 39
================================================================
warning: entity 4 was directed to use 3 halite to move north, but only 0 halite was available
At command 3 of 5:
    1   m 0 o
    2   m 2 o
>>> 3   m 4 n
    4   m 6 s
    5   g


Turn 42
================================================================
warning: entity 9 was directed to use 2 halite to move west, but only 0 halite was available
At command 5 of 5:
    3   m 4 o
    4   m 6 o
>>> 5   m 9 w


Turn 45
================================================================
warning: entity 2 was directed to use 1 halite to move west, but only 0 halite was available
At command 2 of 5:
    1   m 0 o
>>> 2   m 2 w
    3   m 4 o
    4   m 6 o

warning: entity 9 was directed to use 4 halite to move south, but only 2 halite was available
At command 5 of 5:
    3   m 4 o
    4   m 6 o
>>> 5   m 9 s


Turn 48
================================================================
warning: entity 2 was directed to use 3 halite to move east, but only 1 halite was available
At command 2 of 4:
    1   m 0 n
>>> 2   m 2 e
    3   m 4 o
    4   m 9 o


Turn 50
================================================================
warning: entity 6 was directed to use 1 halite to move west, but only 0 halite was available
At command 4 of 6:
    2   m 2 o
    3   m 4 o
>>> 4   m 6 w
    5   m 9 o
    6   g


Turn 54
================================================================
warning: entity 10 was directed to use 1 halite to move south, but only 0 halite was available
At command 6 of 6:
    4   m 6 o
    5   m 9 o
>>> 6   m 10 s


Turn 58
================================================================
warning: entity 0 was directed to use 3 halite to move north, but only 0 halite was available
At command 1 of 5:
>>> 1   m 0 n
    2   m 2 s
    3   m 6 o


Turn 61
================================================================
warning: entity 4 was directed to use 4 halite to move east, but only 0 halite was available
At command 3 of 7:
    1   m 0 o
    2   m 2 s
>>> 3   m 4 e
    4   m 6 o
    5   m 9 o


Turn 63
================================================================
warning: entity 12 was directed to use 1 halite to move north, but only 0 halite was available
At command 7 of 7:
    5   m 9 o
    6   m 10 o
>>> 7   m 12 n


Turn 85
================================================================
warning: entity 4 was directed to use 4 halite to move north, but only 0 halite was available
At command 3 of 7:
    1   m 0 s
    2   m 2 o
>>> 3   m 4 n
    4   m 6 o
    5   m 9 o


Turn 86
================================================================
warning: entity 0 was directed to use 4 halite to move north, but only 0 halite was available
At command 1 of 7:
>>> 1   m 0 n
    2   m 2 o
    3   m 4 n


Turn 90
================================================================
warning: entity 15 was directed to use 2 halite to move north, but only 0 halite was available
At command 7 of 7:
    5   m 10 o
    6   m 12 s
>>> 7   m 15 n


Turn 94
================================================================
warning: entity 6 was directed to use 3 halite to move north, but only 0 halite was available
At command 4 of 8:
    2   m 2 o
    3   m 4 e
>>> 4   m 6 n
    5   m 9 w
    6   m 10 n


Turn 96
================================================================
warning: entity 9 was directed to use 2 halite to move west, but only 0 halite was available
At command 5 of 7:
    3   m 4 o
    4   m 6 n
>>> 5   m 9 w
    6   m 10 n
    7   m 15 o


Turn 97
================================================================
warning: entity 6 was directed to use 4 halite to move north, but only 2 halite was available
At command 4 of 8:
    2   m 2 e
    3   m 4 o
>>> 4   m 6 n
    5   m 9 w
    6   m 10 n


Turn 99
================================================================
warning: entity 12 was directed to use 3 halite to move north, but only 0 halite was available
At command 6 of 7:
    4   m 6 o
    5   m 9 s
>>> 6   m 12 n
    7   m 15 o


Turn 100
================================================================
warning: entity 9 was directed to use 4 halite to move south, but only 1 halite was available
At command 5 of 8:
    3   m 4 o
    4   m 6 o
>>> 5   m 9 s
    6   m 10 n
    7   m 12 n


Turn 103
================================================================
warning: entity 10 was directed to use 2 halite to move north, but only 0 halite was available
At command 6 of 10:
    4   m 6 o
    5   m 9 s
>>> 6   m 10 n
    7   m 12 o
    8   m 15 o


Turn 106
================================================================
warning: entity 10 was directed to use 3 halite to move north, but only 1 halite was available
At command 6 of 11:
    4   m 6 o
    5   m 9 o
>>> 6   m 10 n
    7   m 12 n
    8   m 15 o

warning: entity 18 was directed to use 1 halite to move west, but only 0 halite was available
At command 10 of 11:
    8   m 15 o
    9   m 17 n
>>> 10   m 18 w
    11   m 19 n


Turn 109
================================================================
warning: entity 18 was directed to use 2 halite to move south, but only 1 halite was available
At command 9 of 10:
    7   m 15 o
    8   m 17 n
>>> 9   m 18 s
    10   m 19 n

warning: entity 19 was directed to use 1 halite to move north, but only 0 halite was available
At command 10 of 10:
    8   m 17 n
    9   m 18 s
>>> 10   m 19 n


Turn 112
================================================================
warning: entity 18 was directed to use 4 halite to move north, but only 3 halite was available
At command 10 of 11:
    8   m 15 o
    9   m 17 o
>>> 10   m 18 n
    11   m 19 n

warning: entity 19 was directed to use 2 halite to move north, but only 1 halite was available
At command 11 of 11:
    9   m 17 o
    10   m 18 n
>>> 11   m 19 n


Turn 116
================================================================
warning: entity 19 was directed to use 4 halite to move north, but only 0 halite was available
At command 11 of 11:
    9   m 17 o
    10   m 18 s
>>> 11   m 19 n


Turn 118
================================================================
warning: entity 0 was directed to use 1 halite to move north, but only 0 halite was available
At command 1 of 11:
>>> 1   m 0 n
    2   m 2 o
    3   m 4 s

warning: entity 18 was directed to use 4 halite to move west, but only 0 halite was available
At command 10 of 11:
    8   m 15 o
    9   m 17 o
>>> 10   m 18 w
    11   m 19 s


Turn 120
================================================================
warning: entity 19 was directed to use 4 halite to move south, but only 2 halite was available
At command 11 of 11:
    9   m 17 o
    10   m 18 e
>>> 11   m 19 s


Turn 121
================================================================
warning: entity 0 was directed to use 2 halite to move north, but only 0 halite was available
At command 1 of 10:
>>> 1   m 0 n
    2   m 2 o
    3   m 6 o


Turn 122
================================================================
warning: entity 18 was directed to use 3 halite to move east, but only 1 halite was available
At command 8 of 9:
    6   m 15 w
    7   m 17 o
>>> 8   m 18 e
    9   m 19 o


Turn 123
================================================================
warning: entity 4 was directed to use 3 halite to move east, but only 0 halite was available
At command 3 of 12:
    1   m 0 n
    2   m 2 o
>>> 3   m 4 e
    4   m 6 s
    5   m 9 e


Turn 124
================================================================
warning: entity 0 was directed to use 3 halite to move east, but only 1 halite was available
At command 1 of 12:
>>> 1   m 0 e
    2   m 2 o
    3   m 4 e


Turn 127
================================================================
warning: entity 4 was directed to use 2 halite to move east, but only 0 halite was available
At command 3 of 12:
    1   m 0 e
    2   m 2 o
>>> 3   m 4 e
    4   m 6 o
    5   m 9 n


Turn 128
================================================================
warning: entity 0 was directed to use 4 halite to move west, but only 1 halite was available
At command 1 of 12:
>>> 1   m 0 w
    2   m 2 o
    3   m 4 e


Turn 130
================================================================
warning: entity 20 was directed to use 3 halite to move east, but only 0 halite was available
At command 12 of 12:
    10   m 18 w
    11   m 19 s
>>> 12   m 20 e


Turn 138
================================================================
warning: entity 9 was directed to use 2 halite to move north, but only 0 halite was available
At command 5 of 12:
    3   m 4 o
    4   m 6 w
>>> 5   m 9 n
    6   m 10 o
    7   m 12 s


Turn 139
================================================================
warning: entity 12 was directed to use 2 halite to move east, but only 0 halite was available
At command 6 of 11:
    4   m 6 w
    5   m 9 n
>>> 6   m 12 e
    7   m 15 w
    8   m 17 s


Turn 142
================================================================
warning: entity 9 was directed to use 2 halite to move north, but only 1 halite was available
At command 5 of 12:
    3   m 4 s
    4   m 6 w
>>> 5   m 9 n
    6   m 10 s
    7   m 12 e

warning: entity 12 was directed to use 3 halite to move east, but only 1 halite was available
At command 7 of 12:
    5   m 9 n
    6   m 10 s
>>> 7   m 12 e
    8   m 15 s
    9   m 17 s


Turn 143
================================================================
warning: entity 6 was directed to use 1 halite to move west, but only 0 halite was available
At command 4 of 11:
    2   m 2 o
    3   m 4 o
>>> 4   m 6 w
    5   m 9 n
    6   m 10 o


Turn 147
================================================================
warning: entity 9 was directed to use 4 halite to move east, but only 0 halite was available
At command 5 of 12:
    3   m 4 o
    4   m 6 o
>>> 5   m 9 e
    6   m 10 o
    7   m 12 o

warning: entity 15 was directed to use 2 halite to move west, but only 0 halite was available
At command 8 of 12:
    6   m 10 o
    7   m 12 o
>>> 8   m 15 w
    9   m 17 w
    10   m 18 e


Turn 150
================================================================
warning: entity 17 was directed to use 3 halite to move west, but only 0 halite was available
At command 9 of 12:
    7   m 12 o
    8   m 15 w
>>> 9   m 17 w
    10   m 18 w
    11   m 19 n


Turn 151
================================================================
warning: entity 18 was directed to use 3 halite to move east, but only 1 halite was available
At command 10 of 13:
    8   m 15 w
    9   m 17 w
>>> 10   m 18 e
    11   m 19 n
    12   m 20 o


Turn 152
================================================================
warning: entity 15 was directed to use 4 halite to move west, but only 2 halite was available
At command 8 of 13:
    6   m 10 n
    7   m 12 o
>>> 8   m 15 w
    9   m 17 w
    10   m 18 e


Turn 154
================================================================
warning: entity 19 was directed to use 2 halite to move north, but only 0 halite was available
At command 11 of 13:
    9   m 17 o
    10   m 18 w
>>> 11   m 19 n
    12   m 23 w
    13   m 24 n


Turn 155
================================================================
warning: entity 23 was directed to use 1 halite to move west, but only 0 halite was available
At command 13 of 14:
    11   m 19 n
    12   m 20 s
>>> 13   m 23 w
    14   m 24 n


Turn 156
================================================================
warning: entity 18 was directed to use 3 halite to move west, but only 2 halite was available
At command 10 of 14:
    8   m 15 s
    9   m 17 o
>>> 10   m 18 w
    11   m 19 n
    12   m 20 s


Turn 158
================================================================
warning: entity 19 was directed to use 1 halite to move north, but only 0 halite was available
At command 11 of 14:
    9   m 17 w
    10   m 18 w
>>> 11   m 19 n
    12   m 20 s
    13   m 23 w

warning: entity 23 was directed to use 3 halite to move west, but only 2 halite was available
At command 13 of 14:
    11   m 19 n
    12   m 20 s
>>> 13   m 23 w
    14   m 24 n

warning: entity 24 was directed to use 1 halite to move north, but only 0 halite was available
At command 14 of 14:
    12   m 20 s
    13   m 23 w
>>> 14   m 24 n


Turn 161
================================================================
warning: entity 24 was directed to use 3 halite to move north, but only 2 halite was available
At command 14 of 15:
    12   m 20 s
    13   m 23 s
>>> 14   m 24 n
    15   m 25 e

warning: entity 25 was directed to use 2 halite to move east, but only 0 halite was available
At command 15 of 15:
    13   m 23 s
    14   m 24 n
>>> 15   m 25 e


Turn 162
================================================================
warning: entity 10 was directed to use 1 halite to move north, but only 0 halite was available
At command 6 of 15:
    4   m 6 o
    5   m 9 o
>>> 6   m 10 n
    7   m 12 o
    8   m 15 s

warning: entity 18 was directed to use 2 halite to move east, but only 0 halite was available
At command 10 of 15:
    8   m 15 s
    9   m 17 o
>>> 10   m 18 e
    11   m 19 o
    12   m 20 s


Turn 164
================================================================
warning: entity 25 was directed to use 1 halite to move east, but only 0 halite was available
At command 15 of 15:
    13   m 23 o
    14   m 24 e
>>> 15   m 25 e


Turn 166
================================================================
warning: entity 10 was directed to use 1 halite to move north, but only 0 halite was available
At command 6 of 15:
    4   m 6 o
    5   m 9 s
>>> 6   m 10 n
    7   m 12 o
    8   m 15 o


Turn 167
================================================================
warning: entity 25 was directed to use 2 halite to move east, but only 0 halite was available
At command 15 of 16:
    13   m 23 n
    14   m 24 s
>>> 15   m 25 e
    16   g


Turn 168
================================================================
warning: entity 18 was directed to use 2 halite to move east, but only 0 halite was available
At command 10 of 16:
    8   m 15 s
    9   m 17 o
>>> 10   m 18 e
    11   m 19 o
    12   m 20 n

warning: entity 20 was directed to use 2 halite to move north, but only 0 halite was available
At command 12 of 16:
    10   m 18 e
    11   m 19 o
>>> 12   m 20 n
    13   m 23 o
    14   m 24 n

warning: entity 24 was directed to use 1 halite to move north, but only 0 halite was available
At command 14 of 16:
    12   m 20 n
    13   m 23 o
>>> 14   m 24 n
    15   m 25 e
    16   m 26 n


Turn 169
================================================================
warning: entity 10 was directed to use 4 halite to move north, but only 2 halite was available
At command 6 of 16:
    4   m 6 o
    5   m 9 o
>>> 6   m 10 n
    7   m 12 o
    8   m 15 o


Turn 170
================================================================
warning: entity 25 was directed to use 4 halite to move east, but only 2 halite was available
At command 15 of 16:
    13   m 23 o
    14   m 24 s
>>> 15   m 25 e
    16   m 26 n


Turn 172
================================================================
warning: entity 20 was directed to use 3 halite to move north, but only 0 halite was available
At command 12 of 16:
    10   m 18 w
    11   m 19 s
>>> 12   m 20 n
    13   m 23 o
    14   m 24 w

warning: entity 24 was directed to use 3 halite to move west, but only 0 halite was available
At command 14 of 16:
    12   m 20 n
    13   m 23 o
>>> 14   m 24 w
    15   m 25 e
    16   m 26 n


Turn 173
================================================================
warning: entity 18 was directed to use 2 halite to move east, but only 0 halite was available
At command 9 of 15:
    7   m 15 o
    8   m 17 o
>>> 9   m 18 e
    10   m 19 s
    11   m 20 n

warning: entity 26 was directed to use 1 halite to move north, but only 0 halite was available
At command 15 of 15:
    13   m 24 n
    14   m 25 e
>>> 15   m 26 n


Turn 174
================================================================
warning: entity 25 was directed to use 3 halite to move east, but only 1 halite was available
At command 15 of 16:
    13   m 23 n
    14   m 24 e
>>> 15   m 25 e
    16   m 26 s


Turn 177
================================================================
warning: entity 4 was directed to use 1 halite to move west, but only 0 halite was available
At command 3 of 15:
    1   m 0 n
    2   m 2 o
>>> 3   m 4 w
    4   m 6 o
    5   m 10 o

warning: entity 20 was directed to use 3 halite to move east, but only 0 halite was available
At command 11 of 15:
    9   m 18 n
    10   m 19 s
>>> 11   m 20 e
    12   m 23 o
    13   m 24 o

warning: entity 26 was directed to use 4 halite to move north, but only 3 halite was available
At command 15 of 15:
    13   m 24 o
    14   m 25 s
>>> 15   m 26 n


Turn 178
================================================================
warning: entity 18 was directed to use 3 halite to move south, but only 1 halite was available
At command 9 of 16:
    7   m 15 o
    8   m 17 o
>>> 9   m 18 s
    10   m 19 e
    11   m 20 o

warning: entity 25 was directed to use 4 halite to move north, but only 3 halite was available
At command 14 of 16:
    12   m 23 n
    13   m 24 o
>>> 14   m 25 n
    15   m 26 n
    16   g


Turn 181
================================================================
warning: entity 4 was directed to use 3 halite to move south, but only 0 halite was available
At command 3 of 17:
    1   m 0 n
    2   m 2 o
>>> 3   m 4 s
    4   m 6 o
    5   m 9 o


Turn 183
================================================================
warning: entity 0 was directed to use 2 halite to move east, but only 0 halite was available
At command 1 of 15:
>>> 1   m 0 e
    2   m 2 o
    3   m 4 s

warning: entity 29 was directed to use 1 halite to move west, but only 0 halite was available
At command 15 of 15:
    13   m 25 o
    14   m 26 e
>>> 15   m 29 w


Turn 185
================================================================
warning: entity 18 was directed to use 1 halite to move east, but only 0 halite was available
At command 10 of 17:
    8   m 15 o
    9   m 17 o
>>> 10   m 18 e
    11   m 19 w
    12   m 20 s

warning: entity 26 was directed to use 4 halite to move east, but only 1 halite was available
At command 16 of 17:
    14   m 24 o
    15   m 25 o
>>> 16   m 26 e
    17   m 29 w


Turn 186
================================================================
warning: entity 29 was directed to use 2 halite to move south, but only 1 halite was available
At command 15 of 15:
    13   m 25 o
    14   m 26 e
>>> 15   m 29 s


Turn 188
================================================================
warning: entity 19 was directed to use 1 halite to move west, but only 0 halite was available
At command 11 of 17:
    9   m 17 o
    10   m 18 w
>>> 11   m 19 w
    12   m 20 s
    13   m 23 o


Turn 189
================================================================
warning: entity 18 was directed to use 1 halite to move west, but only 0 halite was available
At command 10 of 17:
    8   m 15 e
    9   m 17 o
>>> 10   m 18 w
    11   m 19 w
    12   m 20 s


Turn 190
================================================================
warning: entity 29 was directed to use 3 halite to move south, but only 0 halite was available
At command 17 of 17:
    15   m 25 o
    16   m 26 o
>>> 17   m 29 s


Turn 191
================================================================
warning: entity 19 was directed to use 2 halite to move west, but only 1 halite was available
At command 11 of 17:
    9   m 17 o
    10   m 18 w
>>> 11   m 19 w
    12   m 20 s
    13   m 23 o


Turn 194
================================================================
warning: entity 18 was directed to use 1 halite to move east, but only 0 halite was available
At command 9 of 15:
    7   m 15 o
    8   m 17 e
>>> 9   m 18 e
    10   m 19 w
    11   m 23 o


Turn 196
================================================================
warning: entity 19 was directed to use 4 halite to move north, but only 3 halite was available
At command 11 of 17:
    9   m 17 e
    10   m 18 s
>>> 11   m 19 n
    12   m 20 w
    13   m 23 o


Turn 198
================================================================
warning: entity 29 was directed to use 4 halite to move west, but only 0 halite was available
At command 16 of 16:
    14   m 25 o
    15   m 26 o
>>> 16   m 29 w


Turn 199
================================================================
warning: entity 20 was directed to use 4 halite to move south, but only 0 halite was available
At command 12 of 17:
    10   m 18 n
    11   m 19 n
>>> 12   m 20 s
    13   m 23 o
    14   m 24 o


Turn 200
================================================================
warning: entity 18 was directed to use 2 halite to move south, but only 0 halite was available
At command 10 of 17:
    8   m 15 o
    9   m 17 n
>>> 10   m 18 s
    11   m 19 o
    12   m 20 s


Turn 204
================================================================
warning: entity 12 was directed to use 2 halite to move south, but only 0 halite was available
At command 6 of 17:
    4   m 9 w
    5   m 10 n
>>> 6   m 12 s
    7   m 15 o
    8   m 17 n


Turn 206
================================================================
warning: entity 29 was directed to use 4 halite to move south, but only 0 halite was available
At command 17 of 18:
    15   m 25 o
    16   m 26 s
>>> 17   m 29 s
    18   m 32 w


Turn 208
================================================================
warning: entity 12 was directed to use 4 halite to move south, but only 0 halite was available
At command 7 of 18:
    5   m 9 w
    6   m 10 o
>>> 7   m 12 s
    8   m 15 e
    9   m 17 o


Turn 209
================================================================
warning: entity 18 was directed to use 2 halite to move west, but only 1 halite was available
At command 10 of 18:
    8   m 15 e
    9   m 17 s
>>> 10   m 18 w
    11   m 19 o
    12   m 20 o


Turn 210
================================================================
warning: entity 6 was directed to use 1 halite to move south, but only 0 halite was available
At command 4 of 17:
    2   c 2
    3   m 4 s
>>> 4   m 6 s
    5   m 9 w
    6   m 12 s


Turn 211
================================================================
warning: entity 32 was directed to use 3 halite to move south, but only 0 halite was available
At command 17 of 17:
    15   m 26 o
    16   m 29 s
>>> 17   m 32 s


Turn 212
================================================================
warning: entity 10 was directed to use 1 halite to move east, but only 0 halite was available
At command 5 of 17:
    3   m 6 s
    4   m 9 w
>>> 5   m 10 e
    6   m 12 s
    7   m 15 e

warning: entity 12 was directed to use 1 halite to move south, but only 0 halite was available
At command 6 of 17:
    4   m 9 w
    5   m 10 e
>>> 6   m 12 s
    7   m 15 e
    8   m 17 n


Turn 213
================================================================
warning: entity 6 was directed to use 1 halite to move south, but only 0 halite was available
At command 3 of 16:
    1   m 0 o
    2   m 4 o
>>> 3   m 6 s
    4   m 9 w
    5   m 10 e

warning: entity 9 was directed to use 1 halite to move west, but only 0 halite was available
At command 4 of 16:
    2   m 4 o
    3   m 6 s
>>> 4   m 9 w
    5   m 10 e
    6   m 12 s

warning: entity 18 was directed to use 3 halite to move south, but only 0 halite was available
At command 8 of 16:
    6   m 12 s
    7   m 15 o
>>> 8   m 18 s
    9   m 19 o
    10   m 20 o


Turn 214
================================================================
warning: entity 10 was directed to use 4 halite to move east, but only 3 halite was available
At command 5 of 17:
    3   m 6 s
    4   m 9 w
>>> 5   m 10 e
    6   m 12 o
    7   m 15 o

warning: entity 29 was directed to use 4 halite to move north, but only 3 halite was available
At command 16 of 17:
    14   m 25 w
    15   m 26 o
>>> 16   m 29 n
    17   m 32 o


Turn 216
================================================================
warning: entity 6 was directed to use 3 halite to move south, but only 0 halite was available
At command 3 of 17:
    1   m 0 o
    2   m 4 o
>>> 3   m 6 s
    4   m 9 w
    5   m 10 e


Turn 219
================================================================
warning: entity 9 was directed to use 3 halite to move south, but only 1 halite was available
At command 4 of 17:
    2   m 4 o
    3   m 6 n
>>> 4   m 9 s
    5   m 10 e
    6   m 12 s

warning: entity 29 was directed to use 3 halite to move west, but only 1 halite was available
At command 16 of 17:
    14   m 25 o
    15   m 26 s
>>> 16   m 29 w
    17   m 32 o


Turn 220
================================================================
warning: entity 6 was directed to use 4 halite to move south, but only 2 halite was available
At command 3 of 17:
    1   m 0 o
    2   m 4 o
>>> 3   m 6 s
    4   m 9 s
    5   m 10 e

warning: entity 10 was directed to use 4 halite to move east, but only 1 halite was available
At command 5 of 17:
    3   m 6 s
    4   m 9 s
>>> 5   m 10 e
    6   m 12 o
    7   m 15 n

warning: entity 17 was directed to use 1 halite to move north, but only 0 halite was available
At command 8 of 17:
    6   m 12 o
    7   m 15 n
>>> 8   m 17 n
    9   m 18 o
    10   m 19 e


Turn 222
================================================================
warning: entity 9 was directed to use 4 halite to move south, but only 3 halite was available
At command 4 of 17:
    2   m 4 s
    3   m 6 s
>>> 4   m 9 s
    5   m 10 s
    6   m 12 o

warning: entity 17 was directed to use 4 halite to move north, but only 3 halite was available
At command 8 of 17:
    6   m 12 o
    7   m 15 n
>>> 8   m 17 n
    9   m 18 o
    10   m 19 e


Turn 224
================================================================
warning: entity 25 was directed to use 2 halite to move east, but only 0 halite was available
At command 13 of 16:
    11   m 23 w
    12   m 24 w
>>> 13   m 25 e
    14   m 26 w
    15   m 29 w


Turn 225
================================================================
warning: entity 23 was directed to use 1 halite to move west, but only 0 halite was available
At command 12 of 17:
    10   m 19 o
    11   m 20 s
>>> 12   m 23 w
    13   m 24 s
    14   m 25 e


Turn 226
================================================================
warning: entity 6 was directed to use 4 halite to move west, but only 3 halite was available
At command 3 of 16:
    1   m 0 s
    2   m 4 o
>>> 3   m 6 w
    4   m 9 o
    5   m 10 s


Turn 228
================================================================
warning: entity 15 was directed to use 3 halite to move east, but only 0 halite was available
At command 7 of 16:
    5   m 10 o
    6   m 12 o
>>> 7   m 15 e
    8   m 17 n
    9   m 18 n

warning: entity 23 was directed to use 4 halite to move south, but only 3 halite was available
At command 12 of 16:
    10   m 19 o
    11   m 20 o
>>> 12   m 23 s
    13   m 25 o
    14   m 26 w


Turn 232
================================================================
warning: entity 15 was directed to use 5 halite to move north, but only 2 halite was available
At command 7 of 17:
    5   m 10 o
    6   m 12 o
>>> 7   m 15 n
    8   m 17 n
    9   m 18 e

warning: entity 18 was directed to use 1 halite to move east, but only 0 halite was available
At command 9 of 17:
    7   m 15 n
    8   m 17 n
>>> 9   m 18 e
    10   m 19 o
    11   m 20 n


Turn 233
================================================================
warning: entity 23 was directed to use 4 halite to move south, but only 2 halite was available
At command 12 of 17:
    10   m 19 o
    11   m 20 n
>>> 12   m 23 s
    13   m 24 w
    14   m 25 o


Turn 234
================================================================
warning: entity 26 was directed to use 2 halite to move east, but only 0 halite was available
At command 15 of 17:
    13   m 24 w
    14   m 25 s
>>> 15   m 26 e
    16   m 29 o
    17   m 32 o


Turn 235
================================================================
warning: entity 6 was directed to use 4 halite to move north, but only 3 halite was available
At command 3 of 16:
    1   m 0 w
    2   m 4 n
>>> 3   m 6 n
    4   m 9 e
    5   m 10 o

warning: entity 18 was directed to use 4 halite to move east, but only 2 halite was available
At command 9 of 16:
    7   m 15 e
    8   m 17 o
>>> 9   m 18 e
    10   m 19 o
    11   m 20 n


Turn 237
================================================================
warning: entity 23 was directed to use 4 halite to move south, but only 2 halite was available
At command 12 of 17:
    10   m 19 o
    11   m 20 w
>>> 12   m 23 s
    13   m 24 s
    14   m 25 e

warning: entity 26 was directed to use 2 halite to move south, but only 1 halite was available
At command 15 of 17:
    13   m 24 s
    14   m 25 e
>>> 15   m 26 s
    16   m 29 n
    17   m 32 o


Turn 238
================================================================
warning: entity 20 was directed to use 3 halite to move west, but only 0 halite was available
At command 11 of 17:
    9   m 18 o
    10   m 19 o
>>> 11   m 20 w
    12   m 23 s
    13   m 24 s

warning: entity 24 was directed to use 4 halite to move south, but only 0 halite was available
At command 13 of 17:
    11   m 20 w
    12   m 23 s
>>> 13   m 24 s
    14   m 25 e
    15   m 26 w


Turn 242
================================================================
warning: entity 4 was directed to use 1 halite to move east, but only 0 halite was available
At command 1 of 16:
>>> 1   m 4 e
    2   m 6 o
    3   m 9 w

warning: entity 24 was directed to use 1 halite to move south, but only 0 halite was available
At command 12 of 16:
    10   m 20 w
    11   m 23 o
>>> 12   m 24 s
    13   m 25 s
    14   m 26 e

warning: entity 26 was directed to use 1 halite to move east, but only 0 halite was available
At command 14 of 16:
    12   m 24 s
    13   m 25 s
>>> 14   m 26 e
    15   m 29 n
    16   m 32 o


Turn 245
================================================================
warning: entity 4 was directed to use 4 halite to move east, but only 1 halite was available
At command 2 of 17:
    1   m 0 n
>>> 2   m 4 e
    3   m 6 o
    4   m 9 o


Turn 246
================================================================
warning: entity 26 was directed to use 4 halite to move east, but only 2 halite was available
At command 15 of 16:
    13   m 24 o
    14   m 25 e
>>> 15   m 26 e
    16   m 29 n


Turn 248
================================================================
warning: entity 19 was directed to use 3 halite to move east, but only 0 halite was available
At command 10 of 17:
    8   m 17 o
    9   m 18 o
>>> 10   m 19 e
    11   m 20 o
    12   m 23 o


Turn 249
================================================================
warning: entity 0 was directed to use 1 halite to move north, but only 0 halite was available
At command 1 of 17:
>>> 1   m 0 n
    2   m 4 e
    3   m 6 o

warning: entity 4 was directed to use 4 halite to move east, but only 0 halite was available
At command 2 of 17:
    1   m 0 n
>>> 2   m 4 e
    3   m 6 o
    4   m 9 o

warning: entity 29 was directed to use 2 halite to move west, but only 0 halite was available
At command 16 of 17:
    14   m 25 o
    15   m 26 e
>>> 16   m 29 w
    17   m 32 e


Turn 252
================================================================
warning: entity 19 was directed to use 3 halite to move east, but only 0 halite was available
At command 10 of 17:
    8   m 17 e
    9   m 18 o
>>> 10   m 19 e
    11   m 20 o
    12   m 23 o

warning: entity 26 was directed to use 2 halite to move south, but only 1 halite was available
At command 15 of 17:
    13   m 24 o
    14   m 25 o
>>> 15   m 26 s
    16   m 29 w
    17   m 32 e

warning: entity 29 was directed to use 3 halite to move west, but only 1 halite was available
At command 16 of 17:
    14   m 25 o
    15   m 26 s
>>> 16   m 29 w
    17   m 32 e


Turn 253
================================================================
warning: entity 4 was directed to use 4 halite to move east, but only 3 halite was available
At command 2 of 17:
    1   m 0 n
>>> 2   m 4 e
    3   m 6 s
    4   m 9 o


Turn 255
================================================================
warning: entity 26 was directed to use 4 halite to move north, but only 2 halite was available
At command 14 of 16:
    12   m 24 o
    13   m 25 e
>>> 14   m 26 n
    15   m 29 n
    16   m 32 n


Turn 256
================================================================
warning: entity 12 was directed to use 1 halite to move west, but only 0 halite was available
At command 6 of 17:
    4   m 9 s
    5   m 10 o
>>> 6   m 12 w
    7   m 15 s
    8   m 17 o

warning: entity 29 was directed to use 3 halite to move north, but only 0 halite was available
At command 16 of 17:
    14   m 25 o
    15   m 26 o
>>> 16   m 29 n
    17   m 32 n


Turn 258
================================================================
warning: entity 12 was directed to use 4 halite to move west, but only 3 halite was available
At command 6 of 17:
    4   m 9 e
    5   m 10 o
>>> 6   m 12 w
    7   m 15 o
    8   m 17 o


Turn 260
================================================================
warning: entity 4 was directed to use 4 halite to move south, but only 1 halite was available
At command 2 of 17:
    1   m 0 n
>>> 2   m 4 s
    3   m 6 o
    4   m 9 e

warning: entity 29 was directed to use 4 halite to move north, but only 2 halite was available
At command 16 of 17:
    14   m 25 o
    15   m 26 s
>>> 16   m 29 n
    17   m 32 n


Turn 261
================================================================
warning: entity 19 was directed to use 4 halite to move south, but only 2 halite was available
At command 10 of 17:
    8   m 17 o
    9   m 18 s
>>> 10   m 19 s
    11   m 20 e
    12   m 23 o


Turn 262
================================================================
warning: entity 26 was directed to use 4 halite to move west, but only 3 halite was available
At command 15 of 17:
    13   m 24 o
    14   m 25 e
>>> 15   m 26 w
    16   m 29 n
    17   m 32 n

warning: entity 32 was directed to use 1 halite to move north, but only 0 halite was available
At command 17 of 17:
    15   m 26 w
    16   m 29 n
>>> 17   m 32 n


Turn 264
================================================================
warning: entity 4 was directed to use 4 halite to move north, but only 3 halite was available
At command 2 of 15:
    1   m 0 n
>>> 2   m 4 n
    3   m 9 n
    4   m 12 n

warning: entity 29 was directed to use 4 halite to move north, but only 3 halite was available
At command 14 of 15:
    12   m 25 o
    13   m 26 e
>>> 14   m 29 n
    15   m 32 n


Turn 265
================================================================
warning: entity 12 was directed to use 4 halite to move north, but only 0 halite was available
At command 6 of 17:
    4   m 9 n
    5   m 10 w
>>> 6   m 12 n
    7   m 15 o
    8   m 17 e


Turn 266
================================================================
warning: entity 19 was directed to use 3 halite to move north, but only 0 halite was available
At command 10 of 16:
    8   m 17 e
    9   m 18 s
>>> 10   m 19 n
    11   m 20 o
    12   m 24 s

warning: entity 26 was directed to use 4 halite to move east, but only 3 halite was available
At command 14 of 16:
    12   m 24 s
    13   m 25 o
>>> 14   m 26 e
    15   m 29 n
    16   m 32 n

warning: entity 32 was directed to use 4 halite to move north, but only 1 halite was available
At command 16 of 16:
    14   m 26 e
    15   m 29 n
>>> 16   m 32 n


Turn 269
================================================================
warning: entity 12 was directed to use 3 halite to move north, but only 2 halite was available
At command 6 of 17:
    4   m 9 n
    5   m 10 w
>>> 6   m 12 n
    7   m 15 s
    8   m 17 s


Turn 270
================================================================
warning: entity 32 was directed to use 3 halite to move north, but only 1 halite was available
At command 16 of 16:
    14   m 26 e
    15   m 29 n
>>> 16   m 32 n


Turn 271
================================================================
warning: entity 26 was directed to use 4 halite to move east, but only 0 halite was available
At command 15 of 17:
    13   m 24 o
    14   m 25 e
>>> 15   m 26 e
    16   m 29 o
    17   m 32 n


Turn 273
================================================================
warning: entity 9 was directed to use 1 halite to move north, but only 0 halite was available
At command 4 of 17:
    2   m 4 o
    3   m 6 o
>>> 4   m 9 n
    5   m 10 w
    6   m 12 e

warning: entity 12 was directed to use 5 halite to move east, but only 2 halite was available
At command 6 of 17:
    4   m 9 n
    5   m 10 w
>>> 6   m 12 e
    7   m 15 o
    8   m 17 s


Turn 274
================================================================
warning: entity 19 was directed to use 3 halite to move west, but only 2 halite was available
At command 10 of 17:
    8   m 17 s
    9   m 18 o
>>> 10   m 19 w
    11   m 20 o
    12   m 23 n


Turn 277
================================================================
warning: entity 9 was directed to use 3 halite to move north, but only 0 halite was available
At command 4 of 16:
    2   m 4 o
    3   m 6 n
>>> 4   m 9 n
    5   m 10 w
    6   m 12 o


Turn 280
================================================================
warning: entity 9 was directed to use 4 halite to move north, but only 2 halite was available
At command 4 of 13:
    2   m 4 s
    3   m 6 n
>>> 4   m 9 n
    5   m 10 o
    6   m 12 n


Turn 282
================================================================
warning: entity 23 was directed to use 1 halite to move west, but only 0 halite was available
At command 11 of 15:
    9   m 19 o
    10   m 20 o
>>> 11   m 23 w
    12   m 24 e
    13   m 25 e


Turn 284
================================================================
warning: entity 9 was directed to use 4 halite to move north, but only 3 halite was available
At command 3 of 15:
    1   m 0 o
    2   m 4 o
>>> 3   m 9 n
    4   m 10 o
    5   m 12 o


Turn 285
================================================================
warning: entity 23 was directed to use 2 halite to move west, but only 0 halite was available
At command 12 of 16:
    10   m 19 o
    11   m 20 e
>>> 12   m 23 w
    13   m 24 e
    14   m 25 o


Turn 286
================================================================
warning: entity 17 was directed to use 1 halite to move north, but only 0 halite was available
At command 8 of 16:
    6   m 12 n
    7   m 15 o
>>> 8   m 17 n
    9   m 18 o
    10   m 19 o


Turn 288
================================================================
warning: entity 6 was directed to use 2 halite to move east, but only 0 halite was available
At command 3 of 16:
    1   m 0 o
    2   m 4 o
>>> 3   m 6 e
    4   m 9 n
    5   m 10 o

warning: entity 23 was directed to use 3 halite to move west, but only 1 halite was available
At command 12 of 16:
    10   m 19 o
    11   m 20 o
>>> 12   m 23 w
    13   m 24 n
    14   m 25 o


Turn 289
================================================================
warning: entity 9 was directed to use 4 halite to move east, but only 0 halite was available
At command 4 of 16:
    2   m 4 w
    3   m 6 e
>>> 4   m 9 e
    5   m 10 n
    6   m 12 o


Turn 291
================================================================
warning: entity 6 was directed to use 4 halite to move east, but only 2 halite was available
At command 3 of 16:
    1   m 0 o
    2   m 4 w
>>> 3   m 6 e
    4   m 9 w
    5   m 10 n


Turn 292
================================================================
warning: entity 17 was directed to use 4 halite to move north, but only 0 halite was available
At command 8 of 16:
    6   m 12 n
    7   m 15 w
>>> 8   m 17 n
    9   m 18 o
    10   m 19 s


Turn 296
================================================================
warning: entity 6 was directed to use 3 halite to move east, but only 2 halite was available
At command 3 of 14:
    1   m 0 o
    2   m 4 o
>>> 3   m 6 e
    4   m 9 o
    5   m 12 o

warning: entity 17 was directed to use 3 halite to move north, but only 2 halite was available
At command 7 of 14:
    5   m 12 o
    6   m 15 n
>>> 7   m 17 n
    8   m 19 o
    9   m 20 n

warning: entity 23 was directed to use 3 halite to move west, but only 0 halite was available
At command 10 of 14:
    8   m 19 o
    9   m 20 n
>>> 10   m 23 w
    11   m 24 n
    12   m 25 e


Turn 300
================================================================
warning: entity 24 was directed to use 3 halite to move north, but only 0 halite was available
At command 13 of 16:
    11   m 20 n
    12   m 23 o
>>> 13   m 24 n
    14   m 25 n
    15   m 29 s


Turn 303
================================================================
warning: entity 6 was directed to use 3 halite to move south, but only 0 halite was available
At command 3 of 15:
    1   m 0 s
    2   m 4 n
>>> 3   m 6 s
    4   m 9 o
    5   m 10 w


Turn 304
================================================================
warning: entity 24 was directed to use 3 halite to move north, but only 1 halite was available
At command 13 of 16:
    11   m 20 n
    12   m 23 w
>>> 13   m 24 n
    14   m 25 e
    15   m 29 o


Turn 306
================================================================
warning: entity 10 was directed to use 2 halite to move west, but only 0 halite was available
At command 5 of 16:
    3   m 6 s
    4   m 9 n
>>> 5   m 10 w
    6   m 12 o
    7   m 15 n


Turn 307
================================================================
warning: entity 6 was directed to use 3 halite to move south, but only 1 halite was available
At command 3 of 16:
    1   m 0 s
    2   m 4 n
>>> 3   m 6 s
    4   m 9 o
    5   m 10 w


Turn 308
================================================================
warning: entity 20 was directed to use 3 halite to move west, but only 0 halite was available
At command 11 of 16:
    9   m 18 o
    10   m 19 o
>>> 11   m 20 w
    12   m 23 o
    13   m 24 n

warning: entity 24 was directed to use 3 halite to move north, but only 0 halite was available
At command 13 of 16:
    11   m 20 w
    12   m 23 o
>>> 13   m 24 n
    14   m 25 e
    15   m 29 e


Turn 312
================================================================
warning: entity 24 was directed to use 4 halite to move north, but only 0 halite was available
At command 13 of 16:
    11   m 20 w
    12   m 23 o
>>> 13   m 24 n
    14   m 25 e
    15   m 29 e


Turn 313
================================================================
warning: entity 20 was directed to use 4 halite to move west, but only 0 halite was available
At command 11 of 16:
    9   m 18 n
    10   m 19 w
>>> 11   m 20 w
    12   m 23 o
    13   m 24 n


Turn 316
================================================================
warning: entity 24 was directed to use 3 halite to move north, but only 0 halite was available
At command 13 of 16:
    11   m 20 w
    12   m 23 o
>>> 13   m 24 n
    14   m 25 e
    15   m 29 s


Turn 320
================================================================
warning: entity 4 was directed to use 2 halite to move west, but only 0 halite was available
At command 2 of 16:
    1   m 0 w
>>> 2   m 4 w
    3   m 6 o
    4   m 9 o

warning: entity 24 was directed to use 4 halite to move north, but only 0 halite was available
At command 13 of 16:
    11   m 20 w
    12   m 23 s
>>> 13   m 24 n
    14   m 25 e
    15   m 29 s


Turn 321
================================================================
warning: entity 15 was directed to use 2 halite to move west, but only 0 halite was available
At command 7 of 16:
    5   m 10 o
    6   m 12 s
>>> 7   m 15 w
    8   m 17 e
    9   m 18 n

warning: entity 20 was directed to use 3 halite to move west, but only 1 halite was available
At command 11 of 16:
    9   m 18 n
    10   m 19 o
>>> 11   m 20 w
    12   m 23 o
    13   m 24 n


Turn 324
================================================================
warning: entity 4 was directed to use 2 halite to move west, but only 0 halite was available
At command 2 of 16:
    1   m 0 w
>>> 2   m 4 w
    3   m 6 o
    4   m 9 e

warning: entity 15 was directed to use 2 halite to move west, but only 1 halite was available
At command 7 of 16:
    5   m 10 w
    6   m 12 s
>>> 7   m 15 w
    8   m 17 o
    9   m 18 n


Turn 327
================================================================
warning: entity 15 was directed to use 3 halite to move west, but only 2 halite was available
At command 7 of 16:
    5   m 10 o
    6   m 12 s
>>> 7   m 15 w
    8   m 17 o
    9   m 18 w

warning: entity 24 was directed to use 4 halite to move east, but only 1 halite was available
At command 13 of 16:
    11   m 20 w
    12   m 23 s
>>> 13   m 24 e
    14   m 25 o
    15   m 29 w


Turn 328
================================================================
warning: entity 18 was directed to use 1 halite to move west, but only 0 halite was available
At command 8 of 14:
    6   m 15 w
    7   m 17 o
>>> 8   m 18 w
    9   m 19 n
    10   m 20 n


Turn 329
================================================================
warning: entity 4 was directed to use 1 halite to move west, but only 0 halite was available
At command 2 of 16:
    1   m 0 w
>>> 2   m 4 w
    3   m 6 o
    4   m 9 e


Turn 331
================================================================
warning: entity 18 was directed to use 4 halite to move west, but only 3 halite was available
At command 8 of 13:
    6   m 12 s
    7   m 17 o
>>> 8   m 18 w
    9   m 19 n
    10   m 20 o


Turn 334
================================================================
warning: entity 29 was directed to use 2 halite to move north, but only 0 halite was available
At command 10 of 10:
    8   m 23 o
    9   m 25 o
>>> 10   m 29 n


Turn 337
================================================================
warning: entity 19 was directed to use 1 halite to move west, but only 0 halite was available
At command 8 of 13:
    6   m 17 o
    7   m 18 w
>>> 8   m 19 w
    9   m 20 o
    10   m 23 s


Turn 338
================================================================
warning: entity 0 was directed to use 1 halite to move west, but only 0 halite was available
At command 1 of 13:
>>> 1   m 0 w
    2   m 6 o
    3   m 9 o

warning: entity 29 was directed to use 2 halite to move north, but only 1 halite was available
At command 12 of 13:
    10   m 23 o
    11   m 25 o
>>> 12   m 29 n
    13   m 32 o


Turn 340
================================================================
warning: entity 0 was directed to use 4 halite to move west, but only 3 halite was available
At command 1 of 12:
>>> 1   m 0 w
    2   m 6 o
    3   m 10 s


Turn 341
================================================================
warning: entity 12 was directed to use 1 halite to move north, but only 0 halite was available
At command 5 of 13:
    3   m 9 s
    4   m 10 s
>>> 5   m 12 n
    6   m 17 o
    7   m 18 w

warning: entity 19 was directed to use 1 halite to move south, but only 0 halite was available
At command 8 of 13:
    6   m 17 o
    7   m 18 w
>>> 8   m 19 s
    9   m 20 n
    10   m 23 o


Turn 342
================================================================
warning: entity 18 was directed to use 4 halite to move west, but only 1 halite was available
At command 7 of 13:
    5   m 12 n
    6   m 17 s
>>> 7   m 18 w
    8   m 19 s
    9   m 20 o

warning: entity 29 was directed to use 4 halite to move north, but only 2 halite was available
At command 12 of 13:
    10   m 23 o
    11   m 25 n
>>> 12   m 29 n
    13   m 32 o


Turn 344
================================================================
warning: entity 19 was directed to use 4 halite to move south, but only 0 halite was available
At command 8 of 13:
    6   m 17 o
    7   m 18 w
>>> 8   m 19 s
    9   m 20 n
    10   m 23 s


Turn 347
================================================================
warning: entity 12 was directed to use 3 halite to move north, but only 0 halite was available
At command 5 of 13:
    3   m 9 o
    4   m 10 n
>>> 5   m 12 n
    6   m 17 s
    7   m 18 w


Turn 348
================================================================
warning: entity 19 was directed to use 1 halite to move south, but only 0 halite was available
At command 8 of 13:
    6   m 17 o
    7   m 18 s
>>> 8   m 19 s
    9   m 20 o
    10   m 23 s


Turn 350
================================================================
warning: entity 19 was directed to use 4 halite to move south, but only 3 halite was available
At command 7 of 12:
    5   m 17 o
    6   m 18 s
>>> 7   m 19 s
    8   m 20 n
    9   m 23 s


Turn 351
================================================================
warning: entity 12 was directed to use 2 halite to move east, but only 0 halite was available
At command 4 of 12:
    2   m 9 o
    3   m 10 o
>>> 4   m 12 e
    5   m 17 s
    6   m 18 s


Turn 353
================================================================
warning: entity 18 was directed to use 4 halite to move south, but only 3 halite was available
At command 6 of 12:
    4   m 12 e
    5   m 17 s
>>> 6   m 18 s
    7   m 19 o
    8   m 20 o


Turn 354
================================================================
warning: entity 12 was directed to use 4 halite to move east, but only 2 halite was available
At command 4 of 12:
    2   m 9 s
    3   m 10 e
>>> 4   m 12 e
    5   m 17 o
    6   m 18 e


Turn 358
================================================================
warning: entity 18 was directed to use 4 halite to move east, but only 1 halite was available
At command 6 of 12:
    4   m 12 o
    5   m 17 s
>>> 6   m 18 e
    7   m 19 o
    8   m 20 e


Turn 367
================================================================
warning: entity 6 was directed to use 1 halite to move west, but only 0 halite was available
At command 1 of 12:
>>> 1   m 6 w
    2   m 9 s
    3   m 10 e

warning: entity 25 was directed to use 2 halite to move south, but only 0 halite was available
At command 10 of 12:
    8   m 20 e
    9   m 23 e
>>> 10   m 25 s
    11   m 29 o
    12   m 32 e

warning: entity 32 was directed to use 1 halite to move east, but only 0 halite was available
At command 12 of 12:
    10   m 25 s
    11   m 29 o
>>> 12   m 32 e


Turn 370
================================================================
warning: entity 18 was directed to use 4 halite to move east, but only 0 halite was available
At command 6 of 12:
    4   m 12 e
    5   m 17 w
>>> 6   m 18 e
    7   m 19 e
    8   m 20 e

warning: entity 32 was directed to use 4 halite to move east, but only 2 halite was available
At command 12 of 12:
    10   m 25 s
    11   m 29 s
>>> 12   m 32 e


Turn 371
================================================================
warning: entity 6 was directed to use 3 halite to move west, but only 0 halite was available
At command 1 of 12:
>>> 1   m 6 w
    2   m 9 w
    3   m 10 n

warning: entity 25 was directed to use 3 halite to move south, but only 2 halite was available
At command 10 of 12:
    8   m 20 e
    9   m 23 e
>>> 10   m 25 s
    11   m 29 s
    12   m 32 e


Turn 374
================================================================
warning: entity 32 was directed to use 4 halite to move east, but only 2 halite was available
At command 12 of 12:
    10   m 25 s
    11   m 29 s
>>> 12   m 32 e


Turn 380
================================================================
warning: entity 6 was directed to use 2 halite to move east, but only 1 halite was available
At command 1 of 12:
>>> 1   m 6 e
    2   m 9 w
    3   m 10 e


Turn 382
================================================================
warning: entity 17 was directed to use 1 halite to move west, but only 0 halite was available
At command 5 of 12:
    3   m 10 s
    4   m 12 s
>>> 5   m 17 w
    6   m 18 n
    7   m 19 n

warning: entity 32 was directed to use 2 halite to move south, but only 0 halite was available
At command 12 of 12:
    10   m 25 n
    11   m 29 s
>>> 12   m 32 s


Turn 383
================================================================
warning: entity 10 was directed to use 4 halite to move south, but only 0 halite was available
At command 3 of 11:
    1   m 6 e
    2   m 9 w
>>> 3   m 10 s
    4   m 12 s
    5   m 17 w


Turn 385
================================================================
warning: entity 17 was directed to use 1 halite to move east, but only 0 halite was available
At command 5 of 11:
    3   m 10 s
    4   m 12 w
>>> 5   m 17 e
    6   m 18 n
    7   m 20 e

warning: entity 32 was directed to use 4 halite to move west, but only 2 halite was available
At command 11 of 11:
    9   m 25 n
    10   m 29 w
>>> 11   m 32 w


Turn 386
================================================================
warning: entity 10 was directed to use 8 halite to move south, but only 5 halite was available
At command 3 of 12:
    1   m 6 e
    2   m 9 w
>>> 3   m 10 s
    4   m 12 w
    5   m 17 w

warning: entity 18 was directed to use 2 halite to move north, but only 0 halite was available
At command 6 of 12:
    4   m 12 w
    5   m 17 w
>>> 6   m 18 n
    7   m 19 e
    8   m 20 e


Turn 387
================================================================
warning: entity 9 was directed to use 3 halite to move east, but only 0 halite was available
At command 1 of 11:
>>> 1   m 9 e
    2   m 10 s
    3   m 12 w

warning: entity 17 was directed to use 4 halite to move east, but only 3 halite was available
At command 4 of 11:
    2   m 10 s
    3   m 12 w
>>> 4   m 17 e
    5   m 18 n
    6   m 19 w

warning: entity 23 was directed to use 1 halite to move east, but only 0 halite was available
At command 8 of 11:
    6   m 19 w
    7   m 20 s
>>> 8   m 23 e
    9   m 25 n
    10   m 29 w

warning: owned entities 19, 25, 6 collided on cell (19, 19) as the result of moves on this turn
At command 6 of 11:
    4   m 17 e
    5   m 18 n
>>> 6   m 19 w
    7   m 20 s
    8   m 23 e

Other commands that placed an entity on this cell:
    7   m 20 s
    8   m 23 e
>>> 9   m 25 n
    10   m 29 w
    11   m 32 w


Turn 388
================================================================
warning: entity 32 was directed to use 16 halite to move west, but only 2 halite was available
At command 9 of 9:
    7   m 23 e
    8   m 29 w
>>> 9   m 32 w


Turn 389
================================================================
warning: entity 18 was directed to use 5 halite to move north, but only 3 halite was available
At command 5 of 9:
    3   m 12 w
    4   m 17 e
>>> 5   m 18 n
    6   m 20 s
    7   m 23 e


Turn 390
================================================================
warning: entity 23 was directed to use 3 halite to move east, but only 1 halite was available
At command 6 of 7:
    4   m 17 e
    5   m 18 n
>>> 6   m 23 e
    7   m 32 w


Turn 391
================================================================
warning: entity 10 was directed to use 3 halite to move north, but only 2 halite was available
At command 2 of 9:
    1   m 9 e
>>> 2   m 10 n
    3   m 12 w
    4   m 17 e


Turn 392
================================================================
warning: entity 32 was directed to use 19 halite to move west, but only 17 halite was available
At command 9 of 9:
    7   m 23 e
    8   m 29 w
>>> 9   m 32 w


Turn 393
================================================================
warning: entity 18 was directed to use 15 halite to move east, but only 9 halite was available
At command 4 of 8:
    2   m 10 n
    3   m 17 e
>>> 4   m 18 e
    5   m 20 e
    6   m 23 e


Turn 394
================================================================
warning: entity 23 was directed to use 3 halite to move west, but only 2 halite was available
At command 7 of 9:
    5   m 18 e
    6   m 20 e
>>> 7   m 23 w
    8   m 29 o
    9   m 32 w


Turn 396
================================================================
warning: owned entities 9, 10 collided on cell (19, 19) as the result of moves on this turn
At command 1 of 9:
>>> 1   m 9 s
    2   m 10 n
    3   m 12 w

Other commands that placed an entity on this cell:
    1   m 9 s
>>> 2   m 10 n
    3   m 12 w
    4   m 17 s


Turn 397
================================================================
warning: entity 29 was directed to use 1 halite to move north, but only 0 halite was available
At command 6 of 7:
    4   m 20 w
    5   m 23 w
>>> 6   m 29 n
    7   m 32 w


Turn 398
================================================================
warning: owned entities 17, 20 collided on cell (19, 19) as the result of moves on this turn
At command 2 of 6:
    1   m 12 e
>>> 2   m 17 s
    3   m 18 s
    4   m 23 w


Turn 399
================================================================
warning: entity 23 was directed to use 3 halite to move north, but only 0 halite was available
At command 3 of 5:
    1   m 12 s
    2   m 18 s
>>> 3   m 23 n
    4   m 29 w
    5   m 32 n


Turn 400
================================================================
warning: entity 12 was directed to use 3 halite to move east, but only 0 halite was available
At command 1 of 4:
>>> 1   m 12 e
    2   m 18 s
    3   m 23 n

warning: owned entities 32, 29 collided on cell (19, 19) as the result of moves on this turn
At command 4 of 4:
    2   m 18 s
    3   m 23 n
>>> 4   m 32 n

