
Turn 3
================================================================
warning: entity 1 was directed to use 2 halite to move east, but only 0 halite was available
At command 1 of 1:
>>> 1   m 1 e


Turn 5
================================================================
warning: entity 1 was directed to use 9 halite to move east, but only 5 halite was available
At command 1 of 1:
>>> 1   m 1 e


Turn 7
================================================================
warning: entity 1 was directed to use 36 halite to move east, but only 23 halite was available
At command 2 of 2:
    1   g
>>> 2   m 1 e


Turn 9
================================================================
warning: entity 3 was directed to use 6 halite to move west, but only 0 halite was available
At command 2 of 2:
    1   m 1 o
>>> 2   m 3 w


Turn 11
================================================================
warning: entity 3 was directed to use 21 halite to move west, but only 12 halite was available
At command 2 of 2:
    1   m 1 o
>>> 2   m 3 w


Turn 29
================================================================
warning: entity 1 was directed to use 1 halite to move east, but only 0 halite was available
At command 1 of 2:
>>> 1   m 1 e
    2   m 3 e


Turn 31
================================================================
warning: entity 1 was directed to use 7 halite to move east, but only 4 halite was available
At command 1 of 1:
>>> 1   m 1 e


Turn 33
================================================================
warning: entity 1 was directed to use 27 halite to move east, but only 18 halite was available
At command 1 of 2:
>>> 1   m 1 e
    2   m 3 e

warning: entity 3 was directed to use 1 halite to move east, but only 0 halite was available
At command 2 of 2:
    1   m 1 e
>>> 2   m 3 e


Turn 35
================================================================
warning: entity 3 was directed to use 5 halite to move east, but only 4 halite was available
At command 2 of 2:
    1   m 1 e
>>> 2   m 3 e


Turn 49
================================================================
warning: owned entities 1, 3 collided on cell (10, 16) as the result of moves on this turn
At command 1 of 2:
>>> 1   m 1 w
    2   m 3 s

Other commands that placed an entity on this cell:
    1   m 1 w
>>> 2   m 3 s


Turn 50
================================================================
error: unknown entity 3 was requested to move west
At command 2 of 2:
    1   g
>>> 2   m 3 w

