
Turn 10
================================================================
warning: entity 2 was directed to use 4 halite to move west, but only 0 halite was available
At command 2 of 3:
    1   m 0 o
>>> 2   m 2 w
    3   m 4 w


Turn 13
================================================================
warning: entity 2 was directed to use 3 halite to move west, but only 0 halite was available
At command 2 of 3:
    1   m 0 o
>>> 2   m 2 w
    3   m 4 o


Turn 17
================================================================
warning: entity 6 was directed to use 4 halite to move east, but only 0 halite was available
At command 4 of 4:
    2   m 2 e
    3   m 4 o
>>> 4   m 6 e


Turn 53
================================================================
warning: entity 0 was directed to use 1 halite to move east, but only 0 halite was available
At command 1 of 4:
>>> 1   m 0 e
    2   m 4 s
    3   m 6 n


Turn 55
================================================================
warning: entity 0 was directed to use 4 halite to move east, but only 3 halite was available
At command 1 of 5:
>>> 1   m 0 e
    2   m 2 o
    3   m 4 e


Turn 59
================================================================
warning: entity 7 was directed to use 3 halite to move east, but only 0 halite was available
At command 5 of 5:
    3   m 4 e
    4   m 6 n
>>> 5   m 7 e


Turn 62
================================================================
warning: entity 6 was directed to use 4 halite to move south, but only 0 halite was available
At command 4 of 6:
    2   m 2 n
    3   m 4 s
>>> 4   m 6 s
    5   m 7 o
    6   g


Turn 64
================================================================
warning: entity 4 was directed to use 2 halite to move south, but only 0 halite was available
At command 3 of 7:
    1   m 0 o
    2   m 2 n
>>> 3   m 4 s
    4   m 6 o
    5   m 7 o


Turn 65
================================================================
warning: entity 9 was directed to use 4 halite to move south, but only 0 halite was available
At command 6 of 7:
    4   m 6 o
    5   m 7 o
>>> 6   m 9 s
    7   m 11 w


Turn 66
================================================================
warning: entity 11 was directed to use 3 halite to move north, but only 0 halite was available
At command 7 of 7:
    5   m 7 o
    6   m 9 s
>>> 7   m 11 n


Turn 67
================================================================
warning: entity 4 was directed to use 4 halite to move east, but only 1 halite was available
At command 3 of 7:
    1   m 0 o
    2   m 2 o
>>> 3   m 4 e
    4   m 6 o
    5   m 7 o


Turn 71
================================================================
warning: entity 4 was directed to use 4 halite to move east, but only 2 halite was available
At command 3 of 7:
    1   m 0 o
    2   m 2 w
>>> 3   m 4 e
    4   m 6 o
    5   m 7 o


Turn 72
================================================================
warning: entity 2 was directed to use 2 halite to move west, but only 0 halite was available
At command 2 of 8:
    1   m 0 o
>>> 2   m 2 w
    3   m 4 e
    4   m 6 o


Turn 75
================================================================
warning: entity 13 was directed to use 3 halite to move west, but only 0 halite was available
At command 8 of 8:
    6   m 9 o
    7   m 11 s
>>> 8   m 13 w


Turn 79
================================================================
warning: entity 13 was directed to use 3 halite to move west, but only 1 halite was available
At command 8 of 8:
    6   m 9 o
    7   m 11 w
>>> 8   m 13 w


Turn 97
================================================================
warning: entity 0 was directed to use 1 halite to move west, but only 0 halite was available
At command 1 of 7:
>>> 1   m 0 w
    2   m 2 n
    3   m 4 o


Turn 99
================================================================
warning: entity 0 was directed to use 4 halite to move west, but only 3 halite was available
At command 1 of 8:
>>> 1   m 0 w
    2   m 2 n
    3   m 4 o


Turn 103
================================================================
warning: entity 7 was directed to use 2 halite to move south, but only 0 halite was available
At command 5 of 9:
    3   m 4 o
    4   m 6 n
>>> 5   m 7 s
    6   m 9 o
    7   m 11 o


Turn 104
================================================================
warning: entity 16 was directed to use 1 halite to move west, but only 0 halite was available
At command 8 of 8:
    6   m 9 n
    7   m 13 e
>>> 8   m 16 w


Turn 106
================================================================
warning: entity 7 was directed to use 3 halite to move south, but only 1 halite was available
At command 5 of 9:
    3   m 4 o
    4   m 6 s
>>> 5   m 7 s
    6   m 9 o
    7   m 11 o


Turn 107
================================================================
warning: entity 6 was directed to use 3 halite to move north, but only 0 halite was available
At command 4 of 9:
    2   m 2 n
    3   m 4 o
>>> 4   m 6 n
    5   m 7 s
    6   m 9 o

warning: entity 16 was directed to use 4 halite to move west, but only 0 halite was available
At command 9 of 9:
    7   m 11 o
    8   m 13 n
>>> 9   m 16 w


Turn 110
================================================================
warning: entity 18 was directed to use 2 halite to move north, but only 0 halite was available
At command 10 of 10:
    8   m 13 s
    9   m 16 e
>>> 10   m 18 n


Turn 111
================================================================
warning: entity 16 was directed to use 2 halite to move west, but only 0 halite was available
At command 8 of 9:
    6   m 11 o
    7   m 13 w
>>> 8   m 16 w
    9   m 18 n


Turn 115
================================================================
warning: entity 13 was directed to use 3 halite to move west, but only 0 halite was available
At command 8 of 11:
    6   m 9 e
    7   m 11 e
>>> 8   m 13 w
    9   m 16 o
    10   m 18 o


Turn 119
================================================================
warning: entity 19 was directed to use 3 halite to move west, but only 1 halite was available
At command 11 of 11:
    9   m 16 e
    10   m 18 o
>>> 11   m 19 w


Turn 120
================================================================
warning: entity 9 was directed to use 1 halite to move east, but only 0 halite was available
At command 5 of 10:
    3   m 4 w
    4   m 7 o
>>> 5   m 9 e
    6   m 11 n
    7   m 13 o


Turn 123
================================================================
warning: entity 9 was directed to use 4 halite to move east, but only 0 halite was available
At command 6 of 12:
    4   m 6 e
    5   m 7 w
>>> 6   m 9 e
    7   m 11 e
    8   m 13 s

warning: entity 11 was directed to use 1 halite to move east, but only 0 halite was available
At command 7 of 12:
    5   m 7 w
    6   m 9 e
>>> 7   m 11 e
    8   m 13 s
    9   m 16 o


Turn 125
================================================================
warning: entity 19 was directed to use 2 halite to move north, but only 1 halite was available
At command 11 of 13:
    9   m 16 o
    10   m 18 o
>>> 11   m 19 n
    12   m 20 w
    13   g


Turn 126
================================================================
warning: entity 11 was directed to use 3 halite to move north, but only 0 halite was available
At command 7 of 13:
    5   m 7 o
    6   m 9 o
>>> 7   m 11 n
    8   m 13 o
    9   m 16 e

warning: entity 20 was directed to use 2 halite to move west, but only 0 halite was available
At command 12 of 13:
    10   m 18 o
    11   m 19 n
>>> 12   m 20 w
    13   m 21 e


Turn 128
================================================================
warning: entity 21 was directed to use 1 halite to move south, but only 0 halite was available
At command 13 of 13:
    11   m 19 o
    12   m 20 w
>>> 13   m 21 s


Turn 129
================================================================
warning: entity 20 was directed to use 4 halite to move west, but only 3 halite was available
At command 11 of 12:
    9   m 18 o
    10   m 19 o
>>> 11   m 20 w
    12   m 21 s


Turn 130
================================================================
warning: entity 11 was directed to use 4 halite to move east, but only 0 halite was available
At command 7 of 13:
    5   m 7 n
    6   m 9 o
>>> 7   m 11 e
    8   m 13 o
    9   m 16 o

warning: entity 21 was directed to use 4 halite to move south, but only 3 halite was available
At command 13 of 13:
    11   m 19 o
    12   m 20 w
>>> 13   m 21 s


Turn 132
================================================================
warning: entity 2 was directed to use 4 halite to move north, but only 0 halite was available
At command 2 of 12:
    1   m 0 e
>>> 2   m 2 n
    3   m 6 n
    4   m 7 w


Turn 135
================================================================
warning: entity 4 was directed to use 3 halite to move south, but only 0 halite was available
At command 3 of 12:
    1   m 0 o
    2   m 2 o
>>> 3   m 4 s
    4   m 7 n
    5   m 9 o


Turn 138
================================================================
warning: entity 4 was directed to use 4 halite to move south, but only 2 halite was available
At command 3 of 13:
    1   m 0 o
    2   m 2 o
>>> 3   m 4 s
    4   m 6 e
    5   m 7 n


Turn 139
================================================================
warning: entity 6 was directed to use 1 halite to move east, but only 0 halite was available
At command 4 of 12:
    2   m 2 o
    3   m 4 s
>>> 4   m 6 e
    5   m 9 o
    6   m 11 s


Turn 142
================================================================
warning: entity 6 was directed to use 3 halite to move south, but only 1 halite was available
At command 4 of 12:
    2   m 2 o
    3   m 4 o
>>> 4   m 6 s
    5   m 7 w
    6   m 9 o

warning: entity 7 was directed to use 1 halite to move west, but only 0 halite was available
At command 5 of 12:
    3   m 4 o
    4   m 6 s
>>> 5   m 7 w
    6   m 9 o
    7   m 11 o


Turn 145
================================================================
warning: entity 7 was directed to use 3 halite to move north, but only 1 halite was available
At command 5 of 13:
    3   m 4 o
    4   m 6 s
>>> 5   m 7 n
    6   m 9 w
    7   m 11 o


Turn 146
================================================================
warning: entity 6 was directed to use 3 halite to move south, but only 1 halite was available
At command 4 of 13:
    2   m 2 o
    3   m 4 o
>>> 4   m 6 s
    5   m 7 n
    6   m 9 w


Turn 147
================================================================
warning: entity 13 was directed to use 3 halite to move north, but only 0 halite was available
At command 7 of 11:
    5   m 9 w
    6   m 11 n
>>> 7   m 13 n
    8   m 16 s
    9   m 18 e


Turn 149
================================================================
warning: entity 7 was directed to use 4 halite to move north, but only 2 halite was available
At command 5 of 13:
    3   m 4 w
    4   m 6 o
>>> 5   m 7 n
    6   m 9 w
    7   m 11 w


Turn 150
================================================================
warning: entity 0 was directed to use 1 halite to move west, but only 0 halite was available
At command 1 of 12:
>>> 1   m 0 w
    2   m 2 o
    3   m 4 o


Turn 153
================================================================
warning: entity 0 was directed to use 2 halite to move west, but only 0 halite was available
At command 1 of 12:
>>> 1   m 0 w
    2   m 2 o
    3   m 4 o

warning: entity 9 was directed to use 1 halite to move west, but only 0 halite was available
At command 6 of 12:
    4   m 6 o
    5   m 7 o
>>> 6   m 9 w
    7   m 13 o
    8   m 16 n


Turn 156
================================================================
warning: entity 9 was directed to use 1 halite to move west, but only 0 halite was available
At command 6 of 12:
    4   m 6 o
    5   m 7 o
>>> 6   m 9 w
    7   m 11 n
    8   m 13 e

warning: entity 11 was directed to use 3 halite to move north, but only 0 halite was available
At command 7 of 12:
    5   m 7 o
    6   m 9 w
>>> 7   m 11 n
    8   m 13 e
    9   m 18 n


Turn 157
================================================================
warning: entity 0 was directed to use 4 halite to move north, but only 0 halite was available
At command 1 of 13:
>>> 1   m 0 n
    2   m 2 o
    3   m 4 o


Turn 158
================================================================
warning: entity 9 was directed to use 4 halite to move west, but only 3 halite was available
At command 6 of 13:
    4   m 6 o
    5   m 7 o
>>> 6   m 9 w
    7   m 11 o
    8   m 13 o


Turn 160
================================================================
warning: entity 16 was directed to use 3 halite to move west, but only 0 halite was available
At command 9 of 13:
    7   m 11 n
    8   m 13 o
>>> 9   m 16 w
    10   m 18 e
    11   m 19 o


Turn 163
================================================================
warning: entity 18 was directed to use 3 halite to move south, but only 0 halite was available
At command 10 of 13:
    8   m 13 o
    9   m 16 n
>>> 10   m 18 s
    11   m 19 w
    12   m 20 o


Turn 165
================================================================
warning: entity 16 was directed to use 3 halite to move north, but only 1 halite was available
At command 8 of 11:
    6   m 11 o
    7   m 13 o
>>> 8   m 16 n
    9   m 18 s
    10   m 19 w


Turn 166
================================================================
warning: entity 19 was directed to use 2 halite to move west, but only 0 halite was available
At command 10 of 12:
    8   m 16 n
    9   m 18 s
>>> 10   m 19 w
    11   m 20 e
    12   m 21 w


Turn 168
================================================================
warning: entity 18 was directed to use 4 halite to move south, but only 0 halite was available
At command 10 of 14:
    8   m 13 o
    9   m 16 o
>>> 10   m 18 s
    11   m 19 w
    12   m 20 o


Turn 169
================================================================
warning: entity 21 was directed to use 1 halite to move west, but only 0 halite was available
At command 13 of 15:
    11   m 19 s
    12   m 20 o
>>> 13   m 21 w
    14   m 26 w
    15   g


Turn 170
================================================================
warning: entity 19 was directed to use 4 halite to move south, but only 1 halite was available
At command 11 of 15:
    9   m 16 o
    10   m 18 o
>>> 11   m 19 s
    12   m 20 o
    13   m 21 w


Turn 173
================================================================
warning: entity 21 was directed to use 4 halite to move north, but only 0 halite was available
At command 12 of 16:
    10   m 19 s
    11   m 20 o
>>> 12   m 21 n
    13   m 26 n
    14   m 27 s

warning: entity 27 was directed to use 2 halite to move south, but only 0 halite was available
At command 14 of 16:
    12   m 21 n
    13   m 26 n
>>> 14   m 27 s
    15   m 28 e
    16   g


Turn 174
================================================================
warning: entity 26 was directed to use 4 halite to move north, but only 0 halite was available
At command 14 of 17:
    12   m 20 o
    13   m 21 n
>>> 14   m 26 n
    15   m 27 s
    16   m 28 o


Turn 176
================================================================
warning: entity 27 was directed to use 2 halite to move south, but only 1 halite was available
At command 15 of 18:
    13   m 21 n
    14   m 26 n
>>> 15   m 27 s
    16   m 28 s
    17   m 29 w


Turn 179
================================================================
warning: entity 27 was directed to use 4 halite to move south, but only 3 halite was available
At command 14 of 17:
    12   m 21 o
    13   m 26 n
>>> 14   m 27 s
    15   m 28 s
    16   m 29 n

warning: entity 29 was directed to use 1 halite to move north, but only 0 halite was available
At command 16 of 17:
    14   m 27 s
    15   m 28 s
>>> 16   m 29 n
    17   m 30 n

warning: entity 30 was directed to use 2 halite to move north, but only 0 halite was available
At command 17 of 17:
    15   m 28 s
    16   m 29 n
>>> 17   m 30 n


Turn 182
================================================================
warning: entity 30 was directed to use 4 halite to move north, but only 2 halite was available
At command 17 of 17:
    15   m 28 s
    16   m 29 o
>>> 17   m 30 n


Turn 183
================================================================
warning: entity 2 was directed to use 1 halite to move west, but only 0 halite was available
At command 2 of 18:
    1   m 0 o
>>> 2   m 2 w
    3   m 4 o
    4   m 6 n


Turn 185
================================================================
warning: entity 6 was directed to use 2 halite to move north, but only 0 halite was available
At command 4 of 16:
    2   m 2 w
    3   m 4 n
>>> 4   m 6 n
    5   m 7 s
    6   m 9 o


Turn 186
================================================================
warning: entity 2 was directed to use 3 halite to move west, but only 2 halite was available
At command 2 of 18:
    1   m 0 o
>>> 2   m 2 w
    3   m 4 n
    4   m 6 n


Turn 190
================================================================
warning: entity 13 was directed to use 1 halite to move west, but only 0 halite was available
At command 8 of 18:
    6   m 9 o
    7   m 11 s
>>> 8   m 13 w
    9   m 16 w
    10   m 18 n


Turn 192
================================================================
warning: entity 6 was directed to use 5 halite to move north, but only 0 halite was available
At command 4 of 17:
    2   m 2 o
    3   m 4 o
>>> 4   m 6 n
    5   m 7 s
    6   m 9 o

warning: entity 28 was directed to use 3 halite to move west, but only 1 halite was available
At command 15 of 17:
    13   m 26 o
    14   m 27 o
>>> 15   m 28 w
    16   m 29 n
    17   m 30 o


Turn 193
================================================================
warning: entity 7 was directed to use 2 halite to move south, but only 0 halite was available
At command 5 of 17:
    3   m 4 o
    4   m 6 n
>>> 5   m 7 s
    6   m 11 e
    7   m 13 o


Turn 196
================================================================
warning: entity 16 was directed to use 2 halite to move north, but only 0 halite was available
At command 8 of 17:
    6   m 11 e
    7   m 13 o
>>> 8   m 16 n
    9   m 18 n
    10   m 19 e


Turn 197
================================================================
warning: entity 7 was directed to use 4 halite to move south, but only 0 halite was available
At command 4 of 17:
    2   m 2 o
    3   m 6 o
>>> 4   m 7 s
    5   m 9 e
    6   m 11 w


Turn 200
================================================================
warning: entity 16 was directed to use 3 halite to move north, but only 2 halite was available
At command 8 of 17:
    6   m 11 s
    7   m 13 n
>>> 8   m 16 n
    9   m 18 w
    10   m 19 n


Turn 201
================================================================
warning: entity 20 was directed to use 2 halite to move south, but only 0 halite was available
At command 10 of 16:
    8   m 16 n
    9   m 18 w
>>> 10   m 20 s
    11   m 21 o
    12   m 26 s


Turn 204
================================================================
warning: entity 16 was directed to use 4 halite to move west, but only 2 halite was available
At command 7 of 16:
    5   m 11 e
    6   m 13 o
>>> 7   m 16 w
    8   m 18 s
    9   m 19 o

warning: entity 18 was directed to use 1 halite to move south, but only 0 halite was available
At command 8 of 16:
    6   m 13 o
    7   m 16 w
>>> 8   m 18 s
    9   m 19 o
    10   m 20 s

warning: entity 20 was directed to use 4 halite to move south, but only 2 halite was available
At command 10 of 16:
    8   m 18 s
    9   m 19 o
>>> 10   m 20 s
    11   m 21 e
    12   m 26 s


Turn 207
================================================================
warning: entity 18 was directed to use 3 halite to move south, but only 1 halite was available
At command 8 of 16:
    6   m 13 e
    7   m 16 e
>>> 8   m 18 s
    9   m 19 n
    10   m 20 s


Turn 208
================================================================
warning: entity 7 was directed to use 4 halite to move south, but only 3 halite was available
At command 4 of 16:
    2   m 2 n
    3   m 6 o
>>> 4   m 7 s
    5   m 9 w
    6   m 11 n


Turn 209
================================================================
warning: entity 16 was directed to use 2 halite to move north, but only 0 halite was available
At command 8 of 18:
    6   m 11 o
    7   m 13 s
>>> 8   m 16 n
    9   m 18 s
    10   m 19 n


Turn 210
================================================================
warning: entity 9 was directed to use 1 halite to move west, but only 0 halite was available
At command 5 of 17:
    3   m 6 o
    4   m 7 o
>>> 5   m 9 w
    6   m 11 w
    7   m 16 n


Turn 211
================================================================
warning: entity 11 was directed to use 2 halite to move north, but only 1 halite was available
At command 6 of 18:
    4   m 7 o
    5   m 9 w
>>> 6   m 11 n
    7   m 13 w
    8   m 16 o

warning: entity 19 was directed to use 3 halite to move north, but only 0 halite was available
At command 10 of 18:
    8   m 16 o
    9   m 18 s
>>> 10   m 19 n
    11   m 20 o
    12   m 21 o


Turn 212
================================================================
warning: entity 13 was directed to use 4 halite to move west, but only 0 halite was available
At command 7 of 19:
    5   m 9 w
    6   m 11 n
>>> 7   m 13 w
    8   m 16 o
    9   m 18 n


Turn 213
================================================================
warning: entity 9 was directed to use 4 halite to move west, but only 2 halite was available
At command 5 of 19:
    3   m 6 s
    4   m 7 o
>>> 5   m 9 w
    6   m 11 o
    7   m 13 w

warning: entity 18 was directed to use 4 halite to move south, but only 1 halite was available
At command 9 of 19:
    7   m 13 w
    8   m 16 o
>>> 9   m 18 s
    10   m 19 e
    11   m 20 o

warning: entity 34 was directed to use 1 halite to move east, but only 0 halite was available
At command 17 of 19:
    15   m 29 s
    16   m 30 e
>>> 17   m 34 e
    18   m 35 w
    19   g


Turn 215
================================================================
warning: entity 21 was directed to use 3 halite to move north, but only 0 halite was available
At command 12 of 19:
    10   m 19 e
    11   m 20 o
>>> 12   m 21 n
    13   m 26 s
    14   m 27 n


Turn 216
================================================================
warning: entity 19 was directed to use 2 halite to move east, but only 1 halite was available
At command 10 of 20:
    8   m 16 s
    9   m 18 w
>>> 10   m 19 e
    11   m 20 o
    12   m 21 n


Turn 218
================================================================
warning: entity 11 was directed to use 3 halite to move north, but only 0 halite was available
At command 6 of 20:
    4   m 7 o
    5   m 9 o
>>> 6   m 11 n
    7   m 13 o
    8   m 16 s

warning: entity 35 was directed to use 2 halite to move west, but only 0 halite was available
At command 19 of 20:
    17   m 30 s
    18   m 34 o
>>> 19   m 35 w
    20   m 36 w


Turn 220
================================================================
warning: entity 0 was directed to use 1 halite to move north, but only 0 halite was available
At command 1 of 18:
>>> 1   m 0 n
    2   m 2 o
    3   m 6 s

warning: entity 18 was directed to use 3 halite to move west, but only 0 halite was available
At command 9 of 18:
    7   m 13 o
    8   m 16 s
>>> 9   m 18 w
    10   m 19 o
    11   m 21 o


Turn 221
================================================================
warning: entity 35 was directed to use 4 halite to move north, but only 3 halite was available
At command 18 of 19:
    16   m 30 n
    17   m 34 o
>>> 18   m 35 n
    19   m 36 n


Turn 222
================================================================
warning: entity 11 was directed to use 5 halite to move east, but only 1 halite was available
At command 6 of 20:
    4   m 7 w
    5   m 9 o
>>> 6   m 11 e
    7   m 13 o
    8   m 16 w

warning: entity 36 was directed to use 3 halite to move east, but only 2 halite was available
At command 20 of 20:
    18   m 34 o
    19   m 35 n
>>> 20   m 36 e


Turn 223
================================================================
warning: entity 0 was directed to use 4 halite to move north, but only 2 halite was available
At command 1 of 18:
>>> 1   m 0 n
    2   m 2 o
    3   m 7 o


Turn 225
================================================================
warning: entity 29 was directed to use 2 halite to move north, but only 0 halite was available
At command 15 of 19:
    13   m 27 n
    14   m 28 o
>>> 15   m 29 n
    16   m 30 s
    17   m 34 s


Turn 227
================================================================
warning: entity 6 was directed to use 1 halite to move north, but only 0 halite was available
At command 3 of 20:
    1   m 0 n
    2   m 2 o
>>> 3   m 6 n
    4   m 7 w
    5   m 9 o

warning: entity 26 was directed to use 3 halite to move north, but only 2 halite was available
At command 13 of 20:
    11   m 20 o
    12   m 21 o
>>> 13   m 26 n
    14   m 27 w
    15   m 28 o


Turn 228
================================================================
warning: entity 36 was directed to use 2 halite to move west, but only 0 halite was available
At command 20 of 20:
    18   m 34 o
    19   m 35 o
>>> 20   m 36 w


Turn 229
================================================================
warning: entity 0 was directed to use 1 halite to move north, but only 0 halite was available
At command 1 of 19:
>>> 1   m 0 n
    2   m 2 o
    3   m 6 n


Turn 230
================================================================
warning: entity 6 was directed to use 2 halite to move north, but only 1 halite was available
At command 3 of 19:
    1   m 0 n
    2   m 2 s
>>> 3   m 6 n
    4   m 7 n
    5   m 9 n


Turn 231
================================================================
warning: entity 36 was directed to use 3 halite to move west, but only 0 halite was available
At command 20 of 20:
    18   m 34 o
    19   m 35 n
>>> 20   m 36 w


Turn 232
================================================================
warning: entity 26 was directed to use 1 halite to move west, but only 0 halite was available
At command 13 of 19:
    11   m 20 o
    12   m 21 o
>>> 13   m 26 w
    14   m 27 w
    15   m 28 n


Turn 233
================================================================
warning: entity 6 was directed to use 3 halite to move north, but only 2 halite was available
At command 3 of 20:
    1   m 0 o
    2   m 2 s
>>> 3   m 6 n
    4   m 7 n
    5   m 9 o

warning: entity 27 was directed to use 1 halite to move west, but only 0 halite was available
At command 14 of 20:
    12   m 21 o
    13   m 26 e
>>> 14   m 27 w
    15   m 28 n
    16   m 29 n

warning: entity 28 was directed to use 1 halite to move north, but only 0 halite was available
At command 15 of 20:
    13   m 26 e
    14   m 27 w
>>> 15   m 28 n
    16   m 29 n
    17   m 30 n


Turn 236
================================================================
warning: entity 27 was directed to use 4 halite to move west, but only 1 halite was available
At command 13 of 19:
    11   m 21 n
    12   m 26 o
>>> 13   m 27 w
    14   m 28 n
    15   m 29 n


Turn 237
================================================================
warning: entity 2 was directed to use 1 halite to move north, but only 0 halite was available
At command 2 of 19:
    1   m 0 o
>>> 2   m 2 n
    3   m 6 e
    4   m 9 n

warning: entity 28 was directed to use 4 halite to move north, but only 0 halite was available
At command 14 of 19:
    12   m 26 o
    13   m 27 w
>>> 14   m 28 n
    15   m 29 o
    16   m 30 e

warning: entity 30 was directed to use 3 halite to move east, but only 0 halite was available
At command 16 of 19:
    14   m 28 n
    15   m 29 o
>>> 16   m 30 e
    17   m 34 o
    18   m 35 o


Turn 238
================================================================
warning: entity 6 was directed to use 4 halite to move north, but only 2 halite was available
At command 3 of 20:
    1   m 0 o
    2   m 2 n
>>> 3   m 6 n
    4   m 7 w
    5   m 9 e


Turn 239
================================================================
warning: entity 16 was directed to use 1 halite to move north, but only 0 halite was available
At command 7 of 19:
    5   m 9 n
    6   m 11 e
>>> 7   m 16 n
    8   m 18 o
    9   m 19 o


Turn 242
================================================================
warning: entity 2 was directed to use 4 halite to move south, but only 3 halite was available
At command 2 of 16:
    1   m 0 o
>>> 2   m 2 s
    3   m 6 w
    4   m 7 w

warning: entity 30 was directed to use 1 halite to move east, but only 0 halite was available
At command 15 of 16:
    13   m 28 n
    14   m 29 o
>>> 15   m 30 e
    16   m 34 o


Turn 243
================================================================
warning: entity 6 was directed to use 3 halite to move east, but only 1 halite was available
At command 3 of 19:
    1   m 0 o
    2   m 2 s
>>> 3   m 6 e
    4   m 7 w
    5   m 9 s

warning: entity 28 was directed to use 2 halite to move west, but only 0 halite was available
At command 14 of 19:
    12   m 26 w
    13   m 27 n
>>> 14   m 28 w
    15   m 29 n
    16   m 30 e


Turn 244
================================================================
warning: entity 7 was directed to use 1 halite to move west, but only 0 halite was available
At command 4 of 19:
    2   m 2 n
    3   m 6 e
>>> 4   m 7 w
    5   m 9 s
    6   m 11 o


Turn 245
================================================================
warning: entity 30 was directed to use 4 halite to move east, but only 3 halite was available
At command 15 of 18:
    13   m 28 n
    14   m 29 o
>>> 15   m 30 e
    16   m 34 o
    17   m 35 o


Turn 247
================================================================
warning: entity 7 was directed to use 3 halite to move north, but only 1 halite was available
At command 4 of 19:
    2   m 2 e
    3   m 6 s
>>> 4   m 7 n
    5   m 9 s
    6   m 11 e


Turn 248
================================================================
warning: entity 2 was directed to use 4 halite to move west, but only 2 halite was available
At command 2 of 19:
    1   m 0 o
>>> 2   m 2 w
    3   m 6 n
    4   m 7 n


Turn 249
================================================================
warning: entity 6 was directed to use 4 halite to move east, but only 0 halite was available
At command 2 of 18:
    1   m 2 w
>>> 2   m 6 e
    3   m 7 n
    4   m 9 w

warning: entity 28 was directed to use 3 halite to move north, but only 0 halite was available
At command 13 of 18:
    11   m 26 o
    12   m 27 n
>>> 13   m 28 n
    14   m 29 n
    15   m 30 e


Turn 250
================================================================
warning: entity 20 was directed to use 2 halite to move north, but only 0 halite was available
At command 9 of 18:
    7   m 18 o
    8   m 19 o
>>> 9   m 20 n
    10   m 21 o
    11   m 26 o


Turn 251
================================================================
warning: entity 7 was directed to use 1 halite to move north, but only 0 halite was available
At command 4 of 19:
    2   m 2 w
    3   m 6 o
>>> 4   m 7 n
    5   m 9 w
    6   m 11 s

warning: entity 9 was directed to use 4 halite to move west, but only 3 halite was available
At command 5 of 19:
    3   m 6 o
    4   m 7 n
>>> 5   m 9 w
    6   m 11 s
    7   m 16 o


Turn 254
================================================================
warning: entity 7 was directed to use 4 halite to move north, but only 0 halite was available
At command 3 of 18:
    1   m 0 s
    2   m 2 o
>>> 3   m 7 n
    4   m 9 w
    5   m 11 o

warning: entity 20 was directed to use 1 halite to move north, but only 0 halite was available
At command 9 of 18:
    7   m 18 n
    8   m 19 s
>>> 9   m 20 n
    10   m 21 s
    11   m 26 s


Turn 256
================================================================
warning: entity 20 was directed to use 5 halite to move north, but only 3 halite was available
At command 10 of 19:
    8   m 18 n
    9   m 19 s
>>> 10   m 20 n
    11   m 21 n
    12   m 26 s


Turn 257
================================================================
warning: entity 35 was directed to use 3 halite to move west, but only 0 halite was available
At command 18 of 19:
    16   m 30 o
    17   m 34 o
>>> 18   m 35 w
    19   m 36 s


Turn 261
================================================================
warning: entity 35 was directed to use 4 halite to move west, but only 1 halite was available
At command 15 of 16:
    13   m 28 o
    14   m 34 o
>>> 15   m 35 w
    16   m 36 n


Turn 262
================================================================
warning: entity 36 was directed to use 1 halite to move north, but only 0 halite was available
At command 18 of 18:
    16   m 34 w
    17   m 35 w
>>> 18   m 36 n


Turn 266
================================================================
warning: entity 0 was directed to use 1 halite to move east, but only 0 halite was available
At command 1 of 19:
>>> 1   m 0 e
    2   m 2 o
    3   m 6 o

warning: entity 36 was directed to use 4 halite to move north, but only 3 halite was available
At command 19 of 19:
    17   m 34 n
    18   m 35 n
>>> 19   m 36 n


Turn 267
================================================================
warning: entity 18 was directed to use 1 halite to move north, but only 0 halite was available
At command 7 of 18:
    5   m 9 o
    6   m 16 o
>>> 7   m 18 n
    8   m 19 w
    9   m 20 o


Turn 268
================================================================
warning: entity 0 was directed to use 4 halite to move east, but only 3 halite was available
At command 1 of 18:
>>> 1   m 0 e
    2   m 2 o
    3   m 6 o


Turn 270
================================================================
warning: entity 7 was directed to use 2 halite to move west, but only 0 halite was available
At command 4 of 19:
    2   m 2 o
    3   m 6 s
>>> 4   m 7 w
    5   m 9 e
    6   m 11 n


Turn 271
================================================================
warning: entity 18 was directed to use 2 halite to move north, but only 0 halite was available
At command 8 of 17:
    6   m 11 n
    7   m 16 o
>>> 8   m 18 n
    9   m 20 o
    10   m 21 o


Turn 273
================================================================
warning: entity 11 was directed to use 1 halite to move north, but only 0 halite was available
At command 6 of 18:
    4   m 7 w
    5   m 9 w
>>> 6   m 11 n
    7   m 16 o
    8   m 18 n

warning: entity 36 was directed to use 4 halite to move north, but only 3 halite was available
At command 18 of 18:
    16   m 34 s
    17   m 35 n
>>> 18   m 36 n


Turn 274
================================================================
warning: entity 7 was directed to use 3 halite to move west, but only 0 halite was available
At command 4 of 17:
    2   m 2 o
    3   m 6 s
>>> 4   m 7 w
    5   m 9 w
    6   m 11 n


Turn 275
================================================================
warning: entity 0 was directed to use 4 halite to move east, but only 2 halite was available
At command 1 of 19:
>>> 1   m 0 e
    2   m 2 o
    3   m 6 s

warning: entity 29 was directed to use 1 halite to move west, but only 0 halite was available
At command 15 of 19:
    13   m 27 s
    14   m 28 s
>>> 15   m 29 w
    16   m 30 o
    17   m 34 o


Turn 276
================================================================
warning: entity 19 was directed to use 1 halite to move north, but only 0 halite was available
At command 9 of 19:
    7   m 16 o
    8   m 18 n
>>> 9   m 19 n
    10   m 20 o
    11   m 21 n


Turn 277
================================================================
warning: entity 11 was directed to use 1 halite to move north, but only 0 halite was available
At command 6 of 17:
    4   m 7 s
    5   m 9 e
>>> 6   m 11 n
    7   m 16 o
    8   m 18 o


Turn 278
================================================================
warning: entity 29 was directed to use 3 halite to move west, but only 1 halite was available
At command 15 of 19:
    13   m 27 w
    14   m 28 s
>>> 15   m 29 w
    16   m 30 o
    17   m 34 n


Turn 279
================================================================
warning: entity 7 was directed to use 1 halite to move south, but only 0 halite was available
At command 4 of 19:
    2   m 2 o
    3   m 6 s
>>> 4   m 7 s
    5   m 9 e
    6   m 11 n

warning: entity 27 was directed to use 1 halite to move west, but only 0 halite was available
At command 13 of 19:
    11   m 21 w
    12   m 26 n
>>> 13   m 27 w
    14   m 28 s
    15   m 29 w


Turn 280
================================================================
warning: entity 26 was directed to use 3 halite to move north, but only 0 halite was available
At command 12 of 19:
    10   m 20 o
    11   m 21 s
>>> 12   m 26 n
    13   m 27 w
    14   m 28 s


Turn 282
================================================================
warning: entity 27 was directed to use 2 halite to move west, but only 1 halite was available
At command 13 of 19:
    11   m 21 w
    12   m 26 n
>>> 13   m 27 w
    14   m 28 w
    15   m 29 w


Turn 283
================================================================
warning: entity 11 was directed to use 1 halite to move north, but only 0 halite was available
At command 6 of 19:
    4   m 7 o
    5   m 9 e
>>> 6   m 11 n
    7   m 16 s
    8   m 18 e

warning: entity 19 was directed to use 4 halite to move north, but only 0 halite was available
At command 9 of 19:
    7   m 16 s
    8   m 18 e
>>> 9   m 19 n
    10   m 20 o
    11   m 21 w

warning: entity 34 was directed to use 1 halite to move north, but only 0 halite was available
At command 17 of 19:
    15   m 29 n
    16   m 30 o
>>> 17   m 34 n
    18   m 35 s
    19   m 36 o


Turn 284
================================================================
warning: entity 29 was directed to use 4 halite to move north, but only 0 halite was available
At command 14 of 18:
    12   m 27 w
    13   m 28 w
>>> 14   m 29 n
    15   m 30 o
    16   m 34 n


Turn 286
================================================================
warning: entity 11 was directed to use 4 halite to move south, but only 2 halite was available
At command 5 of 18:
    3   m 6 o
    4   m 7 s
>>> 5   m 11 s
    6   m 16 s
    7   m 18 o

warning: entity 26 was directed to use 3 halite to move north, but only 1 halite was available
At command 11 of 18:
    9   m 20 o
    10   m 21 w
>>> 11   m 26 n
    12   m 27 w
    13   m 28 w

warning: entity 27 was directed to use 3 halite to move west, but only 1 halite was available
At command 12 of 18:
    10   m 21 w
    11   m 26 n
>>> 12   m 27 w
    13   m 28 w
    14   m 29 n


Turn 287
================================================================
warning: entity 21 was directed to use 3 halite to move west, but only 0 halite was available
At command 9 of 17:
    7   m 18 o
    8   m 19 o
>>> 9   m 21 w
    10   m 26 n
    11   m 27 w


Turn 288
================================================================
warning: entity 34 was directed to use 1 halite to move north, but only 0 halite was available
At command 16 of 18:
    14   m 29 n
    15   m 30 o
>>> 16   m 34 n
    17   m 35 o
    18   m 36 e


Turn 289
================================================================
warning: entity 6 was directed to use 4 halite to move north, but only 0 halite was available
At command 3 of 17:
    1   m 0 o
    2   m 2 s
>>> 3   m 6 n
    4   m 7 o
    5   m 11 o


Turn 292
================================================================
warning: entity 26 was directed to use 3 halite to move north, but only 1 halite was available
At command 11 of 18:
    9   m 20 s
    10   m 21 o
>>> 11   m 26 n
    12   m 27 e
    13   m 28 w

warning: entity 28 was directed to use 2 halite to move west, but only 0 halite was available
At command 13 of 18:
    11   m 26 n
    12   m 27 e
>>> 13   m 28 w
    14   m 29 o
    15   m 30 w


Turn 293
================================================================
warning: entity 6 was directed to use 3 halite to move north, but only 0 halite was available
At command 3 of 17:
    1   m 0 o
    2   m 2 o
>>> 3   m 6 n
    4   m 7 o
    5   m 11 o

warning: entity 27 was directed to use 1 halite to move west, but only 0 halite was available
At command 11 of 17:
    9   m 21 o
    10   m 26 n
>>> 11   m 27 w
    12   m 28 w
    13   m 29 o

warning: entity 34 was directed to use 1 halite to move north, but only 0 halite was available
At command 15 of 17:
    13   m 29 o
    14   m 30 w
>>> 15   m 34 n
    16   m 35 o
    17   m 36 o


Turn 295
================================================================
warning: entity 26 was directed to use 5 halite to move north, but only 3 halite was available
At command 11 of 17:
    9   m 20 o
    10   m 21 o
>>> 11   m 26 n
    12   m 27 s
    13   m 28 w


Turn 296
================================================================
warning: entity 6 was directed to use 4 halite to move south, but only 3 halite was available
At command 3 of 18:
    1   m 0 o
    2   m 2 w
>>> 3   m 6 s
    4   m 7 o
    5   m 11 o

warning: entity 16 was directed to use 2 halite to move west, but only 0 halite was available
At command 6 of 18:
    4   m 7 o
    5   m 11 o
>>> 6   m 16 w
    7   m 18 o
    8   m 19 n

warning: entity 28 was directed to use 3 halite to move west, but only 1 halite was available
At command 13 of 18:
    11   m 26 n
    12   m 27 n
>>> 13   m 28 w
    14   m 29 o
    15   m 30 n


Turn 300
================================================================
warning: entity 16 was directed to use 2 halite to move west, but only 1 halite was available
At command 5 of 16:
    3   m 6 s
    4   m 11 o
>>> 5   m 16 w
    6   m 18 o
    7   m 19 o


Turn 301
================================================================
warning: entity 2 was directed to use 3 halite to move north, but only 0 halite was available
At command 2 of 16:
    1   m 0 s
>>> 2   m 2 n
    3   m 6 n
    4   m 7 e

warning: entity 6 was directed to use 4 halite to move north, but only 0 halite was available
At command 3 of 16:
    1   m 0 s
    2   m 2 n
>>> 3   m 6 n
    4   m 7 e
    5   m 11 o

warning: entity 28 was directed to use 4 halite to move north, but only 0 halite was available
At command 12 of 16:
    10   m 21 o
    11   m 26 o
>>> 12   m 28 n
    13   m 29 o
    14   m 30 n

warning: entity 30 was directed to use 1 halite to move north, but only 0 halite was available
At command 14 of 16:
    12   m 28 n
    13   m 29 o
>>> 14   m 30 n
    15   m 35 o
    16   m 36 n


Turn 304
================================================================
warning: entity 16 was directed to use 4 halite to move north, but only 3 halite was available
At command 6 of 17:
    4   m 7 o
    5   m 11 o
>>> 6   m 16 n
    7   m 18 s
    8   m 19 o

warning: entity 30 was directed to use 1 halite to move north, but only 0 halite was available
At command 14 of 17:
    12   m 28 n
    13   m 29 o
>>> 14   m 30 n
    15   m 34 s
    16   m 35 o


Turn 305
================================================================
warning: entity 6 was directed to use 4 halite to move north, but only 0 halite was available
At command 3 of 17:
    1   m 0 o
    2   m 2 n
>>> 3   m 6 n
    4   m 7 o
    5   m 11 o


Turn 306
================================================================
warning: entity 2 was directed to use 4 halite to move north, but only 0 halite was available
At command 2 of 17:
    1   m 0 s
>>> 2   m 2 n
    3   m 6 n
    4   m 7 o


Turn 309
================================================================
warning: entity 6 was directed to use 4 halite to move south, but only 1 halite was available
At command 3 of 17:
    1   m 0 w
    2   m 2 o
>>> 3   m 6 s
    4   m 7 o
    5   m 11 e


Turn 313
================================================================
warning: entity 30 was directed to use 4 halite to move east, but only 3 halite was available
At command 13 of 16:
    11   m 28 o
    12   m 29 o
>>> 13   m 30 e
    14   m 34 s
    15   m 35 n


Turn 315
================================================================
warning: entity 20 was directed to use 3 halite to move north, but only 0 halite was available
At command 8 of 15:
    6   m 18 o
    7   m 19 o
>>> 8   m 20 n
    9   m 21 n
    10   m 26 s


Turn 324
================================================================
warning: entity 20 was directed to use 3 halite to move east, but only 0 halite was available
At command 9 of 16:
    7   m 18 s
    8   m 19 s
>>> 9   m 20 e
    10   m 21 o
    11   m 26 n


Turn 325
================================================================
warning: entity 0 was directed to use 2 halite to move north, but only 0 halite was available
At command 1 of 16:
>>> 1   m 0 n
    2   m 2 e
    3   m 6 w


Turn 326
================================================================
warning: entity 34 was directed to use 1 halite to move west, but only 0 halite was available
At command 13 of 15:
    11   m 29 e
    12   m 30 o
>>> 13   m 34 w
    14   m 35 s
    15   m 36 s


Turn 329
================================================================
warning: entity 34 was directed to use 2 halite to move west, but only 1 halite was available
At command 14 of 16:
    12   m 29 e
    13   m 30 o
>>> 14   m 34 w
    15   m 35 s
    16   m 36 s


Turn 335
================================================================
warning: entity 6 was directed to use 2 halite to move north, but only 0 halite was available
At command 3 of 15:
    1   m 0 o
    2   m 2 o
>>> 3   m 6 n
    4   m 7 n
    5   m 11 w

warning: entity 18 was directed to use 1 halite to move north, but only 0 halite was available
At command 7 of 15:
    5   m 11 w
    6   m 16 e
>>> 7   m 18 n
    8   m 19 n
    9   m 20 o

warning: entity 34 was directed to use 3 halite to move north, but only 0 halite was available
At command 13 of 15:
    11   m 26 o
    12   m 29 w
>>> 13   m 34 n
    14   m 35 s
    15   m 36 s


Turn 338
================================================================
warning: entity 19 was directed to use 1 halite to move north, but only 0 halite was available
At command 8 of 16:
    6   m 16 e
    7   m 18 n
>>> 8   m 19 n
    9   m 20 o
    10   m 21 e


Turn 339
================================================================
warning: entity 6 was directed to use 3 halite to move north, but only 1 halite was available
At command 3 of 15:
    1   m 0 o
    2   m 2 e
>>> 3   m 6 n
    4   m 7 n
    5   m 16 e

warning: entity 26 was directed to use 4 halite to move north, but only 3 halite was available
At command 10 of 15:
    8   m 20 o
    9   m 21 o
>>> 10   m 26 n
    11   m 29 w
    12   m 30 o


Turn 340
================================================================
warning: entity 34 was directed to use 2 halite to move north, but only 1 halite was available
At command 12 of 14:
    10   m 29 o
    11   m 30 s
>>> 12   m 34 n
    13   m 35 n
    14   m 36 s


Turn 341
================================================================
warning: entity 35 was directed to use 1 halite to move north, but only 0 halite was available
At command 15 of 16:
    13   m 30 o
    14   m 34 n
>>> 15   m 35 n
    16   m 36 w


Turn 342
================================================================
warning: entity 19 was directed to use 2 halite to move north, but only 0 halite was available
At command 8 of 16:
    6   m 16 n
    7   m 18 n
>>> 8   m 19 n
    9   m 20 o
    10   m 21 e


Turn 343
================================================================
warning: entity 7 was directed to use 1 halite to move west, but only 0 halite was available
At command 4 of 15:
    2   m 2 o
    3   m 6 n
>>> 4   m 7 w
    5   m 11 n
    6   m 16 e

warning: entity 26 was directed to use 4 halite to move north, but only 3 halite was available
At command 11 of 15:
    9   m 20 o
    10   m 21 o
>>> 11   m 26 n
    12   m 29 o
    13   m 30 o


Turn 344
================================================================
warning: entity 18 was directed to use 4 halite to move west, but only 1 halite was available
At command 7 of 16:
    5   m 11 n
    6   m 16 s
>>> 7   m 18 w
    8   m 19 n
    9   m 20 s

warning: entity 34 was directed to use 4 halite to move north, but only 2 halite was available
At command 14 of 16:
    12   m 29 e
    13   m 30 s
>>> 14   m 34 n
    15   m 35 n
    16   m 36 n


Turn 345
================================================================
warning: entity 19 was directed to use 3 halite to move north, but only 2 halite was available
At command 8 of 16:
    6   m 16 s
    7   m 18 n
>>> 8   m 19 n
    9   m 20 o
    10   m 21 o

warning: entity 35 was directed to use 1 halite to move west, but only 0 halite was available
At command 15 of 16:
    13   m 30 o
    14   m 34 n
>>> 15   m 35 w
    16   m 36 n


Turn 346
================================================================
warning: entity 11 was directed to use 1 halite to move north, but only 0 halite was available
At command 5 of 16:
    3   m 6 n
    4   m 7 w
>>> 5   m 11 n
    6   m 16 s
    7   m 18 o


Turn 347
================================================================
warning: entity 7 was directed to use 1 halite to move west, but only 0 halite was available
At command 4 of 16:
    2   m 2 e
    3   m 6 o
>>> 4   m 7 w
    5   m 11 n
    6   m 16 s


Turn 349
================================================================
warning: entity 35 was directed to use 4 halite to move north, but only 1 halite was available
At command 14 of 15:
    12   m 29 s
    13   m 30 o
>>> 14   m 35 n
    15   m 36 n


Turn 351
================================================================
warning: entity 7 was directed to use 3 halite to move west, but only 1 halite was available
At command 3 of 14:
    1   m 0 o
    2   m 6 o
>>> 3   m 7 w
    4   m 11 n
    5   m 16 s


Turn 353
================================================================
warning: entity 35 was directed to use 3 halite to move north, but only 2 halite was available
At command 14 of 15:
    12   m 29 s
    13   m 30 o
>>> 14   m 35 n
    15   m 36 n


Turn 355
================================================================
warning: entity 11 was directed to use 3 halite to move north, but only 1 halite was available
At command 5 of 15:
    3   m 6 o
    4   m 7 n
>>> 5   m 11 n
    6   m 16 s
    7   m 18 o


Turn 356
================================================================
warning: entity 36 was directed to use 2 halite to move north, but only 0 halite was available
At command 15 of 15:
    13   m 30 o
    14   m 35 n
>>> 15   m 36 n


Turn 357
================================================================
warning: entity 35 was directed to use 5 halite to move south, but only 4 halite was available
At command 13 of 14:
    11   m 29 w
    12   m 30 s
>>> 13   m 35 s
    14   m 36 n


Turn 358
================================================================
warning: entity 29 was directed to use 2 halite to move west, but only 0 halite was available
At command 11 of 14:
    9   m 21 s
    10   m 26 o
>>> 11   m 29 w
    12   m 30 o
    13   m 35 w


Turn 359
================================================================
warning: entity 7 was directed to use 5 halite to move north, but only 1 halite was available
At command 4 of 15:
    2   m 2 s
    3   m 6 e
>>> 4   m 7 n
    5   m 11 w
    6   m 16 n

warning: entity 11 was directed to use 3 halite to move west, but only 2 halite was available
At command 5 of 15:
    3   m 6 e
    4   m 7 n
>>> 5   m 11 w
    6   m 16 n
    7   m 18 o


Turn 363
================================================================
warning: entity 16 was directed to use 3 halite to move north, but only 0 halite was available
At command 6 of 15:
    4   m 7 n
    5   m 11 o
>>> 6   m 16 n
    7   m 18 o
    8   m 19 o


Turn 364
================================================================
warning: entity 7 was directed to use 5 halite to move north, but only 1 halite was available
At command 4 of 14:
    2   m 2 s
    3   m 6 e
>>> 4   m 7 n
    5   m 11 o
    6   m 16 n

warning: entity 29 was directed to use 2 halite to move west, but only 0 halite was available
At command 11 of 14:
    9   m 21 s
    10   m 26 o
>>> 11   m 29 w
    12   m 30 w
    13   m 35 o


Turn 369
================================================================
warning: entity 16 was directed to use 3 halite to move north, but only 2 halite was available
At command 6 of 14:
    4   m 7 o
    5   m 11 e
>>> 6   m 16 n
    7   m 18 s
    8   m 19 o

warning: entity 29 was directed to use 2 halite to move north, but only 0 halite was available
At command 11 of 14:
    9   m 20 n
    10   m 26 o
>>> 11   m 29 n
    12   m 30 w
    13   m 35 o


Turn 373
================================================================
warning: entity 16 was directed to use 4 halite to move east, but only 2 halite was available
At command 6 of 15:
    4   m 7 o
    5   m 11 o
>>> 6   m 16 e
    7   m 18 s
    8   m 19 o

warning: entity 21 was directed to use 1 halite to move west, but only 0 halite was available
At command 10 of 15:
    8   m 19 o
    9   m 20 n
>>> 10   m 21 w
    11   m 26 o
    12   m 29 n

warning: entity 29 was directed to use 1 halite to move north, but only 0 halite was available
At command 12 of 15:
    10   m 21 w
    11   m 26 o
>>> 12   m 29 n
    13   m 30 w
    14   m 35 o


Turn 375
================================================================
warning: entity 30 was directed to use 3 halite to move west, but only 0 halite was available
At command 13 of 15:
    11   m 26 s
    12   m 29 n
>>> 13   m 30 w
    14   m 35 o
    15   m 36 s


Turn 377
================================================================
warning: entity 20 was directed to use 1 halite to move east, but only 0 halite was available
At command 9 of 15:
    7   m 18 s
    8   m 19 o
>>> 9   m 20 e
    10   m 21 w
    11   m 26 s

warning: entity 21 was directed to use 2 halite to move west, but only 1 halite was available
At command 10 of 15:
    8   m 19 o
    9   m 20 e
>>> 10   m 21 w
    11   m 26 s
    12   m 29 o


Turn 378
================================================================
warning: entity 16 was directed to use 4 halite to move south, but only 0 halite was available
At command 6 of 14:
    4   m 7 n
    5   m 11 o
>>> 6   m 16 s
    7   m 18 w
    8   m 19 o

warning: entity 30 was directed to use 4 halite to move west, but only 3 halite was available
At command 12 of 14:
    10   m 21 w
    11   m 26 s
>>> 12   m 30 w
    13   m 35 e
    14   m 36 s


Turn 380
================================================================
warning: entity 20 was directed to use 2 halite to move east, but only 0 halite was available
At command 9 of 15:
    7   m 18 w
    8   m 19 e
>>> 9   m 20 e
    10   m 21 w
    11   m 26 s


Turn 383
================================================================
warning: entity 16 was directed to use 1 halite to move east, but only 0 halite was available
At command 5 of 14:
    3   m 6 o
    4   m 11 o
>>> 5   m 16 e
    6   m 18 w
    7   m 19 o


Turn 384
================================================================
warning: entity 2 was directed to use 4 halite to move east, but only 3 halite was available
At command 2 of 15:
    1   m 0 w
>>> 2   m 2 e
    3   m 6 o
    4   m 7 e


Turn 385
================================================================
warning: entity 21 was directed to use 3 halite to move west, but only 1 halite was available
At command 9 of 14:
    7   m 19 o
    8   m 20 o
>>> 9   m 21 w
    10   m 26 o
    11   m 29 o


Turn 388
================================================================
warning: entity 21 was directed to use 8 halite to move east, but only 7 halite was available
At command 10 of 14:
    8   m 19 e
    9   m 20 o
>>> 10   m 21 e
    11   m 26 s
    12   m 29 e


Turn 389
================================================================
warning: entity 16 was directed to use 4 halite to move west, but only 0 halite was available
At command 6 of 15:
    4   m 7 e
    5   m 11 o
>>> 6   m 16 w
    7   m 18 w
    8   m 19 o

warning: entity 18 was directed to use 1 halite to move west, but only 0 halite was available
At command 7 of 15:
    5   m 11 o
    6   m 16 w
>>> 7   m 18 w
    8   m 19 o
    9   m 20 o


Turn 390
================================================================
warning: entity 0 was directed to use 2 halite to move west, but only 0 halite was available
At command 1 of 15:
>>> 1   m 0 w
    2   m 2 o
    3   m 6 o


Turn 392
================================================================
warning: entity 18 was directed to use 3 halite to move north, but only 2 halite was available
At command 7 of 15:
    5   m 11 s
    6   m 16 o
>>> 7   m 18 n
    8   m 19 o
    9   m 20 o


Turn 393
================================================================
warning: entity 0 was directed to use 3 halite to move west, but only 2 halite was available
At command 1 of 14:
>>> 1   m 0 w
    2   m 2 o
    3   m 6 s


Turn 397
================================================================
warning: entity 36 was directed to use 4 halite to move west, but only 1 halite was available
At command 15 of 15:
    13   m 30 n
    14   m 35 e
>>> 15   m 36 w


Turn 399
================================================================
warning: entity 0 was directed to use 3 halite to move west, but only 0 halite was available
At command 1 of 14:
>>> 1   m 0 w
    2   m 2 o
    3   m 6 s


Turn 404
================================================================
warning: entity 0 was directed to use 4 halite to move east, but only 1 halite was available
At command 1 of 13:
>>> 1   m 0 e
    2   m 2 s
    3   m 6 s


Turn 406
================================================================
warning: entity 26 was directed to use 3 halite to move south, but only 0 halite was available
At command 11 of 14:
    9   m 20 s
    10   m 21 w
>>> 11   m 26 s
    12   m 29 s
    13   m 35 s

warning: entity 36 was directed to use 8 halite to move east, but only 1 halite was available
At command 14 of 14:
    12   m 29 s
    13   m 35 s
>>> 14   m 36 e


Turn 409
================================================================
warning: entity 21 was directed to use 1 halite to move east, but only 0 halite was available
At command 10 of 14:
    8   m 19 o
    9   m 20 s
>>> 10   m 21 e
    11   m 26 n
    12   m 29 e

warning: entity 29 was directed to use 1 halite to move east, but only 0 halite was available
At command 12 of 14:
    10   m 21 e
    11   m 26 n
>>> 12   m 29 e
    13   m 35 s
    14   m 36 o


Turn 410
================================================================
warning: owned entities 0, 7 collided on cell (22, 18) as the result of moves on this turn
At command 1 of 13:
>>> 1   m 0 n
    2   m 2 s
    3   m 6 w


Turn 413
================================================================
warning: owned entities 21, 18 collided on cell (22, 18) as the result of moves on this turn
At command 8 of 12:
    6   m 19 s
    7   m 20 s
>>> 8   m 21 e
    9   m 26 s
    10   m 29 s


Turn 415
================================================================
warning: entity 29 was directed to use 3 halite to move south, but only 1 halite was available
At command 8 of 10:
    6   m 20 s
    7   m 26 s
>>> 8   m 29 s
    9   m 35 s
    10   m 36 s


Turn 418
================================================================
warning: owned entities 26, 36 collided on cell (22, 18) as the result of moves on this turn
At command 7 of 9:
    5   m 19 o
    6   m 20 s
>>> 7   m 26 e
    8   m 29 o
    9   m 35 s


Turn 423
================================================================
warning: entity 6 was directed to use 3 halite to move south, but only 0 halite was available
At command 2 of 7:
    1   m 2 n
>>> 2   m 6 s
    3   m 11 w
    4   m 16 w


Turn 424
================================================================
warning: owned entities 19, 29 collided on cell (28, 20) as the result of moves on this turn
At command 5 of 8:
    3   m 11 e
    4   m 16 e
>>> 5   m 19 w
    6   m 20 n
    7   m 29 n

Other commands that placed an entity on this cell:
    5   m 19 w
    6   m 20 n
>>> 7   m 29 n
    8   m 35 w

