
Turn 3
================================================================
warning: entity 0 was directed to use 4 halite to move north, but only 0 halite was available
At command 1 of 1:
>>> 1   m 0 n


Turn 5
================================================================
warning: entity 0 was directed to use 12 halite to move north, but only 9 halite was available
At command 1 of 1:
>>> 1   m 0 n


Turn 9
================================================================
warning: entity 2 was directed to use 10 halite to move north, but only 0 halite was available
At command 2 of 2:
    1   m 0 o
>>> 2   m 2 n


Turn 13
================================================================
warning: entity 2 was directed to use 14 halite to move north, but only 8 halite was available
At command 2 of 3:
    1   m 0 o
>>> 2   m 2 n
    3   m 4 w


Turn 14
================================================================
warning: entity 4 was directed to use 6 halite to move north, but only 0 halite was available
At command 3 of 3:
    1   m 0 o
    2   m 2 n
>>> 3   m 4 n


Turn 17
================================================================
warning: entity 4 was directed to use 18 halite to move north, but only 7 halite was available
At command 4 of 4:
    2   m 0 o
    3   m 2 o
>>> 4   m 4 n


Turn 19
================================================================
warning: entity 4 was directed to use 43 halite to move north, but only 41 halite was available
At command 3 of 4:
    1   m 0 o
    2   m 2 o
>>> 3   m 4 n
    4   m 6 s

warning: entity 6 was directed to use 22 halite to move south, but only 0 halite was available
At command 4 of 4:
    2   m 2 o
    3   m 4 n
>>> 4   m 6 s


Turn 37
================================================================
warning: entity 2 was directed to use 1 halite to move south, but only 0 halite was available
At command 2 of 4:
    1   m 0 o
>>> 2   m 2 s
    3   m 4 s
    4   m 6 o


Turn 40
================================================================
warning: entity 2 was directed to use 1 halite to move south, but only 0 halite was available
At command 1 of 2:
>>> 1   m 2 s
    2   m 4 o


Turn 44
================================================================
warning: entity 0 was directed to use 1 halite to move north, but only 0 halite was available
At command 1 of 3:
>>> 1   m 0 n
    2   m 2 o
    3   m 6 o


Turn 49
================================================================
warning: entity 2 was directed to use 1 halite to move east, but only 0 halite was available
At command 2 of 4:
    1   m 0 o
>>> 2   m 2 e
    3   m 4 o
    4   m 6 w


Turn 57
================================================================
warning: entity 2 was directed to use 1 halite to move west, but only 0 halite was available
At command 2 of 3:
    1   m 0 o
>>> 2   m 2 w
    3   m 4 o


Turn 66
================================================================
warning: entity 9 was directed to use 1 halite to move north, but only 0 halite was available
At command 6 of 6:
    4   m 4 o
    5   m 6 o
>>> 6   m 9 n


Turn 68
================================================================
warning: entity 9 was directed to use 32 halite to move north, but only 4 halite was available
At command 4 of 5:
    2   m 2 e
    3   m 6 o
>>> 4   m 9 n
    5   m 10 s


Turn 69
================================================================
warning: entity 10 was directed to use 1 halite to move west, but only 0 halite was available
At command 6 of 6:
    4   m 6 o
    5   m 9 n
>>> 6   m 10 w


Turn 73
================================================================
warning: entity 10 was directed to use 7 halite to move south, but only 4 halite was available
At command 6 of 6:
    4   m 6 e
    5   m 9 o
>>> 6   m 10 s


Turn 77
================================================================
warning: entity 4 was directed to use 1 halite to move north, but only 0 halite was available
At command 3 of 6:
    1   m 0 o
    2   m 2 o
>>> 3   m 4 n
    4   m 6 w
    5   m 9 o

warning: entity 10 was directed to use 24 halite to move south, but only 14 halite was available
At command 6 of 6:
    4   m 6 w
    5   m 9 o
>>> 6   m 10 s


Turn 87
================================================================
warning: entity 2 was directed to use 1 halite to move west, but only 0 halite was available
At command 2 of 6:
    1   m 0 o
>>> 2   m 2 w
    3   m 4 o
    4   m 6 w


Turn 101
================================================================
warning: entity 6 was directed to use 1 halite to move east, but only 0 halite was available
At command 4 of 5:
    2   m 2 s
    3   m 4 o
>>> 4   m 6 e
    5   m 10 o


Turn 104
================================================================
warning: entity 6 was directed to use 23 halite to move south, but only 2 halite was available
At command 3 of 5:
    1   m 0 o
    2   m 2 o
>>> 3   m 6 s
    4   m 9 s
    5   m 10 n


Turn 107
================================================================
warning: entity 6 was directed to use 36 halite to move south, but only 33 halite was available
At command 4 of 6:
    2   m 2 o
    3   m 4 e
>>> 4   m 6 s
    5   m 9 o
    6   m 10 e


Turn 113
================================================================
warning: entity 0 was directed to use 1 halite to move east, but only 0 halite was available
At command 1 of 5:
>>> 1   m 0 e
    2   m 4 o
    3   m 6 o


Turn 123
================================================================
warning: entity 9 was directed to use 1 halite to move west, but only 0 halite was available
At command 5 of 6:
    3   m 4 w
    4   m 6 n
>>> 5   m 9 w
    6   m 10 n


Turn 140
================================================================
warning: entity 4 was directed to use 1 halite to move north, but only 0 halite was available
At command 3 of 6:
    1   m 0 o
    2   m 2 o
>>> 3   m 4 n
    4   m 6 o
    5   m 9 s


Turn 172
================================================================
warning: entity 6 was directed to use 1 halite to move north, but only 0 halite was available
At command 4 of 6:
    2   m 2 w
    3   m 4 o
>>> 4   m 6 n
    5   m 9 w
    6   m 10 n


Turn 175
================================================================
warning: entity 6 was directed to use 21 halite to move north, but only 2 halite was available
At command 3 of 5:
    1   m 2 o
    2   m 4 w
>>> 3   m 6 n
    4   m 9 w
    5   m 10 w


Turn 183
================================================================
warning: entity 4 was directed to use 1 halite to move north, but only 0 halite was available
At command 3 of 6:
    1   m 0 o
    2   m 2 e
>>> 3   m 4 n
    4   m 6 o
    5   m 9 o


Turn 199
================================================================
warning: entity 10 was directed to use 1 halite to move north, but only 0 halite was available
At command 5 of 5:
    3   m 6 o
    4   m 9 o
>>> 5   m 10 n


Turn 204
================================================================
warning: entity 10 was directed to use 1 halite to move north, but only 0 halite was available
At command 6 of 6:
    4   m 6 n
    5   m 9 e
>>> 6   m 10 n


Turn 205
================================================================
warning: entity 2 was directed to use 1 halite to move west, but only 0 halite was available
At command 2 of 6:
    1   m 0 o
>>> 2   m 2 w
    3   m 4 o
    4   m 6 s


Turn 206
================================================================
warning: entity 10 was directed to use 21 halite to move north, but only 3 halite was available
At command 6 of 6:
    4   m 6 w
    5   m 9 e
>>> 6   m 10 n


Turn 208
================================================================
warning: entity 10 was directed to use 48 halite to move north, but only 42 halite was available
At command 6 of 6:
    4   m 6 s
    5   m 9 e
>>> 6   m 10 n


Turn 210
================================================================
warning: entity 2 was directed to use 39 halite to move north, but only 1 halite was available
At command 2 of 6:
    1   m 0 e
>>> 2   m 2 n
    3   m 4 s
    4   m 6 e


Turn 229
================================================================
warning: entity 0 was directed to use 1 halite to move south, but only 0 halite was available
At command 1 of 6:
>>> 1   m 0 s
    2   m 2 s
    3   m 4 o


Turn 233
================================================================
warning: entity 0 was directed to use 8 halite to move south, but only 1 halite was available
At command 1 of 6:
>>> 1   m 0 s
    2   m 2 s
    3   m 4 w


Turn 234
================================================================
warning: entity 6 was directed to use 1 halite to move north, but only 0 halite was available
At command 4 of 6:
    2   m 2 s
    3   m 4 w
>>> 4   m 6 n
    5   m 9 w
    6   m 10 w


Turn 235
================================================================
warning: entity 0 was directed to use 40 halite to move south, but only 16 halite was available
At command 1 of 6:
>>> 1   m 0 s
    2   m 2 s
    3   m 4 s


Turn 237
================================================================
warning: entity 6 was directed to use 22 halite to move north, but only 2 halite was available
At command 4 of 6:
    2   m 2 s
    3   m 4 w
>>> 4   m 6 n
    5   m 9 s
    6   m 10 w


Turn 240
================================================================
warning: entity 6 was directed to use 33 halite to move north, but only 31 halite was available
At command 4 of 6:
    2   m 2 e
    3   m 4 w
>>> 4   m 6 n
    5   m 9 o
    6   m 10 w


Turn 289
================================================================
warning: entity 4 was directed to use 1 halite to move south, but only 0 halite was available
At command 3 of 6:
    1   m 0 s
    2   m 2 e
>>> 3   m 4 s
    4   m 6 w
    5   m 9 w


Turn 293
================================================================
warning: entity 4 was directed to use 30 halite to move south, but only 1 halite was available
At command 3 of 6:
    1   m 0 s
    2   m 2 n
>>> 3   m 4 s
    4   m 6 n
    5   m 9 w


Turn 296
================================================================
warning: entity 0 was directed to use 1 halite to move south, but only 0 halite was available
At command 1 of 5:
>>> 1   m 0 s
    2   m 2 n
    3   m 4 s

warning: entity 4 was directed to use 31 halite to move south, but only 10 halite was available
At command 3 of 5:
    1   m 0 s
    2   m 2 n
>>> 3   m 4 s
    4   m 6 w
    5   m 10 s


Turn 298
================================================================
warning: entity 0 was directed to use 6 halite to move south, but only 4 halite was available
At command 1 of 6:
>>> 1   m 0 s
    2   m 2 n
    3   m 4 s


Turn 302
================================================================
warning: entity 9 was directed to use 1 halite to move west, but only 0 halite was available
At command 5 of 6:
    3   m 4 o
    4   m 6 o
>>> 5   m 9 w
    6   m 10 n


Turn 305
================================================================
warning: entity 9 was directed to use 5 halite to move north, but only 2 halite was available
At command 5 of 6:
    3   m 4 o
    4   m 6 o
>>> 5   m 9 n
    6   m 10 n

warning: entity 10 was directed to use 1 halite to move north, but only 0 halite was available
At command 6 of 6:
    4   m 6 o
    5   m 9 n
>>> 6   m 10 n


Turn 307
================================================================
warning: entity 10 was directed to use 17 halite to move north, but only 3 halite was available
At command 6 of 6:
    4   m 6 o
    5   m 9 o
>>> 6   m 10 n


Turn 322
================================================================
warning: entity 6 was directed to use 5 halite to move south, but only 0 halite was available
At command 4 of 5:
    2   m 2 w
    3   m 4 e
>>> 4   m 6 s
    5   m 9 s


Turn 327
================================================================
warning: entity 4 was directed to use 6 halite to move south, but only 0 halite was available
At command 2 of 5:
    1   m 0 n
>>> 2   m 4 s
    3   m 6 s
    4   m 9 s


Turn 330
================================================================
warning: entity 6 was directed to use 6 halite to move south, but only 2 halite was available
At command 4 of 6:
    2   m 2 s
    3   m 4 e
>>> 4   m 6 s
    5   m 9 s
    6   m 10 e


Turn 331
================================================================
warning: entity 4 was directed to use 45 halite to move south, but only 4 halite was available
At command 3 of 6:
    1   m 0 n
    2   m 2 s
>>> 3   m 4 s
    4   m 6 s
    5   m 9 s


Turn 332
================================================================
warning: entity 2 was directed to use 1 halite to move south, but only 0 halite was available
At command 2 of 6:
    1   m 0 s
>>> 2   m 2 s
    3   m 4 s
    4   m 6 s

warning: entity 6 was directed to use 25 halite to move south, but only 14 halite was available
At command 4 of 6:
    2   m 2 s
    3   m 4 s
>>> 4   m 6 s
    5   m 9 s
    6   m 10 e


Turn 337
================================================================
warning: entity 2 was directed to use 25 halite to move south, but only 0 halite was available
At command 2 of 6:
    1   m 0 o
>>> 2   m 2 s
    3   m 4 o
    4   m 6 o


Turn 340
================================================================
warning: entity 2 was directed to use 17 halite to move south, but only 14 halite was available
At command 2 of 6:
    1   m 0 o
>>> 2   m 2 s
    3   m 4 o
    4   m 6 o


Turn 360
================================================================
warning: entity 6 was directed to use 1 halite to move south, but only 0 halite was available
At command 4 of 6:
    2   m 2 n
    3   m 4 n
>>> 4   m 6 s
    5   m 9 w
    6   m 10 e


Turn 364
================================================================
warning: entity 6 was directed to use 4 halite to move south, but only 1 halite was available
At command 4 of 6:
    2   m 2 e
    3   m 4 o
>>> 4   m 6 s
    5   m 9 w
    6   m 10 o


Turn 367
================================================================
warning: entity 6 was directed to use 12 halite to move south, but only 7 halite was available
At command 4 of 5:
    2   m 2 n
    3   m 4 o
>>> 4   m 6 s
    5   m 9 w


Turn 370
================================================================
warning: entity 6 was directed to use 23 halite to move south, but only 11 halite was available
At command 4 of 6:
    2   m 2 n
    3   m 4 n
>>> 4   m 6 s
    5   m 9 w
    6   m 10 w


Turn 371
================================================================
warning: entity 0 was directed to use 1 halite to move west, but only 0 halite was available
At command 1 of 6:
>>> 1   m 0 w
    2   m 2 n
    3   m 4 w


Turn 385
================================================================
warning: entity 0 was directed to use 17 halite to move east, but only 0 halite was available
At command 1 of 5:
>>> 1   m 0 e
    2   m 2 w
    3   m 4 o


Turn 396
================================================================
warning: entity 10 was directed to use 1 halite to move north, but only 0 halite was available
At command 6 of 6:
    4   m 6 n
    5   m 9 n
>>> 6   m 10 n

