
Turn 3
================================================================
warning: entity 1 was directed to use 9 halite to move east, but only 0 halite was available
At command 1 of 1:
>>> 1   m 1 e


Turn 5
================================================================
warning: entity 1 was directed to use 30 halite to move east, but only 17 halite was available
At command 1 of 1:
>>> 1   m 1 e


Turn 9
================================================================
warning: entity 3 was directed to use 6 halite to move east, but only 0 halite was available
At command 2 of 2:
    1   m 1 o
>>> 2   m 3 e


Turn 11
================================================================
warning: entity 3 was directed to use 22 halite to move east, but only 12 halite was available
At command 2 of 2:
    1   m 1 o
>>> 2   m 3 e


Turn 14
================================================================
warning: entity 3 was directed to use 37 halite to move east, but only 22 halite was available
At command 2 of 3:
    1   m 1 o
>>> 2   m 3 e
    3   m 5 e


Turn 15
================================================================
warning: entity 5 was directed to use 5 halite to move east, but only 0 halite was available
At command 3 of 3:
    1   m 1 o
    2   m 3 e
>>> 3   m 5 e


Turn 17
================================================================
warning: entity 5 was directed to use 17 halite to move east, but only 10 halite was available
At command 3 of 3:
    1   m 1 o
    2   m 3 s
>>> 3   m 5 e


Turn 20
================================================================
warning: entity 5 was directed to use 27 halite to move east, but only 10 halite was available
At command 3 of 4:
    1   m 1 o
    2   m 3 o
>>> 3   m 5 e
    4   m 7 e


Turn 21
================================================================
warning: entity 7 was directed to use 3 halite to move east, but only 0 halite was available
At command 4 of 4:
    2   m 3 o
    3   m 5 e
>>> 4   m 7 e


Turn 24
================================================================
warning: entity 7 was directed to use 16 halite to move east, but only 15 halite was available
At command 4 of 4:
    2   m 3 o
    3   m 5 o
>>> 4   m 7 e


Turn 28
================================================================
warning: entity 7 was directed to use 29 halite to move north, but only 4 halite was available
At command 4 of 4:
    2   m 3 o
    3   m 5 o
>>> 4   m 7 n


Turn 29
================================================================
warning: entity 1 was directed to use 4 halite to move west, but only 0 halite was available
At command 1 of 4:
>>> 1   m 1 w
    2   m 3 w
    3   m 5 o


Turn 32
================================================================
warning: entity 1 was directed to use 22 halite to move west, but only 2 halite was available
At command 1 of 4:
>>> 1   m 1 w
    2   m 3 w
    3   m 5 o

warning: entity 7 was directed to use 15 halite to move west, but only 3 halite was available
At command 4 of 4:
    2   m 3 w
    3   m 5 o
>>> 4   m 7 w


Turn 34
================================================================
warning: entity 7 was directed to use 35 halite to move east, but only 31 halite was available
At command 3 of 3:
    1   m 1 w
    2   m 5 w
>>> 3   m 7 e


Turn 36
================================================================
warning: entity 3 was directed to use 3 halite to move west, but only 0 halite was available
At command 2 of 4:
    1   m 1 o
>>> 2   m 3 w
    3   m 5 w
    4   m 7 s


Turn 39
================================================================
warning: entity 3 was directed to use 16 halite to move west, but only 0 halite was available
At command 2 of 4:
    1   m 1 o
>>> 2   m 3 w
    3   m 5 s
    4   m 7 o


Turn 42
================================================================
warning: entity 3 was directed to use 26 halite to move north, but only 17 halite was available
At command 2 of 4:
    1   m 1 o
>>> 2   m 3 n
    3   m 5 e
    4   m 7 o

warning: entity 5 was directed to use 2 halite to move east, but only 0 halite was available
At command 3 of 4:
    1   m 1 o
    2   m 3 n
>>> 3   m 5 e
    4   m 7 o


Turn 44
================================================================
warning: entity 5 was directed to use 12 halite to move south, but only 5 halite was available
At command 3 of 4:
    1   m 1 o
    2   m 3 o
>>> 3   m 5 s
    4   m 7 o


Turn 48
================================================================
warning: entity 10 was directed to use 12 halite to move north, but only 0 halite was available
At command 5 of 5:
    3   m 5 o
    4   m 7 o
>>> 5   m 10 n


Turn 51
================================================================
warning: entity 10 was directed to use 29 halite to move north, but only 11 halite was available
At command 5 of 5:
    3   m 5 o
    4   m 7 w
>>> 5   m 10 n


Turn 55
================================================================
warning: entity 1 was directed to use 1 halite to move east, but only 0 halite was available
At command 1 of 5:
>>> 1   m 1 e
    2   m 3 e
    3   m 5 o


Turn 57
================================================================
warning: entity 1 was directed to use 9 halite to move east, but only 3 halite was available
At command 1 of 4:
>>> 1   m 1 e
    2   m 3 e
    3   m 5 w


Turn 59
================================================================
warning: entity 1 was directed to use 31 halite to move east, but only 20 halite was available
At command 1 of 5:
>>> 1   m 1 e
    2   m 3 s
    3   m 5 w

warning: entity 7 was directed to use 12 halite to move east, but only 0 halite was available
At command 4 of 5:
    2   m 3 s
    3   m 5 w
>>> 4   m 7 e
    5   m 10 o


Turn 63
================================================================
warning: entity 3 was directed to use 2 halite to move west, but only 0 halite was available
At command 2 of 5:
    1   m 1 o
>>> 2   m 3 w
    3   m 5 w
    4   m 7 e


Turn 64
================================================================
warning: entity 7 was directed to use 32 halite to move west, but only 11 halite was available
At command 4 of 5:
    2   m 3 w
    3   m 5 e
>>> 4   m 7 w
    5   m 10 s


Turn 65
================================================================
warning: entity 3 was directed to use 6 halite to move west, but only 5 halite was available
At command 2 of 5:
    1   m 1 o
>>> 2   m 3 w
    3   m 5 n
    4   m 7 o


Turn 68
================================================================
warning: entity 3 was directed to use 14 halite to move north, but only 6 halite was available
At command 2 of 5:
    1   m 1 o
>>> 2   m 3 n
    3   m 5 w
    4   m 7 o


Turn 69
================================================================
warning: entity 5 was directed to use 1 halite to move west, but only 0 halite was available
At command 3 of 5:
    1   m 1 o
    2   m 3 n
>>> 3   m 5 w
    4   m 7 o
    5   m 10 s


Turn 71
================================================================
warning: entity 5 was directed to use 4 halite to move west, but only 3 halite was available
At command 3 of 5:
    1   m 1 o
    2   m 3 o
>>> 3   m 5 w
    4   m 7 o
    5   m 10 n


Turn 72
================================================================
warning: entity 10 was directed to use 6 halite to move north, but only 0 halite was available
At command 5 of 5:
    3   m 5 w
    4   m 7 o
>>> 5   m 10 n


Turn 74
================================================================
warning: entity 5 was directed to use 13 halite to move west, but only 1 halite was available
At command 3 of 5:
    1   m 1 w
    2   m 3 o
>>> 3   m 5 w
    4   m 7 o
    5   m 10 n

