
Turn 12
================================================================
warning: entity 3 was directed to use 4 halite to move south, but only 0 halite was available
At command 2 of 4:
    1   m 1 o
>>> 2   m 3 s
    3   m 5 o
    4   g


Turn 14
================================================================
warning: entity 7 was directed to use 4 halite to move north, but only 0 halite was available
At command 4 of 4:
    2   m 3 o
    3   m 5 o
>>> 4   m 7 n


Turn 38
================================================================
warning: entity 7 was directed to use 3 halite to move north, but only 0 halite was available
At command 4 of 4:
    2   m 3 e
    3   m 5 o
>>> 4   m 7 n


Turn 47
================================================================
warning: entity 1 was directed to use 3 halite to move south, but only 0 halite was available
At command 1 of 5:
>>> 1   m 1 s
    2   m 3 o
    3   m 5 w


Turn 50
================================================================
warning: entity 8 was directed to use 2 halite to move south, but only 0 halite was available
At command 4 of 4:
    2   m 5 n
    3   m 7 o
>>> 4   m 8 s


Turn 53
================================================================
warning: entity 8 was directed to use 4 halite to move south, but only 1 halite was available
At command 5 of 5:
    3   m 5 n
    4   m 7 e
>>> 5   m 8 s


Turn 56
================================================================
warning: entity 5 was directed to use 2 halite to move north, but only 0 halite was available
At command 3 of 6:
    1   m 1 o
    2   m 3 n
>>> 3   m 5 n
    4   m 7 o
    5   m 8 e


Turn 57
================================================================
warning: entity 8 was directed to use 5 halite to move east, but only 2 halite was available
At command 5 of 6:
    3   m 5 n
    4   m 7 e
>>> 5   m 8 e
    6   m 9 o


Turn 59
================================================================
warning: entity 5 was directed to use 4 halite to move east, but only 0 halite was available
At command 3 of 6:
    1   m 1 o
    2   m 3 n
>>> 3   m 5 e
    4   m 7 o
    5   m 8 o

warning: entity 9 was directed to use 2 halite to move north, but only 0 halite was available
At command 6 of 6:
    4   m 7 o
    5   m 8 o
>>> 6   m 9 n


Turn 61
================================================================
warning: entity 9 was directed to use 5 halite to move east, but only 4 halite was available
At command 5 of 5:
    3   m 7 o
    4   m 8 o
>>> 5   m 9 e


Turn 63
================================================================
warning: entity 3 was directed to use 1 halite to move east, but only 0 halite was available
At command 2 of 7:
    1   m 1 o
>>> 2   m 3 e
    3   m 5 o
    4   m 7 e


Turn 66
================================================================
warning: entity 12 was directed to use 1 halite to move east, but only 0 halite was available
At command 7 of 7:
    5   m 8 o
    6   m 9 o
>>> 7   m 12 e


Turn 70
================================================================
warning: entity 12 was directed to use 4 halite to move south, but only 0 halite was available
At command 7 of 7:
    5   m 8 o
    6   m 9 o
>>> 7   m 12 s


Turn 75
================================================================
warning: entity 12 was directed to use 4 halite to move north, but only 0 halite was available
At command 6 of 6:
    4   m 8 o
    5   m 9 o
>>> 6   m 12 n


Turn 87
================================================================
warning: entity 7 was directed to use 1 halite to move north, but only 0 halite was available
At command 4 of 7:
    2   m 3 n
    3   m 5 o
>>> 4   m 7 n
    5   m 8 o
    6   m 9 o


Turn 90
================================================================
warning: entity 3 was directed to use 1 halite to move south, but only 0 halite was available
At command 2 of 7:
    1   m 1 n
>>> 2   m 3 s
    3   m 5 o
    4   m 7 e

warning: entity 7 was directed to use 1 halite to move east, but only 0 halite was available
At command 4 of 7:
    2   m 3 s
    3   m 5 o
>>> 4   m 7 e
    5   m 8 w
    6   m 9 e


Turn 92
================================================================
warning: entity 7 was directed to use 4 halite to move east, but only 3 halite was available
At command 4 of 7:
    2   m 3 o
    3   m 5 o
>>> 4   m 7 e
    5   m 8 n
    6   m 9 s


Turn 96
================================================================
warning: entity 8 was directed to use 3 halite to move south, but only 0 halite was available
At command 5 of 6:
    3   m 5 o
    4   m 7 o
>>> 5   m 8 s
    6   m 12 e


Turn 99
================================================================
warning: entity 9 was directed to use 2 halite to move north, but only 0 halite was available
At command 6 of 7:
    4   m 7 o
    5   m 8 e
>>> 6   m 9 n
    7   m 12 o


Turn 100
================================================================
warning: entity 8 was directed to use 4 halite to move east, but only 0 halite was available
At command 5 of 6:
    3   m 5 w
    4   m 7 o
>>> 5   m 8 e
    6   m 9 n


Turn 102
================================================================
warning: entity 9 was directed to use 4 halite to move north, but only 2 halite was available
At command 6 of 7:
    4   m 7 o
    5   m 8 e
>>> 6   m 9 n
    7   m 12 w


Turn 110
================================================================
warning: entity 5 was directed to use 2 halite to move south, but only 0 halite was available
At command 2 of 7:
    1   m 3 o
>>> 2   m 5 s
    3   m 7 w
    4   m 8 o


Turn 112
================================================================
warning: entity 15 was directed to use 3 halite to move north, but only 0 halite was available
At command 7 of 7:
    5   m 9 o
    6   m 12 o
>>> 7   m 15 n


Turn 113
================================================================
warning: entity 5 was directed to use 4 halite to move south, but only 2 halite was available
At command 1 of 5:
>>> 1   m 5 s
    2   m 8 o
    3   m 9 o


Turn 116
================================================================
warning: entity 7 was directed to use 2 halite to move north, but only 0 halite was available
At command 3 of 7:
    1   m 3 w
    2   m 5 o
>>> 3   m 7 n
    4   m 8 o
    5   m 9 e


Turn 117
================================================================
warning: entity 15 was directed to use 3 halite to move east, but only 1 halite was available
At command 6 of 6:
    4   m 8 o
    5   m 9 o
>>> 6   m 15 e


Turn 119
================================================================
warning: entity 7 was directed to use 3 halite to move north, but only 1 halite was available
At command 3 of 8:
    1   m 3 w
    2   m 5 e
>>> 3   m 7 n
    4   m 8 o
    5   m 9 o


Turn 120
================================================================
warning: entity 12 was directed to use 1 halite to move south, but only 0 halite was available
At command 5 of 7:
    3   m 7 n
    4   m 9 o
>>> 5   m 12 s
    6   m 15 e
    7   m 17 s


Turn 123
================================================================
warning: entity 12 was directed to use 4 halite to move east, but only 1 halite was available
At command 5 of 7:
    3   m 8 w
    4   m 9 o
>>> 5   m 12 e
    6   m 15 o
    7   m 17 e


Turn 124
================================================================
warning: entity 17 was directed to use 3 halite to move east, but only 2 halite was available
At command 8 of 8:
    6   m 12 e
    7   m 15 o
>>> 8   m 17 e


Turn 126
================================================================
warning: entity 3 was directed to use 1 halite to move south, but only 0 halite was available
At command 1 of 8:
>>> 1   m 3 s
    2   m 5 o
    3   m 7 o


Turn 127
================================================================
warning: entity 12 was directed to use 4 halite to move east, but only 2 halite was available
At command 6 of 8:
    4   m 8 w
    5   m 9 o
>>> 6   m 12 e
    7   m 15 o
    8   m 17 e


Turn 128
================================================================
warning: entity 17 was directed to use 4 halite to move east, but only 2 halite was available
At command 8 of 8:
    6   m 12 e
    7   m 15 o
>>> 8   m 17 e


Turn 133
================================================================
warning: entity 3 was directed to use 4 halite to move east, but only 2 halite was available
At command 1 of 6:
>>> 1   m 3 e
    2   m 5 o
    3   m 8 n


Turn 140
================================================================
warning: entity 8 was directed to use 2 halite to move south, but only 0 halite was available
At command 4 of 8:
    2   m 5 o
    3   m 7 s
>>> 4   m 8 s
    5   m 9 o
    6   m 15 s


Turn 143
================================================================
warning: entity 8 was directed to use 3 halite to move east, but only 2 halite was available
At command 4 of 9:
    2   m 5 w
    3   m 7 s
>>> 4   m 8 e
    5   m 9 n
    6   m 12 w


Turn 144
================================================================
warning: entity 18 was directed to use 3 halite to move south, but only 1 halite was available
At command 8 of 8:
    6   m 12 w
    7   m 17 o
>>> 8   m 18 s


Turn 147
================================================================
warning: entity 8 was directed to use 3 halite to move east, but only 2 halite was available
At command 4 of 10:
    2   m 5 n
    3   m 7 w
>>> 4   m 8 e
    5   m 9 n
    6   m 12 w

warning: entity 15 was directed to use 1 halite to move north, but only 0 halite was available
At command 7 of 10:
    5   m 9 n
    6   m 12 w
>>> 7   m 15 n
    8   m 17 w
    9   m 18 e


Turn 148
================================================================
warning: entity 18 was directed to use 3 halite to move west, but only 1 halite was available
At command 9 of 10:
    7   m 15 n
    8   m 17 w
>>> 9   m 18 w
    10   m 20 w


Turn 149
================================================================
warning: entity 20 was directed to use 4 halite to move south, but only 0 halite was available
At command 10 of 10:
    8   m 17 w
    9   m 18 w
>>> 10   m 20 s


Turn 150
================================================================
warning: entity 15 was directed to use 2 halite to move north, but only 0 halite was available
At command 7 of 10:
    5   m 9 o
    6   m 12 n
>>> 7   m 15 n
    8   m 17 w
    9   m 18 w


Turn 152
================================================================
warning: entity 18 was directed to use 3 halite to move east, but only 1 halite was available
At command 8 of 9:
    6   m 15 e
    7   m 17 w
>>> 8   m 18 e
    9   m 20 o


Turn 154
================================================================
warning: entity 12 was directed to use 2 halite to move south, but only 0 halite was available
At command 6 of 10:
    4   m 8 o
    5   m 9 o
>>> 6   m 12 s
    7   m 15 o
    8   m 17 n


Turn 158
================================================================
warning: entity 5 was directed to use 1 halite to move north, but only 0 halite was available
At command 2 of 9:
    1   m 3 n
>>> 2   m 5 n
    3   m 7 e
    4   m 8 o

warning: entity 12 was directed to use 2 halite to move east, but only 0 halite was available
At command 6 of 9:
    4   m 8 o
    5   m 9 o
>>> 6   m 12 e
    7   m 15 o
    8   m 18 e


Turn 161
================================================================
warning: entity 5 was directed to use 1 halite to move north, but only 0 halite was available
At command 1 of 8:
>>> 1   m 5 n
    2   m 7 w
    3   m 9 o

warning: entity 12 was directed to use 3 halite to move east, but only 1 halite was available
At command 4 of 8:
    2   m 7 w
    3   m 9 o
>>> 4   m 12 e
    5   m 15 e
    6   m 17 n


Turn 163
================================================================
warning: entity 5 was directed to use 5 halite to move north, but only 4 halite was available
At command 2 of 11:
    1   m 3 n
>>> 2   m 5 n
    3   m 7 s
    4   m 8 w


Turn 165
================================================================
warning: entity 3 was directed to use 2 halite to move south, but only 0 halite was available
At command 1 of 12:
>>> 1   m 3 s
    2   m 5 n
    3   m 7 o


Turn 167
================================================================
warning: entity 24 was directed to use 1 halite to move north, but only 0 halite was available
At command 11 of 13:
    9   m 18 o
    10   m 20 o
>>> 11   m 24 n
    12   m 25 n
    13   g


Turn 169
================================================================
warning: entity 24 was directed to use 4 halite to move south, but only 3 halite was available
At command 11 of 13:
    9   m 18 o
    10   m 20 o
>>> 11   m 24 s
    12   m 25 n
    13   m 26 n

warning: entity 25 was directed to use 1 halite to move north, but only 0 halite was available
At command 12 of 13:
    10   m 20 o
    11   m 24 s
>>> 12   m 25 n
    13   m 26 n


Turn 170
================================================================
warning: entity 3 was directed to use 4 halite to move east, but only 0 halite was available
At command 1 of 13:
>>> 1   m 3 e
    2   m 5 s
    3   m 7 n


Turn 173
================================================================
warning: entity 25 was directed to use 3 halite to move south, but only 1 halite was available
At command 11 of 12:
    9   m 20 o
    10   m 24 e
>>> 11   m 25 s
    12   m 26 s


Turn 174
================================================================
warning: entity 24 was directed to use 4 halite to move east, but only 1 halite was available
At command 11 of 13:
    9   m 18 o
    10   m 20 o
>>> 11   m 24 e
    12   m 25 o
    13   m 26 n


Turn 176
================================================================
warning: entity 26 was directed to use 2 halite to move north, but only 0 halite was available
At command 13 of 13:
    11   m 24 e
    12   m 25 n
>>> 13   m 26 n


Turn 177
================================================================
warning: entity 8 was directed to use 1 halite to move north, but only 0 halite was available
At command 4 of 13:
    2   m 5 e
    3   m 7 o
>>> 4   m 8 n
    5   m 9 o
    6   m 12 w


Turn 179
================================================================
warning: entity 26 was directed to use 3 halite to move north, but only 1 halite was available
At command 13 of 13:
    11   m 24 w
    12   m 25 e
>>> 13   m 26 n


Turn 181
================================================================
warning: entity 8 was directed to use 2 halite to move north, but only 0 halite was available
At command 4 of 12:
    2   m 5 o
    3   m 7 o
>>> 4   m 8 n
    5   m 9 o
    6   m 12 w


Turn 184
================================================================
warning: entity 8 was directed to use 5 halite to move east, but only 2 halite was available
At command 4 of 12:
    2   m 5 o
    3   m 7 o
>>> 4   m 8 e
    5   m 9 o
    6   m 12 n

warning: entity 24 was directed to use 4 halite to move north, but only 3 halite was available
At command 10 of 12:
    8   m 18 n
    9   m 20 e
>>> 10   m 24 n
    11   m 25 o
    12   m 26 e


Turn 188
================================================================
warning: entity 26 was directed to use 2 halite to move east, but only 0 halite was available
At command 13 of 13:
    11   m 24 w
    12   m 25 o
>>> 13   m 26 e


Turn 189
================================================================
warning: entity 8 was directed to use 3 halite to move east, but only 1 halite was available
At command 4 of 12:
    2   m 5 o
    3   m 7 w
>>> 4   m 8 e
    5   m 9 o
    6   m 12 n


Turn 190
================================================================
warning: entity 12 was directed to use 1 halite to move north, but only 0 halite was available
At command 5 of 12:
    3   m 7 w
    4   m 8 e
>>> 5   m 12 n
    6   m 15 o
    7   m 17 n


Turn 191
================================================================
warning: entity 26 was directed to use 2 halite to move east, but only 1 halite was available
At command 12 of 13:
    10   m 24 n
    11   m 25 e
>>> 12   m 26 e
    13   g


Turn 193
================================================================
warning: entity 8 was directed to use 4 halite to move east, but only 3 halite was available
At command 3 of 13:
    1   m 3 o
    2   m 7 n
>>> 3   m 8 e
    4   m 9 w
    5   m 12 n


Turn 194
================================================================
warning: entity 26 was directed to use 4 halite to move north, but only 1 halite was available
At command 13 of 14:
    11   m 24 e
    12   m 25 o
>>> 13   m 26 n
    14   m 29 s

warning: entity 29 was directed to use 4 halite to move south, but only 0 halite was available
At command 14 of 14:
    12   m 25 o
    13   m 26 n
>>> 14   m 29 s


Turn 195
================================================================
warning: entity 24 was directed to use 1 halite to move east, but only 0 halite was available
At command 10 of 13:
    8   m 17 o
    9   m 18 n
>>> 10   m 24 e
    11   m 25 o
    12   m 26 n


Turn 196
================================================================
warning: entity 12 was directed to use 3 halite to move north, but only 2 halite was available
At command 6 of 14:
    4   m 8 o
    5   m 9 w
>>> 6   m 12 n
    7   m 15 w
    8   m 17 o

warning: entity 18 was directed to use 3 halite to move north, but only 2 halite was available
At command 9 of 14:
    7   m 15 w
    8   m 17 o
>>> 9   m 18 n
    10   m 20 w
    11   m 24 e


Turn 197
================================================================
warning: entity 20 was directed to use 3 halite to move south, but only 0 halite was available
At command 10 of 14:
    8   m 17 o
    9   m 18 n
>>> 10   m 20 s
    11   m 24 o
    12   m 25 o


Turn 198
================================================================
warning: entity 29 was directed to use 3 halite to move south, but only 1 halite was available
At command 12 of 12:
    10   m 25 o
    11   m 26 e
>>> 12   m 29 s


Turn 200
================================================================
warning: entity 26 was directed to use 1 halite to move west, but only 0 halite was available
At command 12 of 14:
    10   m 24 o
    11   m 25 o
>>> 12   m 26 w
    13   m 29 s
    14   g


Turn 201
================================================================
warning: entity 20 was directed to use 2 halite to move south, but only 0 halite was available
At command 10 of 15:
    8   m 17 s
    9   m 18 e
>>> 10   m 20 s
    11   m 24 o
    12   m 25 o


Turn 202
================================================================
warning: entity 7 was directed to use 1 halite to move east, but only 0 halite was available
At command 3 of 16:
    1   m 3 o
    2   m 5 o
>>> 3   m 7 e
    4   m 8 e
    5   m 9 e

warning: entity 9 was directed to use 3 halite to move east, but only 0 halite was available
At command 5 of 16:
    3   m 7 e
    4   m 8 e
>>> 5   m 9 e
    6   m 12 o
    7   m 15 e

warning: entity 29 was directed to use 3 halite to move east, but only 0 halite was available
At command 14 of 16:
    12   m 25 o
    13   m 26 e
>>> 14   m 29 e
    15   m 31 s
    16   g


Turn 204
================================================================
warning: entity 20 was directed to use 3 halite to move south, but only 1 halite was available
At command 10 of 16:
    8   m 17 e
    9   m 18 n
>>> 10   m 20 s
    11   m 24 o
    12   m 25 o


Turn 205
================================================================
warning: entity 7 was directed to use 4 halite to move east, but only 2 halite was available
At command 3 of 15:
    1   m 3 o
    2   m 5 n
>>> 3   m 7 e
    4   m 8 o
    5   m 9 e


Turn 206
================================================================
warning: entity 9 was directed to use 4 halite to move east, but only 0 halite was available
At command 5 of 15:
    3   m 7 e
    4   m 8 e
>>> 5   m 9 e
    6   m 12 n
    7   m 15 e

warning: entity 29 was directed to use 4 halite to move east, but only 1 halite was available
At command 13 of 15:
    11   m 25 o
    12   m 26 o
>>> 13   m 29 e
    14   m 31 s
    15   m 32 s


Turn 207
================================================================
warning: entity 18 was directed to use 1 halite to move east, but only 0 halite was available
At command 9 of 16:
    7   m 15 o
    8   m 17 n
>>> 9   m 18 e
    10   m 20 e
    11   m 24 o


Turn 209
================================================================
warning: entity 20 was directed to use 3 halite to move east, but only 1 halite was available
At command 9 of 14:
    7   m 17 n
    8   m 18 w
>>> 9   m 20 e
    10   m 24 w
    11   m 25 o


Turn 212
================================================================
warning: entity 17 was directed to use 2 halite to move north, but only 0 halite was available
At command 7 of 16:
    5   m 12 s
    6   m 15 o
>>> 7   m 17 n
    8   m 18 s
    9   m 20 e


Turn 213
================================================================
warning: entity 3 was directed to use 2 halite to move east, but only 0 halite was available
At command 1 of 16:
>>> 1   m 3 e
    2   m 5 o
    3   m 7 o

warning: entity 18 was directed to use 1 halite to move west, but only 0 halite was available
At command 8 of 16:
    6   m 15 e
    7   m 17 n
>>> 8   m 18 w
    9   m 20 s
    10   m 24 w


Turn 216
================================================================
warning: entity 3 was directed to use 4 halite to move east, but only 2 halite was available
At command 1 of 16:
>>> 1   m 3 e
    2   m 5 n
    3   m 7 o

warning: entity 35 was directed to use 1 halite to move north, but only 0 halite was available
At command 16 of 16:
    14   m 31 s
    15   m 32 o
>>> 16   m 35 n


Turn 218
================================================================
warning: entity 35 was directed to use 4 halite to move south, but only 3 halite was available
At command 16 of 16:
    14   m 31 o
    15   m 32 o
>>> 16   m 35 s


Turn 229
================================================================
warning: entity 3 was directed to use 2 halite to move west, but only 0 halite was available
At command 1 of 15:
>>> 1   m 3 w
    2   m 5 o
    3   m 8 o

warning: entity 24 was directed to use 2 halite to move north, but only 0 halite was available
At command 9 of 15:
    7   m 18 w
    8   m 20 e
>>> 9   m 24 n
    10   m 25 o
    11   m 26 e


Turn 233
================================================================
warning: entity 24 was directed to use 2 halite to move north, but only 1 halite was available
At command 8 of 14:
    6   m 18 s
    7   m 20 o
>>> 8   m 24 n
    9   m 25 o
    10   m 26 w


Turn 235
================================================================
warning: entity 5 was directed to use 1 halite to move east, but only 0 halite was available
At command 2 of 14:
    1   m 3 o
>>> 2   m 5 e
    3   m 8 o
    4   m 12 o


Turn 237
================================================================
warning: entity 5 was directed to use 4 halite to move east, but only 3 halite was available
At command 2 of 14:
    1   m 3 o
>>> 2   m 5 e
    3   m 8 o
    4   m 12 o


Turn 239
================================================================
warning: entity 15 was directed to use 4 halite to move north, but only 0 halite was available
At command 5 of 14:
    3   m 8 o
    4   m 12 e
>>> 5   m 15 n
    6   m 17 o
    7   m 18 o


Turn 242
================================================================
warning: entity 15 was directed to use 1 halite to move west, but only 0 halite was available
At command 5 of 14:
    3   m 8 e
    4   m 12 o
>>> 5   m 15 w
    6   m 17 o
    7   m 18 o


Turn 245
================================================================
warning: entity 3 was directed to use 1 halite to move west, but only 0 halite was available
At command 1 of 13:
>>> 1   m 3 w
    2   m 5 w
    3   m 8 n


Turn 247
================================================================
warning: entity 29 was directed to use 1 halite to move north, but only 0 halite was available
At command 11 of 14:
    9   m 24 o
    10   m 25 e
>>> 11   m 29 n
    12   m 31 e
    13   m 32 e


Turn 248
================================================================
warning: entity 8 was directed to use 3 halite to move east, but only 0 halite was available
At command 3 of 14:
    1   m 3 o
    2   m 5 w
>>> 3   m 8 e
    4   m 12 s
    5   m 15 o


Turn 251
================================================================
warning: entity 29 was directed to use 1 halite to move north, but only 0 halite was available
At command 11 of 14:
    9   m 24 o
    10   m 25 e
>>> 11   m 29 n
    12   m 31 o
    13   m 32 e


Turn 253
================================================================
warning: entity 29 was directed to use 4 halite to move north, but only 3 halite was available
At command 11 of 14:
    9   m 24 o
    10   m 25 w
>>> 11   m 29 n
    12   m 31 o
    13   m 32 n


Turn 254
================================================================
warning: entity 12 was directed to use 1 halite to move west, but only 0 halite was available
At command 4 of 14:
    2   m 5 o
    3   m 8 o
>>> 4   m 12 w
    5   m 15 s
    6   m 17 o


Turn 257
================================================================
warning: entity 12 was directed to use 1 halite to move west, but only 0 halite was available
At command 4 of 14:
    2   m 5 e
    3   m 8 o
>>> 4   m 12 w
    5   m 15 s
    6   m 17 o


Turn 259
================================================================
warning: entity 12 was directed to use 4 halite to move north, but only 3 halite was available
At command 4 of 12:
    2   m 5 w
    3   m 8 o
>>> 4   m 12 n
    5   m 15 n
    6   m 17 o


Turn 262
================================================================
warning: entity 20 was directed to use 1 halite to move south, but only 0 halite was available
At command 7 of 13:
    5   m 17 o
    6   m 18 o
>>> 7   m 20 s
    8   m 24 e
    9   m 25 n


Turn 265
================================================================
warning: entity 5 was directed to use 3 halite to move east, but only 0 halite was available
At command 2 of 11:
    1   m 3 o
>>> 2   m 5 e
    3   m 12 n
    4   m 18 o

warning: entity 20 was directed to use 4 halite to move south, but only 2 halite was available
At command 5 of 11:
    3   m 12 n
    4   m 18 o
>>> 5   m 20 s
    6   m 24 o
    7   m 25 n


Turn 268
================================================================
warning: entity 8 was directed to use 3 halite to move south, but only 0 halite was available
At command 3 of 13:
    1   m 3 o
    2   m 5 e
>>> 3   m 8 s
    4   m 12 o
    5   m 15 n


Turn 271
================================================================
warning: entity 25 was directed to use 1 halite to move east, but only 0 halite was available
At command 9 of 13:
    7   m 20 s
    8   m 24 e
>>> 9   m 25 e
    10   m 29 o
    11   m 31 n


Turn 273
================================================================
warning: entity 32 was directed to use 1 halite to move north, but only 0 halite was available
At command 13 of 14:
    11   m 29 o
    12   m 31 n
>>> 13   m 32 n
    14   m 35 n


Turn 275
================================================================
warning: entity 15 was directed to use 1 halite to move east, but only 0 halite was available
At command 5 of 13:
    3   m 8 n
    4   m 12 w
>>> 5   m 15 e
    6   m 17 n
    7   m 18 o


Turn 277
================================================================
warning: entity 32 was directed to use 1 halite to move north, but only 0 halite was available
At command 12 of 13:
    10   m 29 o
    11   m 31 n
>>> 12   m 32 n
    13   m 35 n


Turn 280
================================================================
warning: entity 17 was directed to use 1 halite to move west, but only 0 halite was available
At command 6 of 13:
    4   m 12 o
    5   m 15 o
>>> 6   m 17 w
    7   m 18 o
    8   m 20 s

warning: entity 32 was directed to use 3 halite to move north, but only 0 halite was available
At command 12 of 13:
    10   m 29 o
    11   m 31 n
>>> 12   m 32 n
    13   m 35 s


Turn 282
================================================================
warning: entity 31 was directed to use 1 halite to move north, but only 0 halite was available
At command 12 of 14:
    10   m 25 o
    11   m 29 e
>>> 12   m 31 n
    13   m 32 n
    14   m 35 s


Turn 283
================================================================
warning: entity 24 was directed to use 1 halite to move south, but only 0 halite was available
At command 8 of 13:
    6   m 18 o
    7   m 20 o
>>> 8   m 24 s
    9   m 25 e
    10   m 29 e


Turn 284
================================================================
warning: entity 35 was directed to use 1 halite to move south, but only 0 halite was available
At command 14 of 14:
    12   m 31 n
    13   m 32 o
>>> 14   m 35 s


Turn 286
================================================================
warning: entity 31 was directed to use 3 halite to move north, but only 1 halite was available
At command 12 of 14:
    10   m 25 e
    11   m 29 e
>>> 12   m 31 n
    13   m 32 o
    14   m 35 s


Turn 287
================================================================
warning: entity 35 was directed to use 3 halite to move south, but only 2 halite was available
At command 14 of 14:
    12   m 31 n
    13   m 32 o
>>> 14   m 35 s


Turn 291
================================================================
warning: entity 35 was directed to use 4 halite to move south, but only 1 halite was available
At command 13 of 13:
    11   m 31 o
    12   m 32 o
>>> 13   m 35 s


Turn 294
================================================================
warning: entity 29 was directed to use 1 halite to move north, but only 0 halite was available
At command 10 of 13:
    8   m 24 o
    9   m 25 e
>>> 10   m 29 n
    11   m 31 n
    12   m 32 o


Turn 298
================================================================
warning: entity 3 was directed to use 4 halite to move north, but only 0 halite was available
At command 1 of 14:
>>> 1   m 3 n
    2   m 5 n
    3   m 8 o

warning: entity 29 was directed to use 4 halite to move west, but only 0 halite was available
At command 11 of 14:
    9   m 24 o
    10   m 25 e
>>> 11   m 29 w
    12   m 31 o
    13   m 32 o


Turn 302
================================================================
warning: entity 29 was directed to use 5 halite to move west, but only 2 halite was available
At command 11 of 14:
    9   m 24 o
    10   m 25 n
>>> 11   m 29 w
    12   m 31 o
    13   m 32 e


Turn 306
================================================================
warning: entity 18 was directed to use 4 halite to move north, but only 2 halite was available
At command 6 of 13:
    4   m 15 o
    5   m 17 o
>>> 6   m 18 n
    7   m 20 n
    8   m 24 o


Turn 310
================================================================
warning: entity 18 was directed to use 3 halite to move west, but only 2 halite was available
At command 6 of 13:
    4   m 15 s
    5   m 17 s
>>> 6   m 18 w
    7   m 20 n
    8   m 24 o


Turn 314
================================================================
warning: entity 18 was directed to use 3 halite to move west, but only 2 halite was available
At command 6 of 12:
    4   m 12 e
    5   m 15 w
>>> 6   m 18 w
    7   m 20 n
    8   m 24 o


Turn 317
================================================================
warning: entity 17 was directed to use 2 halite to move east, but only 0 halite was available
At command 5 of 12:
    3   m 12 s
    4   m 15 w
>>> 5   m 17 e
    6   m 18 o
    7   m 20 n


Turn 318
================================================================
warning: entity 20 was directed to use 1 halite to move north, but only 0 halite was available
At command 7 of 12:
    5   m 17 e
    6   m 18 o
>>> 7   m 20 n
    8   m 24 o
    9   m 29 o


Turn 321
================================================================
warning: entity 17 was directed to use 4 halite to move east, but only 0 halite was available
At command 6 of 13:
    4   m 12 n
    5   m 15 w
>>> 6   m 17 e
    7   m 18 o
    8   m 20 n


Turn 322
================================================================
warning: entity 20 was directed to use 2 halite to move north, but only 1 halite was available
At command 8 of 13:
    6   m 17 o
    7   m 18 o
>>> 8   m 20 n
    9   m 24 o
    10   m 29 e


Turn 323
================================================================
warning: entity 12 was directed to use 2 halite to move north, but only 0 halite was available
At command 4 of 13:
    2   m 5 w
    3   m 8 w
>>> 4   m 12 n
    5   m 15 w
    6   m 17 n


Turn 326
================================================================
warning: entity 12 was directed to use 4 halite to move north, but only 1 halite was available
At command 4 of 13:
    2   m 5 o
    3   m 8 s
>>> 4   m 12 n
    5   m 15 w
    6   m 17 e


Turn 327
================================================================
warning: entity 20 was directed to use 4 halite to move west, but only 0 halite was available
At command 6 of 11:
    4   m 15 w
    5   m 17 e
>>> 6   m 20 w
    7   m 24 w
    8   m 29 e

warning: entity 32 was directed to use 2 halite to move north, but only 0 halite was available
At command 10 of 11:
    8   m 29 e
    9   m 31 o
>>> 10   m 32 n
    11   m 35 o


Turn 330
================================================================
warning: entity 17 was directed to use 4 halite to move east, but only 0 halite was available
At command 6 of 13:
    4   m 12 e
    5   m 15 w
>>> 6   m 17 e
    7   m 18 e
    8   m 20 w


Turn 332
================================================================
warning: entity 8 was directed to use 1 halite to move east, but only 0 halite was available
At command 3 of 13:
    1   m 3 o
    2   m 5 o
>>> 3   m 8 e
    4   m 12 e
    5   m 15 w


Turn 334
================================================================
warning: entity 8 was directed to use 4 halite to move east, but only 3 halite was available
At command 3 of 13:
    1   m 3 o
    2   m 5 n
>>> 3   m 8 e
    4   m 12 o
    5   m 15 n

warning: entity 17 was directed to use 5 halite to move east, but only 1 halite was available
At command 6 of 13:
    4   m 12 o
    5   m 15 n
>>> 6   m 17 e
    7   m 18 n
    8   m 20 o


Turn 335
================================================================
warning: entity 32 was directed to use 4 halite to move east, but only 1 halite was available
At command 11 of 12:
    9   m 29 e
    10   m 31 w
>>> 11   m 32 e
    12   m 35 n


Turn 336
================================================================
warning: entity 5 was directed to use 1 halite to move north, but only 0 halite was available
At command 2 of 13:
    1   m 3 o
>>> 2   m 5 n
    3   m 8 e
    4   m 12 o


Turn 338
================================================================
warning: entity 8 was directed to use 4 halite to move east, but only 3 halite was available
At command 3 of 11:
    1   m 3 o
    2   m 5 o
>>> 3   m 8 e
    4   m 12 e
    5   m 15 n


Turn 342
================================================================
warning: entity 29 was directed to use 3 halite to move north, but only 0 halite was available
At command 8 of 11:
    6   m 20 e
    7   m 24 o
>>> 8   m 29 n
    9   m 31 e
    10   m 32 s


Turn 343
================================================================
warning: entity 5 was directed to use 4 halite to move west, but only 3 halite was available
At command 2 of 11:
    1   m 3 o
>>> 2   m 5 w
    3   m 8 o
    4   m 12 o


Turn 348
================================================================
warning: entity 5 was directed to use 4 halite to move west, but only 0 halite was available
At command 2 of 11:
    1   m 3 w
>>> 2   m 5 w
    3   m 8 e
    4   m 12 o


Turn 350
================================================================
warning: entity 24 was directed to use 1 halite to move east, but only 0 halite was available
At command 6 of 10:
    4   m 18 w
    5   m 20 s
>>> 6   m 24 e
    7   m 29 o
    8   m 31 e


Turn 353
================================================================
warning: entity 24 was directed to use 3 halite to move east, but only 1 halite was available
At command 7 of 11:
    5   m 18 w
    6   m 20 n
>>> 7   m 24 e
    8   m 29 o
    9   m 31 e


Turn 355
================================================================
warning: entity 20 was directed to use 1 halite to move north, but only 0 halite was available
At command 6 of 11:
    4   m 12 o
    5   m 18 e
>>> 6   m 20 n
    7   m 24 e
    8   m 29 o


Turn 357
================================================================
warning: entity 24 was directed to use 1 halite to move east, but only 0 halite was available
At command 7 of 11:
    5   m 18 w
    6   m 20 n
>>> 7   m 24 e
    8   m 29 o
    9   m 31 e


Turn 358
================================================================
warning: entity 20 was directed to use 3 halite to move north, but only 0 halite was available
At command 6 of 10:
    4   m 12 o
    5   m 18 e
>>> 6   m 20 n
    7   m 24 e
    8   m 31 s

warning: entity 35 was directed to use 1 halite to move south, but only 0 halite was available
At command 10 of 10:
    8   m 31 s
    9   m 32 s
>>> 10   m 35 s


Turn 360
================================================================
warning: entity 24 was directed to use 4 halite to move east, but only 3 halite was available
At command 7 of 10:
    5   m 18 s
    6   m 20 n
>>> 7   m 24 e
    8   m 29 s
    9   m 32 s


Turn 361
================================================================
warning: entity 35 was directed to use 3 halite to move south, but only 1 halite was available
At command 11 of 11:
    9   m 31 o
    10   m 32 n
>>> 11   m 35 s


Turn 362
================================================================
warning: entity 20 was directed to use 2 halite to move west, but only 0 halite was available
At command 6 of 11:
    4   m 12 o
    5   m 18 o
>>> 6   m 20 w
    7   m 24 e
    8   m 29 s


Turn 365
================================================================
warning: entity 20 was directed to use 3 halite to move east, but only 2 halite was available
At command 6 of 11:
    4   m 12 o
    5   m 18 n
>>> 6   m 20 e
    7   m 24 e
    8   m 29 o

warning: entity 24 was directed to use 3 halite to move east, but only 1 halite was available
At command 7 of 11:
    5   m 18 n
    6   m 20 e
>>> 7   m 24 e
    8   m 29 o
    9   m 31 n

warning: entity 35 was directed to use 4 halite to move south, but only 2 halite was available
At command 11 of 11:
    9   m 31 n
    10   m 32 e
>>> 11   m 35 s


Turn 366
================================================================
warning: entity 31 was directed to use 3 halite to move north, but only 0 halite was available
At command 9 of 11:
    7   m 24 e
    8   m 29 w
>>> 9   m 31 n
    10   m 32 e
    11   m 35 s


Turn 368
================================================================
warning: entity 29 was directed to use 1 halite to move north, but only 0 halite was available
At command 7 of 10:
    5   m 20 o
    6   m 24 o
>>> 7   m 29 n
    8   m 31 n
    9   m 32 e


Turn 369
================================================================
warning: entity 35 was directed to use 4 halite to move south, but only 3 halite was available
At command 11 of 11:
    9   m 31 n
    10   m 32 e
>>> 11   m 35 s


Turn 370
================================================================
warning: entity 31 was directed to use 4 halite to move north, but only 2 halite was available
At command 9 of 11:
    7   m 24 o
    8   m 29 n
>>> 9   m 31 n
    10   m 32 e
    11   m 35 s


Turn 371
================================================================
warning: entity 29 was directed to use 2 halite to move north, but only 1 halite was available
At command 8 of 11:
    6   m 20 n
    7   m 24 o
>>> 8   m 29 n
    9   m 31 n
    10   m 32 e


Turn 373
================================================================
warning: entity 18 was directed to use 3 halite to move east, but only 0 halite was available
At command 5 of 11:
    3   m 8 o
    4   m 12 o
>>> 5   m 18 e
    6   m 20 w
    7   m 24 o


Turn 375
================================================================
warning: entity 29 was directed to use 3 halite to move north, but only 1 halite was available
At command 8 of 11:
    6   m 20 w
    7   m 24 o
>>> 8   m 29 n
    9   m 31 w
    10   m 32 o


Turn 376
================================================================
warning: entity 18 was directed to use 4 halite to move east, but only 2 halite was available
At command 4 of 10:
    2   m 8 w
    3   m 12 w
>>> 4   m 18 e
    5   m 20 w
    6   m 24 o


Turn 379
================================================================
warning: entity 5 was directed to use 2 halite to move south, but only 0 halite was available
At command 2 of 10:
    1   m 3 s
>>> 2   m 5 s
    3   m 8 w
    4   m 12 w


Turn 381
================================================================
warning: entity 18 was directed to use 4 halite to move west, but only 1 halite was available
At command 5 of 10:
    3   m 8 w
    4   m 12 w
>>> 5   m 18 w
    6   m 20 o
    7   m 29 e


Turn 383
================================================================
warning: entity 3 was directed to use 1 halite to move south, but only 0 halite was available
At command 1 of 9:
>>> 1   m 3 s
    2   m 5 o
    3   m 8 w


Turn 387
================================================================
warning: entity 3 was directed to use 5 halite to move south, but only 3 halite was available
At command 1 of 10:
>>> 1   m 3 s
    2   m 5 o
    3   m 8 s


Turn 389
================================================================
warning: entity 18 was directed to use 4 halite to move west, but only 0 halite was available
At command 4 of 9:
    2   m 5 s
    3   m 12 s
>>> 4   m 18 w
    5   m 20 o
    6   m 29 o


Turn 392
================================================================
warning: entity 8 was directed to use 1 halite to move south, but only 0 halite was available
At command 3 of 9:
    1   m 3 s
    2   m 5 s
>>> 3   m 8 s
    4   m 12 s
    5   m 20 e


Turn 393
================================================================
warning: entity 3 was directed to use 3 halite to move south, but only 0 halite was available
At command 1 of 9:
>>> 1   m 3 s
    2   m 5 o
    3   m 8 s


Turn 396
================================================================
warning: entity 8 was directed to use 4 halite to move south, but only 3 halite was available
At command 3 of 9:
    1   m 3 o
    2   m 5 s
>>> 3   m 8 s
    4   m 12 s
    5   m 20 e


Turn 399
================================================================
warning: entity 12 was directed to use 1 halite to move south, but only 0 halite was available
At command 4 of 8:
    2   m 5 o
    3   m 8 s
>>> 4   m 12 s
    5   m 20 e
    6   m 29 s


Turn 403
================================================================
warning: entity 12 was directed to use 1 halite to move south, but only 0 halite was available
At command 3 of 8:
    1   m 3 o
    2   m 5 o
>>> 3   m 12 s
    4   m 20 s
    5   m 29 s

warning: owned entities 31, 32 collided on cell (16, 8) as the result of moves on this turn
At command 6 of 8:
    4   m 20 s
    5   m 29 s
>>> 6   m 31 w
    7   m 32 s
    8   m 35 n

Other commands that placed an entity on this cell:
    5   m 29 s
    6   m 31 w
>>> 7   m 32 s
    8   m 35 n


Turn 406
================================================================
warning: entity 12 was directed to use 1 halite to move south, but only 0 halite was available
At command 3 of 5:
    1   m 3 s
    2   m 5 o
>>> 3   m 12 s
    4   m 29 s
    5   m 35 n


Turn 409
================================================================
warning: entity 12 was directed to use 5 halite to move south, but only 2 halite was available
At command 3 of 5:
    1   m 3 o
    2   m 5 o
>>> 3   m 12 s
    4   m 29 s
    5   m 35 n


Turn 414
================================================================
warning: entity 12 was directed to use 4 halite to move south, but only 1 halite was available
At command 3 of 6:
    1   m 3 w
    2   m 5 s
>>> 3   m 12 s
    4   m 20 w
    5   m 29 s


Turn 420
================================================================
warning: entity 12 was directed to use 3 halite to move west, but only 0 halite was available
At command 3 of 6:
    1   m 3 n
    2   m 5 n
>>> 3   m 12 w
    4   m 20 w
    5   m 29 w


Turn 423
================================================================
warning: entity 29 was directed to use 2 halite to move west, but only 1 halite was available
At command 5 of 6:
    3   m 12 w
    4   m 20 e
>>> 5   m 29 w
    6   m 35 s


Turn 424
================================================================
warning: owned entities 29, 35, 3 collided on cell (11, 20) as the result of moves on this turn
At command 3 of 4:
    1   m 5 n
    2   m 12 n
>>> 3   m 29 w
    4   m 35 s

Other commands that placed an entity on this cell:
    2   m 12 n
    3   m 29 w
>>> 4   m 35 s

