
Turn 3
================================================================
warning: entity 1 was directed to use 2 halite to move west, but only 0 halite was available
At command 1 of 1:
>>> 1   m 1 w


Turn 6
================================================================
warning: entity 1 was directed to use 26 halite to move west, but only 3 halite was available
At command 2 of 2:
    1   g
>>> 2   m 1 w


Turn 8
================================================================
warning: entity 3 was directed to use 1 halite to move south, but only 0 halite was available
At command 2 of 2:
    1   m 1 w
>>> 2   m 3 s


Turn 10
================================================================
warning: entity 3 was directed to use 11 halite to move west, but only 4 halite was available
At command 2 of 2:
    1   m 1 o
>>> 2   m 3 w


Turn 14
================================================================
warning: entity 5 was directed to use 14 halite to move east, but only 0 halite was available
At command 3 of 3:
    1   m 1 o
    2   m 3 o
>>> 3   m 5 e


Turn 17
================================================================
warning: entity 5 was directed to use 23 halite to move east, but only 22 halite was available
At command 4 of 4:
    2   m 1 o
    3   m 3 o
>>> 4   m 5 e


Turn 19
================================================================
warning: entity 7 was directed to use 1 halite to move south, but only 0 halite was available
At command 4 of 4:
    2   m 3 o
    3   m 5 e
>>> 4   m 7 s


Turn 21
================================================================
warning: entity 7 was directed to use 8 halite to move west, but only 4 halite was available
At command 4 of 4:
    2   m 3 o
    3   m 5 o
>>> 4   m 7 w


Turn 48
================================================================
warning: entity 5 was directed to use 2 halite to move north, but only 0 halite was available
At command 3 of 4:
    1   m 1 w
    2   m 3 o
>>> 3   m 5 n
    4   m 7 n


Turn 50
================================================================
warning: entity 1 was directed to use 1 halite to move west, but only 0 halite was available
At command 1 of 4:
>>> 1   m 1 w
    2   m 3 o
    3   m 5 e


Turn 58
================================================================
warning: entity 9 was directed to use 1 halite to move east, but only 0 halite was available
At command 5 of 5:
    3   m 5 w
    4   m 7 s
>>> 5   m 9 e


Turn 61
================================================================
warning: entity 9 was directed to use 17 halite to move east, but only 3 halite was available
At command 5 of 5:
    3   m 5 o
    4   m 7 s
>>> 5   m 9 e


Turn 64
================================================================
warning: entity 10 was directed to use 1 halite to move west, but only 0 halite was available
At command 6 of 6:
    4   m 7 e
    5   m 9 e
>>> 6   m 10 w


Turn 65
================================================================
warning: entity 9 was directed to use 30 halite to move east, but only 26 halite was available
At command 4 of 5:
    2   m 3 e
    3   m 7 w
>>> 4   m 9 e
    5   m 10 w


Turn 67
================================================================
warning: entity 10 was directed to use 16 halite to move west, but only 3 halite was available
At command 6 of 6:
    4   m 7 n
    5   m 9 o
>>> 6   m 10 w


Turn 77
================================================================
warning: entity 1 was directed to use 1 halite to move west, but only 0 halite was available
At command 1 of 6:
>>> 1   m 1 w
    2   m 3 o
    3   m 5 w


Turn 99
================================================================
warning: entity 3 was directed to use 1 halite to move west, but only 0 halite was available
At command 2 of 5:
    1   m 1 n
>>> 2   m 3 w
    3   m 5 o
    4   m 7 s


Turn 101
================================================================
warning: entity 3 was directed to use 18 halite to move west, but only 3 halite was available
At command 2 of 6:
    1   m 1 e
>>> 2   m 3 w
    3   m 5 o
    4   m 7 o


Turn 106
================================================================
warning: entity 10 was directed to use 1 halite to move east, but only 0 halite was available
At command 6 of 6:
    4   m 7 n
    5   m 9 o
>>> 6   m 10 e


Turn 120
================================================================
warning: entity 13 was directed to use 1 halite to move west, but only 0 halite was available
At command 8 of 8:
    6   m 9 o
    7   m 10 w
>>> 8   m 13 w


Turn 123
================================================================
warning: entity 14 was directed to use 1 halite to move east, but only 0 halite was available
At command 8 of 8:
    6   m 10 w
    7   m 13 w
>>> 8   m 14 e


Turn 126
================================================================
warning: entity 13 was directed to use 26 halite to move west, but only 0 halite was available
At command 6 of 7:
    4   m 7 s
    5   m 10 o
>>> 6   m 13 w
    7   m 14 e


Turn 127
================================================================
warning: entity 14 was directed to use 10 halite to move east, but only 1 halite was available
At command 8 of 8:
    6   m 10 o
    7   m 13 w
>>> 8   m 14 e


Turn 130
================================================================
warning: entity 14 was directed to use 37 halite to move east, but only 11 halite was available
At command 8 of 8:
    6   m 10 o
    7   m 13 o
>>> 8   m 14 e


Turn 132
================================================================
warning: entity 1 was directed to use 2 halite to move south, but only 0 halite was available
At command 1 of 7:
>>> 1   m 1 s
    2   m 3 o
    3   m 5 o


Turn 136
================================================================
warning: entity 1 was directed to use 1 halite to move south, but only 0 halite was available
At command 1 of 6:
>>> 1   m 1 s
    2   m 5 o
    3   m 9 n


Turn 141
================================================================
warning: entity 1 was directed to use 1 halite to move south, but only 0 halite was available
At command 1 of 6:
>>> 1   m 1 s
    2   m 3 n
    3   m 5 e


Turn 145
================================================================
warning: entity 3 was directed to use 1 halite to move north, but only 0 halite was available
At command 2 of 8:
    1   m 1 o
>>> 2   m 3 n
    3   m 5 o
    4   m 7 o


Turn 161
================================================================
warning: entity 5 was directed to use 1 halite to move south, but only 0 halite was available
At command 3 of 8:
    1   m 1 o
    2   m 3 w
>>> 3   m 5 s
    4   m 7 n
    5   m 9 w


Turn 164
================================================================
warning: entity 3 was directed to use 1 halite to move west, but only 0 halite was available
At command 2 of 7:
    1   m 1 o
>>> 2   m 3 w
    3   m 5 o
    4   m 7 n


Turn 183
================================================================
warning: entity 9 was directed to use 1 halite to move east, but only 0 halite was available
At command 5 of 8:
    3   m 5 o
    4   m 7 s
>>> 5   m 9 e
    6   m 10 o
    7   m 13 e


Turn 189
================================================================
warning: entity 9 was directed to use 10 halite to move east, but only 2 halite was available
At command 5 of 8:
    3   m 5 w
    4   m 7 o
>>> 5   m 9 e
    6   m 10 n
    7   m 13 s


Turn 191
================================================================
warning: entity 9 was directed to use 27 halite to move east, but only 21 halite was available
At command 5 of 8:
    3   m 5 n
    4   m 7 o
>>> 5   m 9 e
    6   m 10 n
    7   m 13 o


Turn 195
================================================================
warning: entity 5 was directed to use 21 halite to move north, but only 11 halite was available
At command 3 of 8:
    1   m 1 e
    2   m 3 w
>>> 3   m 5 n
    4   m 7 n
    5   m 9 e


Turn 199
================================================================
warning: entity 5 was directed to use 11 halite to move east, but only 3 halite was available
At command 3 of 7:
    1   m 1 n
    2   m 3 w
>>> 3   m 5 e
    4   m 7 w
    5   m 13 s


Turn 201
================================================================
warning: entity 17 was directed to use 1 halite to move west, but only 0 halite was available
At command 8 of 8:
    6   m 13 w
    7   m 14 s
>>> 8   m 17 w


Turn 202
================================================================
warning: entity 5 was directed to use 8 halite to move south, but only 2 halite was available
At command 3 of 8:
    1   m 1 o
    2   m 3 o
>>> 3   m 5 s
    4   m 7 n
    5   m 10 n


Turn 204
================================================================
warning: entity 5 was directed to use 20 halite to move east, but only 17 halite was available
At command 3 of 8:
    1   m 1 o
    2   m 3 o
>>> 3   m 5 e
    4   m 7 w
    5   m 10 w


Turn 205
================================================================
warning: entity 17 was directed to use 43 halite to move west, but only 1 halite was available
At command 8 of 8:
    6   m 13 w
    7   m 14 o
>>> 8   m 17 w


Turn 219
================================================================
warning: entity 7 was directed to use 1 halite to move west, but only 0 halite was available
At command 3 of 6:
    1   m 1 w
    2   m 3 e
>>> 3   m 7 w
    4   m 13 n
    5   m 14 w


Turn 223
================================================================
warning: entity 7 was directed to use 10 halite to move west, but only 2 halite was available
At command 4 of 8:
    2   m 3 o
    3   m 5 e
>>> 4   m 7 w
    5   m 10 s
    6   m 13 n


Turn 228
================================================================
warning: entity 17 was directed to use 1 halite to move south, but only 0 halite was available
At command 8 of 8:
    6   m 13 e
    7   m 14 o
>>> 8   m 17 s


Turn 229
================================================================
warning: entity 7 was directed to use 8 halite to move west, but only 1 halite was available
At command 4 of 8:
    2   m 3 o
    3   m 5 s
>>> 4   m 7 w
    5   m 10 e
    6   m 13 n


Turn 231
================================================================
warning: entity 7 was directed to use 35 halite to move west, but only 15 halite was available
At command 4 of 8:
    2   m 3 o
    3   m 5 s
>>> 4   m 7 w
    5   m 10 s
    6   m 13 e


Turn 233
================================================================
warning: entity 17 was directed to use 10 halite to move west, but only 2 halite was available
At command 8 of 8:
    6   m 13 n
    7   m 14 s
>>> 8   m 17 w


Turn 235
================================================================
warning: entity 17 was directed to use 22 halite to move west, but only 21 halite was available
At command 8 of 8:
    6   m 13 n
    7   m 14 e
>>> 8   m 17 w


Turn 240
================================================================
warning: entity 17 was directed to use 41 halite to move west, but only 35 halite was available
At command 8 of 8:
    6   m 13 o
    7   m 14 o
>>> 8   m 17 w


Turn 244
================================================================
warning: entity 3 was directed to use 1 halite to move north, but only 0 halite was available
At command 2 of 8:
    1   m 1 e
>>> 2   m 3 n
    3   m 5 n
    4   m 7 s


Turn 257
================================================================
warning: entity 7 was directed to use 2 halite to move south, but only 0 halite was available
At command 4 of 7:
    2   m 3 s
    3   m 5 e
>>> 4   m 7 s
    5   m 13 w
    6   m 14 e

warning: entity 14 was directed to use 1 halite to move east, but only 0 halite was available
At command 6 of 7:
    4   m 7 s
    5   m 13 w
>>> 6   m 14 e
    7   m 17 n


Turn 262
================================================================
warning: entity 14 was directed to use 20 halite to move east, but only 0 halite was available
At command 7 of 8:
    5   m 10 e
    6   m 13 w
>>> 7   m 14 e
    8   m 17 n


Turn 263
================================================================
warning: entity 7 was directed to use 1 halite to move south, but only 0 halite was available
At command 4 of 8:
    2   m 3 e
    3   m 5 o
>>> 4   m 7 s
    5   m 10 e
    6   m 13 s


Turn 264
================================================================
warning: entity 13 was directed to use 1 halite to move south, but only 0 halite was available
At command 6 of 8:
    4   m 7 s
    5   m 10 o
>>> 6   m 13 s
    7   m 14 e
    8   m 17 e


Turn 265
================================================================
warning: entity 7 was directed to use 8 halite to move south, but only 3 halite was available
At command 4 of 7:
    2   m 3 o
    3   m 5 o
>>> 4   m 7 s
    5   m 13 s
    6   m 14 e


Turn 269
================================================================
warning: entity 13 was directed to use 1 halite to move south, but only 0 halite was available
At command 5 of 7:
    3   m 7 o
    4   m 10 w
>>> 5   m 13 s
    6   m 14 e
    7   m 17 o


Turn 271
================================================================
warning: entity 13 was directed to use 4 halite to move south, but only 3 halite was available
At command 6 of 8:
    4   m 7 o
    5   m 10 w
>>> 6   m 13 s
    7   m 14 e
    8   m 17 o


Turn 274
================================================================
warning: entity 13 was directed to use 7 halite to move south, but only 0 halite was available
At command 6 of 8:
    4   m 7 o
    5   m 10 w
>>> 6   m 13 s
    7   m 14 n
    8   m 17 o


Turn 278
================================================================
warning: entity 10 was directed to use 1 halite to move south, but only 0 halite was available
At command 4 of 7:
    2   m 3 s
    3   m 5 w
>>> 4   m 10 s
    5   m 13 o
    6   m 14 e


Turn 282
================================================================
warning: entity 5 was directed to use 1 halite to move south, but only 0 halite was available
At command 3 of 8:
    1   m 1 n
    2   m 3 w
>>> 3   m 5 s
    4   m 7 w
    5   m 10 s


Turn 283
================================================================
warning: entity 10 was directed to use 3 halite to move east, but only 1 halite was available
At command 5 of 8:
    3   m 5 w
    4   m 7 w
>>> 5   m 10 e
    6   m 13 o
    7   m 14 w


Turn 285
================================================================
warning: entity 10 was directed to use 12 halite to move south, but only 8 halite was available
At command 5 of 8:
    3   m 5 o
    4   m 7 w
>>> 5   m 10 s
    6   m 13 o
    7   m 14 w


Turn 290
================================================================
warning: entity 10 was directed to use 13 halite to move south, but only 6 halite was available
At command 4 of 7:
    2   m 5 o
    3   m 7 o
>>> 4   m 10 s
    5   m 13 n
    6   m 14 w


Turn 293
================================================================
warning: entity 10 was directed to use 31 halite to move south, but only 29 halite was available
At command 4 of 7:
    2   m 5 o
    3   m 7 o
>>> 4   m 10 s
    5   m 13 n
    6   m 17 o


Turn 295
================================================================
warning: entity 19 was directed to use 1 halite to move north, but only 0 halite was available
At command 7 of 7:
    5   m 13 n
    6   m 17 o
>>> 7   m 19 n


Turn 300
================================================================
warning: entity 19 was directed to use 1 halite to move north, but only 0 halite was available
At command 8 of 8:
    6   m 13 o
    7   m 17 n
>>> 8   m 19 n


Turn 304
================================================================
warning: entity 1 was directed to use 1 halite to move west, but only 0 halite was available
At command 1 of 8:
>>> 1   m 1 w
    2   m 3 o
    3   m 5 o

warning: entity 19 was directed to use 7 halite to move north, but only 3 halite was available
At command 8 of 8:
    6   m 13 s
    7   m 17 e
>>> 8   m 19 n


Turn 309
================================================================
warning: entity 1 was directed to use 1 halite to move south, but only 0 halite was available
At command 1 of 7:
>>> 1   m 1 s
    2   m 3 n
    3   m 7 o

warning: entity 19 was directed to use 22 halite to move north, but only 0 halite was available
At command 7 of 7:
    5   m 13 o
    6   m 17 o
>>> 7   m 19 n


Turn 311
================================================================
warning: entity 1 was directed to use 14 halite to move south, but only 4 halite was available
At command 1 of 7:
>>> 1   m 1 s
    2   m 3 e
    3   m 5 e


Turn 313
================================================================
warning: entity 1 was directed to use 30 halite to move south, but only 29 halite was available
At command 1 of 8:
>>> 1   m 1 s
    2   m 3 e
    3   m 5 e


Turn 358
================================================================
warning: entity 10 was directed to use 1 halite to move east, but only 0 halite was available
At command 5 of 8:
    3   m 5 e
    4   m 7 o
>>> 5   m 10 e
    6   m 13 w
    7   m 17 w


Turn 363
================================================================
warning: entity 10 was directed to use 10 halite to move south, but only 2 halite was available
At command 5 of 8:
    3   m 5 s
    4   m 7 e
>>> 5   m 10 s
    6   m 13 o
    7   m 17 n


Turn 364
================================================================
warning: entity 1 was directed to use 2 halite to move west, but only 0 halite was available
At command 1 of 8:
>>> 1   m 1 w
    2   m 3 w
    3   m 5 n


Turn 365
================================================================
warning: entity 10 was directed to use 23 halite to move south, but only 22 halite was available
At command 5 of 8:
    3   m 5 e
    4   m 7 n
>>> 5   m 10 s
    6   m 13 o
    7   m 17 o


Turn 370
================================================================
warning: entity 1 was directed to use 20 halite to move east, but only 4 halite was available
At command 1 of 8:
>>> 1   m 1 e
    2   m 3 o
    3   m 5 n

warning: entity 5 was directed to use 2 halite to move north, but only 0 halite was available
At command 3 of 8:
    1   m 1 e
    2   m 3 o
>>> 3   m 5 n
    4   m 7 o
    5   m 10 s


Turn 371
================================================================
warning: entity 10 was directed to use 27 halite to move south, but only 24 halite was available
At command 4 of 7:
    2   m 3 o
    3   m 5 n
>>> 4   m 10 s
    5   m 13 e
    6   m 17 e


Turn 377
================================================================
warning: entity 5 was directed to use 4 halite to move north, but only 0 halite was available
At command 3 of 8:
    1   m 1 o
    2   m 3 o
>>> 3   m 5 n
    4   m 7 o
    5   m 10 o


Turn 380
================================================================
warning: entity 5 was directed to use 8 halite to move west, but only 7 halite was available
At command 2 of 7:
    1   m 1 n
>>> 2   m 5 w
    3   m 7 o
    4   m 10 o


Turn 382
================================================================
warning: entity 5 was directed to use 26 halite to move west, but only 23 halite was available
At command 3 of 8:
    1   m 1 e
    2   m 3 s
>>> 3   m 5 w
    4   m 7 e
    5   m 10 o


Turn 385
================================================================
warning: entity 17 was directed to use 1 halite to move east, but only 0 halite was available
At command 7 of 8:
    5   m 10 o
    6   m 13 e
>>> 7   m 17 e
    8   m 19 o


Turn 386
================================================================
warning: entity 5 was directed to use 32 halite to move north, but only 2 halite was available
At command 3 of 8:
    1   m 1 o
    2   m 3 s
>>> 3   m 5 n
    4   m 7 o
    5   m 10 o


Turn 389
================================================================
warning: entity 17 was directed to use 12 halite to move north, but only 1 halite was available
At command 6 of 7:
    4   m 10 n
    5   m 13 o
>>> 6   m 17 n
    7   m 19 e


Turn 391
================================================================
warning: entity 17 was directed to use 26 halite to move east, but only 23 halite was available
At command 7 of 8:
    5   m 10 e
    6   m 13 o
>>> 7   m 17 e
    8   m 19 n


Turn 400
================================================================
warning: entity 19 was directed to use 2 halite to move north, but only 0 halite was available
At command 8 of 8:
    6   m 13 e
    7   m 17 e
>>> 8   m 19 n

