
Turn 39
================================================================
warning: entity 2 was directed to use 4 halite to move west, but only 0 halite was available
At command 2 of 3:
    1   m 0 e
>>> 2   m 2 w
    3   g


Turn 42
================================================================
warning: entity 2 was directed to use 4 halite to move north, but only 3 halite was available
At command 2 of 4:
    1   m 0 o
>>> 2   m 2 n
    3   m 4 w
    4   m 6 w

warning: entity 6 was directed to use 3 halite to move west, but only 0 halite was available
At command 4 of 4:
    2   m 2 n
    3   m 4 w
>>> 4   m 6 w


Turn 45
================================================================
warning: entity 6 was directed to use 3 halite to move north, but only 2 halite was available
At command 4 of 4:
    2   m 2 o
    3   m 4 o
>>> 4   m 6 n


Turn 49
================================================================
warning: entity 0 was directed to use 2 halite to move west, but only 0 halite was available
At command 1 of 5:
>>> 1   m 0 w
    2   m 2 o
    3   m 4 o


Turn 52
================================================================
warning: entity 8 was directed to use 1 halite to move north, but only 0 halite was available
At command 5 of 5:
    3   m 4 n
    4   m 6 o
>>> 5   m 8 n


Turn 54
================================================================
warning: entity 8 was directed to use 4 halite to move north, but only 3 halite was available
At command 5 of 5:
    3   m 4 n
    4   m 6 o
>>> 5   m 8 n


Turn 57
================================================================
warning: entity 4 was directed to use 4 halite to move north, but only 0 halite was available
At command 3 of 6:
    1   m 0 o
    2   m 2 o
>>> 3   m 4 n
    4   m 6 o
    5   m 8 o


Turn 59
================================================================
warning: entity 10 was directed to use 1 halite to move west, but only 0 halite was available
At command 6 of 6:
    4   m 6 o
    5   m 8 o
>>> 6   m 10 w


Turn 61
================================================================
warning: entity 10 was directed to use 4 halite to move west, but only 3 halite was available
At command 6 of 6:
    4   m 6 n
    5   m 8 o
>>> 6   m 10 w


Turn 78
================================================================
warning: entity 4 was directed to use 2 halite to move north, but only 0 halite was available
At command 3 of 7:
    1   m 0 n
    2   m 2 s
>>> 3   m 4 n
    4   m 6 e
    5   m 8 e


Turn 81
================================================================
warning: entity 4 was directed to use 3 halite to move north, but only 1 halite was available
At command 3 of 8:
    1   m 0 o
    2   m 2 w
>>> 3   m 4 n
    4   m 6 o
    5   m 8 o


Turn 82
================================================================
warning: entity 2 was directed to use 2 halite to move north, but only 0 halite was available
At command 2 of 8:
    1   m 0 o
>>> 2   m 2 n
    3   m 4 n
    4   m 6 s


Turn 83
================================================================
warning: entity 14 was directed to use 3 halite to move north, but only 0 halite was available
At command 8 of 8:
    6   m 10 o
    7   m 13 n
>>> 8   m 14 n


Turn 86
================================================================
warning: entity 2 was directed to use 2 halite to move east, but only 1 halite was available
At command 1 of 6:
>>> 1   m 2 e
    2   m 4 o
    3   m 6 w


Turn 89
================================================================
warning: entity 2 was directed to use 4 halite to move west, but only 3 halite was available
At command 2 of 7:
    1   m 0 e
>>> 2   m 2 w
    3   m 4 o
    4   m 6 s


Turn 91
================================================================
warning: entity 8 was directed to use 4 halite to move south, but only 0 halite was available
At command 5 of 9:
    3   m 4 w
    4   m 6 s
>>> 5   m 8 s
    6   m 10 o
    7   m 13 o


Turn 94
================================================================
warning: entity 15 was directed to use 3 halite to move east, but only 0 halite was available
At command 9 of 9:
    7   m 13 o
    8   m 14 o
>>> 9   m 15 e


Turn 98
================================================================
warning: entity 6 was directed to use 2 halite to move east, but only 0 halite was available
At command 4 of 9:
    2   m 2 e
    3   m 4 o
>>> 4   m 6 e
    5   m 8 o
    6   m 10 o


Turn 101
================================================================
warning: entity 0 was directed to use 1 halite to move east, but only 0 halite was available
At command 1 of 10:
>>> 1   m 0 e
    2   m 2 o
    3   m 4 e


Turn 103
================================================================
warning: entity 0 was directed to use 5 halite to move east, but only 3 halite was available
At command 1 of 11:
>>> 1   m 0 e
    2   m 2 o
    3   m 4 o


Turn 105
================================================================
warning: entity 20 was directed to use 2 halite to move north, but only 0 halite was available
At command 11 of 11:
    9   m 15 o
    10   m 19 o
>>> 11   m 20 n


Turn 109
================================================================
warning: entity 20 was directed to use 3 halite to move north, but only 2 halite was available
At command 11 of 11:
    9   m 15 o
    10   m 19 s
>>> 11   m 20 n


Turn 111
================================================================
warning: entity 14 was directed to use 1 halite to move east, but only 0 halite was available
At command 7 of 10:
    5   m 10 s
    6   m 13 o
>>> 7   m 14 e
    8   m 15 o
    9   m 19 o


Turn 116
================================================================
warning: entity 10 was directed to use 1 halite to move east, but only 0 halite was available
At command 6 of 12:
    4   m 6 o
    5   m 8 o
>>> 6   m 10 e
    7   m 13 s
    8   m 14 o


Turn 119
================================================================
warning: entity 10 was directed to use 4 halite to move south, but only 1 halite was available
At command 6 of 12:
    4   m 6 o
    5   m 8 o
>>> 6   m 10 s
    7   m 13 s
    8   m 14 e

warning: entity 21 was directed to use 1 halite to move north, but only 0 halite was available
At command 12 of 12:
    10   m 19 s
    11   m 20 o
>>> 12   m 21 n


Turn 123
================================================================
warning: entity 13 was directed to use 4 halite to move south, but only 0 halite was available
At command 6 of 11:
    4   m 6 o
    5   m 10 o
>>> 6   m 13 s
    7   m 14 o
    8   m 15 o


Turn 125
================================================================
warning: entity 21 was directed to use 4 halite to move east, but only 2 halite was available
At command 11 of 11:
    9   m 19 o
    10   m 20 n
>>> 11   m 21 e


Turn 126
================================================================
warning: entity 4 was directed to use 1 halite to move north, but only 0 halite was available
At command 3 of 12:
    1   m 0 w
    2   m 2 n
>>> 3   m 4 n
    4   m 6 o
    5   m 8 o


Turn 129
================================================================
warning: entity 4 was directed to use 4 halite to move north, but only 3 halite was available
At command 3 of 13:
    1   m 0 n
    2   m 2 e
>>> 3   m 4 n
    4   m 6 s
    5   m 8 n


Turn 130
================================================================
warning: entity 2 was directed to use 2 halite to move east, but only 0 halite was available
At command 2 of 12:
    1   m 0 e
>>> 2   m 2 e
    3   m 4 n
    4   m 6 o


Turn 133
================================================================
warning: entity 2 was directed to use 4 halite to move south, but only 2 halite was available
At command 2 of 14:
    1   m 0 w
>>> 2   m 2 s
    3   m 4 o
    4   m 6 o

warning: entity 23 was directed to use 4 halite to move west, but only 0 halite was available
At command 13 of 14:
    11   m 20 o
    12   m 21 o
>>> 13   m 23 w
    14   m 24 e


Turn 134
================================================================
warning: entity 24 was directed to use 2 halite to move east, but only 0 halite was available
At command 13 of 13:
    11   m 20 o
    12   m 23 w
>>> 13   m 24 e


Turn 137
================================================================
warning: entity 24 was directed to use 4 halite to move south, but only 1 halite was available
At command 13 of 13:
    11   m 21 o
    12   m 23 o
>>> 13   m 24 s


Turn 138
================================================================
warning: entity 0 was directed to use 1 halite to move south, but only 0 halite was available
At command 1 of 13:
>>> 1   m 0 s
    2   m 2 o
    3   m 4 o


Turn 141
================================================================
warning: entity 0 was directed to use 4 halite to move south, but only 0 halite was available
At command 1 of 13:
>>> 1   m 0 s
    2   m 2 o
    3   m 4 o

warning: entity 8 was directed to use 1 halite to move east, but only 0 halite was available
At command 5 of 13:
    3   m 4 o
    4   m 6 o
>>> 5   m 8 e
    6   m 10 n
    7   m 13 n


Turn 143
================================================================
warning: entity 15 was directed to use 1 halite to move north, but only 0 halite was available
At command 9 of 13:
    7   m 13 n
    8   m 14 o
>>> 9   m 15 n
    10   m 19 n
    11   m 21 e


Turn 144
================================================================
warning: entity 8 was directed to use 3 halite to move east, but only 0 halite was available
At command 5 of 13:
    3   m 4 o
    4   m 6 n
>>> 5   m 8 e
    6   m 10 n
    7   m 13 n


Turn 146
================================================================
warning: entity 15 was directed to use 3 halite to move north, but only 2 halite was available
At command 8 of 13:
    6   m 13 e
    7   m 14 o
>>> 8   m 15 n
    9   m 19 e
    10   m 20 o


Turn 147
================================================================
warning: entity 0 was directed to use 4 halite to move south, but only 0 halite was available
At command 1 of 13:
>>> 1   m 0 s
    2   m 2 w
    3   m 4 o


Turn 148
================================================================
warning: entity 19 was directed to use 3 halite to move east, but only 0 halite was available
At command 10 of 14:
    8   m 14 o
    9   m 15 n
>>> 10   m 19 e
    11   m 20 o
    12   m 21 o


Turn 150
================================================================
warning: entity 15 was directed to use 3 halite to move east, but only 0 halite was available
At command 9 of 13:
    7   m 13 o
    8   m 14 o
>>> 9   m 15 e
    10   m 19 e
    11   m 20 s


Turn 151
================================================================
warning: entity 10 was directed to use 2 halite to move east, but only 0 halite was available
At command 6 of 13:
    4   m 6 o
    5   m 8 o
>>> 6   m 10 e
    7   m 14 o
    8   m 15 e


Turn 152
================================================================
warning: entity 19 was directed to use 4 halite to move south, but only 0 halite was available
At command 10 of 15:
    8   m 14 o
    9   m 15 o
>>> 10   m 19 s
    11   m 20 o
    12   m 21 e


Turn 154
================================================================
warning: entity 10 was directed to use 4 halite to move south, but only 3 halite was available
At command 6 of 16:
    4   m 6 w
    5   m 8 o
>>> 6   m 10 s
    7   m 13 o
    8   m 14 w

warning: entity 21 was directed to use 1 halite to move west, but only 0 halite was available
At command 12 of 16:
    10   m 19 s
    11   m 20 s
>>> 12   m 21 w
    13   m 23 o
    14   m 24 w


Turn 155
================================================================
warning: entity 25 was directed to use 3 halite to move east, but only 0 halite was available
At command 15 of 16:
    13   m 23 o
    14   m 24 e
>>> 15   m 25 e
    16   m 26 w


Turn 158
================================================================
warning: entity 26 was directed to use 3 halite to move west, but only 0 halite was available
At command 16 of 17:
    14   m 24 e
    15   m 25 e
>>> 16   m 26 w
    17   m 27 w


Turn 159
================================================================
warning: entity 10 was directed to use 4 halite to move west, but only 0 halite was available
At command 6 of 17:
    4   m 6 n
    5   m 8 o
>>> 6   m 10 w
    7   m 13 s
    8   m 14 w

warning: entity 21 was directed to use 4 halite to move east, but only 2 halite was available
At command 12 of 17:
    10   m 19 o
    11   m 20 n
>>> 12   m 21 e
    13   m 23 o
    14   m 24 n

warning: entity 25 was directed to use 3 halite to move east, but only 0 halite was available
At command 15 of 17:
    13   m 23 o
    14   m 24 n
>>> 15   m 25 e
    16   m 26 w
    17   m 27 o


Turn 161
================================================================
warning: entity 26 was directed to use 4 halite to move north, but only 2 halite was available
At command 16 of 17:
    14   m 24 w
    15   m 25 o
>>> 16   m 26 n
    17   m 27 w


Turn 162
================================================================
warning: entity 27 was directed to use 4 halite to move north, but only 0 halite was available
At command 17 of 17:
    15   m 25 o
    16   m 26 n
>>> 17   m 27 n


Turn 164
================================================================
warning: entity 2 was directed to use 2 halite to move north, but only 0 halite was available
At command 2 of 17:
    1   m 0 o
>>> 2   m 2 n
    3   m 4 n
    4   m 6 o


Turn 165
================================================================
warning: entity 21 was directed to use 4 halite to move east, but only 2 halite was available
At command 12 of 17:
    10   m 19 o
    11   m 20 s
>>> 12   m 21 e
    13   m 23 o
    14   m 24 w


Turn 167
================================================================
warning: entity 2 was directed to use 4 halite to move north, but only 1 halite was available
At command 2 of 16:
    1   m 0 o
>>> 2   m 2 n
    3   m 6 e
    4   m 8 o


Turn 171
================================================================
warning: entity 4 was directed to use 1 halite to move south, but only 0 halite was available
At command 3 of 16:
    1   m 0 o
    2   m 2 n
>>> 3   m 4 s
    4   m 6 e
    5   m 8 w


Turn 172
================================================================
warning: entity 2 was directed to use 4 halite to move north, but only 3 halite was available
At command 2 of 16:
    1   c 0
>>> 2   m 2 n
    3   m 4 s
    4   m 6 o


Turn 175
================================================================
warning: entity 14 was directed to use 3 halite to move east, but only 0 halite was available
At command 7 of 15:
    5   m 10 n
    6   m 13 w
>>> 7   m 14 e
    8   m 15 o
    9   m 19 o


Turn 176
================================================================
warning: entity 4 was directed to use 1 halite to move south, but only 0 halite was available
At command 2 of 16:
    1   m 2 o
>>> 2   m 4 s
    3   m 6 e
    4   m 8 w

warning: entity 6 was directed to use 3 halite to move east, but only 0 halite was available
At command 3 of 16:
    1   m 2 o
    2   m 4 s
>>> 3   m 6 e
    4   m 8 w
    5   m 10 e


Turn 179
================================================================
warning: entity 6 was directed to use 3 halite to move south, but only 2 halite was available
At command 3 of 15:
    1   m 2 o
    2   m 4 o
>>> 3   m 6 s
    4   m 8 n
    5   m 10 o

warning: entity 14 was directed to use 4 halite to move east, but only 1 halite was available
At command 6 of 15:
    4   m 8 n
    5   m 10 o
>>> 6   m 14 e
    7   m 15 o
    8   m 19 w

warning: entity 20 was directed to use 2 halite to move east, but only 0 halite was available
At command 9 of 15:
    7   m 15 o
    8   m 19 w
>>> 9   m 20 e
    10   m 21 o
    11   m 23 e


Turn 182
================================================================
warning: entity 20 was directed to use 3 halite to move east, but only 2 halite was available
At command 10 of 16:
    8   m 15 o
    9   m 19 o
>>> 10   m 20 e
    11   m 21 o
    12   m 23 n


Turn 183
================================================================
warning: entity 13 was directed to use 2 halite to move east, but only 0 halite was available
At command 5 of 14:
    3   m 6 e
    4   m 10 n
>>> 5   m 13 e
    6   m 14 e
    7   m 19 n


Turn 185
================================================================
warning: entity 14 was directed to use 3 halite to move south, but only 0 halite was available
At command 7 of 15:
    5   m 10 n
    6   m 13 e
>>> 7   m 14 s
    8   m 15 s
    9   m 19 o


Turn 186
================================================================
warning: entity 13 was directed to use 4 halite to move west, but only 3 halite was available
At command 5 of 15:
    3   m 6 n
    4   m 8 e
>>> 5   m 13 w
    6   m 14 s
    7   m 15 s


Turn 187
================================================================
warning: entity 6 was directed to use 4 halite to move south, but only 1 halite was available
At command 3 of 16:
    1   m 2 o
    2   m 4 o
>>> 3   m 6 s
    4   m 8 e
    5   m 10 w

warning: entity 20 was directed to use 4 halite to move east, but only 1 halite was available
At command 10 of 16:
    8   m 15 s
    9   m 19 o
>>> 10   m 20 e
    11   m 21 o
    12   m 23 o


Turn 188
================================================================
warning: entity 8 was directed to use 2 halite to move east, but only 0 halite was available
At command 4 of 16:
    2   m 4 o
    3   m 6 s
>>> 4   m 8 e
    5   m 10 w
    6   m 13 s


Turn 190
================================================================
warning: entity 10 was directed to use 1 halite to move west, but only 0 halite was available
At command 5 of 16:
    3   m 6 s
    4   m 8 e
>>> 5   m 10 w
    6   m 13 s
    7   m 14 o


Turn 191
================================================================
warning: entity 8 was directed to use 3 halite to move east, but only 2 halite was available
At command 4 of 16:
    2   m 4 s
    3   m 6 s
>>> 4   m 8 e
    5   m 10 w
    6   m 13 s


Turn 193
================================================================
warning: entity 10 was directed to use 4 halite to move north, but only 0 halite was available
At command 5 of 16:
    3   m 6 e
    4   m 8 w
>>> 5   m 10 n
    6   m 13 s
    7   m 14 o

warning: entity 13 was directed to use 3 halite to move south, but only 0 halite was available
At command 6 of 16:
    4   m 8 w
    5   m 10 n
>>> 6   m 13 s
    7   m 14 o
    8   m 15 w

warning: entity 19 was directed to use 1 halite to move west, but only 0 halite was available
At command 9 of 16:
    7   m 14 o
    8   m 15 w
>>> 9   m 19 w
    10   m 20 o
    11   m 21 o


Turn 195
================================================================
warning: entity 6 was directed to use 1 halite to move south, but only 0 halite was available
At command 3 of 15:
    1   m 2 o
    2   m 4 o
>>> 3   m 6 s
    4   m 8 s
    5   m 10 n

warning: entity 8 was directed to use 4 halite to move south, but only 2 halite was available
At command 4 of 15:
    2   m 4 o
    3   m 6 s
>>> 4   m 8 s
    5   m 10 n
    6   m 13 n

warning: entity 23 was directed to use 2 halite to move east, but only 0 halite was available
At command 11 of 15:
    9   m 20 o
    10   m 21 o
>>> 11   m 23 e
    12   m 24 n
    13   m 25 s


Turn 196
================================================================
warning: entity 19 was directed to use 3 halite to move west, but only 0 halite was available
At command 9 of 16:
    7   m 14 s
    8   m 15 w
>>> 9   m 19 w
    10   m 20 o
    11   m 21 o


Turn 197
================================================================
warning: entity 10 was directed to use 4 halite to move north, but only 3 halite was available
At command 5 of 16:
    3   m 6 e
    4   m 8 n
>>> 5   m 10 n
    6   m 13 s
    7   m 14 o


Turn 199
================================================================
warning: entity 13 was directed to use 1 halite to move south, but only 0 halite was available
At command 6 of 16:
    4   m 8 e
    5   m 10 n
>>> 6   m 13 s
    7   m 14 o
    8   m 15 w

warning: entity 23 was directed to use 1 halite to move east, but only 0 halite was available
At command 12 of 16:
    10   m 20 o
    11   m 21 o
>>> 12   m 23 e
    13   m 24 e
    14   m 25 o


Turn 200
================================================================
warning: entity 15 was directed to use 3 halite to move north, but only 0 halite was available
At command 8 of 17:
    6   m 13 s
    7   m 14 o
>>> 8   m 15 n
    9   m 19 o
    10   m 20 o


Turn 201
================================================================
warning: entity 13 was directed to use 4 halite to move east, but only 3 halite was available
At command 6 of 17:
    4   m 8 o
    5   m 10 o
>>> 6   m 13 e
    7   m 14 o
    8   m 15 n


Turn 202
================================================================
warning: entity 23 was directed to use 4 halite to move east, but only 0 halite was available
At command 11 of 17:
    9   m 20 o
    10   m 21 w
>>> 11   m 23 e
    12   m 24 e
    13   m 25 o


Turn 203
================================================================
warning: entity 24 was directed to use 1 halite to move east, but only 0 halite was available
At command 13 of 18:
    11   m 21 o
    12   m 23 e
>>> 13   m 24 e
    14   m 25 o
    15   m 26 s


Turn 204
================================================================
warning: entity 15 was directed to use 4 halite to move north, but only 2 halite was available
At command 8 of 17:
    6   m 13 o
    7   m 14 o
>>> 8   m 15 n
    9   m 19 o
    10   m 21 w

warning: entity 28 was directed to use 3 halite to move south, but only 0 halite was available
At command 16 of 17:
    14   m 26 s
    15   m 27 s
>>> 16   m 28 s
    17   m 29 e


Turn 206
================================================================
warning: entity 24 was directed to use 2 halite to move east, but only 1 halite was available
At command 12 of 17:
    10   m 21 w
    11   m 23 o
>>> 12   m 24 e
    13   m 25 o
    14   m 26 s


Turn 207
================================================================
warning: entity 29 was directed to use 1 halite to move east, but only 0 halite was available
At command 17 of 17:
    15   m 27 w
    16   m 28 s
>>> 17   m 29 e


Turn 208
================================================================
warning: entity 28 was directed to use 2 halite to move south, but only 0 halite was available
At command 16 of 17:
    14   m 26 s
    15   m 27 w
>>> 16   m 28 s
    17   m 29 e


Turn 210
================================================================
warning: entity 27 was directed to use 2 halite to move west, but only 0 halite was available
At command 16 of 18:
    14   m 25 o
    15   m 26 s
>>> 16   m 27 w
    17   m 28 s
    18   m 29 o


Turn 213
================================================================
warning: entity 29 was directed to use 4 halite to move south, but only 3 halite was available
At command 16 of 16:
    14   m 27 n
    15   m 28 o
>>> 16   m 29 s


Turn 214
================================================================
warning: entity 2 was directed to use 3 halite to move south, but only 0 halite was available
At command 1 of 17:
>>> 1   m 2 s
    2   m 4 w
    3   m 6 o

warning: entity 24 was directed to use 4 halite to move south, but only 2 halite was available
At command 12 of 17:
    10   m 21 w
    11   m 23 e
>>> 12   m 24 s
    13   m 25 w
    14   m 26 e


Turn 217
================================================================
warning: entity 20 was directed to use 1 halite to move south, but only 0 halite was available
At command 9 of 18:
    7   m 15 e
    8   m 19 o
>>> 9   m 20 s
    10   m 21 o
    11   m 23 o

warning: entity 26 was directed to use 2 halite to move east, but only 0 halite was available
At command 14 of 18:
    12   m 24 o
    13   m 25 o
>>> 14   m 26 e
    15   m 27 o
    16   m 28 n

warning: entity 29 was directed to use 4 halite to move west, but only 2 halite was available
At command 17 of 18:
    15   m 27 o
    16   m 28 n
>>> 17   m 29 w
    18   m 30 w


Turn 220
================================================================
warning: entity 20 was directed to use 3 halite to move south, but only 1 halite was available
At command 9 of 18:
    7   m 15 s
    8   m 19 o
>>> 9   m 20 s
    10   m 23 o
    11   m 25 w


Turn 221
================================================================
warning: entity 26 was directed to use 4 halite to move south, but only 1 halite was available
At command 15 of 21:
    13   m 24 s
    14   m 25 s
>>> 15   m 26 s
    16   m 27 o
    17   m 28 e

warning: entity 30 was directed to use 1 halite to move west, but only 0 halite was available
At command 19 of 21:
    17   m 28 e
    18   m 29 o
>>> 19   m 30 w
    20   m 31 w
    21   m 32 e


Turn 224
================================================================
warning: entity 30 was directed to use 4 halite to move north, but only 2 halite was available
At command 18 of 21:
    16   m 28 e
    17   m 29 o
>>> 18   m 30 n
    19   m 31 w
    20   m 32 s


Turn 225
================================================================
warning: entity 20 was directed to use 1 halite to move south, but only 0 halite was available
At command 9 of 21:
    7   m 14 w
    8   m 19 o
>>> 9   m 20 s
    10   m 21 s
    11   m 23 o

warning: entity 32 was directed to use 2 halite to move south, but only 0 halite was available
At command 20 of 21:
    18   m 30 n
    19   m 31 w
>>> 20   m 32 s
    21   m 33 e


Turn 226
================================================================
warning: entity 21 was directed to use 4 halite to move south, but only 0 halite was available
At command 11 of 22:
    9   m 19 o
    10   m 20 s
>>> 11   m 21 s
    12   m 23 o
    13   m 24 w

warning: entity 28 was directed to use 2 halite to move south, but only 0 halite was available
At command 17 of 22:
    15   m 26 s
    16   m 27 n
>>> 17   m 28 s
    18   m 29 o
    19   m 30 n

warning: entity 31 was directed to use 4 halite to move west, but only 0 halite was available
At command 20 of 22:
    18   m 29 o
    19   m 30 n
>>> 20   m 31 w
    21   m 32 s
    22   m 33 e


Turn 227
================================================================
warning: entity 20 was directed to use 4 halite to move south, but only 3 halite was available
At command 9 of 22:
    7   m 15 n
    8   m 19 o
>>> 9   m 20 s
    10   m 21 s
    11   m 23 o


Turn 228
================================================================
warning: entity 15 was directed to use 1 halite to move north, but only 0 halite was available
At command 8 of 23:
    6   m 13 o
    7   m 14 w
>>> 8   m 15 n
    9   m 19 n
    10   m 20 s

warning: entity 26 was directed to use 3 halite to move south, but only 0 halite was available
At command 15 of 23:
    13   m 24 o
    14   m 25 o
>>> 15   m 26 s
    16   m 27 o
    17   m 28 s

warning: entity 33 was directed to use 1 halite to move east, but only 0 halite was available
At command 22 of 23:
    20   m 31 w
    21   m 32 s
>>> 22   m 33 e
    23   m 34 e


Turn 229
================================================================
warning: entity 14 was directed to use 4 halite to move west, but only 0 halite was available
At command 7 of 24:
    5   m 10 o
    6   m 13 o
>>> 7   m 14 w
    8   m 15 n
    9   m 19 o

warning: entity 30 was directed to use 3 halite to move north, but only 0 halite was available
At command 19 of 24:
    17   m 28 s
    18   m 29 o
>>> 19   m 30 n
    20   m 31 o
    21   m 32 s


Turn 231
================================================================
warning: entity 15 was directed to use 4 halite to move north, but only 2 halite was available
At command 8 of 25:
    6   m 13 w
    7   m 14 w
>>> 8   m 15 n
    9   m 19 o
    10   m 20 e

warning: entity 20 was directed to use 1 halite to move east, but only 0 halite was available
At command 10 of 25:
    8   m 15 n
    9   m 19 o
>>> 10   m 20 e
    11   m 21 o
    12   m 23 o

warning: entity 32 was directed to use 3 halite to move south, but only 0 halite was available
At command 21 of 25:
    19   m 30 n
    20   m 31 o
>>> 21   m 32 s
    22   m 33 e
    23   m 34 e

warning: entity 33 was directed to use 3 halite to move east, but only 2 halite was available
At command 22 of 25:
    20   m 31 o
    21   m 32 s
>>> 22   m 33 e
    23   m 34 e
    24   m 35 w


Turn 233
================================================================
warning: entity 34 was directed to use 2 halite to move south, but only 0 halite was available
At command 23 of 26:
    21   m 32 s
    22   m 33 e
>>> 23   m 34 s
    24   m 35 w
    25   m 36 e


Turn 234
================================================================
warning: entity 6 was directed to use 3 halite to move west, but only 0 halite was available
At command 3 of 25:
    1   m 2 s
    2   m 4 o
>>> 3   m 6 w
    4   m 8 o
    5   m 10 o

warning: entity 35 was directed to use 1 halite to move west, but only 0 halite was available
At command 23 of 25:
    21   m 33 o
    22   m 34 s
>>> 23   m 35 w
    24   m 36 e
    25   m 37 w


Turn 235
================================================================
warning: entity 15 was directed to use 4 halite to move south, but only 3 halite was available
At command 7 of 25:
    5   m 10 o
    6   m 14 o
>>> 7   m 15 s
    8   m 19 o
    9   m 20 e

warning: entity 26 was directed to use 2 halite to move west, but only 0 halite was available
At command 14 of 25:
    12   m 24 w
    13   m 25 o
>>> 14   m 26 w
    15   m 27 o
    16   m 28 o


Turn 236
================================================================
warning: entity 36 was directed to use 1 halite to move south, but only 0 halite was available
At command 24 of 25:
    22   m 34 s
    23   m 35 w
>>> 24   m 36 s
    25   m 37 w


Turn 237
================================================================
warning: entity 13 was directed to use 2 halite to move east, but only 0 halite was available
At command 6 of 26:
    4   m 8 o
    5   m 10 s
>>> 6   m 13 e
    7   m 14 w
    8   m 15 n

warning: entity 35 was directed to use 3 halite to move north, but only 2 halite was available
At command 24 of 26:
    22   m 33 o
    23   m 34 s
>>> 24   m 35 n
    25   m 36 s
    26   m 37 w


Turn 238
================================================================
warning: entity 34 was directed to use 4 halite to move south, but only 0 halite was available
At command 22 of 26:
    20   m 32 o
    21   m 33 s
>>> 22   m 34 s
    23   m 35 n
    24   m 36 s


Turn 239
================================================================
warning: entity 6 was directed to use 1 halite to move south, but only 0 halite was available
At command 3 of 27:
    1   m 2 o
    2   m 4 o
>>> 3   m 6 s
    4   m 8 o
    5   m 10 s

warning: entity 37 was directed to use 2 halite to move west, but only 0 halite was available
At command 26 of 27:
    24   m 35 n
    25   m 36 s
>>> 26   m 37 w
    27   m 38 w


Turn 241
================================================================
warning: entity 24 was directed to use 2 halite to move east, but only 0 halite was available
At command 13 of 26:
    11   m 21 o
    12   m 23 o
>>> 13   m 24 e
    14   m 25 s
    15   m 26 o

warning: entity 35 was directed to use 5 halite to move north, but only 1 halite was available
At command 23 of 26:
    21   m 33 s
    22   m 34 w
>>> 23   m 35 n
    24   m 36 s
    25   m 37 w

warning: entity 36 was directed to use 4 halite to move south, but only 2 halite was available
At command 24 of 26:
    22   m 34 w
    23   m 35 n
>>> 24   m 36 s
    25   m 37 w
    26   m 38 w


Turn 242
================================================================
warning: entity 34 was directed to use 4 halite to move south, but only 3 halite was available
At command 22 of 26:
    20   m 32 o
    21   m 33 o
>>> 22   m 34 s
    23   m 35 n
    24   m 36 s

warning: entity 37 was directed to use 4 halite to move west, but only 3 halite was available
At command 25 of 26:
    23   m 35 n
    24   m 36 s
>>> 25   m 37 w
    26   m 38 w


Turn 243
================================================================
warning: entity 13 was directed to use 4 halite to move east, but only 1 halite was available
At command 6 of 26:
    4   m 8 w
    5   m 10 s
>>> 6   m 13 e
    7   m 14 s
    8   m 15 n


Turn 244
================================================================
warning: entity 38 was directed to use 1 halite to move west, but only 0 halite was available
At command 27 of 27:
    25   m 36 s
    26   m 37 w
>>> 27   m 38 w


Turn 246
================================================================
warning: entity 35 was directed to use 5 halite to move west, but only 0 halite was available
At command 23 of 26:
    21   m 33 o
    22   m 34 w
>>> 23   m 35 w
    24   m 36 s
    25   m 37 w


Turn 247
================================================================
warning: entity 36 was directed to use 4 halite to move west, but only 3 halite was available
At command 23 of 25:
    21   m 34 o
    22   m 35 w
>>> 23   m 36 w
    24   m 37 o
    25   m 38 w

warning: entity 38 was directed to use 3 halite to move west, but only 2 halite was available
At command 25 of 25:
    23   m 36 w
    24   m 37 o
>>> 25   m 38 w


Turn 248
================================================================
warning: entity 24 was directed to use 4 halite to move east, but only 3 halite was available
At command 13 of 26:
    11   m 21 n
    12   m 23 o
>>> 13   m 24 e
    14   m 25 o
    15   m 26 w


Turn 249
================================================================
warning: entity 10 was directed to use 1 halite to move east, but only 0 halite was available
At command 5 of 27:
    3   m 6 o
    4   m 8 o
>>> 5   m 10 e
    6   m 13 e
    7   m 14 o

warning: entity 28 was directed to use 1 halite to move south, but only 0 halite was available
At command 17 of 27:
    15   m 26 w
    16   m 27 o
>>> 17   m 28 s
    18   m 29 s
    19   m 30 s


Turn 250
================================================================
warning: entity 35 was directed to use 4 halite to move north, but only 3 halite was available
At command 24 of 27:
    22   m 33 o
    23   m 34 o
>>> 24   m 35 n
    25   m 36 s
    26   m 37 o


Turn 251
================================================================
warning: entity 38 was directed to use 5 halite to move east, but only 1 halite was available
At command 26 of 26:
    24   m 36 o
    25   m 37 o
>>> 26   m 38 e


Turn 253
================================================================
warning: entity 28 was directed to use 2 halite to move east, but only 0 halite was available
At command 17 of 27:
    15   m 26 s
    16   m 27 o
>>> 17   m 28 e
    18   m 29 o
    19   m 30 s


Turn 254
================================================================
warning: entity 20 was directed to use 2 halite to move west, but only 0 halite was available
At command 10 of 27:
    8   m 15 o
    9   m 19 w
>>> 10   m 20 w
    11   m 21 o
    12   m 23 w


Turn 257
================================================================
warning: entity 2 was directed to use 2 halite to move west, but only 0 halite was available
At command 1 of 27:
>>> 1   m 2 w
    2   m 4 o
    3   m 6 o

warning: entity 28 was directed to use 5 halite to move east, but only 0 halite was available
At command 17 of 27:
    15   m 26 s
    16   m 27 e
>>> 17   m 28 e
    18   m 29 o
    19   m 30 n


Turn 259
================================================================
warning: entity 30 was directed to use 1 halite to move east, but only 0 halite was available
At command 17 of 25:
    15   m 28 w
    16   m 29 o
>>> 17   m 30 e
    18   m 31 o
    19   m 32 o


Turn 260
================================================================
warning: entity 2 was directed to use 4 halite to move west, but only 0 halite was available
At command 1 of 26:
>>> 1   m 2 w
    2   m 4 o
    3   m 6 o

warning: entity 8 was directed to use 1 halite to move west, but only 0 halite was available
At command 4 of 26:
    2   m 4 o
    3   m 6 o
>>> 4   m 8 w
    5   m 10 o
    6   m 13 o


Turn 262
================================================================
warning: entity 8 was directed to use 4 halite to move south, but only 3 halite was available
At command 4 of 25:
    2   m 4 o
    3   m 6 o
>>> 4   m 8 s
    5   m 10 o
    6   m 13 o

warning: entity 28 was directed to use 4 halite to move east, but only 3 halite was available
At command 17 of 25:
    15   m 26 o
    16   m 27 e
>>> 17   m 28 e
    18   m 29 s
    19   m 30 e

warning: entity 30 was directed to use 3 halite to move east, but only 1 halite was available
At command 19 of 25:
    17   m 28 e
    18   m 29 s
>>> 19   m 30 e
    20   m 31 o
    21   m 32 e


Turn 265
================================================================
warning: entity 19 was directed to use 1 halite to move south, but only 0 halite was available
At command 9 of 27:
    7   m 14 o
    8   m 15 s
>>> 9   m 19 s
    10   m 20 e
    11   m 21 o


Turn 266
================================================================
warning: entity 23 was directed to use 2 halite to move east, but only 0 halite was available
At command 12 of 27:
    10   m 20 e
    11   m 21 o
>>> 12   m 23 e
    13   m 24 o
    14   m 25 o

warning: entity 26 was directed to use 1 halite to move west, but only 0 halite was available
At command 15 of 27:
    13   m 24 o
    14   m 25 o
>>> 15   m 26 w
    16   m 27 s
    17   m 28 o


Turn 267
================================================================
warning: entity 8 was directed to use 4 halite to move south, but only 1 halite was available
At command 3 of 25:
    1   m 2 o
    2   m 6 o
>>> 3   m 8 s
    4   m 10 o
    5   m 13 o

warning: entity 30 was directed to use 1 halite to move south, but only 0 halite was available
At command 18 of 25:
    16   m 28 o
    17   m 29 w
>>> 18   m 30 s
    19   m 31 o
    20   m 33 s


Turn 268
================================================================
warning: entity 19 was directed to use 3 halite to move south, but only 2 halite was available
At command 9 of 26:
    7   m 14 o
    8   m 15 s
>>> 9   m 19 s
    10   m 20 e
    11   m 21 o


Turn 269
================================================================
warning: entity 26 was directed to use 3 halite to move south, but only 0 halite was available
At command 15 of 27:
    13   m 24 o
    14   m 25 n
>>> 15   m 26 s
    16   m 27 s
    17   m 28 o


Turn 270
================================================================
warning: entity 23 was directed to use 3 halite to move south, but only 1 halite was available
At command 12 of 26:
    10   m 20 e
    11   m 21 o
>>> 12   m 23 s
    13   m 24 o
    14   m 25 o

warning: entity 30 was directed to use 3 halite to move south, but only 2 halite was available
At command 19 of 26:
    17   m 28 s
    18   m 29 w
>>> 19   m 30 s
    20   m 31 e
    21   m 32 o


Turn 272
================================================================
warning: entity 26 was directed to use 4 halite to move south, but only 3 halite was available
At command 15 of 26:
    13   m 24 o
    14   m 25 o
>>> 15   m 26 s
    16   m 28 o
    17   m 29 w


Turn 273
================================================================
warning: entity 36 was directed to use 2 halite to move west, but only 0 halite was available
At command 24 of 26:
    22   m 34 w
    23   m 35 o
>>> 24   m 36 w
    25   m 37 o
    26   m 38 o


Turn 276
================================================================
warning: entity 30 was directed to use 4 halite to move south, but only 3 halite was available
At command 18 of 26:
    16   m 28 o
    17   m 29 w
>>> 18   m 30 s
    19   m 31 e
    20   m 32 s


Turn 277
================================================================
warning: entity 26 was directed to use 4 halite to move south, but only 0 halite was available
At command 14 of 26:
    12   m 23 o
    13   m 24 o
>>> 14   m 26 s
    15   m 27 e
    16   m 28 o

warning: entity 29 was directed to use 1 halite to move west, but only 0 halite was available
At command 17 of 26:
    15   m 27 e
    16   m 28 o
>>> 17   m 29 w
    18   m 30 s
    19   m 31 e

warning: entity 36 was directed to use 2 halite to move west, but only 1 halite was available
At command 24 of 26:
    22   m 34 n
    23   m 35 e
>>> 24   m 36 w
    25   m 37 o
    26   m 38 o


Turn 278
================================================================
warning: entity 19 was directed to use 3 halite to move south, but only 2 halite was available
At command 9 of 27:
    7   m 14 e
    8   m 15 e
>>> 9   m 19 s
    10   m 20 o
    11   m 21 o


Turn 279
================================================================
warning: entity 27 was directed to use 1 halite to move south, but only 0 halite was available
At command 16 of 26:
    14   m 25 w
    15   m 26 o
>>> 16   m 27 s
    17   m 28 o
    18   m 29 w


Turn 280
================================================================
warning: entity 25 was directed to use 1 halite to move south, but only 0 halite was available
At command 14 of 26:
    12   m 23 s
    13   m 24 s
>>> 14   m 25 s
    15   m 26 o
    16   m 27 s


Turn 281
================================================================
warning: entity 29 was directed to use 1 halite to move west, but only 0 halite was available
At command 18 of 27:
    16   m 27 s
    17   m 28 o
>>> 18   m 29 w
    19   m 30 s
    20   m 31 s


Turn 282
================================================================
warning: entity 27 was directed to use 2 halite to move south, but only 1 halite was available
At command 15 of 26:
    13   m 25 s
    14   m 26 o
>>> 15   m 27 s
    16   m 28 o
    17   m 29 w


Turn 283
================================================================
warning: entity 25 was directed to use 3 halite to move south, but only 0 halite was available
At command 13 of 24:
    11   m 23 o
    12   m 24 o
>>> 13   m 25 s
    14   m 26 o
    15   m 27 s

warning: entity 32 was directed to use 4 halite to move east, but only 3 halite was available
At command 20 of 24:
    18   m 30 e
    19   m 31 s
>>> 20   m 32 e
    21   m 33 e
    22   m 36 s


Turn 284
================================================================
warning: entity 15 was directed to use 2 halite to move south, but only 0 halite was available
At command 8 of 27:
    6   m 13 s
    7   m 14 o
>>> 8   m 15 s
    9   m 19 o
    10   m 20 o


Turn 285
================================================================
warning: entity 29 was directed to use 3 halite to move south, but only 0 halite was available
At command 17 of 25:
    15   m 27 s
    16   m 28 o
>>> 17   m 29 s
    18   m 30 s
    19   m 32 s

warning: entity 30 was directed to use 2 halite to move south, but only 1 halite was available
At command 18 of 25:
    16   m 28 o
    17   m 29 s
>>> 18   m 30 s
    19   m 32 s
    20   m 33 e

warning: entity 33 was directed to use 1 halite to move east, but only 0 halite was available
At command 20 of 25:
    18   m 30 s
    19   m 32 s
>>> 20   m 33 e
    21   m 34 e
    22   m 35 o


Turn 287
================================================================
warning: entity 25 was directed to use 4 halite to move south, but only 1 halite was available
At command 14 of 27:
    12   m 23 o
    13   m 24 o
>>> 14   m 25 s
    15   m 26 o
    16   m 27 s


Turn 288
================================================================
warning: entity 27 was directed to use 3 halite to move south, but only 1 halite was available
At command 16 of 27:
    14   m 25 s
    15   m 26 o
>>> 16   m 27 s
    17   m 28 o
    18   m 29 s

warning: entity 30 was directed to use 3 halite to move west, but only 1 halite was available
At command 19 of 27:
    17   m 28 o
    18   m 29 s
>>> 19   m 30 w
    20   m 31 w
    21   m 32 e

warning: entity 32 was directed to use 4 halite to move east, but only 1 halite was available
At command 21 of 27:
    19   m 30 w
    20   m 31 w
>>> 21   m 32 e
    22   m 33 e
    23   m 34 e

warning: entity 34 was directed to use 1 halite to move east, but only 0 halite was available
At command 23 of 27:
    21   m 32 e
    22   m 33 e
>>> 23   m 34 e
    24   m 35 e
    25   m 36 s


Turn 289
================================================================
warning: entity 29 was directed to use 3 halite to move south, but only 0 halite was available
At command 17 of 26:
    15   m 27 s
    16   m 28 o
>>> 17   m 29 s
    18   m 30 w
    19   m 31 w


Turn 291
================================================================
warning: entity 25 was directed to use 3 halite to move east, but only 0 halite was available
At command 14 of 26:
    12   m 23 o
    13   m 24 o
>>> 14   m 25 e
    15   m 26 o
    16   m 27 s

warning: entity 31 was directed to use 1 halite to move west, but only 0 halite was available
At command 19 of 26:
    17   m 29 s
    18   m 30 o
>>> 19   m 31 w
    20   m 32 e
    21   m 33 s

warning: entity 33 was directed to use 3 halite to move south, but only 0 halite was available
At command 21 of 26:
    19   m 31 w
    20   m 32 e
>>> 21   m 33 s
    22   m 34 o
    23   m 35 o


Turn 292
================================================================
warning: entity 29 was directed to use 5 halite to move south, but only 2 halite was available
At command 18 of 27:
    16   m 27 e
    17   m 28 w
>>> 18   m 29 s
    19   m 30 o
    20   m 31 w


Turn 293
================================================================
warning: entity 4 was directed to use 2 halite to move west, but only 0 halite was available
At command 2 of 26:
    1   m 2 o
>>> 2   m 4 w
    3   m 6 n
    4   m 8 o


Turn 294
================================================================
warning: entity 15 was directed to use 2 halite to move south, but only 0 halite was available
At command 8 of 25:
    6   m 13 o
    7   m 14 o
>>> 8   m 15 s
    9   m 20 o
    10   m 21 s

warning: entity 31 was directed to use 4 halite to move north, but only 2 halite was available
At command 18 of 25:
    16   m 28 w
    17   m 29 o
>>> 18   m 31 n
    19   m 32 w
    20   m 33 s

warning: entity 33 was directed to use 5 halite to move south, but only 2 halite was available
At command 20 of 25:
    18   m 31 n
    19   m 32 w
>>> 20   m 33 s
    21   m 34 s
    22   m 35 s


Turn 296
================================================================
warning: entity 27 was directed to use 4 halite to move south, but only 0 halite was available
At command 16 of 26:
    14   m 25 s
    15   m 26 o
>>> 16   m 27 s
    17   m 28 e
    18   m 29 o


Turn 297
================================================================
warning: entity 4 was directed to use 4 halite to move south, but only 1 halite was available
At command 2 of 27:
    1   m 2 o
>>> 2   m 4 s
    3   m 6 o
    4   m 8 o

warning: entity 15 was directed to use 4 halite to move south, but only 3 halite was available
At command 8 of 27:
    6   m 13 w
    7   m 14 n
>>> 8   m 15 s
    9   m 19 o
    10   m 20 o

warning: entity 32 was directed to use 4 halite to move north, but only 0 halite was available
At command 21 of 27:
    19   m 30 w
    20   m 31 n
>>> 21   m 32 n
    22   m 33 o
    23   m 34 o


Turn 299
================================================================
warning: entity 31 was directed to use 4 halite to move north, but only 0 halite was available
At command 20 of 27:
    18   m 29 o
    19   m 30 w
>>> 20   m 31 n
    21   m 32 o
    22   m 33 o


Turn 300
================================================================
warning: entity 38 was directed to use 2 halite to move west, but only 0 halite was available
At command 27 of 27:
    25   m 36 s
    26   m 37 w
>>> 27   m 38 w


Turn 301
================================================================
warning: entity 4 was directed to use 3 halite to move south, but only 0 halite was available
At command 2 of 26:
    1   m 2 o
>>> 2   m 4 s
    3   m 6 o
    4   m 8 e


Turn 303
================================================================
warning: entity 37 was directed to use 1 halite to move west, but only 0 halite was available
At command 24 of 25:
    22   m 35 e
    23   m 36 o
>>> 24   m 37 w
    25   m 38 n

warning: entity 38 was directed to use 4 halite to move north, but only 3 halite was available
At command 25 of 25:
    23   m 36 o
    24   m 37 w
>>> 25   m 38 n


Turn 305
================================================================
warning: entity 4 was directed to use 4 halite to move south, but only 1 halite was available
At command 2 of 27:
    1   m 2 e
>>> 2   m 4 s
    3   m 6 o
    4   m 8 n


Turn 306
================================================================
warning: entity 37 was directed to use 3 halite to move west, but only 2 halite was available
At command 24 of 25:
    22   m 34 s
    23   m 36 o
>>> 24   m 37 w
    25   m 38 n


Turn 308
================================================================
warning: entity 14 was directed to use 1 halite to move east, but only 0 halite was available
At command 7 of 26:
    5   m 10 e
    6   m 13 n
>>> 7   m 14 e
    8   m 15 o
    9   m 19 o

warning: entity 38 was directed to use 3 halite to move north, but only 0 halite was available
At command 26 of 26:
    24   m 36 o
    25   m 37 w
>>> 26   m 38 n


Turn 310
================================================================
warning: entity 37 was directed to use 4 halite to move north, but only 3 halite was available
At command 25 of 26:
    23   m 35 w
    24   m 36 o
>>> 25   m 37 n
    26   m 38 n


Turn 311
================================================================
warning: entity 10 was directed to use 1 halite to move east, but only 0 halite was available
At command 5 of 26:
    3   m 6 o
    4   m 8 n
>>> 5   m 10 e
    6   m 13 o
    7   m 14 e

warning: entity 14 was directed to use 4 halite to move east, but only 1 halite was available
At command 7 of 26:
    5   m 10 e
    6   m 13 o
>>> 7   m 14 e
    8   m 15 w
    9   m 19 w

warning: entity 30 was directed to use 1 halite to move east, but only 0 halite was available
At command 18 of 26:
    16   m 28 o
    17   m 29 o
>>> 18   m 30 e
    19   m 31 o
    20   m 32 e


Turn 312
================================================================
warning: entity 21 was directed to use 1 halite to move west, but only 0 halite was available
At command 11 of 26:
    9   m 19 o
    10   m 20 o
>>> 11   m 21 w
    12   m 23 o
    13   m 24 w


Turn 313
================================================================
warning: entity 35 was directed to use 1 halite to move west, but only 0 halite was available
At command 24 of 26:
    22   m 33 o
    23   m 34 o
>>> 24   m 35 w
    25   m 37 n
    26   m 38 o


Turn 314
================================================================
warning: entity 10 was directed to use 4 halite to move south, but only 1 halite was available
At command 5 of 27:
    3   m 6 n
    4   m 8 n
>>> 5   m 10 s
    6   m 13 o
    7   m 14 e

warning: entity 30 was directed to use 3 halite to move east, but only 1 halite was available
At command 19 of 27:
    17   m 28 o
    18   m 29 o
>>> 19   m 30 e
    20   m 31 o
    21   m 32 o


Turn 315
================================================================
warning: entity 24 was directed to use 1 halite to move west, but only 0 halite was available
At command 13 of 27:
    11   m 21 s
    12   m 23 w
>>> 13   m 24 w
    14   m 25 o
    15   m 26 w


Turn 317
================================================================
warning: entity 21 was directed to use 4 halite to move south, but only 0 halite was available
At command 11 of 27:
    9   m 19 n
    10   m 20 w
>>> 11   m 21 s
    12   m 23 w
    13   m 24 w

warning: entity 35 was directed to use 4 halite to move west, but only 0 halite was available
At command 24 of 27:
    22   m 33 o
    23   m 34 o
>>> 24   m 35 w
    25   m 36 o
    26   m 37 o


Turn 318
================================================================
warning: entity 10 was directed to use 4 halite to move south, but only 3 halite was available
At command 5 of 27:
    3   m 6 w
    4   m 8 e
>>> 5   m 10 s
    6   m 13 n
    7   m 14 o

warning: entity 30 was directed to use 3 halite to move south, but only 0 halite was available
At command 19 of 27:
    17   m 28 o
    18   m 29 e
>>> 19   m 30 s
    20   m 31 o
    21   m 32 o


Turn 319
================================================================
warning: entity 24 was directed to use 4 halite to move south, but only 0 halite was available
At command 11 of 24:
    9   m 21 s
    10   m 23 o
>>> 11   m 24 s
    12   m 25 o
    13   m 26 n


Turn 321
================================================================
warning: entity 6 was directed to use 2 halite to move west, but only 0 halite was available
At command 3 of 27:
    1   m 2 n
    2   m 4 e
>>> 3   m 6 w
    4   m 8 o
    5   m 10 s

warning: entity 21 was directed to use 4 halite to move south, but only 0 halite was available
At command 11 of 27:
    9   m 19 n
    10   m 20 w
>>> 11   m 21 s
    12   m 23 n
    13   m 24 s


Turn 324
================================================================
warning: entity 10 was directed to use 4 halite to move south, but only 0 halite was available
At command 5 of 27:
    3   m 6 s
    4   m 8 o
>>> 5   m 10 s
    6   m 13 s
    7   m 14 e

warning: entity 13 was directed to use 2 halite to move south, but only 0 halite was available
At command 6 of 27:
    4   m 8 o
    5   m 10 s
>>> 6   m 13 s
    7   m 14 e
    8   m 15 w


Turn 325
================================================================
warning: entity 21 was directed to use 4 halite to move south, but only 2 halite was available
At command 10 of 25:
    8   m 15 w
    9   m 20 w
>>> 10   m 21 s
    11   m 23 n
    12   m 24 s

warning: entity 24 was directed to use 2 halite to move south, but only 0 halite was available
At command 12 of 25:
    10   m 21 s
    11   m 23 n
>>> 12   m 24 s
    13   m 25 o
    14   m 26 n


Turn 327
================================================================
warning: entity 6 was directed to use 2 halite to move south, but only 0 halite was available
At command 3 of 27:
    1   m 2 w
    2   m 4 s
>>> 3   m 6 s
    4   m 8 w
    5   m 10 s

warning: entity 15 was directed to use 1 halite to move west, but only 0 halite was available
At command 8 of 27:
    6   m 13 s
    7   m 14 o
>>> 8   m 15 w
    9   m 19 w
    10   m 20 w


Turn 328
================================================================
warning: entity 13 was directed to use 4 halite to move south, but only 0 halite was available
At command 6 of 26:
    4   m 8 o
    5   m 10 o
>>> 6   m 13 s
    7   m 14 e
    8   m 15 w

warning: entity 24 was directed to use 3 halite to move south, but only 0 halite was available
At command 12 of 26:
    10   m 20 o
    11   m 21 o
>>> 12   m 24 s
    13   m 25 o
    14   m 26 o


Turn 330
================================================================
warning: entity 6 was directed to use 2 halite to move south, but only 0 halite was available
At command 3 of 27:
    1   m 2 o
    2   m 4 s
>>> 3   m 6 s
    4   m 8 e
    5   m 10 o

warning: entity 19 was directed to use 1 halite to move west, but only 0 halite was available
At command 9 of 27:
    7   m 14 o
    8   m 15 w
>>> 9   m 19 w
    10   m 20 o
    11   m 21 o


Turn 331
================================================================
warning: entity 15 was directed to use 4 halite to move west, but only 0 halite was available
At command 8 of 27:
    6   m 13 s
    7   m 14 s
>>> 8   m 15 w
    9   m 19 w
    10   m 20 o


Turn 332
================================================================
warning: entity 6 was directed to use 5 halite to move south, but only 4 halite was available
At command 3 of 26:
    1   m 2 n
    2   m 4 o
>>> 3   m 6 s
    4   m 8 n
    5   m 10 o


Turn 333
================================================================
warning: entity 13 was directed to use 3 halite to move south, but only 2 halite was available
At command 6 of 27:
    4   m 8 n
    5   m 10 o
>>> 6   m 13 s
    7   m 14 s
    8   m 15 o

warning: entity 19 was directed to use 3 halite to move west, but only 2 halite was available
At command 9 of 27:
    7   m 14 s
    8   m 15 o
>>> 9   m 19 w
    10   m 20 o
    11   m 21 o

warning: entity 23 was directed to use 1 halite to move west, but only 0 halite was available
At command 12 of 27:
    10   m 20 o
    11   m 21 o
>>> 12   m 23 w
    13   m 24 o
    14   m 25 o


Turn 336
================================================================
warning: entity 27 was directed to use 4 halite to move south, but only 0 halite was available
At command 16 of 27:
    14   m 25 n
    15   m 26 o
>>> 16   m 27 s
    17   m 28 e
    18   m 29 o


Turn 337
================================================================
warning: entity 23 was directed to use 3 halite to move west, but only 0 halite was available
At command 12 of 27:
    10   m 20 o
    11   m 21 o
>>> 12   m 23 w
    13   m 24 o
    14   m 25 o


Turn 338
================================================================
warning: entity 19 was directed to use 4 halite to move south, but only 0 halite was available
At command 8 of 26:
    6   m 14 o
    7   m 15 s
>>> 8   m 19 s
    9   m 20 w
    10   m 21 o


Turn 340
================================================================
warning: entity 23 was directed to use 4 halite to move west, but only 1 halite was available
At command 12 of 27:
    10   m 20 n
    11   m 21 o
>>> 12   m 23 w
    13   m 24 o
    14   m 25 w

warning: entity 27 was directed to use 3 halite to move south, but only 2 halite was available
At command 16 of 27:
    14   m 25 w
    15   m 26 o
>>> 16   m 27 s
    17   m 28 e
    18   m 29 o


Turn 342
================================================================
warning: entity 19 was directed to use 4 halite to move south, but only 0 halite was available
At command 8 of 25:
    6   m 14 o
    7   m 15 s
>>> 8   m 19 s
    9   m 20 n
    10   m 21 o


Turn 343
================================================================
warning: entity 28 was directed to use 3 halite to move east, but only 0 halite was available
At command 17 of 26:
    15   m 26 o
    16   m 27 s
>>> 17   m 28 e
    18   m 29 n
    19   m 30 n


Turn 344
================================================================
warning: entity 27 was directed to use 3 halite to move south, but only 1 halite was available
At command 15 of 26:
    13   m 25 s
    14   m 26 n
>>> 15   m 27 s
    16   m 28 e
    17   m 29 n


Turn 347
================================================================
warning: entity 8 was directed to use 2 halite to move south, but only 0 halite was available
At command 4 of 26:
    2   m 4 s
    3   m 6 e
>>> 4   m 8 s
    5   m 13 o
    6   m 14 o

warning: entity 28 was directed to use 4 halite to move east, but only 1 halite was available
At command 16 of 26:
    14   m 26 w
    15   m 27 s
>>> 16   m 28 e
    17   m 29 n
    18   m 30 w


Turn 348
================================================================
warning: entity 2 was directed to use 1 halite to move west, but only 0 halite was available
At command 1 of 26:
>>> 1   m 2 w
    2   m 4 n
    3   m 6 w

warning: entity 27 was directed to use 3 halite to move south, but only 0 halite was available
At command 15 of 26:
    13   m 25 w
    14   m 26 w
>>> 15   m 27 s
    16   m 28 e
    17   m 29 n


Turn 351
================================================================
warning: entity 28 was directed to use 4 halite to move south, but only 1 halite was available
At command 17 of 25:
    15   m 26 w
    16   m 27 o
>>> 17   m 28 s
    18   m 30 w
    19   m 31 e


Turn 352
================================================================
warning: entity 2 was directed to use 5 halite to move south, but only 0 halite was available
At command 1 of 26:
>>> 1   m 2 s
    2   m 4 w
    3   m 6 w

warning: entity 26 was directed to use 2 halite to move west, but only 0 halite was available
At command 14 of 26:
    12   m 24 e
    13   m 25 n
>>> 14   m 26 w
    15   m 27 o
    16   m 28 s


Turn 355
================================================================
warning: entity 20 was directed to use 1 halite to move south, but only 0 halite was available
At command 9 of 26:
    7   m 15 o
    8   m 19 o
>>> 9   m 20 s
    10   m 21 e
    11   m 23 s


Turn 356
================================================================
warning: entity 26 was directed to use 3 halite to move west, but only 0 halite was available
At command 15 of 27:
    13   m 24 o
    14   m 25 s
>>> 15   m 26 w
    16   m 27 o
    17   m 28 s


Turn 358
================================================================
warning: entity 20 was directed to use 4 halite to move south, but only 1 halite was available
At command 10 of 27:
    8   m 15 o
    9   m 19 o
>>> 10   m 20 s
    11   m 21 o
    12   m 23 o

warning: entity 29 was directed to use 1 halite to move west, but only 0 halite was available
At command 18 of 27:
    16   m 27 s
    17   m 28 o
>>> 18   m 29 w
    19   m 30 n
    20   m 31 s

warning: entity 31 was directed to use 2 halite to move south, but only 0 halite was available
At command 20 of 27:
    18   m 29 w
    19   m 30 n
>>> 20   m 31 s
    21   m 32 w
    22   m 33 o


Turn 361
================================================================
warning: entity 29 was directed to use 3 halite to move west, but only 2 halite was available
At command 18 of 27:
    16   m 27 o
    17   m 28 s
>>> 18   m 29 w
    19   m 30 o
    20   m 31 s

warning: entity 32 was directed to use 1 halite to move west, but only 0 halite was available
At command 21 of 27:
    19   m 30 o
    20   m 31 s
>>> 21   m 32 w
    22   m 33 n
    23   m 34 w


Turn 363
================================================================
warning: entity 20 was directed to use 4 halite to move south, but only 0 halite was available
At command 10 of 26:
    8   m 15 o
    9   m 19 o
>>> 10   m 20 s
    11   m 21 n
    12   m 23 o


Turn 364
================================================================
warning: entity 32 was directed to use 2 halite to move west, but only 1 halite was available
At command 21 of 27:
    19   m 30 w
    20   m 31 s
>>> 21   m 32 w
    22   m 33 n
    23   m 34 w


Turn 366
================================================================
warning: entity 29 was directed to use 4 halite to move west, but only 1 halite was available
At command 17 of 26:
    15   m 27 o
    16   m 28 o
>>> 17   m 29 w
    18   m 30 w
    19   m 31 s


Turn 367
================================================================
warning: entity 31 was directed to use 1 halite to move south, but only 0 halite was available
At command 20 of 26:
    18   m 29 w
    19   m 30 w
>>> 20   m 31 s
    21   m 32 w
    22   m 33 o


Turn 368
================================================================
warning: entity 20 was directed to use 4 halite to move south, but only 2 halite was available
At command 10 of 26:
    8   m 15 o
    9   m 19 o
>>> 10   m 20 s
    11   m 21 e
    12   m 23 o

warning: entity 25 was directed to use 2 halite to move east, but only 0 halite was available
At command 14 of 26:
    12   m 23 o
    13   m 24 e
>>> 14   m 25 e
    15   m 26 s
    16   m 27 o

warning: entity 32 was directed to use 3 halite to move west, but only 0 halite was available
At command 21 of 26:
    19   m 30 w
    20   m 31 s
>>> 21   m 32 w
    22   m 33 n
    23   m 34 w


Turn 371
================================================================
warning: entity 4 was directed to use 2 halite to move south, but only 0 halite was available
At command 2 of 27:
    1   m 2 s
>>> 2   m 4 s
    3   m 6 o
    4   m 8 o

warning: entity 25 was directed to use 4 halite to move east, but only 3 halite was available
At command 14 of 27:
    12   m 23 o
    13   m 24 n
>>> 14   m 25 e
    15   m 26 o
    16   m 27 o

warning: entity 30 was directed to use 1 halite to move west, but only 0 halite was available
At command 19 of 27:
    17   m 28 o
    18   m 29 s
>>> 19   m 30 w
    20   m 31 w
    21   m 32 w


Turn 372
================================================================
warning: entity 32 was directed to use 3 halite to move south, but only 1 halite was available
At command 19 of 25:
    17   m 30 w
    18   m 31 s
>>> 19   m 32 s
    20   m 33 w
    21   m 34 w


Turn 374
================================================================
warning: entity 4 was directed to use 3 halite to move south, but only 2 halite was available
At command 2 of 27:
    1   m 2 o
>>> 2   m 4 s
    3   m 6 o
    4   m 8 o

warning: entity 34 was directed to use 3 halite to move south, but only 1 halite was available
At command 23 of 27:
    21   m 32 s
    22   m 33 w
>>> 23   m 34 s
    24   m 35 o
    25   m 36 o


Turn 375
================================================================
warning: entity 30 was directed to use 1 halite to move south, but only 0 halite was available
At command 17 of 25:
    15   m 28 o
    16   m 29 s
>>> 17   m 30 s
    18   m 31 o
    19   m 32 o

warning: entity 38 was directed to use 2 halite to move west, but only 0 halite was available
At command 25 of 25:
    23   m 36 w
    24   m 37 s
>>> 25   m 38 w


Turn 376
================================================================
warning: entity 25 was directed to use 4 halite to move south, but only 2 halite was available
At command 14 of 27:
    12   m 23 e
    13   m 24 n
>>> 14   m 25 s
    15   m 26 o
    16   m 27 o


Turn 377
================================================================
warning: entity 33 was directed to use 1 halite to move west, but only 0 halite was available
At command 20 of 25:
    18   m 30 s
    19   m 32 o
>>> 20   m 33 w
    21   m 34 o
    22   m 35 o


Turn 378
================================================================
warning: entity 30 was directed to use 3 halite to move south, but only 2 halite was available
At command 18 of 26:
    16   m 28 o
    17   m 29 s
>>> 18   m 30 s
    19   m 31 w
    20   m 32 s


Turn 379
================================================================
warning: entity 38 was directed to use 2 halite to move north, but only 1 halite was available
At command 26 of 26:
    24   m 36 e
    25   m 37 s
>>> 26   m 38 n


Turn 380
================================================================
warning: entity 4 was directed to use 2 halite to move south, but only 0 halite was available
At command 2 of 27:
    1   m 2 o
>>> 2   m 4 s
    3   m 6 e
    4   m 8 w

warning: entity 33 was directed to use 2 halite to move west, but only 1 halite was available
At command 22 of 27:
    20   m 31 o
    21   m 32 o
>>> 22   m 33 w
    23   m 34 o
    24   m 35 o


Turn 382
================================================================
warning: entity 30 was directed to use 4 halite to move south, but only 1 halite was available
At command 19 of 27:
    17   m 28 o
    18   m 29 o
>>> 19   m 30 s
    20   m 31 o
    21   m 32 o

warning: entity 38 was directed to use 4 halite to move north, but only 3 halite was available
At command 27 of 27:
    25   m 36 n
    26   m 37 s
>>> 27   m 38 n


Turn 384
================================================================
warning: entity 21 was directed to use 1 halite to move south, but only 0 halite was available
At command 11 of 25:
    9   m 19 n
    10   m 20 o
>>> 11   m 21 s
    12   m 23 o
    13   m 25 o


Turn 385
================================================================
warning: entity 10 was directed to use 2 halite to move south, but only 0 halite was available
At command 5 of 27:
    3   m 6 e
    4   m 8 w
>>> 5   m 10 s
    6   m 13 w
    7   m 14 w

warning: entity 33 was directed to use 3 halite to move south, but only 1 halite was available
At command 22 of 27:
    20   m 31 o
    21   m 32 o
>>> 22   m 33 s
    23   m 34 o
    24   m 35 s


Turn 386
================================================================
warning: entity 30 was directed to use 4 halite to move south, but only 3 halite was available
At command 19 of 27:
    17   m 28 o
    18   m 29 o
>>> 19   m 30 s
    20   m 31 o
    21   m 32 o


Turn 387
================================================================
warning: entity 13 was directed to use 3 halite to move south, but only 0 halite was available
At command 6 of 26:
    4   m 8 n
    5   m 10 s
>>> 6   m 13 s
    7   m 14 w
    8   m 15 o

warning: entity 21 was directed to use 4 halite to move south, but only 1 halite was available
At command 11 of 26:
    9   m 19 n
    10   m 20 o
>>> 11   m 21 s
    12   m 23 o
    13   m 24 w

warning: entity 37 was directed to use 2 halite to move north, but only 0 halite was available
At command 25 of 26:
    23   m 34 o
    24   m 35 s
>>> 25   m 37 n
    26   m 38 n


Turn 388
================================================================
warning: entity 38 was directed to use 4 halite to move north, but only 1 halite was available
At command 27 of 27:
    25   m 36 w
    26   m 37 n
>>> 27   m 38 n


Turn 389
================================================================
warning: entity 33 was directed to use 4 halite to move south, but only 1 halite was available
At command 22 of 27:
    20   m 31 o
    21   m 32 o
>>> 22   m 33 s
    23   m 34 o
    24   m 35 o


Turn 390
================================================================
warning: entity 14 was directed to use 1 halite to move west, but only 0 halite was available
At command 7 of 27:
    5   m 10 s
    6   m 13 s
>>> 7   m 14 w
    8   m 15 e
    9   m 19 n


Turn 391
================================================================
warning: entity 13 was directed to use 5 halite to move south, but only 3 halite was available
At command 6 of 24:
    4   m 8 n
    5   m 10 o
>>> 6   m 13 s
    7   m 14 w
    8   m 15 o

warning: entity 21 was directed to use 4 halite to move south, but only 3 halite was available
At command 11 of 24:
    9   m 19 n
    10   m 20 o
>>> 11   m 21 s
    12   m 23 o
    13   m 24 w

warning: entity 37 was directed to use 2 halite to move north, but only 1 halite was available
At command 23 of 24:
    21   m 35 s
    22   m 36 w
>>> 23   m 37 n
    24   m 38 n


Turn 392
================================================================
warning: entity 38 was directed to use 4 halite to move north, but only 1 halite was available
At command 25 of 25:
    23   m 36 w
    24   m 37 n
>>> 25   m 38 n


Turn 394
================================================================
warning: entity 14 was directed to use 2 halite to move south, but only 1 halite was available
At command 7 of 26:
    5   m 10 o
    6   m 13 s
>>> 7   m 14 s
    8   m 15 n
    9   m 19 s

warning: entity 24 was directed to use 1 halite to move west, but only 0 halite was available
At command 13 of 26:
    11   m 21 s
    12   m 23 n
>>> 13   m 24 w
    14   m 25 o
    15   m 26 o

warning: entity 37 was directed to use 5 halite to move north, but only 2 halite was available
At command 25 of 26:
    23   m 35 s
    24   m 36 s
>>> 25   m 37 n
    26   m 38 o


Turn 395
================================================================
warning: entity 21 was directed to use 4 halite to move south, but only 2 halite was available
At command 11 of 25:
    9   m 19 w
    10   m 20 o
>>> 11   m 21 s
    12   m 23 n
    13   m 24 w


Turn 396
================================================================
warning: entity 13 was directed to use 3 halite to move south, but only 2 halite was available
At command 4 of 24:
    2   m 6 n
    3   m 10 o
>>> 4   m 13 s
    5   m 14 s
    6   m 15 n

warning: entity 36 was directed to use 2 halite to move south, but only 0 halite was available
At command 22 of 24:
    20   m 34 o
    21   m 35 w
>>> 22   m 36 s
    23   m 37 n
    24   m 38 o


Turn 397
================================================================
warning: entity 24 was directed to use 2 halite to move west, but only 1 halite was available
At command 13 of 26:
    11   m 21 s
    12   m 23 n
>>> 13   m 24 w
    14   m 25 o
    15   m 26 o


Turn 398
================================================================
warning: entity 14 was directed to use 4 halite to move south, but only 1 halite was available
At command 7 of 25:
    5   m 10 w
    6   m 13 s
>>> 7   m 14 s
    8   m 15 n
    9   m 19 n


Turn 400
================================================================
warning: entity 13 was directed to use 4 halite to move south, but only 1 halite was available
At command 6 of 25:
    4   m 8 w
    5   m 10 s
>>> 6   m 13 s
    7   m 14 s
    8   m 15 n

warning: entity 24 was directed to use 4 halite to move south, but only 2 halite was available
At command 13 of 25:
    11   m 21 o
    12   m 23 o
>>> 13   m 24 s
    14   m 25 w
    15   m 26 e

warning: entity 36 was directed to use 1 halite to move south, but only 0 halite was available
At command 23 of 25:
    21   m 32 n
    22   m 35 w
>>> 23   m 36 s
    24   m 37 o
    25   m 38 o


Turn 402
================================================================
warning: entity 27 was directed to use 1 halite to move west, but only 0 halite was available
At command 15 of 25:
    13   m 25 o
    14   m 26 e
>>> 15   m 27 w
    16   m 28 o
    17   m 29 e


Turn 403
================================================================
warning: entity 14 was directed to use 3 halite to move south, but only 0 halite was available
At command 7 of 26:
    5   m 10 o
    6   m 13 o
>>> 7   m 14 s
    8   m 15 n
    9   m 19 w

warning: entity 35 was directed to use 1 halite to move west, but only 0 halite was available
At command 23 of 26:
    21   m 32 e
    22   m 34 e
>>> 23   m 35 w
    24   m 36 s
    25   m 37 o

warning: entity 36 was directed to use 2 halite to move south, but only 0 halite was available
At command 24 of 26:
    22   m 34 e
    23   m 35 w
>>> 24   m 36 s
    25   m 37 o
    26   m 38 o


Turn 406
================================================================
warning: entity 27 was directed to use 2 halite to move south, but only 0 halite was available
At command 15 of 25:
    13   m 25 o
    14   m 26 e
>>> 15   m 27 s
    16   m 28 n
    17   m 29 e

warning: entity 35 was directed to use 4 halite to move north, but only 2 halite was available
At command 22 of 25:
    20   m 32 e
    21   m 34 e
>>> 22   m 35 n
    23   m 36 s
    24   m 37 o


Turn 407
================================================================
warning: entity 8 was directed to use 1 halite to move south, but only 0 halite was available
At command 4 of 25:
    2   m 4 o
    3   m 6 w
>>> 4   m 8 s
    5   m 10 o
    6   m 13 o

warning: entity 36 was directed to use 1 halite to move south, but only 0 halite was available
At command 24 of 25:
    22   m 34 e
    23   m 35 n
>>> 24   m 36 s
    25   m 37 o


Turn 409
================================================================
warning: entity 27 was directed to use 4 halite to move south, but only 3 halite was available
At command 14 of 24:
    12   m 25 w
    13   m 26 o
>>> 14   m 27 s
    15   m 28 n
    16   m 29 e

warning: entity 36 was directed to use 4 halite to move south, but only 3 halite was available
At command 22 of 24:
    20   m 34 e
    21   m 35 n
>>> 22   m 36 s
    23   m 37 e
    24   m 38 o


Turn 410
================================================================
warning: entity 19 was directed to use 3 halite to move west, but only 0 halite was available
At command 9 of 26:
    7   m 14 e
    8   m 15 w
>>> 9   m 19 w
    10   m 20 n
    11   m 21 o


Turn 411
================================================================
warning: entity 8 was directed to use 4 halite to move south, but only 0 halite was available
At command 4 of 26:
    2   m 4 o
    3   m 6 w
>>> 4   m 8 s
    5   m 10 o
    6   m 13 o

warning: entity 23 was directed to use 1 halite to move south, but only 0 halite was available
At command 12 of 26:
    10   m 20 o
    11   m 21 o
>>> 12   m 23 s
    13   m 24 o
    14   m 25 w

warning: entity 35 was directed to use 4 halite to move north, but only 1 halite was available
At command 23 of 26:
    21   m 32 e
    22   m 34 e
>>> 23   m 35 n
    24   m 36 s
    25   m 37 e


Turn 412
================================================================
warning: entity 15 was directed to use 4 halite to move south, but only 0 halite was available
At command 8 of 25:
    6   m 13 o
    7   m 14 e
>>> 8   m 15 s
    9   m 19 w
    10   m 20 n


Turn 414
================================================================
warning: entity 19 was directed to use 3 halite to move south, but only 2 halite was available
At command 9 of 26:
    7   m 14 e
    8   m 15 s
>>> 9   m 19 s
    10   m 20 o
    11   m 21 o

warning: entity 23 was directed to use 4 halite to move south, but only 2 halite was available
At command 12 of 26:
    10   m 20 o
    11   m 21 o
>>> 12   m 23 s
    13   m 24 o
    14   m 25 w


Turn 415
================================================================
warning: entity 8 was directed to use 4 halite to move south, but only 3 halite was available
At command 4 of 25:
    2   m 4 o
    3   m 6 w
>>> 4   m 8 s
    5   m 10 o
    6   m 13 o


Turn 416
================================================================
warning: entity 15 was directed to use 4 halite to move south, but only 1 halite was available
At command 8 of 26:
    6   m 13 o
    7   m 14 o
>>> 8   m 15 s
    9   m 19 s
    10   m 20 o

warning: entity 35 was directed to use 4 halite to move north, but only 1 halite was available
At command 23 of 26:
    21   m 32 e
    22   m 34 e
>>> 23   m 35 n
    24   m 36 o
    25   m 37 o


Turn 417
================================================================
warning: entity 6 was directed to use 2 halite to move west, but only 0 halite was available
At command 3 of 26:
    1   m 2 n
    2   m 4 o
>>> 3   m 6 w
    4   m 8 s
    5   m 10 o


Turn 418
================================================================
warning: entity 19 was directed to use 3 halite to move south, but only 2 halite was available
At command 9 of 25:
    7   m 14 e
    8   m 15 s
>>> 9   m 19 s
    10   m 20 n
    11   m 21 o


Turn 420
================================================================
warning: entity 15 was directed to use 5 halite to move south, but only 2 halite was available
At command 8 of 26:
    6   m 13 o
    7   m 14 o
>>> 8   m 15 s
    9   m 19 s
    10   m 20 n

warning: entity 23 was directed to use 1 halite to move south, but only 0 halite was available
At command 12 of 26:
    10   m 20 n
    11   m 21 s
>>> 12   m 23 s
    13   m 24 o
    14   m 25 w


Turn 421
================================================================
warning: entity 6 was directed to use 3 halite to move south, but only 2 halite was available
At command 3 of 26:
    1   m 2 n
    2   m 4 n
>>> 3   m 6 s
    4   m 8 s
    5   m 10 o

warning: entity 8 was directed to use 4 halite to move south, but only 1 halite was available
At command 4 of 26:
    2   m 4 n
    3   m 6 s
>>> 4   m 8 s
    5   m 10 o
    6   m 13 o

warning: entity 28 was directed to use 2 halite to move south, but only 0 halite was available
At command 17 of 26:
    15   m 26 s
    16   m 27 o
>>> 17   m 28 s
    18   m 29 s
    19   m 30 o


Turn 422
================================================================
warning: entity 26 was directed to use 1 halite to move south, but only 0 halite was available
At command 14 of 25:
    12   m 24 o
    13   m 25 n
>>> 14   m 26 s
    15   m 27 o
    16   m 28 s


Turn 423
================================================================
warning: entity 19 was directed to use 4 halite to move south, but only 1 halite was available
At command 9 of 26:
    7   m 14 o
    8   m 15 s
>>> 9   m 19 s
    10   m 20 n
    11   m 21 o


Turn 424
================================================================
warning: entity 23 was directed to use 4 halite to move south, but only 0 halite was available
At command 12 of 26:
    10   m 20 n
    11   m 21 o
>>> 12   m 23 s
    13   m 24 s
    14   m 25 n


Turn 425
================================================================
warning: entity 6 was directed to use 4 halite to move south, but only 2 halite was available
At command 3 of 25:
    1   m 2 w
    2   m 4 n
>>> 3   m 6 s
    4   m 8 o
    5   m 10 o

warning: entity 15 was directed to use 4 halite to move south, but only 1 halite was available
At command 8 of 25:
    6   m 13 o
    7   m 14 n
>>> 8   m 15 s
    9   m 19 s
    10   m 20 s

warning: entity 26 was directed to use 4 halite to move south, but only 3 halite was available
At command 14 of 25:
    12   m 23 s
    13   m 24 o
>>> 14   m 26 s
    15   m 27 o
    16   m 28 s

warning: entity 28 was directed to use 3 halite to move south, but only 1 halite was available
At command 16 of 25:
    14   m 26 s
    15   m 27 o
>>> 16   m 28 s
    17   m 29 n
    18   m 30 w


Turn 426
================================================================
warning: entity 31 was directed to use 1 halite to move south, but only 0 halite was available
At command 20 of 26:
    18   m 29 o
    19   m 30 o
>>> 20   m 31 s
    21   m 32 e
    22   m 34 w


Turn 427
================================================================
warning: entity 19 was directed to use 4 halite to move west, but only 3 halite was available
At command 9 of 25:
    7   m 14 o
    8   m 15 o
>>> 9   m 19 w
    10   m 20 n
    11   m 21 s


Turn 429
================================================================
warning: entity 28 was directed to use 4 halite to move south, but only 2 halite was available
At command 16 of 25:
    14   m 26 s
    15   m 27 e
>>> 16   m 28 s
    17   m 29 w
    18   m 30 e


Turn 431
================================================================
warning: entity 31 was directed to use 3 halite to move south, but only 0 halite was available
At command 20 of 26:
    18   m 29 w
    19   m 30 e
>>> 20   m 31 s
    21   m 32 n
    22   m 34 e


Turn 433
================================================================
warning: entity 2 was directed to use 1 halite to move west, but only 0 halite was available
At command 1 of 26:
>>> 1   m 2 w
    2   m 4 w
    3   m 6 o


Turn 434
================================================================
warning: entity 25 was directed to use 1 halite to move south, but only 0 halite was available
At command 14 of 26:
    12   m 23 o
    13   m 24 o
>>> 14   m 25 s
    15   m 26 o
    16   m 27 e

warning: entity 28 was directed to use 3 halite to move south, but only 0 halite was available
At command 17 of 26:
    15   m 26 o
    16   m 27 e
>>> 17   m 28 s
    18   m 29 w
    19   m 30 e


Turn 437
================================================================
warning: entity 2 was directed to use 2 halite to move south, but only 1 halite was available
At command 1 of 26:
>>> 1   m 2 s
    2   m 4 w
    3   m 6 e

warning: entity 25 was directed to use 3 halite to move south, but only 2 halite was available
At command 14 of 26:
    12   m 23 e
    13   m 24 e
>>> 14   m 25 s
    15   m 26 s
    16   m 27 e

warning: entity 28 was directed to use 4 halite to move east, but only 3 halite was available
At command 17 of 26:
    15   m 26 s
    16   m 27 e
>>> 17   m 28 e
    18   m 29 s
    19   m 30 e


Turn 438
================================================================
warning: entity 29 was directed to use 2 halite to move south, but only 0 halite was available
At command 18 of 25:
    16   m 27 e
    17   m 28 e
>>> 18   m 29 s
    19   m 30 o
    20   m 31 o


Turn 440
================================================================
warning: entity 2 was directed to use 4 halite to move south, but only 3 halite was available
At command 1 of 26:
>>> 1   m 2 s
    2   m 4 w
    3   m 6 e


Turn 441
================================================================
warning: entity 28 was directed to use 27 halite to move east, but only 6 halite was available
At command 16 of 25:
    14   m 26 s
    15   m 27 n
>>> 16   m 28 e
    17   m 29 s
    18   m 30 s

warning: entity 29 was directed to use 4 halite to move south, but only 2 halite was available
At command 17 of 25:
    15   m 27 n
    16   m 28 e
>>> 17   m 29 s
    18   m 30 s
    19   m 31 e


Turn 442
================================================================
warning: entity 25 was directed to use 4 halite to move south, but only 2 halite was available
At command 14 of 26:
    12   m 23 n
    13   m 24 e
>>> 14   m 25 s
    15   m 26 s
    16   m 27 n


Turn 443
================================================================
warning: entity 38 was directed to use 1 halite to move north, but only 0 halite was available
At command 26 of 26:
    24   m 36 e
    25   m 37 e
>>> 26   m 38 n


Turn 444
================================================================
warning: entity 4 was directed to use 1 halite to move south, but only 0 halite was available
At command 2 of 25:
    1   m 2 e
>>> 2   m 4 s
    3   m 6 e
    4   m 8 n


Turn 446
================================================================
warning: entity 29 was directed to use 3 halite to move south, but only 1 halite was available
At command 18 of 26:
    16   m 27 e
    17   m 28 w
>>> 18   m 29 s
    19   m 30 w
    20   m 31 e

warning: entity 32 was directed to use 1 halite to move east, but only 0 halite was available
At command 21 of 26:
    19   m 30 w
    20   m 31 e
>>> 21   m 32 e
    22   m 34 w
    23   m 35 e

warning: entity 38 was directed to use 2 halite to move north, but only 1 halite was available
At command 26 of 26:
    24   m 36 w
    25   m 37 s
>>> 26   m 38 n


Turn 447
================================================================
warning: entity 4 was directed to use 2 halite to move south, but only 1 halite was available
At command 2 of 26:
    1   m 2 o
>>> 2   m 4 s
    3   m 6 e
    4   m 8 e

warning: entity 20 was directed to use 1 halite to move west, but only 0 halite was available
At command 10 of 26:
    8   m 15 n
    9   m 19 e
>>> 10   m 20 w
    11   m 21 n
    12   m 23 n


Turn 449
================================================================
warning: entity 32 was directed to use 3 halite to move east, but only 2 halite was available
At command 21 of 26:
    19   m 30 o
    20   m 31 e
>>> 21   m 32 e
    22   m 34 w
    23   m 35 e


Turn 450
================================================================
warning: entity 20 was directed to use 3 halite to move east, but only 0 halite was available
At command 10 of 26:
    8   m 15 n
    9   m 19 n
>>> 10   m 20 e
    11   m 21 e
    12   m 23 n

warning: entity 38 was directed to use 2 halite to move north, but only 0 halite was available
At command 26 of 26:
    24   m 36 o
    25   m 37 s
>>> 26   m 38 n


Turn 451
================================================================
warning: entity 4 was directed to use 2 halite to move east, but only 0 halite was available
At command 2 of 26:
    1   m 2 e
>>> 2   m 4 e
    3   m 6 n
    4   m 8 n

warning: entity 29 was directed to use 4 halite to move east, but only 0 halite was available
At command 18 of 26:
    16   m 27 w
    17   m 28 n
>>> 18   m 29 e
    19   m 30 w
    20   m 31 o


Turn 453
================================================================
warning: entity 32 was directed to use 4 halite to move west, but only 1 halite was available
At command 21 of 26:
    19   m 30 e
    20   m 31 w
>>> 21   m 32 w
    22   m 34 w
    23   m 35 s


Turn 455
================================================================
warning: entity 4 was directed to use 1 halite to move east, but only 0 halite was available
At command 2 of 26:
    1   m 2 e
>>> 2   m 4 e
    3   m 6 n
    4   m 8 n


Turn 456
================================================================
warning: entity 20 was directed to use 1 halite to move east, but only 0 halite was available
At command 10 of 25:
    8   m 15 w
    9   m 19 e
>>> 10   m 20 e
    11   m 21 n
    12   m 23 n


Turn 457
================================================================
warning: entity 23 was directed to use 3 halite to move north, but only 0 halite was available
At command 12 of 26:
    10   m 20 e
    11   m 21 w
>>> 12   m 23 n
    13   m 24 n
    14   m 25 s


Turn 458
================================================================
warning: entity 4 was directed to use 4 halite to move east, but only 0 halite was available
At command 2 of 25:
    1   m 2 e
>>> 2   m 4 e
    3   m 8 n
    4   m 10 n

warning: entity 25 was directed to use 2 halite to move north, but only 1 halite was available
At command 13 of 25:
    11   m 23 n
    12   m 24 w
>>> 13   m 25 n
    14   m 26 w
    15   m 27 e

warning: entity 27 was directed to use 1 halite to move east, but only 0 halite was available
At command 15 of 25:
    13   m 25 n
    14   m 26 w
>>> 15   m 27 e
    16   m 28 e
    17   m 29 n

warning: entity 32 was directed to use 2 halite to move west, but only 0 halite was available
At command 20 of 25:
    18   m 30 e
    19   m 31 e
>>> 20   m 32 w
    21   m 34 e
    22   m 35 s

warning: entity 34 was directed to use 15 halite to move east, but only 0 halite was available
At command 21 of 25:
    19   m 31 e
    20   m 32 w
>>> 21   m 34 e
    22   m 35 s
    23   m 36 n


Turn 459
================================================================
warning: entity 15 was directed to use 1 halite to move west, but only 0 halite was available
At command 8 of 26:
    6   m 13 n
    7   m 14 e
>>> 8   m 15 w
    9   m 19 e
    10   m 20 s

warning: entity 20 was directed to use 2 halite to move south, but only 1 halite was available
At command 10 of 26:
    8   m 15 w
    9   m 19 e
>>> 10   m 20 s
    11   m 21 n
    12   m 23 n


Turn 461
================================================================
warning: entity 27 was directed to use 3 halite to move east, but only 0 halite was available
At command 16 of 26:
    14   m 25 w
    15   m 26 o
>>> 16   m 27 e
    17   m 28 s
    18   m 29 w


Turn 462
================================================================
warning: entity 4 was directed to use 4 halite to move south, but only 3 halite was available
At command 2 of 25:
    1   m 2 n
>>> 2   m 4 s
    3   m 6 w
    4   m 8 w

warning: entity 29 was directed to use 2 halite to move north, but only 1 halite was available
At command 17 of 25:
    15   m 27 e
    16   m 28 n
>>> 17   m 29 n
    18   m 30 w
    19   m 31 e


Turn 463
================================================================
warning: entity 15 was directed to use 3 halite to move east, but only 1 halite was available
At command 8 of 26:
    6   m 13 n
    7   m 14 o
>>> 8   m 15 e
    9   m 19 n
    10   m 20 e


Turn 464
================================================================
warning: entity 26 was directed to use 11 halite to move east, but only 5 halite was available
At command 14 of 25:
    12   m 24 n
    13   m 25 n
>>> 14   m 26 e
    15   m 27 o
    16   m 28 e

warning: owned entities 8, 10, 13 collided on cell (41, 35) as the result of moves on this turn
At command 4 of 25:
    2   m 4 e
    3   m 6 e
>>> 4   m 8 e
    5   m 10 w
    6   m 14 e

Other commands that placed an entity on this cell:
    3   m 6 e
    4   m 8 e
>>> 5   m 10 w
    6   m 14 e
    7   m 15 e


Turn 465
================================================================
warning: entity 25 was directed to use 3 halite to move north, but only 0 halite was available
At command 11 of 23:
    9   m 23 n
    10   m 24 n
>>> 11   m 25 n
    12   m 26 e
    13   m 27 e


Turn 466
================================================================
warning: entity 23 was directed to use 1 halite to move north, but only 0 halite was available
At command 8 of 22:
    6   m 20 e
    7   m 21 e
>>> 8   m 23 n
    9   m 24 s
    10   m 25 n

warning: owned entities 6, 32, 2 collided on cell (41, 35) as the result of moves on this turn
At command 2 of 22:
    1   m 4 n
>>> 2   m 6 e
    3   m 14 e
    4   m 15 o

Other commands that placed an entity on this cell:
    15   m 30 n
    16   m 31 e
>>> 17   m 32 w
    18   m 34 s
    19   m 35 s


Turn 467
================================================================
warning: owned entities 4, 34 collided on cell (41, 35) as the result of moves on this turn
At command 1 of 20:
>>> 1   m 4 n
    2   m 14 e
    3   m 15 e

Other commands that placed an entity on this cell:
    14   m 30 o
    15   m 31 w
>>> 16   m 34 s
    17   m 35 s
    18   m 36 n


Turn 469
================================================================
warning: entity 20 was directed to use 3 halite to move west, but only 0 halite was available
At command 4 of 17:
    2   m 15 n
    3   m 19 n
>>> 4   m 20 w
    5   m 21 n
    6   m 23 n

warning: owned entities 14, 15 collided on cell (41, 35) as the result of moves on this turn
At command 1 of 17:
>>> 1   m 14 s
    2   m 15 n
    3   m 19 n

Other commands that placed an entity on this cell:
    1   m 14 s
>>> 2   m 15 n
    3   m 19 n
    4   m 20 w


Turn 471
================================================================
warning: entity 27 was directed to use 3 halite to move north, but only 1 halite was available
At command 8 of 15:
    6   m 25 w
    7   m 26 s
>>> 8   m 27 n
    9   m 28 n
    10   m 29 n


Turn 472
================================================================
warning: entity 29 was directed to use 2 halite to move north, but only 0 halite was available
At command 9 of 15:
    7   m 27 o
    8   m 28 w
>>> 9   m 29 n
    10   m 30 n
    11   m 31 w

warning: owned entities 26, 19 collided on cell (41, 35) as the result of moves on this turn
At command 6 of 15:
    4   m 24 n
    5   m 25 e
>>> 6   m 26 s
    7   m 27 o
    8   m 28 w


Turn 474
================================================================
warning: entity 35 was directed to use 3 halite to move north, but only 0 halite was available
At command 10 of 13:
    8   m 30 w
    9   m 31 e
>>> 10   m 35 n
    11   m 36 s
    12   m 37 w


Turn 475
================================================================
warning: owned entities 23, 38 collided on cell (41, 28) as the result of moves on this turn
At command 3 of 13:
    1   m 20 o
    2   m 21 n
>>> 3   m 23 s
    4   m 24 n
    5   m 25 n

warning: owned entities 21, 20 collided on cell (41, 35) as the result of moves on this turn
At command 2 of 13:
    1   m 20 o
>>> 2   m 21 n
    3   m 23 s
    4   m 24 n

