
Turn 39
================================================================
warning: entity 1 was directed to use 3 halite to move south, but only 0 halite was available
At command 1 of 4:
>>> 1   m 1 s
    2   m 3 o
    3   m 5 o


Turn 47
================================================================
warning: entity 3 was directed to use 2 halite to move south, but only 0 halite was available
At command 2 of 5:
    1   m 1 s
>>> 2   m 3 s
    3   m 5 s
    4   m 7 o


Turn 50
================================================================
warning: entity 8 was directed to use 2 halite to move south, but only 0 halite was available
At command 5 of 5:
    3   m 5 o
    4   m 7 e
>>> 5   m 8 s


Turn 53
================================================================
warning: entity 8 was directed to use 4 halite to move east, but only 1 halite was available
At command 4 of 4:
    2   m 3 o
    3   m 7 o
>>> 4   m 8 e


Turn 57
================================================================
warning: entity 5 was directed to use 4 halite to move south, but only 3 halite was available
At command 3 of 5:
    1   m 1 o
    2   m 3 o
>>> 3   m 5 s
    4   m 8 o
    5   m 10 s


Turn 62
================================================================
warning: entity 5 was directed to use 4 halite to move east, but only 1 halite was available
At command 3 of 7:
    1   m 1 o
    2   m 3 o
>>> 3   m 5 e
    4   m 7 s
    5   m 8 o


Turn 63
================================================================
warning: entity 7 was directed to use 3 halite to move east, but only 0 halite was available
At command 4 of 7:
    2   m 3 o
    3   m 5 e
>>> 4   m 7 e
    5   m 8 o
    6   m 10 o


Turn 67
================================================================
warning: entity 5 was directed to use 4 halite to move west, but only 0 halite was available
At command 3 of 7:
    1   m 1 e
    2   m 3 o
>>> 3   m 5 w
    4   m 7 o
    5   m 8 o


Turn 73
================================================================
warning: entity 12 was directed to use 4 halite to move south, but only 2 halite was available
At command 7 of 7:
    5   m 8 o
    6   m 10 s
>>> 7   m 12 s


Turn 77
================================================================
warning: entity 3 was directed to use 4 halite to move south, but only 0 halite was available
At command 2 of 7:
    1   m 1 n
>>> 2   m 3 s
    3   m 5 e
    4   m 7 o


Turn 81
================================================================
warning: entity 1 was directed to use 1 halite to move south, but only 0 halite was available
At command 1 of 6:
>>> 1   m 1 s
    2   m 3 s
    3   m 7 o

warning: entity 3 was directed to use 2 halite to move south, but only 1 halite was available
At command 2 of 6:
    1   m 1 s
>>> 2   m 3 s
    3   m 7 o
    4   m 10 o


Turn 84
================================================================
warning: entity 3 was directed to use 4 halite to move west, but only 3 halite was available
At command 2 of 9:
    1   m 1 e
>>> 2   m 3 w
    3   m 5 e
    4   m 7 o


Turn 87
================================================================
warning: entity 15 was directed to use 1 halite to move south, but only 0 halite was available
At command 8 of 9:
    6   m 10 o
    7   m 12 o
>>> 8   m 15 s
    9   m 16 w


Turn 88
================================================================
warning: entity 16 was directed to use 3 halite to move south, but only 0 halite was available
At command 9 of 9:
    7   m 12 o
    8   m 15 s
>>> 9   m 16 s


Turn 90
================================================================
warning: entity 15 was directed to use 3 halite to move west, but only 1 halite was available
At command 8 of 9:
    6   m 10 o
    7   m 12 o
>>> 8   m 15 w
    9   m 16 s


Turn 91
================================================================
warning: entity 1 was directed to use 4 halite to move north, but only 0 halite was available
At command 1 of 10:
>>> 1   m 1 n
    2   m 3 o
    3   m 5 o

warning: entity 8 was directed to use 4 halite to move north, but only 0 halite was available
At command 5 of 10:
    3   m 5 o
    4   m 7 w
>>> 5   m 8 n
    6   m 10 o
    7   m 12 o

warning: entity 16 was directed to use 5 halite to move south, but only 4 halite was available
At command 9 of 10:
    7   m 12 o
    8   m 15 w
>>> 9   m 16 s
    10   g


Turn 94
================================================================
warning: entity 19 was directed to use 2 halite to move south, but only 0 halite was available
At command 10 of 10:
    8   m 15 o
    9   m 16 o
>>> 10   m 19 s


Turn 97
================================================================
warning: entity 7 was directed to use 3 halite to move north, but only 0 halite was available
At command 4 of 11:
    2   m 3 o
    3   m 5 o
>>> 4   m 7 n
    5   m 8 o
    6   m 10 n


Turn 100
================================================================
warning: entity 20 was directed to use 3 halite to move south, but only 0 halite was available
At command 11 of 11:
    9   m 16 o
    10   m 19 o
>>> 11   m 20 s


Turn 104
================================================================
warning: entity 20 was directed to use 5 halite to move east, but only 2 halite was available
At command 11 of 11:
    9   m 16 o
    10   m 19 o
>>> 11   m 20 e


Turn 105
================================================================
warning: entity 10 was directed to use 1 halite to move south, but only 0 halite was available
At command 6 of 10:
    4   m 7 o
    5   m 8 o
>>> 6   m 10 s
    7   m 12 n
    8   m 15 o


Turn 108
================================================================
warning: entity 3 was directed to use 2 halite to move east, but only 0 halite was available
At command 2 of 11:
    1   m 1 o
>>> 2   m 3 e
    3   m 5 n
    4   m 7 o

warning: entity 10 was directed to use 3 halite to move south, but only 1 halite was available
At command 6 of 11:
    4   m 7 o
    5   m 8 o
>>> 6   m 10 s
    7   m 12 o
    8   m 15 e


Turn 111
================================================================
warning: entity 5 was directed to use 1 halite to move north, but only 0 halite was available
At command 3 of 11:
    1   m 1 o
    2   m 3 o
>>> 3   m 5 n
    4   m 7 o
    5   m 8 o


Turn 114
================================================================
warning: entity 5 was directed to use 4 halite to move east, but only 0 halite was available
At command 3 of 11:
    1   m 1 s
    2   m 3 o
>>> 3   m 5 e
    4   m 7 o
    5   m 8 o


Turn 116
================================================================
warning: entity 12 was directed to use 2 halite to move east, but only 0 halite was available
At command 7 of 10:
    5   m 8 w
    6   m 10 o
>>> 7   m 12 e
    8   m 15 n
    9   m 19 n


Turn 120
================================================================
warning: entity 16 was directed to use 2 halite to move south, but only 0 halite was available
At command 8 of 10:
    6   m 12 o
    7   m 15 n
>>> 8   m 16 s
    9   m 19 o
    10   m 20 w


Turn 125
================================================================
warning: entity 15 was directed to use 4 halite to move north, but only 0 halite was available
At command 8 of 11:
    6   m 10 o
    7   m 12 o
>>> 8   m 15 n
    9   m 16 w
    10   m 19 e


Turn 131
================================================================
warning: entity 3 was directed to use 2 halite to move south, but only 0 halite was available
At command 2 of 11:
    1   c 1
>>> 2   m 3 s
    3   m 5 o
    4   m 7 w


Turn 135
================================================================
warning: entity 19 was directed to use 3 halite to move south, but only 0 halite was available
At command 9 of 10:
    7   m 15 o
    8   m 16 o
>>> 9   m 19 s
    10   m 20 e


Turn 140
================================================================
warning: entity 12 was directed to use 1 halite to move east, but only 0 halite was available
At command 4 of 8:
    2   m 5 o
    3   m 7 s
>>> 4   m 12 e
    5   m 15 s
    6   m 16 e


Turn 145
================================================================
warning: entity 8 was directed to use 2 halite to move west, but only 1 halite was available
At command 3 of 9:
    1   m 3 o
    2   m 7 w
>>> 3   m 8 w
    4   m 10 o
    5   m 12 o


Turn 146
================================================================
warning: entity 15 was directed to use 1 halite to move north, but only 0 halite was available
At command 7 of 10:
    5   m 10 o
    6   m 12 o
>>> 7   m 15 n
    8   m 16 o
    9   m 19 o


Turn 149
================================================================
warning: entity 7 was directed to use 1 halite to move east, but only 0 halite was available
At command 3 of 10:
    1   m 3 e
    2   m 5 w
>>> 3   m 7 e
    4   m 8 o
    5   m 10 o


Turn 153
================================================================
warning: entity 20 was directed to use 1 halite to move north, but only 0 halite was available
At command 10 of 10:
    8   m 16 e
    9   m 19 e
>>> 10   m 20 n


Turn 158
================================================================
warning: entity 20 was directed to use 4 halite to move south, but only 1 halite was available
At command 10 of 10:
    8   m 16 w
    9   m 19 s
>>> 10   m 20 s


Turn 159
================================================================
warning: entity 5 was directed to use 1 halite to move south, but only 0 halite was available
At command 2 of 10:
    1   m 3 o
>>> 2   m 5 s
    3   m 7 o
    4   m 8 e


Turn 164
================================================================
warning: entity 12 was directed to use 1 halite to move south, but only 0 halite was available
At command 6 of 10:
    4   m 8 n
    5   m 10 o
>>> 6   m 12 s
    7   m 15 w
    8   m 16 s


Turn 165
================================================================
warning: entity 3 was directed to use 4 halite to move east, but only 0 halite was available
At command 1 of 10:
>>> 1   m 3 e
    2   m 5 w
    3   m 7 o

warning: entity 5 was directed to use 5 halite to move west, but only 0 halite was available
At command 2 of 10:
    1   m 3 e
>>> 2   m 5 w
    3   m 7 o
    4   m 8 n


Turn 167
================================================================
warning: entity 12 was directed to use 2 halite to move south, but only 1 halite was available
At command 6 of 10:
    4   m 8 o
    5   m 10 o
>>> 6   m 12 s
    7   m 15 e
    8   m 16 s


Turn 168
================================================================
warning: entity 3 was directed to use 3 halite to move south, but only 0 halite was available
At command 1 of 10:
>>> 1   m 3 s
    2   m 5 o
    3   m 7 o


Turn 170
================================================================
warning: entity 8 was directed to use 3 halite to move west, but only 0 halite was available
At command 4 of 8:
    2   m 5 o
    3   m 7 o
>>> 4   m 8 w
    5   m 12 s
    6   m 16 e

warning: entity 12 was directed to use 4 halite to move south, but only 3 halite was available
At command 5 of 8:
    3   m 7 o
    4   m 8 w
>>> 5   m 12 s
    6   m 16 e
    7   m 19 o


Turn 173
================================================================
warning: entity 15 was directed to use 2 halite to move north, but only 0 halite was available
At command 7 of 9:
    5   m 10 e
    6   m 12 o
>>> 7   m 15 n
    8   m 19 o
    9   m 20 o


Turn 176
================================================================
warning: entity 16 was directed to use 1 halite to move north, but only 0 halite was available
At command 7 of 9:
    5   m 12 o
    6   m 15 w
>>> 7   m 16 n
    8   m 19 n
    9   m 20 o


Turn 177
================================================================
warning: entity 15 was directed to use 4 halite to move west, but only 0 halite was available
At command 7 of 10:
    5   m 10 s
    6   m 12 o
>>> 7   m 15 w
    8   m 16 n
    9   m 19 n


Turn 179
================================================================
warning: entity 16 was directed to use 3 halite to move north, but only 1 halite was available
At command 8 of 10:
    6   m 12 o
    7   m 15 w
>>> 8   m 16 n
    9   m 19 w
    10   m 20 o


Turn 181
================================================================
warning: entity 7 was directed to use 1 halite to move south, but only 0 halite was available
At command 3 of 10:
    1   m 3 o
    2   m 5 e
>>> 3   m 7 s
    4   m 8 o
    5   m 10 o


Turn 185
================================================================
warning: entity 7 was directed to use 3 halite to move east, but only 0 halite was available
At command 3 of 10:
    1   m 3 o
    2   m 5 s
>>> 3   m 7 e
    4   m 8 o
    5   m 10 o


Turn 191
================================================================
warning: entity 12 was directed to use 2 halite to move north, but only 0 halite was available
At command 6 of 10:
    4   m 8 o
    5   m 10 o
>>> 6   m 12 n
    7   m 15 o
    8   m 16 o


Turn 193
================================================================
warning: entity 19 was directed to use 1 halite to move south, but only 0 halite was available
At command 9 of 10:
    7   m 15 o
    8   m 16 o
>>> 9   m 19 s
    10   m 20 s


Turn 195
================================================================
warning: entity 19 was directed to use 4 halite to move east, but only 3 halite was available
At command 9 of 10:
    7   m 15 o
    8   m 16 o
>>> 9   m 19 e
    10   m 20 s


Turn 196
================================================================
warning: entity 20 was directed to use 3 halite to move south, but only 0 halite was available
At command 10 of 10:
    8   m 16 o
    9   m 19 e
>>> 10   m 20 s


Turn 200
================================================================
warning: entity 3 was directed to use 2 halite to move west, but only 0 halite was available
At command 1 of 10:
>>> 1   m 3 w
    2   m 5 o
    3   m 7 w


Turn 216
================================================================
warning: entity 7 was directed to use 3 halite to move south, but only 0 halite was available
At command 3 of 9:
    1   m 3 o
    2   m 5 o
>>> 3   m 7 s
    4   m 10 e
    5   m 12 o

warning: entity 19 was directed to use 2 halite to move south, but only 0 halite was available
At command 8 of 9:
    6   m 15 s
    7   m 16 s
>>> 8   m 19 s
    9   m 20 o


Turn 219
================================================================
warning: entity 15 was directed to use 2 halite to move east, but only 0 halite was available
At command 6 of 8:
    4   m 10 e
    5   m 12 n
>>> 6   m 15 e
    7   m 19 e
    8   m 20 s

warning: entity 19 was directed to use 4 halite to move east, but only 2 halite was available
At command 7 of 8:
    5   m 12 n
    6   m 15 e
>>> 7   m 19 e
    8   m 20 s


Turn 220
================================================================
warning: entity 7 was directed to use 4 halite to move east, but only 1 halite was available
At command 3 of 9:
    1   m 3 w
    2   m 5 w
>>> 3   m 7 e
    4   m 8 s
    5   m 10 n


Turn 223
================================================================
warning: entity 8 was directed to use 3 halite to move east, but only 0 halite was available
At command 4 of 10:
    2   m 5 o
    3   m 7 o
>>> 4   m 8 e
    5   m 10 n
    6   m 12 s

warning: entity 12 was directed to use 4 halite to move south, but only 0 halite was available
At command 6 of 10:
    4   m 8 e
    5   m 10 n
>>> 6   m 12 s
    7   m 15 e
    8   m 16 s


Turn 226
================================================================
warning: entity 10 was directed to use 1 halite to move west, but only 0 halite was available
At command 5 of 10:
    3   m 7 o
    4   m 8 e
>>> 5   m 10 w
    6   m 12 s
    7   m 15 o

warning: entity 16 was directed to use 1 halite to move east, but only 0 halite was available
At command 8 of 10:
    6   m 12 s
    7   m 15 o
>>> 8   m 16 e
    9   m 19 o
    10   m 20 e


Turn 230
================================================================
warning: entity 10 was directed to use 4 halite to move north, but only 0 halite was available
At command 5 of 10:
    3   m 7 o
    4   m 8 o
>>> 5   m 10 n
    6   m 12 o
    7   m 15 o

warning: entity 16 was directed to use 1 halite to move north, but only 0 halite was available
At command 8 of 10:
    6   m 12 o
    7   m 15 o
>>> 8   m 16 n
    9   m 19 w
    10   m 20 e


Turn 235
================================================================
warning: entity 3 was directed to use 1 halite to move south, but only 0 halite was available
At command 1 of 10:
>>> 1   m 3 s
    2   m 5 s
    3   m 7 w


Turn 238
================================================================
warning: entity 3 was directed to use 4 halite to move east, but only 1 halite was available
At command 1 of 10:
>>> 1   m 3 e
    2   m 5 n
    3   m 7 s


Turn 242
================================================================
warning: entity 7 was directed to use 1 halite to move west, but only 0 halite was available
At command 3 of 10:
    1   m 3 o
    2   m 5 n
>>> 3   m 7 w
    4   m 8 e
    5   m 10 o


Turn 244
================================================================
warning: entity 7 was directed to use 4 halite to move south, but only 3 halite was available
At command 3 of 10:
    1   m 3 o
    2   m 5 w
>>> 3   m 7 s
    4   m 8 o
    5   m 10 w


Turn 246
================================================================
warning: entity 5 was directed to use 3 halite to move west, but only 0 halite was available
At command 2 of 9:
    1   m 3 o
>>> 2   m 5 w
    3   m 7 s
    4   m 8 o


Turn 249
================================================================
warning: entity 16 was directed to use 2 halite to move west, but only 0 halite was available
At command 7 of 8:
    5   m 10 o
    6   m 12 o
>>> 7   m 16 w
    8   m 20 o


Turn 250
================================================================
warning: entity 7 was directed to use 3 halite to move south, but only 0 halite was available
At command 3 of 10:
    1   m 3 o
    2   m 5 o
>>> 3   m 7 s
    4   m 8 o
    5   m 10 o


Turn 252
================================================================
warning: entity 15 was directed to use 2 halite to move west, but only 0 halite was available
At command 7 of 10:
    5   m 10 o
    6   m 12 s
>>> 7   m 15 w
    8   m 16 o
    9   m 19 e


Turn 260
================================================================
warning: entity 20 was directed to use 4 halite to move south, but only 0 halite was available
At command 9 of 9:
    7   m 16 s
    8   m 19 n
>>> 9   m 20 s


Turn 264
================================================================
warning: entity 10 was directed to use 2 halite to move south, but only 0 halite was available
At command 5 of 10:
    3   m 7 s
    4   m 8 o
>>> 5   m 10 s
    6   m 12 o
    7   m 15 o


Turn 266
================================================================
warning: entity 20 was directed to use 2 halite to move west, but only 0 halite was available
At command 9 of 9:
    7   m 16 o
    8   m 19 w
>>> 9   m 20 w


Turn 269
================================================================
warning: entity 20 was directed to use 4 halite to move west, but only 2 halite was available
At command 8 of 8:
    6   m 15 o
    7   m 19 o
>>> 8   m 20 w


Turn 270
================================================================
warning: entity 8 was directed to use 1 halite to move south, but only 0 halite was available
At command 4 of 10:
    2   m 5 o
    3   m 7 o
>>> 4   m 8 s
    5   m 10 o
    6   m 12 o


Turn 273
================================================================
warning: entity 8 was directed to use 3 halite to move south, but only 1 halite was available
At command 4 of 9:
    2   m 5 o
    3   m 7 o
>>> 4   m 8 s
    5   m 10 o
    6   m 12 o


Turn 276
================================================================
warning: entity 19 was directed to use 1 halite to move west, but only 0 halite was available
At command 9 of 10:
    7   m 15 o
    8   m 16 e
>>> 9   m 19 w
    10   m 20 o


Turn 278
================================================================
warning: entity 19 was directed to use 4 halite to move west, but only 3 halite was available
At command 9 of 10:
    7   m 15 o
    8   m 16 w
>>> 9   m 19 w
    10   m 20 o


Turn 280
================================================================
warning: entity 16 was directed to use 1 halite to move west, but only 0 halite was available
At command 8 of 10:
    6   m 12 w
    7   m 15 o
>>> 8   m 16 w
    9   m 19 e
    10   m 20 w


Turn 285
================================================================
warning: entity 3 was directed to use 2 halite to move south, but only 0 halite was available
At command 1 of 10:
>>> 1   m 3 s
    2   m 5 s
    3   m 7 o


Turn 288
================================================================
warning: entity 5 was directed to use 1 halite to move east, but only 0 halite was available
At command 2 of 10:
    1   m 3 s
>>> 2   m 5 e
    3   m 7 o
    4   m 8 e

warning: entity 16 was directed to use 4 halite to move west, but only 1 halite was available
At command 8 of 10:
    6   m 12 s
    7   m 15 e
>>> 8   m 16 w
    9   m 19 o
    10   m 20 o


Turn 289
================================================================
warning: entity 3 was directed to use 5 halite to move east, but only 0 halite was available
At command 1 of 10:
>>> 1   m 3 e
    2   m 5 e
    3   m 7 o


Turn 293
================================================================
warning: entity 3 was directed to use 5 halite to move east, but only 1 halite was available
At command 1 of 10:
>>> 1   m 3 e
    2   m 5 o
    3   m 7 n


Turn 303
================================================================
warning: entity 7 was directed to use 1 halite to move west, but only 0 halite was available
At command 3 of 10:
    1   m 3 s
    2   m 5 w
>>> 3   m 7 w
    4   m 8 n
    5   m 10 o


Turn 306
================================================================
warning: entity 7 was directed to use 4 halite to move west, but only 1 halite was available
At command 3 of 9:
    1   m 3 o
    2   m 5 n
>>> 3   m 7 w
    4   m 8 n
    5   m 10 o


Turn 307
================================================================
warning: entity 20 was directed to use 3 halite to move west, but only 0 halite was available
At command 9 of 9:
    7   m 16 e
    8   m 19 o
>>> 9   m 20 w


Turn 310
================================================================
warning: entity 20 was directed to use 4 halite to move west, but only 2 halite was available
At command 10 of 10:
    8   m 16 e
    9   m 19 n
>>> 10   m 20 w


Turn 311
================================================================
warning: entity 5 was directed to use 2 halite to move west, but only 0 halite was available
At command 2 of 9:
    1   m 3 o
>>> 2   m 5 w
    3   m 7 o
    4   m 10 n


Turn 314
================================================================
warning: entity 5 was directed to use 3 halite to move west, but only 0 halite was available
At command 2 of 10:
    1   m 3 o
>>> 2   m 5 w
    3   m 7 o
    4   m 8 s


Turn 315
================================================================
warning: entity 20 was directed to use 1 halite to move west, but only 0 halite was available
At command 9 of 9:
    7   m 16 e
    8   m 19 n
>>> 9   m 20 w


Turn 316
================================================================
warning: entity 8 was directed to use 1 halite to move south, but only 0 halite was available
At command 4 of 10:
    2   m 5 w
    3   m 7 o
>>> 4   m 8 s
    5   m 10 s
    6   m 12 s


Turn 318
================================================================
warning: entity 5 was directed to use 4 halite to move west, but only 2 halite was available
At command 2 of 10:
    1   m 3 o
>>> 2   m 5 w
    3   m 7 o
    4   m 8 o


Turn 321
================================================================
warning: entity 15 was directed to use 2 halite to move east, but only 0 halite was available
At command 7 of 9:
    5   m 10 w
    6   m 12 n
>>> 7   m 15 e
    8   m 16 w
    9   m 19 s


Turn 322
================================================================
warning: entity 8 was directed to use 3 halite to move east, but only 1 halite was available
At command 4 of 9:
    2   m 5 o
    3   m 7 o
>>> 4   m 8 e
    5   m 10 n
    6   m 12 w


Turn 323
================================================================
warning: entity 12 was directed to use 2 halite to move west, but only 0 halite was available
At command 5 of 7:
    3   m 8 e
    4   m 10 n
>>> 5   m 12 w
    6   m 15 o
    7   m 16 s


Turn 326
================================================================
warning: entity 19 was directed to use 2 halite to move south, but only 0 halite was available
At command 9 of 9:
    7   m 15 o
    8   m 16 s
>>> 9   m 19 s


Turn 330
================================================================
warning: entity 19 was directed to use 3 halite to move east, but only 0 halite was available
At command 9 of 9:
    7   m 15 o
    8   m 16 e
>>> 9   m 19 e


Turn 331
================================================================
warning: entity 16 was directed to use 3 halite to move south, but only 0 halite was available
At command 7 of 8:
    5   m 12 o
    6   m 15 o
>>> 7   m 16 s
    8   m 19 e


Turn 336
================================================================
warning: entity 16 was directed to use 4 halite to move east, but only 3 halite was available
At command 8 of 9:
    6   m 12 o
    7   m 15 o
>>> 8   m 16 e
    9   m 19 o


Turn 337
================================================================
warning: entity 10 was directed to use 2 halite to move south, but only 0 halite was available
At command 5 of 9:
    3   m 7 w
    4   m 8 o
>>> 5   m 10 s
    6   m 12 o
    7   m 15 o


Turn 341
================================================================
warning: entity 3 was directed to use 3 halite to move east, but only 0 halite was available
At command 1 of 9:
>>> 1   m 3 e
    2   m 5 s
    3   m 7 n


Turn 345
================================================================
warning: entity 10 was directed to use 5 halite to move west, but only 0 halite was available
At command 5 of 9:
    3   m 7 s
    4   m 8 o
>>> 5   m 10 w
    6   m 12 o
    7   m 15 s


Turn 348
================================================================
warning: entity 3 was directed to use 1 halite to move north, but only 0 halite was available
At command 1 of 9:
>>> 1   m 3 n
    2   m 5 o
    3   m 7 w

warning: entity 7 was directed to use 2 halite to move west, but only 0 halite was available
At command 3 of 9:
    1   m 3 n
    2   m 5 o
>>> 3   m 7 w
    4   m 8 w
    5   m 10 o


Turn 350
================================================================
warning: entity 12 was directed to use 1 halite to move west, but only 0 halite was available
At command 6 of 8:
    4   m 8 w
    5   m 10 o
>>> 6   m 12 w
    7   m 16 o
    8   m 19 n


Turn 351
================================================================
warning: entity 3 was directed to use 4 halite to move south, but only 2 halite was available
At command 1 of 9:
>>> 1   m 3 s
    2   m 5 o
    3   m 7 w

warning: entity 7 was directed to use 4 halite to move west, but only 2 halite was available
At command 3 of 9:
    1   m 3 s
    2   m 5 o
>>> 3   m 7 w
    4   m 8 n
    5   m 10 o


Turn 352
================================================================
warning: entity 12 was directed to use 4 halite to move west, but only 3 halite was available
At command 6 of 9:
    4   m 8 n
    5   m 10 o
>>> 6   m 12 w
    7   m 15 n
    8   m 16 o


Turn 354
================================================================
warning: entity 15 was directed to use 3 halite to move west, but only 0 halite was available
At command 7 of 9:
    5   m 10 o
    6   m 12 w
>>> 7   m 15 w
    8   m 16 w
    9   m 19 s


Turn 362
================================================================
warning: entity 19 was directed to use 2 halite to move south, but only 0 halite was available
At command 8 of 8:
    6   m 15 o
    7   m 16 n
>>> 8   m 19 s


Turn 363
================================================================
warning: entity 8 was directed to use 1 halite to move south, but only 0 halite was available
At command 4 of 9:
    2   m 5 n
    3   m 7 o
>>> 4   m 8 s
    5   m 10 w
    6   m 12 o


Turn 366
================================================================
warning: entity 5 was directed to use 2 halite to move west, but only 0 halite was available
At command 2 of 9:
    1   m 3 o
>>> 2   m 5 w
    3   m 7 e
    4   m 8 s

warning: entity 8 was directed to use 5 halite to move south, but only 2 halite was available
At command 4 of 9:
    2   m 5 w
    3   m 7 e
>>> 4   m 8 s
    5   m 10 w
    6   m 12 o


Turn 367
================================================================
warning: entity 19 was directed to use 2 halite to move south, but only 0 halite was available
At command 9 of 9:
    7   m 15 o
    8   m 16 s
>>> 9   m 19 s


Turn 370
================================================================
warning: entity 5 was directed to use 4 halite to move north, but only 0 halite was available
At command 2 of 9:
    1   m 3 e
>>> 2   m 5 n
    3   m 7 e
    4   m 8 o

warning: entity 16 was directed to use 1 halite to move west, but only 0 halite was available
At command 8 of 9:
    6   m 12 o
    7   m 15 w
>>> 8   m 16 w
    9   m 19 s


Turn 371
================================================================
warning: entity 19 was directed to use 2 halite to move west, but only 0 halite was available
At command 9 of 9:
    7   m 15 o
    8   m 16 w
>>> 9   m 19 w


Turn 372
================================================================
warning: entity 16 was directed to use 4 halite to move west, but only 3 halite was available
At command 7 of 8:
    5   m 12 o
    6   m 15 o
>>> 7   m 16 w
    8   m 19 w


Turn 374
================================================================
warning: entity 5 was directed to use 4 halite to move north, but only 2 halite was available
At command 2 of 7:
    1   m 3 w
>>> 2   m 5 n
    3   m 8 n
    4   m 12 e

warning: entity 19 was directed to use 4 halite to move west, but only 2 halite was available
At command 7 of 7:
    5   m 15 o
    6   m 16 o
>>> 7   m 19 w


Turn 378
================================================================
warning: entity 7 was directed to use 1 halite to move west, but only 0 halite was available
At command 3 of 9:
    1   m 3 w
    2   m 5 n
>>> 3   m 7 w
    4   m 8 n
    5   m 10 o


Turn 380
================================================================
warning: entity 5 was directed to use 4 halite to move north, but only 3 halite was available
At command 2 of 8:
    1   m 3 n
>>> 2   m 5 n
    3   m 7 w
    4   m 8 n

warning: owned entities 8, 12 collided on cell (8, 24) as the result of moves on this turn
At command 4 of 8:
    2   m 5 n
    3   m 7 w
>>> 4   m 8 n
    5   m 10 e
    6   m 15 o


Turn 381
================================================================
warning: entity 7 was directed to use 3 halite to move west, but only 0 halite was available
At command 3 of 7:
    1   m 3 n
    2   m 5 e
>>> 3   m 7 w
    4   m 10 e
    5   m 15 o


Turn 384
================================================================
warning: owned entities 19, 3 collided on cell (8, 24) as the result of moves on this turn
At command 7 of 7:
    5   m 15 e
    6   m 16 e
>>> 7   m 19 n


Turn 385
================================================================
warning: entity 7 was directed to use 3 halite to move east, but only 0 halite was available
At command 2 of 5:
    1   m 5 e
>>> 2   m 7 e
    3   m 10 n
    4   m 15 e


Turn 389
================================================================
warning: owned entities 10, 16 collided on cell (8, 24) as the result of moves on this turn
At command 3 of 4:
    1   m 5 e
    2   m 7 e
>>> 3   m 10 e
    4   m 15 e


Turn 391
================================================================
warning: owned entities 5, 7 collided on cell (8, 24) as the result of moves on this turn
At command 1 of 2:
>>> 1   m 5 s
    2   m 15 e


Turn 400
================================================================
warning: entity 15 was directed to use 3 halite to move west, but only 0 halite was available
At command 1 of 1:
>>> 1   m 15 w

