
Turn 16
================================================================
warning: entity 5 was directed to use 4 halite to move west, but only 0 halite was available
At command 3 of 4:
    1   m 1 o
    2   m 3 o
>>> 3   m 5 w
    4   g


Turn 18
================================================================
warning: entity 6 was directed to use 4 halite to move north, but only 0 halite was available
At command 4 of 4:
    2   m 3 o
    3   m 5 o
>>> 4   m 6 n


Turn 35
================================================================
warning: entity 1 was directed to use 3 halite to move west, but only 0 halite was available
At command 1 of 4:
>>> 1   m 1 w
    2   m 3 n
    3   m 5 w


Turn 38
================================================================
warning: entity 3 was directed to use 3 halite to move south, but only 0 halite was available
At command 2 of 5:
    1   m 1 o
>>> 2   m 3 s
    3   m 5 e
    4   m 6 o


Turn 41
================================================================
warning: entity 8 was directed to use 2 halite to move east, but only 0 halite was available
At command 5 of 6:
    3   m 5 o
    4   m 6 e
>>> 5   m 8 e
    6   g


Turn 47
================================================================
warning: entity 6 was directed to use 3 halite to move east, but only 0 halite was available
At command 4 of 6:
    2   m 3 o
    3   m 5 n
>>> 4   m 6 e
    5   m 8 o
    6   m 10 o


Turn 50
================================================================
warning: entity 5 was directed to use 1 halite to move east, but only 0 halite was available
At command 3 of 6:
    1   m 1 o
    2   m 3 o
>>> 3   m 5 e
    4   m 6 s
    5   m 8 n


Turn 53
================================================================
warning: entity 6 was directed to use 1 halite to move south, but only 0 halite was available
At command 4 of 7:
    2   m 3 o
    3   m 5 o
>>> 4   m 6 s
    5   m 8 n
    6   m 10 o


Turn 57
================================================================
warning: entity 12 was directed to use 3 halite to move north, but only 0 halite was available
At command 7 of 8:
    5   m 8 o
    6   m 10 o
>>> 7   m 12 n
    8   m 13 w


Turn 58
================================================================
warning: entity 13 was directed to use 2 halite to move south, but only 0 halite was available
At command 7 of 7:
    5   m 10 o
    6   m 12 s
>>> 7   m 13 s


Turn 61
================================================================
warning: entity 13 was directed to use 4 halite to move south, but only 3 halite was available
At command 8 of 8:
    6   m 10 o
    7   m 12 w
>>> 8   m 13 s


Turn 62
================================================================
warning: entity 12 was directed to use 2 halite to move south, but only 1 halite was available
At command 6 of 7:
    4   m 8 o
    5   m 10 o
>>> 6   m 12 s
    7   m 13 s


Turn 64
================================================================
warning: entity 1 was directed to use 2 halite to move north, but only 0 halite was available
At command 1 of 7:
>>> 1   m 1 n
    2   m 3 n
    3   m 6 o


Turn 66
================================================================
warning: entity 12 was directed to use 4 halite to move south, but only 2 halite was available
At command 7 of 8:
    5   m 8 o
    6   m 10 o
>>> 7   m 12 s
    8   m 13 o


Turn 69
================================================================
warning: entity 3 was directed to use 2 halite to move west, but only 0 halite was available
At command 2 of 8:
    1   m 1 o
>>> 2   m 3 w
    3   m 5 e
    4   m 6 o


Turn 70
================================================================
warning: entity 15 was directed to use 2 halite to move north, but only 0 halite was available
At command 9 of 9:
    7   m 12 o
    8   m 13 o
>>> 9   m 15 n


Turn 73
================================================================
warning: entity 5 was directed to use 1 halite to move north, but only 0 halite was available
At command 3 of 9:
    1   m 1 o
    2   m 3 o
>>> 3   m 5 n
    4   m 6 o
    5   m 8 n

warning: entity 15 was directed to use 4 halite to move east, but only 0 halite was available
At command 9 of 9:
    7   m 12 o
    8   m 13 o
>>> 9   m 15 e


Turn 75
================================================================
warning: entity 5 was directed to use 4 halite to move west, but only 3 halite was available
At command 3 of 8:
    1   m 1 n
    2   m 3 o
>>> 3   m 5 w
    4   m 8 n
    5   m 10 s


Turn 76
================================================================
warning: entity 8 was directed to use 1 halite to move west, but only 0 halite was available
At command 5 of 10:
    3   m 5 w
    4   m 6 w
>>> 5   m 8 w
    6   m 10 o
    7   m 12 s


Turn 80
================================================================
warning: entity 16 was directed to use 2 halite to move south, but only 0 halite was available
At command 10 of 10:
    8   m 13 o
    9   m 15 e
>>> 10   m 16 s


Turn 84
================================================================
warning: entity 6 was directed to use 1 halite to move east, but only 0 halite was available
At command 3 of 10:
    1   m 1 o
    2   m 5 o
>>> 3   m 6 e
    4   m 8 o
    5   m 10 o


Turn 86
================================================================
warning: entity 19 was directed to use 3 halite to move east, but only 0 halite was available
At command 11 of 12:
    9   m 15 o
    10   m 16 o
>>> 11   m 19 e
    12   m 21 n


Turn 90
================================================================
warning: entity 21 was directed to use 4 halite to move south, but only 0 halite was available
At command 12 of 12:
    10   m 16 o
    11   m 19 o
>>> 12   m 21 s


Turn 94
================================================================
warning: entity 3 was directed to use 1 halite to move west, but only 0 halite was available
At command 2 of 11:
    1   m 1 e
>>> 2   m 3 w
    3   m 5 o
    4   m 6 o


Turn 98
================================================================
warning: entity 10 was directed to use 1 halite to move north, but only 0 halite was available
At command 6 of 12:
    4   m 6 w
    5   m 8 o
>>> 6   m 10 n
    7   m 12 w
    8   m 13 w


Turn 103
================================================================
warning: entity 1 was directed to use 1 halite to move east, but only 0 halite was available
At command 1 of 11:
>>> 1   m 1 e
    2   m 3 o
    3   m 6 e


Turn 106
================================================================
warning: entity 5 was directed to use 2 halite to move north, but only 0 halite was available
At command 3 of 11:
    1   m 1 e
    2   m 3 o
>>> 3   m 5 n
    4   m 6 n
    5   m 8 e


Turn 107
================================================================
warning: entity 1 was directed to use 1 halite to move east, but only 0 halite was available
At command 1 of 12:
>>> 1   m 1 e
    2   m 3 o
    3   m 5 n


Turn 109
================================================================
warning: entity 5 was directed to use 4 halite to move east, but only 3 halite was available
At command 2 of 11:
    1   m 1 o
>>> 2   m 5 e
    3   m 6 n
    4   m 8 e

warning: entity 13 was directed to use 2 halite to move east, but only 0 halite was available
At command 7 of 11:
    5   m 10 o
    6   m 12 n
>>> 7   m 13 e
    8   m 15 s
    9   m 16 o


Turn 115
================================================================
warning: entity 6 was directed to use 3 halite to move west, but only 0 halite was available
At command 4 of 12:
    2   m 3 w
    3   m 5 e
>>> 4   m 6 w
    5   m 8 e
    6   m 10 o


Turn 116
================================================================
warning: entity 8 was directed to use 1 halite to move south, but only 0 halite was available
At command 5 of 11:
    3   m 5 o
    4   m 6 w
>>> 5   m 8 s
    6   m 12 w
    7   m 13 o


Turn 118
================================================================
warning: entity 6 was directed to use 3 halite to move west, but only 2 halite was available
At command 4 of 12:
    2   m 3 w
    3   m 5 o
>>> 4   m 6 w
    5   m 8 n
    6   m 10 e


Turn 121
================================================================
warning: entity 15 was directed to use 3 halite to move north, but only 0 halite was available
At command 8 of 11:
    6   m 12 n
    7   m 13 o
>>> 8   m 15 n
    9   m 16 e
    10   m 19 s


Turn 122
================================================================
warning: entity 8 was directed to use 4 halite to move east, but only 3 halite was available
At command 5 of 12:
    3   m 5 e
    4   m 6 o
>>> 5   m 8 e
    6   m 10 o
    7   m 12 o


Turn 123
================================================================
warning: entity 3 was directed to use 1 halite to move west, but only 0 halite was available
At command 2 of 12:
    1   m 1 s
>>> 2   m 3 w
    3   m 5 o
    4   m 6 o


Turn 124
================================================================
warning: entity 15 was directed to use 4 halite to move north, but only 3 halite was available
At command 8 of 11:
    6   m 12 e
    7   m 13 o
>>> 8   m 15 n
    9   m 16 w
    10   m 19 e


Turn 126
================================================================
warning: entity 3 was directed to use 4 halite to move west, but only 0 halite was available
At command 2 of 12:
    1   m 1 o
>>> 2   m 3 w
    3   m 5 o
    4   m 6 o


Turn 128
================================================================
warning: entity 10 was directed to use 4 halite to move east, but only 0 halite was available
At command 6 of 11:
    4   m 6 o
    5   m 8 o
>>> 6   m 10 e
    7   m 13 o
    8   m 15 o


Turn 132
================================================================
warning: entity 10 was directed to use 4 halite to move south, but only 2 halite was available
At command 6 of 11:
    4   m 6 o
    5   m 8 o
>>> 6   m 10 s
    7   m 12 w
    8   m 13 o


Turn 133
================================================================
warning: entity 12 was directed to use 2 halite to move west, but only 0 halite was available
At command 7 of 12:
    5   m 8 o
    6   m 10 n
>>> 7   m 12 w
    8   m 13 o
    9   m 15 e


Turn 136
================================================================
warning: entity 19 was directed to use 2 halite to move south, but only 0 halite was available
At command 10 of 11:
    8   m 13 o
    9   m 15 o
>>> 10   m 19 s
    11   m 21 s


Turn 137
================================================================
warning: entity 10 was directed to use 3 halite to move east, but only 1 halite was available
At command 6 of 12:
    4   m 6 o
    5   m 8 o
>>> 6   m 10 e
    7   m 12 o
    8   m 13 e


Turn 140
================================================================
warning: entity 16 was directed to use 1 halite to move west, but only 0 halite was available
At command 10 of 12:
    8   m 13 w
    9   m 15 o
>>> 10   m 16 w
    11   m 19 e
    12   m 21 w


Turn 147
================================================================
warning: entity 5 was directed to use 3 halite to move east, but only 1 halite was available
At command 2 of 10:
    1   m 1 w
>>> 2   m 5 e
    3   m 6 w
    4   m 8 w


Turn 152
================================================================
warning: entity 3 was directed to use 2 halite to move south, but only 0 halite was available
At command 2 of 12:
    1   m 1 o
>>> 2   m 3 s
    3   m 5 o
    4   m 6 s


Turn 155
================================================================
warning: entity 8 was directed to use 1 halite to move south, but only 0 halite was available
At command 4 of 10:
    2   m 3 o
    3   m 5 o
>>> 4   m 8 s
    5   m 10 w
    6   m 12 n


Turn 159
================================================================
warning: entity 6 was directed to use 3 halite to move west, but only 0 halite was available
At command 4 of 12:
    2   m 3 w
    3   m 5 o
>>> 4   m 6 w
    5   m 8 s
    6   m 10 o


Turn 162
================================================================
warning: entity 8 was directed to use 4 halite to move east, but only 0 halite was available
At command 4 of 10:
    2   m 5 o
    3   m 6 w
>>> 4   m 8 e
    5   m 10 s
    6   m 12 e


Turn 163
================================================================
warning: entity 10 was directed to use 1 halite to move south, but only 0 halite was available
At command 5 of 11:
    3   m 6 o
    4   m 8 e
>>> 5   m 10 s
    6   m 12 e
    7   m 13 o


Turn 167
================================================================
warning: entity 13 was directed to use 2 halite to move east, but only 0 halite was available
At command 7 of 11:
    5   m 10 o
    6   m 12 o
>>> 7   m 13 e
    8   m 15 e
    9   m 16 o


Turn 170
================================================================
warning: entity 13 was directed to use 3 halite to move east, but only 1 halite was available
At command 7 of 10:
    5   m 10 w
    6   m 12 w
>>> 7   m 13 e
    8   m 16 n
    9   m 19 w


Turn 174
================================================================
warning: entity 16 was directed to use 3 halite to move north, but only 0 halite was available
At command 8 of 9:
    6   m 13 o
    7   m 15 e
>>> 8   m 16 n
    9   m 21 w


Turn 175
================================================================
warning: entity 15 was directed to use 2 halite to move east, but only 0 halite was available
At command 8 of 11:
    6   m 12 s
    7   m 13 o
>>> 8   m 15 e
    9   m 16 n
    10   m 19 o


Turn 178
================================================================
warning: entity 15 was directed to use 2 halite to move east, but only 0 halite was available
At command 7 of 10:
    5   m 12 w
    6   m 13 o
>>> 7   m 15 e
    8   m 16 e
    9   m 19 s

warning: entity 19 was directed to use 1 halite to move south, but only 0 halite was available
At command 9 of 10:
    7   m 15 e
    8   m 16 e
>>> 9   m 19 s
    10   m 21 s


Turn 183
================================================================
warning: entity 5 was directed to use 1 halite to move west, but only 0 halite was available
At command 2 of 10:
    1   m 3 o
>>> 2   m 5 w
    3   m 6 w
    4   m 8 w

warning: entity 15 was directed to use 1 halite to move south, but only 0 halite was available
At command 7 of 10:
    5   m 10 o
    6   m 12 e
>>> 7   m 15 s
    8   m 16 o
    9   m 19 n


Turn 186
================================================================
warning: entity 21 was directed to use 2 halite to move south, but only 0 halite was available
At command 10 of 10:
    8   m 16 n
    9   m 19 s
>>> 10   m 21 s


Turn 187
================================================================
warning: entity 5 was directed to use 4 halite to move west, but only 0 halite was available
At command 2 of 11:
    1   m 3 s
>>> 2   m 5 w
    3   m 6 e
    4   m 8 o


Turn 189
================================================================
warning: entity 6 was directed to use 2 halite to move east, but only 0 halite was available
At command 3 of 9:
    1   m 3 s
    2   m 5 w
>>> 3   m 6 e
    4   m 8 o
    5   m 13 s

warning: entity 19 was directed to use 4 halite to move south, but only 2 halite was available
At command 8 of 9:
    6   m 15 o
    7   m 16 o
>>> 8   m 19 s
    9   m 21 s


Turn 192
================================================================
warning: entity 21 was directed to use 3 halite to move south, but only 1 halite was available
At command 11 of 12:
    9   m 16 o
    10   m 19 e
>>> 11   m 21 s
    12   g


Turn 194
================================================================
warning: entity 12 was directed to use 3 halite to move west, but only 0 halite was available
At command 6 of 12:
    4   m 8 w
    5   m 10 o
>>> 6   m 12 w
    7   m 13 s
    8   m 15 w


Turn 199
================================================================
warning: entity 32 was directed to use 2 halite to move north, but only 0 halite was available
At command 12 of 13:
    10   m 19 e
    11   m 21 o
>>> 12   m 32 n
    13   m 33 w


Turn 200
================================================================
warning: entity 13 was directed to use 1 halite to move east, but only 0 halite was available
At command 7 of 14:
    5   m 10 e
    6   m 12 o
>>> 7   m 13 e
    8   m 15 o
    9   m 16 o


Turn 201
================================================================
warning: entity 33 was directed to use 3 halite to move west, but only 0 halite was available
At command 12 of 13:
    10   m 21 s
    11   m 32 n
>>> 12   m 33 w
    13   m 34 e


Turn 203
================================================================
warning: entity 32 was directed to use 4 halite to move north, but only 1 halite was available
At command 12 of 15:
    10   m 19 e
    11   m 21 o
>>> 12   m 32 n
    13   m 33 w
    14   m 34 e

warning: entity 34 was directed to use 1 halite to move east, but only 0 halite was available
At command 14 of 15:
    12   m 32 n
    13   m 33 w
>>> 14   m 34 e
    15   m 35 s


Turn 206
================================================================
warning: entity 34 was directed to use 1 halite to move east, but only 0 halite was available
At command 14 of 17:
    12   m 32 o
    13   m 33 o
>>> 14   m 34 e
    15   m 35 s
    16   m 36 e


Turn 207
================================================================
warning: entity 35 was directed to use 3 halite to move south, but only 0 halite was available
At command 13 of 15:
    11   m 33 o
    12   m 34 e
>>> 13   m 35 s
    14   m 36 e
    15   m 37 s


Turn 208
================================================================
warning: entity 34 was directed to use 4 halite to move east, but only 3 halite was available
At command 13 of 17:
    11   m 32 o
    12   m 33 o
>>> 13   m 34 e
    14   m 35 s
    15   m 36 e


Turn 209
================================================================
warning: entity 36 was directed to use 1 halite to move west, but only 0 halite was available
At command 16 of 18:
    14   m 34 e
    15   m 35 s
>>> 16   m 36 w
    17   m 37 s
    18   m 38 s


Turn 211
================================================================
warning: entity 35 was directed to use 3 halite to move south, but only 2 halite was available
At command 15 of 19:
    13   m 33 o
    14   m 34 o
>>> 15   m 35 s
    16   m 36 s
    17   m 37 s

warning: entity 37 was directed to use 2 halite to move south, but only 0 halite was available
At command 17 of 19:
    15   m 35 s
    16   m 36 s
>>> 17   m 37 s
    18   m 38 s
    19   m 39 o


Turn 213
================================================================
warning: entity 8 was directed to use 1 halite to move south, but only 0 halite was available
At command 4 of 19:
    2   m 5 o
    3   m 6 o
>>> 4   m 8 s
    5   m 10 o
    6   m 12 o


Turn 214
================================================================
warning: entity 36 was directed to use 1 halite to move north, but only 0 halite was available
At command 14 of 17:
    12   m 34 o
    13   m 35 o
>>> 14   m 36 n
    15   m 37 w
    16   m 38 s

warning: entity 39 was directed to use 1 halite to move north, but only 0 halite was available
At command 17 of 17:
    15   m 37 w
    16   m 38 s
>>> 17   m 39 n


Turn 215
================================================================
warning: entity 37 was directed to use 2 halite to move north, but only 1 halite was available
At command 15 of 17:
    13   m 35 o
    14   m 36 o
>>> 15   m 37 n
    16   m 38 s
    17   m 39 n

warning: entity 38 was directed to use 4 halite to move south, but only 2 halite was available
At command 16 of 17:
    14   m 36 o
    15   m 37 n
>>> 16   m 38 s
    17   m 39 n


Turn 217
================================================================
warning: entity 15 was directed to use 2 halite to move west, but only 0 halite was available
At command 7 of 19:
    5   m 12 n
    6   m 13 e
>>> 7   m 15 w
    8   m 16 e
    9   m 19 o


Turn 218
================================================================
warning: entity 39 was directed to use 3 halite to move north, but only 0 halite was available
At command 19 of 20:
    17   m 37 e
    18   m 38 o
>>> 19   m 39 n
    20   m 40 w


Turn 219
================================================================
warning: entity 37 was directed to use 4 halite to move south, but only 2 halite was available
At command 17 of 20:
    15   m 35 o
    16   m 36 e
>>> 17   m 37 s
    18   m 38 o
    19   m 39 n


Turn 221
================================================================
warning: entity 40 was directed to use 2 halite to move west, but only 0 halite was available
At command 18 of 18:
    16   m 38 o
    17   m 39 o
>>> 18   m 40 w


Turn 222
================================================================
warning: entity 15 was directed to use 3 halite to move east, but only 0 halite was available
At command 7 of 17:
    5   m 12 s
    6   m 13 n
>>> 7   m 15 e
    8   m 16 w
    9   m 19 n


Turn 225
================================================================
warning: entity 40 was directed to use 1 halite to move west, but only 0 halite was available
At command 20 of 20:
    18   m 38 o
    19   m 39 o
>>> 20   m 40 w


Turn 226
================================================================
warning: entity 12 was directed to use 1 halite to move west, but only 0 halite was available
At command 6 of 20:
    4   m 8 o
    5   m 10 o
>>> 6   m 12 w
    7   m 13 o
    8   m 15 w


Turn 228
================================================================
warning: entity 3 was directed to use 1 halite to move east, but only 0 halite was available
At command 1 of 19:
>>> 1   m 3 e
    2   m 5 e
    3   m 6 n


Turn 229
================================================================
warning: entity 6 was directed to use 1 halite to move north, but only 0 halite was available
At command 3 of 19:
    1   m 3 e
    2   m 5 o
>>> 3   m 6 n
    4   m 8 o
    5   m 10 o


Turn 231
================================================================
warning: entity 3 was directed to use 2 halite to move west, but only 0 halite was available
At command 1 of 19:
>>> 1   m 3 w
    2   m 5 o
    3   m 6 w


Turn 232
================================================================
warning: entity 6 was directed to use 4 halite to move west, but only 2 halite was available
At command 3 of 19:
    1   m 3 w
    2   m 5 o
>>> 3   m 6 w
    4   m 8 o
    5   m 10 o


Turn 233
================================================================
warning: entity 13 was directed to use 2 halite to move east, but only 0 halite was available
At command 7 of 20:
    5   m 10 n
    6   m 12 o
>>> 7   m 13 e
    8   m 15 o
    9   m 16 s


Turn 234
================================================================
warning: entity 3 was directed to use 2 halite to move south, but only 0 halite was available
At command 1 of 20:
>>> 1   m 3 s
    2   m 5 o
    3   m 6 w


Turn 236
================================================================
warning: entity 16 was directed to use 2 halite to move east, but only 0 halite was available
At command 9 of 22:
    7   m 13 e
    8   m 15 o
>>> 9   m 16 e
    10   m 19 w
    11   m 21 o


Turn 237
================================================================
warning: entity 13 was directed to use 4 halite to move east, but only 0 halite was available
At command 7 of 21:
    5   m 10 s
    6   m 12 o
>>> 7   m 13 e
    8   m 16 e
    9   m 19 w


Turn 238
================================================================
warning: entity 3 was directed to use 4 halite to move east, but only 1 halite was available
At command 1 of 22:
>>> 1   m 3 e
    2   m 5 e
    3   m 6 o


Turn 239
================================================================
warning: entity 10 was directed to use 4 halite to move south, but only 0 halite was available
At command 5 of 23:
    3   m 6 o
    4   m 8 o
>>> 5   m 10 s
    6   m 12 o
    7   m 13 e


Turn 240
================================================================
warning: entity 41 was directed to use 1 halite to move north, but only 0 halite was available
At command 18 of 20:
    16   m 39 w
    17   m 40 o
>>> 18   m 41 n
    19   m 42 s
    20   m 43 w


Turn 241
================================================================
warning: entity 42 was directed to use 2 halite to move south, but only 0 halite was available
At command 22 of 23:
    20   m 40 o
    21   m 41 s
>>> 22   m 42 s
    23   m 43 n


Turn 242
================================================================
warning: entity 35 was directed to use 3 halite to move east, but only 0 halite was available
At command 14 of 22:
    12   m 33 e
    13   m 34 s
>>> 14   m 35 e
    15   m 36 w
    16   m 37 s


Turn 243
================================================================
warning: entity 41 was directed to use 4 halite to move north, but only 0 halite was available
At command 19 of 21:
    17   m 38 n
    18   m 39 o
>>> 19   m 41 n
    20   m 42 s
    21   m 43 w

warning: entity 43 was directed to use 3 halite to move west, but only 0 halite was available
At command 21 of 21:
    19   m 41 n
    20   m 42 s
>>> 21   m 43 w


Turn 244
================================================================
warning: entity 42 was directed to use 4 halite to move south, but only 2 halite was available
At command 21 of 23:
    19   m 40 e
    20   m 41 n
>>> 21   m 42 s
    22   m 43 w
    23   g


Turn 245
================================================================
warning: entity 37 was directed to use 2 halite to move east, but only 0 halite was available
At command 17 of 24:
    15   m 35 o
    16   m 36 w
>>> 17   m 37 e
    18   m 38 s
    19   m 39 o


Turn 247
================================================================
warning: entity 32 was directed to use 1 halite to move north, but only 0 halite was available
At command 11 of 23:
    9   m 16 o
    10   m 19 w
>>> 11   m 32 n
    12   m 33 w
    13   m 34 w


Turn 248
================================================================
warning: entity 44 was directed to use 1 halite to move south, but only 0 halite was available
At command 23 of 23:
    21   m 42 s
    22   m 43 o
>>> 23   m 44 s


Turn 249
================================================================
warning: entity 37 was directed to use 3 halite to move east, but only 2 halite was available
At command 17 of 24:
    15   m 35 o
    16   m 36 w
>>> 17   m 37 e
    18   m 38 s
    19   m 39 o

warning: entity 42 was directed to use 1 halite to move north, but only 0 halite was available
At command 22 of 24:
    20   m 40 e
    21   m 41 e
>>> 22   m 42 n
    23   m 43 o
    24   m 44 s


Turn 250
================================================================
warning: entity 21 was directed to use 1 halite to move south, but only 0 halite was available
At command 11 of 24:
    9   m 16 o
    10   m 19 e
>>> 11   m 21 s
    12   m 32 e
    13   m 33 e

warning: entity 32 was directed to use 4 halite to move east, but only 3 halite was available
At command 12 of 24:
    10   m 19 e
    11   m 21 s
>>> 12   m 32 e
    13   m 33 e
    14   m 34 s


Turn 251
================================================================
warning: entity 42 was directed to use 5 halite to move west, but only 3 halite was available
At command 20 of 22:
    18   m 40 s
    19   m 41 o
>>> 20   m 42 w
    21   m 43 o
    22   m 44 s


Turn 253
================================================================
warning: entity 21 was directed to use 1 halite to move south, but only 0 halite was available
At command 11 of 24:
    9   m 16 o
    10   m 19 w
>>> 11   m 21 s
    12   m 32 e
    13   m 33 s


Turn 254
================================================================
warning: entity 12 was directed to use 1 halite to move south, but only 0 halite was available
At command 6 of 24:
    4   m 8 s
    5   m 10 o
>>> 6   m 12 s
    7   m 13 o
    8   m 15 n

warning: entity 38 was directed to use 4 halite to move west, but only 0 halite was available
At command 18 of 24:
    16   m 36 w
    17   m 37 o
>>> 18   m 38 w
    19   m 39 e
    20   m 40 w


Turn 255
================================================================
warning: entity 21 was directed to use 4 halite to move north, but only 3 halite was available
At command 10 of 23:
    8   m 16 o
    9   m 19 s
>>> 10   m 21 n
    11   m 32 o
    12   m 33 n


Turn 256
================================================================
warning: entity 40 was directed to use 1 halite to move south, but only 0 halite was available
At command 19 of 23:
    17   m 38 o
    18   m 39 s
>>> 19   m 40 s
    20   m 41 o
    21   m 42 o


Turn 257
================================================================
warning: entity 8 was directed to use 1 halite to move south, but only 0 halite was available
At command 4 of 24:
    2   m 5 w
    3   m 6 o
>>> 4   m 8 s
    5   m 10 o
    6   m 12 s


Turn 260
================================================================
warning: entity 44 was directed to use 1 halite to move west, but only 0 halite was available
At command 23 of 23:
    21   m 42 o
    22   m 43 o
>>> 23   m 44 w


Turn 261
================================================================
warning: entity 8 was directed to use 3 halite to move north, but only 0 halite was available
At command 4 of 24:
    2   m 5 o
    3   m 6 o
>>> 4   m 8 n
    5   m 10 o
    6   m 12 w


Turn 263
================================================================
warning: entity 44 was directed to use 3 halite to move north, but only 1 halite was available
At command 24 of 24:
    22   m 42 o
    23   m 43 o
>>> 24   m 44 n


Turn 266
================================================================
warning: entity 19 was directed to use 1 halite to move east, but only 0 halite was available
At command 10 of 24:
    8   m 15 s
    9   m 16 o
>>> 10   m 19 e
    11   m 21 o
    12   m 32 e

warning: entity 40 was directed to use 3 halite to move south, but only 1 halite was available
At command 20 of 24:
    18   m 38 o
    19   m 39 w
>>> 20   m 40 s
    21   m 41 w
    22   m 42 o


Turn 269
================================================================
warning: entity 6 was directed to use 1 halite to move west, but only 0 halite was available
At command 3 of 23:
    1   m 3 o
    2   m 5 o
>>> 3   m 6 w
    4   m 8 o
    5   m 10 n

warning: entity 19 was directed to use 4 halite to move east, but only 2 halite was available
At command 10 of 23:
    8   m 15 o
    9   m 16 o
>>> 10   m 19 e
    11   m 21 o
    12   m 32 o

warning: entity 40 was directed to use 4 halite to move south, but only 3 halite was available
At command 20 of 23:
    18   m 38 o
    19   m 39 n
>>> 20   m 40 s
    21   m 41 w
    22   m 43 o

warning: entity 44 was directed to use 3 halite to move east, but only 0 halite was available
At command 23 of 23:
    21   m 41 w
    22   m 43 o
>>> 23   m 44 e


Turn 272
================================================================
warning: entity 15 was directed to use 2 halite to move south, but only 1 halite was available
At command 7 of 24:
    5   m 12 o
    6   m 13 w
>>> 7   m 15 s
    8   m 16 w
    9   m 19 e


Turn 274
================================================================
warning: entity 19 was directed to use 4 halite to move west, but only 2 halite was available
At command 9 of 23:
    7   m 15 s
    8   m 16 w
>>> 9   m 19 w
    10   m 21 o
    11   m 32 o

warning: entity 39 was directed to use 1 halite to move north, but only 0 halite was available
At command 17 of 23:
    15   m 37 o
    16   m 38 o
>>> 17   m 39 n
    18   m 40 e
    19   m 41 e


Turn 275
================================================================
warning: entity 40 was directed to use 3 halite to move north, but only 1 halite was available
At command 20 of 25:
    18   m 38 o
    19   m 39 n
>>> 20   m 40 n
    21   m 41 w
    22   m 42 e


Turn 276
================================================================
warning: entity 45 was directed to use 2 halite to move east, but only 0 halite was available
At command 24 of 24:
    22   m 43 o
    23   m 44 e
>>> 24   m 45 e


Turn 279
================================================================
warning: entity 5 was directed to use 1 halite to move south, but only 0 halite was available
At command 2 of 25:
    1   m 3 w
>>> 2   m 5 s
    3   m 6 n
    4   m 8 n


Turn 280
================================================================
warning: entity 34 was directed to use 1 halite to move south, but only 0 halite was available
At command 14 of 24:
    12   m 32 w
    13   m 33 n
>>> 14   m 34 s
    15   m 35 o
    16   m 36 n


Turn 282
================================================================
warning: entity 5 was directed to use 4 halite to move north, but only 3 halite was available
At command 2 of 24:
    1   m 3 w
>>> 2   m 5 n
    3   m 6 e
    4   m 8 o

warning: entity 45 was directed to use 3 halite to move east, but only 2 halite was available
At command 24 of 24:
    22   m 43 e
    23   m 44 o
>>> 24   m 45 e


Turn 284
================================================================
warning: entity 34 was directed to use 1 halite to move south, but only 0 halite was available
At command 14 of 25:
    12   m 32 s
    13   m 33 e
>>> 14   m 34 s
    15   m 35 o
    16   m 36 s

warning: entity 40 was directed to use 3 halite to move east, but only 0 halite was available
At command 20 of 25:
    18   m 38 o
    19   m 39 o
>>> 20   m 40 e
    21   m 41 s
    22   m 42 s

warning: entity 42 was directed to use 4 halite to move south, but only 0 halite was available
At command 22 of 25:
    20   m 40 e
    21   m 41 s
>>> 22   m 42 s
    23   m 43 e
    24   m 44 o


Turn 285
================================================================
warning: entity 6 was directed to use 4 halite to move south, but only 0 halite was available
At command 3 of 25:
    1   m 3 s
    2   m 5 w
>>> 3   m 6 s
    4   m 8 o
    5   m 10 s


Turn 287
================================================================
warning: entity 34 was directed to use 4 halite to move south, but only 3 halite was available
At command 14 of 24:
    12   m 32 o
    13   m 33 w
>>> 14   m 34 s
    15   m 35 e
    16   m 36 s

warning: entity 36 was directed to use 2 halite to move south, but only 0 halite was available
At command 16 of 24:
    14   m 34 s
    15   m 35 e
>>> 16   m 36 s
    17   m 38 o
    18   m 39 o

warning: entity 45 was directed to use 3 halite to move east, but only 0 halite was available
At command 24 of 24:
    22   m 43 s
    23   m 44 o
>>> 24   m 45 e


Turn 288
================================================================
warning: entity 3 was directed to use 1 halite to move south, but only 0 halite was available
At command 1 of 25:
>>> 1   m 3 s
    2   m 5 o
    3   m 6 o


Turn 289
================================================================
warning: entity 16 was directed to use 2 halite to move south, but only 0 halite was available
At command 9 of 24:
    7   m 13 s
    8   m 15 o
>>> 9   m 16 s
    10   m 19 o
    11   m 21 o


Turn 291
================================================================
warning: entity 3 was directed to use 4 halite to move north, but only 0 halite was available
At command 1 of 22:
>>> 1   m 3 n
    2   m 5 o
    3   m 8 o

warning: entity 45 was directed to use 4 halite to move east, but only 2 halite was available
At command 22 of 22:
    20   m 43 e
    21   m 44 o
>>> 22   m 45 e


Turn 292
================================================================
warning: entity 37 was directed to use 4 halite to move south, but only 0 halite was available
At command 17 of 25:
    15   m 35 o
    16   m 36 w
>>> 17   m 37 s
    18   m 38 s
    19   m 39 o


Turn 293
================================================================
warning: entity 13 was directed to use 1 halite to move south, but only 0 halite was available
At command 6 of 23:
    4   m 10 o
    5   m 12 s
>>> 6   m 13 s
    7   m 15 o
    8   m 16 s

warning: entity 43 was directed to use 1 halite to move north, but only 0 halite was available
At command 21 of 23:
    19   m 41 w
    20   m 42 o
>>> 21   m 43 n
    22   m 44 o
    23   m 45 o


Turn 294
================================================================
warning: entity 16 was directed to use 3 halite to move south, but only 2 halite was available
At command 9 of 25:
    7   m 13 s
    8   m 15 o
>>> 9   m 16 s
    10   m 19 w
    11   m 21 e


Turn 296
================================================================
warning: entity 12 was directed to use 3 halite to move south, but only 0 halite was available
At command 6 of 24:
    4   m 8 e
    5   m 10 o
>>> 6   m 12 s
    7   m 13 e
    8   m 15 s


Turn 297
================================================================
warning: entity 43 was directed to use 1 halite to move north, but only 0 halite was available
At command 23 of 25:
    21   m 41 w
    22   m 42 o
>>> 23   m 43 n
    24   m 44 o
    25   m 45 o


Turn 298
================================================================
warning: entity 13 was directed to use 4 halite to move east, but only 0 halite was available
At command 7 of 23:
    5   m 10 o
    6   m 12 s
>>> 7   m 13 e
    8   m 15 o
    9   m 16 o


Turn 299
================================================================
warning: entity 12 was directed to use 5 halite to move north, but only 4 halite was available
At command 6 of 25:
    4   m 8 w
    5   m 10 o
>>> 6   m 12 n
    7   m 13 e
    8   m 15 o

warning: entity 32 was directed to use 1 halite to move south, but only 0 halite was available
At command 12 of 25:
    10   m 19 w
    11   m 21 w
>>> 12   m 32 s
    13   m 33 n
    14   m 34 n


Turn 300
================================================================
warning: entity 6 was directed to use 2 halite to move south, but only 0 halite was available
At command 3 of 24:
    1   m 3 o
    2   m 5 s
>>> 3   m 6 s
    4   m 8 n
    5   m 10 s


Turn 301
================================================================
warning: entity 43 was directed to use 4 halite to move north, but only 0 halite was available
At command 23 of 25:
    21   m 41 n
    22   m 42 o
>>> 23   m 43 n
    24   m 44 o
    25   m 45 e


Turn 302
================================================================
warning: entity 33 was directed to use 2 halite to move north, but only 0 halite was available
At command 12 of 24:
    10   m 21 o
    11   m 32 s
>>> 12   m 33 n
    13   m 34 o
    14   m 35 o


Turn 304
================================================================
warning: entity 6 was directed to use 4 halite to move north, but only 0 halite was available
At command 3 of 23:
    1   m 3 e
    2   m 5 o
>>> 3   m 6 n
    4   m 8 s
    5   m 10 o

warning: entity 32 was directed to use 2 halite to move south, but only 1 halite was available
At command 12 of 23:
    10   m 19 o
    11   m 21 o
>>> 12   m 32 s
    13   m 33 n
    14   m 34 s


Turn 305
================================================================
warning: entity 43 was directed to use 4 halite to move north, but only 1 halite was available
At command 23 of 25:
    21   m 41 s
    22   m 42 o
>>> 23   m 43 n
    24   m 44 o
    25   m 45 o


Turn 306
================================================================
warning: entity 33 was directed to use 4 halite to move north, but only 1 halite was available
At command 13 of 25:
    11   m 21 o
    12   m 32 s
>>> 13   m 33 n
    14   m 34 o
    15   m 35 o


Turn 307
================================================================
warning: entity 8 was directed to use 2 halite to move south, but only 0 halite was available
At command 4 of 24:
    2   m 5 o
    3   m 6 s
>>> 4   m 8 s
    5   m 10 e
    6   m 12 e


Turn 310
================================================================
warning: entity 8 was directed to use 2 halite to move east, but only 1 halite was available
At command 4 of 24:
    2   m 5 o
    3   m 6 n
>>> 4   m 8 e
    5   m 10 o
    6   m 12 o


Turn 313
================================================================
warning: entity 41 was directed to use 2 halite to move south, but only 0 halite was available
At command 20 of 23:
    18   m 39 e
    19   m 40 s
>>> 20   m 41 s
    21   m 42 o
    22   m 43 o


Turn 314
================================================================
warning: entity 40 was directed to use 1 halite to move south, but only 0 halite was available
At command 19 of 24:
    17   m 38 s
    18   m 39 e
>>> 19   m 40 s
    20   m 41 s
    21   m 42 o


Turn 315
================================================================
warning: entity 19 was directed to use 3 halite to move north, but only 0 halite was available
At command 10 of 25:
    8   m 15 o
    9   m 16 w
>>> 10   m 19 n
    11   m 21 w
    12   m 32 o


Turn 317
================================================================
warning: entity 40 was directed to use 1 halite to move south, but only 0 halite was available
At command 20 of 25:
    18   m 38 o
    19   m 39 w
>>> 20   m 40 s
    21   m 41 o
    22   m 42 o


Turn 318
================================================================
warning: entity 19 was directed to use 4 halite to move north, but only 2 halite was available
At command 10 of 25:
    8   m 15 w
    9   m 16 w
>>> 10   m 19 n
    11   m 21 o
    12   m 32 o


Turn 319
================================================================
warning: entity 36 was directed to use 1 halite to move south, but only 0 halite was available
At command 15 of 23:
    13   m 34 s
    14   m 35 o
>>> 15   m 36 s
    16   m 37 w
    17   m 38 o


Turn 320
================================================================
warning: entity 40 was directed to use 2 halite to move south, but only 0 halite was available
At command 20 of 25:
    18   m 38 n
    19   m 39 s
>>> 20   m 40 s
    21   m 41 s
    22   m 42 o


Turn 321
================================================================
warning: entity 41 was directed to use 4 halite to move south, but only 2 halite was available
At command 21 of 25:
    19   m 39 s
    20   m 40 s
>>> 21   m 41 s
    22   m 42 o
    23   m 43 o


Turn 322
================================================================
warning: entity 36 was directed to use 1 halite to move south, but only 0 halite was available
At command 15 of 24:
    13   m 34 o
    14   m 35 e
>>> 15   m 36 s
    16   m 37 w
    17   m 38 e


Turn 325
================================================================
warning: entity 44 was directed to use 1 halite to move south, but only 0 halite was available
At command 24 of 25:
    22   m 42 o
    23   m 43 o
>>> 24   m 44 s
    25   m 45 w


Turn 329
================================================================
warning: entity 36 was directed to use 4 halite to move north, but only 2 halite was available
At command 16 of 25:
    14   m 34 o
    15   m 35 e
>>> 16   m 36 n
    17   m 37 e
    18   m 38 o


Turn 330
================================================================
warning: entity 13 was directed to use 2 halite to move north, but only 0 halite was available
At command 6 of 23:
    4   m 8 o
    5   m 10 e
>>> 6   m 13 n
    7   m 15 o
    8   m 16 s

warning: entity 16 was directed to use 3 halite to move south, but only 0 halite was available
At command 8 of 23:
    6   m 13 n
    7   m 15 o
>>> 8   m 16 s
    9   m 19 o
    10   m 21 n

warning: entity 44 was directed to use 3 halite to move south, but only 2 halite was available
At command 22 of 23:
    20   m 42 e
    21   m 43 o
>>> 22   m 44 s
    23   m 45 s


Turn 333
================================================================
warning: entity 13 was directed to use 3 halite to move north, but only 0 halite was available
At command 7 of 23:
    5   m 10 o
    6   m 12 e
>>> 7   m 13 n
    8   m 15 n
    9   m 16 s


Turn 334
================================================================
warning: entity 44 was directed to use 4 halite to move south, but only 0 halite was available
At command 23 of 24:
    21   m 42 n
    22   m 43 s
>>> 23   m 44 s
    24   m 45 w


Turn 335
================================================================
warning: entity 16 was directed to use 4 halite to move south, but only 3 halite was available
At command 9 of 25:
    7   m 13 n
    8   m 15 n
>>> 9   m 16 s
    10   m 19 o
    11   m 21 n


Turn 336
================================================================
warning: entity 13 was directed to use 4 halite to move north, but only 2 halite was available
At command 7 of 25:
    5   m 10 w
    6   m 12 s
>>> 7   m 13 n
    8   m 15 o
    9   m 16 s


Turn 338
================================================================
warning: entity 36 was directed to use 4 halite to move east, but only 0 halite was available
At command 16 of 25:
    14   m 34 w
    15   m 35 o
>>> 16   m 36 e
    17   m 37 e
    18   m 38 o

warning: entity 39 was directed to use 1 halite to move north, but only 0 halite was available
At command 19 of 25:
    17   m 37 e
    18   m 38 o
>>> 19   m 39 n
    20   m 40 o
    21   m 41 o

warning: entity 44 was directed to use 4 halite to move west, but only 2 halite was available
At command 24 of 25:
    22   m 42 o
    23   m 43 w
>>> 24   m 44 w
    25   m 45 n


Turn 340
================================================================
warning: entity 39 was directed to use 5 halite to move north, but only 4 halite was available
At command 19 of 25:
    17   m 37 e
    18   m 38 s
>>> 19   m 39 n
    20   m 40 w
    21   m 41 o


Turn 342
================================================================
warning: entity 15 was directed to use 1 halite to move north, but only 0 halite was available
At command 8 of 25:
    6   m 12 w
    7   m 13 n
>>> 8   m 15 n
    9   m 16 o
    10   m 19 o


Turn 343
================================================================
warning: entity 44 was directed to use 4 halite to move west, but only 1 halite was available
At command 23 of 24:
    21   m 42 n
    22   m 43 n
>>> 23   m 44 w
    24   m 45 s


Turn 345
================================================================
warning: entity 15 was directed to use 2 halite to move north, but only 1 halite was available
At command 8 of 25:
    6   m 12 n
    7   m 13 o
>>> 8   m 15 n
    9   m 16 e
    10   m 19 o


Turn 346
================================================================
warning: entity 39 was directed to use 3 halite to move north, but only 2 halite was available
At command 19 of 24:
    17   m 37 s
    18   m 38 n
>>> 19   m 39 n
    20   m 40 s
    21   m 41 e


Turn 348
================================================================
warning: entity 15 was directed to use 3 halite to move north, but only 2 halite was available
At command 8 of 25:
    6   m 12 n
    7   m 13 n
>>> 8   m 15 n
    9   m 16 o
    10   m 19 o


Turn 350
================================================================
warning: entity 34 was directed to use 3 halite to move south, but only 0 halite was available
At command 12 of 23:
    10   m 21 n
    11   m 32 s
>>> 12   m 34 s
    13   m 35 n
    14   m 36 o

warning: entity 39 was directed to use 4 halite to move south, but only 3 halite was available
At command 17 of 23:
    15   m 37 o
    16   m 38 n
>>> 17   m 39 s
    18   m 40 o
    19   m 41 e


Turn 353
================================================================
warning: entity 34 was directed to use 5 halite to move south, but only 3 halite was available
At command 13 of 24:
    11   m 32 s
    12   m 33 s
>>> 13   m 34 s
    14   m 35 n
    15   m 36 o


Turn 355
================================================================
warning: entity 21 was directed to use 1 halite to move south, but only 0 halite was available
At command 9 of 23:
    7   m 16 o
    8   m 19 o
>>> 9   m 21 s
    10   m 32 s
    11   m 33 s

warning: entity 45 was directed to use 2 halite to move south, but only 0 halite was available
At command 23 of 23:
    21   m 43 s
    22   m 44 o
>>> 23   m 45 s


Turn 358
================================================================
warning: entity 15 was directed to use 3 halite to move north, but only 1 halite was available
At command 8 of 25:
    6   m 12 s
    7   m 13 o
>>> 8   m 15 n
    9   m 16 o
    10   m 19 o

warning: entity 32 was directed to use 4 halite to move south, but only 1 halite was available
At command 12 of 25:
    10   m 19 o
    11   m 21 n
>>> 12   m 32 s
    13   m 33 s
    14   m 34 s

warning: entity 34 was directed to use 3 halite to move south, but only 2 halite was available
At command 14 of 25:
    12   m 32 s
    13   m 33 s
>>> 14   m 34 s
    15   m 35 e
    16   m 36 o


Turn 359
================================================================
warning: entity 45 was directed to use 3 halite to move south, but only 0 halite was available
At command 24 of 24:
    22   m 43 s
    23   m 44 o
>>> 24   m 45 s


Turn 360
================================================================
warning: entity 12 was directed to use 2 halite to move south, but only 0 halite was available
At command 6 of 24:
    4   m 8 o
    5   m 10 o
>>> 6   m 12 s
    7   m 13 o
    8   m 15 o


Turn 362
================================================================
warning: entity 10 was directed to use 1 halite to move south, but only 0 halite was available
At command 5 of 25:
    3   m 6 n
    4   m 8 o
>>> 5   m 10 s
    6   m 12 s
    7   m 13 o

warning: entity 32 was directed to use 4 halite to move east, but only 3 halite was available
At command 12 of 25:
    10   m 19 e
    11   m 21 s
>>> 12   m 32 e
    13   m 33 s
    14   m 34 s

warning: entity 34 was directed to use 4 halite to move south, but only 0 halite was available
At command 14 of 25:
    12   m 32 e
    13   m 33 s
>>> 14   m 34 s
    15   m 35 n
    16   m 36 e

warning: entity 45 was directed to use 4 halite to move south, but only 3 halite was available
At command 25 of 25:
    23   m 43 s
    24   m 44 e
>>> 25   m 45 s


Turn 364
================================================================
warning: entity 12 was directed to use 3 halite to move south, but only 0 halite was available
At command 6 of 25:
    4   m 8 o
    5   m 10 s
>>> 6   m 12 s
    7   m 13 w
    8   m 15 o


Turn 366
================================================================
warning: entity 10 was directed to use 3 halite to move south, but only 0 halite was available
At command 5 of 24:
    3   m 6 o
    4   m 8 e
>>> 5   m 10 s
    6   m 12 s
    7   m 13 e

warning: entity 34 was directed to use 3 halite to move west, but only 1 halite was available
At command 14 of 24:
    12   m 32 e
    13   m 33 s
>>> 14   m 34 w
    15   m 35 s
    16   m 36 o


Turn 368
================================================================
warning: entity 5 was directed to use 3 halite to move south, but only 0 halite was available
At command 2 of 25:
    1   m 3 e
>>> 2   m 5 s
    3   m 6 w
    4   m 8 o

warning: entity 12 was directed to use 2 halite to move south, but only 1 halite was available
At command 6 of 25:
    4   m 8 o
    5   m 10 s
>>> 6   m 12 s
    7   m 13 e
    8   m 15 w

warning: entity 32 was directed to use 4 halite to move east, but only 0 halite was available
At command 12 of 25:
    10   m 19 s
    11   m 21 s
>>> 12   m 32 e
    13   m 33 s
    14   m 34 w


Turn 370
================================================================
warning: entity 10 was directed to use 3 halite to move south, but only 1 halite was available
At command 5 of 24:
    3   m 6 n
    4   m 8 o
>>> 5   m 10 s
    6   m 12 s
    7   m 13 s

warning: entity 21 was directed to use 4 halite to move south, but only 1 halite was available
At command 11 of 24:
    9   m 16 o
    10   m 19 s
>>> 11   m 21 s
    12   m 32 o
    13   m 34 o


Turn 371
================================================================
warning: entity 12 was directed to use 4 halite to move east, but only 3 halite was available
At command 6 of 24:
    4   m 8 o
    5   m 10 s
>>> 6   m 12 e
    7   m 13 n
    8   m 15 o


Turn 372
================================================================
warning: entity 5 was directed to use 4 halite to move south, but only 2 halite was available
At command 2 of 25:
    1   m 3 n
>>> 2   m 5 s
    3   m 6 n
    4   m 8 e


Turn 373
================================================================
warning: entity 35 was directed to use 2 halite to move south, but only 0 halite was available
At command 14 of 24:
    12   m 33 n
    13   m 34 o
>>> 14   m 35 s
    15   m 36 o
    16   m 37 e

warning: entity 43 was directed to use 2 halite to move north, but only 0 halite was available
At command 22 of 24:
    20   m 41 e
    21   m 42 w
>>> 22   m 43 n
    23   m 44 o
    24   m 45 e

warning: entity 45 was directed to use 2 halite to move east, but only 1 halite was available
At command 24 of 24:
    22   m 43 n
    23   m 44 o
>>> 24   m 45 e


Turn 374
================================================================
warning: entity 10 was directed to use 2 halite to move south, but only 0 halite was available
At command 5 of 24:
    3   m 6 o
    4   m 8 e
>>> 5   m 10 s
    6   m 12 e
    7   m 13 w


Turn 375
================================================================
warning: entity 12 was directed to use 4 halite to move east, but only 3 halite was available
At command 6 of 25:
    4   m 8 o
    5   m 10 s
>>> 6   m 12 e
    7   m 13 e
    8   m 15 e

warning: entity 33 was directed to use 2 halite to move north, but only 0 halite was available
At command 13 of 25:
    11   m 21 s
    12   m 32 e
>>> 13   m 33 n
    14   m 34 o
    15   m 35 s


Turn 376
================================================================
warning: entity 21 was directed to use 4 halite to move south, but only 0 halite was available
At command 10 of 24:
    8   m 16 e
    9   m 19 s
>>> 10   m 21 s
    11   m 32 o
    12   m 33 n

warning: entity 35 was directed to use 3 halite to move south, but only 1 halite was available
At command 14 of 24:
    12   m 33 n
    13   m 34 o
>>> 14   m 35 s
    15   m 36 o
    16   m 37 o


Turn 377
================================================================
warning: entity 43 was directed to use 3 halite to move north, but only 0 halite was available
At command 23 of 25:
    21   m 41 w
    22   m 42 e
>>> 23   m 43 n
    24   m 44 e
    25   m 45 o


Turn 378
================================================================
warning: entity 5 was directed to use 4 halite to move south, but only 1 halite was available
At command 2 of 24:
    1   m 3 n
>>> 2   m 5 s
    3   m 6 s
    4   m 8 o

warning: entity 6 was directed to use 1 halite to move south, but only 0 halite was available
At command 3 of 24:
    1   m 3 n
    2   m 5 s
>>> 3   m 6 s
    4   m 8 o
    5   m 10 o


Turn 380
================================================================
warning: entity 33 was directed to use 3 halite to move north, but only 2 halite was available
At command 13 of 25:
    11   m 21 e
    12   m 32 o
>>> 13   m 33 n
    14   m 34 o
    15   m 35 e

warning: entity 43 was directed to use 4 halite to move north, but only 3 halite was available
At command 23 of 25:
    21   m 41 e
    22   m 42 s
>>> 23   m 43 n
    24   m 44 w
    25   m 45 w


Turn 381
================================================================
warning: entity 21 was directed to use 3 halite to move east, but only 0 halite was available
At command 11 of 25:
    9   m 16 e
    10   m 19 n
>>> 11   m 21 e
    12   m 32 o
    13   m 33 n


Turn 384
================================================================
warning: entity 21 was directed to use 4 halite to move east, but only 3 halite was available
At command 10 of 23:
    8   m 16 o
    9   m 19 n
>>> 10   m 21 e
    11   m 32 o
    12   m 33 n

warning: entity 33 was directed to use 3 halite to move north, but only 2 halite was available
At command 12 of 23:
    10   m 21 e
    11   m 32 o
>>> 12   m 33 n
    13   m 34 o
    14   m 35 e

warning: entity 35 was directed to use 2 halite to move east, but only 1 halite was available
At command 14 of 23:
    12   m 33 n
    13   m 34 o
>>> 14   m 35 e
    15   m 36 w
    16   m 37 o


Turn 385
================================================================
warning: entity 43 was directed to use 4 halite to move north, but only 1 halite was available
At command 23 of 25:
    21   m 41 n
    22   m 42 s
>>> 23   m 43 n
    24   m 44 w
    25   m 45 n


Turn 386
================================================================
warning: entity 3 was directed to use 1 halite to move south, but only 0 halite was available
At command 1 of 25:
>>> 1   m 3 s
    2   m 5 s
    3   m 6 s


Turn 387
================================================================
warning: entity 6 was directed to use 3 halite to move south, but only 2 halite was available
At command 3 of 22:
    1   m 3 s
    2   m 5 s
>>> 3   m 6 s
    4   m 8 n
    5   m 10 o

warning: entity 19 was directed to use 3 halite to move north, but only 0 halite was available
At command 9 of 22:
    7   m 13 o
    8   m 15 s
>>> 9   m 19 n
    10   m 21 o
    11   m 33 n


Turn 388
================================================================
warning: entity 33 was directed to use 4 halite to move north, but only 0 halite was available
At command 13 of 25:
    11   m 21 o
    12   m 32 w
>>> 13   m 33 n
    14   m 34 o
    15   m 35 e

warning: entity 35 was directed to use 4 halite to move east, but only 1 halite was available
At command 15 of 25:
    13   m 33 n
    14   m 34 o
>>> 15   m 35 e
    16   m 36 w
    17   m 37 o


Turn 389
================================================================
warning: entity 43 was directed to use 3 halite to move north, but only 2 halite was available
At command 22 of 24:
    20   m 41 e
    21   m 42 w
>>> 22   m 43 n
    23   m 44 e
    24   m 45 e


Turn 390
================================================================
warning: entity 41 was directed to use 1 halite to move south, but only 0 halite was available
At command 21 of 25:
    19   m 39 s
    20   m 40 e
>>> 21   m 41 s
    22   m 42 e
    23   m 43 n


Turn 391
================================================================
warning: entity 6 was directed to use 3 halite to move south, but only 2 halite was available
At command 3 of 24:
    1   m 3 s
    2   m 5 w
>>> 3   m 6 s
    4   m 8 s
    5   m 10 o


Turn 392
================================================================
warning: entity 19 was directed to use 4 halite to move north, but only 1 halite was available
At command 10 of 25:
    8   m 15 s
    9   m 16 w
>>> 10   m 19 n
    11   m 21 o
    12   m 32 w

warning: entity 33 was directed to use 4 halite to move north, but only 2 halite was available
At command 13 of 25:
    11   m 21 o
    12   m 32 w
>>> 13   m 33 n
    14   m 34 o
    15   m 35 o


Turn 393
================================================================
warning: entity 3 was directed to use 3 halite to move south, but only 0 halite was available
At command 1 of 24:
>>> 1   m 3 s
    2   m 5 o
    3   m 6 s


Turn 395
================================================================
warning: entity 38 was directed to use 2 halite to move north, but only 0 halite was available
At command 18 of 25:
    16   m 36 n
    17   m 37 w
>>> 18   m 38 n
    19   m 39 s
    20   m 40 o

warning: entity 43 was directed to use 2 halite to move east, but only 0 halite was available
At command 23 of 25:
    21   m 41 s
    22   m 42 n
>>> 23   m 43 e
    24   m 44 n
    25   m 45 w


Turn 396
================================================================
warning: entity 6 was directed to use 2 halite to move east, but only 0 halite was available
At command 3 of 25:
    1   m 3 s
    2   m 5 o
>>> 3   m 6 e
    4   m 8 e
    5   m 10 w

warning: entity 19 was directed to use 4 halite to move north, but only 2 halite was available
At command 10 of 25:
    8   m 15 s
    9   m 16 o
>>> 10   m 19 n
    11   m 21 o
    12   m 32 n


Turn 397
================================================================
warning: entity 41 was directed to use 2 halite to move east, but only 1 halite was available
At command 21 of 25:
    19   m 39 s
    20   m 40 n
>>> 21   m 41 e
    22   m 42 n
    23   m 43 s


Turn 398
================================================================
warning: entity 43 was directed to use 4 halite to move north, but only 2 halite was available
At command 22 of 24:
    20   m 41 o
    21   m 42 w
>>> 22   m 43 n
    23   m 44 n
    24   m 45 n


Turn 399
================================================================
warning: entity 6 was directed to use 3 halite to move east, but only 2 halite was available
At command 3 of 25:
    1   m 3 s
    2   m 5 o
>>> 3   m 6 e
    4   m 8 n
    5   m 10 o


Turn 401
================================================================
warning: entity 3 was directed to use 4 halite to move east, but only 2 halite was available
At command 1 of 25:
>>> 1   m 3 e
    2   m 5 o
    3   m 6 e


Turn 405
================================================================
warning: entity 41 was directed to use 4 halite to move south, but only 0 halite was available
At command 20 of 24:
    18   m 39 e
    19   m 40 n
>>> 20   m 41 s
    21   m 42 e
    22   m 43 w


Turn 406
================================================================
warning: entity 19 was directed to use 3 halite to move south, but only 2 halite was available
At command 10 of 24:
    8   m 15 n
    9   m 16 n
>>> 10   m 19 s
    11   m 21 o
    12   m 33 o


Turn 408
================================================================
warning: entity 36 was directed to use 1 halite to move south, but only 0 halite was available
At command 16 of 25:
    14   m 34 e
    15   m 35 o
>>> 16   m 36 s
    17   m 37 w
    18   m 38 s

warning: entity 38 was directed to use 2 halite to move south, but only 1 halite was available
At command 18 of 25:
    16   m 36 s
    17   m 37 w
>>> 18   m 38 s
    19   m 39 s
    20   m 40 n


Turn 409
================================================================
warning: entity 41 was directed to use 4 halite to move east, but only 1 halite was available
At command 20 of 24:
    18   m 38 s
    19   m 40 w
>>> 20   m 41 e
    21   m 42 w
    22   m 43 o


Turn 410
================================================================
warning: entity 15 was directed to use 1 halite to move north, but only 0 halite was available
At command 8 of 24:
    6   m 12 n
    7   m 13 s
>>> 8   m 15 n
    9   m 16 n
    10   m 19 e


Turn 411
================================================================
warning: entity 19 was directed to use 2 halite to move west, but only 1 halite was available
At command 10 of 25:
    8   m 15 n
    9   m 16 n
>>> 10   m 19 w
    11   m 21 w
    12   m 32 s


Turn 412
================================================================
warning: entity 36 was directed to use 3 halite to move south, but only 0 halite was available
At command 16 of 25:
    14   m 34 n
    15   m 35 o
>>> 16   m 36 s
    17   m 37 e
    18   m 38 n

warning: entity 38 was directed to use 2 halite to move north, but only 0 halite was available
At command 18 of 25:
    16   m 36 s
    17   m 37 e
>>> 18   m 38 n
    19   m 39 e
    20   m 40 n


Turn 413
================================================================
warning: entity 39 was directed to use 1 halite to move north, but only 0 halite was available
At command 19 of 25:
    17   m 37 e
    18   m 38 o
>>> 19   m 39 n
    20   m 40 n
    21   m 41 w

warning: entity 41 was directed to use 4 halite to move west, but only 1 halite was available
At command 21 of 25:
    19   m 39 n
    20   m 40 n
>>> 21   m 41 w
    22   m 42 e
    23   m 43 o


Turn 414
================================================================
warning: entity 15 was directed to use 2 halite to move north, but only 0 halite was available
At command 7 of 24:
    5   m 12 n
    6   m 13 s
>>> 7   m 15 n
    8   m 16 n
    9   m 19 o


Turn 417
================================================================
warning: entity 15 was directed to use 4 halite to move north, but only 2 halite was available
At command 8 of 24:
    6   m 12 w
    7   m 13 n
>>> 8   m 15 n
    9   m 16 s
    10   m 19 e

warning: entity 39 was directed to use 3 halite to move north, but only 2 halite was available
At command 18 of 24:
    16   m 37 e
    17   m 38 w
>>> 18   m 39 n
    19   m 40 w
    20   m 41 w

warning: entity 41 was directed to use 3 halite to move west, but only 1 halite was available
At command 20 of 24:
    18   m 39 n
    19   m 40 w
>>> 20   m 41 w
    21   m 42 n
    22   m 43 o

warning: entity 45 was directed to use 4 halite to move south, but only 2 halite was available
At command 24 of 24:
    22   m 43 o
    23   m 44 n
>>> 24   m 45 s


Turn 418
================================================================
warning: entity 38 was directed to use 4 halite to move east, but only 3 halite was available
At command 17 of 24:
    15   m 35 w
    16   m 36 w
>>> 17   m 38 e
    18   m 39 n
    19   m 40 s


Turn 420
================================================================
warning: entity 41 was directed to use 4 halite to move north, but only 3 halite was available
At command 21 of 25:
    19   m 39 n
    20   m 40 s
>>> 21   m 41 n
    22   m 42 s
    23   m 43 e


Turn 421
================================================================
warning: entity 8 was directed to use 2 halite to move south, but only 0 halite was available
At command 4 of 24:
    2   m 5 o
    3   m 6 n
>>> 4   m 8 s
    5   m 10 e
    6   m 12 e

warning: entity 36 was directed to use 4 halite to move east, but only 0 halite was available
At command 16 of 24:
    14   m 34 n
    15   m 35 w
>>> 16   m 36 e
    17   m 37 n
    18   m 38 e


Turn 422
================================================================
warning: entity 15 was directed to use 3 halite to move north, but only 1 halite was available
At command 8 of 25:
    6   m 12 o
    7   m 13 n
>>> 8   m 15 n
    9   m 16 e
    10   m 19 s

warning: entity 40 was directed to use 3 halite to move south, but only 0 halite was available
At command 20 of 25:
    18   m 38 n
    19   m 39 n
>>> 20   m 40 s
    21   m 41 e
    22   m 42 o


Turn 424
================================================================
warning: entity 13 was directed to use 2 halite to move north, but only 0 halite was available
At command 7 of 25:
    5   m 10 n
    6   m 12 e
>>> 7   m 13 n
    8   m 15 n
    9   m 16 n

warning: entity 39 was directed to use 4 halite to move north, but only 1 halite was available
At command 19 of 25:
    17   m 37 s
    18   m 38 n
>>> 19   m 39 n
    20   m 40 s
    21   m 41 s

warning: owned entities 5, 42 collided on cell (8, 32) as the result of moves on this turn
At command 2 of 25:
    1   m 3 w
>>> 2   m 5 n
    3   m 6 n
    4   m 8 w

Other commands that placed an entity on this cell:
    20   m 40 s
    21   m 41 s
>>> 22   m 42 s
    23   m 43 e
    24   m 44 n


Turn 426
================================================================
warning: entity 37 was directed to use 1 halite to move north, but only 0 halite was available
At command 16 of 23:
    14   m 35 w
    15   m 36 e
>>> 16   m 37 n
    17   m 38 w
    18   m 39 n


Turn 427
================================================================
warning: entity 15 was directed to use 1 halite to move south, but only 0 halite was available
At command 6 of 22:
    4   m 12 n
    5   m 13 n
>>> 6   m 15 s
    7   m 16 e
    8   m 19 w


Turn 429
================================================================
warning: entity 15 was directed to use 4 halite to move south, but only 3 halite was available
At command 7 of 23:
    5   m 12 w
    6   m 13 n
>>> 7   m 15 s
    8   m 16 e
    9   m 19 o


Turn 432
================================================================
warning: entity 6 was directed to use 1 halite to move south, but only 0 halite was available
At command 2 of 23:
    1   m 3 n
>>> 2   m 6 s
    3   m 8 n
    4   m 10 n

warning: entity 13 was directed to use 2 halite to move south, but only 1 halite was available
At command 6 of 23:
    4   m 10 n
    5   m 12 e
>>> 6   m 13 s
    7   m 15 s
    8   m 16 w

warning: owned entities 3, 12, 16 collided on cell (8, 32) as the result of moves on this turn
At command 1 of 23:
>>> 1   m 3 n
    2   m 6 s
    3   m 8 n

Other commands that placed an entity on this cell:
    3   m 8 n
    4   m 10 n
>>> 5   m 12 e
    6   m 13 s
    7   m 15 s

    6   m 13 s
    7   m 15 s
>>> 8   m 16 w
    9   m 19 s
    10   m 21 n


Turn 434
================================================================
warning: entity 32 was directed to use 3 halite to move east, but only 0 halite was available
At command 8 of 20:
    6   m 19 s
    7   m 21 n
>>> 8   m 32 e
    9   m 33 s
    10   m 34 n

warning: entity 36 was directed to use 1 halite to move west, but only 0 halite was available
At command 12 of 20:
    10   m 34 n
    11   m 35 n
>>> 12   m 36 w
    13   m 37 n
    14   m 38 n


Turn 435
================================================================
warning: entity 45 was directed to use 1 halite to move south, but only 0 halite was available
At command 19 of 19:
    17   m 43 o
    18   m 44 s
>>> 19   m 45 s


Turn 437
================================================================
warning: owned entities 8, 6 collided on cell (8, 32) as the result of moves on this turn
At command 1 of 19:
>>> 1   m 8 e
    2   m 10 n
    3   m 13 s


Turn 438
================================================================
warning: entity 37 was directed to use 4 halite to move east, but only 1 halite was available
At command 11 of 18:
    9   m 35 w
    10   m 36 n
>>> 11   m 37 e
    12   m 38 n
    13   m 39 s


Turn 440
================================================================
warning: entity 40 was directed to use 3 halite to move east, but only 1 halite was available
At command 14 of 18:
    12   m 38 e
    13   m 39 s
>>> 14   m 40 e
    15   m 41 s
    16   m 43 s


Turn 441
================================================================
warning: owned entities 10, 21 collided on cell (8, 32) as the result of moves on this turn
At command 1 of 16:
>>> 1   m 10 e
    2   m 13 s
    3   m 15 s


Turn 442
================================================================
warning: owned entities 33, 19 collided on cell (12, 24) as the result of moves on this turn
At command 5 of 16:
    3   m 19 o
    4   m 32 n
>>> 5   m 33 s
    6   m 34 n
    7   m 35 n


Turn 443
================================================================
warning: owned entities 37, 32 collided on cell (8, 32) as the result of moves on this turn
At command 6 of 13:
    4   m 35 n
    5   m 36 n
>>> 6   m 37 e
    7   m 38 e
    8   m 39 s


Turn 444
================================================================
warning: entity 38 was directed to use 1 halite to move north, but only 0 halite was available
At command 6 of 12:
    4   m 35 n
    5   m 36 n
>>> 6   m 38 n
    7   m 39 s
    8   m 40 e

warning: entity 45 was directed to use 2 halite to move south, but only 0 halite was available
At command 12 of 12:
    10   m 43 s
    11   m 44 w
>>> 12   m 45 s


Turn 446
================================================================
warning: owned entities 15, 13 collided on cell (12, 24) as the result of moves on this turn
At command 2 of 12:
    1   m 13 o
>>> 2   m 15 s
    3   m 34 e
    4   m 35 n


Turn 447
================================================================
warning: owned entities 34, 35 collided on cell (8, 32) as the result of moves on this turn
At command 1 of 9:
>>> 1   m 34 w
    2   m 36 n
    3   m 38 o

