
Turn 3
================================================================
warning: entity 1 was directed to use 6 halite to move west, but only 0 halite was available
At command 1 of 1:
>>> 1   m 1 w


Turn 6
================================================================
warning: entity 1 was directed to use 11 halite to move west, but only 5 halite was available
At command 2 of 2:
    1   g
>>> 2   m 1 w


Turn 8
================================================================
warning: entity 3 was directed to use 4 halite to move west, but only 0 halite was available
At command 2 of 2:
    1   m 1 o
>>> 2   m 3 w


Turn 11
================================================================
warning: entity 3 was directed to use 8 halite to move south, but only 2 halite was available
At command 3 of 3:
    1   g
    2   m 1 o
>>> 3   m 3 s


Turn 13
================================================================
warning: entity 5 was directed to use 3 halite to move west, but only 0 halite was available
At command 3 of 3:
    1   m 1 o
    2   m 3 w
>>> 3   m 5 w


Turn 14
================================================================
warning: entity 3 was directed to use 10 halite to move west, but only 6 halite was available
At command 2 of 3:
    1   m 1 o
>>> 2   m 3 w
    3   m 5 w


Turn 16
================================================================
warning: entity 5 was directed to use 6 halite to move north, but only 0 halite was available
At command 4 of 4:
    2   m 1 o
    3   m 3 e
>>> 4   m 5 n


Turn 17
================================================================
warning: entity 3 was directed to use 8 halite to move west, but only 4 halite was available
At command 2 of 4:
    1   m 1 o
>>> 2   m 3 w
    3   m 5 n
    4   m 7 e


Turn 18
================================================================
warning: entity 7 was directed to use 11 halite to move east, but only 0 halite was available
At command 4 of 4:
    2   m 3 w
    3   m 5 o
>>> 4   m 7 e


Turn 19
================================================================
warning: entity 3 was directed to use 21 halite to move east, but only 19 halite was available
At command 2 of 4:
    1   m 1 e
>>> 2   m 3 e
    3   m 5 o
    4   m 7 e


Turn 21
================================================================
warning: entity 7 was directed to use 13 halite to move north, but only 9 halite was available
At command 4 of 4:
    2   m 3 n
    3   m 5 o
>>> 4   m 7 n


Turn 24
================================================================
warning: entity 1 was directed to use 2 halite to move west, but only 0 halite was available
At command 1 of 4:
>>> 1   m 1 w
    2   m 3 o
    3   m 5 o


Turn 26
================================================================
warning: entity 1 was directed to use 7 halite to move north, but only 5 halite was available
At command 1 of 4:
>>> 1   m 1 n
    2   m 3 o
    3   m 5 o


Turn 29
================================================================
error: entity 1 received 2 commands on this turn, but only one is permitted
At command 5 of 5:
    3   m 5 n
    4   m 7 o
>>> 5   m 1 s

The other commands issued to this entity:
>>> 1   m 1 n
    2   m 3 o
    3   m 5 n

