
Turn 3
================================================================
warning: entity 0 was directed to use 2 halite to move east, but only 0 halite was available
At command 1 of 1:
>>> 1   m 0 e


Turn 6
================================================================
warning: entity 0 was directed to use 26 halite to move east, but only 3 halite was available
At command 2 of 2:
    1   g
>>> 2   m 0 e


Turn 9
================================================================
warning: entity 2 was directed to use 11 halite to move south, but only 0 halite was available
At command 2 of 2:
    1   m 0 e
>>> 2   m 2 s


Turn 13
================================================================
warning: entity 4 was directed to use 14 halite to move west, but only 0 halite was available
At command 3 of 3:
    1   m 0 o
    2   m 2 o
>>> 3   m 4 w


Turn 16
================================================================
warning: entity 4 was directed to use 23 halite to move west, but only 22 halite was available
At command 4 of 4:
    2   m 0 o
    3   m 2 o
>>> 4   m 4 w


Turn 18
================================================================
warning: entity 6 was directed to use 1 halite to move south, but only 0 halite was available
At command 4 of 4:
    2   m 2 o
    3   m 4 w
>>> 4   m 6 s


Turn 21
================================================================
warning: entity 6 was directed to use 19 halite to move south, but only 1 halite was available
At command 4 of 4:
    2   m 2 o
    3   m 4 o
>>> 4   m 6 s


Turn 39
================================================================
warning: entity 0 was directed to use 1 halite to move south, but only 0 halite was available
At command 1 of 4:
>>> 1   m 0 s
    2   m 2 e
    3   m 4 o


Turn 51
================================================================
warning: entity 0 was directed to use 1 halite to move west, but only 0 halite was available
At command 1 of 4:
>>> 1   m 0 w
    2   m 2 s
    3   m 4 w


Turn 58
================================================================
warning: entity 8 was directed to use 1 halite to move west, but only 0 halite was available
At command 5 of 5:
    3   m 4 o
    4   m 6 e
>>> 5   m 8 w


Turn 61
================================================================
warning: entity 8 was directed to use 8 halite to move west, but only 2 halite was available
At command 5 of 5:
    3   m 4 e
    4   m 6 n
>>> 5   m 8 w


Turn 64
================================================================
warning: entity 6 was directed to use 1 halite to move south, but only 0 halite was available
At command 4 of 5:
    2   m 2 o
    3   m 4 o
>>> 4   m 6 s
    5   m 8 w

warning: entity 8 was directed to use 30 halite to move west, but only 17 halite was available
At command 5 of 5:
    3   m 4 o
    4   m 6 s
>>> 5   m 8 w


Turn 69
================================================================
warning: entity 11 was directed to use 1 halite to move east, but only 0 halite was available
At command 6 of 6:
    4   m 6 o
    5   m 8 o
>>> 6   m 11 e


Turn 71
================================================================
warning: entity 11 was directed to use 14 halite to move east, but only 4 halite was available
At command 6 of 6:
    4   m 6 o
    5   m 8 o
>>> 6   m 11 e


Turn 74
================================================================
warning: entity 11 was directed to use 18 halite to move east, but only 15 halite was available
At command 5 of 5:
    3   m 4 o
    4   m 8 o
>>> 5   m 11 e


Turn 80
================================================================
warning: entity 4 was directed to use 2 halite to move west, but only 0 halite was available
At command 3 of 6:
    1   m 0 o
    2   m 2 s
>>> 3   m 4 w
    4   m 6 n
    5   m 8 s


Turn 84
================================================================
warning: entity 2 was directed to use 2 halite to move west, but only 0 halite was available
At command 2 of 6:
    1   m 0 w
>>> 2   m 2 w
    3   m 4 o
    4   m 6 o


Turn 90
================================================================
warning: entity 12 was directed to use 1 halite to move east, but only 0 halite was available
At command 7 of 7:
    5   m 8 s
    6   m 11 n
>>> 7   m 12 e


Turn 92
================================================================
warning: entity 12 was directed to use 16 halite to move east, but only 4 halite was available
At command 7 of 7:
    5   m 8 e
    6   m 11 w
>>> 7   m 12 e


Turn 140
================================================================
warning: entity 4 was directed to use 1 halite to move north, but only 0 halite was available
At command 3 of 7:
    1   m 0 n
    2   m 2 w
>>> 3   m 4 n
    4   m 6 e
    5   m 8 s


Turn 145
================================================================
warning: entity 2 was directed to use 1 halite to move west, but only 0 halite was available
At command 3 of 8:
    1   g
    2   m 0 o
>>> 3   m 2 w
    4   m 4 o
    5   m 6 e


Turn 149
================================================================
warning: entity 15 was directed to use 1 halite to move east, but only 0 halite was available
At command 7 of 7:
    5   m 11 o
    6   m 12 o
>>> 7   m 15 e


Turn 159
================================================================
warning: entity 15 was directed to use 26 halite to move east, but only 1 halite was available
At command 8 of 8:
    6   m 11 e
    7   m 12 s
>>> 8   m 15 e


Turn 164
================================================================
warning: entity 12 was directed to use 1 halite to move north, but only 0 halite was available
At command 7 of 8:
    5   m 8 o
    6   m 11 o
>>> 7   m 12 n
    8   m 15 o


Turn 175
================================================================
warning: entity 11 was directed to use 1 halite to move west, but only 0 halite was available
At command 5 of 7:
    3   m 6 e
    4   m 8 o
>>> 5   m 11 w
    6   m 12 e
    7   m 15 s


Turn 180
================================================================
warning: entity 11 was directed to use 1 halite to move west, but only 0 halite was available
At command 6 of 8:
    4   m 6 e
    5   m 8 n
>>> 6   m 11 w
    7   m 12 n
    8   m 15 w


Turn 182
================================================================
warning: entity 6 was directed to use 2 halite to move north, but only 0 halite was available
At command 4 of 8:
    2   m 2 n
    3   m 4 e
>>> 4   m 6 n
    5   m 8 w
    6   m 11 w

warning: entity 11 was directed to use 37 halite to move west, but only 3 halite was available
At command 6 of 8:
    4   m 6 n
    5   m 8 w
>>> 6   m 11 w
    7   m 12 n
    8   m 15 s


Turn 183
================================================================
warning: entity 2 was directed to use 1 halite to move north, but only 0 halite was available
At command 2 of 8:
    1   m 0 o
>>> 2   m 2 n
    3   m 4 o
    4   m 6 e


Turn 190
================================================================
warning: entity 8 was directed to use 1 halite to move north, but only 0 halite was available
At command 4 of 6:
    2   m 2 o
    3   m 6 o
>>> 4   m 8 n
    5   m 11 o
    6   m 12 o


Turn 194
================================================================
warning: entity 8 was directed to use 27 halite to move south, but only 2 halite was available
At command 5 of 8:
    3   m 4 e
    4   m 6 s
>>> 5   m 8 s
    6   m 11 o
    7   m 12 w


Turn 198
================================================================
warning: entity 16 was directed to use 1 halite to move west, but only 0 halite was available
At command 8 of 8:
    6   m 12 s
    7   m 15 o
>>> 8   m 16 w


Turn 204
================================================================
warning: entity 16 was directed to use 19 halite to move north, but only 1 halite was available
At command 8 of 8:
    6   m 12 o
    7   m 15 s
>>> 8   m 16 n


Turn 209
================================================================
warning: entity 16 was directed to use 27 halite to move east, but only 2 halite was available
At command 8 of 8:
    6   m 12 o
    7   m 15 w
>>> 8   m 16 e


Turn 228
================================================================
warning: entity 0 was directed to use 1 halite to move south, but only 0 halite was available
At command 1 of 8:
>>> 1   m 0 s
    2   m 2 o
    3   m 4 o


Turn 230
================================================================
warning: entity 16 was directed to use 1 halite to move north, but only 0 halite was available
At command 8 of 8:
    6   m 12 o
    7   m 15 n
>>> 8   m 16 n


Turn 232
================================================================
warning: entity 0 was directed to use 2 halite to move south, but only 1 halite was available
At command 1 of 8:
>>> 1   m 0 s
    2   m 2 n
    3   m 4 o


Turn 234
================================================================
warning: entity 16 was directed to use 1 halite to move north, but only 0 halite was available
At command 7 of 7:
    5   m 12 n
    6   m 15 e
>>> 7   m 16 n


Turn 237
================================================================
warning: entity 16 was directed to use 14 halite to move north, but only 2 halite was available
At command 6 of 6:
    4   m 12 e
    5   m 15 o
>>> 6   m 16 n


Turn 241
================================================================
warning: entity 16 was directed to use 24 halite to move north, but only 10 halite was available
At command 7 of 7:
    5   m 11 n
    6   m 12 n
>>> 7   m 16 n


Turn 242
================================================================
warning: entity 12 was directed to use 2 halite to move north, but only 0 halite was available
At command 6 of 8:
    4   m 6 n
    5   m 11 n
>>> 6   m 12 n
    7   m 15 e
    8   m 16 e


Turn 248
================================================================
warning: entity 6 was directed to use 1 halite to move east, but only 0 halite was available
At command 4 of 8:
    2   m 2 n
    3   m 4 s
>>> 4   m 6 e
    5   m 11 s
    6   m 12 o


Turn 250
================================================================
warning: entity 11 was directed to use 1 halite to move south, but only 0 halite was available
At command 4 of 7:
    2   m 4 o
    3   m 6 e
>>> 4   m 11 s
    5   m 12 o
    6   m 15 o


Turn 255
================================================================
warning: entity 11 was directed to use 1 halite to move east, but only 0 halite was available
At command 4 of 7:
    2   m 2 o
    3   m 6 o
>>> 4   m 11 e
    5   m 12 s
    6   m 15 w


Turn 258
================================================================
warning: entity 11 was directed to use 7 halite to move east, but only 3 halite was available
At command 5 of 8:
    3   m 4 n
    4   m 6 o
>>> 5   m 11 e
    6   m 12 s
    7   m 15 s


Turn 260
================================================================
warning: entity 11 was directed to use 21 halite to move east, but only 17 halite was available
At command 5 of 8:
    3   m 4 w
    4   m 6 o
>>> 5   m 11 e
    6   m 12 s
    7   m 15 s


Turn 262
================================================================
warning: entity 15 was directed to use 2 halite to move north, but only 0 halite was available
At command 7 of 8:
    5   m 11 s
    6   m 12 o
>>> 7   m 15 n
    8   m 16 s


Turn 268
================================================================
warning: entity 15 was directed to use 1 halite to move south, but only 0 halite was available
At command 6 of 7:
    4   m 11 o
    5   m 12 o
>>> 6   m 15 s
    7   m 16 e


Turn 269
================================================================
warning: entity 16 was directed to use 1 halite to move south, but only 0 halite was available
At command 8 of 8:
    6   m 12 o
    7   m 15 s
>>> 8   m 16 s


Turn 270
================================================================
warning: entity 15 was directed to use 8 halite to move south, but only 3 halite was available
At command 6 of 7:
    4   m 6 s
    5   m 11 o
>>> 6   m 15 s
    7   m 16 s


Turn 272
================================================================
warning: entity 6 was directed to use 1 halite to move west, but only 0 halite was available
At command 3 of 7:
    1   m 0 w
    2   m 2 w
>>> 3   m 6 w
    4   m 11 o
    5   m 12 w


Turn 274
================================================================
warning: entity 16 was directed to use 1 halite to move south, but only 0 halite was available
At command 8 of 8:
    6   m 12 s
    7   m 15 o
>>> 8   m 16 s


Turn 276
================================================================
warning: entity 6 was directed to use 2 halite to move west, but only 1 halite was available
At command 4 of 8:
    2   m 2 w
    3   m 4 e
>>> 4   m 6 w
    5   m 11 n
    6   m 12 w

warning: entity 16 was directed to use 4 halite to move south, but only 3 halite was available
At command 8 of 8:
    6   m 12 w
    7   m 15 o
>>> 8   m 16 s


Turn 279
================================================================
warning: entity 16 was directed to use 7 halite to move south, but only 0 halite was available
At command 8 of 8:
    6   m 12 w
    7   m 15 o
>>> 8   m 16 s


Turn 286
================================================================
warning: entity 4 was directed to use 1 halite to move south, but only 0 halite was available
At command 3 of 8:
    1   m 0 o
    2   m 2 o
>>> 3   m 4 s
    4   m 6 s
    5   m 11 w


Turn 289
================================================================
warning: entity 6 was directed to use 14 halite to move east, but only 9 halite was available
At command 4 of 8:
    2   m 2 s
    3   m 4 s
>>> 4   m 6 e
    5   m 11 n
    6   m 12 o


Turn 291
================================================================
warning: entity 4 was directed to use 3 halite to move south, but only 1 halite was available
At command 3 of 8:
    1   m 0 e
    2   m 2 s
>>> 3   m 4 s
    4   m 6 e
    5   m 11 n


Turn 293
================================================================
warning: entity 4 was directed to use 12 halite to move south, but only 8 halite was available
At command 2 of 7:
    1   m 2 e
>>> 2   m 4 s
    3   m 6 o
    4   m 11 n


Turn 296
================================================================
warning: entity 18 was directed to use 2 halite to move north, but only 0 halite was available
At command 8 of 8:
    6   m 15 n
    7   m 16 n
>>> 8   m 18 n


Turn 298
================================================================
warning: entity 4 was directed to use 13 halite to move south, but only 10 halite was available
At command 2 of 8:
    1   m 2 s
>>> 2   m 4 s
    3   m 6 o
    4   m 11 o


Turn 303
================================================================
warning: entity 18 was directed to use 7 halite to move north, but only 2 halite was available
At command 8 of 8:
    6   m 15 o
    7   m 16 n
>>> 8   m 18 n


Turn 307
================================================================
warning: entity 18 was directed to use 1 halite to move north, but only 0 halite was available
At command 8 of 8:
    6   m 15 o
    7   m 16 w
>>> 8   m 18 n


Turn 309
================================================================
warning: entity 18 was directed to use 22 halite to move north, but only 3 halite was available
At command 7 of 7:
    5   m 12 o
    6   m 16 n
>>> 7   m 18 n


Turn 317
================================================================
warning: entity 2 was directed to use 1 halite to move south, but only 0 halite was available
At command 1 of 7:
>>> 1   m 2 s
    2   m 4 n
    3   m 6 o


Turn 321
================================================================
warning: entity 2 was directed to use 9 halite to move east, but only 3 halite was available
At command 1 of 8:
>>> 1   m 2 e
    2   m 4 n
    3   m 6 o


Turn 322
================================================================
warning: entity 12 was directed to use 1 halite to move east, but only 0 halite was available
At command 5 of 8:
    3   m 6 o
    4   m 11 o
>>> 5   m 12 e
    6   m 15 o
    7   m 16 s


Turn 324
================================================================
warning: entity 2 was directed to use 41 halite to move south, but only 7 halite was available
At command 1 of 8:
>>> 1   m 2 s
    2   m 4 n
    3   m 6 n


Turn 327
================================================================
warning: entity 12 was directed to use 7 halite to move east, but only 1 halite was available
At command 5 of 8:
    3   m 6 e
    4   m 11 o
>>> 5   m 12 e
    6   m 15 e
    7   m 16 o


Turn 387
================================================================
warning: entity 4 was directed to use 2 halite to move east, but only 0 halite was available
At command 2 of 8:
    1   m 2 o
>>> 2   m 4 e
    3   m 6 s
    4   m 11 n


Turn 389
================================================================
warning: entity 12 was directed to use 1 halite to move south, but only 0 halite was available
At command 4 of 7:
    2   m 6 s
    3   m 11 n
>>> 4   m 12 s
    5   m 15 o
    6   m 16 e


Turn 393
================================================================
warning: entity 11 was directed to use 1 halite to move east, but only 0 halite was available
At command 4 of 8:
    2   m 4 n
    3   m 6 s
>>> 4   m 11 e
    5   m 12 s
    6   m 15 s


Turn 395
================================================================
warning: entity 12 was directed to use 1 halite to move south, but only 0 halite was available
At command 5 of 8:
    3   m 6 s
    4   m 11 e
>>> 5   m 12 s
    6   m 15 s
    7   m 16 n


Turn 398
================================================================
warning: entity 11 was directed to use 1 halite to move north, but only 0 halite was available
At command 4 of 8:
    2   m 4 o
    3   m 6 o
>>> 4   m 11 n
    5   m 12 o
    6   m 15 e

