
Turn 56
================================================================
warning: entity 8 was directed to use 3 halite to move east, but only 0 halite was available
At command 4 of 4:
    2   m 3 e
    3   m 5 s
>>> 4   m 8 e


Turn 57
================================================================
warning: entity 1 was directed to use 4 halite to move west, but only 0 halite was available
At command 1 of 3:
>>> 1   m 1 w
    2   m 3 o
    3   m 8 w


Turn 62
================================================================
warning: entity 3 was directed to use 2 halite to move south, but only 0 halite was available
At command 2 of 5:
    1   m 1 o
>>> 2   m 3 s
    3   m 5 o
    4   m 8 o


Turn 65
================================================================
warning: entity 3 was directed to use 4 halite to move west, but only 2 halite was available
At command 2 of 6:
    1   m 1 o
>>> 2   m 3 w
    3   m 5 w
    4   m 8 o

warning: entity 10 was directed to use 1 halite to move south, but only 0 halite was available
At command 5 of 6:
    3   m 5 w
    4   m 8 o
>>> 5   m 10 s
    6   g


Turn 68
================================================================
warning: entity 12 was directed to use 4 halite to move south, but only 0 halite was available
At command 6 of 6:
    4   m 8 o
    5   m 10 s
>>> 6   m 12 s


Turn 71
================================================================
warning: entity 12 was directed to use 1 halite to move east, but only 0 halite was available
At command 6 of 6:
    4   m 8 o
    5   m 10 e
>>> 6   m 12 e


Turn 73
================================================================
warning: entity 10 was directed to use 4 halite to move west, but only 1 halite was available
At command 5 of 6:
    3   m 5 o
    4   m 8 o
>>> 5   m 10 w
    6   m 12 w


Turn 82
================================================================
warning: entity 10 was directed to use 4 halite to move north, but only 1 halite was available
At command 5 of 6:
    3   m 5 s
    4   m 8 o
>>> 5   m 10 n
    6   m 12 s


Turn 90
================================================================
warning: entity 1 was directed to use 3 halite to move north, but only 0 halite was available
At command 1 of 7:
>>> 1   m 1 n
    2   m 3 o
    3   m 5 e


Turn 92
================================================================
warning: entity 14 was directed to use 4 halite to move west, but only 0 halite was available
At command 7 of 7:
    5   m 10 o
    6   m 12 o
>>> 7   m 14 w


Turn 97
================================================================
warning: entity 5 was directed to use 2 halite to move east, but only 0 halite was available
At command 3 of 7:
    1   m 1 o
    2   m 3 e
>>> 3   m 5 e
    4   m 10 o
    5   m 12 o


Turn 100
================================================================
warning: entity 5 was directed to use 4 halite to move west, but only 3 halite was available
At command 3 of 8:
    1   m 1 o
    2   m 3 n
>>> 3   m 5 w
    4   m 8 o
    5   m 10 e

warning: entity 15 was directed to use 3 halite to move south, but only 2 halite was available
At command 8 of 8:
    6   m 12 o
    7   m 14 o
>>> 8   m 15 s


Turn 104
================================================================
warning: entity 3 was directed to use 2 halite to move east, but only 0 halite was available
At command 2 of 9:
    1   m 1 o
>>> 2   m 3 e
    3   m 5 w
    4   m 8 n


Turn 106
================================================================
warning: entity 15 was directed to use 1 halite to move south, but only 0 halite was available
At command 8 of 9:
    6   m 12 o
    7   m 14 o
>>> 8   m 15 s
    9   m 17 s

warning: entity 17 was directed to use 3 halite to move south, but only 0 halite was available
At command 9 of 9:
    7   m 14 o
    8   m 15 s
>>> 9   m 17 s


Turn 108
================================================================
warning: entity 15 was directed to use 4 halite to move west, but only 3 halite was available
At command 8 of 9:
    6   m 12 o
    7   m 14 o
>>> 8   m 15 w
    9   m 17 s


Turn 109
================================================================
warning: entity 10 was directed to use 4 halite to move east, but only 0 halite was available
At command 5 of 8:
    3   m 5 o
    4   m 8 n
>>> 5   m 10 e
    6   m 14 o
    7   m 15 w


Turn 110
================================================================
warning: entity 17 was directed to use 3 halite to move south, but only 2 halite was available
At command 9 of 9:
    7   m 14 o
    8   m 15 o
>>> 9   m 17 s


Turn 113
================================================================
warning: entity 8 was directed to use 1 halite to move north, but only 0 halite was available
At command 4 of 9:
    2   m 3 e
    3   m 5 o
>>> 4   m 8 n
    5   m 10 o
    6   m 12 o


Turn 116
================================================================
warning: entity 8 was directed to use 4 halite to move north, but only 1 halite was available
At command 4 of 9:
    2   m 3 o
    3   m 5 o
>>> 4   m 8 n
    5   m 10 o
    6   m 12 n


Turn 117
================================================================
warning: entity 14 was directed to use 3 halite to move east, but only 0 halite was available
At command 6 of 8:
    4   m 10 e
    5   m 12 n
>>> 6   m 14 e
    7   m 15 o
    8   m 17 o


Turn 120
================================================================
warning: entity 8 was directed to use 4 halite to move east, but only 0 halite was available
At command 4 of 9:
    2   m 3 e
    3   m 5 e
>>> 4   m 8 e
    5   m 10 o
    6   m 12 n

warning: entity 14 was directed to use 4 halite to move south, but only 2 halite was available
At command 7 of 9:
    5   m 10 o
    6   m 12 n
>>> 7   m 14 s
    8   m 15 o
    9   m 17 o


Turn 121
================================================================
warning: entity 12 was directed to use 1 halite to move north, but only 0 halite was available
At command 6 of 9:
    4   m 8 e
    5   m 10 o
>>> 6   m 12 n
    7   m 14 w
    8   m 15 o


Turn 124
================================================================
warning: entity 14 was directed to use 4 halite to move east, but only 3 halite was available
At command 7 of 8:
    5   m 10 o
    6   m 12 o
>>> 7   m 14 e
    8   m 15 o


Turn 127
================================================================
warning: entity 5 was directed to use 2 halite to move west, but only 0 halite was available
At command 3 of 9:
    1   m 1 o
    2   m 3 o
>>> 3   m 5 w
    4   m 8 o
    5   m 10 o


Turn 133
================================================================
warning: entity 17 was directed to use 3 halite to move west, but only 0 halite was available
At command 8 of 8:
    6   m 14 w
    7   m 15 n
>>> 8   m 17 w


Turn 137
================================================================
warning: entity 15 was directed to use 1 halite to move east, but only 0 halite was available
At command 7 of 8:
    5   m 12 o
    6   m 14 w
>>> 7   m 15 e
    8   m 17 o


Turn 141
================================================================
warning: entity 14 was directed to use 1 halite to move north, but only 0 halite was available
At command 6 of 8:
    4   m 10 s
    5   m 12 o
>>> 6   m 14 n
    7   m 15 o
    8   m 17 o


Turn 145
================================================================
warning: entity 8 was directed to use 1 halite to move north, but only 0 halite was available
At command 4 of 9:
    2   m 3 s
    3   m 5 s
>>> 4   m 8 n
    5   m 10 e
    6   m 12 o


Turn 147
================================================================
warning: entity 8 was directed to use 4 halite to move north, but only 3 halite was available
At command 4 of 9:
    2   m 3 n
    3   m 5 o
>>> 4   m 8 n
    5   m 10 w
    6   m 12 o


Turn 151
================================================================
warning: entity 3 was directed to use 4 halite to move east, but only 0 halite was available
At command 2 of 8:
    1   m 1 w
>>> 2   m 3 e
    3   m 8 n
    4   m 10 n


Turn 156
================================================================
warning: entity 5 was directed to use 3 halite to move north, but only 0 halite was available
At command 3 of 8:
    1   m 1 o
    2   m 3 s
>>> 3   m 5 n
    4   m 8 w
    5   m 10 s


Turn 157
================================================================
warning: entity 10 was directed to use 1 halite to move south, but only 0 halite was available
At command 5 of 10:
    3   m 5 n
    4   m 8 e
>>> 5   m 10 s
    6   m 12 w
    7   m 14 o


Turn 158
================================================================
warning: entity 3 was directed to use 3 halite to move west, but only 0 halite was available
At command 1 of 9:
>>> 1   m 3 w
    2   m 5 n
    3   m 8 w

warning: spawn on cell (11, 20) collided with owned entity 22 on that cell
At command 9 of 9:
    7   m 15 w
    8   m 17 e
>>> 9   g


Turn 160
================================================================
warning: entity 5 was directed to use 3 halite to move east, but only 1 halite was available
At command 2 of 9:
    1   m 3 s
>>> 2   m 5 e
    3   m 8 w
    4   m 10 s

warning: entity 10 was directed to use 3 halite to move south, but only 2 halite was available
At command 4 of 9:
    2   m 5 e
    3   m 8 w
>>> 4   m 10 s
    5   m 12 o
    6   m 14 o


Turn 161
================================================================
warning: entity 3 was directed to use 4 halite to move north, but only 2 halite was available
At command 1 of 9:
>>> 1   m 3 n
    2   m 5 e
    3   m 8 o


Turn 165
================================================================
warning: entity 3 was directed to use 4 halite to move west, but only 1 halite was available
At command 1 of 10:
>>> 1   m 3 w
    2   m 5 o
    3   m 8 w


Turn 167
================================================================
warning: entity 12 was directed to use 1 halite to move south, but only 0 halite was available
At command 5 of 10:
    3   m 8 s
    4   m 10 o
>>> 5   m 12 s
    6   m 14 o
    7   m 15 e

warning: entity 24 was directed to use 4 halite to move north, but only 3 halite was available
At command 9 of 10:
    7   m 15 e
    8   m 17 o
>>> 9   m 24 n
    10   m 25 n


Turn 170
================================================================
warning: entity 12 was directed to use 3 halite to move south, but only 1 halite was available
At command 3 of 8:
    1   m 5 o
    2   m 10 o
>>> 3   m 12 s
    4   m 14 o
    5   m 15 w

warning: entity 25 was directed to use 2 halite to move south, but only 0 halite was available
At command 8 of 8:
    6   m 17 o
    7   m 24 o
>>> 8   m 25 s


Turn 174
================================================================
warning: entity 25 was directed to use 3 halite to move south, but only 2 halite was available
At command 10 of 10:
    8   m 17 e
    9   m 24 o
>>> 10   m 25 s


Turn 176
================================================================
warning: entity 8 was directed to use 4 halite to move north, but only 0 halite was available
At command 2 of 9:
    1   m 3 s
>>> 2   m 8 n
    3   m 10 w
    4   m 12 o


Turn 181
================================================================
warning: entity 15 was directed to use 2 halite to move north, but only 0 halite was available
At command 5 of 8:
    3   m 8 o
    4   m 10 o
>>> 5   m 15 n
    6   m 17 s
    7   m 24 o


Turn 186
================================================================
warning: entity 3 was directed to use 3 halite to move north, but only 1 halite was available
At command 1 of 12:
>>> 1   m 3 n
    2   m 5 o
    3   m 8 o


Turn 188
================================================================
warning: entity 15 was directed to use 4 halite to move east, but only 0 halite was available
At command 6 of 11:
    4   m 12 e
    5   m 14 n
>>> 6   m 15 e
    7   m 17 o
    8   m 24 o


Turn 191
================================================================
warning: entity 31 was directed to use 3 halite to move north, but only 1 halite was available
At command 9 of 10:
    7   m 24 o
    8   m 25 o
>>> 9   m 31 n
    10   m 32 n


Turn 195
================================================================
warning: entity 12 was directed to use 1 halite to move north, but only 0 halite was available
At command 4 of 11:
    2   m 8 o
    3   m 10 n
>>> 4   m 12 n
    5   m 14 n
    6   m 15 w


Turn 198
================================================================
warning: entity 12 was directed to use 4 halite to move north, but only 1 halite was available
At command 5 of 11:
    3   m 8 o
    4   m 10 n
>>> 5   m 12 n
    6   m 14 n
    7   m 15 e

warning: entity 14 was directed to use 1 halite to move north, but only 0 halite was available
At command 6 of 11:
    4   m 10 n
    5   m 12 n
>>> 6   m 14 n
    7   m 15 e
    8   m 17 w

warning: entity 32 was directed to use 3 halite to move north, but only 2 halite was available
At command 11 of 11:
    9   m 25 o
    10   m 31 o
>>> 11   m 32 n


Turn 200
================================================================
warning: entity 5 was directed to use 1 halite to move south, but only 0 halite was available
At command 2 of 12:
    1   m 3 s
>>> 2   m 5 s
    3   m 8 o
    4   m 10 o


Turn 202
================================================================
warning: entity 12 was directed to use 4 halite to move east, but only 3 halite was available
At command 4 of 11:
    2   m 5 s
    3   m 8 o
>>> 4   m 12 e
    5   m 14 n
    6   m 15 s

warning: entity 14 was directed to use 2 halite to move north, but only 0 halite was available
At command 5 of 11:
    3   m 8 o
    4   m 12 e
>>> 5   m 14 n
    6   m 15 s
    7   m 17 w


Turn 203
================================================================
warning: entity 5 was directed to use 2 halite to move south, but only 1 halite was available
At command 2 of 12:
    1   m 3 s
>>> 2   m 5 s
    3   m 8 o
    4   m 10 o


Turn 207
================================================================
warning: entity 14 was directed to use 4 halite to move east, but only 0 halite was available
At command 6 of 13:
    4   m 10 o
    5   m 12 n
>>> 6   m 14 e
    7   m 15 s
    8   m 17 e


Turn 208
================================================================
warning: entity 3 was directed to use 4 halite to move east, but only 1 halite was available
At command 1 of 12:
>>> 1   m 3 e
    2   m 5 o
    3   m 8 w

warning: entity 12 was directed to use 4 halite to move east, but only 2 halite was available
At command 5 of 12:
    3   m 8 w
    4   m 10 n
>>> 5   m 12 e
    6   m 14 e
    7   m 17 s

warning: entity 33 was directed to use 2 halite to move north, but only 0 halite was available
At command 12 of 12:
    10   m 31 e
    11   m 32 o
>>> 12   m 33 n


Turn 212
================================================================
warning: entity 10 was directed to use 1 halite to move north, but only 0 halite was available
At command 4 of 13:
    2   m 5 w
    3   m 8 s
>>> 4   m 10 n
    5   m 12 o
    6   m 14 o


Turn 214
================================================================
warning: entity 33 was directed to use 2 halite to move north, but only 0 halite was available
At command 13 of 14:
    11   m 31 o
    12   m 32 o
>>> 13   m 33 n
    14   m 37 o


Turn 216
================================================================
warning: entity 10 was directed to use 4 halite to move east, but only 0 halite was available
At command 4 of 14:
    2   m 5 o
    3   m 8 s
>>> 4   m 10 e
    5   m 12 o
    6   m 14 o

warning: entity 15 was directed to use 3 halite to move south, but only 1 halite was available
At command 7 of 14:
    5   m 12 o
    6   m 14 o
>>> 7   m 15 s
    8   m 17 s
    9   m 24 s

warning: entity 17 was directed to use 1 halite to move south, but only 0 halite was available
At command 8 of 14:
    6   m 14 o
    7   m 15 s
>>> 8   m 17 s
    9   m 24 s
    10   m 25 o


Turn 217
================================================================
warning: entity 37 was directed to use 1 halite to move north, but only 0 halite was available
At command 13 of 13:
    11   m 32 o
    12   m 33 n
>>> 13   m 37 n


Turn 220
================================================================
warning: entity 17 was directed to use 4 halite to move south, but only 0 halite was available
At command 8 of 13:
    6   m 14 o
    7   m 15 o
>>> 8   m 17 s
    9   m 25 w
    10   m 31 o


Turn 221
================================================================
warning: entity 33 was directed to use 4 halite to move east, but only 2 halite was available
At command 12 of 13:
    10   m 31 o
    11   m 32 o
>>> 12   m 33 e
    13   m 37 e


Turn 222
================================================================
warning: entity 37 was directed to use 3 halite to move east, but only 2 halite was available
At command 14 of 14:
    12   m 32 e
    13   m 33 e
>>> 14   m 37 e


Turn 223
================================================================
warning: entity 10 was directed to use 3 halite to move east, but only 0 halite was available
At command 3 of 12:
    1   m 3 o
    2   m 8 s
>>> 3   m 10 e
    4   m 12 s
    5   m 14 o


Turn 225
================================================================
warning: entity 17 was directed to use 1 halite to move east, but only 0 halite was available
At command 8 of 14:
    6   m 14 o
    7   m 15 s
>>> 8   m 17 e
    9   m 24 n
    10   m 25 o

warning: entity 24 was directed to use 2 halite to move north, but only 0 halite was available
At command 9 of 14:
    7   m 15 s
    8   m 17 e
>>> 9   m 24 n
    10   m 25 o
    11   m 31 w


Turn 226
================================================================
warning: entity 33 was directed to use 3 halite to move east, but only 0 halite was available
At command 13 of 14:
    11   m 31 w
    12   m 32 o
>>> 13   m 33 e
    14   m 37 o


Turn 229
================================================================
warning: entity 8 was directed to use 1 halite to move south, but only 0 halite was available
At command 3 of 14:
    1   m 3 o
    2   m 5 n
>>> 3   m 8 s
    4   m 10 o
    5   m 12 s


Turn 237
================================================================
warning: entity 5 was directed to use 1 halite to move north, but only 0 halite was available
At command 2 of 13:
    1   m 3 w
>>> 2   m 5 n
    3   m 8 o
    4   m 12 o


Turn 241
================================================================
warning: entity 12 was directed to use 1 halite to move east, but only 0 halite was available
At command 4 of 13:
    2   m 5 n
    3   m 8 o
>>> 4   m 12 e
    5   m 14 w
    6   m 15 o


Turn 242
================================================================
warning: entity 5 was directed to use 5 halite to move north, but only 3 halite was available
At command 2 of 13:
    1   m 3 n
>>> 2   m 5 n
    3   m 8 o
    4   m 12 e


Turn 245
================================================================
warning: entity 12 was directed to use 1 halite to move east, but only 0 halite was available
At command 4 of 12:
    2   m 5 o
    3   m 8 w
>>> 4   m 12 e
    5   m 14 s
    6   m 17 n


Turn 246
================================================================
warning: entity 33 was directed to use 2 halite to move east, but only 1 halite was available
At command 12 of 13:
    10   m 31 s
    11   m 32 o
>>> 12   m 33 e
    13   m 37 w


Turn 248
================================================================
warning: entity 25 was directed to use 3 halite to move east, but only 1 halite was available
At command 9 of 12:
    7   m 17 n
    8   m 24 o
>>> 9   m 25 e
    10   m 32 o
    11   m 33 e


Turn 251
================================================================
warning: entity 31 was directed to use 1 halite to move north, but only 0 halite was available
At command 9 of 12:
    7   m 24 o
    8   m 25 e
>>> 9   m 31 n
    10   m 32 o
    11   m 33 s


Turn 252
================================================================
warning: entity 3 was directed to use 2 halite to move south, but only 1 halite was available
At command 1 of 12:
>>> 1   m 3 s
    2   m 5 o
    3   m 8 o


Turn 256
================================================================
warning: entity 31 was directed to use 2 halite to move north, but only 1 halite was available
At command 8 of 10:
    6   m 24 w
    7   m 25 w
>>> 8   m 31 n
    9   m 33 w
    10   m 37 e


Turn 258
================================================================
warning: entity 32 was directed to use 1 halite to move north, but only 0 halite was available
At command 11 of 13:
    9   m 25 w
    10   m 31 w
>>> 11   m 32 n
    12   m 33 s
    13   m 37 s


Turn 259
================================================================
warning: entity 14 was directed to use 3 halite to move north, but only 0 halite was available
At command 5 of 13:
    3   m 8 e
    4   m 12 w
>>> 5   m 14 n
    6   m 15 o
    7   m 17 n

warning: entity 33 was directed to use 3 halite to move east, but only 1 halite was available
At command 12 of 13:
    10   m 31 w
    11   m 32 n
>>> 12   m 33 e
    13   m 37 w


Turn 262
================================================================
warning: entity 14 was directed to use 4 halite to move east, but only 3 halite was available
At command 5 of 13:
    3   m 8 n
    4   m 12 w
>>> 5   m 14 e
    6   m 15 o
    7   m 17 n

warning: entity 31 was directed to use 2 halite to move west, but only 0 halite was available
At command 10 of 13:
    8   m 24 o
    9   m 25 e
>>> 10   m 31 w
    11   m 32 o
    12   m 33 w


Turn 264
================================================================
warning: entity 17 was directed to use 3 halite to move east, but only 1 halite was available
At command 7 of 13:
    5   m 14 e
    6   m 15 n
>>> 7   m 17 e
    8   m 24 o
    9   m 25 w


Turn 266
================================================================
warning: entity 37 was directed to use 3 halite to move south, but only 0 halite was available
At command 13 of 13:
    11   m 32 o
    12   m 33 s
>>> 13   m 37 s


Turn 271
================================================================
warning: entity 37 was directed to use 2 halite to move south, but only 0 halite was available
At command 12 of 12:
    10   m 32 o
    11   m 33 n
>>> 12   m 37 s


Turn 275
================================================================
warning: entity 33 was directed to use 2 halite to move east, but only 1 halite was available
At command 11 of 12:
    9   m 31 o
    10   m 32 s
>>> 11   m 33 e
    12   m 37 w


Turn 276
================================================================
warning: entity 12 was directed to use 2 halite to move north, but only 0 halite was available
At command 4 of 11:
    2   m 5 o
    3   m 8 n
>>> 4   m 12 n
    5   m 14 w
    6   m 17 w

warning: entity 37 was directed to use 4 halite to move west, but only 0 halite was available
At command 11 of 11:
    9   m 31 o
    10   m 33 o
>>> 11   m 37 w


Turn 279
================================================================
warning: entity 32 was directed to use 1 halite to move north, but only 0 halite was available
At command 11 of 13:
    9   m 25 o
    10   m 31 o
>>> 11   m 32 n
    12   m 33 e
    13   m 37 o


Turn 280
================================================================
warning: entity 8 was directed to use 2 halite to move east, but only 0 halite was available
At command 2 of 12:
    1   m 3 o
>>> 2   m 8 e
    3   m 12 o
    4   m 14 w


Turn 284
================================================================
warning: entity 15 was directed to use 1 halite to move north, but only 0 halite was available
At command 6 of 12:
    4   m 12 e
    5   m 14 o
>>> 6   m 15 n
    7   m 17 e
    8   m 24 o


Turn 287
================================================================
warning: entity 15 was directed to use 3 halite to move north, but only 1 halite was available
At command 5 of 12:
    3   m 12 o
    4   m 14 n
>>> 5   m 15 n
    6   m 17 o
    7   m 24 w


Turn 290
================================================================
warning: entity 33 was directed to use 1 halite to move north, but only 0 halite was available
At command 11 of 12:
    9   m 31 e
    10   m 32 o
>>> 11   m 33 n
    12   m 37 o


Turn 296
================================================================
warning: entity 33 was directed to use 4 halite to move south, but only 0 halite was available
At command 11 of 11:
    9   m 31 o
    10   m 32 o
>>> 11   m 33 s


Turn 300
================================================================
warning: entity 17 was directed to use 3 halite to move north, but only 0 halite was available
At command 4 of 10:
    2   m 14 o
    3   m 15 o
>>> 4   m 17 n
    5   m 24 o
    6   m 25 o


Turn 305
================================================================
warning: entity 17 was directed to use 5 halite to move east, but only 4 halite was available
At command 5 of 10:
    3   m 14 o
    4   m 15 o
>>> 5   m 17 e
    6   m 24 o
    7   m 25 n


Turn 306
================================================================
warning: entity 25 was directed to use 2 halite to move north, but only 1 halite was available
At command 7 of 11:
    5   m 17 e
    6   m 24 o
>>> 7   m 25 n
    8   m 31 e
    9   m 32 n

warning: entity 33 was directed to use 2 halite to move west, but only 0 halite was available
At command 10 of 11:
    8   m 31 e
    9   m 32 n
>>> 10   m 33 w
    11   m 37 n


Turn 307
================================================================
warning: entity 3 was directed to use 3 halite to move west, but only 0 halite was available
At command 1 of 11:
>>> 1   m 3 w
    2   m 5 o
    3   m 14 o


Turn 312
================================================================
warning: entity 3 was directed to use 4 halite to move west, but only 3 halite was available
At command 1 of 11:
>>> 1   m 3 w
    2   m 5 o
    3   m 14 e


Turn 315
================================================================
warning: entity 37 was directed to use 1 halite to move north, but only 0 halite was available
At command 10 of 10:
    8   m 32 o
    9   m 33 w
>>> 10   m 37 n


Turn 316
================================================================
warning: entity 33 was directed to use 2 halite to move west, but only 0 halite was available
At command 10 of 11:
    8   m 31 n
    9   m 32 o
>>> 10   m 33 w
    11   m 37 n


Turn 319
================================================================
warning: entity 37 was directed to use 3 halite to move north, but only 1 halite was available
At command 9 of 9:
    7   m 31 n
    8   m 33 e
>>> 9   m 37 n


Turn 320
================================================================
warning: entity 33 was directed to use 4 halite to move west, but only 1 halite was available
At command 10 of 11:
    8   m 31 n
    9   m 32 n
>>> 10   m 33 w
    11   m 37 n


Turn 323
================================================================
warning: entity 24 was directed to use 4 halite to move north, but only 0 halite was available
At command 6 of 11:
    4   m 15 e
    5   m 17 w
>>> 6   m 24 n
    7   m 25 e
    8   m 31 n

warning: entity 31 was directed to use 2 halite to move north, but only 0 halite was available
At command 8 of 11:
    6   m 24 n
    7   m 25 e
>>> 8   m 31 n
    9   m 32 e
    10   m 33 o


Turn 324
================================================================
warning: entity 15 was directed to use 4 halite to move east, but only 0 halite was available
At command 4 of 10:
    2   m 5 w
    3   m 14 o
>>> 4   m 15 e
    5   m 17 w
    6   m 24 w


Turn 327
================================================================
warning: entity 24 was directed to use 4 halite to move east, but only 1 halite was available
At command 6 of 10:
    4   m 15 o
    5   m 17 w
>>> 6   m 24 e
    7   m 31 n
    8   m 32 s

warning: entity 31 was directed to use 3 halite to move north, but only 1 halite was available
At command 7 of 10:
    5   m 17 w
    6   m 24 e
>>> 7   m 31 n
    8   m 32 s
    9   m 33 o


Turn 328
================================================================
warning: entity 32 was directed to use 4 halite to move east, but only 0 halite was available
At command 8 of 10:
    6   m 24 e
    7   m 31 n
>>> 8   m 32 e
    9   m 33 n
    10   m 37 o


Turn 332
================================================================
warning: entity 31 was directed to use 4 halite to move west, but only 0 halite was available
At command 7 of 10:
    5   m 17 s
    6   m 24 o
>>> 7   m 31 w
    8   m 32 o
    9   m 33 o


Turn 333
================================================================
warning: entity 5 was directed to use 3 halite to move east, but only 0 halite was available
At command 2 of 10:
    1   m 3 o
>>> 2   m 5 e
    3   m 14 e
    4   m 15 o


Turn 345
================================================================
warning: entity 17 was directed to use 1 halite to move north, but only 0 halite was available
At command 5 of 9:
    3   m 14 o
    4   m 15 o
>>> 5   m 17 n
    6   m 24 o
    7   m 31 o


Turn 352
================================================================
warning: entity 31 was directed to use 3 halite to move east, but only 0 halite was available
At command 7 of 9:
    5   m 17 n
    6   m 24 o
>>> 7   m 31 e
    8   m 32 e
    9   m 33 o


Turn 362
================================================================
warning: entity 5 was directed to use 2 halite to move south, but only 0 halite was available
At command 2 of 9:
    1   m 3 n
>>> 2   m 5 s
    3   m 14 w
    4   m 15 o


Turn 365
================================================================
warning: entity 14 was directed to use 2 halite to move east, but only 0 halite was available
At command 3 of 9:
    1   m 3 s
    2   m 5 n
>>> 3   m 14 e
    4   m 15 w
    5   m 17 w


Turn 369
================================================================
warning: entity 32 was directed to use 2 halite to move west, but only 0 halite was available
At command 8 of 9:
    6   m 24 w
    7   m 31 o
>>> 8   m 32 w
    9   m 33 o


Turn 371
================================================================
warning: entity 14 was directed to use 5 halite to move east, but only 2 halite was available
At command 3 of 8:
    1   m 3 n
    2   m 5 o
>>> 3   m 14 e
    4   m 15 e
    5   m 17 o


Turn 375
================================================================
warning: entity 24 was directed to use 2 halite to move south, but only 0 halite was available
At command 6 of 9:
    4   m 15 w
    5   m 17 e
>>> 6   m 24 s
    7   m 31 w
    8   m 32 o


Turn 382
================================================================
warning: entity 3 was directed to use 3 halite to move east, but only 0 halite was available
At command 1 of 8:
>>> 1   m 3 e
    2   m 5 o
    3   m 14 o

warning: entity 17 was directed to use 1 halite to move south, but only 0 halite was available
At command 4 of 8:
    2   m 5 o
    3   m 14 o
>>> 4   m 17 s
    5   m 24 e
    6   m 31 w


Turn 383
================================================================
warning: entity 24 was directed to use 3 halite to move east, but only 1 halite was available
At command 6 of 9:
    4   m 15 s
    5   m 17 s
>>> 6   m 24 e
    7   m 31 o
    8   m 32 o


Turn 385
================================================================
warning: entity 15 was directed to use 1 halite to move south, but only 0 halite was available
At command 4 of 8:
    2   m 5 o
    3   m 14 o
>>> 4   m 15 s
    5   m 17 e
    6   m 24 e

warning: entity 17 was directed to use 3 halite to move east, but only 2 halite was available
At command 5 of 8:
    3   m 14 o
    4   m 15 s
>>> 5   m 17 e
    6   m 24 e
    7   m 32 o


Turn 386
================================================================
warning: entity 3 was directed to use 5 halite to move east, but only 3 halite was available
At command 1 of 9:
>>> 1   m 3 e
    2   m 5 o
    3   m 14 o


Turn 389
================================================================
warning: entity 15 was directed to use 3 halite to move east, but only 0 halite was available
At command 4 of 8:
    2   m 5 e
    3   m 14 w
>>> 4   m 15 e
    5   m 17 e
    6   m 24 o

warning: entity 31 was directed to use 4 halite to move east, but only 0 halite was available
At command 7 of 8:
    5   m 17 e
    6   m 24 o
>>> 7   m 31 e
    8   m 33 n


Turn 392
================================================================
warning: entity 17 was directed to use 3 halite to move east, but only 0 halite was available
At command 5 of 9:
    3   m 14 w
    4   m 15 e
>>> 5   m 17 e
    6   m 24 e
    7   m 31 o

warning: entity 33 was directed to use 1 halite to move south, but only 0 halite was available
At command 9 of 9:
    7   m 31 o
    8   m 32 n
>>> 9   m 33 s


Turn 395
================================================================
warning: entity 15 was directed to use 2 halite to move east, but only 1 halite was available
At command 4 of 9:
    2   m 5 o
    3   m 14 w
>>> 4   m 15 e
    5   m 17 o
    6   m 24 o

warning: entity 33 was directed to use 2 halite to move west, but only 0 halite was available
At command 9 of 9:
    7   m 31 o
    8   m 32 n
>>> 9   m 33 w


Turn 397
================================================================
warning: entity 32 was directed to use 2 halite to move west, but only 0 halite was available
At command 7 of 8:
    5   m 24 o
    6   m 31 o
>>> 7   m 32 w
    8   m 33 w


Turn 401
================================================================
warning: entity 32 was directed to use 4 halite to move east, but only 1 halite was available
At command 7 of 8:
    5   m 24 w
    6   m 31 w
>>> 7   m 32 e
    8   m 33 o


Turn 405
================================================================
warning: owned entities 14, 32 collided on cell (8, 8) as the result of moves on this turn
At command 2 of 7:
    1   m 3 w
>>> 2   m 14 w
    3   m 17 o
    4   m 24 w

Other commands that placed an entity on this cell:
    4   m 24 w
    5   m 31 w
>>> 6   m 32 s
    7   m 33 e


Turn 409
================================================================
warning: owned entities 24, 33 collided on cell (8, 8) as the result of moves on this turn
At command 4 of 6:
    2   m 5 w
    3   m 17 w
>>> 4   m 24 s
    5   m 31 e
    6   m 33 n

Other commands that placed an entity on this cell:
    4   m 24 s
    5   m 31 e
>>> 6   m 33 n


Turn 413
================================================================
warning: owned entities 31, 5 collided on cell (8, 8) as the result of moves on this turn
At command 3 of 3:
    1   m 3 w
    2   m 17 w
>>> 3   m 31 e


Turn 423
================================================================
warning: owned entities 3, 17 collided on cell (8, 8) as the result of moves on this turn
At command 1 of 1:
>>> 1   m 3 e

