
Turn 3
================================================================
warning: entity 1 was directed to use 14 halite to move east, but only 0 halite was available
At command 1 of 1:
>>> 1   m 1 e


Turn 8
================================================================
warning: entity 3 was directed to use 19 halite to move north, but only 0 halite was available
At command 2 of 2:
    1   m 1 o
>>> 2   m 3 n


Turn 12
================================================================
warning: entity 3 was directed to use 19 halite to move north, but only 1 halite was available
At command 2 of 3:
    1   m 1 o
>>> 2   m 3 n
    3   m 5 w


Turn 13
================================================================
warning: entity 5 was directed to use 19 halite to move north, but only 0 halite was available
At command 3 of 3:
    1   m 1 o
    2   m 3 n
>>> 3   m 5 n


Turn 17
================================================================
warning: entity 5 was directed to use 22 halite to move north, but only 5 halite was available
At command 3 of 4:
    1   m 1 w
    2   m 3 o
>>> 3   m 5 n
    4   m 7 e


Turn 18
================================================================
warning: entity 7 was directed to use 10 halite to move north, but only 0 halite was available
At command 4 of 4:
    2   m 3 o
    3   m 5 n
>>> 4   m 7 n


Turn 23
================================================================
warning: entity 1 was directed to use 14 halite to move west, but only 0 halite was available
At command 1 of 4:
>>> 1   m 1 w
    2   m 3 o
    3   m 5 o


Turn 26
================================================================
warning: entity 1 was directed to use 15 halite to move north, but only 12 halite was available
At command 2 of 5:
    1   g
>>> 2   m 1 n
    3   m 3 s
    4   m 5 o


Turn 28
================================================================
warning: entity 9 was directed to use 10 halite to move west, but only 0 halite was available
At command 5 of 5:
    3   m 5 o
    4   m 7 o
>>> 5   m 9 w


Turn 32
================================================================
warning: entity 9 was directed to use 11 halite to move north, but only 1 halite was available
At command 5 of 5:
    3   m 5 s
    4   m 7 e
>>> 5   m 9 n


Turn 33
================================================================
warning: entity 3 was directed to use 8 halite to move west, but only 0 halite was available
At command 2 of 5:
    1   m 1 o
>>> 2   m 3 w
    3   m 5 s
    4   m 7 w


Turn 36
================================================================
warning: entity 3 was directed to use 4 halite to move north, but only 0 halite was available
At command 2 of 5:
    1   m 1 o
>>> 2   m 3 n
    3   m 5 s
    4   m 7 w


Turn 37
================================================================
warning: entity 7 was directed to use 6 halite to move west, but only 0 halite was available
At command 4 of 5:
    2   m 3 n
    3   m 5 s
>>> 4   m 7 w
    5   m 9 o


Turn 39
================================================================
warning: entity 3 was directed to use 14 halite to move east, but only 0 halite was available
At command 2 of 5:
    1   m 1 s
>>> 2   m 3 e
    3   m 5 o
    4   m 7 w

warning: entity 7 was directed to use 14 halite to move west, but only 11 halite was available
At command 4 of 5:
    2   m 3 e
    3   m 5 o
>>> 4   m 7 w
    5   m 9 o


Turn 41
================================================================
warning: entity 5 was directed to use 4 halite to move east, but only 0 halite was available
At command 3 of 5:
    1   m 1 w
    2   m 3 w
>>> 3   m 5 e
    4   m 7 w
    5   m 9 o


Turn 43
================================================================
warning: entity 3 was directed to use 8 halite to move west, but only 7 halite was available
At command 1 of 4:
>>> 1   m 3 w
    2   m 5 n
    3   m 7 e


Turn 45
================================================================
warning: entity 1 was directed to use 8 halite to move south, but only 0 halite was available
At command 1 of 5:
>>> 1   m 1 s
    2   m 3 n
    3   m 5 n

warning: entity 5 was directed to use 14 halite to move north, but only 6 halite was available
At command 3 of 5:
    1   m 1 s
    2   m 3 n
>>> 3   m 5 n
    4   m 7 n
    5   m 9 o


Turn 48
================================================================
warning: entity 5 was directed to use 24 halite to move north, but only 22 halite was available
At command 3 of 5:
    1   m 1 o
    2   m 3 o
>>> 3   m 5 n
    4   m 7 o
    5   m 9 n


Turn 63
================================================================
warning: entity 3 was directed to use 6 halite to move north, but only 0 halite was available
At command 2 of 5:
    1   m 1 o
>>> 2   m 3 n
    3   m 5 s
    4   m 7 s


Turn 65
================================================================
warning: entity 3 was directed to use 15 halite to move north, but only 11 halite was available
At command 2 of 5:
    1   m 1 o
>>> 2   m 3 n
    3   m 5 s
    4   m 7 e


Turn 66
================================================================
warning: entity 7 was directed to use 4 halite to move east, but only 0 halite was available
At command 4 of 5:
    2   m 3 n
    3   m 5 s
>>> 4   m 7 e
    5   m 9 s


Turn 69
================================================================
warning: entity 5 was directed to use 2 halite to move west, but only 0 halite was available
At command 3 of 5:
    1   m 1 n
    2   m 3 n
>>> 3   m 5 w
    4   m 7 e
    5   m 9 o

warning: entity 7 was directed to use 16 halite to move east, but only 0 halite was available
At command 4 of 5:
    2   m 3 n
    3   m 5 w
>>> 4   m 7 e
    5   m 9 o


Turn 71
================================================================
warning: entity 5 was directed to use 11 halite to move north, but only 5 halite was available
At command 3 of 5:
    1   m 1 w
    2   m 3 o
>>> 3   m 5 n
    4   m 7 n
    5   m 9 w


Turn 72
================================================================
warning: entity 1 was directed to use 1 halite to move south, but only 0 halite was available
At command 1 of 5:
>>> 1   m 1 s
    2   m 3 o
    3   m 5 n


Turn 74
================================================================
warning: entity 1 was directed to use 8 halite to move south, but only 4 halite was available
At command 1 of 5:
>>> 1   m 1 s
    2   m 3 o
    3   m 5 n


Turn 75
================================================================
warning: entity 9 was directed to use 3 halite to move east, but only 0 halite was available
At command 5 of 5:
    3   m 5 o
    4   m 7 o
>>> 5   m 9 e


Turn 77
================================================================
warning: entity 9 was directed to use 9 halite to move east, but only 7 halite was available
At command 5 of 5:
    3   m 5 o
    4   m 7 o
>>> 5   m 9 e


Turn 81
================================================================
warning: entity 9 was directed to use 16 halite to move north, but only 2 halite was available
At command 5 of 6:
    3   m 5 o
    4   m 7 s
>>> 5   m 9 n
    6   m 11 n

warning: entity 11 was directed to use 8 halite to move north, but only 0 halite was available
At command 6 of 6:
    4   m 7 s
    5   m 9 n
>>> 6   m 11 n


Turn 87
================================================================
warning: entity 11 was directed to use 4 halite to move west, but only 3 halite was available
At command 5 of 5:
    3   m 7 s
    4   m 9 o
>>> 5   m 11 w


Turn 89
================================================================
warning: entity 1 was directed to use 1 halite to move north, but only 0 halite was available
At command 1 of 6:
>>> 1   m 1 n
    2   m 3 e
    3   m 5 e


Turn 91
================================================================
warning: entity 1 was directed to use 13 halite to move north, but only 4 halite was available
At command 1 of 6:
>>> 1   m 1 n
    2   m 3 e
    3   m 5 e


Turn 95
================================================================
warning: entity 1 was directed to use 11 halite to move north, but only 5 halite was available
At command 1 of 6:
>>> 1   m 1 n
    2   m 3 e
    3   m 5 e


Turn 96
================================================================
warning: entity 5 was directed to use 14 halite to move west, but only 1 halite was available
At command 3 of 6:
    1   m 1 n
    2   m 3 w
>>> 3   m 5 w
    4   m 7 e
    5   m 9 w


Turn 105
================================================================
warning: entity 5 was directed to use 13 halite to move east, but only 4 halite was available
At command 3 of 6:
    1   m 1 o
    2   m 3 e
>>> 3   m 5 e
    4   m 7 w
    5   m 9 e


Turn 109
================================================================
warning: entity 11 was directed to use 14 halite to move east, but only 1 halite was available
At command 6 of 6:
    4   m 7 w
    5   m 9 e
>>> 6   m 11 e


Turn 113
================================================================
warning: entity 3 was directed to use 10 halite to move east, but only 9 halite was available
At command 2 of 6:
    1   m 1 e
>>> 2   m 3 e
    3   m 5 e
    4   m 7 w


Turn 114
================================================================
warning: entity 5 was directed to use 10 halite to move west, but only 7 halite was available
At command 3 of 6:
    1   m 1 w
    2   m 3 s
>>> 3   m 5 w
    4   m 7 e
    5   m 9 o


Turn 118
================================================================
warning: entity 7 was directed to use 7 halite to move north, but only 3 halite was available
At command 4 of 6:
    2   m 3 w
    3   m 5 e
>>> 4   m 7 n
    5   m 9 w
    6   m 11 s


Turn 120
================================================================
warning: entity 3 was directed to use 6 halite to move west, but only 0 halite was available
At command 2 of 5:
    1   m 1 o
>>> 2   m 3 w
    3   m 5 e
    4   m 7 n


Turn 122
================================================================
warning: entity 9 was directed to use 1 halite to move east, but only 0 halite was available
At command 5 of 6:
    3   m 5 o
    4   m 7 e
>>> 5   m 9 e
    6   m 11 w


Turn 124
================================================================
warning: entity 3 was directed to use 10 halite to move north, but only 7 halite was available
At command 2 of 6:
    1   m 1 e
>>> 2   m 3 n
    3   m 5 e
    4   m 7 n

warning: entity 9 was directed to use 7 halite to move north, but only 4 halite was available
At command 5 of 6:
    3   m 5 e
    4   m 7 n
>>> 5   m 9 n
    6   m 11 e


Turn 127
================================================================
warning: entity 1 was directed to use 5 halite to move east, but only 3 halite was available
At command 1 of 5:
>>> 1   m 1 e
    2   m 3 o
    3   m 7 o


Turn 128
================================================================
warning: entity 9 was directed to use 16 halite to move north, but only 3 halite was available
At command 5 of 6:
    3   m 5 w
    4   m 7 o
>>> 5   m 9 n
    6   m 11 o


Turn 130
================================================================
warning: entity 1 was directed to use 11 halite to move north, but only 1 halite was available
At command 1 of 6:
>>> 1   m 1 n
    2   m 3 o
    3   m 5 n

warning: entity 5 was directed to use 4 halite to move north, but only 0 halite was available
At command 3 of 6:
    1   m 1 n
    2   m 3 o
>>> 3   m 5 n
    4   m 7 o
    5   m 9 n


Turn 132
================================================================
warning: entity 5 was directed to use 11 halite to move north, but only 9 halite was available
At command 3 of 6:
    1   m 1 n
    2   m 3 o
>>> 3   m 5 n
    4   m 7 o
    5   m 9 o


Turn 137
================================================================
warning: entity 11 was directed to use 3 halite to move west, but only 0 halite was available
At command 6 of 6:
    4   m 7 s
    5   m 9 o
>>> 6   m 11 w


Turn 140
================================================================
warning: entity 11 was directed to use 6 halite to move north, but only 4 halite was available
At command 6 of 7:
    4   m 7 o
    5   m 9 w
>>> 6   m 11 n
    7   m 12 w


Turn 142
================================================================
warning: entity 12 was directed to use 2 halite to move west, but only 0 halite was available
At command 7 of 7:
    5   m 9 o
    6   m 11 n
>>> 7   m 12 w


Turn 146
================================================================
warning: entity 12 was directed to use 7 halite to move north, but only 1 halite was available
At command 7 of 7:
    5   m 9 e
    6   m 11 o
>>> 7   m 12 n


Turn 147
================================================================
warning: entity 3 was directed to use 4 halite to move east, but only 0 halite was available
At command 2 of 7:
    1   m 1 s
>>> 2   m 3 e
    3   m 5 e
    4   m 7 o


Turn 153
================================================================
warning: entity 1 was directed to use 2 halite to move north, but only 0 halite was available
At command 1 of 6:
>>> 1   m 1 n
    2   m 3 o
    3   m 5 e


Turn 156
================================================================
warning: entity 1 was directed to use 12 halite to move west, but only 0 halite was available
At command 1 of 6:
>>> 1   m 1 w
    2   m 3 n
    3   m 5 w

warning: entity 7 was directed to use 4 halite to move east, but only 0 halite was available
At command 4 of 6:
    2   m 3 n
    3   m 5 w
>>> 4   m 7 e
    5   m 11 n
    6   m 12 o


Turn 158
================================================================
warning: entity 7 was directed to use 12 halite to move east, but only 7 halite was available
At command 4 of 7:
    2   m 3 n
    3   m 5 s
>>> 4   m 7 e
    5   m 9 n
    6   m 11 n


Turn 159
================================================================
warning: entity 9 was directed to use 4 halite to move north, but only 0 halite was available
At command 4 of 6:
    2   m 3 n
    3   m 7 e
>>> 4   m 9 n
    5   m 11 n
    6   m 12 o


Turn 162
================================================================
warning: entity 5 was directed to use 1 halite to move west, but only 0 halite was available
At command 3 of 7:
    1   m 1 o
    2   m 3 o
>>> 3   m 5 w
    4   m 7 n
    5   m 9 n


Turn 163
================================================================
warning: entity 7 was directed to use 20 halite to move north, but only 2 halite was available
At command 4 of 7:
    2   m 3 o
    3   m 5 w
>>> 4   m 7 n
    5   m 9 n
    6   m 11 w

warning: entity 9 was directed to use 10 halite to move north, but only 4 halite was available
At command 5 of 7:
    3   m 5 w
    4   m 7 n
>>> 5   m 9 n
    6   m 11 w
    7   m 12 e


Turn 165
================================================================
warning: entity 5 was directed to use 4 halite to move north, but only 1 halite was available
At command 3 of 8:
    1   m 1 o
    2   m 3 o
>>> 3   m 5 n
    4   m 7 o
    5   m 9 n


Turn 166
================================================================
warning: entity 9 was directed to use 24 halite to move north, but only 22 halite was available
At command 5 of 8:
    3   m 5 n
    4   m 7 o
>>> 5   m 9 n
    6   m 11 e
    7   m 12 e

warning: entity 11 was directed to use 29 halite to move east, but only 7 halite was available
At command 6 of 8:
    4   m 7 o
    5   m 9 n
>>> 6   m 11 e
    7   m 12 e
    8   m 13 w


Turn 167
================================================================
warning: entity 13 was directed to use 1 halite to move north, but only 0 halite was available
At command 8 of 8:
    6   m 11 e
    7   m 12 s
>>> 8   m 13 n


Turn 169
================================================================
warning: entity 13 was directed to use 8 halite to move north, but only 4 halite was available
At command 8 of 8:
    6   m 11 e
    7   m 12 s
>>> 8   m 13 n


Turn 170
================================================================
warning: entity 11 was directed to use 29 halite to move west, but only 9 halite was available
At command 6 of 8:
    4   m 7 o
    5   m 9 o
>>> 6   m 11 w
    7   m 12 s
    8   m 13 n


Turn 174
================================================================
warning: entity 12 was directed to use 3 halite to move east, but only 0 halite was available
At command 7 of 8:
    5   m 9 o
    6   m 11 o
>>> 7   m 12 e
    8   m 13 n

warning: entity 13 was directed to use 2 halite to move north, but only 0 halite was available
At command 8 of 8:
    6   m 11 o
    7   m 12 e
>>> 8   m 13 n


Turn 176
================================================================
warning: entity 12 was directed to use 9 halite to move east, but only 6 halite was available
At command 8 of 9:
    6   m 9 o
    7   m 11 w
>>> 8   m 12 e
    9   m 13 o


Turn 179
================================================================
warning: entity 14 was directed to use 3 halite to move north, but only 0 halite was available
At command 9 of 9:
    7   m 12 n
    8   m 13 o
>>> 9   m 14 n


Turn 180
================================================================
warning: entity 12 was directed to use 7 halite to move north, but only 1 halite was available
At command 6 of 8:
    4   m 9 s
    5   m 11 s
>>> 6   m 12 n
    7   m 13 o
    8   m 14 o


Turn 182
================================================================
warning: entity 12 was directed to use 19 halite to move north, but only 16 halite was available
At command 7 of 9:
    5   m 9 s
    6   m 11 s
>>> 7   m 12 n
    8   m 13 o
    9   m 14 o


Turn 184
================================================================
warning: entity 1 was directed to use 6 halite to move north, but only 0 halite was available
At command 1 of 9:
>>> 1   m 1 n
    2   m 3 w
    3   m 5 e


Turn 186
================================================================
warning: entity 3 was directed to use 1 halite to move north, but only 0 halite was available
At command 2 of 8:
    1   m 1 n
>>> 2   m 3 n
    3   m 5 s
    4   m 9 w


Turn 188
================================================================
warning: entity 1 was directed to use 15 halite to move north, but only 8 halite was available
At command 1 of 9:
>>> 1   m 1 n
    2   m 3 n
    3   m 5 s

warning: entity 3 was directed to use 5 halite to move north, but only 4 halite was available
At command 2 of 9:
    1   m 1 n
>>> 2   m 3 n
    3   m 5 s
    4   m 7 w


Turn 190
================================================================
warning: entity 7 was directed to use 3 halite to move west, but only 0 halite was available
At command 4 of 9:
    2   m 3 n
    3   m 5 e
>>> 4   m 7 w
    5   m 9 s
    6   m 11 e


Turn 191
================================================================
warning: entity 3 was directed to use 6 halite to move north, but only 5 halite was available
At command 2 of 9:
    1   m 1 n
>>> 2   m 3 n
    3   m 5 w
    4   m 7 w


Turn 194
================================================================
warning: entity 7 was directed to use 1 halite to move north, but only 0 halite was available
At command 4 of 9:
    2   m 3 n
    3   m 5 w
>>> 4   m 7 n
    5   m 9 w
    6   m 11 e


Turn 196
================================================================
warning: entity 9 was directed to use 2 halite to move west, but only 0 halite was available
At command 4 of 8:
    2   m 3 o
    3   m 7 n
>>> 4   m 9 w
    5   m 11 e
    6   m 12 w


Turn 199
================================================================
warning: entity 5 was directed to use 2 halite to move east, but only 0 halite was available
At command 3 of 9:
    1   m 1 o
    2   m 3 o
>>> 3   m 5 e
    4   m 7 o
    5   m 9 n

warning: entity 9 was directed to use 4 halite to move north, but only 3 halite was available
At command 5 of 9:
    3   m 5 e
    4   m 7 o
>>> 5   m 9 n
    6   m 11 w
    7   m 12 s


Turn 201
================================================================
warning: entity 5 was directed to use 6 halite to move east, but only 5 halite was available
At command 3 of 9:
    1   m 1 o
    2   m 3 o
>>> 3   m 5 e
    4   m 7 o
    5   m 9 n


Turn 202
================================================================
warning: entity 9 was directed to use 11 halite to move north, but only 4 halite was available
At command 5 of 8:
    3   m 5 e
    4   m 7 o
>>> 5   m 9 n
    6   m 11 e
    7   m 13 e


Turn 204
================================================================
warning: entity 5 was directed to use 15 halite to move north, but only 8 halite was available
At command 3 of 9:
    1   m 1 e
    2   m 3 o
>>> 3   m 5 n
    4   m 7 o
    5   m 9 n


Turn 206
================================================================
warning: entity 12 was directed to use 4 halite to move north, but only 0 halite was available
At command 7 of 9:
    5   m 9 o
    6   m 11 e
>>> 7   m 12 n
    8   m 13 e
    9   m 14 e


Turn 210
================================================================
warning: entity 15 was directed to use 1 halite to move east, but only 0 halite was available
At command 10 of 10:
    8   m 13 w
    9   m 14 o
>>> 10   m 15 e


Turn 212
================================================================
warning: entity 15 was directed to use 5 halite to move east, but only 3 halite was available
At command 10 of 10:
    8   m 13 w
    9   m 14 e
>>> 10   m 15 e


Turn 215
================================================================
warning: entity 15 was directed to use 13 halite to move north, but only 4 halite was available
At command 10 of 10:
    8   m 13 e
    9   m 14 e
>>> 10   m 15 n


Turn 217
================================================================
warning: entity 11 was directed to use 1 halite to move north, but only 0 halite was available
At command 6 of 10:
    4   m 7 e
    5   m 9 e
>>> 6   m 11 n
    7   m 12 o
    8   m 13 e


Turn 220
================================================================
warning: entity 11 was directed to use 9 halite to move north, but only 0 halite was available
At command 6 of 10:
    4   m 7 w
    5   m 9 o
>>> 6   m 11 n
    7   m 12 o
    8   m 13 w

warning: entity 15 was directed to use 24 halite to move north, but only 8 halite was available
At command 10 of 10:
    8   m 13 w
    9   m 14 w
>>> 10   m 15 n


Turn 221
================================================================
warning: entity 1 was directed to use 1 halite to move north, but only 0 halite was available
At command 1 of 10:
>>> 1   m 1 n
    2   m 3 e
    3   m 5 w


Turn 223
================================================================
warning: entity 1 was directed to use 13 halite to move north, but only 3 halite was available
At command 2 of 11:
    1   g
>>> 2   m 1 n
    3   m 3 s
    4   m 5 o


Turn 227
================================================================
warning: entity 1 was directed to use 15 halite to move north, but only 14 halite was available
At command 1 of 11:
>>> 1   m 1 n
    2   m 3 e
    3   m 5 s

warning: entity 16 was directed to use 1 halite to move north, but only 0 halite was available
At command 11 of 11:
    9   m 14 w
    10   m 15 o
>>> 11   m 16 n


Turn 230
================================================================
warning: entity 13 was directed to use 17 halite to move south, but only 0 halite was available
At command 7 of 10:
    5   m 11 o
    6   m 12 e
>>> 7   m 13 s
    8   m 14 e
    9   m 15 o

warning: entity 16 was directed to use 2 halite to move north, but only 1 halite was available
At command 10 of 10:
    8   m 14 e
    9   m 15 o
>>> 10   m 16 n


Turn 234
================================================================
warning: entity 3 was directed to use 1 halite to move west, but only 0 halite was available
At command 2 of 11:
    1   m 1 o
>>> 2   m 3 w
    3   m 5 w
    4   m 7 e


Turn 235
================================================================
warning: entity 16 was directed to use 21 halite to move north, but only 1 halite was available
At command 11 of 11:
    9   m 14 w
    10   m 15 s
>>> 11   m 16 n


Turn 236
================================================================
warning: entity 13 was directed to use 8 halite to move south, but only 7 halite was available
At command 8 of 11:
    6   m 11 o
    7   m 12 e
>>> 8   m 13 s
    9   m 14 e
    10   m 15 o


Turn 237
================================================================
warning: entity 3 was directed to use 3 halite to move north, but only 2 halite was available
At command 3 of 12:
    1   g
    2   m 1 o
>>> 3   m 3 n
    4   m 5 n
    5   m 7 w


Turn 238
================================================================
warning: entity 5 was directed to use 3 halite to move north, but only 0 halite was available
At command 3 of 12:
    1   m 1 o
    2   m 3 n
>>> 3   m 5 n
    4   m 7 e
    5   m 9 e


Turn 240
================================================================
warning: entity 3 was directed to use 8 halite to move north, but only 2 halite was available
At command 2 of 12:
    1   m 1 o
>>> 2   m 3 n
    3   m 5 n
    4   m 7 e


Turn 241
================================================================
warning: entity 17 was directed to use 3 halite to move north, but only 0 halite was available
At command 12 of 12:
    10   m 15 s
    11   m 16 o
>>> 12   m 17 n


Turn 243
================================================================
warning: entity 3 was directed to use 2 halite to move north, but only 0 halite was available
At command 2 of 11:
    1   m 1 w
>>> 2   m 3 n
    3   m 5 n
    4   m 7 w


Turn 244
================================================================
warning: entity 5 was directed to use 16 halite to move west, but only 1 halite was available
At command 3 of 12:
    1   m 1 e
    2   m 3 n
>>> 3   m 5 w
    4   m 7 e
    5   m 9 e

warning: entity 17 was directed to use 4 halite to move north, but only 1 halite was available
At command 12 of 12:
    10   m 15 w
    11   m 16 o
>>> 12   m 17 n


Turn 245
================================================================
warning: entity 3 was directed to use 22 halite to move north, but only 4 halite was available
At command 2 of 12:
    1   m 1 w
>>> 2   m 3 n
    3   m 5 w
    4   m 7 w


Turn 248
================================================================
warning: entity 5 was directed to use 2 halite to move north, but only 0 halite was available
At command 3 of 13:
    1   m 1 e
    2   m 3 o
>>> 3   m 5 n
    4   m 7 e
    5   m 9 e

warning: entity 15 was directed to use 2 halite to move north, but only 0 halite was available
At command 10 of 13:
    8   m 13 w
    9   m 14 e
>>> 10   m 15 n
    11   m 16 n
    12   m 17 w


Turn 250
================================================================
warning: entity 15 was directed to use 5 halite to move north, but only 4 halite was available
At command 10 of 13:
    8   m 13 n
    9   m 14 e
>>> 10   m 15 n
    11   m 16 n
    12   m 17 n


Turn 253
================================================================
warning: entity 1 was directed to use 57 halite to move west, but only 7 halite was available
At command 1 of 14:
>>> 1   m 1 w
    2   m 3 o
    3   m 5 o

warning: entity 18 was directed to use 7 halite to move east, but only 1 halite was available
At command 13 of 14:
    11   m 16 w
    12   m 17 n
>>> 13   m 18 e
    14   m 19 n


Turn 256
================================================================
warning: entity 15 was directed to use 18 halite to move north, but only 10 halite was available
At command 10 of 14:
    8   m 13 n
    9   m 14 e
>>> 10   m 15 n
    11   m 16 w
    12   m 17 o

warning: entity 19 was directed to use 2 halite to move east, but only 1 halite was available
At command 14 of 14:
    12   m 17 o
    13   m 18 w
>>> 14   m 19 e


Turn 260
================================================================
warning: entity 1 was directed to use 43 halite to move west, but only 19 halite was available
At command 1 of 14:
>>> 1   m 1 w
    2   m 3 n
    3   m 5 e


Turn 262
================================================================
warning: entity 13 was directed to use 3 halite to move east, but only 0 halite was available
At command 8 of 14:
    6   m 11 o
    7   m 12 o
>>> 8   m 13 e
    9   m 14 e
    10   m 15 o

warning: entity 14 was directed to use 2 halite to move east, but only 0 halite was available
At command 9 of 14:
    7   m 12 o
    8   m 13 e
>>> 9   m 14 e
    10   m 15 o
    11   m 16 e


Turn 263
================================================================
warning: entity 18 was directed to use 5 halite to move east, but only 0 halite was available
At command 14 of 15:
    12   m 16 o
    13   m 17 o
>>> 14   m 18 e
    15   m 19 e


Turn 264
================================================================
warning: entity 13 was directed to use 9 halite to move east, but only 8 halite was available
At command 8 of 15:
    6   m 11 o
    7   m 12 o
>>> 8   m 13 e
    9   m 14 n
    10   m 15 o


Turn 265
================================================================
warning: entity 9 was directed to use 18 halite to move west, but only 0 halite was available
At command 5 of 15:
    3   m 5 o
    4   m 7 e
>>> 5   m 9 w
    6   m 11 o
    7   m 12 o


Turn 266
================================================================
warning: entity 19 was directed to use 2 halite to move east, but only 1 halite was available
At command 14 of 15:
    12   m 17 w
    13   m 18 e
>>> 14   m 19 e
    15   m 20 w


Turn 267
================================================================
warning: entity 1 was directed to use 32 halite to move west, but only 28 halite was available
At command 1 of 15:
>>> 1   m 1 w
    2   m 3 e
    3   m 5 o


Turn 268
================================================================
warning: entity 20 was directed to use 2 halite to move north, but only 0 halite was available
At command 15 of 15:
    13   m 18 e
    14   m 19 o
>>> 15   m 20 n


Turn 269
================================================================
warning: entity 13 was directed to use 15 halite to move north, but only 10 halite was available
At command 8 of 15:
    6   m 11 o
    7   m 12 o
>>> 8   m 13 n
    9   m 14 o
    10   m 15 e


Turn 270
================================================================
warning: entity 18 was directed to use 4 halite to move east, but only 2 halite was available
At command 13 of 15:
    11   m 16 o
    12   m 17 w
>>> 13   m 18 e
    14   m 19 e
    15   m 20 n


Turn 274
================================================================
warning: entity 3 was directed to use 25 halite to move east, but only 8 halite was available
At command 2 of 15:
    1   m 1 s
>>> 2   m 3 e
    3   m 5 o
    4   m 7 e

warning: entity 20 was directed to use 12 halite to move north, but only 0 halite was available
At command 15 of 15:
    13   m 18 n
    14   m 19 w
>>> 15   m 20 n


Turn 281
================================================================
warning: entity 18 was directed to use 19 halite to move north, but only 15 halite was available
At command 13 of 15:
    11   m 16 o
    12   m 17 o
>>> 13   m 18 n
    14   m 19 e
    15   m 20 o


Turn 285
================================================================
warning: entity 19 was directed to use 1 halite to move east, but only 0 halite was available
At command 14 of 15:
    12   m 17 o
    13   m 18 o
>>> 14   m 19 e
    15   m 20 o


Turn 294
================================================================
warning: entity 7 was directed to use 1 halite to move north, but only 0 halite was available
At command 4 of 15:
    2   m 3 s
    3   m 5 s
>>> 4   m 7 n
    5   m 9 s
    6   m 11 e


Turn 296
================================================================
warning: entity 7 was directed to use 4 halite to move north, but only 3 halite was available
At command 4 of 14:
    2   m 3 o
    3   m 5 o
>>> 4   m 7 n
    5   m 11 s
    6   m 12 o


Turn 297
================================================================
warning: entity 13 was directed to use 9 halite to move north, but only 0 halite was available
At command 8 of 15:
    6   m 11 s
    7   m 12 o
>>> 8   m 13 n
    9   m 14 o
    10   m 15 o


Turn 298
================================================================
warning: entity 19 was directed to use 18 halite to move east, but only 13 halite was available
At command 14 of 15:
    12   m 17 e
    13   m 18 e
>>> 14   m 19 e
    15   m 20 o


Turn 300
================================================================
warning: entity 9 was directed to use 2 halite to move east, but only 0 halite was available
At command 5 of 15:
    3   m 5 s
    4   m 7 n
>>> 5   m 9 e
    6   m 11 w
    7   m 12 o


Turn 301
================================================================
warning: entity 13 was directed to use 8 halite to move north, but only 5 halite was available
At command 8 of 15:
    6   m 11 w
    7   m 12 w
>>> 8   m 13 n
    9   m 14 o
    10   m 15 o


Turn 302
================================================================
warning: entity 7 was directed to use 14 halite to move north, but only 6 halite was available
At command 3 of 14:
    1   m 3 s
    2   m 5 s
>>> 3   m 7 n
    4   m 9 e
    5   m 11 w

warning: entity 9 was directed to use 7 halite to move east, but only 5 halite was available
At command 4 of 14:
    2   m 5 s
    3   m 7 n
>>> 4   m 9 e
    5   m 11 w
    6   m 12 s


Turn 304
================================================================
warning: entity 11 was directed to use 1 halite to move west, but only 0 halite was available
At command 6 of 15:
    4   m 7 n
    5   m 9 e
>>> 6   m 11 w
    7   m 12 s
    8   m 13 n


Turn 305
================================================================
warning: entity 13 was directed to use 23 halite to move north, but only 4 halite was available
At command 8 of 15:
    6   m 11 w
    7   m 12 s
>>> 8   m 13 n
    9   m 14 w
    10   m 15 o


Turn 306
================================================================
warning: entity 1 was directed to use 2 halite to move east, but only 0 halite was available
At command 1 of 14:
>>> 1   m 1 e
    2   m 5 s
    3   m 7 o


Turn 307
================================================================
warning: entity 11 was directed to use 16 halite to move west, but only 1 halite was available
At command 6 of 15:
    4   m 7 o
    5   m 9 e
>>> 6   m 11 w
    7   m 12 e
    8   m 13 n


Turn 308
================================================================
warning: entity 1 was directed to use 5 halite to move east, but only 4 halite was available
At command 1 of 15:
>>> 1   m 1 e
    2   m 3 w
    3   m 5 n


Turn 309
================================================================
warning: entity 9 was directed to use 13 halite to move north, but only 1 halite was available
At command 4 of 14:
    2   m 3 w
    3   m 7 o
>>> 4   m 9 n
    5   m 11 w
    6   m 12 e


Turn 312
================================================================
warning: entity 3 was directed to use 2 halite to move west, but only 0 halite was available
At command 2 of 14:
    1   m 1 e
>>> 2   m 3 w
    3   m 5 e
    4   m 7 o

warning: entity 9 was directed to use 19 halite to move north, but only 18 halite was available
At command 5 of 14:
    3   m 5 e
    4   m 7 o
>>> 5   m 9 n
    6   m 11 n
    7   m 13 o


Turn 313
================================================================
warning: entity 5 was directed to use 1 halite to move north, but only 0 halite was available
At command 3 of 15:
    1   m 1 e
    2   m 3 w
>>> 3   m 5 n
    4   m 7 o
    5   m 9 n

warning: entity 11 was directed to use 13 halite to move north, but only 12 halite was available
At command 6 of 15:
    4   m 7 o
    5   m 9 n
>>> 6   m 11 n
    7   m 12 w
    8   m 13 o


Turn 314
================================================================
warning: entity 1 was directed to use 2 halite to move east, but only 0 halite was available
At command 1 of 15:
>>> 1   m 1 e
    2   m 3 w
    3   m 5 n

warning: entity 3 was directed to use 12 halite to move west, but only 5 halite was available
At command 2 of 15:
    1   m 1 e
>>> 2   m 3 w
    3   m 5 n
    4   m 7 o


Turn 315
================================================================
warning: entity 5 was directed to use 8 halite to move north, but only 3 halite was available
At command 3 of 15:
    1   m 1 e
    2   m 3 w
>>> 3   m 5 n
    4   m 7 e
    5   m 9 o


Turn 316
================================================================
warning: entity 1 was directed to use 9 halite to move east, but only 5 halite was available
At command 2 of 16:
    1   g
>>> 2   m 1 e
    3   m 3 w
    4   m 5 n


Turn 318
================================================================
warning: entity 12 was directed to use 1 halite to move west, but only 0 halite was available
At command 7 of 16:
    5   m 9 o
    6   m 11 o
>>> 7   m 12 w
    8   m 13 o
    9   m 14 e


Turn 320
================================================================
warning: entity 5 was directed to use 17 halite to move north, but only 3 halite was available
At command 4 of 17:
    2   m 1 e
    3   m 3 w
>>> 4   m 5 n
    5   m 7 o
    6   m 9 o

warning: entity 12 was directed to use 9 halite to move north, but only 3 halite was available
At command 8 of 17:
    6   m 9 o
    7   m 11 o
>>> 8   m 12 n
    9   m 13 s
    10   m 14 e

warning: entity 21 was directed to use 1 halite to move east, but only 0 halite was available
At command 17 of 17:
    15   m 19 o
    16   m 20 o
>>> 17   m 21 e


Turn 321
================================================================
warning: entity 3 was directed to use 13 halite to move west, but only 0 halite was available
At command 2 of 17:
    1   m 1 e
>>> 2   m 3 w
    3   m 5 n
    4   m 7 s


Turn 323
================================================================
warning: entity 21 was directed to use 9 halite to move east, but only 0 halite was available
At command 16 of 17:
    14   m 19 o
    15   m 20 o
>>> 16   m 21 e
    17   m 22 e


Turn 324
================================================================
warning: entity 3 was directed to use 12 halite to move west, but only 2 halite was available
At command 2 of 17:
    1   m 1 e
>>> 2   m 3 w
    3   m 5 n
    4   m 7 o

warning: entity 5 was directed to use 17 halite to move north, but only 1 halite was available
At command 3 of 17:
    1   m 1 e
    2   m 3 w
>>> 3   m 5 n
    4   m 7 o
    5   m 9 w

warning: entity 12 was directed to use 12 halite to move north, but only 5 halite was available
At command 7 of 17:
    5   m 9 w
    6   m 11 e
>>> 7   m 12 n
    8   m 13 w
    9   m 14 e


Turn 325
================================================================
warning: entity 1 was directed to use 2 halite to move east, but only 1 halite was available
At command 1 of 17:
>>> 1   m 1 e
    2   m 3 w
    3   m 5 n

warning: entity 22 was directed to use 3 halite to move east, but only 0 halite was available
At command 17 of 17:
    15   m 20 o
    16   m 21 e
>>> 17   m 22 e


Turn 328
================================================================
warning: entity 22 was directed to use 2 halite to move east, but only 1 halite was available
At command 17 of 17:
    15   m 20 o
    16   m 21 n
>>> 17   m 22 e


Turn 329
================================================================
warning: entity 1 was directed to use 16 halite to move east, but only 0 halite was available
At command 1 of 17:
>>> 1   m 1 e
    2   m 3 s
    3   m 5 o

warning: entity 21 was directed to use 11 halite to move north, but only 2 halite was available
At command 16 of 17:
    14   m 19 o
    15   m 20 o
>>> 16   m 21 n
    17   m 22 e


Turn 330
================================================================
warning: entity 12 was directed to use 20 halite to move north, but only 8 halite was available
At command 7 of 17:
    5   m 9 w
    6   m 11 e
>>> 7   m 12 n
    8   m 13 s
    9   m 14 e


Turn 331
================================================================
warning: entity 3 was directed to use 8 halite to move west, but only 0 halite was available
At command 2 of 16:
    1   m 1 e
>>> 2   m 3 w
    3   m 5 o
    4   m 7 o


Turn 332
================================================================
warning: entity 21 was directed to use 25 halite to move north, but only 4 halite was available
At command 16 of 17:
    14   m 19 o
    15   m 20 o
>>> 16   m 21 n
    17   m 22 n

warning: entity 22 was directed to use 9 halite to move north, but only 1 halite was available
At command 17 of 17:
    15   m 20 o
    16   m 21 n
>>> 17   m 22 n


Turn 335
================================================================
warning: entity 22 was directed to use 18 halite to move north, but only 11 halite was available
At command 16 of 16:
    14   m 20 o
    15   m 21 o
>>> 16   m 22 n


Turn 336
================================================================
warning: entity 13 was directed to use 2 halite to move east, but only 0 halite was available
At command 6 of 15:
    4   m 9 s
    5   m 12 o
>>> 6   m 13 e
    7   m 14 e
    8   m 15 o


Turn 338
================================================================
warning: entity 13 was directed to use 7 halite to move east, but only 6 halite was available
At command 7 of 16:
    5   m 11 e
    6   m 12 o
>>> 7   m 13 e
    8   m 14 e
    9   m 15 o


Turn 340
================================================================
warning: entity 11 was directed to use 7 halite to move north, but only 0 halite was available
At command 5 of 16:
    3   m 7 o
    4   m 9 e
>>> 5   m 11 n
    6   m 12 o
    7   m 13 n


Turn 343
================================================================
warning: entity 13 was directed to use 20 halite to move north, but only 4 halite was available
At command 8 of 17:
    6   m 11 n
    7   m 12 e
>>> 8   m 13 n
    9   m 14 w
    10   m 15 o


Turn 344
================================================================
warning: entity 9 was directed to use 2 halite to move east, but only 0 halite was available
At command 4 of 17:
    2   m 5 s
    3   m 7 o
>>> 4   m 9 e
    5   m 11 n
    6   m 12 e

warning: entity 11 was directed to use 6 halite to move north, but only 0 halite was available
At command 5 of 17:
    3   m 7 o
    4   m 9 e
>>> 5   m 11 n
    6   m 12 e
    7   m 13 n


Turn 347
================================================================
warning: entity 9 was directed to use 1 halite to move east, but only 0 halite was available
At command 4 of 17:
    2   m 5 s
    3   m 7 o
>>> 4   m 9 e
    5   m 11 n
    6   m 12 n

warning: entity 11 was directed to use 14 halite to move north, but only 10 halite was available
At command 5 of 17:
    3   m 7 o
    4   m 9 e
>>> 5   m 11 n
    6   m 12 n
    7   m 13 n


Turn 348
================================================================
warning: entity 13 was directed to use 17 halite to move north, but only 15 halite was available
At command 7 of 17:
    5   m 11 n
    6   m 12 n
>>> 7   m 13 n
    8   m 14 e
    9   m 15 o


Turn 349
================================================================
warning: entity 25 was directed to use 1 halite to move west, but only 0 halite was available
At command 16 of 16:
    14   m 21 w
    15   m 22 w
>>> 16   m 25 w


Turn 350
================================================================
warning: entity 9 was directed to use 2 halite to move east, but only 1 halite was available
At command 4 of 17:
    2   m 5 e
    3   m 7 o
>>> 4   m 9 e
    5   m 11 n
    6   m 12 n


Turn 351
================================================================
warning: entity 11 was directed to use 20 halite to move north, but only 18 halite was available
At command 5 of 17:
    3   m 7 o
    4   m 9 e
>>> 5   m 11 n
    6   m 12 e
    7   m 13 o

warning: entity 25 was directed to use 6 halite to move west, but only 3 halite was available
At command 17 of 17:
    15   m 21 s
    16   m 22 w
>>> 17   m 25 w


Turn 353
================================================================
warning: entity 9 was directed to use 7 halite to move east, but only 6 halite was available
At command 3 of 16:
    1   m 5 e
    2   m 7 o
>>> 3   m 9 e
    4   m 11 n
    5   m 12 w


Turn 354
================================================================
warning: entity 5 was directed to use 1 halite to move east, but only 0 halite was available
At command 1 of 16:
>>> 1   m 5 e
    2   m 7 o
    3   m 9 e

warning: entity 25 was directed to use 14 halite to move north, but only 6 halite was available
At command 16 of 16:
    14   m 21 s
    15   m 22 s
>>> 16   m 25 n


Turn 356
================================================================
warning: entity 5 was directed to use 5 halite to move east, but only 3 halite was available
At command 1 of 15:
>>> 1   m 5 e
    2   m 7 o
    3   m 9 e


Turn 358
================================================================
warning: entity 25 was directed to use 20 halite to move north, but only 4 halite was available
At command 16 of 16:
    14   m 21 e
    15   m 22 w
>>> 16   m 25 n


Turn 361
================================================================
warning: entity 21 was directed to use 1 halite to move east, but only 0 halite was available
At command 14 of 16:
    12   m 19 o
    13   m 20 o
>>> 14   m 21 e
    15   m 22 w
    16   m 25 n


Turn 362
================================================================
warning: entity 5 was directed to use 9 halite to move north, but only 6 halite was available
At command 1 of 16:
>>> 1   m 5 n
    2   m 7 o
    3   m 9 e

warning: entity 9 was directed to use 1 halite to move east, but only 0 halite was available
At command 3 of 16:
    1   m 5 n
    2   m 7 o
>>> 3   m 9 e
    4   m 11 o
    5   m 12 e


Turn 363
================================================================
warning: entity 21 was directed to use 4 halite to move east, but only 3 halite was available
At command 14 of 16:
    12   m 19 o
    13   m 20 o
>>> 14   m 21 e
    15   m 22 w
    16   m 25 o


Turn 365
================================================================
warning: entity 5 was directed to use 18 halite to move north, but only 13 halite was available
At command 1 of 17:
>>> 1   m 5 n
    2   m 7 o
    3   m 9 e


Turn 366
================================================================
warning: entity 9 was directed to use 12 halite to move east, but only 8 halite was available
At command 3 of 17:
    1   m 5 n
    2   m 7 o
>>> 3   m 9 e
    4   m 11 w
    5   m 12 e

warning: entity 22 was directed to use 3 halite to move south, but only 0 halite was available
At command 15 of 17:
    13   m 20 o
    14   m 21 e
>>> 15   m 22 s
    16   m 25 o
    17   m 28 w


Turn 369
================================================================
warning: entity 21 was directed to use 7 halite to move north, but only 3 halite was available
At command 14 of 17:
    12   m 19 o
    13   m 20 o
>>> 14   m 21 n
    15   m 22 s
    16   m 25 o

warning: entity 22 was directed to use 10 halite to move south, but only 4 halite was available
At command 15 of 17:
    13   m 20 o
    14   m 21 n
>>> 15   m 22 s
    16   m 25 o
    17   m 28 w


Turn 371
================================================================
warning: entity 28 was directed to use 5 halite to move north, but only 0 halite was available
At command 17 of 17:
    15   m 22 s
    16   m 25 e
>>> 17   m 28 n


Turn 372
================================================================
warning: entity 21 was directed to use 13 halite to move north, but only 6 halite was available
At command 14 of 17:
    12   m 19 o
    13   m 20 o
>>> 14   m 21 n
    15   m 22 s
    16   m 25 e


Turn 374
================================================================
warning: entity 28 was directed to use 6 halite to move north, but only 1 halite was available
At command 16 of 16:
    14   m 22 s
    15   m 25 e
>>> 16   m 28 n


Turn 377
================================================================
warning: entity 28 was directed to use 19 halite to move north, but only 7 halite was available
At command 17 of 17:
    15   m 22 o
    16   m 25 n
>>> 17   m 28 n


Turn 380
================================================================
warning: entity 13 was directed to use 3 halite to move east, but only 0 halite was available
At command 6 of 17:
    4   m 11 o
    5   m 12 o
>>> 6   m 13 e
    7   m 14 e
    8   m 15 o


Turn 382
================================================================
warning: entity 28 was directed to use 24 halite to move north, but only 9 halite was available
At command 17 of 17:
    15   m 22 o
    16   m 25 e
>>> 17   m 28 n


Turn 386
================================================================
warning: entity 13 was directed to use 5 halite to move north, but only 1 halite was available
At command 6 of 17:
    4   m 11 o
    5   m 12 o
>>> 6   m 13 n
    7   m 14 e
    8   m 15 o


Turn 389
================================================================
warning: entity 13 was directed to use 14 halite to move north, but only 4 halite was available
At command 6 of 17:
    4   m 11 o
    5   m 12 o
>>> 6   m 13 n
    7   m 14 w
    8   m 15 o


Turn 398
================================================================
warning: entity 5 was directed to use 3 halite to move west, but only 0 halite was available
At command 1 of 16:
>>> 1   m 5 w
    2   m 7 o
    3   m 11 o


Turn 400
================================================================
warning: entity 5 was directed to use 10 halite to move north, but only 8 halite was available
At command 1 of 16:
>>> 1   m 5 n
    2   m 7 o
    3   m 11 o

