
Turn 3
================================================================
warning: entity 1 was directed to use 46 halite to move north, but only 0 halite was available
At command 1 of 1:
>>> 1   m 1 n


Turn 22
================================================================
warning: entity 1 was directed to use 55 halite to move east, but only 0 halite was available
At command 1 of 1:
>>> 1   m 1 e


Turn 27
================================================================
warning: entity 1 was directed to use 46 halite to move north, but only 23 halite was available
At command 1 of 2:
>>> 1   m 1 n
    2   m 3 w

warning: entity 3 was directed to use 19 halite to move west, but only 0 halite was available
At command 2 of 2:
    1   m 1 n
>>> 2   m 3 w


Turn 30
================================================================
warning: entity 3 was directed to use 46 halite to move north, but only 26 halite was available
At command 3 of 3:
    1   g
    2   m 1 o
>>> 3   m 3 n


Turn 32
================================================================
warning: entity 4 was directed to use 14 halite to move north, but only 0 halite was available
At command 3 of 3:
    1   m 1 o
    2   m 3 o
>>> 3   m 4 n


Turn 49
================================================================
warning: entity 1 was directed to use 10 halite to move west, but only 0 halite was available
At command 1 of 3:
>>> 1   m 1 w
    2   m 3 s
    3   m 4 e


Turn 52
================================================================
warning: entity 3 was directed to use 53 halite to move south, but only 0 halite was available
At command 2 of 3:
    1   m 1 w
>>> 2   m 3 s
    3   m 4 s


Turn 54
================================================================
warning: entity 1 was directed to use 35 halite to move south, but only 4 halite was available
At command 1 of 3:
>>> 1   m 1 s
    2   m 3 s
    3   m 4 e


Turn 55
================================================================
warning: entity 4 was directed to use 41 halite to move east, but only 0 halite was available
At command 3 of 3:
    1   m 1 s
    2   m 3 s
>>> 3   m 4 e


Turn 59
================================================================
warning: entity 4 was directed to use 33 halite to move south, but only 18 halite was available
At command 3 of 4:
    1   m 1 o
    2   m 3 o
>>> 3   m 4 s
    4   m 7 w


Turn 60
================================================================
warning: entity 7 was directed to use 8 halite to move west, but only 0 halite was available
At command 4 of 4:
    2   m 3 o
    3   m 4 s
>>> 4   m 7 w


Turn 64
================================================================
warning: entity 7 was directed to use 11 halite to move south, but only 2 halite was available
At command 4 of 5:
    2   m 3 o
    3   m 4 o
>>> 4   m 7 s
    5   m 9 e


Turn 65
================================================================
warning: entity 9 was directed to use 31 halite to move south, but only 0 halite was available
At command 5 of 5:
    3   m 4 o
    4   m 7 s
>>> 5   m 9 s


Turn 66
================================================================
warning: entity 7 was directed to use 45 halite to move south, but only 23 halite was available
At command 4 of 5:
    2   m 3 o
    3   m 4 o
>>> 4   m 7 s
    5   m 9 s


Turn 70
================================================================
warning: entity 10 was directed to use 23 halite to move east, but only 0 halite was available
At command 6 of 6:
    4   m 7 o
    5   m 9 o
>>> 6   m 10 e


Turn 73
================================================================
warning: entity 10 was directed to use 28 halite to move south, but only 15 halite was available
At command 6 of 6:
    4   m 7 o
    5   m 9 o
>>> 6   m 10 s


Turn 74
================================================================
warning: entity 3 was directed to use 6 halite to move east, but only 0 halite was available
At command 2 of 6:
    1   m 1 e
>>> 2   m 3 e
    3   m 4 w
    4   m 7 o


Turn 78
================================================================
warning: entity 1 was directed to use 17 halite to move south, but only 0 halite was available
At command 1 of 6:
>>> 1   m 1 s
    2   m 3 o
    3   m 4 n


Turn 80
================================================================
warning: entity 1 was directed to use 36 halite to move south, but only 31 halite was available
At command 1 of 5:
>>> 1   m 1 s
    2   m 3 o
    3   m 7 e


Turn 82
================================================================
warning: entity 4 was directed to use 34 halite to move north, but only 0 halite was available
At command 3 of 6:
    1   m 1 s
    2   m 3 o
>>> 3   m 4 n
    4   m 7 n
    5   m 9 n


Turn 87
================================================================
warning: entity 4 was directed to use 35 halite to move north, but only 13 halite was available
At command 3 of 6:
    1   m 1 o
    2   m 3 e
>>> 3   m 4 n
    4   m 7 o
    5   m 9 o


Turn 122
================================================================
warning: entity 4 was directed to use 29 halite to move west, but only 5 halite was available
At command 3 of 6:
    1   m 1 o
    2   m 3 o
>>> 3   m 4 w
    4   m 7 o
    5   m 9 o


Turn 126
================================================================
warning: entity 4 was directed to use 26 halite to move east, but only 10 halite was available
At command 3 of 6:
    1   m 1 o
    2   m 3 o
>>> 3   m 4 e
    4   m 7 o
    5   m 9 o


Turn 127
================================================================
warning: entity 10 was directed to use 21 halite to move west, but only 1 halite was available
At command 6 of 6:
    4   m 7 o
    5   m 9 o
>>> 6   m 10 w


Turn 130
================================================================
warning: entity 4 was directed to use 21 halite to move west, but only 17 halite was available
At command 3 of 6:
    1   m 1 o
    2   m 3 o
>>> 3   m 4 w
    4   m 7 o
    5   m 9 o


Turn 132
================================================================
warning: entity 10 was directed to use 16 halite to move west, but only 6 halite was available
At command 6 of 6:
    4   m 7 o
    5   m 9 o
>>> 6   m 10 w


Turn 135
================================================================
warning: entity 4 was directed to use 16 halite to move west, but only 2 halite was available
At command 3 of 6:
    1   m 1 o
    2   m 3 o
>>> 3   m 4 w
    4   m 7 o
    5   m 9 o


Turn 137
================================================================
warning: entity 10 was directed to use 12 halite to move west, but only 5 halite was available
At command 6 of 6:
    4   m 7 o
    5   m 9 o
>>> 6   m 10 w


Turn 139
================================================================
warning: entity 4 was directed to use 19 halite to move east, but only 0 halite was available
At command 3 of 6:
    1   m 1 o
    2   m 3 o
>>> 3   m 4 e
    4   m 7 o
    5   m 9 o


Turn 142
================================================================
warning: entity 10 was directed to use 9 halite to move west, but only 0 halite was available
At command 6 of 6:
    4   m 7 o
    5   m 9 o
>>> 6   m 10 w


Turn 143
================================================================
warning: entity 4 was directed to use 12 halite to move west, but only 9 halite was available
At command 3 of 6:
    1   m 1 o
    2   m 3 o
>>> 3   m 4 w
    4   m 7 o
    5   m 9 o


Turn 146
================================================================
warning: entity 10 was directed to use 9 halite to move east, but only 2 halite was available
At command 6 of 6:
    4   m 7 o
    5   m 9 o
>>> 6   m 10 e


Turn 147
================================================================
warning: entity 4 was directed to use 14 halite to move east, but only 8 halite was available
At command 3 of 6:
    1   m 1 o
    2   m 3 o
>>> 3   m 4 e
    4   m 7 o
    5   m 9 o


Turn 151
================================================================
warning: entity 10 was directed to use 6 halite to move east, but only 1 halite was available
At command 6 of 6:
    4   m 7 o
    5   m 9 o
>>> 6   m 10 e


Turn 152
================================================================
warning: entity 4 was directed to use 10 halite to move east, but only 7 halite was available
At command 3 of 6:
    1   m 1 o
    2   m 3 o
>>> 3   m 4 e
    4   m 7 o
    5   m 9 o


Turn 155
================================================================
warning: entity 10 was directed to use 6 halite to move west, but only 3 halite was available
At command 6 of 6:
    4   m 7 o
    5   m 9 o
>>> 6   m 10 w


Turn 157
================================================================
warning: entity 4 was directed to use 8 halite to move east, but only 1 halite was available
At command 3 of 6:
    1   m 1 o
    2   m 3 o
>>> 3   m 4 e
    4   m 7 o
    5   m 9 o


Turn 160
================================================================
warning: entity 10 was directed to use 5 halite to move west, but only 1 halite was available
At command 6 of 6:
    4   m 7 o
    5   m 9 o
>>> 6   m 10 w


Turn 161
================================================================
warning: entity 4 was directed to use 9 halite to move west, but only 1 halite was available
At command 3 of 6:
    1   m 1 o
    2   m 3 o
>>> 3   m 4 w
    4   m 7 o
    5   m 9 o


Turn 164
================================================================
warning: entity 10 was directed to use 5 halite to move east, but only 3 halite was available
At command 6 of 6:
    4   m 7 o
    5   m 9 o
>>> 6   m 10 e


Turn 166
================================================================
warning: entity 4 was directed to use 6 halite to move west, but only 0 halite was available
At command 3 of 6:
    1   m 1 o
    2   m 3 o
>>> 3   m 4 w
    4   m 7 o
    5   m 9 o


Turn 170
================================================================
warning: entity 4 was directed to use 6 halite to move east, but only 1 halite was available
At command 3 of 6:
    1   m 1 o
    2   m 3 o
>>> 3   m 4 e
    4   m 7 o
    5   m 9 o

warning: entity 10 was directed to use 3 halite to move west, but only 1 halite was available
At command 6 of 6:
    4   m 7 o
    5   m 9 o
>>> 6   m 10 w


Turn 174
================================================================
warning: entity 4 was directed to use 5 halite to move west, but only 3 halite was available
At command 3 of 6:
    1   m 1 o
    2   m 3 o
>>> 3   m 4 w
    4   m 7 o
    5   m 9 o


Turn 175
================================================================
warning: entity 10 was directed to use 2 halite to move west, but only 1 halite was available
At command 6 of 6:
    4   m 7 o
    5   m 9 o
>>> 6   m 10 w


Turn 179
================================================================
warning: entity 4 was directed to use 3 halite to move west, but only 2 halite was available
At command 3 of 6:
    1   m 1 o
    2   m 3 o
>>> 3   m 4 w
    4   m 7 o
    5   m 9 o

warning: entity 10 was directed to use 3 halite to move east, but only 1 halite was available
At command 6 of 6:
    4   m 7 o
    5   m 9 o
>>> 6   m 10 e


Turn 184
================================================================
warning: entity 4 was directed to use 2 halite to move west, but only 0 halite was available
At command 3 of 6:
    1   m 1 o
    2   m 3 o
>>> 3   m 4 w
    4   m 7 o
    5   m 9 o


Turn 185
================================================================
warning: entity 10 was directed to use 2 halite to move west, but only 1 halite was available
At command 6 of 6:
    4   m 7 o
    5   m 9 o
>>> 6   m 10 w


Turn 187
================================================================
warning: entity 4 was directed to use 2 halite to move west, but only 1 halite was available
At command 3 of 6:
    1   m 1 o
    2   m 3 o
>>> 3   m 4 w
    4   m 7 o
    5   m 9 o


Turn 191
================================================================
warning: entity 4 was directed to use 4 halite to move east, but only 1 halite was available
At command 3 of 6:
    1   m 1 o
    2   m 3 o
>>> 3   m 4 e
    4   m 7 o
    5   m 9 o

warning: entity 10 was directed to use 2 halite to move east, but only 0 halite was available
At command 6 of 6:
    4   m 7 o
    5   m 9 o
>>> 6   m 10 e


Turn 196
================================================================
warning: entity 10 was directed to use 2 halite to move east, but only 1 halite was available
At command 6 of 6:
    4   m 7 o
    5   m 9 o
>>> 6   m 10 e


Turn 198
================================================================
warning: entity 4 was directed to use 3 halite to move east, but only 1 halite was available
At command 3 of 6:
    1   m 1 o
    2   m 3 o
>>> 3   m 4 e
    4   m 7 o
    5   m 9 o


Turn 204
================================================================
warning: entity 10 was directed to use 1 halite to move west, but only 0 halite was available
At command 6 of 6:
    4   m 7 o
    5   m 9 o
>>> 6   m 10 w


Turn 205
================================================================
warning: entity 4 was directed to use 2 halite to move east, but only 1 halite was available
At command 3 of 6:
    1   m 1 o
    2   m 3 o
>>> 3   m 4 e
    4   m 7 o
    5   m 9 o


Turn 209
================================================================
warning: entity 10 was directed to use 1 halite to move west, but only 0 halite was available
At command 6 of 6:
    4   m 7 o
    5   m 9 o
>>> 6   m 10 w


Turn 213
================================================================
warning: entity 4 was directed to use 1 halite to move west, but only 0 halite was available
At command 3 of 6:
    1   m 1 o
    2   m 3 o
>>> 3   m 4 w
    4   m 7 o
    5   m 9 o


Turn 217
================================================================
warning: entity 10 was directed to use 1 halite to move east, but only 0 halite was available
At command 6 of 6:
    4   m 7 o
    5   m 9 o
>>> 6   m 10 e


Turn 218
================================================================
warning: entity 4 was directed to use 1 halite to move west, but only 0 halite was available
At command 3 of 6:
    1   m 1 o
    2   m 3 o
>>> 3   m 4 w
    4   m 7 o
    5   m 9 o


Turn 226
================================================================
warning: entity 4 was directed to use 1 halite to move east, but only 0 halite was available
At command 3 of 6:
    1   m 1 o
    2   m 3 o
>>> 3   m 4 e
    4   m 7 o
    5   m 9 o

warning: entity 10 was directed to use 1 halite to move east, but only 0 halite was available
At command 6 of 6:
    4   m 7 o
    5   m 9 o
>>> 6   m 10 e


Turn 237
================================================================
warning: entity 4 was directed to use 1 halite to move east, but only 0 halite was available
At command 3 of 6:
    1   m 1 o
    2   m 3 o
>>> 3   m 4 e
    4   m 7 o
    5   m 9 o

