
Turn 3
================================================================
warning: entity 1 was directed to use 1 halite to move north, but only 0 halite was available
At command 1 of 2:
>>> 1   m 1 n
    2   g


Turn 6
================================================================
warning: entity 3 was directed to use 1 halite to move north, but only 0 halite was available
At command 2 of 3:
    1   m 1 n
>>> 2   m 3 n
    3   g


Turn 8
================================================================
warning: entity 1 was directed to use 3 halite to move west, but only 0 halite was available
At command 1 of 3:
>>> 1   m 1 w
    2   m 3 n
    3   m 5 n


Turn 10
================================================================
warning: entity 3 was directed to use 3 halite to move west, but only 0 halite was available
At command 2 of 3:
    1   m 1 o
>>> 2   m 3 w
    3   m 5 n

warning: entity 5 was directed to use 1 halite to move north, but only 0 halite was available
At command 3 of 3:
    1   m 1 o
    2   m 3 w
>>> 3   m 5 n


Turn 46
================================================================
warning: entity 3 was directed to use 2 halite to move north, but only 0 halite was available
At command 2 of 5:
    1   m 1 e
>>> 2   m 3 n
    3   m 5 o
    4   m 6 n


Turn 48
================================================================
warning: entity 7 was directed to use 3 halite to move south, but only 0 halite was available
At command 5 of 5:
    3   m 5 o
    4   m 6 n
>>> 5   m 7 s


Turn 50
================================================================
warning: entity 3 was directed to use 4 halite to move west, but only 1 halite was available
At command 2 of 5:
    1   m 1 o
>>> 2   m 3 w
    3   m 5 e
    4   m 6 n


Turn 53
================================================================
warning: entity 7 was directed to use 2 halite to move west, but only 1 halite was available
At command 4 of 4:
    2   m 3 o
    3   m 6 n
>>> 4   m 7 w


Turn 57
================================================================
warning: entity 5 was directed to use 1 halite to move north, but only 0 halite was available
At command 3 of 5:
    1   m 1 e
    2   m 3 o
>>> 3   m 5 n
    4   m 6 o
    5   m 7 w


Turn 61
================================================================
warning: entity 5 was directed to use 3 halite to move west, but only 0 halite was available
At command 3 of 5:
    1   m 1 o
    2   m 3 w
>>> 3   m 5 w
    4   m 6 o
    5   m 7 o


Turn 82
================================================================
warning: entity 1 was directed to use 1 halite to move west, but only 0 halite was available
At command 1 of 6:
>>> 1   m 1 w
    2   m 3 e
    3   m 5 s


Turn 83
================================================================
warning: entity 11 was directed to use 4 halite to move south, but only 0 halite was available
At command 6 of 6:
    4   m 6 s
    5   m 7 n
>>> 6   m 11 s


Turn 85
================================================================
warning: entity 1 was directed to use 4 halite to move west, but only 2 halite was available
At command 1 of 6:
>>> 1   m 1 w
    2   m 3 s
    3   m 5 s


Turn 86
================================================================
warning: entity 7 was directed to use 2 halite to move south, but only 0 halite was available
At command 5 of 6:
    3   m 5 s
    4   m 6 o
>>> 5   m 7 s
    6   m 11 o


Turn 90
================================================================
warning: entity 5 was directed to use 1 halite to move south, but only 0 halite was available
At command 3 of 6:
    1   m 1 o
    2   m 3 n
>>> 3   m 5 s
    4   m 6 s
    5   m 7 s


Turn 93
================================================================
warning: entity 6 was directed to use 1 halite to move south, but only 0 halite was available
At command 4 of 6:
    2   m 3 s
    3   m 5 o
>>> 4   m 6 s
    5   m 7 s
    6   m 11 w


Turn 96
================================================================
warning: entity 3 was directed to use 3 halite to move east, but only 0 halite was available
At command 2 of 7:
    1   m 1 o
>>> 2   m 3 e
    3   m 5 w
    4   m 6 s


Turn 97
================================================================
warning: entity 6 was directed to use 1 halite to move west, but only 0 halite was available
At command 4 of 7:
    2   m 3 e
    3   m 5 o
>>> 4   m 6 w
    5   m 7 o
    6   m 11 w


Turn 99
================================================================
warning: entity 3 was directed to use 4 halite to move east, but only 2 halite was available
At command 2 of 8:
    1   m 1 o
>>> 2   m 3 e
    3   m 5 o
    4   m 6 w


Turn 100
================================================================
warning: entity 13 was directed to use 3 halite to move west, but only 0 halite was available
At command 7 of 8:
    5   m 7 e
    6   m 11 o
>>> 7   m 13 w
    8   m 14 n


Turn 103
================================================================
warning: entity 6 was directed to use 5 halite to move west, but only 0 halite was available
At command 3 of 7:
    1   m 3 e
    2   m 5 o
>>> 3   m 6 w
    4   m 7 o
    5   m 11 o


Turn 104
================================================================
warning: entity 14 was directed to use 3 halite to move north, but only 0 halite was available
At command 8 of 8:
    6   m 11 o
    7   m 13 o
>>> 8   m 14 n


Turn 107
================================================================
warning: entity 14 was directed to use 4 halite to move north, but only 3 halite was available
At command 8 of 8:
    6   m 11 w
    7   m 13 o
>>> 8   m 14 n


Turn 116
================================================================
warning: entity 1 was directed to use 4 halite to move east, but only 0 halite was available
At command 1 of 8:
>>> 1   m 1 e
    2   m 3 o
    3   m 5 o


Turn 134
================================================================
warning: entity 14 was directed to use 2 halite to move east, but only 0 halite was available
At command 7 of 7:
    5   m 11 n
    6   m 13 o
>>> 7   m 14 e


Turn 138
================================================================
warning: entity 5 was directed to use 1 halite to move south, but only 0 halite was available
At command 2 of 7:
    1   m 1 o
>>> 2   m 5 s
    3   m 6 o
    4   m 7 o


Turn 142
================================================================
warning: entity 5 was directed to use 2 halite to move west, but only 0 halite was available
At command 3 of 8:
    1   m 1 o
    2   m 3 s
>>> 3   m 5 w
    4   m 6 o
    5   m 7 w


Turn 143
================================================================
warning: entity 3 was directed to use 3 halite to move west, but only 0 halite was available
At command 2 of 8:
    1   m 1 o
>>> 2   m 3 w
    3   m 5 w
    4   m 6 o


Turn 148
================================================================
warning: entity 3 was directed to use 4 halite to move west, but only 2 halite was available
At command 2 of 8:
    1   m 1 w
>>> 2   m 3 w
    3   m 5 w
    4   m 6 o

warning: entity 5 was directed to use 1 halite to move west, but only 0 halite was available
At command 3 of 8:
    1   m 1 w
    2   m 3 w
>>> 3   m 5 w
    4   m 6 o
    5   m 7 n


Turn 151
================================================================
warning: entity 5 was directed to use 1 halite to move west, but only 0 halite was available
At command 3 of 8:
    1   m 1 w
    2   m 3 o
>>> 3   m 5 w
    4   c 6
    5   m 7 n


Turn 154
================================================================
warning: entity 11 was directed to use 3 halite to move east, but only 0 halite was available
At command 5 of 7:
    3   m 5 o
    4   m 7 o
>>> 5   m 11 e
    6   m 13 s
    7   m 14 o


Turn 159
================================================================
warning: entity 13 was directed to use 2 halite to move west, but only 0 halite was available
At command 6 of 7:
    4   m 7 e
    5   m 11 e
>>> 6   m 13 w
    7   m 14 o


Turn 162
================================================================
warning: entity 13 was directed to use 4 halite to move west, but only 2 halite was available
At command 6 of 6:
    4   m 7 o
    5   m 11 o
>>> 6   m 13 w


Turn 176
================================================================
warning: entity 14 was directed to use 4 halite to move west, but only 0 halite was available
At command 7 of 7:
    5   m 11 o
    6   m 13 w
>>> 7   m 14 w


Turn 181
================================================================
warning: entity 14 was directed to use 4 halite to move west, but only 0 halite was available
At command 7 of 7:
    5   m 11 o
    6   m 13 o
>>> 7   m 14 w


Turn 191
================================================================
warning: entity 1 was directed to use 4 halite to move west, but only 0 halite was available
At command 1 of 6:
>>> 1   m 1 w
    2   m 3 n
    3   m 5 o


Turn 194
================================================================
warning: entity 1 was directed to use 3 halite to move west, but only 0 halite was available
At command 1 of 7:
>>> 1   m 1 w
    2   m 3 w
    3   m 5 n


Turn 205
================================================================
warning: entity 11 was directed to use 2 halite to move east, but only 0 halite was available
At command 5 of 7:
    3   m 5 n
    4   m 7 e
>>> 5   m 11 e
    6   m 13 o
    7   m 14 o


Turn 206
================================================================
warning: entity 5 was directed to use 3 halite to move north, but only 0 halite was available
At command 3 of 7:
    1   m 1 o
    2   m 3 w
>>> 3   m 5 n
    4   m 7 e
    5   m 11 e

warning: entity 7 was directed to use 4 halite to move east, but only 0 halite was available
At command 4 of 7:
    2   m 3 w
    3   m 5 n
>>> 4   m 7 e
    5   m 11 e
    6   m 13 o


Turn 208
================================================================
warning: entity 11 was directed to use 3 halite to move east, but only 1 halite was available
At command 4 of 6:
    2   m 5 o
    3   m 7 e
>>> 4   m 11 e
    5   m 13 o
    6   m 14 o


Turn 212
================================================================
warning: entity 7 was directed to use 4 halite to move east, but only 0 halite was available
At command 3 of 6:
    1   m 1 w
    2   m 5 o
>>> 3   m 7 e
    4   m 11 e
    5   m 13 s


Turn 213
================================================================
warning: entity 11 was directed to use 4 halite to move east, but only 1 halite was available
At command 4 of 6:
    2   m 5 o
    3   m 7 e
>>> 4   m 11 e
    5   m 13 o
    6   m 14 o


Turn 215
================================================================
warning: entity 1 was directed to use 2 halite to move south, but only 0 halite was available
At command 1 of 6:
>>> 1   m 1 s
    2   m 5 o
    3   m 7 e


Turn 216
================================================================
warning: entity 7 was directed to use 1 halite to move east, but only 0 halite was available
At command 3 of 6:
    1   m 1 e
    2   m 5 o
>>> 3   m 7 e
    4   m 11 e
    5   m 13 o


Turn 218
================================================================
warning: entity 1 was directed to use 2 halite to move south, but only 1 halite was available
At command 1 of 6:
>>> 1   m 1 s
    2   m 5 o
    3   m 7 o


Turn 222
================================================================
warning: entity 1 was directed to use 4 halite to move west, but only 0 halite was available
At command 1 of 6:
>>> 1   m 1 w
    2   m 5 w
    3   m 7 o


Turn 223
================================================================
warning: entity 14 was directed to use 4 halite to move west, but only 0 halite was available
At command 6 of 6:
    4   m 11 o
    5   m 13 o
>>> 6   m 14 w


Turn 226
================================================================
warning: entity 14 was directed to use 3 halite to move south, but only 0 halite was available
At command 5 of 6:
    3   m 11 o
    4   m 13 o
>>> 5   m 14 s
    6   g

warning: spawn on cell (12, 24) collided with owned entity 25 on that cell
At command 6 of 6:
    4   m 13 o
    5   m 14 s
>>> 6   g


Turn 249
================================================================
warning: entity 7 was directed to use 2 halite to move south, but only 0 halite was available
At command 2 of 5:
    1   m 5 w
>>> 2   m 7 s
    3   m 11 n
    4   m 13 s


Turn 252
================================================================
warning: entity 11 was directed to use 2 halite to move west, but only 0 halite was available
At command 3 of 5:
    1   m 5 w
    2   m 7 s
>>> 3   m 11 w
    4   m 13 o
    5   m 14 s


Turn 253
================================================================
warning: entity 7 was directed to use 4 halite to move west, but only 1 halite was available
At command 2 of 5:
    1   m 5 o
>>> 2   m 7 w
    3   m 11 w
    4   m 13 e


Turn 255
================================================================
warning: entity 11 was directed to use 4 halite to move west, but only 2 halite was available
At command 3 of 4:
    1   m 5 o
    2   m 7 w
>>> 3   m 11 w
    4   m 14 o


Turn 259
================================================================
warning: entity 11 was directed to use 4 halite to move west, but only 3 halite was available
At command 3 of 5:
    1   m 5 o
    2   m 7 o
>>> 3   m 11 w
    4   m 13 o
    5   m 14 o


Turn 272
================================================================
warning: entity 13 was directed to use 2 halite to move south, but only 0 halite was available
At command 4 of 5:
    2   m 7 o
    3   m 11 o
>>> 4   m 13 s
    5   m 14 w


Turn 288
================================================================
warning: entity 5 was directed to use 1 halite to move south, but only 0 halite was available
At command 1 of 5:
>>> 1   m 5 s
    2   m 7 o
    3   m 11 o


Turn 292
================================================================
warning: entity 5 was directed to use 1 halite to move west, but only 0 halite was available
At command 1 of 5:
>>> 1   m 5 w
    2   m 7 o
    3   m 11 n


Turn 311
================================================================
warning: entity 7 was directed to use 1 halite to move east, but only 0 halite was available
At command 2 of 5:
    1   m 5 s
>>> 2   m 7 e
    3   m 11 s
    4   m 13 n


Turn 314
================================================================
warning: entity 5 was directed to use 1 halite to move south, but only 0 halite was available
At command 1 of 5:
>>> 1   m 5 s
    2   m 7 n
    3   m 11 n


Turn 321
================================================================
warning: entity 5 was directed to use 3 halite to move south, but only 0 halite was available
At command 1 of 5:
>>> 1   m 5 s
    2   m 7 e
    3   m 11 o


Turn 324
================================================================
warning: entity 7 was directed to use 4 halite to move east, but only 0 halite was available
At command 2 of 5:
    1   m 5 e
>>> 2   m 7 e
    3   m 11 o
    4   m 13 n


Turn 336
================================================================
warning: entity 11 was directed to use 3 halite to move south, but only 0 halite was available
At command 3 of 4:
    1   m 5 o
    2   m 7 o
>>> 3   m 11 s
    4   m 14 o


Turn 339
================================================================
warning: entity 11 was directed to use 4 halite to move south, but only 2 halite was available
At command 3 of 4:
    1   m 5 o
    2   m 7 n
>>> 3   m 11 s
    4   m 14 s


Turn 358
================================================================
warning: entity 5 was directed to use 4 halite to move south, but only 1 halite was available
At command 1 of 4:
>>> 1   m 5 s
    2   m 7 w
    3   m 11 o


Turn 363
================================================================
warning: entity 5 was directed to use 3 halite to move south, but only 0 halite was available
At command 1 of 4:
>>> 1   m 5 s
    2   m 7 s
    3   m 11 o


Turn 369
================================================================
warning: entity 14 was directed to use 3 halite to move east, but only 0 halite was available
At command 4 of 4:
    2   m 7 o
    3   m 11 n
>>> 4   m 14 e


Turn 379
================================================================
warning: entity 7 was directed to use 2 halite to move south, but only 0 halite was available
At command 2 of 3:
    1   m 5 o
>>> 2   m 7 s
    3   m 14 n


Turn 382
================================================================
warning: entity 7 was directed to use 3 halite to move south, but only 2 halite was available
At command 2 of 3:
    1   m 5 o
>>> 2   m 7 s
    3   m 14 n


Turn 387
================================================================
warning: entity 7 was directed to use 4 halite to move east, but only 0 halite was available
At command 2 of 3:
    1   m 5 o
>>> 2   m 7 e
    3   m 14 o


Turn 405
================================================================
warning: entity 5 was directed to use 1 halite to move south, but only 0 halite was available
At command 1 of 3:
>>> 1   m 5 s
    2   m 7 n
    3   m 14 s


Turn 408
================================================================
warning: entity 5 was directed to use 2 halite to move south, but only 1 halite was available
At command 1 of 3:
>>> 1   m 5 s
    2   m 7 o
    3   m 14 s


Turn 412
================================================================
warning: entity 5 was directed to use 2 halite to move east, but only 0 halite was available
At command 1 of 3:
>>> 1   m 5 e
    2   m 7 o
    3   m 14 s

warning: entity 14 was directed to use 1 halite to move south, but only 0 halite was available
At command 3 of 3:
    1   m 5 e
    2   m 7 o
>>> 3   m 14 s


Turn 416
================================================================
warning: entity 14 was directed to use 3 halite to move north, but only 0 halite was available
At command 3 of 3:
    1   m 5 e
    2   m 7 n
>>> 3   m 14 n


Turn 419
================================================================
warning: entity 14 was directed to use 3 halite to move west, but only 2 halite was available
At command 3 of 3:
    1   m 5 o
    2   m 7 n
>>> 3   m 14 w


Turn 426
================================================================
warning: entity 7 was directed to use 2 halite to move south, but only 0 halite was available
At command 2 of 3:
    1   m 5 o
>>> 2   m 7 s
    3   m 14 w


Turn 427
================================================================
warning: entity 14 was directed to use 5 halite to move west, but only 1 halite was available
At command 3 of 3:
    1   m 5 o
    2   m 7 s
>>> 3   m 14 w


Turn 434
================================================================
warning: entity 7 was directed to use 2 halite to move west, but only 0 halite was available
At command 2 of 3:
    1   m 5 n
>>> 2   m 7 w
    3   m 14 w


Turn 437
================================================================
warning: entity 14 was directed to use 2 halite to move west, but only 0 halite was available
At command 3 of 3:
    1   m 5 n
    2   m 7 n
>>> 3   m 14 w


Turn 439
================================================================
warning: owned entities 5, 7 collided on cell (0, 24) as the result of moves on this turn
At command 1 of 2:
>>> 1   m 5 n
    2   m 14 w


Turn 440
================================================================
warning: entity 14 was directed to use 19 halite to move west, but only 9 halite was available
At command 1 of 1:
>>> 1   m 14 w

