
Turn 3
================================================================
warning: entity 0 was directed to use 30 halite to move north, but only 0 halite was available
At command 1 of 1:
>>> 1   m 0 n


Turn 6
================================================================
warning: entity 0 was directed to use 69 halite to move north, but only 31 halite was available
At command 2 of 2:
    1   g
>>> 2   m 0 n


Turn 8
================================================================
warning: entity 2 was directed to use 22 halite to move west, but only 0 halite was available
At command 2 of 2:
    1   m 0 o
>>> 2   m 2 w


Turn 11
================================================================
warning: entity 2 was directed to use 23 halite to move north, but only 17 halite was available
At command 3 of 3:
    1   g
    2   m 0 o
>>> 3   m 2 n


Turn 13
================================================================
warning: entity 4 was directed to use 17 halite to move north, but only 0 halite was available
At command 3 of 3:
    1   m 0 o
    2   m 2 n
>>> 3   m 4 n


Turn 16
================================================================
warning: entity 4 was directed to use 38 halite to move north, but only 8 halite was available
At command 4 of 4:
    2   m 0 s
    3   m 2 o
>>> 4   m 4 n


Turn 18
================================================================
warning: entity 6 was directed to use 31 halite to move north, but only 0 halite was available
At command 4 of 4:
    2   m 2 o
    3   m 4 w
>>> 4   m 6 n


Turn 21
================================================================
warning: entity 6 was directed to use 28 halite to move north, but only 26 halite was available
At command 4 of 4:
    2   m 2 o
    3   m 4 o
>>> 4   m 6 n


Turn 47
================================================================
warning: entity 0 was directed to use 1 halite to move south, but only 0 halite was available
At command 1 of 4:
>>> 1   m 0 s
    2   m 2 e
    3   m 4 o


Turn 52
================================================================
warning: entity 2 was directed to use 5 halite to move north, but only 0 halite was available
At command 2 of 3:
    1   m 0 o
>>> 2   m 2 n
    3   m 4 o


Turn 54
================================================================
warning: entity 2 was directed to use 17 halite to move north, but only 10 halite was available
At command 2 of 3:
    1   m 0 o
>>> 2   m 2 n
    3   m 6 n


Turn 62
================================================================
warning: entity 0 was directed to use 1 halite to move north, but only 0 halite was available
At command 1 of 4:
>>> 1   m 0 n
    2   m 2 o
    3   m 4 o


Turn 91
================================================================
warning: entity 0 was directed to use 1 halite to move south, but only 0 halite was available
At command 1 of 4:
>>> 1   m 0 s
    2   m 2 o
    3   m 4 n


Turn 96
================================================================
warning: entity 9 was directed to use 1 halite to move west, but only 0 halite was available
At command 5 of 5:
    3   m 4 o
    4   m 6 w
>>> 5   m 9 w


Turn 98
================================================================
warning: entity 9 was directed to use 4 halite to move west, but only 3 halite was available
At command 5 of 5:
    3   m 4 s
    4   m 6 n
>>> 5   m 9 w


Turn 99
================================================================
warning: entity 2 was directed to use 1 halite to move south, but only 0 halite was available
At command 2 of 4:
    1   m 0 o
>>> 2   m 2 s
    3   m 4 s
    4   m 9 n


Turn 101
================================================================
warning: entity 9 was directed to use 13 halite to move west, but only 9 halite was available
At command 5 of 5:
    3   m 4 s
    4   m 6 n
>>> 5   m 9 w


Turn 102
================================================================
warning: entity 6 was directed to use 3 halite to move north, but only 0 halite was available
At command 4 of 5:
    2   m 2 o
    3   m 4 w
>>> 4   m 6 n
    5   m 9 w


Turn 103
================================================================
warning: entity 9 was directed to use 37 halite to move west, but only 34 halite was available
At command 3 of 3:
    1   m 2 o
    2   m 6 n
>>> 3   m 9 w


Turn 106
================================================================
warning: entity 4 was directed to use 1 halite to move north, but only 0 halite was available
At command 3 of 5:
    1   m 0 e
    2   m 2 o
>>> 3   m 4 n
    4   m 6 o
    5   m 9 o


Turn 109
================================================================
warning: entity 4 was directed to use 23 halite to move north, but only 2 halite was available
At command 2 of 4:
    1   m 0 e
>>> 2   m 4 n
    3   m 6 o
    4   m 9 o


Turn 114
================================================================
warning: entity 12 was directed to use 1 halite to move south, but only 0 halite was available
At command 7 of 7:
    5   m 6 o
    6   m 9 o
>>> 7   m 12 s


Turn 116
================================================================
warning: entity 12 was directed to use 35 halite to move south, but only 3 halite was available
At command 4 of 5:
    2   m 2 o
    3   m 4 o
>>> 4   m 12 s
    5   m 14 n


Turn 117
================================================================
warning: entity 14 was directed to use 1 halite to move north, but only 0 halite was available
At command 7 of 7:
    5   m 9 e
    6   m 12 s
>>> 7   m 14 n


Turn 119
================================================================
warning: entity 14 was directed to use 4 halite to move north, but only 3 halite was available
At command 7 of 7:
    5   m 9 o
    6   m 12 o
>>> 7   m 14 n


Turn 121
================================================================
warning: entity 14 was directed to use 30 halite to move north, but only 13 halite was available
At command 7 of 7:
    5   m 9 o
    6   m 12 o
>>> 7   m 14 n


Turn 127
================================================================
warning: entity 6 was directed to use 1 halite to move east, but only 0 halite was available
At command 4 of 6:
    2   m 2 n
    3   m 4 n
>>> 4   m 6 e
    5   m 12 o
    6   m 14 o


Turn 132
================================================================
warning: entity 17 was directed to use 1 halite to move north, but only 0 halite was available
At command 8 of 8:
    6   m 12 w
    7   m 14 o
>>> 8   m 17 n


Turn 135
================================================================
warning: entity 17 was directed to use 12 halite to move north, but only 2 halite was available
At command 8 of 8:
    6   m 12 o
    7   m 14 s
>>> 8   m 17 n


Turn 138
================================================================
warning: entity 18 was directed to use 2 halite to move west, but only 0 halite was available
At command 9 of 9:
    7   m 14 s
    8   m 17 o
>>> 9   m 18 w


Turn 142
================================================================
warning: entity 18 was directed to use 24 halite to move north, but only 3 halite was available
At command 8 of 8:
    6   m 14 o
    7   m 17 o
>>> 8   m 18 n


Turn 143
================================================================
warning: entity 0 was directed to use 1 halite to move north, but only 0 halite was available
At command 2 of 10:
    1   g
>>> 2   m 0 n
    3   m 2 o
    4   m 4 o


Turn 148
================================================================
warning: entity 19 was directed to use 12 halite to move north, but only 0 halite was available
At command 9 of 9:
    7   m 17 w
    8   m 18 o
>>> 9   m 19 n


Turn 151
================================================================
warning: entity 19 was directed to use 15 halite to move north, but only 7 halite was available
At command 9 of 9:
    7   m 17 w
    8   m 18 o
>>> 9   m 19 n


Turn 155
================================================================
warning: entity 2 was directed to use 1 halite to move west, but only 0 halite was available
At command 2 of 10:
    1   m 0 w
>>> 2   m 2 w
    3   m 4 e
    4   m 6 w


Turn 156
================================================================
warning: entity 4 was directed to use 1 halite to move north, but only 0 halite was available
At command 3 of 10:
    1   m 0 w
    2   m 2 w
>>> 3   m 4 n
    4   m 6 w
    5   m 9 o


Turn 180
================================================================
warning: entity 9 was directed to use 1 halite to move south, but only 0 halite was available
At command 4 of 9:
    2   m 2 o
    3   m 6 e
>>> 4   m 9 s
    5   m 12 n
    6   m 14 o


Turn 185
================================================================
warning: entity 9 was directed to use 7 halite to move south, but only 1 halite was available
At command 4 of 9:
    2   m 4 w
    3   m 6 o
>>> 4   m 9 s
    5   m 12 o
    6   m 14 o


Turn 190
================================================================
warning: entity 9 was directed to use 16 halite to move south, but only 3 halite was available
At command 5 of 8:
    3   m 4 w
    4   m 6 w
>>> 5   m 9 s
    6   m 14 e
    7   m 17 w


Turn 194
================================================================
warning: entity 9 was directed to use 19 halite to move south, but only 8 halite was available
At command 5 of 10:
    3   m 4 o
    4   m 6 w
>>> 5   m 9 s
    6   m 12 s
    7   m 14 n


Turn 195
================================================================
warning: entity 2 was directed to use 4 halite to move south, but only 0 halite was available
At command 2 of 10:
    1   m 0 o
>>> 2   m 2 s
    3   m 4 o
    4   m 6 s


Turn 197
================================================================
warning: entity 14 was directed to use 1 halite to move north, but only 0 halite was available
At command 7 of 10:
    5   m 9 o
    6   m 12 e
>>> 7   m 14 n
    8   m 17 w
    9   m 18 n


Turn 198
================================================================
warning: entity 2 was directed to use 17 halite to move south, but only 6 halite was available
At command 2 of 10:
    1   m 0 o
>>> 2   m 2 s
    3   m 4 e
    4   m 6 o


Turn 199
================================================================
warning: entity 14 was directed to use 9 halite to move north, but only 3 halite was available
At command 7 of 9:
    5   m 9 o
    6   m 12 e
>>> 7   m 14 n
    8   m 17 s
    9   m 18 o


Turn 218
================================================================
warning: entity 12 was directed to use 6 halite to move north, but only 0 halite was available
At command 6 of 9:
    4   m 6 o
    5   m 9 n
>>> 6   m 12 n
    7   m 14 s
    8   m 18 o


Turn 221
================================================================
warning: entity 19 was directed to use 1 halite to move south, but only 0 halite was available
At command 10 of 10:
    8   m 17 e
    9   m 18 w
>>> 10   m 19 s


Turn 222
================================================================
warning: entity 12 was directed to use 21 halite to move north, but only 11 halite was available
At command 6 of 10:
    4   m 6 o
    5   m 9 n
>>> 6   m 12 n
    7   m 14 w
    8   m 17 e


Turn 226
================================================================
warning: entity 12 was directed to use 10 halite to move north, but only 5 halite was available
At command 6 of 9:
    4   m 6 s
    5   m 9 n
>>> 6   m 12 n
    7   m 14 o
    8   m 18 w

warning: entity 19 was directed to use 15 halite to move south, but only 1 halite was available
At command 9 of 9:
    7   m 14 o
    8   m 18 w
>>> 9   m 19 s


Turn 229
================================================================
warning: entity 12 was directed to use 18 halite to move north, but only 13 halite was available
At command 6 of 10:
    4   m 6 w
    5   m 9 n
>>> 6   m 12 n
    7   m 14 o
    8   m 17 w


Turn 230
================================================================
warning: entity 17 was directed to use 1 halite to move west, but only 0 halite was available
At command 8 of 10:
    6   m 12 n
    7   m 14 o
>>> 8   m 17 w
    9   m 18 w
    10   m 19 s

warning: entity 19 was directed to use 15 halite to move south, but only 4 halite was available
At command 10 of 10:
    8   m 17 w
    9   m 18 w
>>> 10   m 19 s


Turn 232
================================================================
warning: entity 12 was directed to use 33 halite to move north, but only 23 halite was available
At command 6 of 10:
    4   m 6 w
    5   m 9 o
>>> 6   m 12 n
    7   m 14 e
    8   m 17 n


Turn 235
================================================================
warning: entity 17 was directed to use 24 halite to move north, but only 0 halite was available
At command 8 of 10:
    6   m 12 o
    7   m 14 e
>>> 8   m 17 n
    9   m 18 o
    10   m 19 s

warning: entity 19 was directed to use 37 halite to move south, but only 4 halite was available
At command 10 of 10:
    8   m 17 n
    9   m 18 o
>>> 10   m 19 s


Turn 238
================================================================
warning: entity 17 was directed to use 20 halite to move north, but only 16 halite was available
At command 8 of 10:
    6   m 12 o
    7   m 14 n
>>> 8   m 17 n
    9   m 18 o
    10   m 19 s


Turn 242
================================================================
warning: entity 17 was directed to use 18 halite to move north, but only 16 halite was available
At command 8 of 10:
    6   m 12 o
    7   m 14 o
>>> 8   m 17 n
    9   m 18 n
    10   m 19 o


Turn 246
================================================================
warning: entity 17 was directed to use 39 halite to move north, but only 9 halite was available
At command 8 of 10:
    6   m 12 o
    7   m 14 o
>>> 8   m 17 n
    9   m 18 n
    10   m 19 o


Turn 250
================================================================
warning: entity 0 was directed to use 5 halite to move north, but only 0 halite was available
At command 1 of 10:
>>> 1   m 0 n
    2   m 2 o
    3   m 4 e


Turn 254
================================================================
warning: entity 0 was directed to use 15 halite to move north, but only 8 halite was available
At command 1 of 9:
>>> 1   m 0 n
    2   m 4 e
    3   m 6 e


Turn 257
================================================================
warning: entity 0 was directed to use 12 halite to move west, but only 9 halite was available
At command 1 of 10:
>>> 1   m 0 w
    2   m 2 e
    3   m 4 s


Turn 258
================================================================
warning: entity 18 was directed to use 1 halite to move west, but only 0 halite was available
At command 9 of 10:
    7   m 14 s
    8   m 17 o
>>> 9   m 18 w
    10   m 19 n


Turn 260
================================================================
warning: entity 0 was directed to use 17 halite to move north, but only 12 halite was available
At command 1 of 9:
>>> 1   m 0 n
    2   m 2 e
    3   m 4 w


Turn 263
================================================================
warning: entity 18 was directed to use 1 halite to move north, but only 0 halite was available
At command 8 of 9:
    6   m 14 o
    7   m 17 s
>>> 8   m 18 n
    9   m 19 n


Turn 265
================================================================
warning: entity 0 was directed to use 24 halite to move north, but only 1 halite was available
At command 1 of 10:
>>> 1   m 0 n
    2   m 2 o
    3   m 4 s


Turn 266
================================================================
warning: entity 18 was directed to use 10 halite to move north, but only 2 halite was available
At command 7 of 8:
    5   m 12 o
    6   m 17 e
>>> 7   m 18 n
    8   m 19 n


Turn 270
================================================================
warning: entity 18 was directed to use 14 halite to move west, but only 0 halite was available
At command 9 of 10:
    7   m 14 n
    8   m 17 s
>>> 9   m 18 w
    10   m 19 n


Turn 274
================================================================
warning: entity 18 was directed to use 12 halite to move north, but only 5 halite was available
At command 9 of 10:
    7   m 14 n
    8   m 17 s
>>> 9   m 18 n
    10   m 19 n


Turn 275
================================================================
warning: entity 6 was directed to use 1 halite to move north, but only 0 halite was available
At command 4 of 10:
    2   m 2 n
    3   m 4 n
>>> 4   m 6 n
    5   m 9 o
    6   m 12 s


Turn 277
================================================================
warning: entity 18 was directed to use 14 halite to move north, but only 7 halite was available
At command 9 of 10:
    7   m 14 n
    8   m 17 s
>>> 9   m 18 n
    10   m 19 n


Turn 282
================================================================
warning: entity 6 was directed to use 1 halite to move south, but only 0 halite was available
At command 4 of 10:
    2   m 2 o
    3   m 4 e
>>> 4   m 6 s
    5   m 9 e
    6   m 12 o


Turn 284
================================================================
warning: entity 18 was directed to use 7 halite to move north, but only 0 halite was available
At command 8 of 9:
    6   m 14 o
    7   m 17 s
>>> 8   m 18 n
    9   m 19 o


Turn 285
================================================================
warning: entity 6 was directed to use 8 halite to move south, but only 3 halite was available
At command 4 of 10:
    2   m 2 w
    3   m 4 n
>>> 4   m 6 s
    5   m 9 s
    6   m 12 o


Turn 287
================================================================
warning: entity 18 was directed to use 11 halite to move west, but only 7 halite was available
At command 8 of 9:
    6   m 12 o
    7   m 17 o
>>> 8   m 18 w
    9   m 19 o


Turn 288
================================================================
warning: entity 6 was directed to use 14 halite to move south, but only 6 halite was available
At command 4 of 8:
    2   m 2 s
    3   m 4 o
>>> 4   m 6 s
    5   m 9 n
    6   m 14 w


Turn 290
================================================================
warning: entity 18 was directed to use 16 halite to move north, but only 9 halite was available
At command 9 of 10:
    7   m 14 w
    8   m 17 o
>>> 9   m 18 n
    10   m 19 w


Turn 293
================================================================
warning: entity 18 was directed to use 39 halite to move west, but only 21 halite was available
At command 9 of 10:
    7   m 14 w
    8   m 17 w
>>> 9   m 18 w
    10   m 19 s


Turn 301
================================================================
warning: entity 18 was directed to use 15 halite to move south, but only 5 halite was available
At command 9 of 10:
    7   m 14 o
    8   m 17 o
>>> 9   m 18 s
    10   m 19 o


Turn 306
================================================================
warning: entity 18 was directed to use 3 halite to move south, but only 0 halite was available
At command 9 of 10:
    7   m 14 o
    8   m 17 o
>>> 9   m 18 s
    10   m 19 s


Turn 310
================================================================
warning: entity 18 was directed to use 5 halite to move east, but only 0 halite was available
At command 9 of 10:
    7   m 14 n
    8   m 17 e
>>> 9   m 18 e
    10   m 19 s


Turn 314
================================================================
warning: entity 18 was directed to use 10 halite to move east, but only 4 halite was available
At command 9 of 10:
    7   m 14 e
    8   m 17 n
>>> 9   m 18 e
    10   m 19 s


Turn 317
================================================================
warning: entity 18 was directed to use 9 halite to move south, but only 3 halite was available
At command 9 of 10:
    7   m 14 n
    8   m 17 e
>>> 9   m 18 s
    10   m 19 s


Turn 320
================================================================
warning: entity 18 was directed to use 14 halite to move south, but only 13 halite was available
At command 9 of 10:
    7   m 14 o
    8   m 17 n
>>> 9   m 18 s
    10   m 19 o


Turn 321
================================================================
warning: entity 4 was directed to use 1 halite to move west, but only 0 halite was available
At command 3 of 10:
    1   m 0 o
    2   m 2 o
>>> 3   m 4 w
    4   m 6 n
    5   m 9 o


Turn 327
================================================================
warning: entity 4 was directed to use 1 halite to move north, but only 0 halite was available
At command 3 of 10:
    1   m 0 n
    2   m 2 n
>>> 3   m 4 n
    4   m 6 n
    5   m 9 s


Turn 330
================================================================
warning: entity 4 was directed to use 9 halite to move west, but only 3 halite was available
At command 3 of 9:
    1   m 0 n
    2   m 2 e
>>> 3   m 4 w
    4   m 6 n
    5   m 9 e


Turn 334
================================================================
warning: entity 4 was directed to use 5 halite to move north, but only 0 halite was available
At command 3 of 9:
    1   m 0 n
    2   m 2 n
>>> 3   m 4 n
    4   m 6 o
    5   m 9 e


Turn 335
================================================================
warning: entity 0 was directed to use 1 halite to move north, but only 0 halite was available
At command 1 of 10:
>>> 1   m 0 n
    2   m 2 n
    3   m 4 w


Turn 336
================================================================
warning: entity 4 was directed to use 14 halite to move west, but only 10 halite was available
At command 3 of 10:
    1   m 0 n
    2   m 2 n
>>> 3   m 4 w
    4   m 6 o
    5   m 9 o


Turn 341
================================================================
warning: entity 0 was directed to use 1 halite to move north, but only 0 halite was available
At command 1 of 9:
>>> 1   m 0 n
    2   m 2 n
    3   m 4 w


Turn 342
================================================================
warning: entity 14 was directed to use 1 halite to move north, but only 0 halite was available
At command 6 of 9:
    4   m 9 o
    5   m 12 s
>>> 6   m 14 n
    7   m 17 n
    8   m 18 e


Turn 344
================================================================
warning: entity 4 was directed to use 14 halite to move north, but only 2 halite was available
At command 3 of 10:
    1   m 0 o
    2   m 2 o
>>> 3   m 4 n
    4   m 6 e
    5   m 9 e


Turn 345
================================================================
warning: entity 12 was directed to use 3 halite to move west, but only 0 halite was available
At command 6 of 10:
    4   m 6 e
    5   m 9 s
>>> 6   m 12 w
    7   m 14 n
    8   m 17 w


Turn 346
================================================================
warning: entity 14 was directed to use 5 halite to move north, but only 1 halite was available
At command 7 of 10:
    5   m 9 s
    6   m 12 s
>>> 7   m 14 n
    8   m 17 s
    9   m 18 n


Turn 349
================================================================
warning: entity 4 was directed to use 17 halite to move north, but only 2 halite was available
At command 3 of 10:
    1   m 0 o
    2   m 2 s
>>> 3   m 4 n
    4   m 6 e
    5   m 9 e

warning: entity 14 was directed to use 15 halite to move north, but only 11 halite was available
At command 7 of 10:
    5   m 9 e
    6   m 12 w
>>> 7   m 14 n
    8   m 17 s
    9   m 18 e


Turn 352
================================================================
warning: entity 12 was directed to use 16 halite to move south, but only 1 halite was available
At command 5 of 8:
    3   m 4 n
    4   m 6 e
>>> 5   m 12 s
    6   m 14 n
    7   m 17 s


Turn 353
================================================================
warning: entity 4 was directed to use 18 halite to move north, but only 7 halite was available
At command 3 of 10:
    1   m 0 e
    2   m 2 w
>>> 3   m 4 n
    4   m 6 e
    5   m 9 w

warning: entity 14 was directed to use 14 halite to move north, but only 2 halite was available
At command 7 of 10:
    5   m 9 w
    6   m 12 w
>>> 7   m 14 n
    8   m 17 o
    9   m 18 e


Turn 356
================================================================
warning: entity 12 was directed to use 31 halite to move south, but only 14 halite was available
At command 5 of 9:
    3   m 6 s
    4   m 9 w
>>> 5   m 12 s
    6   m 14 n
    7   m 17 o

warning: entity 14 was directed to use 24 halite to move north, but only 11 halite was available
At command 6 of 9:
    4   m 9 w
    5   m 12 s
>>> 6   m 14 n
    7   m 17 o
    8   m 18 o


Turn 359
================================================================
warning: entity 4 was directed to use 24 halite to move north, but only 17 halite was available
At command 3 of 9:
    1   m 0 s
    2   m 2 s
>>> 3   m 4 n
    4   m 6 o
    5   m 9 w


Turn 361
================================================================
warning: entity 2 was directed to use 1 halite to move south, but only 0 halite was available
At command 2 of 9:
    1   m 0 e
>>> 2   m 2 s
    3   m 4 n
    4   m 6 o


Turn 364
================================================================
warning: entity 2 was directed to use 7 halite to move south, but only 2 halite was available
At command 2 of 10:
    1   m 0 o
>>> 2   m 2 s
    3   m 4 s
    4   m 6 w


Turn 365
================================================================
warning: entity 12 was directed to use 8 halite to move south, but only 4 halite was available
At command 6 of 10:
    4   m 6 w
    5   m 9 w
>>> 6   m 12 s
    7   m 14 o
    8   m 17 w


Turn 366
================================================================
warning: entity 9 was directed to use 1 halite to move south, but only 0 halite was available
At command 5 of 10:
    3   m 4 s
    4   m 6 s
>>> 5   m 9 s
    6   m 12 s
    7   m 14 o


Turn 369
================================================================
warning: entity 4 was directed to use 12 halite to move south, but only 2 halite was available
At command 3 of 10:
    1   m 0 w
    2   m 2 s
>>> 3   m 4 s
    4   m 6 w
    5   m 9 s

warning: entity 12 was directed to use 25 halite to move west, but only 0 halite was available
At command 6 of 10:
    4   m 6 w
    5   m 9 s
>>> 6   m 12 w
    7   m 14 o
    8   m 17 n


Turn 370
================================================================
warning: entity 2 was directed to use 4 halite to move south, but only 1 halite was available
At command 2 of 10:
    1   m 0 w
>>> 2   m 2 s
    3   m 4 e
    4   m 6 s


Turn 371
================================================================
warning: entity 9 was directed to use 1 halite to move west, but only 0 halite was available
At command 5 of 9:
    3   m 4 e
    4   m 6 w
>>> 5   m 9 w
    6   m 12 s
    7   m 17 w


Turn 373
================================================================
warning: entity 2 was directed to use 18 halite to move south, but only 5 halite was available
At command 3 of 10:
    1   g
    2   m 0 s
>>> 3   m 2 s
    4   m 4 s
    5   m 6 w

warning: entity 9 was directed to use 12 halite to move south, but only 3 halite was available
At command 6 of 10:
    4   m 4 s
    5   m 6 w
>>> 6   m 9 s
    7   m 12 w
    8   m 17 w

warning: entity 12 was directed to use 18 halite to move west, but only 13 halite was available
At command 7 of 10:
    5   m 6 w
    6   m 9 s
>>> 7   m 12 w
    8   m 17 w
    9   m 18 w


Turn 375
================================================================
warning: entity 4 was directed to use 3 halite to move east, but only 2 halite was available
At command 3 of 10:
    1   m 0 w
    2   m 2 s
>>> 3   m 4 e
    4   m 6 w
    5   m 9 w


Turn 376
================================================================
warning: entity 9 was directed to use 23 halite to move south, but only 19 halite was available
At command 5 of 9:
    3   m 4 s
    4   m 6 w
>>> 5   m 9 s
    6   m 12 w
    7   m 17 o


Turn 377
================================================================
warning: entity 12 was directed to use 39 halite to move west, but only 14 halite was available
At command 6 of 10:
    4   m 6 w
    5   m 9 w
>>> 6   m 12 w
    7   m 17 o
    8   m 18 o


Turn 378
================================================================
warning: entity 4 was directed to use 12 halite to move east, but only 0 halite was available
At command 3 of 9:
    1   m 0 w
    2   m 2 o
>>> 3   m 4 e
    4   m 6 w
    5   m 9 w

warning: entity 20 was directed to use 1 halite to move north, but only 0 halite was available
At command 9 of 9:
    7   m 18 o
    8   m 19 s
>>> 9   m 20 n


Turn 380
================================================================
warning: entity 4 was directed to use 24 halite to move east, but only 22 halite was available
At command 3 of 10:
    1   m 0 w
    2   m 2 o
>>> 3   m 4 e
    4   m 6 w
    5   m 9 w


Turn 381
================================================================
warning: entity 9 was directed to use 31 halite to move west, but only 5 halite was available
At command 5 of 10:
    3   m 4 e
    4   m 6 o
>>> 5   m 9 w
    6   m 12 o
    7   m 17 s


Turn 383
================================================================
warning: entity 20 was directed to use 1 halite to move north, but only 0 halite was available
At command 9 of 9:
    7   m 17 s
    8   m 19 e
>>> 9   m 20 n


Turn 385
================================================================
warning: entity 20 was directed to use 21 halite to move north, but only 3 halite was available
At command 10 of 10:
    8   m 18 n
    9   m 19 e
>>> 10   m 20 n


Turn 390
================================================================
warning: entity 19 was directed to use 1 halite to move north, but only 0 halite was available
At command 9 of 10:
    7   m 17 o
    8   m 18 o
>>> 9   m 19 n
    10   m 20 n


Turn 391
================================================================
warning: entity 9 was directed to use 20 halite to move west, but only 13 halite was available
At command 5 of 8:
    3   m 4 o
    4   m 6 o
>>> 5   m 9 w
    6   m 18 o
    7   m 19 n

warning: entity 20 was directed to use 36 halite to move north, but only 11 halite was available
At command 8 of 8:
    6   m 18 o
    7   m 19 n
>>> 8   m 20 n


Turn 395
================================================================
warning: entity 9 was directed to use 36 halite to move south, but only 6 halite was available
At command 5 of 10:
    3   m 4 e
    4   m 6 o
>>> 5   m 9 s
    6   m 12 e
    7   m 17 e


Turn 398
================================================================
warning: entity 19 was directed to use 9 halite to move west, but only 0 halite was available
At command 9 of 10:
    7   m 17 n
    8   m 18 e
>>> 9   m 19 w
    10   m 20 o

