
Turn 33
================================================================
warning: entity 0 was directed to use 5 halite to move west, but only 0 halite was available
At command 1 of 2:
>>> 1   m 0 w
    2   m 2 s


Turn 36
================================================================
warning: entity 2 was directed to use 3 halite to move west, but only 0 halite was available
At command 2 of 4:
    1   m 0 w
>>> 2   m 2 w
    3   m 4 e
    4   g


Turn 38
================================================================
warning: entity 6 was directed to use 4 halite to move north, but only 0 halite was available
At command 4 of 5:
    2   m 2 w
    3   m 4 e
>>> 4   m 6 n
    5   g


Turn 40
================================================================
warning: entity 8 was directed to use 2 halite to move west, but only 0 halite was available
At command 5 of 5:
    3   m 4 o
    4   m 6 n
>>> 5   m 8 w


Turn 43
================================================================
warning: entity 8 was directed to use 4 halite to move north, but only 1 halite was available
At command 4 of 4:
    2   m 2 o
    3   m 6 o
>>> 4   m 8 n


Turn 45
================================================================
warning: entity 4 was directed to use 3 halite to move north, but only 0 halite was available
At command 3 of 6:
    1   m 0 o
    2   m 2 w
>>> 3   m 4 n
    4   m 6 o
    5   m 8 o


Turn 47
================================================================
warning: entity 10 was directed to use 2 halite to move west, but only 0 halite was available
At command 6 of 6:
    4   m 6 o
    5   m 8 o
>>> 6   m 10 w


Turn 48
================================================================
warning: entity 4 was directed to use 4 halite to move east, but only 2 halite was available
At command 3 of 6:
    1   m 0 o
    2   m 2 o
>>> 3   m 4 e
    4   m 6 o
    5   m 8 o


Turn 52
================================================================
warning: entity 4 was directed to use 4 halite to move east, but only 3 halite was available
At command 3 of 6:
    1   m 0 e
    2   m 2 o
>>> 3   m 4 e
    4   m 6 o
    5   m 8 o


Turn 57
================================================================
warning: entity 0 was directed to use 1 halite to move north, but only 0 halite was available
At command 1 of 6:
>>> 1   m 0 n
    2   m 2 o
    3   m 4 o


Turn 60
================================================================
warning: entity 12 was directed to use 1 halite to move east, but only 0 halite was available
At command 7 of 7:
    5   m 8 o
    6   m 10 o
>>> 7   m 12 e


Turn 62
================================================================
warning: entity 12 was directed to use 4 halite to move east, but only 3 halite was available
At command 6 of 6:
    4   m 8 e
    5   m 10 o
>>> 6   m 12 e


Turn 67
================================================================
warning: entity 8 was directed to use 2 halite to move west, but only 0 halite was available
At command 4 of 6:
    2   m 4 o
    3   m 6 s
>>> 4   m 8 w
    5   m 10 o
    6   m 12 o


Turn 70
================================================================
warning: entity 2 was directed to use 4 halite to move west, but only 0 halite was available
At command 2 of 6:
    1   m 0 o
>>> 2   m 2 w
    3   m 4 o
    4   m 8 n


Turn 73
================================================================
warning: entity 6 was directed to use 3 halite to move north, but only 0 halite was available
At command 4 of 8:
    2   m 2 n
    3   m 4 o
>>> 4   m 6 n
    5   m 8 o
    6   m 10 o


Turn 75
================================================================
warning: entity 2 was directed to use 3 halite to move north, but only 1 halite was available
At command 2 of 8:
    1   m 0 o
>>> 2   m 2 n
    3   m 4 s
    4   m 6 o


Turn 79
================================================================
warning: entity 2 was directed to use 4 halite to move north, but only 0 halite was available
At command 2 of 9:
    1   m 0 o
>>> 2   m 2 n
    3   m 4 o
    4   m 6 e


Turn 80
================================================================
warning: entity 15 was directed to use 1 halite to move west, but only 0 halite was available
At command 9 of 9:
    7   m 12 o
    8   m 14 w
>>> 9   m 15 w


Turn 83
================================================================
warning: entity 17 was directed to use 1 halite to move north, but only 0 halite was available
At command 10 of 10:
    8   m 14 w
    9   m 15 w
>>> 10   m 17 n


Turn 84
================================================================
warning: entity 14 was directed to use 3 halite to move south, but only 0 halite was available
At command 8 of 10:
    6   m 10 s
    7   m 12 o
>>> 8   m 14 s
    9   m 15 o
    10   m 17 n


Turn 86
================================================================
warning: entity 17 was directed to use 3 halite to move north, but only 0 halite was available
At command 8 of 8:
    6   m 14 e
    7   m 15 o
>>> 8   m 17 n


Turn 88
================================================================
warning: entity 14 was directed to use 4 halite to move east, but only 1 halite was available
At command 8 of 11:
    6   m 10 s
    7   m 12 o
>>> 8   m 14 e
    9   m 15 o
    10   m 17 s


Turn 89
================================================================
warning: entity 4 was directed to use 2 halite to move north, but only 0 halite was available
At command 3 of 11:
    1   m 0 s
    2   m 2 o
>>> 3   m 4 n
    4   m 6 o
    5   m 8 o


Turn 90
================================================================
warning: entity 17 was directed to use 3 halite to move east, but only 1 halite was available
At command 9 of 10:
    7   m 14 s
    8   m 15 o
>>> 9   m 17 e
    10   m 20 w


Turn 91
================================================================
warning: entity 20 was directed to use 1 halite to move west, but only 0 halite was available
At command 11 of 11:
    9   m 15 o
    10   m 17 e
>>> 11   m 20 w


Turn 92
================================================================
warning: entity 4 was directed to use 4 halite to move south, but only 1 halite was available
At command 3 of 11:
    1   m 0 s
    2   m 2 o
>>> 3   m 4 s
    4   m 6 o
    5   m 8 o


Turn 96
================================================================
warning: entity 4 was directed to use 4 halite to move north, but only 2 halite was available
At command 3 of 12:
    1   m 0 w
    2   m 2 o
>>> 3   m 4 n
    4   m 6 o
    5   m 8 n


Turn 97
================================================================
warning: entity 10 was directed to use 2 halite to move south, but only 0 halite was available
At command 5 of 11:
    3   m 4 n
    4   m 8 n
>>> 5   m 10 s
    6   m 12 o
    7   m 14 o


Turn 98
================================================================
warning: entity 21 was directed to use 4 halite to move north, but only 0 halite was available
At command 11 of 11:
    9   m 17 o
    10   m 20 o
>>> 11   m 21 n


Turn 111
================================================================
warning: entity 6 was directed to use 1 halite to move west, but only 0 halite was available
At command 4 of 12:
    2   m 2 s
    3   m 4 o
>>> 4   m 6 w
    5   m 8 o
    6   m 12 e


Turn 116
================================================================
warning: entity 24 was directed to use 1 halite to move north, but only 0 halite was available
At command 12 of 12:
    10   m 17 o
    11   m 21 n
>>> 12   m 24 n


Turn 117
================================================================
warning: entity 12 was directed to use 1 halite to move west, but only 0 halite was available
At command 6 of 12:
    4   m 8 s
    5   m 10 o
>>> 6   m 12 w
    7   m 14 n
    8   m 15 e


Turn 120
================================================================
warning: entity 20 was directed to use 1 halite to move south, but only 0 halite was available
At command 11 of 13:
    9   m 15 e
    10   m 17 s
>>> 11   m 20 s
    12   m 21 o
    13   m 24 o


Turn 123
================================================================
warning: entity 14 was directed to use 2 halite to move north, but only 0 halite was available
At command 6 of 11:
    4   m 10 w
    5   m 12 o
>>> 6   m 14 n
    7   m 15 s
    8   m 17 s

warning: entity 20 was directed to use 1 halite to move south, but only 0 halite was available
At command 9 of 11:
    7   m 15 s
    8   m 17 s
>>> 9   m 20 s
    10   m 21 s
    11   m 24 o


Turn 126
================================================================
warning: entity 14 was directed to use 3 halite to move north, but only 1 halite was available
At command 7 of 12:
    5   m 10 w
    6   m 12 o
>>> 7   m 14 n
    8   m 15 s
    9   m 17 s


Turn 128
================================================================
warning: entity 0 was directed to use 1 halite to move north, but only 0 halite was available
At command 1 of 13:
>>> 1   m 0 n
    2   m 2 e
    3   m 4 s


Turn 129
================================================================
warning: entity 4 was directed to use 2 halite to move south, but only 0 halite was available
At command 3 of 13:
    1   m 0 n
    2   m 2 o
>>> 3   m 4 s
    4   m 6 e
    5   m 8 e


Turn 131
================================================================
warning: entity 0 was directed to use 4 halite to move east, but only 2 halite was available
At command 1 of 13:
>>> 1   m 0 e
    2   m 2 o
    3   m 4 o


Turn 135
================================================================
warning: entity 8 was directed to use 1 halite to move north, but only 0 halite was available
At command 5 of 12:
    3   m 4 s
    4   m 6 n
>>> 5   m 8 n
    6   m 10 o
    7   m 12 o


Turn 136
================================================================
warning: entity 0 was directed to use 3 halite to move west, but only 2 halite was available
At command 1 of 13:
>>> 1   m 0 w
    2   m 2 n
    3   m 4 w


Turn 137
================================================================
warning: entity 6 was directed to use 1 halite to move north, but only 0 halite was available
At command 4 of 12:
    2   m 2 o
    3   m 4 o
>>> 4   m 6 n
    5   m 8 n
    6   m 10 o

warning: entity 8 was directed to use 4 halite to move north, but only 3 halite was available
At command 5 of 12:
    3   m 4 o
    4   m 6 n
>>> 5   m 8 n
    6   m 10 o
    7   m 12 o


Turn 140
================================================================
warning: entity 6 was directed to use 3 halite to move east, but only 2 halite was available
At command 4 of 12:
    2   m 2 n
    3   m 4 o
>>> 4   m 6 e
    5   m 8 o
    6   m 10 n


Turn 143
================================================================
warning: entity 21 was directed to use 1 halite to move north, but only 0 halite was available
At command 10 of 12:
    8   m 17 e
    9   m 20 o
>>> 10   m 21 n
    11   m 24 o
    12   g

warning: spawn on cell (35, 24) collided with owned entity 28 on that cell
At command 12 of 12:
    10   m 21 n
    11   m 24 o
>>> 12   g


Turn 147
================================================================
warning: entity 21 was directed to use 2 halite to move north, but only 0 halite was available
At command 10 of 11:
    8   m 17 w
    9   m 20 n
>>> 10   m 21 n
    11   m 24 o


Turn 150
================================================================
warning: entity 10 was directed to use 4 halite to move north, but only 0 halite was available
At command 4 of 11:
    2   m 4 o
    3   m 6 o
>>> 4   m 10 n
    5   m 12 o
    6   m 14 o

warning: entity 15 was directed to use 2 halite to move north, but only 1 halite was available
At command 7 of 11:
    5   m 12 o
    6   m 14 o
>>> 7   m 15 n
    8   m 17 w
    9   m 20 n


Turn 153
================================================================
warning: entity 17 was directed to use 1 halite to move south, but only 0 halite was available
At command 8 of 11:
    6   m 12 e
    7   m 15 n
>>> 8   m 17 s
    9   m 20 e
    10   m 21 o


Turn 154
================================================================
warning: entity 20 was directed to use 1 halite to move east, but only 0 halite was available
At command 9 of 12:
    7   m 15 o
    8   m 17 s
>>> 9   m 20 e
    10   m 21 o
    11   m 24 e


Turn 155
================================================================
warning: entity 10 was directed to use 4 halite to move north, but only 2 halite was available
At command 5 of 13:
    3   m 6 s
    4   m 8 s
>>> 5   m 10 n
    6   m 12 e
    7   m 14 n

warning: entity 14 was directed to use 4 halite to move north, but only 0 halite was available
At command 7 of 13:
    5   m 10 n
    6   m 12 e
>>> 7   m 14 n
    8   m 15 o
    9   m 17 s

warning: entity 17 was directed to use 4 halite to move south, but only 3 halite was available
At command 9 of 13:
    7   m 14 n
    8   m 15 o
>>> 9   m 17 s
    10   m 20 e
    11   m 21 o


Turn 158
================================================================
warning: entity 8 was directed to use 3 halite to move north, but only 0 halite was available
At command 4 of 15:
    2   m 4 n
    3   m 6 o
>>> 4   m 8 n
    5   m 10 o
    6   m 12 o


Turn 159
================================================================
warning: entity 31 was directed to use 1 halite to move south, but only 0 halite was available
At command 14 of 15:
    12   m 24 w
    13   m 30 w
>>> 14   m 31 s
    15   m 32 s


Turn 160
================================================================
warning: entity 30 was directed to use 1 halite to move west, but only 0 halite was available
At command 13 of 15:
    11   m 21 o
    12   m 24 e
>>> 13   m 30 w
    14   m 31 s
    15   m 32 e

warning: entity 32 was directed to use 1 halite to move east, but only 0 halite was available
At command 15 of 15:
    13   m 30 w
    14   m 31 s
>>> 15   m 32 e


Turn 162
================================================================
warning: entity 31 was directed to use 4 halite to move south, but only 0 halite was available
At command 12 of 13:
    10   m 24 e
    11   m 30 o
>>> 12   m 31 s
    13   m 32 w


Turn 164
================================================================
warning: entity 6 was directed to use 2 halite to move north, but only 0 halite was available
At command 3 of 15:
    1   m 0 n
    2   m 4 n
>>> 3   m 6 n
    4   m 8 o
    5   m 10 o


Turn 165
================================================================
warning: entity 31 was directed to use 5 halite to move south, but only 4 halite was available
At command 13 of 14:
    11   m 24 s
    12   m 30 o
>>> 13   m 31 s
    14   m 32 e

warning: entity 32 was directed to use 3 halite to move east, but only 2 halite was available
At command 14 of 14:
    12   m 30 o
    13   m 31 s
>>> 14   m 32 e


Turn 167
================================================================
warning: entity 0 was directed to use 1 halite to move north, but only 0 halite was available
At command 1 of 14:
>>> 1   m 0 n
    2   m 4 w
    3   m 6 s

warning: entity 12 was directed to use 2 halite to move south, but only 0 halite was available
At command 5 of 14:
    3   m 6 s
    4   m 8 o
>>> 5   m 12 s
    6   m 14 n
    7   m 15 o


Turn 169
================================================================
warning: entity 6 was directed to use 3 halite to move east, but only 0 halite was available
At command 3 of 14:
    1   m 0 n
    2   m 4 w
>>> 3   m 6 e
    4   m 8 o
    5   m 10 o


Turn 170
================================================================
warning: entity 32 was directed to use 4 halite to move south, but only 0 halite was available
At command 14 of 14:
    12   m 30 n
    13   m 31 o
>>> 14   m 32 s


Turn 172
================================================================
warning: entity 4 was directed to use 1 halite to move north, but only 0 halite was available
At command 2 of 16:
    1   m 0 e
>>> 2   m 4 n
    3   m 6 n
    4   m 8 o

warning: entity 24 was directed to use 3 halite to move east, but only 0 halite was available
At command 12 of 16:
    10   m 20 o
    11   m 21 o
>>> 12   m 24 e
    13   m 30 o
    14   m 31 o


Turn 175
================================================================
warning: entity 6 was directed to use 4 halite to move west, but only 0 halite was available
At command 3 of 18:
    1   m 0 e
    2   m 4 n
>>> 3   m 6 w
    4   m 8 o
    5   m 10 e

warning: entity 33 was directed to use 1 halite to move north, but only 0 halite was available
At command 16 of 18:
    14   m 31 o
    15   m 32 o
>>> 16   m 33 n
    17   m 34 w
    18   g


Turn 180
================================================================
warning: entity 6 was directed to use 3 halite to move north, but only 0 halite was available
At command 3 of 17:
    1   m 0 o
    2   m 4 o
>>> 3   m 6 n
    4   m 8 o
    5   m 12 o

warning: entity 34 was directed to use 4 halite to move south, but only 0 halite was available
At command 16 of 17:
    14   m 32 o
    15   m 33 s
>>> 16   m 34 s
    17   m 35 w


Turn 182
================================================================
warning: entity 10 was directed to use 1 halite to move north, but only 0 halite was available
At command 5 of 19:
    3   m 6 n
    4   m 8 o
>>> 5   m 10 n
    6   m 12 e
    7   m 14 o


Turn 183
================================================================
warning: entity 35 was directed to use 3 halite to move west, but only 2 halite was available
At command 16 of 17:
    14   m 33 n
    15   m 34 o
>>> 16   m 35 w
    17   m 36 e

warning: entity 36 was directed to use 1 halite to move east, but only 0 halite was available
At command 17 of 17:
    15   m 34 o
    16   m 35 w
>>> 17   m 36 e


Turn 187
================================================================
warning: entity 36 was directed to use 2 halite to move west, but only 1 halite was available
At command 18 of 18:
    16   m 34 o
    17   m 35 o
>>> 18   m 36 w


Turn 189
================================================================
warning: entity 17 was directed to use 3 halite to move east, but only 1 halite was available
At command 8 of 18:
    6   m 14 e
    7   m 15 s
>>> 8   m 17 e
    9   m 20 o
    10   m 21 s


Turn 192
================================================================
warning: entity 31 was directed to use 1 halite to move north, but only 0 halite was available
At command 13 of 18:
    11   m 21 n
    12   m 24 o
>>> 13   m 31 n
    14   m 32 w
    15   m 33 o


Turn 193
================================================================
warning: entity 21 was directed to use 2 halite to move north, but only 1 halite was available
At command 9 of 17:
    7   m 17 o
    8   m 20 o
>>> 9   m 21 n
    10   m 24 o
    11   m 30 w


Turn 194
================================================================
warning: entity 36 was directed to use 3 halite to move south, but only 1 halite was available
At command 18 of 18:
    16   m 34 o
    17   m 35 o
>>> 18   m 36 s


Turn 195
================================================================
warning: entity 31 was directed to use 1 halite to move north, but only 0 halite was available
At command 13 of 17:
    11   m 24 o
    12   m 30 w
>>> 13   m 31 n
    14   m 33 n
    15   m 34 o


Turn 197
================================================================
warning: entity 15 was directed to use 2 halite to move north, but only 0 halite was available
At command 8 of 20:
    6   m 12 o
    7   m 14 w
>>> 8   m 15 n
    9   m 17 o
    10   m 20 o


Turn 198
================================================================
warning: entity 32 was directed to use 2 halite to move east, but only 0 halite was available
At command 15 of 20:
    13   m 30 w
    14   m 31 e
>>> 15   m 32 e
    16   m 33 o
    17   m 34 o


Turn 199
================================================================
warning: entity 30 was directed to use 2 halite to move north, but only 0 halite was available
At command 12 of 20:
    10   m 21 e
    11   m 24 w
>>> 12   m 30 n
    13   m 31 e
    14   m 32 e


Turn 200
================================================================
warning: entity 15 was directed to use 4 halite to move east, but only 3 halite was available
At command 8 of 21:
    6   m 12 o
    7   m 14 s
>>> 8   m 15 e
    9   m 17 o
    10   m 20 o


Turn 201
================================================================
warning: entity 21 was directed to use 3 halite to move east, but only 0 halite was available
At command 11 of 21:
    9   m 17 o
    10   m 20 o
>>> 11   m 21 e
    12   m 24 w
    13   m 30 n


Turn 202
================================================================
warning: entity 30 was directed to use 4 halite to move north, but only 1 halite was available
At command 13 of 22:
    11   m 21 e
    12   m 24 o
>>> 13   m 30 n
    14   m 31 e
    15   m 32 o

warning: entity 31 was directed to use 4 halite to move east, but only 2 halite was available
At command 14 of 22:
    12   m 24 o
    13   m 30 n
>>> 14   m 31 e
    15   m 32 o
    16   m 33 o

warning: entity 38 was directed to use 2 halite to move north, but only 0 halite was available
At command 21 of 22:
    19   m 36 o
    20   m 37 w
>>> 21   m 38 n
    22   m 39 w


Turn 203
================================================================
warning: entity 0 was directed to use 1 halite to move north, but only 0 halite was available
At command 1 of 22:
>>> 1   m 0 n
    2   m 4 s
    3   m 6 o


Turn 204
================================================================
warning: entity 37 was directed to use 1 halite to move west, but only 0 halite was available
At command 19 of 22:
    17   m 35 e
    18   m 36 o
>>> 19   m 37 w
    20   m 38 s
    21   m 39 w


Turn 205
================================================================
warning: entity 15 was directed to use 3 halite to move south, but only 1 halite was available
At command 8 of 23:
    6   m 12 o
    7   m 14 n
>>> 8   m 15 s
    9   m 17 o
    10   m 20 o


Turn 206
================================================================
warning: entity 0 was directed to use 3 halite to move east, but only 1 halite was available
At command 1 of 23:
>>> 1   m 0 e
    2   m 4 w
    3   m 6 o


Turn 208
================================================================
warning: entity 14 was directed to use 1 halite to move north, but only 0 halite was available
At command 6 of 23:
    4   m 10 e
    5   m 12 o
>>> 6   m 14 n
    7   m 15 o
    8   m 17 o

warning: entity 39 was directed to use 1 halite to move west, but only 0 halite was available
At command 21 of 23:
    19   m 37 o
    20   m 38 o
>>> 21   m 39 w
    22   m 40 n
    23   g


Turn 212
================================================================
warning: entity 40 was directed to use 2 halite to move south, but only 0 halite was available
At command 21 of 22:
    19   m 38 e
    20   m 39 o
>>> 21   m 40 s
    22   m 41 e


Turn 213
================================================================
warning: entity 4 was directed to use 2 halite to move north, but only 0 halite was available
At command 2 of 23:
    1   m 0 e
>>> 2   m 4 n
    3   m 6 o
    4   m 8 n


Turn 214
================================================================
warning: entity 41 was directed to use 4 halite to move east, but only 0 halite was available
At command 23 of 23:
    21   m 39 e
    22   m 40 o
>>> 23   m 41 e


Turn 215
================================================================
warning: entity 0 was directed to use 4 halite to move north, but only 3 halite was available
At command 1 of 22:
>>> 1   m 0 n
    2   m 4 n
    3   m 6 o

warning: entity 14 was directed to use 3 halite to move west, but only 1 halite was available
At command 7 of 22:
    5   m 10 s
    6   m 12 w
>>> 7   m 14 w
    8   m 15 o
    9   m 17 o


Turn 216
================================================================
warning: entity 8 was directed to use 1 halite to move north, but only 0 halite was available
At command 4 of 24:
    2   m 4 n
    3   m 6 o
>>> 4   m 8 n
    5   m 10 o
    6   m 12 o

warning: entity 39 was directed to use 3 halite to move north, but only 1 halite was available
At command 22 of 24:
    20   m 37 o
    21   m 38 e
>>> 22   m 39 n
    23   m 40 n
    24   m 41 e


Turn 217
================================================================
warning: entity 4 was directed to use 3 halite to move north, but only 1 halite was available
At command 2 of 24:
    1   m 0 e
>>> 2   m 4 n
    3   m 6 o
    4   m 8 n


Turn 218
================================================================
warning: entity 20 was directed to use 1 halite to move north, but only 0 halite was available
At command 10 of 25:
    8   m 15 o
    9   m 17 o
>>> 10   m 20 n
    11   m 21 o
    12   m 24 n

warning: entity 41 was directed to use 4 halite to move south, but only 2 halite was available
At command 24 of 25:
    22   m 39 w
    23   m 40 w
>>> 24   m 41 s
    25   m 42 w


Turn 219
================================================================
warning: entity 8 was directed to use 2 halite to move east, but only 1 halite was available
At command 4 of 26:
    2   m 4 e
    3   m 6 o
>>> 4   m 8 e
    5   m 10 s
    6   m 12 w

warning: entity 24 was directed to use 1 halite to move north, but only 0 halite was available
At command 12 of 26:
    10   m 20 n
    11   m 21 e
>>> 12   m 24 n
    13   m 30 o
    14   m 31 o

warning: entity 35 was directed to use 4 halite to move south, but only 0 halite was available
At command 18 of 26:
    16   m 33 s
    17   m 34 o
>>> 18   m 35 s
    19   m 36 n
    20   m 37 o


Turn 220
================================================================
warning: entity 4 was directed to use 4 halite to move north, but only 3 halite was available
At command 2 of 25:
    1   m 0 o
>>> 2   m 4 n
    3   m 6 e
    4   m 8 e

warning: entity 14 was directed to use 1 halite to move north, but only 0 halite was available
At command 7 of 25:
    5   m 10 o
    6   m 12 o
>>> 7   m 14 n
    8   m 15 o
    9   m 17 s


Turn 222
================================================================
warning: entity 20 was directed to use 4 halite to move north, but only 2 halite was available
At command 10 of 27:
    8   m 15 s
    9   m 17 n
>>> 10   m 20 n
    11   m 21 o
    12   m 24 n

warning: entity 24 was directed to use 2 halite to move north, but only 1 halite was available
At command 12 of 27:
    10   m 20 n
    11   m 21 o
>>> 12   m 24 n
    13   m 30 o
    14   m 31 w

warning: entity 43 was directed to use 1 halite to move east, but only 0 halite was available
At command 26 of 27:
    24   m 41 o
    25   m 42 n
>>> 26   m 43 e
    27   m 45 e


Turn 224
================================================================
warning: entity 42 was directed to use 1 halite to move north, but only 0 halite was available
At command 24 of 26:
    22   m 40 n
    23   m 41 o
>>> 24   m 42 n
    25   m 43 e
    26   m 45 e


Turn 225
================================================================
warning: entity 43 was directed to use 3 halite to move east, but only 1 halite was available
At command 24 of 25:
    22   m 41 s
    23   m 42 n
>>> 24   m 43 e
    25   m 45 e


Turn 227
================================================================
warning: entity 14 was directed to use 4 halite to move north, but only 1 halite was available
At command 7 of 27:
    5   m 10 n
    6   m 12 o
>>> 7   m 14 n
    8   m 15 w
    9   m 17 o


Turn 229
================================================================
warning: entity 42 was directed to use 1 halite to move north, but only 0 halite was available
At command 25 of 27:
    23   m 40 e
    24   m 41 o
>>> 25   m 42 n
    26   m 43 s
    27   m 45 e

warning: entity 43 was directed to use 5 halite to move south, but only 1 halite was available
At command 26 of 27:
    24   m 41 o
    25   m 42 n
>>> 26   m 43 s
    27   m 45 e


Turn 230
================================================================
warning: entity 45 was directed to use 3 halite to move north, but only 1 halite was available
At command 25 of 25:
    23   m 42 n
    24   m 43 s
>>> 25   m 45 n


Turn 231
================================================================
warning: entity 42 was directed to use 4 halite to move north, but only 3 halite was available
At command 25 of 27:
    23   m 40 e
    24   m 41 o
>>> 25   m 42 n
    26   m 43 s
    27   m 45 n


Turn 232
================================================================
warning: entity 31 was directed to use 2 halite to move north, but only 0 halite was available
At command 14 of 26:
    12   m 24 e
    13   m 30 e
>>> 14   m 31 n
    15   m 32 o
    16   m 33 s


Turn 235
================================================================
warning: entity 36 was directed to use 2 halite to move east, but only 0 halite was available
At command 19 of 27:
    17   m 34 w
    18   m 35 o
>>> 19   m 36 e
    20   m 37 o
    21   m 38 w


Turn 236
================================================================
warning: entity 31 was directed to use 4 halite to move north, but only 2 halite was available
At command 13 of 25:
    11   m 24 n
    12   m 30 n
>>> 13   m 31 n
    14   m 32 o
    15   m 33 e


Turn 237
================================================================
warning: entity 34 was directed to use 1 halite to move north, but only 0 halite was available
At command 17 of 27:
    15   m 32 o
    16   m 33 w
>>> 17   m 34 n
    18   m 35 n
    19   m 36 e


Turn 238
================================================================
warning: entity 8 was directed to use 3 halite to move east, but only 0 halite was available
At command 4 of 26:
    2   m 4 w
    3   m 6 o
>>> 4   m 8 e
    5   m 10 n
    6   m 12 s


Turn 239
================================================================
warning: entity 10 was directed to use 2 halite to move north, but only 0 halite was available
At command 5 of 26:
    3   m 6 s
    4   m 8 e
>>> 5   m 10 n
    6   m 12 s
    7   m 14 s


Turn 240
================================================================
warning: entity 34 was directed to use 4 halite to move north, but only 0 halite was available
At command 16 of 26:
    14   m 32 s
    15   m 33 w
>>> 16   m 34 n
    17   m 35 n
    18   m 36 e


Turn 241
================================================================
warning: entity 36 was directed to use 1 halite to move south, but only 0 halite was available
At command 17 of 24:
    15   m 34 n
    16   m 35 n
>>> 17   m 36 s
    18   m 37 o
    19   m 38 o


Turn 242
================================================================
warning: entity 10 was directed to use 3 halite to move east, but only 2 halite was available
At command 5 of 25:
    3   m 6 o
    4   m 8 o
>>> 5   m 10 e
    6   m 14 w
    7   m 15 e

warning: entity 15 was directed to use 1 halite to move east, but only 0 halite was available
At command 7 of 25:
    5   m 10 e
    6   m 14 w
>>> 7   m 15 e
    8   m 17 n
    9   m 20 e

warning: entity 17 was directed to use 1 halite to move north, but only 0 halite was available
At command 8 of 25:
    6   m 14 w
    7   m 15 e
>>> 8   m 17 n
    9   m 20 e
    10   m 21 o


Turn 246
================================================================
warning: entity 4 was directed to use 1 halite to move east, but only 0 halite was available
At command 2 of 26:
    1   m 0 s
>>> 2   m 4 e
    3   m 6 w
    4   m 8 o

warning: entity 17 was directed to use 4 halite to move east, but only 2 halite was available
At command 9 of 26:
    7   m 14 w
    8   m 15 e
>>> 9   m 17 e
    10   m 20 o
    11   m 21 o

warning: entity 39 was directed to use 4 halite to move north, but only 0 halite was available
At command 21 of 26:
    19   m 37 e
    20   m 38 e
>>> 21   m 39 n
    22   m 40 s
    23   m 41 w


Turn 247
================================================================
warning: entity 15 was directed to use 5 halite to move north, but only 1 halite was available
At command 7 of 26:
    5   m 10 o
    6   m 12 w
>>> 7   m 15 n
    8   m 17 e
    9   m 20 e


Turn 248
================================================================
warning: entity 36 was directed to use 5 halite to move north, but only 3 halite was available
At command 19 of 27:
    17   m 34 o
    18   m 35 e
>>> 19   m 36 n
    20   m 37 n
    21   m 38 o


Turn 249
================================================================
warning: entity 35 was directed to use 1 halite to move south, but only 0 halite was available
At command 18 of 26:
    16   m 33 n
    17   m 34 o
>>> 18   m 35 s
    19   m 36 w
    20   m 38 n


Turn 250
================================================================
warning: entity 33 was directed to use 4 halite to move north, but only 0 halite was available
At command 16 of 26:
    14   m 31 o
    15   m 32 o
>>> 16   m 33 n
    17   m 34 o
    18   m 35 s


Turn 251
================================================================
warning: entity 35 was directed to use 4 halite to move south, but only 3 halite was available
At command 18 of 27:
    16   m 33 n
    17   m 34 o
>>> 18   m 35 s
    19   m 36 s
    20   m 37 s


Turn 252
================================================================
warning: entity 37 was directed to use 1 halite to move south, but only 0 halite was available
At command 19 of 26:
    17   m 35 s
    18   m 36 n
>>> 19   m 37 s
    20   m 38 w
    21   m 39 o


Turn 253
================================================================
warning: entity 38 was directed to use 1 halite to move west, but only 0 halite was available
At command 21 of 26:
    19   m 36 n
    20   m 37 s
>>> 21   m 38 w
    22   m 39 o
    23   m 41 o


Turn 255
================================================================
warning: entity 14 was directed to use 1 halite to move north, but only 0 halite was available
At command 7 of 27:
    5   m 10 o
    6   m 12 s
>>> 7   m 14 n
    8   m 15 o
    9   m 17 o

warning: entity 37 was directed to use 4 halite to move east, but only 0 halite was available
At command 20 of 27:
    18   m 35 o
    19   m 36 n
>>> 20   m 37 e
    21   m 38 w
    22   m 39 o


Turn 256
================================================================
warning: entity 40 was directed to use 1 halite to move south, but only 0 halite was available
At command 21 of 24:
    19   m 38 w
    20   m 39 o
>>> 21   m 40 s
    22   m 41 w
    23   m 42 s


Turn 257
================================================================
warning: entity 36 was directed to use 2 halite to move east, but only 1 halite was available
At command 19 of 27:
    17   m 34 o
    18   m 35 o
>>> 19   m 36 e
    20   m 37 w
    21   m 38 w


Turn 258
================================================================
warning: entity 14 was directed to use 4 halite to move east, but only 0 halite was available
At command 7 of 27:
    5   m 10 e
    6   m 12 s
>>> 7   m 14 e
    8   m 15 o
    9   m 17 o

warning: entity 38 was directed to use 3 halite to move west, but only 1 halite was available
At command 21 of 27:
    19   m 36 e
    20   m 37 s
>>> 21   m 38 w
    22   m 39 o
    23   m 40 s


Turn 259
================================================================
warning: entity 37 was directed to use 4 halite to move south, but only 2 halite was available
At command 19 of 26:
    17   m 35 o
    18   m 36 e
>>> 19   m 37 s
    20   m 38 w
    21   m 39 o


Turn 260
================================================================
warning: entity 43 was directed to use 1 halite to move south, but only 0 halite was available
At command 26 of 27:
    24   m 41 n
    25   m 42 s
>>> 26   m 43 s
    27   m 45 o


Turn 263
================================================================
warning: entity 21 was directed to use 1 halite to move west, but only 0 halite was available
At command 9 of 25:
    7   m 15 o
    8   m 20 s
>>> 9   m 21 w
    10   m 24 o
    11   m 30 n

warning: entity 30 was directed to use 2 halite to move north, but only 0 halite was available
At command 11 of 25:
    9   m 21 w
    10   m 24 o
>>> 11   m 30 n
    12   m 31 s
    13   m 32 e

warning: entity 38 was directed to use 4 halite to move south, but only 1 halite was available
At command 19 of 25:
    17   m 36 o
    18   m 37 s
>>> 19   m 38 s
    20   m 39 n
    21   m 40 o


Turn 264
================================================================
warning: entity 43 was directed to use 1 halite to move south, but only 0 halite was available
At command 26 of 27:
    24   m 41 e
    25   m 42 o
>>> 26   m 43 s
    27   m 45 o


Turn 265
================================================================
warning: entity 41 was directed to use 1 halite to move east, but only 0 halite was available
At command 23 of 26:
    21   m 39 o
    22   m 40 o
>>> 23   m 41 e
    24   m 42 s
    25   m 43 s


Turn 266
================================================================
warning: entity 30 was directed to use 4 halite to move north, but only 0 halite was available
At command 11 of 25:
    9   m 21 w
    10   m 24 s
>>> 11   m 30 n
    12   m 31 s
    13   m 32 w

warning: entity 43 was directed to use 4 halite to move south, but only 3 halite was available
At command 24 of 25:
    22   m 41 e
    23   m 42 n
>>> 24   m 43 s
    25   m 45 o


Turn 267
================================================================
warning: entity 0 was directed to use 1 halite to move west, but only 0 halite was available
At command 1 of 27:
>>> 1   m 0 w
    2   m 4 o
    3   m 6 w

warning: entity 21 was directed to use 2 halite to move west, but only 1 halite was available
At command 11 of 27:
    9   m 17 s
    10   m 20 o
>>> 11   m 21 w
    12   m 24 o
    13   m 30 n


Turn 268
================================================================
warning: entity 41 was directed to use 4 halite to move south, but only 2 halite was available
At command 24 of 27:
    22   m 39 o
    23   m 40 s
>>> 24   m 41 s
    25   m 42 o
    26   m 43 s


Turn 270
================================================================
warning: entity 32 was directed to use 3 halite to move south, but only 0 halite was available
At command 15 of 27:
    13   m 30 o
    14   m 31 w
>>> 15   m 32 s
    16   m 33 o
    17   m 34 e


Turn 271
================================================================
warning: entity 6 was directed to use 1 halite to move west, but only 0 halite was available
At command 3 of 26:
    1   m 0 w
    2   m 4 o
>>> 3   m 6 w
    4   m 8 w
    5   m 10 o


Turn 272
================================================================
warning: entity 0 was directed to use 1 halite to move south, but only 0 halite was available
At command 1 of 24:
>>> 1   m 0 s
    2   m 6 w
    3   m 8 w


Turn 275
================================================================
warning: entity 12 was directed to use 1 halite to move west, but only 0 halite was available
At command 5 of 26:
    3   m 6 w
    4   m 8 n
>>> 5   m 12 w
    6   m 14 o
    7   m 15 w


Turn 276
================================================================
warning: entity 6 was directed to use 4 halite to move north, but only 1 halite was available
At command 3 of 26:
    1   m 0 o
    2   m 4 o
>>> 3   m 6 n
    4   m 10 s
    5   m 12 w


Turn 278
================================================================
warning: entity 31 was directed to use 1 halite to move west, but only 0 halite was available
At command 13 of 26:
    11   m 24 o
    12   m 30 w
>>> 13   m 31 w
    14   m 32 n
    15   m 33 s

warning: entity 32 was directed to use 4 halite to move north, but only 0 halite was available
At command 14 of 26:
    12   m 30 w
    13   m 31 w
>>> 14   m 32 n
    15   m 33 s
    16   m 34 e


Turn 281
================================================================
warning: entity 12 was directed to use 3 halite to move west, but only 1 halite was available
At command 6 of 27:
    4   m 8 w
    5   m 10 s
>>> 6   m 12 w
    7   m 14 s
    8   m 15 n


Turn 282
================================================================
warning: entity 31 was directed to use 3 halite to move west, but only 0 halite was available
At command 13 of 26:
    11   m 21 o
    12   m 30 o
>>> 13   m 31 w
    14   m 32 o
    15   m 33 s


Turn 283
================================================================
warning: entity 8 was directed to use 1 halite to move west, but only 0 halite was available
At command 4 of 27:
    2   m 4 o
    3   m 6 o
>>> 4   m 8 w
    5   m 10 s
    6   m 12 e


Turn 285
================================================================
warning: entity 12 was directed to use 4 halite to move west, but only 1 halite was available
At command 6 of 26:
    4   m 8 w
    5   m 10 w
>>> 6   m 12 w
    7   m 14 s
    8   m 17 s


Turn 286
================================================================
warning: entity 20 was directed to use 1 halite to move west, but only 0 halite was available
At command 10 of 27:
    8   m 15 w
    9   m 17 n
>>> 10   m 20 w
    11   m 21 o
    12   m 24 w


Turn 289
================================================================
warning: entity 20 was directed to use 4 halite to move west, but only 3 halite was available
At command 10 of 27:
    8   m 15 w
    9   m 17 w
>>> 10   m 20 w
    11   m 21 n
    12   m 24 s


Turn 292
================================================================
warning: entity 8 was directed to use 3 halite to move south, but only 1 halite was available
At command 4 of 27:
    2   m 4 w
    3   m 6 o
>>> 4   m 8 s
    5   m 10 o
    6   m 12 e

warning: entity 24 was directed to use 1 halite to move south, but only 0 halite was available
At command 12 of 27:
    10   m 20 o
    11   m 21 n
>>> 12   m 24 s
    13   m 30 e
    14   m 31 o


Turn 293
================================================================
warning: entity 40 was directed to use 2 halite to move south, but only 0 halite was available
At command 23 of 27:
    21   m 38 o
    22   m 39 s
>>> 23   m 40 s
    24   m 41 o
    25   m 42 s


Turn 296
================================================================
warning: entity 15 was directed to use 1 halite to move west, but only 0 halite was available
At command 8 of 27:
    6   m 12 w
    7   m 14 w
>>> 8   m 15 w
    9   m 17 w
    10   m 20 w


Turn 297
================================================================
warning: entity 17 was directed to use 1 halite to move west, but only 0 halite was available
At command 8 of 25:
    6   m 12 w
    7   m 15 n
>>> 8   m 17 w
    9   m 20 w
    10   m 21 n


Turn 299
================================================================
warning: entity 36 was directed to use 3 halite to move south, but only 0 halite was available
At command 19 of 27:
    17   m 34 n
    18   m 35 o
>>> 19   m 36 s
    20   m 37 o
    21   m 38 o

warning: entity 40 was directed to use 3 halite to move south, but only 1 halite was available
At command 23 of 27:
    21   m 38 o
    22   m 39 n
>>> 23   m 40 s
    24   m 41 s
    25   m 42 w

warning: entity 45 was directed to use 3 halite to move west, but only 0 halite was available
At command 27 of 27:
    25   m 42 w
    26   m 43 e
>>> 27   m 45 w


Turn 300
================================================================
warning: entity 17 was directed to use 4 halite to move west, but only 2 halite was available
At command 9 of 27:
    7   m 14 e
    8   m 15 o
>>> 9   m 17 w
    10   m 20 w
    11   m 21 n


Turn 301
================================================================
warning: entity 39 was directed to use 1 halite to move north, but only 0 halite was available
At command 21 of 26:
    19   m 37 o
    20   m 38 o
>>> 21   m 39 n
    22   m 40 s
    23   m 41 o


Turn 303
================================================================
warning: entity 14 was directed to use 2 halite to move east, but only 0 halite was available
At command 7 of 27:
    5   m 10 n
    6   m 12 o
>>> 7   m 14 e
    8   m 15 o
    9   m 17 w

warning: entity 39 was directed to use 5 halite to move north, but only 4 halite was available
At command 22 of 27:
    20   m 37 o
    21   m 38 o
>>> 22   m 39 n
    23   m 40 s
    24   m 41 o


Turn 304
================================================================
warning: entity 17 was directed to use 4 halite to move east, but only 3 halite was available
At command 8 of 26:
    6   m 14 e
    7   m 15 e
>>> 8   m 17 e
    9   m 20 w
    10   m 21 o


Turn 305
================================================================
warning: entity 36 was directed to use 4 halite to move south, but only 0 halite was available
At command 19 of 27:
    17   m 34 w
    18   m 35 o
>>> 19   m 36 s
    20   m 37 o
    21   m 38 o


Turn 307
================================================================
warning: entity 14 was directed to use 3 halite to move east, but only 2 halite was available
At command 7 of 27:
    5   m 10 w
    6   m 12 w
>>> 7   m 14 e
    8   m 15 w
    9   m 17 o


Turn 310
================================================================
warning: entity 4 was directed to use 1 halite to move west, but only 0 halite was available
At command 2 of 26:
    1   m 0 o
>>> 2   m 4 w
    3   m 6 o
    4   m 8 w


Turn 313
================================================================
warning: entity 4 was directed to use 3 halite to move west, but only 2 halite was available
At command 2 of 26:
    1   m 0 o
>>> 2   m 4 w
    3   m 6 o
    4   m 8 o


Turn 315
================================================================
warning: entity 10 was directed to use 1 halite to move west, but only 0 halite was available
At command 5 of 26:
    3   m 6 o
    4   m 8 o
>>> 5   m 10 w
    6   m 12 o
    7   m 14 o


Turn 317
================================================================
warning: entity 4 was directed to use 3 halite to move west, but only 1 halite was available
At command 2 of 27:
    1   m 0 o
>>> 2   m 4 w
    3   m 6 o
    4   m 8 o


Turn 318
================================================================
warning: entity 10 was directed to use 4 halite to move west, but only 2 halite was available
At command 4 of 26:
    2   m 4 w
    3   m 8 o
>>> 4   m 10 w
    5   m 12 n
    6   m 14 o

warning: entity 33 was directed to use 1 halite to move west, but only 0 halite was available
At command 15 of 26:
    13   m 31 o
    14   m 32 w
>>> 15   m 33 w
    16   m 34 w
    17   m 35 w


Turn 321
================================================================
warning: entity 4 was directed to use 4 halite to move west, but only 0 halite was available
At command 2 of 27:
    1   m 0 o
>>> 2   m 4 w
    3   m 6 o
    4   m 8 o

warning: entity 32 was directed to use 2 halite to move west, but only 0 halite was available
At command 15 of 27:
    13   m 30 s
    14   m 31 o
>>> 15   m 32 w
    16   m 33 w
    17   m 34 w

warning: entity 33 was directed to use 3 halite to move west, but only 2 halite was available
At command 16 of 27:
    14   m 31 o
    15   m 32 w
>>> 16   m 33 w
    17   m 34 w
    18   m 35 w


Turn 322
================================================================
warning: entity 10 was directed to use 4 halite to move west, but only 3 halite was available
At command 5 of 27:
    3   m 6 o
    4   m 8 o
>>> 5   m 10 w
    6   m 12 o
    7   m 14 o


Turn 323
================================================================
warning: entity 42 was directed to use 2 halite to move south, but only 0 halite was available
At command 25 of 26:
    23   m 40 o
    24   m 41 w
>>> 25   m 42 s
    26   m 45 o


Turn 324
================================================================
warning: entity 32 was directed to use 4 halite to move west, but only 3 halite was available
At command 15 of 27:
    13   m 30 o
    14   m 31 o
>>> 15   m 32 w
    16   m 33 w
    17   m 34 w

warning: entity 35 was directed to use 1 halite to move west, but only 0 halite was available
At command 18 of 27:
    16   m 33 w
    17   m 34 w
>>> 18   m 35 w
    19   m 36 o
    20   m 37 w


Turn 325
================================================================
warning: entity 34 was directed to use 4 halite to move west, but only 3 halite was available
At command 17 of 27:
    15   m 32 w
    16   m 33 o
>>> 17   m 34 w
    18   m 35 w
    19   m 36 o


Turn 326
================================================================
warning: entity 4 was directed to use 1 halite to move south, but only 0 halite was available
At command 1 of 25:
>>> 1   m 4 s
    2   m 6 o
    3   m 8 n


Turn 327
================================================================
warning: entity 35 was directed to use 3 halite to move west, but only 1 halite was available
At command 18 of 27:
    16   m 33 w
    17   m 34 w
>>> 18   m 35 w
    19   m 36 s
    20   m 37 w

warning: entity 37 was directed to use 1 halite to move west, but only 0 halite was available
At command 20 of 27:
    18   m 35 w
    19   m 36 s
>>> 20   m 37 w
    21   m 38 w
    22   m 39 o

warning: entity 42 was directed to use 3 halite to move south, but only 1 halite was available
At command 25 of 27:
    23   m 40 s
    24   m 41 n
>>> 25   m 42 s
    26   m 43 w
    27   m 45 o


Turn 328
================================================================
warning: entity 32 was directed to use 4 halite to move west, but only 3 halite was available
At command 15 of 27:
    13   m 30 w
    14   m 31 n
>>> 15   m 32 w
    16   m 33 w
    17   m 34 n


Turn 329
================================================================
warning: entity 4 was directed to use 4 halite to move south, but only 2 halite was available
At command 2 of 26:
    1   m 0 e
>>> 2   m 4 s
    3   m 6 o
    4   m 8 o

warning: entity 33 was directed to use 4 halite to move west, but only 2 halite was available
At command 15 of 26:
    13   m 31 n
    14   m 32 w
>>> 15   m 33 w
    16   m 34 e
    17   m 35 w


Turn 330
================================================================
warning: entity 35 was directed to use 4 halite to move west, but only 3 halite was available
At command 18 of 27:
    16   m 33 w
    17   m 34 w
>>> 18   m 35 w
    19   m 36 o
    20   m 37 w

warning: entity 37 was directed to use 2 halite to move west, but only 1 halite was available
At command 20 of 27:
    18   m 35 w
    19   m 36 o
>>> 20   m 37 w
    21   m 38 w
    22   m 39 o


Turn 331
================================================================
warning: entity 34 was directed to use 3 halite to move east, but only 2 halite was available
At command 17 of 27:
    15   m 32 w
    16   m 33 s
>>> 17   m 34 e
    18   m 35 w
    19   m 36 o


Turn 332
================================================================
warning: entity 42 was directed to use 4 halite to move south, but only 0 halite was available
At command 24 of 26:
    22   m 40 o
    23   m 41 n
>>> 24   m 42 s
    25   m 43 w
    26   m 45 o


Turn 333
================================================================
warning: entity 32 was directed to use 4 halite to move west, but only 0 halite was available
At command 14 of 25:
    12   m 24 s
    13   m 31 o
>>> 14   m 32 w
    15   m 33 o
    16   m 34 w

warning: entity 37 was directed to use 3 halite to move west, but only 2 halite was available
At command 19 of 25:
    17   m 35 o
    18   m 36 s
>>> 19   m 37 w
    20   m 38 w
    21   m 40 o


Turn 334
================================================================
warning: entity 43 was directed to use 1 halite to move west, but only 0 halite was available
At command 26 of 27:
    24   m 41 n
    25   m 42 s
>>> 26   m 43 w
    27   m 45 o


Turn 335
================================================================
warning: entity 4 was directed to use 5 halite to move south, but only 3 halite was available
At command 2 of 27:
    1   m 0 o
>>> 2   m 4 s
    3   m 6 o
    4   m 8 o


Turn 337
================================================================
warning: entity 38 was directed to use 1 halite to move west, but only 0 halite was available
At command 21 of 27:
    19   m 36 s
    20   m 37 w
>>> 21   m 38 w
    22   m 39 o
    23   m 40 o

warning: entity 43 was directed to use 2 halite to move west, but only 0 halite was available
At command 26 of 27:
    24   m 41 s
    25   m 42 o
>>> 26   m 43 w
    27   m 45 o


Turn 339
================================================================
warning: entity 32 was directed to use 1 halite to move west, but only 0 halite was available
At command 14 of 26:
    12   m 30 w
    13   m 31 n
>>> 14   m 32 w
    15   m 33 o
    16   m 34 o


Turn 340
================================================================
warning: entity 10 was directed to use 5 halite to move north, but only 2 halite was available
At command 5 of 27:
    3   m 6 e
    4   m 8 e
>>> 5   m 10 n
    6   m 12 e
    7   m 14 s

warning: entity 38 was directed to use 3 halite to move west, but only 2 halite was available
At command 21 of 27:
    19   m 36 o
    20   m 37 s
>>> 21   m 38 w
    22   m 39 o
    23   m 40 o

warning: entity 41 was directed to use 2 halite to move south, but only 0 halite was available
At command 24 of 27:
    22   m 39 o
    23   m 40 o
>>> 24   m 41 s
    25   m 42 s
    26   m 43 w


Turn 341
================================================================
warning: entity 43 was directed to use 3 halite to move west, but only 1 halite was available
At command 26 of 27:
    24   m 41 s
    25   m 42 o
>>> 26   m 43 w
    27   m 45 o


Turn 343
================================================================
warning: entity 32 was directed to use 2 halite to move west, but only 0 halite was available
At command 15 of 27:
    13   m 30 w
    14   m 31 n
>>> 15   m 32 w
    16   m 33 n
    17   m 34 w


Turn 344
================================================================
warning: entity 30 was directed to use 1 halite to move west, but only 0 halite was available
At command 13 of 27:
    11   m 21 s
    12   m 24 s
>>> 13   m 30 w
    14   m 31 n
    15   m 32 w

warning: entity 41 was directed to use 1 halite to move south, but only 0 halite was available
At command 24 of 27:
    22   m 39 o
    23   m 40 o
>>> 24   m 41 s
    25   m 42 o
    26   m 43 w


Turn 345
================================================================
warning: entity 38 was directed to use 3 halite to move west, but only 2 halite was available
At command 20 of 26:
    18   m 36 o
    19   m 37 o
>>> 20   m 38 w
    21   m 39 o
    22   m 40 o

warning: entity 43 was directed to use 4 halite to move west, but only 0 halite was available
At command 25 of 26:
    23   m 41 s
    24   m 42 s
>>> 25   m 43 w
    26   m 45 s


Turn 348
================================================================
warning: entity 30 was directed to use 2 halite to move west, but only 0 halite was available
At command 13 of 26:
    11   m 21 w
    12   m 24 s
>>> 13   m 30 w
    14   m 31 o
    15   m 33 s


Turn 349
================================================================
warning: entity 41 was directed to use 5 halite to move south, but only 2 halite was available
At command 23 of 26:
    21   m 39 o
    22   m 40 o
>>> 23   m 41 s
    24   m 42 s
    25   m 43 w


Turn 352
================================================================
warning: entity 30 was directed to use 2 halite to move west, but only 0 halite was available
At command 12 of 25:
    10   m 20 o
    11   m 21 w
>>> 12   m 30 w
    13   m 31 e
    14   m 33 s

warning: entity 38 was directed to use 2 halite to move south, but only 1 halite was available
At command 19 of 25:
    17   m 36 o
    18   m 37 n
>>> 19   m 38 s
    20   m 39 s
    21   m 40 e


Turn 354
================================================================
warning: entity 41 was directed to use 4 halite to move south, but only 1 halite was available
At command 22 of 25:
    20   m 39 o
    21   m 40 e
>>> 22   m 41 s
    23   m 42 o
    24   m 43 w

warning: entity 43 was directed to use 1 halite to move west, but only 0 halite was available
At command 24 of 25:
    22   m 41 s
    23   m 42 o
>>> 24   m 43 w
    25   m 45 s


Turn 355
================================================================
warning: entity 21 was directed to use 3 halite to move south, but only 0 halite was available
At command 11 of 26:
    9   m 17 o
    10   m 20 e
>>> 11   m 21 s
    12   m 24 e
    13   m 30 w


Turn 356
================================================================
warning: entity 30 was directed to use 4 halite to move west, but only 1 halite was available
At command 13 of 26:
    11   m 21 s
    12   m 24 e
>>> 13   m 30 w
    14   m 31 e
    15   m 33 o

warning: entity 38 was directed to use 4 halite to move south, but only 1 halite was available
At command 20 of 26:
    18   m 36 n
    19   m 37 o
>>> 20   m 38 s
    21   m 39 s
    22   m 40 w


Turn 358
================================================================
warning: entity 41 was directed to use 4 halite to move north, but only 1 halite was available
At command 22 of 25:
    20   m 39 o
    21   m 40 n
>>> 22   m 41 n
    23   m 42 o
    24   m 43 w


Turn 359
================================================================
warning: entity 43 was directed to use 3 halite to move west, but only 0 halite was available
At command 25 of 26:
    23   m 41 n
    24   m 42 s
>>> 25   m 43 w
    26   m 45 e


Turn 365
================================================================
warning: entity 0 was directed to use 2 halite to move west, but only 0 halite was available
At command 1 of 25:
>>> 1   m 0 w
    2   m 4 o
    3   m 6 w


Turn 370
================================================================
warning: entity 0 was directed to use 3 halite to move north, but only 0 halite was available
At command 1 of 20:
>>> 1   m 0 n
    2   m 4 o
    3   m 6 w


Turn 373
================================================================
warning: entity 0 was directed to use 4 halite to move north, but only 3 halite was available
At command 1 of 24:
>>> 1   m 0 n
    2   m 4 o
    3   m 6 w

warning: entity 6 was directed to use 1 halite to move west, but only 0 halite was available
At command 3 of 24:
    1   m 0 n
    2   m 4 o
>>> 3   m 6 w
    4   m 8 w
    5   m 10 e


Turn 377
================================================================
warning: entity 6 was directed to use 2 halite to move west, but only 0 halite was available
At command 3 of 23:
    1   m 0 n
    2   m 4 s
>>> 3   m 6 w
    4   m 8 w
    5   m 10 o


Turn 379
================================================================
warning: entity 8 was directed to use 1 halite to move west, but only 0 halite was available
At command 4 of 21:
    2   m 4 s
    3   m 6 w
>>> 4   m 8 w
    5   m 10 o
    6   m 12 w


Turn 380
================================================================
warning: entity 36 was directed to use 2 halite to move south, but only 0 halite was available
At command 15 of 23:
    13   m 31 w
    14   m 33 o
>>> 15   m 36 s
    16   m 37 o
    17   m 38 s


Turn 381
================================================================
warning: entity 6 was directed to use 4 halite to move north, but only 2 halite was available
At command 3 of 23:
    1   m 0 o
    2   m 4 s
>>> 3   m 6 n
    4   m 8 w
    5   m 10 e


Turn 383
================================================================
warning: entity 8 was directed to use 1 halite to move west, but only 0 halite was available
At command 4 of 23:
    2   m 4 e
    3   m 6 n
>>> 4   m 8 w
    5   m 10 o
    6   m 12 w

warning: entity 12 was directed to use 2 halite to move west, but only 0 halite was available
At command 6 of 23:
    4   m 8 w
    5   m 10 o
>>> 6   m 12 w
    7   m 14 w
    8   m 15 n


Turn 385
================================================================
warning: entity 6 was directed to use 4 halite to move north, but only 3 halite was available
At command 2 of 22:
    1   m 0 o
>>> 2   m 6 n
    3   m 8 w
    4   m 10 o

warning: entity 36 was directed to use 4 halite to move south, but only 2 halite was available
At command 14 of 22:
    12   m 31 w
    13   m 33 s
>>> 14   m 36 s
    15   m 37 e
    16   m 38 o


Turn 387
================================================================
warning: entity 8 was directed to use 3 halite to move west, but only 0 halite was available
At command 4 of 22:
    2   m 4 o
    3   m 6 n
>>> 4   m 8 w
    5   m 10 e
    6   m 12 w

warning: entity 20 was directed to use 1 halite to move south, but only 0 halite was available
At command 10 of 22:
    8   m 15 n
    9   m 17 w
>>> 10   m 20 s
    11   m 21 w
    12   m 24 w

warning: entity 40 was directed to use 1 halite to move east, but only 0 halite was available
At command 18 of 22:
    16   m 38 o
    17   m 39 w
>>> 18   m 40 e
    19   m 41 n
    20   m 42 o


Turn 388
================================================================
warning: entity 24 was directed to use 2 halite to move west, but only 0 halite was available
At command 11 of 21:
    9   m 20 s
    10   m 21 w
>>> 11   m 24 w
    12   m 31 w
    13   m 36 s

warning: entity 39 was directed to use 1 halite to move west, but only 0 halite was available
At command 16 of 21:
    14   m 37 e
    15   m 38 e
>>> 16   m 39 w
    17   m 40 e
    18   m 41 n


Turn 390
================================================================
warning: entity 6 was directed to use 4 halite to move north, but only 1 halite was available
At command 3 of 22:
    1   m 0 e
    2   m 4 e
>>> 3   m 6 n
    4   m 8 w
    5   m 10 e

warning: entity 20 was directed to use 3 halite to move south, but only 0 halite was available
At command 10 of 22:
    8   m 15 n
    9   m 17 w
>>> 10   m 20 s
    11   m 21 w
    12   m 24 w

warning: entity 40 was directed to use 4 halite to move east, but only 1 halite was available
At command 18 of 22:
    16   m 38 o
    17   m 39 w
>>> 18   m 40 e
    19   m 41 n
    20   m 42 o


Turn 391
================================================================
warning: entity 36 was directed to use 4 halite to move south, but only 1 halite was available
At command 14 of 22:
    12   m 24 w
    13   m 31 w
>>> 14   m 36 s
    15   m 37 e
    16   m 38 e


Turn 392
================================================================
warning: entity 12 was directed to use 3 halite to move west, but only 2 halite was available
At command 6 of 22:
    4   m 8 w
    5   m 10 o
>>> 6   m 12 w
    7   m 14 n
    8   m 15 n

warning: entity 31 was directed to use 1 halite to move west, but only 0 halite was available
At command 13 of 22:
    11   m 21 w
    12   m 24 w
>>> 13   m 31 w
    14   m 36 s
    15   m 37 e


Turn 393
================================================================
warning: entity 24 was directed to use 2 halite to move west, but only 0 halite was available
At command 11 of 21:
    9   m 20 s
    10   m 21 w
>>> 11   m 24 w
    12   m 31 w
    13   m 36 s

warning: entity 39 was directed to use 1 halite to move west, but only 0 halite was available
At command 16 of 21:
    14   m 37 e
    15   m 38 o
>>> 16   m 39 w
    17   m 40 o
    18   m 41 n


Turn 394
================================================================
warning: entity 8 was directed to use 2 halite to move south, but only 1 halite was available
At command 4 of 22:
    2   m 4 o
    3   m 6 e
>>> 4   m 8 s
    5   m 10 o
    6   m 12 w

warning: entity 20 was directed to use 4 halite to move south, but only 1 halite was available
At command 10 of 22:
    8   m 15 n
    9   m 17 w
>>> 10   m 20 s
    11   m 21 w
    12   m 24 w


Turn 395
================================================================
warning: entity 21 was directed to use 2 halite to move west, but only 0 halite was available
At command 10 of 21:
    8   m 17 w
    9   m 20 s
>>> 10   m 21 w
    11   m 24 w
    12   m 31 w


Turn 397
================================================================
warning: entity 24 was directed to use 3 halite to move west, but only 1 halite was available
At command 12 of 22:
    10   m 20 s
    11   m 21 w
>>> 12   m 24 w
    13   m 31 w
    14   m 36 o

warning: entity 39 was directed to use 2 halite to move west, but only 1 halite was available
At command 17 of 22:
    15   m 37 e
    16   m 38 o
>>> 17   m 39 w
    18   m 40 e
    19   m 41 n


Turn 398
================================================================
warning: entity 31 was directed to use 2 halite to move west, but only 0 halite was available
At command 13 of 22:
    11   m 21 w
    12   m 24 w
>>> 13   m 31 w
    14   m 36 o
    15   m 37 e


Turn 399
================================================================
warning: entity 15 was directed to use 3 halite to move east, but only 0 halite was available
At command 8 of 22:
    6   m 12 w
    7   m 14 n
>>> 8   m 15 e
    9   m 17 w
    10   m 20 s

warning: entity 20 was directed to use 1 halite to move south, but only 0 halite was available
At command 10 of 22:
    8   m 15 e
    9   m 17 w
>>> 10   m 20 s
    11   m 21 w
    12   m 24 w

warning: entity 21 was directed to use 1 halite to move west, but only 0 halite was available
At command 11 of 22:
    9   m 17 w
    10   m 20 s
>>> 11   m 21 w
    12   m 24 w
    13   m 31 w


Turn 400
================================================================
warning: entity 8 was directed to use 1 halite to move south, but only 0 halite was available
At command 4 of 22:
    2   m 4 o
    3   m 6 s
>>> 4   m 8 s
    5   m 10 e
    6   m 12 w

warning: entity 17 was directed to use 1 halite to move west, but only 0 halite was available
At command 9 of 22:
    7   m 14 n
    8   m 15 e
>>> 9   m 17 w
    10   m 20 s
    11   m 21 w


Turn 402
================================================================
warning: entity 12 was directed to use 4 halite to move east, but only 0 halite was available
At command 6 of 22:
    4   m 8 s
    5   m 10 e
>>> 6   m 12 e
    7   m 14 w
    8   m 15 o


Turn 403
================================================================
warning: entity 21 was directed to use 2 halite to move west, but only 1 halite was available
At command 11 of 22:
    9   m 17 w
    10   m 20 o
>>> 11   m 21 w
    12   m 24 w
    13   m 31 w

warning: entity 24 was directed to use 3 halite to move west, but only 0 halite was available
At command 12 of 22:
    10   m 20 o
    11   m 21 w
>>> 12   m 24 w
    13   m 31 w
    14   m 36 s


Turn 406
================================================================
warning: entity 17 was directed to use 1 halite to move south, but only 0 halite was available
At command 9 of 21:
    7   m 14 w
    8   m 15 o
>>> 9   m 17 s
    10   m 20 s
    11   m 21 w


Turn 407
================================================================
warning: entity 21 was directed to use 3 halite to move west, but only 0 halite was available
At command 11 of 20:
    9   m 17 s
    10   m 20 s
>>> 11   m 21 w
    12   m 24 o
    13   m 31 e


Turn 408
================================================================
warning: entity 17 was directed to use 4 halite to move south, but only 3 halite was available
At command 9 of 22:
    7   m 14 w
    8   m 15 o
>>> 9   m 17 s
    10   m 20 s
    11   m 21 w


Turn 410
================================================================
warning: entity 14 was directed to use 1 halite to move west, but only 0 halite was available
At command 7 of 22:
    5   m 10 e
    6   m 12 e
>>> 7   m 14 w
    8   m 15 e
    9   m 17 s

warning: entity 31 was directed to use 1 halite to move east, but only 0 halite was available
At command 13 of 22:
    11   m 21 w
    12   m 24 e
>>> 13   m 31 e
    14   m 36 o
    15   m 37 w


Turn 412
================================================================
warning: entity 39 was directed to use 1 halite to move east, but only 0 halite was available
At command 17 of 22:
    15   m 37 w
    16   m 38 e
>>> 17   m 39 e
    18   m 40 w
    19   m 41 w


Turn 413
================================================================
warning: entity 12 was directed to use 22 halite to move east, but only 19 halite was available
At command 6 of 22:
    4   m 8 e
    5   m 10 e
>>> 6   m 12 e
    7   m 14 w
    8   m 15 o

warning: entity 14 was directed to use 4 halite to move west, but only 2 halite was available
At command 7 of 22:
    5   m 10 e
    6   m 12 e
>>> 7   m 14 w
    8   m 15 o
    9   m 17 s

warning: entity 21 was directed to use 2 halite to move east, but only 0 halite was available
At command 11 of 22:
    9   m 17 s
    10   m 20 s
>>> 11   m 21 e
    12   m 24 e
    13   m 31 e


Turn 414
================================================================
warning: entity 17 was directed to use 3 halite to move south, but only 2 halite was available
At command 9 of 22:
    7   m 14 w
    8   m 15 o
>>> 9   m 17 s
    10   m 20 o
    11   m 21 e

warning: entity 24 was directed to use 17 halite to move east, but only 1 halite was available
At command 12 of 22:
    10   m 20 o
    11   m 21 e
>>> 12   m 24 e
    13   m 31 e
    14   m 36 o


Turn 415
================================================================
warning: entity 39 was directed to use 3 halite to move east, but only 1 halite was available
At command 17 of 20:
    15   m 37 w
    16   m 38 e
>>> 17   m 39 e
    18   m 41 w
    19   m 43 e

warning: entity 41 was directed to use 1 halite to move west, but only 0 halite was available
At command 18 of 20:
    16   m 38 e
    17   m 39 e
>>> 18   m 41 w
    19   m 43 e
    20   m 45 e


Turn 417
================================================================
warning: entity 39 was directed to use 16 halite to move east, but only 7 halite was available
At command 17 of 22:
    15   m 37 s
    16   m 38 o
>>> 17   m 39 e
    18   m 40 e
    19   m 41 w


Turn 418
================================================================
warning: entity 17 was directed to use 4 halite to move east, but only 3 halite was available
At command 9 of 22:
    7   m 14 w
    8   m 15 o
>>> 9   m 17 e
    10   m 20 o
    11   m 21 s

warning: entity 31 was directed to use 2 halite to move east, but only 1 halite was available
At command 13 of 22:
    11   m 21 s
    12   m 24 e
>>> 13   m 31 e
    14   m 36 e
    15   m 37 s

warning: entity 37 was directed to use 4 halite to move south, but only 0 halite was available
At command 15 of 22:
    13   m 31 e
    14   m 36 e
>>> 15   m 37 s
    16   m 38 e
    17   m 39 e

warning: entity 41 was directed to use 3 halite to move west, but only 2 halite was available
At command 19 of 22:
    17   m 39 e
    18   m 40 e
>>> 19   m 41 w
    20   m 42 w
    21   m 43 n


Turn 419
================================================================
warning: entity 40 was directed to use 1 halite to move east, but only 0 halite was available
At command 18 of 22:
    16   m 38 e
    17   m 39 e
>>> 18   m 40 e
    19   m 41 w
    20   m 42 w


Turn 422
================================================================
warning: entity 14 was directed to use 4 halite to move east, but only 3 halite was available
At command 7 of 21:
    5   m 10 s
    6   m 12 e
>>> 7   m 14 e
    8   m 17 e
    9   m 20 n

warning: entity 17 was directed to use 7 halite to move east, but only 0 halite was available
At command 8 of 21:
    6   m 12 e
    7   m 14 e
>>> 8   m 17 e
    9   m 20 n
    10   m 21 e

warning: entity 24 was directed to use 4 halite to move east, but only 2 halite was available
At command 11 of 21:
    9   m 20 n
    10   m 21 e
>>> 11   m 24 e
    12   m 31 e
    13   m 36 n

warning: entity 40 was directed to use 4 halite to move east, but only 1 halite was available
At command 17 of 21:
    15   m 38 n
    16   m 39 e
>>> 17   m 40 e
    18   m 41 w
    19   m 42 w


Turn 423
================================================================
warning: entity 21 was directed to use 12 halite to move east, but only 5 halite was available
At command 11 of 22:
    9   m 17 e
    10   m 20 n
>>> 11   m 21 e
    12   m 24 e
    13   m 31 e


Turn 424
================================================================
warning: entity 39 was directed to use 14 halite to move east, but only 9 halite was available
At command 17 of 22:
    15   m 37 s
    16   m 38 n
>>> 17   m 39 e
    18   m 40 e
    19   m 41 w


Turn 425
================================================================
warning: entity 41 was directed to use 4 halite to move east, but only 2 halite was available
At command 18 of 21:
    16   m 39 e
    17   m 40 o
>>> 18   m 41 e
    19   m 42 w
    20   m 43 n

warning: entity 42 was directed to use 1 halite to move west, but only 0 halite was available
At command 19 of 21:
    17   m 40 o
    18   m 41 e
>>> 19   m 42 w
    20   m 43 n
    21   m 45 n


Turn 427
================================================================
warning: entity 14 was directed to use 3 halite to move east, but only 2 halite was available
At command 7 of 22:
    5   m 10 s
    6   m 12 e
>>> 7   m 14 e
    8   m 15 w
    9   m 17 e

warning: entity 17 was directed to use 4 halite to move east, but only 0 halite was available
At command 9 of 22:
    7   m 14 e
    8   m 15 w
>>> 9   m 17 e
    10   m 20 n
    11   m 21 e


Turn 428
================================================================
warning: entity 12 was directed to use 4 halite to move east, but only 2 halite was available
At command 6 of 22:
    4   m 8 n
    5   m 10 s
>>> 6   m 12 e
    7   m 14 e
    8   m 15 w

warning: entity 21 was directed to use 9 halite to move east, but only 6 halite was available
At command 11 of 22:
    9   m 17 e
    10   m 20 n
>>> 11   m 21 e
    12   m 24 e
    13   m 31 e


Turn 429
================================================================
warning: entity 6 was directed to use 1 halite to move east, but only 0 halite was available
At command 3 of 22:
    1   m 0 e
    2   m 4 n
>>> 3   m 6 e
    4   m 8 n
    5   m 10 s

warning: entity 43 was directed to use 1 halite to move north, but only 0 halite was available
At command 21 of 22:
    19   m 41 o
    20   m 42 s
>>> 21   m 43 n
    22   m 45 n


Turn 430
================================================================
warning: entity 17 was directed to use 6 halite to move east, but only 2 halite was available
At command 8 of 21:
    6   m 14 e
    7   m 15 w
>>> 8   m 17 e
    9   m 20 n
    10   m 21 e

warning: entity 24 was directed to use 3 halite to move east, but only 2 halite was available
At command 11 of 21:
    9   m 20 n
    10   m 21 e
>>> 11   m 24 e
    12   m 31 e
    13   m 36 n

warning: entity 42 was directed to use 6 halite to move east, but only 0 halite was available
At command 19 of 21:
    17   m 40 e
    18   m 41 e
>>> 19   m 42 e
    20   m 43 n
    21   m 45 n


Turn 431
================================================================
warning: entity 14 was directed to use 4 halite to move east, but only 2 halite was available
At command 7 of 22:
    5   m 10 s
    6   m 12 s
>>> 7   m 14 e
    8   m 15 n
    9   m 17 e


Turn 432
================================================================
warning: entity 6 was directed to use 3 halite to move east, but only 1 halite was available
At command 3 of 22:
    1   m 0 s
    2   m 4 n
>>> 3   m 6 e
    4   m 8 w
    5   m 10 s

warning: entity 43 was directed to use 3 halite to move north, but only 0 halite was available
At command 21 of 22:
    19   m 41 e
    20   m 42 e
>>> 21   m 43 n
    22   m 45 n

warning: owned entities 12, 38 collided on cell (35, 24) as the result of moves on this turn
At command 6 of 22:
    4   m 8 w
    5   m 10 s
>>> 6   m 12 s
    7   m 14 e
    8   m 15 n

Other commands that placed an entity on this cell:
    14   m 36 n
    15   m 37 o
>>> 16   m 38 n
    17   m 39 e
    18   m 40 w


Turn 434
================================================================
warning: entity 17 was directed to use 15 halite to move east, but only 4 halite was available
At command 8 of 19:
    6   m 14 e
    7   m 15 w
>>> 8   m 17 e
    9   m 20 n
    10   m 21 e

warning: entity 42 was directed to use 12 halite to move east, but only 0 halite was available
At command 17 of 19:
    15   m 40 s
    16   m 41 e
>>> 17   m 42 e
    18   m 43 s
    19   m 45 n


Turn 435
================================================================
warning: owned entities 24, 4 collided on cell (35, 24) as the result of moves on this turn
At command 9 of 18:
    7   m 20 n
    8   m 21 e
>>> 9   m 24 s
    10   m 31 s
    11   m 36 n


Turn 436
================================================================
warning: entity 14 was directed to use 4 halite to move east, but only 3 halite was available
At command 5 of 18:
    3   m 8 w
    4   m 10 w
>>> 5   m 14 e
    6   m 15 w
    7   m 17 e


Turn 437
================================================================
warning: entity 6 was directed to use 15 halite to move west, but only 10 halite was available
At command 2 of 17:
    1   m 0 s
>>> 2   m 6 w
    3   m 8 w
    4   m 10 w

warning: owned entities 31, 39, 20 collided on cell (35, 24) as the result of moves on this turn
At command 9 of 17:
    7   m 17 e
    8   m 21 e
>>> 9   m 31 w
    10   m 36 n
    11   m 37 e

Other commands that placed an entity on this cell:
    10   m 36 n
    11   m 37 e
>>> 12   m 39 s
    13   m 40 w
    14   m 41 e


Turn 442
================================================================
warning: entity 15 was directed to use 3 halite to move east, but only 0 halite was available
At command 6 of 15:
    4   m 10 w
    5   m 14 n
>>> 6   m 15 e
    7   m 17 o
    8   m 21 e

warning: entity 41 was directed to use 2 halite to move east, but only 1 halite was available
At command 12 of 15:
    10   m 37 s
    11   m 40 n
>>> 12   m 41 e
    13   m 42 e
    14   m 43 w


Turn 445
================================================================
warning: entity 21 was directed to use 1 halite to move east, but only 0 halite was available
At command 7 of 14:
    5   m 15 e
    6   m 17 n
>>> 7   m 21 e
    8   m 36 w
    9   m 37 n

warning: owned entities 41, 14 collided on cell (35, 24) as the result of moves on this turn
At command 11 of 14:
    9   m 37 n
    10   m 40 w
>>> 11   m 41 s
    12   m 42 s
    13   m 43 n


Turn 446
================================================================
warning: entity 36 was directed to use 1 halite to move east, but only 0 halite was available
At command 7 of 12:
    5   m 17 n
    6   m 21 e
>>> 7   m 36 e
    8   m 37 n
    9   m 40 n

warning: entity 43 was directed to use 3 halite to move north, but only 0 halite was available
At command 11 of 12:
    9   m 40 n
    10   m 42 w
>>> 11   m 43 n
    12   m 45 w

warning: entity 45 was directed to use 1 halite to move west, but only 0 halite was available
At command 12 of 12:
    10   m 42 w
    11   m 43 n
>>> 12   m 45 w


Turn 447
================================================================
warning: entity 40 was directed to use 1 halite to move east, but only 0 halite was available
At command 9 of 12:
    7   m 36 e
    8   m 37 n
>>> 9   m 40 e
    10   m 42 e
    11   m 43 o

warning: owned entities 8, 17 collided on cell (35, 24) as the result of moves on this turn
At command 3 of 12:
    1   m 0 e
    2   m 6 e
>>> 3   m 8 e
    4   m 10 e
    5   m 15 o


Turn 449
================================================================
warning: owned entities 0, 6 collided on cell (36, 21) as the result of moves on this turn
At command 1 of 9:
>>> 1   m 0 e
    2   m 10 e
    3   m 15 e


Turn 450
================================================================
warning: owned entities 21, 42, 45, 37 collided on cell (35, 24) as the result of moves on this turn
At command 3 of 9:
    1   m 10 w
    2   m 15 e
>>> 3   m 21 w
    4   m 36 e
    5   m 37 o

Other commands that placed an entity on this cell:
    5   m 37 o
    6   m 40 s
>>> 7   m 42 n
    8   m 43 e
    9   m 45 e

    7   m 42 n
    8   m 43 e
>>> 9   m 45 e

