
Turn 3
================================================================
warning: entity 1 was directed to use 8 halite to move east, but only 0 halite was available
At command 1 of 1:
>>> 1   m 1 e


Turn 8
================================================================
warning: entity 1 was directed to use 14 halite to move east, but only 5 halite was available
At command 1 of 2:
>>> 1   m 1 e
    2   m 3 e

warning: entity 3 was directed to use 6 halite to move east, but only 0 halite was available
At command 2 of 2:
    1   m 1 e
>>> 2   m 3 e


Turn 13
================================================================
warning: entity 3 was directed to use 10 halite to move west, but only 1 halite was available
At command 2 of 3:
    1   m 1 o
>>> 2   m 3 w
    3   m 5 e

warning: entity 5 was directed to use 4 halite to move east, but only 0 halite was available
At command 3 of 3:
    1   m 1 o
    2   m 3 w
>>> 3   m 5 e


Turn 15
================================================================
warning: entity 3 was directed to use 29 halite to move north, but only 21 halite was available
At command 2 of 3:
    1   m 1 o
>>> 2   m 3 n
    3   m 5 n


Turn 17
================================================================
warning: entity 5 was directed to use 13 halite to move east, but only 4 halite was available
At command 3 of 4:
    1   m 1 o
    2   m 3 s
>>> 3   m 5 e
    4   m 7 w


Turn 18
================================================================
warning: entity 7 was directed to use 2 halite to move west, but only 0 halite was available
At command 4 of 4:
    2   m 3 n
    3   m 5 n
>>> 4   m 7 w


Turn 20
================================================================
warning: entity 5 was directed to use 14 halite to move east, but only 7 halite was available
At command 3 of 4:
    1   m 1 o
    2   m 3 e
>>> 3   m 5 e
    4   m 7 w

warning: entity 7 was directed to use 12 halite to move west, but only 4 halite was available
At command 4 of 4:
    2   m 3 e
    3   m 5 e
>>> 4   m 7 w


Turn 21
================================================================
warning: entity 3 was directed to use 38 halite to move east, but only 17 halite was available
At command 2 of 4:
    1   m 1 o
>>> 2   m 3 e
    3   m 5 e
    4   m 7 w


Turn 24
================================================================
warning: entity 7 was directed to use 31 halite to move west, but only 10 halite was available
At command 4 of 4:
    2   m 3 o
    3   m 5 o
>>> 4   m 7 w


Turn 31
================================================================
warning: entity 1 was directed to use 11 halite to move east, but only 0 halite was available
At command 1 of 4:
>>> 1   m 1 e
    2   m 3 w
    3   m 5 o


Turn 33
================================================================
warning: entity 1 was directed to use 24 halite to move east, but only 21 halite was available
At command 1 of 3:
>>> 1   m 1 e
    2   m 3 w
    3   m 7 o


Turn 37
================================================================
warning: entity 3 was directed to use 1 halite to move west, but only 0 halite was available
At command 2 of 4:
    1   m 1 e
>>> 2   m 3 w
    3   m 5 s
    4   m 7 o


Turn 39
================================================================
warning: entity 3 was directed to use 9 halite to move west, but only 3 halite was available
At command 2 of 4:
    1   m 1 o
>>> 2   m 3 w
    3   m 5 w
    4   m 7 e


Turn 43
================================================================
warning: entity 3 was directed to use 23 halite to move west, but only 5 halite was available
At command 2 of 4:
    1   m 1 o
>>> 2   m 3 w
    3   m 5 e
    4   m 7 e

warning: entity 5 was directed to use 8 halite to move east, but only 0 halite was available
At command 3 of 4:
    1   m 1 o
    2   m 3 w
>>> 3   m 5 e
    4   m 7 e


Turn 48
================================================================
warning: entity 5 was directed to use 14 halite to move east, but only 4 halite was available
At command 3 of 5:
    1   m 1 o
    2   m 3 o
>>> 3   m 5 e
    4   m 7 e
    5   m 8 e

warning: entity 8 was directed to use 3 halite to move east, but only 0 halite was available
At command 5 of 5:
    3   m 5 e
    4   m 7 e
>>> 5   m 8 e


Turn 52
================================================================
warning: entity 7 was directed to use 1 halite to move west, but only 0 halite was available
At command 4 of 5:
    2   m 3 o
    3   m 5 o
>>> 4   m 7 w
    5   m 8 e

warning: entity 8 was directed to use 16 halite to move east, but only 1 halite was available
At command 5 of 5:
    3   m 5 o
    4   m 7 w
>>> 5   m 8 e


Turn 54
================================================================
warning: entity 7 was directed to use 6 halite to move west, but only 3 halite was available
At command 4 of 5:
    2   m 3 o
    3   m 5 o
>>> 4   m 7 w
    5   m 8 e


Turn 58
================================================================
warning: entity 7 was directed to use 10 halite to move west, but only 0 halite was available
At command 4 of 5:
    2   m 3 e
    3   m 5 o
>>> 4   m 7 w
    5   m 8 o


Turn 59
================================================================
warning: entity 1 was directed to use 3 halite to move north, but only 0 halite was available
At command 1 of 5:
>>> 1   m 1 n
    2   m 3 e
    3   m 5 o


Turn 63
================================================================
warning: entity 1 was directed to use 7 halite to move north, but only 1 halite was available
At command 1 of 5:
>>> 1   m 1 n
    2   m 3 e
    3   m 5 w

warning: entity 7 was directed to use 17 halite to move west, but only 0 halite was available
At command 4 of 5:
    2   m 3 e
    3   m 5 w
>>> 4   m 7 w
    5   m 8 o


Turn 65
================================================================
warning: entity 1 was directed to use 22 halite to move east, but only 15 halite was available
At command 1 of 5:
>>> 1   m 1 e
    2   m 3 e
    3   m 5 w


Turn 66
================================================================
warning: entity 3 was directed to use 2 halite to move south, but only 0 halite was available
At command 2 of 4:
    1   m 1 n
>>> 2   m 3 s
    3   m 5 w
    4   m 7 w


Turn 69
================================================================
warning: entity 3 was directed to use 6 halite to move east, but only 2 halite was available
At command 2 of 4:
    1   m 1 o
>>> 2   m 3 e
    3   m 5 w
    4   m 8 w


Turn 73
================================================================
warning: entity 3 was directed to use 11 halite to move east, but only 7 halite was available
At command 2 of 5:
    1   m 1 o
>>> 2   m 3 e
    3   m 5 s
    4   m 7 e

warning: entity 5 was directed to use 2 halite to move south, but only 0 halite was available
At command 3 of 5:
    1   m 1 o
    2   m 3 e
>>> 3   m 5 s
    4   m 7 e
    5   m 8 w


Turn 76
================================================================
warning: entity 5 was directed to use 2 halite to move east, but only 1 halite was available
At command 3 of 5:
    1   m 1 o
    2   m 3 o
>>> 3   m 5 e
    4   m 7 e
    5   m 8 w


Turn 78
================================================================
warning: entity 5 was directed to use 7 halite to move east, but only 6 halite was available
At command 3 of 4:
    1   m 1 o
    2   m 3 o
>>> 3   m 5 e
    4   m 8 w


Turn 81
================================================================
warning: entity 5 was directed to use 21 halite to move east, but only 9 halite was available
At command 2 of 4:
    1   m 3 o
>>> 2   m 5 e
    3   m 7 s
    4   m 8 n

warning: entity 7 was directed to use 5 halite to move south, but only 0 halite was available
At command 3 of 4:
    1   m 3 o
    2   m 5 e
>>> 3   m 7 s
    4   m 8 n


Turn 84
================================================================
warning: entity 7 was directed to use 6 halite to move west, but only 3 halite was available
At command 4 of 5:
    2   m 3 o
    3   m 5 o
>>> 4   m 7 w
    5   m 8 s

warning: entity 8 was directed to use 6 halite to move south, but only 0 halite was available
At command 5 of 5:
    3   m 5 o
    4   m 7 w
>>> 5   m 8 s


Turn 86
================================================================
warning: entity 7 was directed to use 20 halite to move west, but only 15 halite was available
At command 4 of 5:
    2   m 3 o
    3   m 5 o
>>> 4   m 7 w
    5   m 8 s

warning: entity 8 was directed to use 18 halite to move south, but only 12 halite was available
At command 5 of 5:
    3   m 5 o
    4   m 7 w
>>> 5   m 8 s


Turn 92
================================================================
warning: entity 8 was directed to use 17 halite to move south, but only 12 halite was available
At command 5 of 5:
    3   m 5 w
    4   m 7 o
>>> 5   m 8 s


Turn 93
================================================================
warning: entity 1 was directed to use 3 halite to move south, but only 0 halite was available
At command 1 of 5:
>>> 1   m 1 s
    2   m 3 w
    3   m 5 w


Turn 96
================================================================
warning: entity 1 was directed to use 14 halite to move south, but only 1 halite was available
At command 1 of 4:
>>> 1   m 1 s
    2   m 3 w
    3   m 7 o


Turn 98
================================================================
warning: entity 5 was directed to use 2 halite to move east, but only 0 halite was available
At command 3 of 5:
    1   m 1 s
    2   m 3 e
>>> 3   m 5 e
    4   m 7 o
    5   m 8 o


Turn 101
================================================================
warning: entity 3 was directed to use 4 halite to move south, but only 0 halite was available
At command 2 of 5:
    1   m 1 o
>>> 2   m 3 s
    3   m 5 e
    4   m 7 o

warning: entity 5 was directed to use 4 halite to move east, but only 3 halite was available
At command 3 of 5:
    1   m 1 o
    2   m 3 s
>>> 3   m 5 e
    4   m 7 o
    5   m 8 o


Turn 104
================================================================
warning: entity 3 was directed to use 7 halite to move south, but only 3 halite was available
At command 3 of 6:
    1   g
    2   m 1 o
>>> 3   m 3 s
    4   m 5 e
    5   m 7 e

warning: entity 5 was directed to use 8 halite to move east, but only 0 halite was available
At command 4 of 6:
    2   m 1 o
    3   m 3 s
>>> 4   m 5 e
    5   m 7 e
    6   m 8 o


Turn 106
================================================================
warning: entity 11 was directed to use 1 halite to move north, but only 0 halite was available
At command 6 of 6:
    4   m 7 e
    5   m 8 n
>>> 6   m 11 n


Turn 107
================================================================
warning: entity 5 was directed to use 1 halite to move east, but only 0 halite was available
At command 3 of 6:
    1   m 1 o
    2   m 3 s
>>> 3   m 5 e
    4   m 7 e
    5   m 8 n


Turn 108
================================================================
warning: entity 3 was directed to use 16 halite to move south, but only 9 halite was available
At command 2 of 6:
    1   m 1 o
>>> 2   m 3 s
    3   m 5 e
    4   m 7 e


Turn 109
================================================================
warning: entity 11 was directed to use 3 halite to move north, but only 1 halite was available
At command 6 of 6:
    4   m 7 e
    5   m 8 n
>>> 6   m 11 n


Turn 111
================================================================
warning: entity 11 was directed to use 10 halite to move north, but only 8 halite was available
At command 5 of 5:
    3   m 5 o
    4   m 8 n
>>> 5   m 11 n


Turn 114
================================================================
warning: entity 7 was directed to use 2 halite to move west, but only 0 halite was available
At command 4 of 5:
    2   m 3 o
    3   m 5 o
>>> 4   m 7 w
    5   m 11 n

warning: entity 11 was directed to use 20 halite to move north, but only 11 halite was available
At command 5 of 5:
    3   m 5 o
    4   m 7 w
>>> 5   m 11 n


Turn 116
================================================================
warning: entity 7 was directed to use 13 halite to move west, but only 5 halite was available
At command 4 of 6:
    2   m 3 o
    3   m 5 o
>>> 4   m 7 w
    5   m 8 e
    6   m 11 n

warning: entity 8 was directed to use 1 halite to move east, but only 0 halite was available
At command 5 of 6:
    3   m 5 o
    4   m 7 w
>>> 5   m 8 e
    6   m 11 n


Turn 119
================================================================
warning: entity 8 was directed to use 6 halite to move south, but only 1 halite was available
At command 5 of 6:
    3   m 5 o
    4   m 7 w
>>> 5   m 8 s
    6   m 11 o


Turn 121
================================================================
warning: entity 7 was directed to use 23 halite to move west, but only 2 halite was available
At command 3 of 5:
    1   m 3 o
    2   m 5 w
>>> 3   m 7 w
    4   m 8 e
    5   m 11 o


Turn 123
================================================================
warning: entity 8 was directed to use 16 halite to move south, but only 2 halite was available
At command 5 of 6:
    3   m 5 w
    4   m 7 o
>>> 5   m 8 s
    6   m 11 o


Turn 124
================================================================
warning: entity 1 was directed to use 6 halite to move west, but only 0 halite was available
At command 1 of 6:
>>> 1   m 1 w
    2   m 3 n
    3   m 5 w


Turn 128
================================================================
warning: entity 1 was directed to use 15 halite to move west, but only 0 halite was available
At command 1 of 6:
>>> 1   m 1 w
    2   m 3 n
    3   m 5 w


Turn 131
================================================================
warning: entity 1 was directed to use 26 halite to move west, but only 12 halite was available
At command 1 of 6:
>>> 1   m 1 w
    2   m 3 w
    3   m 5 n


Turn 132
================================================================
warning: entity 5 was directed to use 2 halite to move south, but only 0 halite was available
At command 3 of 6:
    1   m 1 w
    2   m 3 n
>>> 3   m 5 s
    4   m 7 o
    5   m 8 o


Turn 135
================================================================
warning: entity 3 was directed to use 2 halite to move west, but only 0 halite was available
At command 2 of 6:
    1   m 1 o
>>> 2   m 3 w
    3   m 5 s
    4   m 7 e


Turn 136
================================================================
warning: entity 5 was directed to use 4 halite to move south, but only 2 halite was available
At command 3 of 6:
    1   m 1 o
    2   m 3 w
>>> 3   m 5 s
    4   m 7 e
    5   m 8 o


Turn 138
================================================================
warning: entity 3 was directed to use 9 halite to move west, but only 0 halite was available
At command 2 of 6:
    1   m 1 o
>>> 2   m 3 w
    3   m 5 s
    4   m 7 e


Turn 139
================================================================
warning: entity 5 was directed to use 8 halite to move south, but only 3 halite was available
At command 3 of 5:
    1   m 1 o
    2   m 3 w
>>> 3   m 5 s
    4   m 7 e
    5   m 11 s


Turn 142
================================================================
warning: entity 3 was directed to use 13 halite to move west, but only 4 halite was available
At command 2 of 6:
    1   m 1 o
>>> 2   m 3 w
    3   m 5 s
    4   m 7 s

warning: entity 5 was directed to use 16 halite to move south, but only 10 halite was available
At command 3 of 6:
    1   m 1 o
    2   m 3 w
>>> 3   m 5 s
    4   m 7 s
    5   m 8 n

warning: entity 11 was directed to use 1 halite to move east, but only 0 halite was available
At command 6 of 6:
    4   m 7 s
    5   m 8 n
>>> 6   m 11 e


Turn 145
================================================================
warning: entity 11 was directed to use 5 halite to move east, but only 2 halite was available
At command 6 of 6:
    4   m 7 s
    5   m 8 w
>>> 6   m 11 e


Turn 146
================================================================
warning: entity 7 was directed to use 3 halite to move west, but only 0 halite was available
At command 3 of 5:
    1   m 3 o
    2   m 5 o
>>> 3   m 7 w
    4   m 8 w
    5   m 11 n


Turn 148
================================================================
warning: entity 7 was directed to use 13 halite to move south, but only 7 halite was available
At command 4 of 6:
    2   m 3 o
    3   m 5 o
>>> 4   m 7 s
    5   m 8 w
    6   m 11 e

warning: entity 11 was directed to use 16 halite to move east, but only 7 halite was available
At command 6 of 6:
    4   m 7 s
    5   m 8 w
>>> 6   m 11 e


Turn 151
================================================================
warning: entity 11 was directed to use 23 halite to move north, but only 22 halite was available
At command 6 of 6:
    4   m 7 w
    5   m 8 s
>>> 6   m 11 n


Turn 152
================================================================
warning: entity 8 was directed to use 5 halite to move south, but only 0 halite was available
At command 5 of 6:
    3   m 5 o
    4   m 7 s
>>> 5   m 8 s
    6   m 11 e


Turn 154
================================================================
warning: entity 7 was directed to use 10 halite to move south, but only 2 halite was available
At command 4 of 6:
    2   m 3 s
    3   m 5 o
>>> 4   m 7 s
    5   m 8 w
    6   m 11 o


Turn 155
================================================================
warning: entity 8 was directed to use 10 halite to move west, but only 5 halite was available
At command 5 of 6:
    3   m 5 o
    4   m 7 s
>>> 5   m 8 w
    6   m 11 o


Turn 173
================================================================
warning: entity 5 was directed to use 3 halite to move west, but only 0 halite was available
At command 2 of 5:
    1   m 1 o
>>> 2   m 5 w
    3   m 7 n
    4   m 8 e


Turn 176
================================================================
warning: entity 5 was directed to use 8 halite to move west, but only 3 halite was available
At command 2 of 5:
    1   m 1 o
>>> 2   m 5 w
    3   m 7 n
    4   m 8 n


Turn 178
================================================================
warning: entity 11 was directed to use 2 halite to move east, but only 0 halite was available
At command 4 of 4:
    2   m 5 w
    3   m 8 n
>>> 4   m 11 e


Turn 179
================================================================
warning: entity 5 was directed to use 6 halite to move west, but only 1 halite was available
At command 2 of 5:
    1   m 1 o
>>> 2   m 5 w
    3   m 7 w
    4   m 8 n


Turn 181
================================================================
warning: entity 7 was directed to use 2 halite to move west, but only 0 halite was available
At command 3 of 4:
    1   m 1 o
    2   m 5 w
>>> 3   m 7 w
    4   m 11 e

warning: entity 11 was directed to use 5 halite to move east, but only 3 halite was available
At command 4 of 4:
    2   m 5 w
    3   m 7 w
>>> 4   m 11 e


Turn 182
================================================================
warning: entity 5 was directed to use 24 halite to move west, but only 3 halite was available
At command 2 of 5:
    1   m 1 o
>>> 2   m 5 w
    3   m 7 s
    4   m 8 w


Turn 184
================================================================
warning: entity 7 was directed to use 5 halite to move south, but only 0 halite was available
At command 3 of 5:
    1   m 1 e
    2   m 5 o
>>> 3   m 7 s
    4   m 8 s
    5   m 11 e

warning: entity 8 was directed to use 2 halite to move south, but only 0 halite was available
At command 4 of 5:
    2   m 5 o
    3   m 7 s
>>> 4   m 8 s
    5   m 11 e

warning: entity 11 was directed to use 12 halite to move east, but only 9 halite was available
At command 5 of 5:
    3   m 7 s
    4   m 8 s
>>> 5   m 11 e


Turn 186
================================================================
warning: entity 8 was directed to use 7 halite to move south, but only 4 halite was available
At command 3 of 4:
    1   m 5 o
    2   m 7 w
>>> 3   m 8 s
    4   m 11 e


Turn 188
================================================================
warning: entity 7 was directed to use 11 halite to move south, but only 0 halite was available
At command 3 of 5:
    1   m 1 n
    2   m 5 o
>>> 3   m 7 s
    4   m 8 w
    5   m 11 o


Turn 189
================================================================
warning: entity 1 was directed to use 5 halite to move north, but only 0 halite was available
At command 1 of 5:
>>> 1   m 1 n
    2   m 5 o
    3   m 7 w

warning: entity 8 was directed to use 17 halite to move west, but only 11 halite was available
At command 4 of 5:
    2   m 5 o
    3   m 7 w
>>> 4   m 8 w
    5   m 11 o


Turn 191
================================================================
warning: entity 7 was directed to use 24 halite to move south, but only 8 halite was available
At command 4 of 6:
    2   m 1 w
    3   m 5 o
>>> 4   m 7 s
    5   m 8 w
    6   m 11 o


Turn 192
================================================================
warning: entity 1 was directed to use 2 halite to move west, but only 1 halite was available
At command 1 of 6:
>>> 1   m 1 w
    2   m 5 o
    3   m 7 s


Turn 194
================================================================
warning: entity 8 was directed to use 19 halite to move south, but only 9 halite was available
At command 3 of 5:
    1   m 1 w
    2   m 7 o
>>> 3   m 8 s
    4   m 11 o
    5   m 13 e

warning: entity 13 was directed to use 1 halite to move east, but only 0 halite was available
At command 5 of 5:
    3   m 8 s
    4   m 11 o
>>> 5   m 13 e


Turn 195
================================================================
warning: entity 1 was directed to use 6 halite to move west, but only 3 halite was available
At command 1 of 6:
>>> 1   m 1 w
    2   m 5 e
    3   m 7 o


Turn 197
================================================================
warning: entity 13 was directed to use 12 halite to move east, but only 2 halite was available
At command 6 of 6:
    4   m 8 w
    5   m 11 o
>>> 6   m 13 e


Turn 198
================================================================
warning: entity 1 was directed to use 13 halite to move west, but only 4 halite was available
At command 1 of 5:
>>> 1   m 1 w
    2   m 5 e
    3   m 7 o


Turn 202
================================================================
warning: entity 13 was directed to use 21 halite to move east, but only 2 halite was available
At command 6 of 6:
    4   m 8 o
    5   m 11 w
>>> 6   m 13 e


Turn 207
================================================================
warning: entity 5 was directed to use 1 halite to move south, but only 0 halite was available
At command 2 of 6:
    1   m 1 o
>>> 2   m 5 s
    3   m 7 n
    4   m 8 o


Turn 209
================================================================
warning: entity 5 was directed to use 5 halite to move south, but only 3 halite was available
At command 2 of 5:
    1   m 1 o
>>> 2   m 5 s
    3   m 7 e
    4   m 11 w


Turn 211
================================================================
warning: entity 11 was directed to use 1 halite to move south, but only 0 halite was available
At command 4 of 5:
    2   m 7 e
    3   m 8 e
>>> 4   m 11 s
    5   m 13 o


Turn 213
================================================================
warning: entity 5 was directed to use 12 halite to move south, but only 7 halite was available
At command 2 of 6:
    1   m 1 e
>>> 2   m 5 s
    3   m 7 e
    4   m 8 e

warning: entity 11 was directed to use 5 halite to move south, but only 3 halite was available
At command 5 of 6:
    3   m 7 e
    4   m 8 e
>>> 5   m 11 s
    6   m 13 o


Turn 217
================================================================
warning: entity 11 was directed to use 6 halite to move west, but only 2 halite was available
At command 5 of 6:
    3   m 7 s
    4   m 8 e
>>> 5   m 11 w
    6   m 13 s


Turn 218
================================================================
warning: entity 7 was directed to use 2 halite to move west, but only 0 halite was available
At command 3 of 6:
    1   m 1 e
    2   m 5 o
>>> 3   m 7 w
    4   m 8 e
    5   m 11 w


Turn 220
================================================================
warning: entity 11 was directed to use 7 halite to move west, but only 5 halite was available
At command 4 of 5:
    2   m 5 o
    3   m 7 w
>>> 4   m 11 w
    5   m 13 s


Turn 222
================================================================
warning: entity 7 was directed to use 5 halite to move west, but only 1 halite was available
At command 3 of 6:
    1   m 1 s
    2   m 5 o
>>> 3   m 7 w
    4   m 8 s
    5   m 11 s

warning: entity 8 was directed to use 1 halite to move south, but only 0 halite was available
At command 4 of 6:
    2   m 5 o
    3   m 7 w
>>> 4   m 8 s
    5   m 11 s
    6   m 13 w


Turn 224
================================================================
warning: entity 8 was directed to use 10 halite to move south, but only 4 halite was available
At command 3 of 5:
    1   m 5 o
    2   m 7 w
>>> 3   m 8 s
    4   m 11 o
    5   m 13 n


Turn 225
================================================================
warning: entity 7 was directed to use 16 halite to move south, but only 0 halite was available
At command 3 of 6:
    1   m 1 s
    2   m 5 o
>>> 3   m 7 s
    4   m 8 w
    5   m 11 o


Turn 226
================================================================
warning: entity 1 was directed to use 1 halite to move south, but only 0 halite was available
At command 1 of 6:
>>> 1   m 1 s
    2   m 5 o
    3   m 7 s


Turn 228
================================================================
warning: entity 1 was directed to use 7 halite to move south, but only 3 halite was available
At command 1 of 5:
>>> 1   m 1 s
    2   m 5 e
    3   m 7 s


Turn 229
================================================================
warning: entity 7 was directed to use 15 halite to move east, but only 4 halite was available
At command 3 of 6:
    1   m 1 w
    2   m 5 n
>>> 3   m 7 e
    4   m 8 s
    5   m 11 o


Turn 230
================================================================
warning: entity 8 was directed to use 15 halite to move south, but only 4 halite was available
At command 4 of 6:
    2   m 5 n
    3   m 7 n
>>> 4   m 8 s
    5   m 11 o
    6   m 13 s

warning: entity 13 was directed to use 1 halite to move south, but only 0 halite was available
At command 6 of 6:
    4   m 8 s
    5   m 11 o
>>> 6   m 13 s


Turn 233
================================================================
warning: entity 7 was directed to use 14 halite to move south, but only 6 halite was available
At command 3 of 5:
    1   m 1 w
    2   m 5 n
>>> 3   m 7 s
    4   m 8 s
    5   m 13 w

warning: entity 13 was directed to use 4 halite to move west, but only 2 halite was available
At command 5 of 5:
    3   m 7 s
    4   m 8 s
>>> 5   m 13 w


Turn 234
================================================================
warning: entity 1 was directed to use 11 halite to move west, but only 2 halite was available
At command 1 of 6:
>>> 1   m 1 w
    2   m 5 n
    3   m 7 s

warning: entity 8 was directed to use 30 halite to move south, but only 20 halite was available
At command 4 of 6:
    2   m 5 n
    3   m 7 s
>>> 4   m 8 s
    5   m 11 e
    6   m 13 s


Turn 237
================================================================
warning: entity 13 was directed to use 4 halite to move south, but only 2 halite was available
At command 5 of 5:
    3   m 8 o
    4   m 11 e
>>> 5   m 13 s


Turn 240
================================================================
warning: entity 5 was directed to use 3 halite to move south, but only 0 halite was available
At command 2 of 6:
    1   m 1 o
>>> 2   m 5 s
    3   m 7 o
    4   m 8 o

warning: entity 13 was directed to use 5 halite to move south, but only 3 halite was available
At command 6 of 6:
    4   m 8 o
    5   m 11 n
>>> 6   m 13 s


Turn 243
================================================================
warning: entity 5 was directed to use 8 halite to move south, but only 5 halite was available
At command 2 of 6:
    1   m 1 o
>>> 2   m 5 s
    3   m 7 o
    4   m 8 o


Turn 247
================================================================
warning: entity 5 was directed to use 16 halite to move east, but only 7 halite was available
At command 2 of 5:
    1   m 1 o
>>> 2   m 5 e
    3   m 7 o
    4   m 11 s

warning: entity 11 was directed to use 1 halite to move south, but only 0 halite was available
At command 4 of 5:
    2   m 5 e
    3   m 7 o
>>> 4   m 11 s
    5   m 13 o


Turn 250
================================================================
warning: entity 11 was directed to use 2 halite to move south, but only 1 halite was available
At command 4 of 5:
    2   m 7 e
    3   m 8 n
>>> 4   m 11 s
    5   m 13 o


Turn 251
================================================================
warning: entity 5 was directed to use 14 halite to move south, but only 3 halite was available
At command 2 of 6:
    1   m 1 n
>>> 2   m 5 s
    3   m 7 n
    4   m 8 e


Turn 252
================================================================
warning: entity 11 was directed to use 8 halite to move south, but only 7 halite was available
At command 5 of 6:
    3   m 7 e
    4   m 8 n
>>> 5   m 11 s
    6   m 13 o


Turn 256
================================================================
warning: entity 11 was directed to use 12 halite to move south, but only 2 halite was available
At command 5 of 6:
    3   m 7 n
    4   m 8 e
>>> 5   m 11 s
    6   m 13 n


Turn 259
================================================================
warning: entity 11 was directed to use 19 halite to move south, but only 1 halite was available
At command 4 of 5:
    2   m 5 o
    3   m 7 s
>>> 4   m 11 s
    5   m 13 n


Turn 262
================================================================
warning: entity 8 was directed to use 2 halite to move south, but only 0 halite was available
At command 3 of 5:
    1   m 5 o
    2   m 7 n
>>> 3   m 8 s
    4   m 11 o
    5   m 13 e


Turn 264
================================================================
warning: entity 1 was directed to use 1 halite to move east, but only 0 halite was available
At command 1 of 6:
>>> 1   m 1 e
    2   m 5 n
    3   m 7 n


Turn 265
================================================================
warning: entity 8 was directed to use 6 halite to move west, but only 3 halite was available
At command 4 of 6:
    2   m 5 n
    3   m 7 e
>>> 4   m 8 w
    5   m 11 o
    6   m 13 n


Turn 268
================================================================
warning: entity 1 was directed to use 1 halite to move north, but only 0 halite was available
At command 1 of 6:
>>> 1   m 1 n
    2   m 5 n
    3   m 7 s


Turn 269
================================================================
warning: entity 7 was directed to use 5 halite to move west, but only 0 halite was available
At command 3 of 5:
    1   m 1 n
    2   m 5 w
>>> 3   m 7 w
    4   m 8 w
    5   m 11 o


Turn 270
================================================================
warning: entity 8 was directed to use 9 halite to move west, but only 3 halite was available
At command 4 of 6:
    2   m 5 n
    3   m 7 s
>>> 4   m 8 w
    5   m 11 o
    6   m 13 s


Turn 271
================================================================
warning: entity 1 was directed to use 6 halite to move east, but only 0 halite was available
At command 1 of 5:
>>> 1   m 1 e
    2   m 5 n
    3   m 7 s

warning: entity 7 was directed to use 16 halite to move south, but only 10 halite was available
At command 3 of 5:
    1   m 1 e
    2   m 5 n
>>> 3   m 7 s
    4   m 8 s
    5   m 13 s


Turn 272
================================================================
warning: entity 13 was directed to use 4 halite to move west, but only 0 halite was available
At command 6 of 6:
    4   m 8 s
    5   m 11 n
>>> 6   m 13 w


Turn 273
================================================================
warning: entity 1 was directed to use 15 halite to move east, but only 12 halite was available
At command 1 of 6:
>>> 1   m 1 e
    2   m 5 n
    3   m 7 w


Turn 274
================================================================
warning: entity 13 was directed to use 12 halite to move west, but only 8 halite was available
At command 6 of 6:
    4   m 8 w
    5   m 11 n
>>> 6   m 13 w


Turn 275
================================================================
warning: entity 8 was directed to use 22 halite to move west, but only 4 halite was available
At command 3 of 5:
    1   m 1 e
    2   m 7 w
>>> 3   m 8 w
    4   m 11 n
    5   m 13 s


Turn 277
================================================================
warning: entity 1 was directed to use 23 halite to move east, but only 15 halite was available
At command 1 of 6:
>>> 1   m 1 e
    2   m 5 s
    3   m 7 s


Turn 278
================================================================
warning: entity 5 was directed to use 1 halite to move south, but only 0 halite was available
At command 2 of 6:
    1   m 1 e
>>> 2   m 5 s
    3   m 7 s
    4   m 8 o


Turn 279
================================================================
warning: entity 7 was directed to use 20 halite to move north, but only 4 halite was available
At command 3 of 6:
    1   m 1 o
    2   m 5 s
>>> 3   m 7 n
    4   m 8 o
    5   m 11 w


Turn 281
================================================================
warning: entity 5 was directed to use 6 halite to move west, but only 0 halite was available
At command 2 of 6:
    1   m 1 o
>>> 2   m 5 w
    3   m 7 s
    4   m 8 o


Turn 283
================================================================
warning: entity 5 was directed to use 12 halite to move west, but only 11 halite was available
At command 2 of 5:
    1   m 1 o
>>> 2   m 5 w
    3   m 7 s
    4   m 8 o


Turn 284
================================================================
warning: entity 7 was directed to use 16 halite to move south, but only 11 halite was available
At command 3 of 6:
    1   m 1 o
    2   m 5 s
>>> 3   m 7 s
    4   m 8 o
    5   m 11 s


Turn 285
================================================================
warning: entity 13 was directed to use 1 halite to move west, but only 0 halite was available
At command 6 of 6:
    4   m 8 o
    5   m 11 s
>>> 6   m 13 w


Turn 286
================================================================
warning: entity 11 was directed to use 3 halite to move south, but only 0 halite was available
At command 5 of 6:
    3   m 7 w
    4   m 8 o
>>> 5   m 11 s
    6   m 13 w


Turn 287
================================================================
warning: entity 13 was directed to use 15 halite to move west, but only 3 halite was available
At command 5 of 5:
    3   m 7 o
    4   m 11 e
>>> 5   m 13 w


Turn 290
================================================================
warning: entity 11 was directed to use 5 halite to move east, but only 1 halite was available
At command 5 of 6:
    3   m 7 o
    4   m 8 n
>>> 5   m 11 e
    6   m 13 o


Turn 293
================================================================
warning: entity 11 was directed to use 9 halite to move south, but only 2 halite was available
At command 5 of 6:
    3   m 7 o
    4   m 8 n
>>> 5   m 11 s
    6   m 13 o


Turn 296
================================================================
warning: entity 11 was directed to use 24 halite to move east, but only 0 halite was available
At command 5 of 6:
    3   m 7 o
    4   m 8 e
>>> 5   m 11 e
    6   m 13 o


Turn 303
================================================================
warning: entity 8 was directed to use 7 halite to move west, but only 0 halite was available
At command 2 of 4:
    1   m 7 e
>>> 2   m 8 w
    3   m 11 o
    4   m 13 e


Turn 307
================================================================
warning: entity 1 was directed to use 4 halite to move south, but only 0 halite was available
At command 1 of 6:
>>> 1   m 1 s
    2   m 5 e
    3   m 7 n


Turn 308
================================================================
warning: entity 8 was directed to use 11 halite to move north, but only 5 halite was available
At command 4 of 6:
    2   m 5 n
    3   m 7 n
>>> 4   m 8 n
    5   m 11 o
    6   m 13 n


Turn 310
================================================================
warning: entity 1 was directed to use 5 halite to move south, but only 3 halite was available
At command 1 of 6:
>>> 1   m 1 s
    2   m 5 n
    3   m 7 n


Turn 312
================================================================
warning: entity 8 was directed to use 23 halite to move north, but only 3 halite was available
At command 3 of 5:
    1   m 1 w
    2   m 5 e
>>> 3   m 8 n
    4   m 11 w
    5   m 13 e


Turn 314
================================================================
warning: entity 1 was directed to use 4 halite to move west, but only 3 halite was available
At command 1 of 6:
>>> 1   m 1 w
    2   m 5 n
    3   m 7 s


Turn 316
================================================================
warning: entity 7 was directed to use 3 halite to move south, but only 0 halite was available
At command 3 of 6:
    1   m 1 w
    2   m 5 s
>>> 3   m 7 s
    4   m 8 o
    5   m 11 n


Turn 317
================================================================
warning: entity 1 was directed to use 1 halite to move west, but only 0 halite was available
At command 1 of 6:
>>> 1   m 1 w
    2   m 5 e
    3   m 7 s


Turn 319
================================================================
warning: entity 7 was directed to use 9 halite to move south, but only 2 halite was available
At command 3 of 6:
    1   m 1 w
    2   m 5 w
>>> 3   m 7 s
    4   m 8 o
    5   m 11 w

warning: entity 13 was directed to use 2 halite to move west, but only 0 halite was available
At command 6 of 6:
    4   m 8 o
    5   m 11 w
>>> 6   m 13 w


Turn 322
================================================================
warning: entity 5 was directed to use 5 halite to move north, but only 0 halite was available
At command 2 of 6:
    1   m 1 o
>>> 2   m 5 n
    3   m 7 s
    4   m 8 o

warning: entity 13 was directed to use 11 halite to move west, but only 2 halite was available
At command 6 of 6:
    4   m 8 o
    5   m 11 n
>>> 6   m 13 w


Turn 323
================================================================
warning: entity 7 was directed to use 11 halite to move south, but only 8 halite was available
At command 3 of 6:
    1   m 1 o
    2   m 5 w
>>> 3   m 7 s
    4   m 8 o
    5   m 11 w


Turn 325
================================================================
warning: entity 5 was directed to use 4 halite to move north, but only 1 halite was available
At command 2 of 6:
    1   m 1 o
>>> 2   m 5 n
    3   m 7 s
    4   m 8 o


Turn 326
================================================================
warning: entity 13 was directed to use 10 halite to move south, but only 0 halite was available
At command 5 of 5:
    3   m 7 s
    4   m 11 s
>>> 5   m 13 s


Turn 328
================================================================
warning: entity 5 was directed to use 6 halite to move north, but only 4 halite was available
At command 2 of 6:
    1   m 1 o
>>> 2   m 5 n
    3   m 7 o
    4   m 8 e

warning: entity 11 was directed to use 1 halite to move west, but only 0 halite was available
At command 5 of 6:
    3   m 7 o
    4   m 8 e
>>> 5   m 11 w
    6   m 13 s


Turn 330
================================================================
warning: entity 5 was directed to use 21 halite to move west, but only 17 halite was available
At command 1 of 5:
>>> 1   m 5 w
    2   m 7 o
    3   m 8 e

warning: entity 11 was directed to use 4 halite to move west, but only 3 halite was available
At command 4 of 5:
    2   m 7 o
    3   m 8 e
>>> 4   m 11 w
    5   m 13 s


Turn 334
================================================================
warning: entity 11 was directed to use 8 halite to move west, but only 5 halite was available
At command 5 of 6:
    3   m 7 o
    4   m 8 e
>>> 5   m 11 w
    6   m 13 o


Turn 337
================================================================
warning: entity 11 was directed to use 18 halite to move west, but only 13 halite was available
At command 5 of 6:
    3   m 7 o
    4   m 8 e
>>> 5   m 11 w
    6   m 13 o


Turn 343
================================================================
warning: entity 8 was directed to use 1 halite to move west, but only 0 halite was available
At command 4 of 6:
    2   m 5 o
    3   m 7 n
>>> 4   m 8 w
    5   m 11 o
    6   m 13 e


Turn 346
================================================================
warning: entity 8 was directed to use 4 halite to move west, but only 0 halite was available
At command 4 of 6:
    2   m 5 e
    3   m 7 n
>>> 4   m 8 w
    5   m 11 o
    6   m 13 n


Turn 349
================================================================
warning: entity 8 was directed to use 8 halite to move south, but only 5 halite was available
At command 4 of 6:
    2   m 5 e
    3   m 7 n
>>> 4   m 8 s
    5   m 11 o
    6   m 13 e


Turn 350
================================================================
warning: entity 1 was directed to use 3 halite to move west, but only 0 halite was available
At command 1 of 5:
>>> 1   m 1 w
    2   m 5 s
    3   m 7 n


Turn 353
================================================================
warning: entity 1 was directed to use 3 halite to move south, but only 0 halite was available
At command 1 of 6:
>>> 1   m 1 s
    2   m 5 s
    3   m 7 e


Turn 354
================================================================
warning: entity 7 was directed to use 2 halite to move east, but only 0 halite was available
At command 3 of 6:
    1   m 1 s
    2   m 5 s
>>> 3   m 7 e
    4   m 8 s
    5   m 11 e


Turn 355
================================================================
warning: entity 1 was directed to use 8 halite to move west, but only 7 halite was available
At command 1 of 6:
>>> 1   m 1 w
    2   m 5 s
    3   m 7 s


Turn 358
================================================================
warning: entity 7 was directed to use 4 halite to move east, but only 0 halite was available
At command 3 of 6:
    1   m 1 w
    2   m 5 s
>>> 3   m 7 e
    4   m 8 o
    5   m 11 e


Turn 359
================================================================
warning: entity 5 was directed to use 1 halite to move south, but only 0 halite was available
At command 2 of 6:
    1   m 1 w
>>> 2   m 5 s
    3   m 7 s
    4   m 8 o


Turn 360
================================================================
warning: entity 7 was directed to use 9 halite to move south, but only 8 halite was available
At command 3 of 5:
    1   m 1 w
    2   m 5 e
>>> 3   m 7 s
    4   m 8 o
    5   m 11 e


Turn 361
================================================================
warning: entity 1 was directed to use 1 halite to move west, but only 0 halite was available
At command 1 of 6:
>>> 1   m 1 w
    2   m 5 e
    3   m 7 s


Turn 362
================================================================
warning: entity 5 was directed to use 4 halite to move south, but only 1 halite was available
At command 2 of 6:
    1   m 1 w
>>> 2   m 5 s
    3   m 7 s
    4   m 8 o


Turn 363
================================================================
warning: entity 7 was directed to use 20 halite to move east, but only 18 halite was available
At command 3 of 6:
    1   m 1 o
    2   m 5 s
>>> 3   m 7 e
    4   m 8 o
    5   m 11 e

warning: entity 13 was directed to use 2 halite to move south, but only 0 halite was available
At command 6 of 6:
    4   m 8 o
    5   m 11 e
>>> 6   m 13 s


Turn 365
================================================================
warning: entity 13 was directed to use 9 halite to move west, but only 5 halite was available
At command 6 of 6:
    4   m 8 o
    5   m 11 n
>>> 6   m 13 w


Turn 366
================================================================
warning: entity 5 was directed to use 7 halite to move south, but only 0 halite was available
At command 2 of 6:
    1   m 1 o
>>> 2   m 5 s
    3   m 7 e
    4   m 8 o


Turn 367
================================================================
warning: entity 11 was directed to use 4 halite to move north, but only 0 halite was available
At command 4 of 5:
    2   m 5 s
    3   m 7 e
>>> 4   m 11 n
    5   m 13 w


Turn 368
================================================================
warning: entity 5 was directed to use 15 halite to move south, but only 14 halite was available
At command 2 of 6:
    1   m 1 o
>>> 2   m 5 s
    3   m 7 e
    4   m 8 n


Turn 372
================================================================
warning: entity 11 was directed to use 6 halite to move north, but only 0 halite was available
At command 5 of 6:
    3   m 7 o
    4   m 8 n
>>> 5   m 11 n
    6   m 13 w

warning: entity 13 was directed to use 1 halite to move west, but only 0 halite was available
At command 6 of 6:
    4   m 8 n
    5   m 11 n
>>> 6   m 13 w


Turn 374
================================================================
warning: entity 13 was directed to use 11 halite to move west, but only 3 halite was available
At command 5 of 5:
    3   m 8 e
    4   m 11 n
>>> 5   m 13 w


Turn 375
================================================================
warning: entity 11 was directed to use 11 halite to move west, but only 9 halite was available
At command 5 of 6:
    3   m 7 o
    4   m 8 n
>>> 5   m 11 w
    6   m 13 w


Turn 379
================================================================
warning: entity 11 was directed to use 16 halite to move west, but only 2 halite was available
At command 5 of 6:
    3   m 7 o
    4   m 8 n
>>> 5   m 11 w
    6   m 13 o


Turn 386
================================================================
warning: entity 8 was directed to use 3 halite to move south, but only 0 halite was available
At command 4 of 6:
    2   m 5 w
    3   m 7 n
>>> 4   m 8 s
    5   m 11 o
    6   m 13 o


Turn 389
================================================================
warning: entity 8 was directed to use 4 halite to move west, but only 1 halite was available
At command 4 of 6:
    2   m 5 n
    3   m 7 w
>>> 4   m 8 w
    5   m 11 o
    6   m 13 n


Turn 391
================================================================
warning: entity 1 was directed to use 1 halite to move south, but only 0 halite was available
At command 1 of 6:
>>> 1   m 1 s
    2   m 5 n
    3   m 7 n


Turn 392
================================================================
warning: entity 8 was directed to use 8 halite to move west, but only 5 halite was available
At command 4 of 5:
    2   m 5 n
    3   m 7 w
>>> 4   m 8 w
    5   m 13 e


Turn 394
================================================================
warning: entity 1 was directed to use 3 halite to move east, but only 1 halite was available
At command 1 of 5:
>>> 1   m 1 e
    2   m 5 n
    3   m 8 s


Turn 396
================================================================
warning: entity 1 was directed to use 11 halite to move south, but only 7 halite was available
At command 1 of 6:
>>> 1   m 1 s
    2   m 5 n
    3   m 7 s


Turn 399
================================================================
warning: entity 7 was directed to use 2 halite to move south, but only 0 halite was available
At command 3 of 6:
    1   m 1 s
    2   m 5 w
>>> 3   m 7 s
    4   m 8 o
    5   m 11 s


Turn 400
================================================================
warning: entity 1 was directed to use 13 halite to move south, but only 9 halite was available
At command 1 of 6:
>>> 1   m 1 s
    2   m 5 w
    3   m 7 w

