
Turn 13
================================================================
warning: entity 2 was directed to use 4 halite to move east, but only 0 halite was available
At command 2 of 3:
    1   m 0 o
>>> 2   m 2 e
    3   m 4 o


Turn 16
================================================================
warning: entity 2 was directed to use 3 halite to move south, but only 0 halite was available
At command 2 of 4:
    1   m 0 o
>>> 2   m 2 s
    3   m 4 o
    4   g


Turn 19
================================================================
warning: entity 6 was directed to use 2 halite to move north, but only 0 halite was available
At command 4 of 4:
    2   m 2 o
    3   m 4 o
>>> 4   m 6 n


Turn 44
================================================================
warning: entity 6 was directed to use 4 halite to move north, but only 0 halite was available
At command 4 of 4:
    2   m 2 o
    3   m 4 e
>>> 4   m 6 n


Turn 47
================================================================
warning: entity 4 was directed to use 1 halite to move west, but only 0 halite was available
At command 2 of 4:
    1   m 0 o
>>> 2   m 4 w
    3   m 6 o
    4   g


Turn 49
================================================================
warning: entity 9 was directed to use 3 halite to move south, but only 0 halite was available
At command 5 of 5:
    3   m 4 s
    4   m 6 o
>>> 5   m 9 s


Turn 50
================================================================
warning: entity 4 was directed to use 4 halite to move west, but only 0 halite was available
At command 3 of 5:
    1   m 0 n
    2   m 2 e
>>> 3   m 4 w
    4   m 6 o
    5   m 9 s


Turn 54
================================================================
warning: entity 0 was directed to use 1 halite to move west, but only 0 halite was available
At command 1 of 5:
>>> 1   m 0 w
    2   m 2 s
    3   m 4 o


Turn 57
================================================================
warning: entity 0 was directed to use 1 halite to move north, but only 0 halite was available
At command 1 of 6:
>>> 1   m 0 n
    2   m 2 w
    3   m 4 o


Turn 61
================================================================
warning: entity 12 was directed to use 2 halite to move south, but only 0 halite was available
At command 7 of 7:
    5   m 9 o
    6   m 11 w
>>> 7   m 12 s


Turn 63
================================================================
warning: entity 11 was directed to use 1 halite to move south, but only 0 halite was available
At command 6 of 7:
    4   m 6 w
    5   m 9 o
>>> 6   m 11 s
    7   m 12 s


Turn 64
================================================================
warning: entity 12 was directed to use 4 halite to move west, but only 1 halite was available
At command 7 of 7:
    5   m 9 o
    6   m 11 s
>>> 7   m 12 w


Turn 65
================================================================
warning: entity 11 was directed to use 5 halite to move east, but only 3 halite was available
At command 6 of 7:
    4   m 6 o
    5   m 9 o
>>> 6   m 11 e
    7   m 12 n


Turn 68
================================================================
warning: entity 12 was directed to use 4 halite to move north, but only 2 halite was available
At command 7 of 7:
    5   m 9 o
    6   m 11 w
>>> 7   m 12 n


Turn 71
================================================================
warning: entity 11 was directed to use 4 halite to move north, but only 3 halite was available
At command 6 of 7:
    4   m 6 o
    5   m 9 o
>>> 6   m 11 n
    7   m 12 o


Turn 77
================================================================
warning: entity 11 was directed to use 3 halite to move west, but only 0 halite was available
At command 6 of 7:
    4   m 6 e
    5   m 9 o
>>> 6   m 11 w
    7   m 12 w


Turn 83
================================================================
warning: entity 6 was directed to use 5 halite to move south, but only 0 halite was available
At command 4 of 8:
    2   m 2 e
    3   m 4 e
>>> 4   m 6 s
    5   m 9 o
    6   m 11 o


Turn 84
================================================================
warning: entity 13 was directed to use 1 halite to move east, but only 0 halite was available
At command 8 of 8:
    6   m 11 n
    7   m 12 o
>>> 8   m 13 e


Turn 86
================================================================
warning: entity 13 was directed to use 4 halite to move west, but only 3 halite was available
At command 8 of 8:
    6   m 11 o
    7   m 12 o
>>> 8   m 13 w


Turn 88
================================================================
warning: entity 4 was directed to use 2 halite to move north, but only 0 halite was available
At command 3 of 8:
    1   m 0 e
    2   m 2 e
>>> 3   m 4 n
    4   m 6 o
    5   m 9 o


Turn 90
================================================================
warning: entity 13 was directed to use 3 halite to move north, but only 0 halite was available
At command 8 of 8:
    6   m 11 o
    7   m 12 o
>>> 8   m 13 n


Turn 93
================================================================
warning: entity 4 was directed to use 4 halite to move north, but only 0 halite was available
At command 3 of 8:
    1   m 0 s
    2   m 2 s
>>> 3   m 4 n
    4   m 6 o
    5   m 9 w


Turn 94
================================================================
warning: entity 9 was directed to use 2 halite to move west, but only 0 halite was available
At command 4 of 7:
    2   m 4 n
    3   m 6 o
>>> 4   m 9 w
    5   m 11 o
    6   m 12 o

warning: entity 13 was directed to use 3 halite to move south, but only 0 halite was available
At command 7 of 7:
    5   m 11 o
    6   m 12 o
>>> 7   m 13 s


Turn 96
================================================================
warning: entity 2 was directed to use 1 halite to move east, but only 0 halite was available
At command 2 of 9:
    1   m 0 s
>>> 2   m 2 e
    3   m 4 o
    4   m 6 o


Turn 99
================================================================
warning: entity 14 was directed to use 1 halite to move west, but only 0 halite was available
At command 9 of 10:
    7   m 12 o
    8   m 13 o
>>> 9   m 14 w
    10   m 15 o


Turn 102
================================================================
warning: entity 15 was directed to use 3 halite to move south, but only 0 halite was available
At command 10 of 10:
    8   m 13 e
    9   m 14 n
>>> 10   m 15 s


Turn 104
================================================================
warning: entity 14 was directed to use 1 halite to move north, but only 0 halite was available
At command 9 of 10:
    7   m 12 e
    8   m 13 o
>>> 9   m 14 n
    10   m 15 o


Turn 106
================================================================
warning: entity 0 was directed to use 2 halite to move east, but only 0 halite was available
At command 1 of 11:
>>> 1   m 0 e
    2   m 2 o
    3   m 4 e


Turn 115
================================================================
warning: entity 4 was directed to use 1 halite to move west, but only 0 halite was available
At command 3 of 10:
    1   m 0 o
    2   m 2 o
>>> 3   m 4 w
    4   m 6 e
    5   m 9 o


Turn 121
================================================================
warning: entity 4 was directed to use 4 halite to move south, but only 2 halite was available
At command 3 of 10:
    1   m 0 s
    2   m 2 o
>>> 3   m 4 s
    4   m 9 o
    5   m 11 e

warning: entity 13 was directed to use 2 halite to move east, but only 0 halite was available
At command 7 of 10:
    5   m 11 e
    6   m 12 s
>>> 7   m 13 e
    8   m 14 e
    9   m 15 o


Turn 125
================================================================
warning: entity 13 was directed to use 4 halite to move east, but only 0 halite was available
At command 8 of 12:
    6   m 11 e
    7   m 12 o
>>> 8   m 13 e
    9   m 14 s
    10   m 15 o


Turn 127
================================================================
warning: entity 6 was directed to use 1 halite to move west, but only 0 halite was available
At command 4 of 12:
    2   m 2 o
    3   m 4 o
>>> 4   m 6 w
    5   m 9 o
    6   m 11 s


Turn 129
================================================================
warning: entity 6 was directed to use 4 halite to move west, but only 3 halite was available
At command 4 of 10:
    2   m 2 o
    3   m 4 o
>>> 4   m 6 w
    5   m 9 o
    6   m 12 o

warning: entity 14 was directed to use 2 halite to move north, but only 0 halite was available
At command 8 of 10:
    6   m 12 o
    7   m 13 o
>>> 8   m 14 n
    9   m 16 o
    10   m 20 w


Turn 133
================================================================
warning: entity 20 was directed to use 4 halite to move west, but only 1 halite was available
At command 12 of 14:
    10   m 15 n
    11   m 16 n
>>> 12   m 20 w
    13   m 22 w
    14   g


Turn 136
================================================================
warning: entity 11 was directed to use 3 halite to move north, but only 0 halite was available
At command 6 of 14:
    4   m 6 o
    5   m 9 s
>>> 6   m 11 n
    7   m 12 w
    8   m 13 o


Turn 139
================================================================
warning: entity 11 was directed to use 4 halite to move north, but only 3 halite was available
At command 6 of 14:
    4   m 6 o
    5   m 9 s
>>> 6   m 11 n
    7   m 12 n
    8   m 13 o


Turn 140
================================================================
warning: entity 15 was directed to use 1 halite to move east, but only 0 halite was available
At command 9 of 13:
    7   m 13 o
    8   m 14 o
>>> 9   m 15 e
    10   m 16 e
    11   m 20 n

warning: entity 22 was directed to use 5 halite to move west, but only 0 halite was available
At command 12 of 13:
    10   m 16 e
    11   m 20 n
>>> 12   m 22 w
    13   m 23 n


Turn 142
================================================================
warning: entity 9 was directed to use 2 halite to move north, but only 0 halite was available
At command 5 of 14:
    3   m 4 e
    4   m 6 e
>>> 5   m 9 n
    6   m 11 o
    7   m 12 e

warning: entity 23 was directed to use 3 halite to move north, but only 2 halite was available
At command 14 of 14:
    12   m 20 o
    13   m 22 o
>>> 14   m 23 n


Turn 143
================================================================
warning: entity 15 was directed to use 4 halite to move east, but only 2 halite was available
At command 10 of 13:
    8   m 13 o
    9   m 14 o
>>> 10   m 15 e
    11   m 20 o
    12   m 22 o


Turn 145
================================================================
warning: entity 9 was directed to use 4 halite to move north, but only 2 halite was available
At command 5 of 14:
    3   m 4 e
    4   m 6 e
>>> 5   m 9 n
    6   m 11 o
    7   m 12 n

warning: entity 16 was directed to use 2 halite to move north, but only 0 halite was available
At command 11 of 14:
    9   m 14 e
    10   m 15 w
>>> 11   m 16 n
    12   m 20 o
    13   m 22 o


Turn 147
================================================================
warning: entity 15 was directed to use 5 halite to move east, but only 4 halite was available
At command 10 of 14:
    8   m 13 w
    9   m 14 o
>>> 10   m 15 e
    11   m 16 e
    12   m 20 o


Turn 148
================================================================
warning: entity 12 was directed to use 1 halite to move west, but only 0 halite was available
At command 7 of 14:
    5   m 9 o
    6   m 11 o
>>> 7   m 12 w
    8   m 13 w
    9   m 14 e

warning: entity 16 was directed to use 4 halite to move east, but only 1 halite was available
At command 11 of 14:
    9   m 14 e
    10   m 15 e
>>> 11   m 16 e
    12   m 20 o
    13   m 22 w


Turn 151
================================================================
warning: entity 12 was directed to use 4 halite to move west, but only 2 halite was available
At command 6 of 12:
    4   m 6 n
    5   m 9 o
>>> 6   m 12 w
    7   m 13 w
    8   m 14 o


Turn 152
================================================================
warning: entity 6 was directed to use 4 halite to move north, but only 0 halite was available
At command 3 of 13:
    1   m 0 o
    2   m 2 w
>>> 3   m 6 n
    4   m 9 o
    5   m 11 e


Turn 154
================================================================
warning: entity 4 was directed to use 1 halite to move north, but only 0 halite was available
At command 3 of 15:
    1   m 0 e
    2   m 2 e
>>> 3   m 4 n
    4   m 6 n
    5   m 9 w


Turn 157
================================================================
warning: entity 4 was directed to use 3 halite to move north, but only 0 halite was available
At command 3 of 15:
    1   m 0 n
    2   m 2 n
>>> 3   m 4 n
    4   m 6 o
    5   m 9 w

warning: entity 12 was directed to use 4 halite to move west, but only 2 halite was available
At command 7 of 15:
    5   m 9 w
    6   m 11 o
>>> 7   m 12 w
    8   m 13 w
    9   m 14 o


Turn 162
================================================================
warning: entity 26 was directed to use 4 halite to move north, but only 0 halite was available
At command 14 of 14:
    12   m 20 s
    13   m 23 e
>>> 14   m 26 n


Turn 165
================================================================
warning: entity 0 was directed to use 2 halite to move west, but only 0 halite was available
At command 1 of 15:
>>> 1   m 0 w
    2   m 2 n
    3   m 4 o


Turn 166
================================================================
warning: entity 2 was directed to use 3 halite to move north, but only 0 halite was available
At command 2 of 14:
    1   m 0 w
>>> 2   m 2 n
    3   m 4 o
    4   m 6 o


Turn 167
================================================================
warning: entity 13 was directed to use 2 halite to move west, but only 0 halite was available
At command 8 of 14:
    6   m 11 o
    7   m 12 o
>>> 8   m 13 w
    9   m 14 s
    10   m 15 o


Turn 170
================================================================
warning: entity 20 was directed to use 1 halite to move north, but only 0 halite was available
At command 12 of 15:
    10   m 15 s
    11   m 16 o
>>> 12   m 20 n
    13   m 22 o
    14   m 23 e


Turn 171
================================================================
warning: entity 2 was directed to use 3 halite to move north, but only 1 halite was available
At command 2 of 15:
    1   m 0 o
>>> 2   m 2 n
    3   m 4 o
    4   m 6 o

warning: entity 26 was directed to use 4 halite to move north, but only 0 halite was available
At command 15 of 15:
    13   m 22 o
    14   m 23 s
>>> 15   m 26 n


Turn 172
================================================================
warning: entity 13 was directed to use 3 halite to move north, but only 0 halite was available
At command 7 of 14:
    5   m 9 s
    6   m 12 o
>>> 7   m 13 n
    8   m 14 s
    9   m 15 o


Turn 173
================================================================
warning: entity 20 was directed to use 2 halite to move north, but only 0 halite was available
At command 12 of 15:
    10   m 15 o
    11   m 16 o
>>> 12   m 20 n
    13   m 22 e
    14   m 23 s


Turn 175
================================================================
warning: entity 11 was directed to use 1 halite to move east, but only 0 halite was available
At command 6 of 14:
    4   m 6 o
    5   m 9 o
>>> 6   m 11 e
    7   m 12 o
    8   m 13 n

warning: entity 26 was directed to use 5 halite to move north, but only 2 halite was available
At command 14 of 14:
    12   m 20 n
    13   m 23 s
>>> 14   m 26 n


Turn 176
================================================================
warning: entity 13 was directed to use 3 halite to move north, but only 1 halite was available
At command 8 of 15:
    6   m 11 e
    7   m 12 e
>>> 8   m 13 n
    9   m 14 o
    10   m 15 o

warning: entity 20 was directed to use 4 halite to move north, but only 3 halite was available
At command 12 of 15:
    10   m 15 o
    11   m 16 o
>>> 12   m 20 n
    13   m 22 o
    14   m 23 n


Turn 178
================================================================
warning: entity 11 was directed to use 3 halite to move south, but only 2 halite was available
At command 6 of 16:
    4   m 6 o
    5   m 9 o
>>> 6   m 11 s
    7   m 12 e
    8   m 13 n


Turn 179
================================================================
warning: entity 22 was directed to use 1 halite to move north, but only 0 halite was available
At command 13 of 16:
    11   m 16 o
    12   m 20 o
>>> 13   m 22 n
    14   m 23 s
    15   m 26 o


Turn 180
================================================================
warning: entity 13 was directed to use 3 halite to move north, but only 2 halite was available
At command 8 of 17:
    6   m 11 o
    7   m 12 e
>>> 8   m 13 n
    9   m 14 w
    10   m 15 o


Turn 182
================================================================
warning: entity 22 was directed to use 4 halite to move north, but only 2 halite was available
At command 13 of 17:
    11   m 16 o
    12   m 20 o
>>> 13   m 22 n
    14   m 23 w
    15   m 26 o


Turn 183
================================================================
warning: entity 29 was directed to use 1 halite to move east, but only 0 halite was available
At command 15 of 15:
    13   m 26 o
    14   m 28 o
>>> 15   m 29 e


Turn 184
================================================================
warning: entity 13 was directed to use 4 halite to move north, but only 2 halite was available
At command 7 of 16:
    5   m 11 s
    6   m 12 e
>>> 7   m 13 n
    8   m 14 s
    9   m 15 o


Turn 186
================================================================
warning: entity 22 was directed to use 4 halite to move north, but only 3 halite was available
At command 10 of 14:
    8   m 15 o
    9   m 20 o
>>> 10   m 22 n
    11   m 23 n
    12   m 26 o

warning: entity 28 was directed to use 4 halite to move north, but only 3 halite was available
At command 13 of 14:
    11   m 23 n
    12   m 26 o
>>> 13   m 28 n
    14   m 29 e


Turn 188
================================================================
warning: entity 23 was directed to use 3 halite to move north, but only 0 halite was available
At command 13 of 16:
    11   m 20 o
    12   m 22 s
>>> 13   m 23 n
    14   m 26 o
    15   m 28 e

warning: entity 29 was directed to use 2 halite to move east, but only 1 halite was available
At command 16 of 16:
    14   m 26 o
    15   m 28 e
>>> 16   m 29 e


Turn 189
================================================================
warning: entity 13 was directed to use 4 halite to move west, but only 0 halite was available
At command 6 of 15:
    4   m 11 o
    5   m 12 n
>>> 6   m 13 w
    7   m 14 n
    8   m 15 o


Turn 191
================================================================
warning: entity 22 was directed to use 3 halite to move north, but only 1 halite was available
At command 12 of 16:
    10   m 16 s
    11   m 20 n
>>> 12   m 22 n
    13   m 23 n
    14   m 26 s


Turn 192
================================================================
warning: entity 12 was directed to use 2 halite to move north, but only 0 halite was available
At command 6 of 17:
    4   m 6 o
    5   m 11 o
>>> 6   m 12 n
    7   m 13 n
    8   m 14 e


Turn 193
================================================================
warning: entity 29 was directed to use 2 halite to move south, but only 0 halite was available
At command 16 of 17:
    14   m 26 s
    15   m 28 n
>>> 16   m 29 s
    17   m 32 n


Turn 194
================================================================
warning: entity 14 was directed to use 1 halite to move east, but only 0 halite was available
At command 8 of 18:
    6   m 12 n
    7   m 13 n
>>> 8   m 14 e
    9   m 15 o
    10   m 16 s


Turn 195
================================================================
warning: entity 12 was directed to use 3 halite to move north, but only 2 halite was available
At command 6 of 18:
    4   m 6 o
    5   m 11 o
>>> 6   m 12 n
    7   m 13 o
    8   m 14 e


Turn 196
================================================================
warning: entity 23 was directed to use 4 halite to move south, but only 1 halite was available
At command 12 of 18:
    10   m 20 o
    11   m 22 n
>>> 12   m 23 s
    13   m 26 s
    14   m 28 n

warning: entity 29 was directed to use 4 halite to move south, but only 2 halite was available
At command 15 of 18:
    13   m 26 s
    14   m 28 n
>>> 15   m 29 s
    16   m 32 n
    17   m 34 n


Turn 197
================================================================
warning: entity 32 was directed to use 1 halite to move north, but only 0 halite was available
At command 17 of 19:
    15   m 28 n
    16   m 29 s
>>> 17   m 32 n
    18   m 34 n
    19   m 35 n


Turn 198
================================================================
warning: entity 0 was directed to use 3 halite to move north, but only 0 halite was available
At command 1 of 19:
>>> 1   m 0 n
    2   m 2 o
    3   m 4 o

warning: entity 14 was directed to use 3 halite to move east, but only 0 halite was available
At command 8 of 19:
    6   m 12 o
    7   m 13 o
>>> 8   m 14 e
    9   m 15 w
    10   m 16 w


Turn 199
================================================================
warning: entity 28 was directed to use 4 halite to move north, but only 3 halite was available
At command 15 of 19:
    13   m 23 o
    14   m 26 s
>>> 15   m 28 n
    16   m 29 s
    17   m 32 n


Turn 200
================================================================
warning: entity 32 was directed to use 2 halite to move north, but only 1 halite was available
At command 16 of 18:
    14   m 28 n
    15   m 29 s
>>> 16   m 32 n
    17   m 34 n
    18   m 35 n


Turn 202
================================================================
warning: entity 14 was directed to use 4 halite to move south, but only 3 halite was available
At command 8 of 19:
    6   m 12 n
    7   m 13 n
>>> 8   m 14 s
    9   m 15 w
    10   m 16 n


Turn 205
================================================================
warning: entity 32 was directed to use 2 halite to move north, but only 0 halite was available
At command 17 of 20:
    15   m 28 o
    16   m 29 o
>>> 17   m 32 n
    18   m 34 n
    19   m 35 n


Turn 206
================================================================
warning: entity 12 was directed to use 3 halite to move east, but only 2 halite was available
At command 5 of 19:
    3   m 6 o
    4   m 11 o
>>> 5   m 12 e
    6   m 13 o
    7   m 14 o

warning: entity 16 was directed to use 2 halite to move north, but only 0 halite was available
At command 9 of 19:
    7   m 14 o
    8   m 15 w
>>> 9   m 16 n
    10   m 20 o
    11   m 22 o

warning: entity 34 was directed to use 2 halite to move north, but only 1 halite was available
At command 17 of 19:
    15   m 29 o
    16   m 32 n
>>> 17   m 34 n
    18   m 35 n
    19   m 36 n


Turn 207
================================================================
warning: entity 26 was directed to use 3 halite to move south, but only 0 halite was available
At command 13 of 19:
    11   m 22 o
    12   m 23 o
>>> 13   m 26 s
    14   m 28 w
    15   m 29 s


Turn 210
================================================================
warning: entity 16 was directed to use 2 halite to move north, but only 1 halite was available
At command 10 of 20:
    8   m 14 s
    9   m 15 n
>>> 10   m 16 n
    11   m 20 o
    12   m 22 o

warning: entity 26 was directed to use 5 halite to move south, but only 4 halite was available
At command 14 of 20:
    12   m 22 o
    13   m 23 o
>>> 14   m 26 s
    15   m 28 s
    16   m 29 o


Turn 211
================================================================
warning: entity 36 was directed to use 1 halite to move north, but only 0 halite was available
At command 20 of 21:
    18   m 34 n
    19   m 35 n
>>> 20   m 36 n
    21   g


Turn 214
================================================================
warning: entity 32 was directed to use 4 halite to move north, but only 1 halite was available
At command 17 of 21:
    15   m 28 n
    16   m 29 o
>>> 17   m 32 n
    18   m 34 o
    19   m 35 w


Turn 215
================================================================
warning: entity 15 was directed to use 1 halite to move north, but only 0 halite was available
At command 8 of 20:
    6   m 13 o
    7   m 14 s
>>> 8   m 15 n
    9   m 16 n
    10   m 20 e

warning: entity 16 was directed to use 4 halite to move north, but only 2 halite was available
At command 9 of 20:
    7   m 14 s
    8   m 15 n
>>> 9   m 16 n
    10   m 20 e
    11   m 22 o

warning: entity 36 was directed to use 1 halite to move north, but only 0 halite was available
At command 19 of 20:
    17   m 34 o
    18   m 35 o
>>> 19   m 36 n
    20   m 37 n


Turn 217
================================================================
warning: entity 2 was directed to use 4 halite to move west, but only 0 halite was available
At command 2 of 20:
    1   m 0 o
>>> 2   m 2 w
    3   m 4 s
    4   m 6 s


Turn 218
================================================================
warning: entity 15 was directed to use 2 halite to move north, but only 1 halite was available
At command 8 of 20:
    6   m 13 o
    7   m 14 o
>>> 8   m 15 n
    9   m 16 o
    10   m 20 e


Turn 220
================================================================
warning: entity 32 was directed to use 1 halite to move west, but only 0 halite was available
At command 17 of 21:
    15   m 28 o
    16   m 29 o
>>> 17   m 32 w
    18   m 34 w
    19   m 35 o

warning: entity 36 was directed to use 3 halite to move east, but only 0 halite was available
At command 20 of 21:
    18   m 34 w
    19   m 35 o
>>> 20   m 36 e
    21   m 37 n


Turn 222
================================================================
warning: entity 2 was directed to use 4 halite to move west, but only 1 halite was available
At command 2 of 20:
    1   m 0 o
>>> 2   m 2 w
    3   m 4 w
    4   m 6 n


Turn 224
================================================================
warning: entity 15 was directed to use 2 halite to move west, but only 1 halite was available
At command 7 of 19:
    5   m 12 o
    6   m 14 o
>>> 7   m 15 w
    8   m 16 o
    9   m 20 s


Turn 226
================================================================
warning: entity 37 was directed to use 3 halite to move north, but only 1 halite was available
At command 21 of 21:
    19   m 35 w
    20   m 36 o
>>> 21   m 37 n


Turn 227
================================================================
warning: entity 2 was directed to use 2 halite to move west, but only 0 halite was available
At command 2 of 21:
    1   m 0 o
>>> 2   m 2 w
    3   m 4 e
    4   m 6 n


Turn 228
================================================================
warning: entity 6 was directed to use 1 halite to move north, but only 0 halite was available
At command 4 of 19:
    2   m 2 w
    3   m 4 e
>>> 4   m 6 n
    5   m 12 o
    6   m 13 s


Turn 229
================================================================
warning: entity 4 was directed to use 2 halite to move east, but only 0 halite was available
At command 2 of 20:
    1   m 0 o
>>> 2   m 4 e
    3   m 6 n
    4   m 11 w


Turn 230
================================================================
warning: entity 32 was directed to use 3 halite to move east, but only 2 halite was available
At command 16 of 20:
    14   m 28 o
    15   m 29 o
>>> 16   m 32 e
    17   m 34 n
    18   m 35 s


Turn 232
================================================================
warning: entity 6 was directed to use 2 halite to move north, but only 1 halite was available
At command 3 of 19:
    1   m 0 o
    2   m 4 e
>>> 3   m 6 n
    4   m 11 w
    5   m 12 s


Turn 234
================================================================
warning: entity 4 was directed to use 4 halite to move south, but only 0 halite was available
At command 2 of 20:
    1   m 0 n
>>> 2   m 4 s
    3   m 6 n
    4   m 11 w


Turn 239
================================================================
warning: entity 4 was directed to use 4 halite to move south, but only 2 halite was available
At command 2 of 20:
    1   m 0 o
>>> 2   m 4 s
    3   m 6 o
    4   m 11 n


Turn 243
================================================================
warning: entity 4 was directed to use 4 halite to move south, but only 2 halite was available
At command 2 of 20:
    1   m 0 o
>>> 2   m 4 s
    3   m 6 s
    4   m 11 n


Turn 244
================================================================
warning: entity 20 was directed to use 1 halite to move west, but only 0 halite was available
At command 9 of 19:
    7   m 15 o
    8   m 16 w
>>> 9   m 20 w
    10   m 22 s
    11   m 23 s


Turn 248
================================================================
warning: entity 13 was directed to use 1 halite to move north, but only 0 halite was available
At command 6 of 19:
    4   m 11 w
    5   m 12 w
>>> 6   m 13 n
    7   m 14 w
    8   m 15 o

warning: entity 20 was directed to use 4 halite to move north, but only 2 halite was available
At command 10 of 19:
    8   m 15 o
    9   m 16 w
>>> 10   m 20 n
    11   m 22 w
    12   m 23 e


Turn 251
================================================================
warning: entity 12 was directed to use 1 halite to move west, but only 0 halite was available
At command 4 of 19:
    2   m 4 o
    3   m 6 s
>>> 4   m 12 w
    5   m 13 n
    6   m 14 w


Turn 253
================================================================
warning: entity 13 was directed to use 1 halite to move north, but only 0 halite was available
At command 6 of 20:
    4   m 11 n
    5   m 12 w
>>> 6   m 13 n
    7   m 14 o
    8   m 15 o


Turn 255
================================================================
warning: entity 12 was directed to use 4 halite to move north, but only 2 halite was available
At command 5 of 20:
    3   m 6 w
    4   m 11 n
>>> 5   m 12 n
    6   m 13 n
    7   m 14 o

warning: entity 16 was directed to use 1 halite to move west, but only 0 halite was available
At command 9 of 20:
    7   m 14 o
    8   m 15 s
>>> 9   m 16 w
    10   m 20 o
    11   m 22 w


Turn 257
================================================================
warning: entity 13 was directed to use 2 halite to move north, but only 1 halite was available
At command 6 of 18:
    4   m 11 n
    5   m 12 n
>>> 6   m 13 n
    7   m 14 n
    8   m 15 s


Turn 258
================================================================
warning: entity 12 was directed to use 2 halite to move north, but only 0 halite was available
At command 5 of 20:
    3   m 6 s
    4   m 11 n
>>> 5   m 12 n
    6   m 13 n
    7   m 14 n

warning: entity 16 was directed to use 3 halite to move north, but only 2 halite was available
At command 9 of 20:
    7   m 14 n
    8   m 15 s
>>> 9   m 16 n
    10   m 20 o
    11   m 22 w


Turn 259
================================================================
warning: entity 11 was directed to use 1 halite to move north, but only 0 halite was available
At command 4 of 20:
    2   m 4 s
    3   m 6 w
>>> 4   m 11 n
    5   m 12 w
    6   m 13 n


Turn 262
================================================================
warning: entity 16 was directed to use 3 halite to move north, but only 2 halite was available
At command 8 of 17:
    6   m 14 n
    7   m 15 w
>>> 8   m 16 n
    9   m 20 o
    10   m 22 w


Turn 263
================================================================
warning: entity 22 was directed to use 1 halite to move west, but only 0 halite was available
At command 11 of 20:
    9   m 16 n
    10   m 20 n
>>> 11   m 22 w
    12   m 23 s
    13   m 26 n


Turn 264
================================================================
warning: entity 0 was directed to use 3 halite to move west, but only 0 halite was available
At command 1 of 19:
>>> 1   m 0 w
    2   m 4 s
    3   m 6 n


Turn 265
================================================================
warning: entity 29 was directed to use 1 halite to move north, but only 0 halite was available
At command 15 of 20:
    13   m 26 o
    14   m 28 s
>>> 15   m 29 n
    16   m 32 w
    17   m 34 s


Turn 266
================================================================
warning: entity 11 was directed to use 2 halite to move north, but only 0 halite was available
At command 4 of 20:
    2   m 4 o
    3   m 6 n
>>> 4   m 11 n
    5   m 12 o
    6   m 13 e

warning: entity 16 was directed to use 4 halite to move west, but only 2 halite was available
At command 9 of 20:
    7   m 14 n
    8   m 15 s
>>> 9   m 16 w
    10   m 20 o
    11   m 22 n


Turn 267
================================================================
warning: entity 22 was directed to use 4 halite to move north, but only 0 halite was available
At command 10 of 18:
    8   m 16 w
    9   m 20 n
>>> 10   m 22 n
    11   m 23 o
    12   m 26 o


Turn 268
================================================================
warning: entity 0 was directed to use 4 halite to move west, but only 3 halite was available
At command 1 of 20:
>>> 1   m 0 w
    2   m 4 o
    3   m 6 n


Turn 269
================================================================
warning: entity 11 was directed to use 4 halite to move north, but only 1 halite was available
At command 4 of 20:
    2   m 4 o
    3   m 6 n
>>> 4   m 11 n
    5   m 12 o
    6   m 13 o


Turn 270
================================================================
warning: entity 6 was directed to use 1 halite to move north, but only 0 halite was available
At command 3 of 19:
    1   m 0 w
    2   m 4 s
>>> 3   m 6 n
    4   m 11 n
    5   m 12 n

warning: entity 16 was directed to use 4 halite to move west, but only 3 halite was available
At command 8 of 19:
    6   m 13 o
    7   m 14 w
>>> 8   m 16 w
    9   m 20 n
    10   m 22 o


Turn 272
================================================================
warning: entity 29 was directed to use 1 halite to move north, but only 0 halite was available
At command 15 of 20:
    13   m 26 n
    14   m 28 o
>>> 15   m 29 n
    16   m 32 n
    17   m 34 s


Turn 273
================================================================
warning: entity 32 was directed to use 3 halite to move north, but only 0 halite was available
At command 15 of 19:
    13   m 28 s
    14   m 29 n
>>> 15   m 32 n
    16   m 34 s
    17   m 35 s


Turn 274
================================================================
warning: entity 29 was directed to use 4 halite to move north, but only 3 halite was available
At command 15 of 20:
    13   m 26 o
    14   m 28 s
>>> 15   m 29 n
    16   m 32 n
    17   m 34 s


Turn 275
================================================================
warning: entity 0 was directed to use 2 halite to move west, but only 1 halite was available
At command 1 of 20:
>>> 1   m 0 w
    2   m 4 o
    3   m 6 e


Turn 276
================================================================
warning: entity 6 was directed to use 2 halite to move east, but only 1 halite was available
At command 3 of 18:
    1   m 0 w
    2   m 4 o
>>> 3   m 6 e
    4   m 11 o
    5   m 12 n

warning: entity 14 was directed to use 1 halite to move west, but only 0 halite was available
At command 7 of 18:
    5   m 12 n
    6   m 13 o
>>> 7   m 14 w
    8   m 15 n
    9   m 16 o


Turn 279
================================================================
warning: entity 0 was directed to use 4 halite to move west, but only 1 halite was available
At command 1 of 20:
>>> 1   m 0 w
    2   m 4 o
    3   m 6 e


Turn 280
================================================================
warning: entity 14 was directed to use 4 halite to move west, but only 0 halite was available
At command 7 of 19:
    5   m 12 o
    6   m 13 e
>>> 7   m 14 w
    8   m 15 n
    9   m 16 o

warning: entity 15 was directed to use 1 halite to move north, but only 0 halite was available
At command 8 of 19:
    6   m 13 e
    7   m 14 w
>>> 8   m 15 n
    9   m 16 o
    10   m 20 o

warning: entity 22 was directed to use 4 halite to move north, but only 2 halite was available
At command 11 of 19:
    9   m 16 o
    10   m 20 o
>>> 11   m 22 n
    12   m 23 w
    13   m 26 w


Turn 281
================================================================
warning: entity 6 was directed to use 4 halite to move east, but only 2 halite was available
At command 2 of 19:
    1   m 0 o
>>> 2   m 6 e
    3   m 11 o
    4   m 12 o


Turn 283
================================================================
warning: entity 23 was directed to use 2 halite to move north, but only 0 halite was available
At command 12 of 20:
    10   m 20 o
    11   m 22 o
>>> 12   m 23 n
    13   m 26 w
    14   m 28 w

warning: entity 34 was directed to use 2 halite to move east, but only 0 halite was available
At command 17 of 20:
    15   m 29 o
    16   m 32 o
>>> 17   m 34 e
    18   m 35 w
    19   m 36 o


Turn 286
================================================================
warning: entity 15 was directed to use 3 halite to move north, but only 0 halite was available
At command 8 of 20:
    6   m 13 e
    7   m 14 w
>>> 8   m 15 n
    9   m 16 o
    10   m 20 n

warning: entity 26 was directed to use 1 halite to move west, but only 0 halite was available
At command 13 of 20:
    11   m 22 n
    12   m 23 n
>>> 13   m 26 w
    14   m 28 w
    15   m 29 o


Turn 287
================================================================
warning: entity 23 was directed to use 2 halite to move north, but only 0 halite was available
At command 12 of 20:
    10   m 20 o
    11   m 22 o
>>> 12   m 23 n
    13   m 26 w
    14   m 28 w

warning: entity 34 was directed to use 3 halite to move east, but only 0 halite was available
At command 17 of 20:
    15   m 29 o
    16   m 32 n
>>> 17   m 34 e
    18   m 35 n
    19   m 36 o


Turn 289
================================================================
warning: entity 15 was directed to use 4 halite to move north, but only 3 halite was available
At command 8 of 20:
    6   m 13 o
    7   m 14 w
>>> 8   m 15 n
    9   m 16 o
    10   m 20 n


Turn 290
================================================================
warning: entity 23 was directed to use 4 halite to move north, but only 1 halite was available
At command 12 of 20:
    10   m 20 o
    11   m 22 n
>>> 12   m 23 n
    13   m 26 w
    14   m 28 w


Turn 291
================================================================
warning: entity 14 was directed to use 4 halite to move west, but only 0 halite was available
At command 7 of 20:
    5   m 12 n
    6   m 13 o
>>> 7   m 14 w
    8   m 15 n
    9   m 16 o

warning: entity 26 was directed to use 1 halite to move west, but only 0 halite was available
At command 13 of 20:
    11   m 22 o
    12   m 23 n
>>> 13   m 26 w
    14   m 28 w
    15   m 29 e

warning: entity 34 was directed to use 4 halite to move south, but only 1 halite was available
At command 17 of 20:
    15   m 29 e
    16   m 32 o
>>> 17   m 34 s
    18   m 35 w
    19   m 36 o


Turn 293
================================================================
warning: entity 15 was directed to use 5 halite to move east, but only 3 halite was available
At command 8 of 20:
    6   m 13 e
    7   m 14 w
>>> 8   m 15 e
    9   m 16 o
    10   m 20 o


Turn 294
================================================================
warning: entity 23 was directed to use 4 halite to move north, but only 2 halite was available
At command 12 of 20:
    10   m 20 o
    11   m 22 n
>>> 12   m 23 n
    13   m 26 w
    14   m 28 n


Turn 295
================================================================
warning: entity 28 was directed to use 3 halite to move north, but only 0 halite was available
At command 12 of 18:
    10   m 23 n
    11   m 26 w
>>> 12   m 28 n
    13   m 29 o
    14   m 32 o


Turn 296
================================================================
warning: entity 34 was directed to use 3 halite to move south, but only 1 halite was available
At command 17 of 20:
    15   m 29 e
    16   m 32 n
>>> 17   m 34 s
    18   m 35 w
    19   m 36 s


Turn 298
================================================================
warning: entity 23 was directed to use 4 halite to move north, but only 3 halite was available
At command 12 of 20:
    10   m 20 o
    11   m 22 o
>>> 12   m 23 n
    13   m 26 w
    14   m 28 n

warning: entity 26 was directed to use 2 halite to move west, but only 0 halite was available
At command 13 of 20:
    11   m 22 o
    12   m 23 n
>>> 13   m 26 w
    14   m 28 n
    15   m 29 e

warning: entity 28 was directed to use 2 halite to move north, but only 0 halite was available
At command 14 of 20:
    12   m 23 n
    13   m 26 w
>>> 14   m 28 n
    15   m 29 e
    16   m 32 o

warning: entity 35 was directed to use 1 halite to move west, but only 0 halite was available
At command 18 of 20:
    16   m 32 o
    17   m 34 s
>>> 18   m 35 w
    19   m 36 s
    20   m 37 n


Turn 301
================================================================
warning: entity 28 was directed to use 3 halite to move north, but only 1 halite was available
At command 14 of 20:
    12   m 23 n
    13   m 26 w
>>> 14   m 28 n
    15   m 29 e
    16   m 32 o

warning: entity 34 was directed to use 4 halite to move south, but only 1 halite was available
At command 17 of 20:
    15   m 29 e
    16   m 32 o
>>> 17   m 34 s
    18   m 35 n
    19   m 36 s

warning: entity 35 was directed to use 3 halite to move north, but only 2 halite was available
At command 18 of 20:
    16   m 32 o
    17   m 34 s
>>> 18   m 35 n
    19   m 36 s
    20   m 37 n


Turn 302
================================================================
warning: entity 26 was directed to use 4 halite to move west, but only 2 halite was available
At command 13 of 20:
    11   m 22 o
    12   m 23 e
>>> 13   m 26 w
    14   m 28 n
    15   m 29 o


Turn 303
================================================================
warning: entity 23 was directed to use 3 halite to move west, but only 1 halite was available
At command 12 of 20:
    10   m 20 o
    11   m 22 n
>>> 12   m 23 w
    13   m 26 w
    14   m 28 n


Turn 305
================================================================
warning: entity 28 was directed to use 4 halite to move north, but only 1 halite was available
At command 14 of 20:
    12   m 23 n
    13   m 26 s
>>> 14   m 28 n
    15   m 29 e
    16   m 32 o


Turn 306
================================================================
warning: entity 34 was directed to use 4 halite to move south, but only 2 halite was available
At command 17 of 20:
    15   m 29 o
    16   m 32 o
>>> 17   m 34 s
    18   m 35 n
    19   m 36 w


Turn 307
================================================================
warning: entity 26 was directed to use 4 halite to move west, but only 1 halite was available
At command 13 of 20:
    11   m 22 o
    12   m 23 w
>>> 13   m 26 w
    14   m 28 n
    15   m 29 o

warning: entity 37 was directed to use 1 halite to move north, but only 0 halite was available
At command 20 of 20:
    18   m 35 o
    19   m 36 w
>>> 20   m 37 n


Turn 308
================================================================
warning: entity 23 was directed to use 4 halite to move north, but only 0 halite was available
At command 12 of 20:
    10   m 20 s
    11   m 22 n
>>> 12   m 23 n
    13   m 26 o
    14   m 28 s


Turn 309
================================================================
warning: entity 28 was directed to use 4 halite to move south, but only 2 halite was available
At command 14 of 20:
    12   m 23 n
    13   m 26 s
>>> 14   m 28 s
    15   m 29 o
    16   m 32 o


Turn 310
================================================================
warning: entity 34 was directed to use 4 halite to move south, but only 3 halite was available
At command 17 of 20:
    15   m 29 o
    16   m 32 o
>>> 17   m 34 s
    18   m 35 o
    19   m 36 w


Turn 313
================================================================
warning: entity 37 was directed to use 2 halite to move north, but only 0 halite was available
At command 19 of 19:
    17   m 35 n
    18   m 36 o
>>> 19   m 37 n


Turn 314
================================================================
warning: entity 28 was directed to use 4 halite to move north, but only 0 halite was available
At command 13 of 19:
    11   m 23 w
    12   m 26 e
>>> 13   m 28 n
    14   m 29 o
    15   m 32 n


Turn 316
================================================================
warning: entity 37 was directed to use 3 halite to move east, but only 2 halite was available
At command 18 of 18:
    16   m 35 n
    17   m 36 w
>>> 18   m 37 e


Turn 319
================================================================
warning: entity 28 was directed to use 3 halite to move north, but only 0 halite was available
At command 11 of 17:
    9   m 23 o
    10   m 26 o
>>> 11   m 28 n
    12   m 29 o
    13   m 32 n


Turn 320
================================================================
warning: entity 37 was directed to use 3 halite to move east, but only 1 halite was available
At command 19 of 19:
    17   m 35 o
    18   m 36 w
>>> 19   m 37 e


Turn 321
================================================================
warning: entity 20 was directed to use 1 halite to move north, but only 0 halite was available
At command 9 of 18:
    7   m 14 o
    8   m 15 o
>>> 9   m 20 n
    10   m 22 n
    11   m 26 o


Turn 322
================================================================
warning: entity 4 was directed to use 1 halite to move west, but only 0 halite was available
At command 2 of 19:
    1   m 0 e
>>> 2   m 4 w
    3   m 6 s
    4   m 11 s


Turn 323
================================================================
warning: entity 20 was directed to use 4 halite to move north, but only 3 halite was available
At command 9 of 19:
    7   m 14 o
    8   m 15 o
>>> 9   m 20 n
    10   m 22 e
    11   m 23 o


Turn 324
================================================================
warning: entity 37 was directed to use 4 halite to move east, but only 2 halite was available
At command 15 of 15:
    13   m 35 o
    14   m 36 w
>>> 15   m 37 e


Turn 326
================================================================
warning: entity 4 was directed to use 1 halite to move north, but only 0 halite was available
At command 2 of 18:
    1   m 0 e
>>> 2   m 4 n
    3   m 6 w
    4   m 11 s

warning: entity 36 was directed to use 1 halite to move west, but only 0 halite was available
At command 17 of 18:
    15   m 34 o
    16   m 35 o
>>> 17   m 36 w
    18   m 37 e


Turn 328
================================================================
warning: entity 4 was directed to use 4 halite to move north, but only 3 halite was available
At command 2 of 18:
    1   m 0 o
>>> 2   m 4 n
    3   m 6 w
    4   m 11 s


Turn 329
================================================================
warning: entity 20 was directed to use 3 halite to move north, but only 0 halite was available
At command 8 of 16:
    6   m 14 o
    7   m 15 o
>>> 8   m 20 n
    9   m 22 s
    10   m 23 s

warning: entity 37 was directed to use 4 halite to move east, but only 1 halite was available
At command 16 of 16:
    14   m 35 o
    15   m 36 w
>>> 16   m 37 e


Turn 332
================================================================
warning: entity 20 was directed to use 4 halite to move north, but only 3 halite was available
At command 9 of 18:
    7   m 14 o
    8   m 15 o
>>> 9   m 20 n
    10   m 22 w
    11   m 23 e

warning: entity 36 was directed to use 3 halite to move west, but only 1 halite was available
At command 17 of 18:
    15   m 34 w
    16   m 35 o
>>> 17   m 36 w
    18   m 37 o


Turn 334
================================================================
warning: entity 4 was directed to use 4 halite to move north, but only 2 halite was available
At command 2 of 17:
    1   m 0 o
>>> 2   m 4 n
    3   m 6 w
    4   m 11 s


Turn 337
================================================================
warning: entity 20 was directed to use 2 halite to move north, but only 1 halite was available
At command 9 of 18:
    7   m 14 e
    8   m 15 o
>>> 9   m 20 n
    10   m 22 w
    11   m 23 s


Turn 338
================================================================
warning: entity 4 was directed to use 5 halite to move north, but only 1 halite was available
At command 2 of 18:
    1   m 0 e
>>> 2   m 4 n
    3   m 6 w
    4   m 11 s


Turn 340
================================================================
warning: entity 13 was directed to use 4 halite to move north, but only 0 halite was available
At command 6 of 18:
    4   m 11 s
    5   m 12 s
>>> 6   m 13 n
    7   m 14 e
    8   m 15 s


Turn 341
================================================================
warning: entity 20 was directed to use 3 halite to move north, but only 1 halite was available
At command 9 of 17:
    7   m 14 e
    8   m 15 o
>>> 9   m 20 n
    10   m 22 e
    11   m 26 o

warning: entity 36 was directed to use 3 halite to move west, but only 0 halite was available
At command 16 of 17:
    14   m 34 o
    15   m 35 o
>>> 16   m 36 w
    17   m 37 o


Turn 342
================================================================
warning: entity 4 was directed to use 4 halite to move north, but only 3 halite was available
At command 2 of 18:
    1   m 0 o
>>> 2   m 4 n
    3   m 6 n
    4   m 11 o


Turn 343
================================================================
warning: entity 6 was directed to use 2 halite to move west, but only 0 halite was available
At command 3 of 16:
    1   m 0 o
    2   m 4 n
>>> 3   m 6 w
    4   m 11 w
    5   m 12 s


Turn 344
================================================================
warning: entity 23 was directed to use 2 halite to move west, but only 0 halite was available
At command 10 of 17:
    8   m 15 o
    9   m 22 s
>>> 10   m 23 w
    11   m 26 o
    12   m 29 s


Turn 345
================================================================
warning: entity 13 was directed to use 3 halite to move north, but only 0 halite was available
At command 6 of 17:
    4   m 11 w
    5   m 12 n
>>> 6   m 13 n
    7   m 14 e
    8   m 15 o


Turn 346
================================================================
warning: entity 4 was directed to use 4 halite to move north, but only 3 halite was available
At command 2 of 16:
    1   m 0 e
>>> 2   m 4 n
    3   m 6 n
    4   m 11 o


Turn 347
================================================================
warning: entity 6 was directed to use 1 halite to move north, but only 0 halite was available
At command 3 of 17:
    1   m 0 e
    2   m 4 n
>>> 3   m 6 n
    4   m 11 w
    5   m 12 s


Turn 348
================================================================
warning: entity 13 was directed to use 4 halite to move north, but only 3 halite was available
At command 6 of 17:
    4   m 11 w
    5   m 12 s
>>> 6   m 13 n
    7   m 14 o
    8   m 15 s

warning: entity 23 was directed to use 3 halite to move west, but only 2 halite was available
At command 10 of 17:
    8   m 15 s
    9   m 22 s
>>> 10   m 23 w
    11   m 26 o
    12   m 29 w


Turn 350
================================================================
warning: entity 6 was directed to use 2 halite to move north, but only 0 halite was available
At command 3 of 16:
    1   m 0 s
    2   m 4 o
>>> 3   m 6 n
    4   m 11 w
    5   m 13 n


Turn 353
================================================================
warning: entity 12 was directed to use 1 halite to move east, but only 0 halite was available
At command 5 of 17:
    3   m 6 s
    4   m 11 w
>>> 5   m 12 e
    6   m 13 n
    7   m 14 o

warning: entity 13 was directed to use 3 halite to move north, but only 1 halite was available
At command 6 of 17:
    4   m 11 w
    5   m 12 e
>>> 6   m 13 n
    7   m 14 o
    8   m 15 s

warning: entity 23 was directed to use 4 halite to move west, but only 2 halite was available
At command 10 of 17:
    8   m 15 s
    9   m 22 s
>>> 10   m 23 w
    11   m 26 o
    12   m 29 w


Turn 354
================================================================
warning: entity 6 was directed to use 3 halite to move west, but only 0 halite was available
At command 3 of 16:
    1   m 0 s
    2   m 4 o
>>> 3   m 6 w
    4   m 11 w
    5   m 12 e


Turn 356
================================================================
warning: entity 12 was directed to use 2 halite to move east, but only 1 halite was available
At command 5 of 17:
    3   m 6 n
    4   m 11 w
>>> 5   m 12 e
    6   m 13 n
    7   m 14 n

warning: entity 32 was directed to use 1 halite to move west, but only 0 halite was available
At command 13 of 17:
    11   m 26 o
    12   m 29 w
>>> 13   m 32 w
    14   m 34 n
    15   m 35 o


Turn 357
================================================================
warning: entity 6 was directed to use 4 halite to move west, but only 3 halite was available
At command 3 of 17:
    1   m 0 s
    2   m 4 e
>>> 3   m 6 w
    4   m 11 s
    5   m 12 e


Turn 358
================================================================
warning: entity 11 was directed to use 3 halite to move south, but only 0 halite was available
At command 4 of 17:
    2   m 4 o
    3   m 6 w
>>> 4   m 11 s
    5   m 12 e
    6   m 13 n

warning: entity 13 was directed to use 2 halite to move north, but only 1 halite was available
At command 6 of 17:
    4   m 11 s
    5   m 12 e
>>> 6   m 13 n
    7   m 14 o
    8   m 15 s


Turn 360
================================================================
warning: entity 12 was directed to use 3 halite to move east, but only 2 halite was available
At command 5 of 17:
    3   m 6 n
    4   m 11 s
>>> 5   m 12 e
    6   m 13 s
    7   m 14 n

warning: entity 23 was directed to use 4 halite to move west, but only 1 halite was available
At command 10 of 17:
    8   m 15 s
    9   m 22 s
>>> 10   m 23 w
    11   m 26 s
    12   m 29 e

warning: entity 32 was directed to use 2 halite to move west, but only 1 halite was available
At command 13 of 17:
    11   m 26 s
    12   m 29 e
>>> 13   m 32 w
    14   m 34 n
    15   m 35 s


Turn 361
================================================================
warning: entity 0 was directed to use 1 halite to move west, but only 0 halite was available
At command 1 of 17:
>>> 1   m 0 w
    2   m 4 e
    3   m 6 n


Turn 362
================================================================
warning: entity 13 was directed to use 4 halite to move north, but only 2 halite was available
At command 6 of 16:
    4   m 11 s
    5   m 12 e
>>> 6   m 13 n
    7   m 14 o
    8   m 15 s


Turn 364
================================================================
warning: entity 6 was directed to use 3 halite to move north, but only 2 halite was available
At command 3 of 14:
    1   m 0 w
    2   m 4 s
>>> 3   m 6 n
    4   m 11 o
    5   m 12 e

warning: entity 29 was directed to use 1 halite to move east, but only 0 halite was available
At command 10 of 14:
    8   m 23 o
    9   m 26 e
>>> 10   m 29 e
    11   m 32 w
    12   m 35 e

warning: entity 32 was directed to use 3 halite to move west, but only 2 halite was available
At command 11 of 14:
    9   m 26 e
    10   m 29 e
>>> 11   m 32 w
    12   m 35 e
    13   m 36 n


Turn 366
================================================================
warning: entity 0 was directed to use 3 halite to move west, but only 0 halite was available
At command 1 of 16:
>>> 1   m 0 w
    2   m 4 s
    3   m 6 n

warning: entity 12 was directed to use 1 halite to move east, but only 0 halite was available
At command 5 of 16:
    3   m 6 n
    4   m 11 o
>>> 5   m 12 e
    6   m 14 n
    7   m 15 o


Turn 368
================================================================
warning: entity 22 was directed to use 3 halite to move west, but only 0 halite was available
At command 8 of 16:
    6   m 14 n
    7   m 15 w
>>> 8   m 22 w
    9   m 23 o
    10   m 26 e

warning: entity 29 was directed to use 1 halite to move east, but only 0 halite was available
At command 11 of 16:
    9   m 23 o
    10   m 26 e
>>> 11   m 29 e
    12   m 32 w
    13   m 34 e


Turn 369
================================================================
warning: entity 6 was directed to use 2 halite to move west, but only 0 halite was available
At command 3 of 16:
    1   m 0 w
    2   m 4 s
>>> 3   m 6 w
    4   m 11 o
    5   m 12 e

warning: entity 12 was directed to use 3 halite to move east, but only 0 halite was available
At command 5 of 16:
    3   m 6 w
    4   m 11 o
>>> 5   m 12 e
    6   m 14 n
    7   m 15 w

warning: entity 34 was directed to use 1 halite to move east, but only 0 halite was available
At command 13 of 16:
    11   m 29 s
    12   m 32 w
>>> 13   m 34 e
    14   m 35 s
    15   m 36 e


Turn 371
================================================================
warning: entity 32 was directed to use 3 halite to move west, but only 1 halite was available
At command 12 of 16:
    10   m 26 e
    11   m 29 o
>>> 12   m 32 w
    13   m 34 s
    14   m 35 s


Turn 372
================================================================
warning: entity 0 was directed to use 1 halite to move west, but only 0 halite was available
At command 1 of 16:
>>> 1   m 0 w
    2   m 4 s
    3   m 6 n

warning: entity 34 was directed to use 4 halite to move south, but only 2 halite was available
At command 13 of 16:
    11   m 29 e
    12   m 32 w
>>> 13   m 34 s
    14   m 35 s
    15   m 36 e


Turn 373
================================================================
warning: entity 12 was directed to use 4 halite to move east, but only 0 halite was available
At command 5 of 16:
    3   m 6 n
    4   m 11 o
>>> 5   m 12 e
    6   m 14 e
    7   m 15 w

warning: entity 14 was directed to use 3 halite to move east, but only 0 halite was available
At command 6 of 16:
    4   m 11 o
    5   m 12 e
>>> 6   m 14 e
    7   m 15 w
    8   m 22 w


Turn 374
================================================================
warning: entity 6 was directed to use 3 halite to move north, but only 0 halite was available
At command 3 of 16:
    1   m 0 w
    2   m 4 s
>>> 3   m 6 n
    4   m 11 o
    5   m 12 e

warning: entity 22 was directed to use 3 halite to move west, but only 1 halite was available
At command 8 of 16:
    6   m 14 e
    7   m 15 w
>>> 8   m 22 w
    9   m 23 e
    10   m 26 o


Turn 375
================================================================
warning: entity 32 was directed to use 2 halite to move north, but only 0 halite was available
At command 12 of 16:
    10   m 26 e
    11   m 29 o
>>> 12   m 32 n
    13   m 34 s
    14   m 35 s


Turn 376
================================================================
warning: entity 0 was directed to use 2 halite to move west, but only 0 halite was available
At command 1 of 16:
>>> 1   m 0 w
    2   m 4 s
    3   m 6 n


Turn 377
================================================================
warning: entity 12 was directed to use 4 halite to move east, but only 3 halite was available
At command 5 of 16:
    3   m 6 n
    4   m 11 s
>>> 5   m 12 e
    6   m 14 e
    7   m 15 w


Turn 379
================================================================
warning: entity 0 was directed to use 4 halite to move west, but only 2 halite was available
At command 1 of 14:
>>> 1   m 0 w
    2   m 4 o
    3   m 6 o

warning: entity 14 was directed to use 3 halite to move east, but only 0 halite was available
At command 6 of 14:
    4   m 11 s
    5   m 12 o
>>> 6   m 14 e
    7   m 15 n
    8   m 23 e


Turn 382
================================================================
warning: entity 15 was directed to use 2 halite to move north, but only 0 halite was available
At command 7 of 14:
    5   m 12 s
    6   m 14 e
>>> 7   m 15 n
    8   m 23 e
    9   m 26 o


Turn 383
================================================================
warning: entity 35 was directed to use 2 halite to move west, but only 0 halite was available
At command 11 of 13:
    9   m 29 s
    10   m 34 o
>>> 11   m 35 w
    12   m 36 e
    13   m 37 e


Turn 385
================================================================
warning: entity 14 was directed to use 4 halite to move east, but only 0 halite was available
At command 6 of 14:
    4   m 11 s
    5   m 12 s
>>> 6   m 14 e
    7   m 15 n
    8   m 23 e


Turn 386
================================================================
warning: entity 0 was directed to use 4 halite to move east, but only 0 halite was available
At command 1 of 14:
>>> 1   m 0 e
    2   m 4 n
    3   m 6 o

warning: entity 4 was directed to use 2 halite to move north, but only 0 halite was available
At command 2 of 14:
    1   m 0 e
>>> 2   m 4 n
    3   m 6 o
    4   m 11 o

warning: entity 15 was directed to use 3 halite to move north, but only 1 halite was available
At command 7 of 14:
    5   m 12 s
    6   m 14 e
>>> 7   m 15 n
    8   m 23 e
    9   m 26 o


Turn 388
================================================================
warning: entity 35 was directed to use 2 halite to move west, but only 1 halite was available
At command 11 of 13:
    9   m 29 s
    10   m 34 o
>>> 11   m 35 w
    12   m 36 s
    13   m 37 e

warning: entity 37 was directed to use 2 halite to move east, but only 0 halite was available
At command 13 of 13:
    11   m 35 w
    12   m 36 s
>>> 13   m 37 e


Turn 389
================================================================
warning: entity 14 was directed to use 4 halite to move south, but only 3 halite was available
At command 5 of 13:
    3   m 11 o
    4   m 12 o
>>> 5   m 14 s
    6   m 15 n
    7   m 23 e


Turn 390
================================================================
warning: entity 15 was directed to use 3 halite to move north, but only 1 halite was available
At command 6 of 13:
    4   m 12 s
    5   m 14 s
>>> 6   m 15 n
    7   m 23 e
    8   m 26 o


Turn 395
================================================================
warning: entity 15 was directed to use 2 halite to move north, but only 1 halite was available
At command 6 of 13:
    4   m 12 o
    5   m 14 o
>>> 6   m 15 n
    7   m 23 n
    8   m 26 n

warning: entity 35 was directed to use 1 halite to move east, but only 0 halite was available
At command 11 of 13:
    9   m 29 o
    10   m 34 s
>>> 11   m 35 e
    12   m 36 s
    13   m 37 e


Turn 396
================================================================
warning: entity 4 was directed to use 3 halite to move north, but only 1 halite was available
At command 2 of 13:
    1   m 0 e
>>> 2   m 4 n
    3   m 11 n
    4   m 12 o

warning: entity 23 was directed to use 2 halite to move north, but only 0 halite was available
At command 7 of 13:
    5   m 14 o
    6   m 15 n
>>> 7   m 23 n
    8   m 26 n
    9   m 29 w

warning: entity 37 was directed to use 3 halite to move east, but only 2 halite was available
At command 13 of 13:
    11   m 35 e
    12   m 36 s
>>> 13   m 37 e


Turn 397
================================================================
warning: owned entities 0, 36 collided on cell (20, 18) as the result of moves on this turn
At command 1 of 13:
>>> 1   m 0 e
    2   m 4 n
    3   m 11 n

Other commands that placed an entity on this cell:
    10   m 34 o
    11   m 35 e
>>> 12   m 36 w
    13   m 37 e


Turn 398
================================================================
warning: entity 35 was directed to use 3 halite to move east, but only 1 halite was available
At command 10 of 11:
    8   m 29 w
    9   m 34 o
>>> 10   m 35 e
    11   m 37 e


Turn 399
================================================================
warning: entity 23 was directed to use 2 halite to move north, but only 1 halite was available
At command 6 of 11:
    4   m 14 o
    5   m 15 s
>>> 6   m 23 n
    7   m 26 n
    8   m 29 w


Turn 401
================================================================
warning: entity 4 was directed to use 2 halite to move south, but only 1 halite was available
At command 1 of 11:
>>> 1   m 4 s
    2   m 11 n
    3   m 12 w


Turn 403
================================================================
warning: entity 23 was directed to use 3 halite to move north, but only 0 halite was available
At command 6 of 11:
    4   m 14 o
    5   m 15 s
>>> 6   m 23 n
    7   m 26 n
    8   m 29 w


Turn 405
================================================================
warning: entity 35 was directed to use 1 halite to move north, but only 0 halite was available
At command 10 of 11:
    8   m 29 n
    9   m 34 w
>>> 10   m 35 n
    11   m 37 w


Turn 408
================================================================
warning: entity 23 was directed to use 1 halite to move south, but only 0 halite was available
At command 6 of 11:
    4   m 14 s
    5   m 15 s
>>> 6   m 23 s
    7   m 26 n
    8   m 29 n


Turn 410
================================================================
warning: entity 35 was directed to use 3 halite to move east, but only 0 halite was available
At command 9 of 10:
    7   m 29 n
    8   m 34 n
>>> 9   m 35 e
    10   m 37 w


Turn 412
================================================================
warning: entity 26 was directed to use 1 halite to move north, but only 0 halite was available
At command 5 of 9:
    3   m 14 w
    4   m 15 s
>>> 5   m 26 n
    6   m 29 n
    7   m 34 n

warning: owned entities 35, 23 collided on cell (20, 18) as the result of moves on this turn
At command 8 of 9:
    6   m 29 n
    7   m 34 n
>>> 8   m 35 e
    9   m 37 w


Turn 413
================================================================
warning: owned entities 4, 26 collided on cell (20, 18) as the result of moves on this turn
At command 1 of 9:
>>> 1   m 4 s
    2   m 11 w
    3   m 12 n

Other commands that placed an entity on this cell:
    4   m 14 w
    5   m 15 s
>>> 6   m 26 n
    7   m 29 n
    8   m 34 n


Turn 424
================================================================
warning: owned entities 34, 14 collided on cell (28, 20) as the result of moves on this turn
At command 5 of 6:
    3   m 15 e
    4   m 29 w
>>> 5   m 34 w
    6   m 37 n

