
Turn 3
================================================================
warning: entity 1 was directed to use 7 halite to move north, but only 0 halite was available
At command 1 of 1:
>>> 1   m 1 n


Turn 6
================================================================
warning: entity 1 was directed to use 7 halite to move north, but only 2 halite was available
At command 2 of 2:
    1   g
>>> 2   m 1 n


Turn 8
================================================================
warning: entity 2 was directed to use 4 halite to move north, but only 0 halite was available
At command 2 of 2:
    1   m 1 n
>>> 2   m 2 n


Turn 9
================================================================
warning: entity 1 was directed to use 19 halite to move north, but only 11 halite was available
At command 1 of 2:
>>> 1   m 1 n
    2   m 2 n


Turn 10
================================================================
warning: entity 2 was directed to use 12 halite to move north, but only 9 halite was available
At command 2 of 2:
    1   m 1 n
>>> 2   m 2 n


Turn 15
================================================================
warning: entity 2 was directed to use 20 halite to move north, but only 4 halite was available
At command 2 of 2:
    1   m 1 o
>>> 2   m 2 n


Turn 31
================================================================
warning: entity 1 was directed to use 3 halite to move east, but only 0 halite was available
At command 1 of 2:
>>> 1   m 1 e
    2   m 2 w


Turn 35
================================================================
warning: entity 1 was directed to use 14 halite to move north, but only 0 halite was available
At command 1 of 2:
>>> 1   m 1 n
    2   m 2 s


Turn 38
================================================================
warning: entity 1 was directed to use 11 halite to move north, but only 10 halite was available
At command 1 of 2:
>>> 1   m 1 n
    2   m 2 n

warning: entity 2 was directed to use 5 halite to move north, but only 0 halite was available
At command 2 of 2:
    1   m 1 n
>>> 2   m 2 n


Turn 40
================================================================
warning: entity 2 was directed to use 16 halite to move north, but only 10 halite was available
At command 2 of 2:
    1   m 1 n
>>> 2   m 2 n


Turn 45
================================================================
warning: entity 2 was directed to use 10 halite to move north, but only 3 halite was available
At command 2 of 2:
    1   m 1 o
>>> 2   m 2 n


Turn 64
================================================================
warning: entity 1 was directed to use 4 halite to move north, but only 0 halite was available
At command 1 of 2:
>>> 1   m 1 n
    2   m 2 s


Turn 66
================================================================
warning: entity 1 was directed to use 10 halite to move north, but only 9 halite was available
At command 1 of 2:
>>> 1   m 1 n
    2   m 2 s


Turn 70
================================================================
warning: entity 2 was directed to use 4 halite to move east, but only 0 halite was available
At command 2 of 2:
    1   m 1 n
>>> 2   m 2 e


Turn 71
================================================================
warning: entity 1 was directed to use 17 halite to move north, but only 10 halite was available
At command 1 of 2:
>>> 1   m 1 n
    2   m 2 n


Turn 72
================================================================
warning: entity 2 was directed to use 12 halite to move north, but only 8 halite was available
At command 2 of 2:
    1   m 1 n
>>> 2   m 2 n


Turn 76
================================================================
warning: entity 2 was directed to use 16 halite to move north, but only 4 halite was available
At command 2 of 2:
    1   m 1 o
>>> 2   m 2 n


Turn 79
================================================================
warning: entity 2 was directed to use 26 halite to move north, but only 9 halite was available
At command 2 of 2:
    1   m 1 o
>>> 2   m 2 n


Turn 96
================================================================
warning: entity 1 was directed to use 3 halite to move north, but only 0 halite was available
At command 1 of 2:
>>> 1   m 1 n
    2   m 2 s


Turn 98
================================================================
warning: entity 1 was directed to use 9 halite to move north, but only 6 halite was available
At command 1 of 2:
>>> 1   m 1 n
    2   m 2 s


Turn 99
================================================================
warning: owned entities 1, 2 collided on cell (8, 13) as the result of moves on this turn
At command 1 of 2:
>>> 1   m 1 n
    2   m 2 s

Other commands that placed an entity on this cell:
    1   m 1 n
>>> 2   m 2 s


Turn 100
================================================================
error: unknown entity 2 was requested to move south
At command 2 of 2:
    1   g
>>> 2   m 2 s

