
Turn 161
================================================================
warning: entity 13 was directed to use 4 halite to move west, but only 0 halite was available
At command 2 of 4:
    1   m 11 o
>>> 2   m 13 w
    3   m 14 o
    4   g


Turn 163
================================================================
warning: entity 17 was directed to use 4 halite to move east, but only 0 halite was available
At command 4 of 4:
    2   m 13 n
    3   m 14 o
>>> 4   m 17 e


Turn 164
================================================================
warning: entity 13 was directed to use 4 halite to move north, but only 3 halite was available
At command 2 of 4:
    1   m 11 s
>>> 2   m 13 n
    3   m 14 o
    4   m 17 e


Turn 167
================================================================
warning: entity 11 was directed to use 3 halite to move north, but only 0 halite was available
At command 1 of 5:
>>> 1   m 11 n
    2   m 13 o
    3   m 14 e


Turn 170
================================================================
warning: entity 19 was directed to use 2 halite to move north, but only 0 halite was available
At command 5 of 5:
    3   m 14 o
    4   m 17 o
>>> 5   m 19 n


Turn 171
================================================================
warning: entity 11 was directed to use 3 halite to move north, but only 1 halite was available
At command 1 of 5:
>>> 1   m 11 n
    2   m 13 o
    3   m 14 o


Turn 174
================================================================
warning: entity 19 was directed to use 3 halite to move north, but only 0 halite was available
At command 4 of 4:
    2   m 13 e
    3   m 17 o
>>> 4   m 19 n


Turn 183
================================================================
warning: entity 14 was directed to use 1 halite to move east, but only 0 halite was available
At command 3 of 6:
    1   m 11 o
    2   m 13 o
>>> 3   m 14 e
    4   m 17 o
    5   m 19 o


Turn 185
================================================================
warning: entity 14 was directed to use 5 halite to move east, but only 4 halite was available
At command 3 of 6:
    1   m 11 o
    2   m 13 o
>>> 3   m 14 e
    4   m 17 o
    5   m 19 o


Turn 186
================================================================
warning: entity 23 was directed to use 1 halite to move north, but only 0 halite was available
At command 6 of 6:
    4   m 17 e
    5   m 19 o
>>> 6   m 23 n


Turn 189
================================================================
warning: entity 23 was directed to use 4 halite to move east, but only 2 halite was available
At command 6 of 6:
    4   m 17 o
    5   m 19 e
>>> 6   m 23 e


Turn 209
================================================================
warning: entity 17 was directed to use 5 halite to move north, but only 0 halite was available
At command 4 of 7:
    2   m 13 s
    3   m 14 o
>>> 4   m 17 n
    5   m 19 e
    6   m 23 n


Turn 213
================================================================
warning: entity 11 was directed to use 4 halite to move east, but only 0 halite was available
At command 1 of 7:
>>> 1   m 11 e
    2   m 13 s
    3   m 14 w


Turn 216
================================================================
warning: entity 23 was directed to use 2 halite to move south, but only 0 halite was available
At command 6 of 8:
    4   m 17 o
    5   m 19 o
>>> 6   m 23 s
    7   m 25 e
    8   g


Turn 217
================================================================
warning: entity 11 was directed to use 4 halite to move south, but only 0 halite was available
At command 1 of 8:
>>> 1   m 11 s
    2   m 13 s
    3   m 14 n


Turn 221
================================================================
warning: entity 28 was directed to use 2 halite to move east, but only 0 halite was available
At command 9 of 9:
    7   m 25 o
    8   m 27 s
>>> 9   m 28 e


Turn 222
================================================================
warning: entity 27 was directed to use 3 halite to move west, but only 0 halite was available
At command 6 of 7:
    4   m 23 o
    5   m 25 o
>>> 6   m 27 w
    7   m 28 e


Turn 224
================================================================
warning: entity 14 was directed to use 1 halite to move west, but only 0 halite was available
At command 3 of 10:
    1   m 11 o
    2   m 13 o
>>> 3   m 14 w
    4   m 17 o
    5   m 19 w


Turn 226
================================================================
warning: entity 14 was directed to use 4 halite to move east, but only 3 halite was available
At command 3 of 9:
    1   m 11 w
    2   m 13 o
>>> 3   m 14 e
    4   m 19 s
    5   m 23 w

warning: entity 29 was directed to use 3 halite to move east, but only 0 halite was available
At command 9 of 9:
    7   m 27 o
    8   m 28 o
>>> 9   m 29 e


Turn 229
================================================================
warning: entity 29 was directed to use 3 halite to move east, but only 2 halite was available
At command 10 of 10:
    8   m 27 o
    9   m 28 o
>>> 10   m 29 e


Turn 233
================================================================
warning: entity 14 was directed to use 4 halite to move south, but only 1 halite was available
At command 3 of 10:
    1   m 11 o
    2   m 13 n
>>> 3   m 14 s
    4   m 17 s
    5   m 19 e


Turn 234
================================================================
warning: entity 19 was directed to use 2 halite to move north, but only 0 halite was available
At command 5 of 10:
    3   m 14 s
    4   m 17 s
>>> 5   m 19 n
    6   m 23 o
    7   m 25 s


Turn 238
================================================================
warning: entity 17 was directed to use 1 halite to move east, but only 0 halite was available
At command 4 of 11:
    2   m 13 s
    3   m 14 n
>>> 4   m 17 e
    5   m 19 n
    6   m 23 o

warning: entity 19 was directed to use 4 halite to move north, but only 0 halite was available
At command 5 of 11:
    3   m 14 n
    4   m 17 e
>>> 5   m 19 n
    6   m 23 o
    7   m 25 e


Turn 240
================================================================
warning: entity 33 was directed to use 2 halite to move south, but only 0 halite was available
At command 11 of 11:
    9   m 28 o
    10   m 29 o
>>> 11   m 33 s


Turn 242
================================================================
warning: entity 19 was directed to use 3 halite to move west, but only 1 halite was available
At command 5 of 11:
    3   m 14 e
    4   m 17 e
>>> 5   m 19 w
    6   m 23 e
    7   m 25 e


Turn 243
================================================================
warning: entity 33 was directed to use 4 halite to move south, but only 2 halite was available
At command 9 of 10:
    7   m 27 o
    8   m 28 o
>>> 9   m 33 s
    10   g


Turn 245
================================================================
warning: entity 13 was directed to use 2 halite to move north, but only 0 halite was available
At command 2 of 12:
    1   m 11 e
>>> 2   m 13 n
    3   m 14 o
    4   m 17 o

warning: entity 34 was directed to use 1 halite to move south, but only 0 halite was available
At command 12 of 12:
    10   m 29 w
    11   m 33 s
>>> 12   m 34 s


Turn 248
================================================================
warning: entity 34 was directed to use 1 halite to move north, but only 0 halite was available
At command 12 of 12:
    10   m 29 o
    11   m 33 o
>>> 12   m 34 n


Turn 249
================================================================
warning: entity 13 was directed to use 4 halite to move east, but only 1 halite was available
At command 2 of 11:
    1   m 11 o
>>> 2   m 13 e
    3   m 14 o
    4   m 17 o


Turn 250
================================================================
warning: entity 25 was directed to use 2 halite to move north, but only 0 halite was available
At command 7 of 12:
    5   m 19 o
    6   m 23 o
>>> 7   m 25 n
    8   m 27 e
    9   m 28 e


Turn 251
================================================================
warning: entity 34 was directed to use 4 halite to move east, but only 1 halite was available
At command 12 of 12:
    10   m 29 o
    11   m 33 o
>>> 12   m 34 e


Turn 253
================================================================
warning: entity 23 was directed to use 3 halite to move south, but only 0 halite was available
At command 5 of 11:
    3   m 17 w
    4   m 19 o
>>> 5   m 23 s
    6   m 25 n
    7   m 27 n


Turn 254
================================================================
warning: entity 25 was directed to use 3 halite to move west, but only 1 halite was available
At command 6 of 11:
    4   m 17 w
    5   m 23 s
>>> 6   m 25 w
    7   m 27 w
    8   m 28 n


Turn 257
================================================================
warning: entity 11 was directed to use 3 halite to move east, but only 0 halite was available
At command 1 of 13:
>>> 1   m 11 e
    2   m 13 o
    3   m 14 o


Turn 258
================================================================
warning: entity 35 was directed to use 1 halite to move south, but only 0 halite was available
At command 13 of 13:
    11   m 33 w
    12   m 34 o
>>> 13   m 35 s


Turn 260
================================================================
warning: entity 11 was directed to use 4 halite to move east, but only 3 halite was available
At command 1 of 13:
>>> 1   m 11 e
    2   m 13 o
    3   m 14 o


Turn 261
================================================================
warning: entity 35 was directed to use 3 halite to move south, but only 0 halite was available
At command 13 of 13:
    11   m 33 o
    12   m 34 o
>>> 13   m 35 s


Turn 262
================================================================
warning: entity 17 was directed to use 2 halite to move south, but only 0 halite was available
At command 3 of 11:
    1   m 11 o
    2   m 14 o
>>> 3   m 17 s
    4   m 23 w
    5   m 25 o


Turn 264
================================================================
warning: entity 23 was directed to use 4 halite to move west, but only 1 halite was available
At command 5 of 12:
    3   m 17 s
    4   m 19 n
>>> 5   m 23 w
    6   m 25 o
    7   m 27 e


Turn 266
================================================================
warning: entity 17 was directed to use 3 halite to move south, but only 1 halite was available
At command 4 of 12:
    2   m 13 s
    3   m 14 w
>>> 4   m 17 s
    5   m 19 n
    6   m 23 w


Turn 267
================================================================
warning: entity 19 was directed to use 1 halite to move south, but only 0 halite was available
At command 5 of 12:
    3   m 14 w
    4   m 17 s
>>> 5   m 19 s
    6   m 23 w
    7   m 27 n


Turn 270
================================================================
warning: entity 19 was directed to use 2 halite to move north, but only 1 halite was available
At command 5 of 12:
    3   m 14 e
    4   m 17 o
>>> 5   m 19 n
    6   m 23 o
    7   m 25 s


Turn 271
================================================================
warning: entity 27 was directed to use 2 halite to move north, but only 0 halite was available
At command 8 of 12:
    6   m 23 o
    7   m 25 s
>>> 8   m 27 n
    9   m 28 e
    10   m 29 w


Turn 273
================================================================
warning: entity 19 was directed to use 4 halite to move north, but only 2 halite was available
At command 4 of 12:
    2   m 14 w
    3   m 17 w
>>> 4   m 19 n
    5   m 23 o
    6   m 25 s


Turn 274
================================================================
warning: entity 28 was directed to use 2 halite to move east, but only 1 halite was available
At command 9 of 13:
    7   m 25 s
    8   m 27 n
>>> 9   m 28 e
    10   m 29 e
    11   m 33 n


Turn 275
================================================================
warning: entity 27 was directed to use 4 halite to move north, but only 0 halite was available
At command 8 of 13:
    6   m 23 o
    7   m 25 o
>>> 8   m 27 n
    9   m 28 e
    10   m 29 w


Turn 277
================================================================
warning: entity 13 was directed to use 1 halite to move south, but only 0 halite was available
At command 2 of 11:
    1   m 11 o
>>> 2   m 13 s
    3   m 14 w
    4   m 17 o

warning: entity 28 was directed to use 4 halite to move east, but only 2 halite was available
At command 7 of 11:
    5   m 19 o
    6   m 27 n
>>> 7   m 28 e
    8   m 29 w
    9   m 33 n


Turn 279
================================================================
warning: entity 27 was directed to use 2 halite to move west, but only 0 halite was available
At command 8 of 14:
    6   m 23 e
    7   m 25 n
>>> 8   m 27 w
    9   m 28 e
    10   m 29 n


Turn 281
================================================================
warning: entity 13 was directed to use 2 halite to move south, but only 0 halite was available
At command 2 of 14:
    1   m 11 o
>>> 2   m 13 s
    3   m 14 e
    4   m 17 o

warning: entity 25 was directed to use 1 halite to move north, but only 0 halite was available
At command 7 of 14:
    5   m 19 o
    6   m 23 e
>>> 7   m 25 n
    8   m 27 w
    9   m 28 e


Turn 283
================================================================
warning: entity 36 was directed to use 3 halite to move south, but only 0 halite was available
At command 13 of 13:
    11   m 34 n
    12   m 35 o
>>> 13   m 36 s


Turn 285
================================================================
warning: entity 25 was directed to use 1 halite to move north, but only 0 halite was available
At command 7 of 14:
    5   m 19 o
    6   m 23 e
>>> 7   m 25 n
    8   m 27 o
    9   m 28 o


Turn 287
================================================================
warning: entity 36 was directed to use 4 halite to move south, but only 2 halite was available
At command 13 of 13:
    11   m 34 s
    12   m 35 o
>>> 13   m 36 s


Turn 288
================================================================
warning: entity 14 was directed to use 2 halite to move south, but only 0 halite was available
At command 3 of 14:
    1   m 11 w
    2   m 13 w
>>> 3   m 14 s
    4   m 17 o
    5   m 19 o


Turn 291
================================================================
warning: entity 36 was directed to use 4 halite to move east, but only 3 halite was available
At command 12 of 12:
    10   m 34 s
    11   m 35 o
>>> 12   m 36 e


Turn 293
================================================================
warning: entity 14 was directed to use 4 halite to move west, but only 0 halite was available
At command 3 of 14:
    1   m 11 o
    2   m 13 o
>>> 3   m 14 w
    4   m 17 s
    5   m 19 o

warning: entity 29 was directed to use 1 halite to move north, but only 0 halite was available
At command 10 of 14:
    8   m 27 o
    9   m 28 w
>>> 10   m 29 n
    11   m 33 s
    12   m 34 o


Turn 294
================================================================
warning: entity 23 was directed to use 2 halite to move south, but only 0 halite was available
At command 6 of 13:
    4   m 17 o
    5   m 19 o
>>> 6   m 23 s
    7   m 25 o
    8   m 27 o


Turn 297
================================================================
warning: entity 23 was directed to use 5 halite to move south, but only 3 halite was available
At command 6 of 12:
    4   m 17 o
    5   m 19 o
>>> 6   m 23 s
    7   m 25 e
    8   m 28 w

warning: entity 29 was directed to use 4 halite to move north, but only 0 halite was available
At command 9 of 12:
    7   m 25 e
    8   m 28 w
>>> 9   m 29 n
    10   m 33 n
    11   m 34 n


Turn 300
================================================================
warning: entity 33 was directed to use 1 halite to move north, but only 0 halite was available
At command 11 of 14:
    9   m 28 s
    10   m 29 o
>>> 11   m 33 n
    12   m 34 o
    13   m 35 e


Turn 302
================================================================
warning: entity 11 was directed to use 2 halite to move south, but only 0 halite was available
At command 1 of 14:
>>> 1   m 11 s
    2   m 13 n
    3   m 14 o


Turn 304
================================================================
warning: entity 23 was directed to use 1 halite to move west, but only 0 halite was available
At command 6 of 14:
    4   m 17 o
    5   m 19 s
>>> 6   m 23 w
    7   m 25 o
    8   m 27 s

warning: entity 33 was directed to use 3 halite to move north, but only 1 halite was available
At command 11 of 14:
    9   m 28 n
    10   m 29 o
>>> 11   m 33 n
    12   m 34 n
    13   m 35 e


Turn 307
================================================================
warning: entity 28 was directed to use 2 halite to move north, but only 0 halite was available
At command 9 of 14:
    7   m 25 o
    8   m 27 s
>>> 9   m 28 n
    10   m 29 s
    11   m 33 n

warning: entity 33 was directed to use 4 halite to move north, but only 3 halite was available
At command 11 of 14:
    9   m 28 n
    10   m 29 s
>>> 11   m 33 n
    12   m 34 o
    13   m 35 o


Turn 312
================================================================
warning: entity 28 was directed to use 4 halite to move north, but only 0 halite was available
At command 8 of 13:
    6   m 25 w
    7   m 27 s
>>> 8   m 28 n
    9   m 29 s
    10   m 33 o


Turn 313
================================================================
warning: entity 27 was directed to use 1 halite to move south, but only 0 halite was available
At command 8 of 14:
    6   m 23 w
    7   m 25 s
>>> 8   m 27 s
    9   m 28 n
    10   m 29 o


Turn 316
================================================================
warning: entity 19 was directed to use 1 halite to move south, but only 0 halite was available
At command 5 of 14:
    3   m 14 o
    4   m 17 o
>>> 5   m 19 s
    6   m 23 o
    7   m 25 s

warning: entity 27 was directed to use 3 halite to move west, but only 2 halite was available
At command 8 of 14:
    6   m 23 o
    7   m 25 s
>>> 8   m 27 w
    9   m 28 e
    10   m 29 s

warning: entity 28 was directed to use 2 halite to move east, but only 1 halite was available
At command 9 of 14:
    7   m 25 s
    8   m 27 w
>>> 9   m 28 e
    10   m 29 s
    11   m 33 e


Turn 319
================================================================
warning: entity 19 was directed to use 2 halite to move south, but only 1 halite was available
At command 4 of 13:
    2   m 13 n
    3   m 17 o
>>> 4   m 19 s
    5   m 23 w
    6   m 25 s

warning: entity 29 was directed to use 2 halite to move south, but only 0 halite was available
At command 9 of 13:
    7   m 27 w
    8   m 28 e
>>> 9   m 29 s
    10   m 33 o
    11   m 34 s


Turn 321
================================================================
warning: entity 34 was directed to use 1 halite to move north, but only 0 halite was available
At command 11 of 13:
    9   m 29 s
    10   m 33 o
>>> 11   m 34 n
    12   m 35 w
    13   m 36 n


Turn 322
================================================================
warning: entity 27 was directed to use 3 halite to move west, but only 2 halite was available
At command 8 of 14:
    6   m 23 o
    7   m 25 n
>>> 8   m 27 w
    9   m 28 o
    10   m 29 s


Turn 323
================================================================
warning: entity 29 was directed to use 4 halite to move north, but only 2 halite was available
At command 10 of 14:
    8   m 27 w
    9   m 28 o
>>> 10   m 29 n
    11   m 33 e
    12   m 34 n


Turn 326
================================================================
warning: entity 34 was directed to use 3 halite to move north, but only 2 halite was available
At command 12 of 14:
    10   m 29 o
    11   m 33 o
>>> 12   m 34 n
    13   m 35 e
    14   m 36 n


Turn 327
================================================================
warning: entity 25 was directed to use 2 halite to move north, but only 0 halite was available
At command 7 of 14:
    5   m 19 o
    6   m 23 o
>>> 7   m 25 n
    8   m 27 o
    9   m 28 o


Turn 332
================================================================
warning: entity 25 was directed to use 1 halite to move east, but only 0 halite was available
At command 7 of 14:
    5   m 19 s
    6   m 23 e
>>> 7   m 25 e
    8   m 27 o
    9   m 28 e

warning: entity 34 was directed to use 1 halite to move north, but only 0 halite was available
At command 12 of 14:
    10   m 29 w
    11   m 33 o
>>> 12   m 34 n
    13   m 35 s
    14   m 36 e


Turn 333
================================================================
warning: entity 13 was directed to use 2 halite to move south, but only 0 halite was available
At command 2 of 13:
    1   m 11 n
>>> 2   m 13 s
    3   m 14 n
    4   m 17 o


Turn 335
================================================================
warning: entity 25 was directed to use 4 halite to move north, but only 0 halite was available
At command 7 of 13:
    5   m 19 o
    6   m 23 e
>>> 7   m 25 n
    8   m 27 o
    9   m 28 o

warning: entity 34 was directed to use 1 halite to move east, but only 0 halite was available
At command 12 of 13:
    10   m 29 o
    11   m 33 o
>>> 12   m 34 e
    13   m 36 n


Turn 336
================================================================
warning: entity 13 was directed to use 5 halite to move south, but only 3 halite was available
At command 2 of 13:
    1   m 11 n
>>> 2   m 13 s
    3   m 14 o
    4   m 17 n


Turn 338
================================================================
warning: entity 34 was directed to use 5 halite to move east, but only 2 halite was available
At command 12 of 13:
    10   m 29 w
    11   m 33 o
>>> 12   m 34 e
    13   m 36 o


Turn 342
================================================================
warning: entity 34 was directed to use 5 halite to move east, but only 4 halite was available
At command 12 of 13:
    10   m 29 o
    11   m 33 o
>>> 12   m 34 e
    13   m 36 o


Turn 343
================================================================
warning: entity 14 was directed to use 1 halite to move south, but only 0 halite was available
At command 3 of 13:
    1   m 11 e
    2   m 13 o
>>> 3   m 14 s
    4   m 17 s
    5   m 19 o


Turn 356
================================================================
warning: entity 11 was directed to use 2 halite to move south, but only 0 halite was available
At command 1 of 13:
>>> 1   m 11 s
    2   m 13 o
    3   m 14 o


Turn 360
================================================================
warning: entity 36 was directed to use 2 halite to move south, but only 1 halite was available
At command 13 of 13:
    11   m 33 w
    12   m 34 o
>>> 13   m 36 s


Turn 362
================================================================
warning: entity 14 was directed to use 1 halite to move south, but only 0 halite was available
At command 3 of 13:
    1   m 11 w
    2   m 13 o
>>> 3   m 14 s
    4   m 17 e
    5   m 19 o


Turn 365
================================================================
warning: entity 36 was directed to use 2 halite to move south, but only 0 halite was available
At command 13 of 13:
    11   m 33 o
    12   m 34 o
>>> 13   m 36 s


Turn 367
================================================================
warning: entity 11 was directed to use 3 halite to move west, but only 0 halite was available
At command 1 of 13:
>>> 1   m 11 w
    2   m 13 w
    3   m 14 s


Turn 368
================================================================
warning: entity 36 was directed to use 4 halite to move west, but only 2 halite was available
At command 13 of 13:
    11   m 33 e
    12   m 34 w
>>> 13   m 36 w


Turn 370
================================================================
warning: entity 14 was directed to use 3 halite to move south, but only 2 halite was available
At command 3 of 13:
    1   m 11 w
    2   m 13 o
>>> 3   m 14 s
    4   m 17 n
    5   m 19 w


Turn 373
================================================================
warning: entity 28 was directed to use 2 halite to move south, but only 0 halite was available
At command 8 of 12:
    6   m 25 w
    7   m 27 n
>>> 8   m 28 s
    9   m 29 e
    10   m 33 n

warning: entity 36 was directed to use 1 halite to move west, but only 0 halite was available
At command 12 of 12:
    10   m 33 n
    11   m 34 w
>>> 12   m 36 w


Turn 375
================================================================
warning: entity 33 was directed to use 2 halite to move north, but only 0 halite was available
At command 11 of 13:
    9   m 28 s
    10   m 29 e
>>> 11   m 33 n
    12   m 34 e
    13   m 36 o


Turn 377
================================================================
warning: entity 28 was directed to use 4 halite to move south, but only 1 halite was available
At command 9 of 13:
    7   m 25 w
    8   m 27 e
>>> 9   m 28 s
    10   m 29 e
    11   m 33 o


Turn 379
================================================================
warning: entity 17 was directed to use 1 halite to move north, but only 0 halite was available
At command 4 of 13:
    2   m 13 o
    3   m 14 o
>>> 4   m 17 n
    5   m 19 n
    6   m 23 s


Turn 382
================================================================
warning: entity 28 was directed to use 4 halite to move east, but only 3 halite was available
At command 9 of 13:
    7   m 25 e
    8   m 27 s
>>> 9   m 28 e
    10   m 29 w
    11   m 33 o


Turn 385
================================================================
warning: entity 17 was directed to use 4 halite to move south, but only 0 halite was available
At command 4 of 13:
    2   m 13 e
    3   m 14 o
>>> 4   m 17 s
    5   m 19 n
    6   m 23 s

warning: entity 27 was directed to use 2 halite to move south, but only 0 halite was available
At command 8 of 13:
    6   m 23 s
    7   m 25 o
>>> 8   m 27 s
    9   m 28 w
    10   m 29 e


Turn 386
================================================================
warning: entity 23 was directed to use 3 halite to move south, but only 1 halite was available
At command 6 of 13:
    4   m 17 s
    5   m 19 n
>>> 6   m 23 s
    7   m 25 o
    8   m 27 s


Turn 389
================================================================
warning: entity 17 was directed to use 3 halite to move south, but only 1 halite was available
At command 4 of 12:
    2   m 13 n
    3   m 14 w
>>> 4   m 17 s
    5   m 23 s
    6   m 25 w


Turn 390
================================================================
warning: entity 23 was directed to use 4 halite to move south, but only 1 halite was available
At command 5 of 12:
    3   m 17 s
    4   m 19 o
>>> 5   m 23 s
    6   m 25 s
    7   m 27 w


Turn 391
================================================================
warning: entity 27 was directed to use 3 halite to move west, but only 1 halite was available
At command 8 of 13:
    6   m 23 s
    7   m 25 w
>>> 8   m 27 w
    9   m 28 o
    10   m 29 e


Turn 395
================================================================
warning: entity 27 was directed to use 4 halite to move west, but only 3 halite was available
At command 8 of 12:
    6   m 23 w
    7   m 25 s
>>> 8   m 27 w
    9   m 28 o
    10   m 33 o


Turn 396
================================================================
warning: entity 19 was directed to use 1 halite to move south, but only 0 halite was available
At command 5 of 13:
    3   m 14 w
    4   m 17 o
>>> 5   m 19 s
    6   m 23 w
    7   m 25 s


Turn 399
================================================================
warning: entity 27 was directed to use 5 halite to move west, but only 2 halite was available
At command 8 of 13:
    6   m 23 e
    7   m 25 e
>>> 8   m 27 w
    9   m 28 w
    10   m 29 s


Turn 400
================================================================
warning: entity 19 was directed to use 4 halite to move west, but only 2 halite was available
At command 4 of 12:
    2   m 14 o
    3   m 17 o
>>> 4   m 19 w
    5   m 23 w
    6   m 25 w

warning: entity 23 was directed to use 4 halite to move west, but only 0 halite was available
At command 5 of 12:
    3   m 17 o
    4   m 19 w
>>> 5   m 23 w
    6   m 25 w
    7   m 27 w


Turn 401
================================================================
warning: entity 29 was directed to use 1 halite to move south, but only 0 halite was available
At command 10 of 13:
    8   m 27 w
    9   m 28 o
>>> 10   m 29 s
    11   m 33 o
    12   m 34 s


Turn 404
================================================================
warning: entity 13 was directed to use 1 halite to move south, but only 0 halite was available
At command 2 of 13:
    1   m 11 n
>>> 2   m 13 s
    3   m 14 o
    4   m 17 o

warning: entity 19 was directed to use 4 halite to move west, but only 3 halite was available
At command 5 of 13:
    3   m 14 o
    4   m 17 o
>>> 5   m 19 w
    6   m 23 n
    7   m 25 o

warning: entity 23 was directed to use 4 halite to move north, but only 1 halite was available
At command 6 of 13:
    4   m 17 o
    5   m 19 w
>>> 6   m 23 n
    7   m 25 o
    8   m 27 o


Turn 406
================================================================
warning: entity 29 was directed to use 2 halite to move south, but only 0 halite was available
At command 10 of 13:
    8   m 27 o
    9   m 28 w
>>> 10   m 29 s
    11   m 33 o
    12   m 34 w


Turn 408
================================================================
warning: entity 23 was directed to use 4 halite to move west, but only 3 halite was available
At command 6 of 13:
    4   m 17 o
    5   m 19 o
>>> 6   m 23 w
    7   m 25 n
    8   m 27 o


Turn 409
================================================================
warning: entity 29 was directed to use 4 halite to move south, but only 1 halite was available
At command 10 of 13:
    8   m 27 w
    9   m 28 o
>>> 10   m 29 s
    11   m 33 o
    12   m 34 e


Turn 410
================================================================
warning: entity 13 was directed to use 2 halite to move west, but only 0 halite was available
At command 2 of 12:
    1   m 11 s
>>> 2   m 13 w
    3   m 14 o
    4   m 17 o

warning: entity 25 was directed to use 1 halite to move north, but only 0 halite was available
At command 7 of 12:
    5   m 19 w
    6   m 23 n
>>> 7   m 25 n
    8   m 27 o
    9   m 28 o


Turn 412
================================================================
warning: entity 23 was directed to use 4 halite to move north, but only 3 halite was available
At command 6 of 12:
    4   m 17 o
    5   m 19 w
>>> 6   m 23 n
    7   m 25 n
    8   m 27 o


Turn 413
================================================================
warning: entity 11 was directed to use 1 halite to move south, but only 0 halite was available
At command 1 of 13:
>>> 1   m 11 s
    2   m 13 w
    3   m 14 e

warning: entity 29 was directed to use 4 halite to move south, but only 3 halite was available
At command 10 of 13:
    8   m 27 o
    9   m 28 o
>>> 10   m 29 s
    11   m 33 o
    12   m 34 s


Turn 414
================================================================
warning: entity 25 was directed to use 4 halite to move north, but only 2 halite was available
At command 7 of 13:
    5   m 19 o
    6   m 23 s
>>> 7   m 25 n
    8   m 27 o
    9   m 28 n


Turn 415
================================================================
warning: entity 13 was directed to use 2 halite to move west, but only 1 halite was available
At command 2 of 13:
    1   m 11 w
>>> 2   m 13 w
    3   m 14 e
    4   m 17 o


Turn 418
================================================================
warning: entity 11 was directed to use 4 halite to move west, but only 0 halite was available
At command 1 of 13:
>>> 1   m 11 w
    2   m 13 w
    3   m 14 n

warning: entity 34 was directed to use 1 halite to move south, but only 0 halite was available
At command 12 of 13:
    10   m 29 o
    11   m 33 w
>>> 12   m 34 s
    13   m 36 e


Turn 419
================================================================
warning: entity 13 was directed to use 4 halite to move west, but only 3 halite was available
At command 2 of 13:
    1   m 11 w
>>> 2   m 13 w
    3   m 14 n
    4   m 17 o

warning: entity 25 was directed to use 4 halite to move west, but only 3 halite was available
At command 7 of 13:
    5   m 19 o
    6   m 23 o
>>> 7   m 25 w
    8   m 27 o
    9   m 28 n


Turn 421
================================================================
warning: entity 34 was directed to use 3 halite to move south, but only 1 halite was available
At command 10 of 11:
    8   m 28 e
    9   m 29 w
>>> 10   m 34 s
    11   m 36 e


Turn 422
================================================================
warning: entity 11 was directed to use 5 halite to move west, but only 1 halite was available
At command 1 of 13:
>>> 1   m 11 w
    2   m 13 w
    3   m 14 n


Turn 425
================================================================
warning: entity 34 was directed to use 2 halite to move south, but only 1 halite was available
At command 12 of 13:
    10   m 29 w
    11   m 33 e
>>> 12   m 34 s
    13   m 36 n


Turn 427
================================================================
warning: entity 11 was directed to use 4 halite to move west, but only 3 halite was available
At command 1 of 11:
>>> 1   m 11 w
    2   m 13 o
    3   m 14 n


Turn 429
================================================================
warning: entity 34 was directed to use 3 halite to move south, but only 1 halite was available
At command 12 of 13:
    10   m 29 o
    11   m 33 e
>>> 12   m 34 s
    13   m 36 s


Turn 432
================================================================
warning: entity 36 was directed to use 2 halite to move south, but only 0 halite was available
At command 11 of 11:
    9   m 33 s
    10   m 34 o
>>> 11   m 36 s


Turn 437
================================================================
warning: entity 36 was directed to use 3 halite to move west, but only 2 halite was available
At command 13 of 13:
    11   m 33 s
    12   m 34 o
>>> 13   m 36 w


Turn 440
================================================================
warning: entity 14 was directed to use 3 halite to move west, but only 0 halite was available
At command 3 of 13:
    1   m 11 o
    2   m 13 o
>>> 3   m 14 w
    4   m 17 s
    5   m 19 e


Turn 441
================================================================
warning: entity 28 was directed to use 1 halite to move south, but only 0 halite was available
At command 8 of 12:
    6   m 23 n
    7   m 25 o
>>> 8   m 28 s
    9   m 29 e
    10   m 33 s

warning: entity 36 was directed to use 3 halite to move east, but only 1 halite was available
At command 12 of 12:
    10   m 33 s
    11   m 34 o
>>> 12   m 36 e


Turn 446
================================================================
warning: entity 27 was directed to use 1 halite to move south, but only 0 halite was available
At command 7 of 12:
    5   m 19 n
    6   m 23 n
>>> 7   m 27 s
    8   m 28 s
    9   m 29 n

warning: entity 28 was directed to use 2 halite to move south, but only 1 halite was available
At command 8 of 12:
    6   m 23 n
    7   m 27 s
>>> 8   m 28 s
    9   m 29 n
    10   m 33 o


Turn 447
================================================================
warning: entity 14 was directed to use 3 halite to move east, but only 2 halite was available
At command 3 of 13:
    1   m 11 e
    2   m 13 o
>>> 3   m 14 e
    4   m 17 s
    5   m 19 s


Turn 451
================================================================
warning: entity 28 was directed to use 4 halite to move south, but only 1 halite was available
At command 9 of 13:
    7   m 25 e
    8   m 27 s
>>> 9   m 28 s
    10   m 29 s
    11   m 33 s


Turn 452
================================================================
warning: entity 14 was directed to use 4 halite to move west, but only 2 halite was available
At command 3 of 13:
    1   m 11 e
    2   m 13 e
>>> 3   m 14 w
    4   m 17 w
    5   m 19 o

warning: entity 27 was directed to use 4 halite to move south, but only 3 halite was available
At command 8 of 13:
    6   m 23 e
    7   m 25 e
>>> 8   m 27 s
    9   m 28 s
    10   m 29 s


Turn 453
================================================================
warning: entity 17 was directed to use 2 halite to move east, but only 0 halite was available
At command 4 of 13:
    2   m 13 e
    3   m 14 w
>>> 4   m 17 e
    5   m 19 n
    6   m 23 w


Turn 454
================================================================
warning: entity 33 was directed to use 1 halite to move south, but only 0 halite was available
At command 11 of 13:
    9   m 28 s
    10   m 29 s
>>> 11   m 33 s
    12   m 34 n
    13   m 36 e

warning: entity 36 was directed to use 1 halite to move east, but only 0 halite was available
At command 13 of 13:
    11   m 33 s
    12   m 34 n
>>> 13   m 36 e


Turn 456
================================================================
warning: entity 28 was directed to use 3 halite to move north, but only 0 halite was available
At command 9 of 13:
    7   m 25 s
    8   m 27 s
>>> 9   m 28 n
    10   m 29 n
    11   m 33 s

warning: entity 36 was directed to use 4 halite to move east, but only 3 halite was available
At command 13 of 13:
    11   m 33 s
    12   m 34 n
>>> 13   m 36 e


Turn 457
================================================================
warning: entity 14 was directed to use 2 halite to move east, but only 1 halite was available
At command 3 of 12:
    1   m 11 e
    2   m 13 o
>>> 3   m 14 e
    4   m 17 w
    5   m 23 n


Turn 458
================================================================
warning: entity 27 was directed to use 4 halite to move north, but only 2 halite was available
At command 8 of 13:
    6   m 23 n
    7   m 25 s
>>> 8   m 27 n
    9   m 28 e
    10   m 29 e


Turn 459
================================================================
warning: entity 17 was directed to use 3 halite to move west, but only 0 halite was available
At command 4 of 13:
    2   m 13 n
    3   m 14 e
>>> 4   m 17 w
    5   m 19 s
    6   m 23 e


Turn 461
================================================================
warning: entity 33 was directed to use 1 halite to move west, but only 0 halite was available
At command 11 of 13:
    9   m 28 n
    10   m 29 w
>>> 11   m 33 w
    12   m 34 n
    13   m 36 e


Turn 462
================================================================
warning: entity 19 was directed to use 1 halite to move south, but only 0 halite was available
At command 5 of 13:
    3   m 14 e
    4   m 17 e
>>> 5   m 19 s
    6   m 23 n
    7   m 25 s


Turn 463
================================================================
warning: entity 36 was directed to use 4 halite to move north, but only 0 halite was available
At command 13 of 13:
    11   m 33 n
    12   m 34 s
>>> 13   m 36 n


Turn 464
================================================================
warning: entity 14 was directed to use 2 halite to move east, but only 0 halite was available
At command 2 of 12:
    1   m 13 n
>>> 2   m 14 e
    3   m 17 e
    4   m 19 s

warning: entity 28 was directed to use 2 halite to move north, but only 1 halite was available
At command 8 of 12:
    6   m 25 s
    7   m 27 n
>>> 8   m 28 n
    9   m 29 w
    10   m 33 e

warning: entity 33 was directed to use 3 halite to move east, but only 2 halite was available
At command 10 of 12:
    8   m 28 n
    9   m 29 w
>>> 10   m 33 e
    11   m 34 s
    12   m 36 o

warning: owned entities 25, 11 collided on cell (14, 28) as the result of moves on this turn
At command 6 of 12:
    4   m 19 s
    5   m 23 e
>>> 6   m 25 s
    7   m 27 n
    8   m 28 n


Turn 469
================================================================
warning: entity 33 was directed to use 3 halite to move east, but only 0 halite was available
At command 9 of 11:
    7   m 28 n
    8   m 29 e
>>> 9   m 33 e
    10   m 34 w
    11   m 36 e


Turn 471
================================================================
warning: owned entities 27, 23 collided on cell (14, 28) as the result of moves on this turn
At command 6 of 11:
    4   m 19 n
    5   m 23 o
>>> 6   m 27 n
    7   m 28 s
    8   m 29 e

